[rospy.client][INFO] 2016-06-08 21:56:32,790: init_node, name[/arm_right/gazebo_services], pid[7900]
[xmlrpc][INFO] 2016-06-08 21:56:32,792: XML-RPC server binding to 0.0.0.0:0
[xmlrpc][INFO] 2016-06-08 21:56:32,792: Started XML-RPC server [http://cmeintel-desktop:46440/]
[rospy.init][INFO] 2016-06-08 21:56:32,792: ROS Slave URI: [http://cmeintel-desktop:46440/]
[rospy.impl.masterslave][INFO] 2016-06-08 21:56:32,792: _ready: http://cmeintel-desktop:46440/
[xmlrpc][INFO] 2016-06-08 21:56:32,793: xml rpc node: starting XML-RPC server
[rospy.registration][INFO] 2016-06-08 21:56:32,793: Registering with master node http://localhost:11311
[rospy.init][INFO] 2016-06-08 21:56:32,893: registered with master
[rospy.rosout][INFO] 2016-06-08 21:56:32,893: initializing /rosout core topic
[rospy.rosout][INFO] 2016-06-08 21:56:32,918: connected to core topic /rosout
[rospy.simtime][INFO] 2016-06-08 21:56:32,923: initializing /clock core topic
[rospy.simtime][INFO] 2016-06-08 21:56:32,938: connected to core topic /clock
[rosout][INFO] 2016-06-08 21:56:32,986: gazebo_services running
[rospy.internal][INFO] 2016-06-08 21:56:33,114: topic[/rosout] adding connection to [/rosout], count 0
[rospy.internal][INFO] 2016-06-08 21:56:33,922: topic[/clock] adding connection to [http://cmeintel-desktop:45183/], count 0
[rospy.core][INFO] 2016-06-08 21:58:15,383: signal_shutdown [signal-2]
[rospy.internal][INFO] 2016-06-08 21:58:15,386: topic[/rosout] removing connection to /rosout
[rospy.internal][INFO] 2016-06-08 21:58:15,386: topic[/clock] removing connection to http://cmeintel-desktop:45183/
[rospy.impl.masterslave][INFO] 2016-06-08 21:58:15,386: signal-2
[rospy.core][INFO] 2016-06-08 21:58:15,520: signal_shutdown [atexit]
