[rospy.client][INFO] 2016-06-08 21:56:32,727: init_node, name[/arm_left/gazebo_services], pid[7766]
[xmlrpc][INFO] 2016-06-08 21:56:32,730: XML-RPC server binding to 0.0.0.0:0
[xmlrpc][INFO] 2016-06-08 21:56:32,730: Started XML-RPC server [http://cmeintel-desktop:46486/]
[rospy.impl.masterslave][INFO] 2016-06-08 21:56:32,730: _ready: http://cmeintel-desktop:46486/
[rospy.init][INFO] 2016-06-08 21:56:32,730: ROS Slave URI: [http://cmeintel-desktop:46486/]
[rospy.registration][INFO] 2016-06-08 21:56:32,731: Registering with master node http://localhost:11311
[xmlrpc][INFO] 2016-06-08 21:56:32,731: xml rpc node: starting XML-RPC server
[rospy.init][INFO] 2016-06-08 21:56:32,830: registered with master
[rospy.rosout][INFO] 2016-06-08 21:56:32,831: initializing /rosout core topic
[rospy.rosout][INFO] 2016-06-08 21:56:32,844: connected to core topic /rosout
[rospy.simtime][INFO] 2016-06-08 21:56:32,854: initializing /clock core topic
[rospy.simtime][INFO] 2016-06-08 21:56:32,865: connected to core topic /clock
[rosout][INFO] 2016-06-08 21:56:32,927: gazebo_services running
[rospy.internal][INFO] 2016-06-08 21:56:33,010: topic[/rosout] adding connection to [/rosout], count 0
[rospy.internal][INFO] 2016-06-08 21:56:33,727: topic[/clock] adding connection to [http://cmeintel-desktop:45183/], count 0
[rospy.core][INFO] 2016-06-08 21:58:15,679: signal_shutdown [signal-2]
[rospy.internal][INFO] 2016-06-08 21:58:15,685: topic[/rosout] removing connection to /rosout
[rospy.internal][INFO] 2016-06-08 21:58:15,685: topic[/clock] removing connection to http://cmeintel-desktop:45183/
[rospy.impl.masterslave][INFO] 2016-06-08 21:58:15,685: signal-2
[rospy.core][INFO] 2016-06-08 21:58:15,801: signal_shutdown [atexit]
