[rospy.client][INFO] 2016-06-08 21:56:32,030: init_node, name[/base/gazebo_services], pid[7491]
[xmlrpc][INFO] 2016-06-08 21:56:32,030: XML-RPC server binding to 0.0.0.0:0
[xmlrpc][INFO] 2016-06-08 21:56:32,034: Started XML-RPC server [http://cmeintel-desktop:43823/]
[rospy.impl.masterslave][INFO] 2016-06-08 21:56:32,034: _ready: http://cmeintel-desktop:43823/
[rospy.init][INFO] 2016-06-08 21:56:32,035: ROS Slave URI: [http://cmeintel-desktop:43823/]
[rospy.registration][INFO] 2016-06-08 21:56:32,035: Registering with master node http://localhost:11311
[xmlrpc][INFO] 2016-06-08 21:56:32,035: xml rpc node: starting XML-RPC server
[rospy.init][INFO] 2016-06-08 21:56:32,135: registered with master
[rospy.rosout][INFO] 2016-06-08 21:56:32,135: initializing /rosout core topic
[rospy.rosout][INFO] 2016-06-08 21:56:33,140: connected to core topic /rosout
[rospy.simtime][INFO] 2016-06-08 21:56:33,156: initializing /clock core topic
[rospy.simtime][INFO] 2016-06-08 21:56:33,178: connected to core topic /clock
[rosout][INFO] 2016-06-08 21:56:33,233: gazebo_services running
[rospy.internal][INFO] 2016-06-08 21:56:33,447: topic[/rosout] adding connection to [/rosout], count 0
[rospy.internal][INFO] 2016-06-08 21:56:33,727: topic[/clock] adding connection to [http://cmeintel-desktop:45183/], count 0
[rospy.core][INFO] 2016-06-08 21:58:16,083: signal_shutdown [signal-2]
[rospy.internal][INFO] 2016-06-08 21:58:16,086: topic[/rosout] removing connection to /rosout
[rospy.internal][INFO] 2016-06-08 21:58:16,087: topic[/clock] removing connection to http://cmeintel-desktop:45183/
[rospy.impl.masterslave][INFO] 2016-06-08 21:58:16,087: signal-2
[rospy.core][INFO] 2016-06-08 21:58:16,194: signal_shutdown [atexit]
