[rospy.client][INFO] 2016-06-08 21:56:33,208: init_node, name[/dashboard_aggregator], pid[8130]
[xmlrpc][INFO] 2016-06-08 21:56:33,209: XML-RPC server binding to 0.0.0.0:0
[xmlrpc][INFO] 2016-06-08 21:56:33,210: Started XML-RPC server [http://cmeintel-desktop:36461/]
[rospy.init][INFO] 2016-06-08 21:56:33,211: ROS Slave URI: [http://cmeintel-desktop:36461/]
[rospy.impl.masterslave][INFO] 2016-06-08 21:56:33,211: _ready: http://cmeintel-desktop:36461/
[rospy.registration][INFO] 2016-06-08 21:56:33,211: Registering with master node http://localhost:11311
[xmlrpc][INFO] 2016-06-08 21:56:33,213: xml rpc node: starting XML-RPC server
[rospy.init][INFO] 2016-06-08 21:56:33,311: registered with master
[rospy.rosout][INFO] 2016-06-08 21:56:33,311: initializing /rosout core topic
[rospy.rosout][INFO] 2016-06-08 21:56:33,316: connected to core topic /rosout
[rospy.simtime][INFO] 2016-06-08 21:56:33,329: initializing /clock core topic
[rospy.simtime][INFO] 2016-06-08 21:56:33,340: connected to core topic /clock
[rospy.internal][INFO] 2016-06-08 21:56:33,552: topic[/rosout] adding connection to [/rosout], count 0
[rospy.internal][INFO] 2016-06-08 21:56:33,742: topic[/clock] adding connection to [http://cmeintel-desktop:45183/], count 0
[rospy.internal][INFO] 2016-06-08 21:56:34,857: topic[/emergency_stop_state] adding connection to [http://cmeintel-desktop:46042/], count 0
[rospy.internal][INFO] 2016-06-08 21:56:35,856: topic[/diagnostics_toplevel_state] adding connection to [http://cmeintel-desktop:37593/], count 0
[rospy.core][INFO] 2016-06-08 21:58:15,080: signal_shutdown [signal-2]
[rospy.internal][INFO] 2016-06-08 21:58:15,100: topic[/rosout] removing connection to /rosout
[rospy.internal][INFO] 2016-06-08 21:58:15,100: topic[/diagnostics_toplevel_state] removing connection to http://cmeintel-desktop:37593/
[rospy.internal][INFO] 2016-06-08 21:58:15,100: topic[/clock] removing connection to http://cmeintel-desktop:45183/
[rospy.internal][INFO] 2016-06-08 21:58:15,100: topic[/emergency_stop_state] removing connection to http://cmeintel-desktop:46042/
[rospy.impl.masterslave][INFO] 2016-06-08 21:58:15,100: signal-2
[rospy.core][INFO] 2016-06-08 21:58:15,715: signal_shutdown [atexit]
