[rospy.client][INFO] 2016-06-08 21:56:31,766: init_node, name[/elevator], pid[7474]
[xmlrpc][INFO] 2016-06-08 21:56:31,767: XML-RPC server binding to 0.0.0.0:0
[xmlrpc][INFO] 2016-06-08 21:56:31,767: Started XML-RPC server [http://cmeintel-desktop:39032/]
[rospy.impl.masterslave][INFO] 2016-06-08 21:56:31,767: _ready: http://cmeintel-desktop:39032/
[rospy.init][INFO] 2016-06-08 21:56:31,767: ROS Slave URI: [http://cmeintel-desktop:39032/]
[rospy.registration][INFO] 2016-06-08 21:56:31,768: Registering with master node http://localhost:11311
[xmlrpc][INFO] 2016-06-08 21:56:31,768: xml rpc node: starting XML-RPC server
[rospy.init][INFO] 2016-06-08 21:56:31,867: registered with master
[rospy.rosout][INFO] 2016-06-08 21:56:31,867: initializing /rosout core topic
[rospy.rosout][INFO] 2016-06-08 21:56:31,895: connected to core topic /rosout
[rospy.simtime][INFO] 2016-06-08 21:56:31,923: initializing /clock core topic
[rospy.simtime][INFO] 2016-06-08 21:56:31,966: connected to core topic /clock
[rospy.internal][INFO] 2016-06-08 21:56:32,119: topic[/rosout] adding connection to [/rosout], count 0
[rospy.internal][INFO] 2016-06-08 21:56:33,683: topic[/clock] adding connection to [http://cmeintel-desktop:45183/], count 0
[rospy.internal][INFO] 2016-06-08 21:56:35,648: topic[/elevator_button1_bumper] adding connection to [http://cmeintel-desktop:45183/], count 0
[rospy.core][INFO] 2016-06-08 21:58:16,284: signal_shutdown [signal-2]
[rospy.internal][INFO] 2016-06-08 21:58:16,289: topic[/rosout] removing connection to /rosout
[rospy.internal][INFO] 2016-06-08 21:58:16,289: topic[/clock] removing connection to http://cmeintel-desktop:45183/
[rospy.topics][ERROR] 2016-06-08 21:58:16,289: Traceback (most recent call last):
  File "/opt/ros/indigo/lib/python2.7/dist-packages/rospy/topics.py", line 307, in close
    c.close()
  File "/opt/ros/indigo/lib/python2.7/dist-packages/rospy/impl/tcpros_base.py", line 807, in close
    self.socket.close()
AttributeError: 'NoneType' object has no attribute 'close'

[rospy.internal][INFO] 2016-06-08 21:58:16,289: topic[/elevator_button1_bumper] removing connection to http://cmeintel-desktop:45183/
[rospy.impl.masterslave][INFO] 2016-06-08 21:58:16,289: signal-2
[rospy.internal][WARNING] 2016-06-08 21:58:16,290: Unknown error initiating TCP/IP socket to cmeintel-desktop:48187 (http://cmeintel-desktop:45183/): Traceback (most recent call last):
  File "/opt/ros/indigo/lib/python2.7/dist-packages/rospy/impl/tcpros_base.py", line 557, in connect
    self.read_header()
  File "/opt/ros/indigo/lib/python2.7/dist-packages/rospy/impl/tcpros_base.py", line 619, in read_header
    self._validate_header(read_ros_handshake_header(sock, self.read_buff, self.protocol.buff_size))
AttributeError: 'NoneType' object has no attribute 'buff_size'

[rospy.core][INFO] 2016-06-08 21:58:16,904: signal_shutdown [atexit]
