[rospy.client][INFO] 2016-06-08 21:56:32,853: init_node, name[/gripper_left/gazebo_services], pid[7992]
[xmlrpc][INFO] 2016-06-08 21:56:32,853: XML-RPC server binding to 0.0.0.0:0
[rospy.init][INFO] 2016-06-08 21:56:32,854: ROS Slave URI: [http://cmeintel-desktop:42659/]
[xmlrpc][INFO] 2016-06-08 21:56:32,854: Started XML-RPC server [http://cmeintel-desktop:42659/]
[rospy.impl.masterslave][INFO] 2016-06-08 21:56:32,854: _ready: http://cmeintel-desktop:42659/
[xmlrpc][INFO] 2016-06-08 21:56:32,854: xml rpc node: starting XML-RPC server
[rospy.registration][INFO] 2016-06-08 21:56:32,858: Registering with master node http://localhost:11311
[rospy.init][INFO] 2016-06-08 21:56:32,954: registered with master
[rospy.rosout][INFO] 2016-06-08 21:56:32,954: initializing /rosout core topic
[rospy.rosout][INFO] 2016-06-08 21:56:32,971: connected to core topic /rosout
[rospy.simtime][INFO] 2016-06-08 21:56:32,976: initializing /clock core topic
[rospy.simtime][INFO] 2016-06-08 21:56:32,988: connected to core topic /clock
[rosout][INFO] 2016-06-08 21:56:33,032: gazebo_services running
[rospy.internal][INFO] 2016-06-08 21:56:33,114: topic[/rosout] adding connection to [/rosout], count 0
[rospy.internal][INFO] 2016-06-08 21:56:33,687: topic[/clock] adding connection to [http://cmeintel-desktop:45183/], count 0
[rospy.core][INFO] 2016-06-08 21:58:15,083: signal_shutdown [signal-2]
[rospy.internal][INFO] 2016-06-08 21:58:15,113: topic[/rosout] removing connection to /rosout
[rospy.internal][INFO] 2016-06-08 21:58:15,113: topic[/clock] removing connection to http://cmeintel-desktop:45183/
[rospy.impl.masterslave][INFO] 2016-06-08 21:58:15,113: signal-2
[rospy.core][INFO] 2016-06-08 21:58:15,229: signal_shutdown [atexit]
