[rospy.client][INFO] 2016-06-08 21:56:32,965: init_node, name[/gripper_right/gazebo_services], pid[8010]
[xmlrpc][INFO] 2016-06-08 21:56:32,965: XML-RPC server binding to 0.0.0.0:0
[xmlrpc][INFO] 2016-06-08 21:56:32,966: Started XML-RPC server [http://cmeintel-desktop:32955/]
[rospy.init][INFO] 2016-06-08 21:56:32,966: ROS Slave URI: [http://cmeintel-desktop:32955/]
[rospy.impl.masterslave][INFO] 2016-06-08 21:56:32,966: _ready: http://cmeintel-desktop:32955/
[xmlrpc][INFO] 2016-06-08 21:56:32,966: xml rpc node: starting XML-RPC server
[rospy.registration][INFO] 2016-06-08 21:56:32,966: Registering with master node http://localhost:11311
[rospy.init][INFO] 2016-06-08 21:56:33,066: registered with master
[rospy.rosout][INFO] 2016-06-08 21:56:33,066: initializing /rosout core topic
[rospy.rosout][INFO] 2016-06-08 21:56:33,068: connected to core topic /rosout
[rospy.simtime][INFO] 2016-06-08 21:56:33,071: initializing /clock core topic
[rospy.simtime][INFO] 2016-06-08 21:56:33,087: connected to core topic /clock
[rosout][INFO] 2016-06-08 21:56:33,133: gazebo_services running
[rospy.internal][INFO] 2016-06-08 21:56:33,217: topic[/rosout] adding connection to [/rosout], count 0
[rospy.internal][INFO] 2016-06-08 21:56:33,697: topic[/clock] adding connection to [http://cmeintel-desktop:45183/], count 0
[rospy.core][INFO] 2016-06-08 21:58:15,082: signal_shutdown [signal-2]
[rospy.internal][INFO] 2016-06-08 21:58:15,099: topic[/rosout] removing connection to /rosout
[rospy.internal][INFO] 2016-06-08 21:58:15,099: topic[/clock] removing connection to http://cmeintel-desktop:45183/
[rospy.impl.masterslave][INFO] 2016-06-08 21:58:15,099: signal-2
[rospy.internal][WARNING] 2016-06-08 21:58:15,099: Unknown error initiating TCP/IP socket to cmeintel-desktop:48187 (http://cmeintel-desktop:45183/): Traceback (most recent call last):
  File "/opt/ros/indigo/lib/python2.7/dist-packages/rospy/impl/tcpros_base.py", line 558, in connect
    self.local_endpoint = self.socket.getsockname()
AttributeError: 'NoneType' object has no attribute 'getsockname'

[rospy.core][INFO] 2016-06-08 21:58:15,714: signal_shutdown [atexit]
