[rospy.client][INFO] 2016-06-08 21:56:32,100: init_node, name[/joint_state_publisher], pid[7490]
[xmlrpc][INFO] 2016-06-08 21:56:32,100: XML-RPC server binding to 0.0.0.0:0
[xmlrpc][INFO] 2016-06-08 21:56:32,101: Started XML-RPC server [http://cmeintel-desktop:37028/]
[rospy.impl.masterslave][INFO] 2016-06-08 21:56:32,101: _ready: http://cmeintel-desktop:37028/
[rospy.init][INFO] 2016-06-08 21:56:32,101: ROS Slave URI: [http://cmeintel-desktop:37028/]
[rospy.registration][INFO] 2016-06-08 21:56:32,101: Registering with master node http://localhost:11311
[xmlrpc][INFO] 2016-06-08 21:56:32,101: xml rpc node: starting XML-RPC server
[rospy.init][INFO] 2016-06-08 21:56:32,201: registered with master
[rospy.rosout][INFO] 2016-06-08 21:56:32,201: initializing /rosout core topic
[rospy.rosout][INFO] 2016-06-08 21:56:32,217: connected to core topic /rosout
[rospy.simtime][INFO] 2016-06-08 21:56:32,222: initializing /clock core topic
[rospy.simtime][INFO] 2016-06-08 21:56:32,280: connected to core topic /clock
[rospy.internal][INFO] 2016-06-08 21:56:32,346: topic[/rosout] adding connection to [/rosout], count 0
[rospy.internal][INFO] 2016-06-08 21:56:33,342: topic[/joint_states] adding connection to [/robot_state_publisher], count 0
[rospy.internal][INFO] 2016-06-08 21:56:33,677: topic[/clock] adding connection to [http://cmeintel-desktop:45183/], count 0
[rospy.internal][INFO] 2016-06-08 21:56:45,043: topic[/base/joint_states] adding connection to [http://cmeintel-desktop:45183/], count 0
[rospy.internal][INFO] 2016-06-08 21:56:45,207: topic[/sensorring/joint_states] adding connection to [http://cmeintel-desktop:45183/], count 0
[rospy.internal][INFO] 2016-06-08 21:56:45,322: topic[/torso/joint_states] adding connection to [http://cmeintel-desktop:45183/], count 0
[rospy.internal][INFO] 2016-06-08 21:56:45,585: topic[/arm_right/joint_states] adding connection to [http://cmeintel-desktop:45183/], count 0
[rospy.internal][INFO] 2016-06-08 21:56:45,699: topic[/arm_left/joint_states] adding connection to [http://cmeintel-desktop:45183/], count 0
[rospy.internal][INFO] 2016-06-08 21:56:46,014: topic[/gripper_right/joint_states] adding connection to [http://cmeintel-desktop:45183/], count 0
[rospy.internal][INFO] 2016-06-08 21:56:46,515: topic[/gripper_left/joint_states] adding connection to [http://cmeintel-desktop:45183/], count 0
[rospy.core][INFO] 2016-06-08 21:58:16,085: signal_shutdown [signal-2]
[rospy.internal][INFO] 2016-06-08 21:58:16,090: topic[/joint_states] removing connection to /robot_state_publisher
[rospy.internal][INFO] 2016-06-08 21:58:16,090: topic[/rosout] removing connection to /rosout
[rospy.internal][INFO] 2016-06-08 21:58:16,091: topic[/arm_right/joint_states] removing connection to http://cmeintel-desktop:45183/
[rospy.internal][INFO] 2016-06-08 21:58:16,091: topic[/torso/joint_states] removing connection to http://cmeintel-desktop:45183/
[rospy.internal][INFO] 2016-06-08 21:58:16,091: topic[/sensorring/joint_states] removing connection to http://cmeintel-desktop:45183/
[rospy.internal][INFO] 2016-06-08 21:58:16,091: topic[/clock] removing connection to http://cmeintel-desktop:45183/
[rospy.internal][INFO] 2016-06-08 21:58:16,091: topic[/base/joint_states] removing connection to http://cmeintel-desktop:45183/
[rospy.internal][INFO] 2016-06-08 21:58:16,091: topic[/gripper_left/joint_states] removing connection to http://cmeintel-desktop:45183/
[rospy.internal][INFO] 2016-06-08 21:58:16,092: topic[/arm_left/joint_states] removing connection to http://cmeintel-desktop:45183/
[rospy.internal][INFO] 2016-06-08 21:58:16,092: topic[/gripper_right/joint_states] removing connection to http://cmeintel-desktop:45183/
[rospy.impl.masterslave][INFO] 2016-06-08 21:58:16,092: signal-2
[rospy.internal][WARNING] 2016-06-08 21:58:16,101: Unknown error initiating TCP/IP socket to cmeintel-desktop:48187 (http://cmeintel-desktop:45183/): Traceback (most recent call last):
  File "/opt/ros/indigo/lib/python2.7/dist-packages/rospy/impl/tcpros_base.py", line 558, in connect
    self.local_endpoint = self.socket.getsockname()
AttributeError: 'NoneType' object has no attribute 'getsockname'

[rospy.core][INFO] 2016-06-08 21:58:16,208: signal_shutdown [atexit]
