[rospy.client][INFO] 2016-06-08 21:56:32,269: init_node, name[/relayboard_node], pid[7640]
[xmlrpc][INFO] 2016-06-08 21:56:32,269: XML-RPC server binding to 0.0.0.0:0
[xmlrpc][INFO] 2016-06-08 21:56:32,269: Started XML-RPC server [http://cmeintel-desktop:46042/]
[rospy.impl.masterslave][INFO] 2016-06-08 21:56:32,269: _ready: http://cmeintel-desktop:46042/
[rospy.registration][INFO] 2016-06-08 21:56:32,270: Registering with master node http://localhost:11311
[xmlrpc][INFO] 2016-06-08 21:56:32,270: xml rpc node: starting XML-RPC server
[rospy.init][INFO] 2016-06-08 21:56:32,288: ROS Slave URI: [http://cmeintel-desktop:46042/]
[rospy.init][INFO] 2016-06-08 21:56:32,289: registered with master
[rospy.rosout][INFO] 2016-06-08 21:56:32,289: initializing /rosout core topic
[rospy.rosout][INFO] 2016-06-08 21:56:32,309: connected to core topic /rosout
[rospy.simtime][INFO] 2016-06-08 21:56:32,329: initializing /clock core topic
[rospy.simtime][INFO] 2016-06-08 21:56:32,374: connected to core topic /clock
[rospy.internal][INFO] 2016-06-08 21:56:32,628: topic[/rosout] adding connection to [/rosout], count 0
[rospy.internal][INFO] 2016-06-08 21:56:33,726: topic[/clock] adding connection to [http://cmeintel-desktop:45183/], count 0
[rospy.internal][INFO] 2016-06-08 21:56:34,858: topic[/emergency_stop_state] adding connection to [/dashboard_aggregator], count 0
[rospy.core][INFO] 2016-06-08 21:58:15,882: signal_shutdown [signal-2]
[rospy.internal][INFO] 2016-06-08 21:58:15,913: topic[/emergency_stop_state] removing connection to /dashboard_aggregator
[rospy.internal][INFO] 2016-06-08 21:58:15,913: topic[/rosout] removing connection to /rosout
[rospy.internal][INFO] 2016-06-08 21:58:15,913: topic[/clock] removing connection to http://cmeintel-desktop:45183/
[rospy.impl.masterslave][INFO] 2016-06-08 21:58:15,913: signal-2
[rospy.core][INFO] 2016-06-08 21:58:16,527: signal_shutdown [atexit]
