[rospy.client][INFO] 2016-06-08 21:56:34,413: init_node, name[/script_server], pid[8168]
[xmlrpc][INFO] 2016-06-08 21:56:34,413: XML-RPC server binding to 0.0.0.0:0
[xmlrpc][INFO] 2016-06-08 21:56:34,413: Started XML-RPC server [http://cmeintel-desktop:45476/]
[rospy.impl.masterslave][INFO] 2016-06-08 21:56:34,413: _ready: http://cmeintel-desktop:45476/
[rospy.registration][INFO] 2016-06-08 21:56:34,414: Registering with master node http://localhost:11311
[xmlrpc][INFO] 2016-06-08 21:56:34,414: xml rpc node: starting XML-RPC server
[rospy.init][INFO] 2016-06-08 21:56:34,420: ROS Slave URI: [http://cmeintel-desktop:45476/]
[rospy.init][INFO] 2016-06-08 21:56:34,420: registered with master
[rospy.rosout][INFO] 2016-06-08 21:56:34,421: initializing /rosout core topic
[rospy.rosout][INFO] 2016-06-08 21:56:34,436: connected to core topic /rosout
[rospy.simtime][INFO] 2016-06-08 21:56:34,447: initializing /clock core topic
[rospy.internal][INFO] 2016-06-08 21:56:34,726: topic[/rosout] adding connection to [/rosout], count 0
[rospy.simtime][INFO] 2016-06-08 21:56:35,450: connected to core topic /clock
[rospy.internal][INFO] 2016-06-08 21:56:35,481: topic[/clock] adding connection to [http://cmeintel-desktop:45183/], count 0
[rosout][INFO] 2016-06-08 21:56:35,493: script_server is running
[rospy.core][INFO] 2016-06-08 21:58:15,078: signal_shutdown [signal-2]
[rospy.internal][INFO] 2016-06-08 21:58:15,084: topic[/rosout] removing connection to /rosout
[rospy.internal][INFO] 2016-06-08 21:58:15,085: topic[/clock] removing connection to http://cmeintel-desktop:45183/
[rospy.impl.masterslave][INFO] 2016-06-08 21:58:15,085: signal-2
[rospy.core][INFO] 2016-06-08 21:58:15,578: signal_shutdown [atexit]
