[rospy.client][INFO] 2016-06-08 21:56:32,403: init_node, name[/torso/gazebo_services], pid[7642]
[xmlrpc][INFO] 2016-06-08 21:56:32,403: XML-RPC server binding to 0.0.0.0:0
[xmlrpc][INFO] 2016-06-08 21:56:32,403: Started XML-RPC server [http://cmeintel-desktop:44837/]
[rospy.impl.masterslave][INFO] 2016-06-08 21:56:32,403: _ready: http://cmeintel-desktop:44837/
[rospy.registration][INFO] 2016-06-08 21:56:32,407: Registering with master node http://localhost:11311
[xmlrpc][INFO] 2016-06-08 21:56:32,407: xml rpc node: starting XML-RPC server
[rospy.init][INFO] 2016-06-08 21:56:32,410: ROS Slave URI: [http://cmeintel-desktop:44837/]
[rospy.init][INFO] 2016-06-08 21:56:32,410: registered with master
[rospy.rosout][INFO] 2016-06-08 21:56:32,410: initializing /rosout core topic
[rospy.rosout][INFO] 2016-06-08 21:56:33,411: connected to core topic /rosout
[rospy.simtime][INFO] 2016-06-08 21:56:33,413: initializing /clock core topic
[rospy.simtime][INFO] 2016-06-08 21:56:33,417: connected to core topic /clock
[rosout][INFO] 2016-06-08 21:56:33,425: gazebo_services running
[rospy.internal][INFO] 2016-06-08 21:56:33,653: topic[/rosout] adding connection to [/rosout], count 0
[rospy.internal][INFO] 2016-06-08 21:56:33,740: topic[/clock] adding connection to [http://cmeintel-desktop:45183/], count 0
[rospy.core][INFO] 2016-06-08 21:58:15,784: signal_shutdown [signal-2]
[rospy.internal][INFO] 2016-06-08 21:58:15,787: topic[/rosout] removing connection to /rosout
[rospy.internal][INFO] 2016-06-08 21:58:15,787: topic[/clock] removing connection to http://cmeintel-desktop:45183/
[rospy.impl.masterslave][INFO] 2016-06-08 21:58:15,787: signal-2
[rospy.core][INFO] 2016-06-08 21:58:15,903: signal_shutdown [atexit]
