[rospy.client][INFO] 2016-06-08 21:56:31,962: init_node, name[/world_tf_publisher], pid[7468]
[xmlrpc][INFO] 2016-06-08 21:56:31,962: XML-RPC server binding to 0.0.0.0:0
[xmlrpc][INFO] 2016-06-08 21:56:31,963: Started XML-RPC server [http://cmeintel-desktop:38670/]
[rospy.impl.masterslave][INFO] 2016-06-08 21:56:31,963: _ready: http://cmeintel-desktop:38670/
[rospy.init][INFO] 2016-06-08 21:56:31,963: ROS Slave URI: [http://cmeintel-desktop:38670/]
[rospy.registration][INFO] 2016-06-08 21:56:31,963: Registering with master node http://localhost:11311
[xmlrpc][INFO] 2016-06-08 21:56:31,964: xml rpc node: starting XML-RPC server
[rospy.init][INFO] 2016-06-08 21:56:32,063: registered with master
[rospy.rosout][INFO] 2016-06-08 21:56:32,063: initializing /rosout core topic
[rospy.rosout][INFO] 2016-06-08 21:56:32,087: connected to core topic /rosout
[rospy.simtime][INFO] 2016-06-08 21:56:32,112: initializing /clock core topic
[rospy.simtime][INFO] 2016-06-08 21:56:32,167: connected to core topic /clock
[rospy.internal][INFO] 2016-06-08 21:56:32,347: topic[/rosout] adding connection to [/rosout], count 0
[rospy.internal][INFO] 2016-06-08 21:56:32,451: topic[/tf] adding connection to [/torso/twist_controller], count 0
[rospy.internal][INFO] 2016-06-08 21:56:32,451: topic[/tf] adding connection to [/torso/interactive_target], count 1
[rospy.internal][INFO] 2016-06-08 21:56:32,549: topic[/tf] adding connection to [/arm_left/frame_tracker], count 2
[rospy.internal][INFO] 2016-06-08 21:56:32,627: topic[/tf] adding connection to [/scan_unifier], count 3
[rospy.internal][INFO] 2016-06-08 21:56:32,691: topic[/tf] adding connection to [/arm_right/interactive_target], count 4
[rospy.internal][INFO] 2016-06-08 21:56:33,003: topic[/tf] adding connection to [/image_flip_torso_cam3d_left/image_flip_torso_cam3d_left], count 5
[rospy.internal][INFO] 2016-06-08 21:56:33,017: topic[/tf] adding connection to [/torso/frame_tracker], count 6
[rospy.internal][INFO] 2016-06-08 21:56:33,216: topic[/tf] adding connection to [/torso/obstacle_distance], count 7
[rospy.internal][INFO] 2016-06-08 21:56:33,431: topic[/tf] adding connection to [/arm_left/interactive_target], count 8
[rospy.internal][INFO] 2016-06-08 21:56:33,439: topic[/tf] adding connection to [/arm_left/twist_controller], count 9
[rospy.internal][INFO] 2016-06-08 21:56:33,460: topic[/tf] adding connection to [/arm_left/obstacle_distance], count 10
[rospy.internal][INFO] 2016-06-08 21:56:33,552: topic[/tf] adding connection to [/arm_right/frame_tracker], count 11
[rospy.internal][INFO] 2016-06-08 21:56:33,552: topic[/tf] adding connection to [/arm_right/twist_controller], count 12
[rospy.internal][INFO] 2016-06-08 21:56:33,654: topic[/tf] adding connection to [/arm_right/obstacle_distance], count 13
[rospy.internal][INFO] 2016-06-08 21:56:33,726: topic[/clock] adding connection to [http://cmeintel-desktop:45183/], count 0
[rospy.internal][INFO] 2016-06-08 21:56:33,906: topic[/tf] adding connection to [/image_flip_sensorring_cam3d/image_flip_sensorring_cam3d], count 14
[rospy.internal][INFO] 2016-06-08 21:56:38,137: topic[/tf] removing connection to /arm_left/obstacle_distance
[rospy.internal][INFO] 2016-06-08 21:56:38,244: topic[/tf] removing connection to /arm_right/obstacle_distance
[rospy.internal][INFO] 2016-06-08 21:58:16,247: topic[/tf] removing connection to /arm_right/interactive_target
[rospy.internal][INFO] 2016-06-08 21:58:16,247: topic[/tf] removing connection to /arm_left/frame_tracker
[rospy.internal][INFO] 2016-06-08 21:58:16,247: topic[/tf] removing connection to /image_flip_torso_cam3d_left/image_flip_torso_cam3d_left
[rospy.internal][INFO] 2016-06-08 21:58:16,248: topic[/tf] removing connection to /arm_left/interactive_target
[rospy.internal][INFO] 2016-06-08 21:58:16,248: topic[/tf] removing connection to /arm_right/twist_controller
[rospy.internal][INFO] 2016-06-08 21:58:16,249: topic[/tf] removing connection to /image_flip_sensorring_cam3d/image_flip_sensorring_cam3d
[rospy.internal][INFO] 2016-06-08 21:58:16,249: topic[/tf] removing connection to /arm_right/frame_tracker
[rospy.core][INFO] 2016-06-08 21:58:16,284: signal_shutdown [signal-2]
[rospy.internal][INFO] 2016-06-08 21:58:16,287: topic[/rosout] removing connection to /rosout
[rospy.internal][INFO] 2016-06-08 21:58:16,290: topic[/tf] removing connection to /torso/twist_controller
[rospy.internal][INFO] 2016-06-08 21:58:16,290: topic[/tf] removing connection to /torso/interactive_target
[rospy.internal][INFO] 2016-06-08 21:58:16,290: topic[/tf] removing connection to /scan_unifier
[rospy.internal][INFO] 2016-06-08 21:58:16,290: topic[/tf] removing connection to /torso/frame_tracker
[rospy.internal][INFO] 2016-06-08 21:58:16,290: topic[/tf] removing connection to /torso/obstacle_distance
[rospy.internal][INFO] 2016-06-08 21:58:16,290: topic[/tf] removing connection to /arm_left/twist_controller
[rospy.internal][INFO] 2016-06-08 21:58:16,291: topic[/clock] removing connection to http://cmeintel-desktop:45183/
[rospy.impl.masterslave][INFO] 2016-06-08 21:58:16,291: signal-2
[rospy.core][INFO] 2016-06-08 21:58:16,394: signal_shutdown [atexit]
