[rospy.client][INFO] 2016-06-09 13:35:01,837: init_node, name[/arm_left/gazebo_services], pid[22297]
[xmlrpc][INFO] 2016-06-09 13:35:01,839: XML-RPC server binding to 0.0.0.0:0
[xmlrpc][INFO] 2016-06-09 13:35:01,839: Started XML-RPC server [http://cmeintel-desktop:33006/]
[rospy.init][INFO] 2016-06-09 13:35:01,839: ROS Slave URI: [http://cmeintel-desktop:33006/]
[rospy.impl.masterslave][INFO] 2016-06-09 13:35:01,839: _ready: http://cmeintel-desktop:33006/
[xmlrpc][INFO] 2016-06-09 13:35:01,839: xml rpc node: starting XML-RPC server
[rospy.registration][INFO] 2016-06-09 13:35:01,842: Registering with master node http://localhost:11311
[rospy.init][INFO] 2016-06-09 13:35:01,939: registered with master
[rospy.rosout][INFO] 2016-06-09 13:35:01,939: initializing /rosout core topic
[rospy.rosout][INFO] 2016-06-09 13:35:01,951: connected to core topic /rosout
[rospy.simtime][INFO] 2016-06-09 13:35:01,970: initializing /clock core topic
[rospy.simtime][INFO] 2016-06-09 13:35:02,004: connected to core topic /clock
[rosout][INFO] 2016-06-09 13:35:02,058: gazebo_services running
[rospy.internal][INFO] 2016-06-09 13:35:02,185: topic[/rosout] adding connection to [/rosout], count 0
[rospy.internal][INFO] 2016-06-09 13:35:03,594: topic[/clock] adding connection to [http://cmeintel-desktop:41031/], count 0
[rospy.core][INFO] 2016-06-09 13:42:46,405: signal_shutdown [signal-2]
[rospy.internal][INFO] 2016-06-09 13:42:46,413: topic[/rosout] removing connection to /rosout
[rospy.internal][INFO] 2016-06-09 13:42:46,413: topic[/clock] removing connection to http://cmeintel-desktop:41031/
[rospy.impl.masterslave][INFO] 2016-06-09 13:42:46,413: signal-2
[rospy.internal][ERROR] 2016-06-09 13:42:46,417: Traceback (most recent call last):
  File "/opt/ros/indigo/lib/python2.7/dist-packages/rospy/impl/tcpros_base.py", line 698, in receive_once
    self.stat_bytes += recv_buff(sock, b, p.buff_size)
  File "/opt/ros/indigo/lib/python2.7/dist-packages/rospy/impl/tcpros_base.py", line 103, in recv_buff
    d = sock.recv(buff_size)
error: [Errno 104] Connection reset by peer

[rospy.core][INFO] 2016-06-09 13:42:46,531: signal_shutdown [atexit]
