[rospy.client][INFO] 2016-06-09 13:35:01,988: init_node, name[/arm_right/gazebo_services], pid[22414]
[xmlrpc][INFO] 2016-06-09 13:35:01,988: XML-RPC server binding to 0.0.0.0:0
[rospy.init][INFO] 2016-06-09 13:35:01,989: ROS Slave URI: [http://cmeintel-desktop:45234/]
[xmlrpc][INFO] 2016-06-09 13:35:01,989: Started XML-RPC server [http://cmeintel-desktop:45234/]
[rospy.impl.masterslave][INFO] 2016-06-09 13:35:01,989: _ready: http://cmeintel-desktop:45234/
[xmlrpc][INFO] 2016-06-09 13:35:01,989: xml rpc node: starting XML-RPC server
[rospy.registration][INFO] 2016-06-09 13:35:01,993: Registering with master node http://localhost:11311
[rospy.init][INFO] 2016-06-09 13:35:02,089: registered with master
[rospy.rosout][INFO] 2016-06-09 13:35:02,089: initializing /rosout core topic
[rospy.rosout][INFO] 2016-06-09 13:35:02,107: connected to core topic /rosout
[rospy.simtime][INFO] 2016-06-09 13:35:02,141: initializing /clock core topic
[rospy.simtime][INFO] 2016-06-09 13:35:02,176: connected to core topic /clock
[rosout][INFO] 2016-06-09 13:35:02,234: gazebo_services running
[rospy.internal][INFO] 2016-06-09 13:35:02,391: topic[/rosout] adding connection to [/rosout], count 0
[rospy.internal][INFO] 2016-06-09 13:35:03,593: topic[/clock] adding connection to [http://cmeintel-desktop:41031/], count 0
[rospy.core][INFO] 2016-06-09 13:42:46,104: signal_shutdown [signal-2]
[rospy.internal][INFO] 2016-06-09 13:42:46,108: topic[/rosout] removing connection to /rosout
[rospy.internal][INFO] 2016-06-09 13:42:46,108: topic[/clock] removing connection to http://cmeintel-desktop:41031/
[rospy.impl.masterslave][INFO] 2016-06-09 13:42:46,108: signal-2
[rospy.core][INFO] 2016-06-09 13:42:46,215: signal_shutdown [atexit]
