[rospy.client][INFO] 2016-06-09 13:35:02,582: init_node, name[/dashboard_aggregator], pid[22659]
[xmlrpc][INFO] 2016-06-09 13:35:02,582: XML-RPC server binding to 0.0.0.0:0
[xmlrpc][INFO] 2016-06-09 13:35:02,582: Started XML-RPC server [http://cmeintel-desktop:35225/]
[rospy.impl.masterslave][INFO] 2016-06-09 13:35:02,582: _ready: http://cmeintel-desktop:35225/
[rospy.registration][INFO] 2016-06-09 13:35:02,583: Registering with master node http://localhost:11311
[xmlrpc][INFO] 2016-06-09 13:35:02,583: xml rpc node: starting XML-RPC server
[rospy.init][INFO] 2016-06-09 13:35:02,587: ROS Slave URI: [http://cmeintel-desktop:35225/]
[rospy.init][INFO] 2016-06-09 13:35:02,587: registered with master
[rospy.rosout][INFO] 2016-06-09 13:35:02,587: initializing /rosout core topic
[rospy.rosout][INFO] 2016-06-09 13:35:02,593: connected to core topic /rosout
[rospy.simtime][INFO] 2016-06-09 13:35:02,595: initializing /clock core topic
[rospy.simtime][INFO] 2016-06-09 13:35:02,599: connected to core topic /clock
[rospy.internal][INFO] 2016-06-09 13:35:02,822: topic[/rosout] adding connection to [/rosout], count 0
[rospy.internal][INFO] 2016-06-09 13:35:03,594: topic[/clock] adding connection to [http://cmeintel-desktop:41031/], count 0
[rospy.internal][INFO] 2016-06-09 13:35:04,644: topic[/diagnostics_toplevel_state] adding connection to [http://cmeintel-desktop:44205/], count 0
[rospy.internal][INFO] 2016-06-09 13:35:04,645: topic[/emergency_stop_state] adding connection to [http://cmeintel-desktop:34649/], count 0
[rospy.core][INFO] 2016-06-09 13:42:45,702: signal_shutdown [signal-2]
[rospy.internal][INFO] 2016-06-09 13:42:45,726: topic[/rosout] removing connection to /rosout
[rospy.internal][INFO] 2016-06-09 13:42:45,726: topic[/diagnostics_toplevel_state] removing connection to http://cmeintel-desktop:44205/
[rospy.internal][INFO] 2016-06-09 13:42:45,726: topic[/clock] removing connection to http://cmeintel-desktop:41031/
[rospy.internal][WARNING] 2016-06-09 13:42:45,727: Unknown error initiating TCP/IP socket to cmeintel-desktop:34335 (http://cmeintel-desktop:34649/): Traceback (most recent call last):
  File "/opt/ros/indigo/lib/python2.7/dist-packages/rospy/impl/tcpros_base.py", line 557, in connect
    self.read_header()
  File "/opt/ros/indigo/lib/python2.7/dist-packages/rospy/impl/tcpros_base.py", line 619, in read_header
    self._validate_header(read_ros_handshake_header(sock, self.read_buff, self.protocol.buff_size))
AttributeError: 'NoneType' object has no attribute 'buff_size'

[rospy.internal][INFO] 2016-06-09 13:42:45,726: topic[/emergency_stop_state] removing connection to http://cmeintel-desktop:34649/
[rospy.topics][ERROR] 2016-06-09 13:42:45,727: Traceback (most recent call last):
  File "/opt/ros/indigo/lib/python2.7/dist-packages/rospy/topics.py", line 307, in close
    c.close()
  File "/opt/ros/indigo/lib/python2.7/dist-packages/rospy/impl/tcpros_base.py", line 807, in close
    self.socket.close()
AttributeError: 'NoneType' object has no attribute 'close'

[rospy.impl.masterslave][INFO] 2016-06-09 13:42:45,727: signal-2
[rospy.core][INFO] 2016-06-09 13:42:45,831: signal_shutdown [atexit]
