[rospy.client][INFO] 2016-06-09 13:35:01,171: init_node, name[/elevator], pid[21894]
[xmlrpc][INFO] 2016-06-09 13:35:01,171: XML-RPC server binding to 0.0.0.0:0
[rospy.init][INFO] 2016-06-09 13:35:01,171: ROS Slave URI: [http://cmeintel-desktop:37772/]
[xmlrpc][INFO] 2016-06-09 13:35:01,171: Started XML-RPC server [http://cmeintel-desktop:37772/]
[rospy.impl.masterslave][INFO] 2016-06-09 13:35:01,171: _ready: http://cmeintel-desktop:37772/
[xmlrpc][INFO] 2016-06-09 13:35:01,172: xml rpc node: starting XML-RPC server
[rospy.registration][INFO] 2016-06-09 13:35:01,172: Registering with master node http://localhost:11311
[rospy.init][INFO] 2016-06-09 13:35:01,272: registered with master
[rospy.rosout][INFO] 2016-06-09 13:35:01,272: initializing /rosout core topic
[rospy.rosout][INFO] 2016-06-09 13:35:01,285: connected to core topic /rosout
[rospy.simtime][INFO] 2016-06-09 13:35:01,309: initializing /clock core topic
[rospy.simtime][INFO] 2016-06-09 13:35:01,337: connected to core topic /clock
[rospy.internal][INFO] 2016-06-09 13:35:01,561: topic[/rosout] adding connection to [/rosout], count 0
[rospy.internal][INFO] 2016-06-09 13:35:03,596: topic[/clock] adding connection to [http://cmeintel-desktop:41031/], count 0
[rospy.internal][INFO] 2016-06-09 13:35:14,350: topic[/elevator_button1_bumper] adding connection to [http://cmeintel-desktop:41031/], count 0
[rospy.core][INFO] 2016-06-09 13:42:46,812: signal_shutdown [signal-2]
[rospy.internal][INFO] 2016-06-09 13:42:46,816: topic[/rosout] removing connection to /rosout
[rospy.internal][INFO] 2016-06-09 13:42:46,816: topic[/clock] removing connection to http://cmeintel-desktop:41031/
[rospy.internal][INFO] 2016-06-09 13:42:46,816: topic[/elevator_button1_bumper] removing connection to http://cmeintel-desktop:41031/
[rospy.impl.masterslave][INFO] 2016-06-09 13:42:46,816: signal-2
[rospy.core][INFO] 2016-06-09 13:42:46,956: signal_shutdown [atexit]
