[rospy.client][INFO] 2016-06-09 13:35:02,235: init_node, name[/gripper_left/gazebo_services], pid[22504]
[xmlrpc][INFO] 2016-06-09 13:35:02,239: XML-RPC server binding to 0.0.0.0:0
[xmlrpc][INFO] 2016-06-09 13:35:02,239: Started XML-RPC server [http://cmeintel-desktop:38131/]
[rospy.impl.masterslave][INFO] 2016-06-09 13:35:02,239: _ready: http://cmeintel-desktop:38131/
[rospy.registration][INFO] 2016-06-09 13:35:02,240: Registering with master node http://localhost:11311
[rospy.init][INFO] 2016-06-09 13:35:02,240: ROS Slave URI: [http://cmeintel-desktop:38131/]
[rospy.init][INFO] 2016-06-09 13:35:02,240: registered with master
[rospy.rosout][INFO] 2016-06-09 13:35:02,240: initializing /rosout core topic
[xmlrpc][INFO] 2016-06-09 13:35:02,241: xml rpc node: starting XML-RPC server
[rospy.rosout][INFO] 2016-06-09 13:35:02,251: connected to core topic /rosout
[rospy.simtime][INFO] 2016-06-09 13:35:02,262: initializing /clock core topic
[rospy.simtime][INFO] 2016-06-09 13:35:02,274: connected to core topic /clock
[rosout][INFO] 2016-06-09 13:35:02,317: gazebo_services running
[rospy.internal][INFO] 2016-06-09 13:35:02,496: topic[/rosout] adding connection to [/rosout], count 0
[rospy.internal][INFO] 2016-06-09 13:35:03,595: topic[/clock] adding connection to [http://cmeintel-desktop:41031/], count 0
[rospy.core][INFO] 2016-06-09 13:42:45,903: signal_shutdown [signal-2]
[rospy.internal][INFO] 2016-06-09 13:42:45,915: topic[/rosout] removing connection to /rosout
[rospy.internal][INFO] 2016-06-09 13:42:45,916: topic[/clock] removing connection to http://cmeintel-desktop:41031/
[rospy.impl.masterslave][INFO] 2016-06-09 13:42:45,916: signal-2
[rospy.core][INFO] 2016-06-09 13:42:46,032: signal_shutdown [atexit]
