[rospy.client][INFO] 2016-06-09 13:35:01,597: init_node, name[/joint_state_publisher], pid[21912]
[xmlrpc][INFO] 2016-06-09 13:35:01,597: XML-RPC server binding to 0.0.0.0:0
[xmlrpc][INFO] 2016-06-09 13:35:01,597: Started XML-RPC server [http://cmeintel-desktop:35989/]
[rospy.impl.masterslave][INFO] 2016-06-09 13:35:01,597: _ready: http://cmeintel-desktop:35989/
[rospy.registration][INFO] 2016-06-09 13:35:01,598: Registering with master node http://localhost:11311
[xmlrpc][INFO] 2016-06-09 13:35:01,598: xml rpc node: starting XML-RPC server
[rospy.init][INFO] 2016-06-09 13:35:01,599: ROS Slave URI: [http://cmeintel-desktop:35989/]
[rospy.init][INFO] 2016-06-09 13:35:01,600: registered with master
[rospy.rosout][INFO] 2016-06-09 13:35:01,600: initializing /rosout core topic
[rospy.rosout][INFO] 2016-06-09 13:35:01,629: connected to core topic /rosout
[rospy.simtime][INFO] 2016-06-09 13:35:01,647: initializing /clock core topic
[rospy.simtime][INFO] 2016-06-09 13:35:01,684: connected to core topic /clock
[rospy.internal][INFO] 2016-06-09 13:35:01,895: topic[/rosout] adding connection to [/rosout], count 0
[rospy.internal][INFO] 2016-06-09 13:35:03,189: topic[/joint_states] adding connection to [/robot_state_publisher], count 0
[rospy.internal][INFO] 2016-06-09 13:35:03,552: topic[/clock] adding connection to [http://cmeintel-desktop:41031/], count 0
[rospy.internal][INFO] 2016-06-09 13:35:12,219: topic[/base/joint_states] adding connection to [http://cmeintel-desktop:41031/], count 0
[rospy.internal][INFO] 2016-06-09 13:35:12,720: topic[/torso/joint_states] adding connection to [http://cmeintel-desktop:41031/], count 0
[rospy.internal][INFO] 2016-06-09 13:35:12,723: topic[/sensorring/joint_states] adding connection to [http://cmeintel-desktop:41031/], count 0
[rospy.internal][INFO] 2016-06-09 13:35:12,837: topic[/arm_right/joint_states] adding connection to [http://cmeintel-desktop:41031/], count 0
[rospy.internal][INFO] 2016-06-09 13:35:13,451: topic[/gripper_left/joint_states] adding connection to [http://cmeintel-desktop:41031/], count 0
[rospy.internal][INFO] 2016-06-09 13:35:13,452: topic[/gripper_right/joint_states] adding connection to [http://cmeintel-desktop:41031/], count 0
[rospy.internal][INFO] 2016-06-09 13:35:13,453: topic[/arm_left/joint_states] adding connection to [http://cmeintel-desktop:41031/], count 0
[rospy.core][INFO] 2016-06-09 13:42:46,807: signal_shutdown [signal-2]
[rospy.internal][INFO] 2016-06-09 13:42:46,812: topic[/joint_states] removing connection to /robot_state_publisher
[rospy.internal][INFO] 2016-06-09 13:42:46,813: topic[/rosout] removing connection to /rosout
[rospy.internal][INFO] 2016-06-09 13:42:46,813: topic[/arm_right/joint_states] removing connection to http://cmeintel-desktop:41031/
[rospy.internal][INFO] 2016-06-09 13:42:46,813: topic[/torso/joint_states] removing connection to http://cmeintel-desktop:41031/
[rospy.internal][INFO] 2016-06-09 13:42:46,813: topic[/sensorring/joint_states] removing connection to http://cmeintel-desktop:41031/
[rospy.internal][INFO] 2016-06-09 13:42:46,813: topic[/clock] removing connection to http://cmeintel-desktop:41031/
[rospy.internal][INFO] 2016-06-09 13:42:46,813: topic[/base/joint_states] removing connection to http://cmeintel-desktop:41031/
[rospy.internal][INFO] 2016-06-09 13:42:46,814: topic[/gripper_left/joint_states] removing connection to http://cmeintel-desktop:41031/
[rospy.internal][INFO] 2016-06-09 13:42:46,814: topic[/arm_left/joint_states] removing connection to http://cmeintel-desktop:41031/
[rospy.internal][INFO] 2016-06-09 13:42:46,814: topic[/gripper_right/joint_states] removing connection to http://cmeintel-desktop:41031/
[rospy.impl.masterslave][INFO] 2016-06-09 13:42:46,815: signal-2
[rospy.internal][WARNING] 2016-06-09 13:42:46,815: Unknown error initiating TCP/IP socket to cmeintel-desktop:50571 (http://cmeintel-desktop:41031/): Traceback (most recent call last):
  File "/opt/ros/indigo/lib/python2.7/dist-packages/rospy/impl/tcpros_base.py", line 557, in connect
    self.read_header()
  File "/opt/ros/indigo/lib/python2.7/dist-packages/rospy/impl/tcpros_base.py", line 619, in read_header
    self._validate_header(read_ros_handshake_header(sock, self.read_buff, self.protocol.buff_size))
AttributeError: 'NoneType' object has no attribute 'buff_size'

[rospy.internal][WARNING] 2016-06-09 13:42:46,817: Unknown error initiating TCP/IP socket to cmeintel-desktop:50571 (http://cmeintel-desktop:41031/): Traceback (most recent call last):
  File "/opt/ros/indigo/lib/python2.7/dist-packages/rospy/impl/tcpros_base.py", line 558, in connect
    self.local_endpoint = self.socket.getsockname()
AttributeError: 'NoneType' object has no attribute 'getsockname'

[rospy.core][INFO] 2016-06-09 13:42:46,947: signal_shutdown [atexit]
