[rospy.client][INFO] 2016-06-09 13:35:01,687: init_node, name[/relayboard_node], pid[22122]
[xmlrpc][INFO] 2016-06-09 13:35:01,688: XML-RPC server binding to 0.0.0.0:0
[xmlrpc][INFO] 2016-06-09 13:35:01,688: Started XML-RPC server [http://cmeintel-desktop:34649/]
[rospy.impl.masterslave][INFO] 2016-06-09 13:35:01,688: _ready: http://cmeintel-desktop:34649/
[rospy.registration][INFO] 2016-06-09 13:35:01,689: Registering with master node http://localhost:11311
[xmlrpc][INFO] 2016-06-09 13:35:01,689: xml rpc node: starting XML-RPC server
[rospy.init][INFO] 2016-06-09 13:35:01,690: ROS Slave URI: [http://cmeintel-desktop:34649/]
[rospy.init][INFO] 2016-06-09 13:35:01,690: registered with master
[rospy.rosout][INFO] 2016-06-09 13:35:01,690: initializing /rosout core topic
[rospy.rosout][INFO] 2016-06-09 13:35:02,690: connected to core topic /rosout
[rospy.simtime][INFO] 2016-06-09 13:35:02,691: initializing /clock core topic
[rospy.simtime][INFO] 2016-06-09 13:35:02,695: connected to core topic /clock
[rospy.internal][INFO] 2016-06-09 13:35:02,926: topic[/rosout] adding connection to [/rosout], count 0
[rospy.internal][INFO] 2016-06-09 13:35:03,612: topic[/clock] adding connection to [http://cmeintel-desktop:41031/], count 0
[rospy.internal][INFO] 2016-06-09 13:35:04,646: topic[/emergency_stop_state] adding connection to [/dashboard_aggregator], count 0
[rosout][WARNING] 2016-06-09 13:42:45,837: Inbound TCP/IP connection failed: connection from sender terminated before handshake header received. 0 bytes were received. Please check sender for additional details.
[rospy.internal][ERROR] 2016-06-09 13:42:45,857: Inbound TCP/IP connection failed:
Traceback (most recent call last):
  File "/opt/ros/indigo/lib/python2.7/dist-packages/rospy/impl/tcpros_base.py", line 321, in _tcp_server_callback
    header = read_ros_handshake_header(sock, StringIO(), buff_size)
  File "/opt/ros/indigo/lib/python2.7/dist-packages/rosgraph/network.py", line 365, in read_ros_handshake_header
    raise ROSHandshakeException("connection from sender terminated before handshake header received. %s bytes were received. Please check sender for additional details."%b.tell())
ROSHandshakeException: connection from sender terminated before handshake header received. 0 bytes were received. Please check sender for additional details.

[rospy.core][INFO] 2016-06-09 13:42:46,606: signal_shutdown [signal-2]
[rospy.internal][INFO] 2016-06-09 13:42:46,630: topic[/emergency_stop_state] removing connection to /dashboard_aggregator
[rospy.internal][INFO] 2016-06-09 13:42:46,630: topic[/rosout] removing connection to /rosout
[rospy.internal][INFO] 2016-06-09 13:42:46,630: topic[/clock] removing connection to http://cmeintel-desktop:41031/
[rospy.impl.masterslave][INFO] 2016-06-09 13:42:46,630: signal-2
[rospy.core][INFO] 2016-06-09 13:42:46,746: signal_shutdown [atexit]
