[rospy.client][INFO] 2016-06-09 13:35:03,616: init_node, name[/script_server], pid[22739]
[xmlrpc][INFO] 2016-06-09 13:35:03,617: XML-RPC server binding to 0.0.0.0:0
[xmlrpc][INFO] 2016-06-09 13:35:03,617: Started XML-RPC server [http://cmeintel-desktop:44058/]
[rospy.impl.masterslave][INFO] 2016-06-09 13:35:03,617: _ready: http://cmeintel-desktop:44058/
[rospy.init][INFO] 2016-06-09 13:35:03,617: ROS Slave URI: [http://cmeintel-desktop:44058/]
[rospy.registration][INFO] 2016-06-09 13:35:03,618: Registering with master node http://localhost:11311
[xmlrpc][INFO] 2016-06-09 13:35:03,619: xml rpc node: starting XML-RPC server
[rospy.init][INFO] 2016-06-09 13:35:03,719: registered with master
[rospy.rosout][INFO] 2016-06-09 13:35:03,719: initializing /rosout core topic
[rospy.rosout][INFO] 2016-06-09 13:35:03,722: connected to core topic /rosout
[rospy.simtime][INFO] 2016-06-09 13:35:03,724: initializing /clock core topic
[rospy.simtime][INFO] 2016-06-09 13:35:03,734: connected to core topic /clock
[rospy.internal][INFO] 2016-06-09 13:35:03,788: topic[/clock] adding connection to [http://cmeintel-desktop:41031/], count 0
[rosout][INFO] 2016-06-09 13:35:03,831: script_server is running
[rospy.internal][INFO] 2016-06-09 13:35:03,973: topic[/rosout] adding connection to [/rosout], count 0
[rospy.core][INFO] 2016-06-09 13:42:45,700: signal_shutdown [signal-2]
[rospy.internal][INFO] 2016-06-09 13:42:45,704: topic[/rosout] removing connection to /rosout
[rospy.internal][INFO] 2016-06-09 13:42:45,704: topic[/clock] removing connection to http://cmeintel-desktop:41031/
[rospy.impl.masterslave][INFO] 2016-06-09 13:42:45,705: signal-2
[rospy.internal][ERROR] 2016-06-09 13:42:45,705: Traceback (most recent call last):
  File "/opt/ros/indigo/lib/python2.7/dist-packages/rospy/impl/tcpros_base.py", line 698, in receive_once
    self.stat_bytes += recv_buff(sock, b, p.buff_size)
  File "/opt/ros/indigo/lib/python2.7/dist-packages/rospy/impl/tcpros_base.py", line 103, in recv_buff
    d = sock.recv(buff_size)
error: [Errno 104] Connection reset by peer

[rospy.core][INFO] 2016-06-09 13:42:46,201: signal_shutdown [atexit]
