[rospy.client][INFO] 2016-06-09 13:35:01,360: init_node, name[/spawn_gazebo_model], pid[21895]
[xmlrpc][INFO] 2016-06-09 13:35:01,361: XML-RPC server binding to 0.0.0.0:0
[xmlrpc][INFO] 2016-06-09 13:35:01,361: Started XML-RPC server [http://cmeintel-desktop:46065/]
[rospy.impl.masterslave][INFO] 2016-06-09 13:35:01,361: _ready: http://cmeintel-desktop:46065/
[rospy.init][INFO] 2016-06-09 13:35:01,362: ROS Slave URI: [http://cmeintel-desktop:46065/]
[rospy.registration][INFO] 2016-06-09 13:35:01,362: Registering with master node http://localhost:11311
[xmlrpc][INFO] 2016-06-09 13:35:01,367: xml rpc node: starting XML-RPC server
[rospy.init][INFO] 2016-06-09 13:35:01,462: registered with master
[rospy.rosout][INFO] 2016-06-09 13:35:01,462: initializing /rosout core topic
[rospy.rosout][INFO] 2016-06-09 13:35:01,479: connected to core topic /rosout
[rospy.simtime][INFO] 2016-06-09 13:35:01,497: initializing /clock core topic
[rospy.internal][INFO] 2016-06-09 13:35:01,661: topic[/rosout] adding connection to [/rosout], count 0
[rospy.simtime][INFO] 2016-06-09 13:35:01,923: connected to core topic /clock
[rosout][INFO] 2016-06-09 13:35:01,954: Loading model xml from ros parameter
[rosout][INFO] 2016-06-09 13:35:01,988: Waiting for service /gazebo/spawn_urdf_model
[rosout][INFO] 2016-06-09 13:35:03,733: Calling service /gazebo/spawn_urdf_model
[rospy.internal][INFO] 2016-06-09 13:35:03,792: topic[/clock] adding connection to [http://cmeintel-desktop:41031/], count 0
[rosout][INFO] 2016-06-09 13:35:07,557: Spawn status: SpawnModel: Successfully spawned model
[rospy.core][INFO] 2016-06-09 13:35:07,557: signal_shutdown [atexit]
[rospy.internal][INFO] 2016-06-09 13:35:07,559: topic[/rosout] removing connection to /rosout
[rospy.internal][INFO] 2016-06-09 13:35:07,560: topic[/clock] removing connection to http://cmeintel-desktop:41031/
[rospy.impl.masterslave][INFO] 2016-06-09 13:35:07,560: atexit
