[rospy.client][INFO] 2016-06-09 13:35:01,607: init_node, name[/torso/gazebo_services], pid[22137]
[xmlrpc][INFO] 2016-06-09 13:35:01,608: XML-RPC server binding to 0.0.0.0:0
[rospy.init][INFO] 2016-06-09 13:35:01,608: ROS Slave URI: [http://cmeintel-desktop:34317/]
[xmlrpc][INFO] 2016-06-09 13:35:01,608: Started XML-RPC server [http://cmeintel-desktop:34317/]
[rospy.impl.masterslave][INFO] 2016-06-09 13:35:01,623: _ready: http://cmeintel-desktop:34317/
[rospy.registration][INFO] 2016-06-09 13:35:01,624: Registering with master node http://localhost:11311
[xmlrpc][INFO] 2016-06-09 13:35:01,624: xml rpc node: starting XML-RPC server
[rospy.init][INFO] 2016-06-09 13:35:01,723: registered with master
[rospy.rosout][INFO] 2016-06-09 13:35:01,723: initializing /rosout core topic
[rospy.rosout][INFO] 2016-06-09 13:35:02,727: connected to core topic /rosout
[rospy.simtime][INFO] 2016-06-09 13:35:02,730: initializing /clock core topic
[rospy.simtime][INFO] 2016-06-09 13:35:02,740: connected to core topic /clock
[rosout][INFO] 2016-06-09 13:35:02,757: gazebo_services running
[rospy.internal][INFO] 2016-06-09 13:35:03,027: topic[/rosout] adding connection to [/rosout], count 0
[rospy.internal][INFO] 2016-06-09 13:35:03,603: topic[/clock] adding connection to [http://cmeintel-desktop:41031/], count 0
[rospy.core][INFO] 2016-06-09 13:42:46,605: signal_shutdown [signal-2]
[rospy.internal][INFO] 2016-06-09 13:42:46,614: topic[/rosout] removing connection to /rosout
[rospy.internal][INFO] 2016-06-09 13:42:46,614: topic[/clock] removing connection to http://cmeintel-desktop:41031/
[rospy.impl.masterslave][INFO] 2016-06-09 13:42:46,614: signal-2
[rospy.core][INFO] 2016-06-09 13:42:46,730: signal_shutdown [atexit]
