[rospy.client][INFO] 2016-06-10 11:58:27,542: init_node, name[/arm_left/gazebo_services], pid[691]
[xmlrpc][INFO] 2016-06-10 11:58:27,542: XML-RPC server binding to 0.0.0.0:0
[xmlrpc][INFO] 2016-06-10 11:58:27,542: Started XML-RPC server [http://cmeintel-desktop:38738/]
[rospy.impl.masterslave][INFO] 2016-06-10 11:58:27,542: _ready: http://cmeintel-desktop:38738/
[rospy.registration][INFO] 2016-06-10 11:58:27,543: Registering with master node http://localhost:11311
[xmlrpc][INFO] 2016-06-10 11:58:27,543: xml rpc node: starting XML-RPC server
[rospy.init][INFO] 2016-06-10 11:58:27,544: ROS Slave URI: [http://cmeintel-desktop:38738/]
[rospy.init][INFO] 2016-06-10 11:58:27,544: registered with master
[rospy.rosout][INFO] 2016-06-10 11:58:27,545: initializing /rosout core topic
[rospy.rosout][INFO] 2016-06-10 11:58:27,562: connected to core topic /rosout
[rospy.simtime][INFO] 2016-06-10 11:58:27,568: initializing /clock core topic
[rospy.simtime][INFO] 2016-06-10 11:58:27,575: connected to core topic /clock
[rosout][INFO] 2016-06-10 11:58:27,604: gazebo_services running
[rospy.internal][INFO] 2016-06-10 11:58:27,764: topic[/rosout] adding connection to [/rosout], count 0
[rospy.internal][INFO] 2016-06-10 11:58:32,944: topic[/clock] adding connection to [http://cmeintel-desktop:44180/], count 0
[rospy.core][INFO] 2016-06-10 12:07:01,022: signal_shutdown [signal-2]
[rospy.internal][INFO] 2016-06-10 12:07:01,026: topic[/rosout] removing connection to /rosout
[rospy.internal][INFO] 2016-06-10 12:07:01,026: topic[/clock] removing connection to http://cmeintel-desktop:44180/
[rospy.impl.masterslave][INFO] 2016-06-10 12:07:01,026: signal-2
[rospy.core][INFO] 2016-06-10 12:07:01,142: signal_shutdown [atexit]
