[rospy.client][INFO] 2016-06-10 11:58:25,506: init_node, name[/base/gazebo_services], pid[32542]
[xmlrpc][INFO] 2016-06-10 11:58:25,506: XML-RPC server binding to 0.0.0.0:0
[xmlrpc][INFO] 2016-06-10 11:58:25,506: Started XML-RPC server [http://cmeintel-desktop:40649/]
[rospy.init][INFO] 2016-06-10 11:58:25,506: ROS Slave URI: [http://cmeintel-desktop:40649/]
[rospy.impl.masterslave][INFO] 2016-06-10 11:58:25,506: _ready: http://cmeintel-desktop:40649/
[rospy.registration][INFO] 2016-06-10 11:58:25,507: Registering with master node http://localhost:11311
[xmlrpc][INFO] 2016-06-10 11:58:25,507: xml rpc node: starting XML-RPC server
[rospy.init][INFO] 2016-06-10 11:58:25,607: registered with master
[rospy.rosout][INFO] 2016-06-10 11:58:25,607: initializing /rosout core topic
[rospy.rosout][INFO] 2016-06-10 11:58:25,609: connected to core topic /rosout
[rospy.simtime][INFO] 2016-06-10 11:58:25,610: initializing /clock core topic
[rospy.simtime][INFO] 2016-06-10 11:58:25,612: connected to core topic /clock
[rosout][INFO] 2016-06-10 11:58:25,619: gazebo_services running
[rospy.internal][INFO] 2016-06-10 11:58:25,820: topic[/rosout] adding connection to [/rosout], count 0
[rospy.internal][INFO] 2016-06-10 11:58:32,936: topic[/clock] adding connection to [http://cmeintel-desktop:44180/], count 0
[rospy.core][INFO] 2016-06-10 12:07:01,532: signal_shutdown [signal-2]
[rospy.internal][INFO] 2016-06-10 12:07:01,535: topic[/rosout] removing connection to /rosout
[rospy.internal][INFO] 2016-06-10 12:07:01,535: topic[/clock] removing connection to http://cmeintel-desktop:44180/
[rospy.impl.masterslave][INFO] 2016-06-10 12:07:01,535: signal-2
[rospy.core][INFO] 2016-06-10 12:07:01,699: signal_shutdown [atexit]
