[rospy.client][INFO] 2016-06-10 11:58:28,668: init_node, name[/dashboard_aggregator], pid[2045]
[xmlrpc][INFO] 2016-06-10 11:58:28,668: XML-RPC server binding to 0.0.0.0:0
[xmlrpc][INFO] 2016-06-10 11:58:28,669: Started XML-RPC server [http://cmeintel-desktop:42555/]
[rospy.init][INFO] 2016-06-10 11:58:28,669: ROS Slave URI: [http://cmeintel-desktop:42555/]
[rospy.impl.masterslave][INFO] 2016-06-10 11:58:28,669: _ready: http://cmeintel-desktop:42555/
[xmlrpc][INFO] 2016-06-10 11:58:28,669: xml rpc node: starting XML-RPC server
[rospy.registration][INFO] 2016-06-10 11:58:28,669: Registering with master node http://localhost:11311
[rospy.init][INFO] 2016-06-10 11:58:28,769: registered with master
[rospy.rosout][INFO] 2016-06-10 11:58:28,769: initializing /rosout core topic
[rospy.rosout][INFO] 2016-06-10 11:58:28,771: connected to core topic /rosout
[rospy.simtime][INFO] 2016-06-10 11:58:28,771: initializing /clock core topic
[rospy.simtime][INFO] 2016-06-10 11:58:28,773: connected to core topic /clock
[rospy.internal][INFO] 2016-06-10 11:58:28,890: topic[/rosout] adding connection to [/rosout], count 0
[rospy.internal][INFO] 2016-06-10 11:58:32,974: topic[/clock] adding connection to [http://cmeintel-desktop:44180/], count 0
[rospy.internal][INFO] 2016-06-10 11:58:34,083: topic[/diagnostics_toplevel_state] adding connection to [http://cmeintel-desktop:37229/], count 0
[rospy.internal][INFO] 2016-06-10 11:58:34,083: topic[/emergency_stop_state] adding connection to [http://cmeintel-desktop:45483/], count 0
[rospy.core][INFO] 2016-06-10 12:07:00,426: signal_shutdown [signal-2]
[rospy.internal][INFO] 2016-06-10 12:07:00,445: topic[/rosout] removing connection to /rosout
[rospy.internal][INFO] 2016-06-10 12:07:00,445: topic[/diagnostics_toplevel_state] removing connection to http://cmeintel-desktop:37229/
[rospy.internal][INFO] 2016-06-10 12:07:00,446: topic[/clock] removing connection to http://cmeintel-desktop:44180/
[rospy.internal][INFO] 2016-06-10 12:07:00,446: topic[/emergency_stop_state] removing connection to http://cmeintel-desktop:45483/
[rospy.impl.masterslave][INFO] 2016-06-10 12:07:00,447: signal-2
[rospy.core][INFO] 2016-06-10 12:07:01,079: signal_shutdown [atexit]
