[rospy.client][INFO] 2016-06-10 11:58:25,326: init_node, name[/elevator], pid[32532]
[xmlrpc][INFO] 2016-06-10 11:58:25,327: XML-RPC server binding to 0.0.0.0:0
[xmlrpc][INFO] 2016-06-10 11:58:25,327: Started XML-RPC server [http://cmeintel-desktop:36866/]
[rospy.init][INFO] 2016-06-10 11:58:25,327: ROS Slave URI: [http://cmeintel-desktop:36866/]
[rospy.impl.masterslave][INFO] 2016-06-10 11:58:25,327: _ready: http://cmeintel-desktop:36866/
[rospy.registration][INFO] 2016-06-10 11:58:25,328: Registering with master node http://localhost:11311
[xmlrpc][INFO] 2016-06-10 11:58:25,328: xml rpc node: starting XML-RPC server
[rospy.init][INFO] 2016-06-10 11:58:25,427: registered with master
[rospy.rosout][INFO] 2016-06-10 11:58:25,428: initializing /rosout core topic
[rospy.rosout][INFO] 2016-06-10 11:58:25,429: connected to core topic /rosout
[rospy.simtime][INFO] 2016-06-10 11:58:25,430: initializing /clock core topic
[rospy.simtime][INFO] 2016-06-10 11:58:25,433: connected to core topic /clock
[rospy.internal][INFO] 2016-06-10 11:58:25,719: topic[/rosout] adding connection to [/rosout], count 0
[rospy.internal][INFO] 2016-06-10 11:58:32,944: topic[/clock] adding connection to [http://cmeintel-desktop:44180/], count 0
[rospy.internal][INFO] 2016-06-10 11:58:43,510: topic[/elevator_button1_bumper] adding connection to [http://cmeintel-desktop:44180/], count 0
[rospy.core][INFO] 2016-06-10 12:07:01,635: signal_shutdown [signal-2]
[rospy.internal][INFO] 2016-06-10 12:07:01,638: topic[/rosout] removing connection to /rosout
[rospy.internal][INFO] 2016-06-10 12:07:01,638: topic[/clock] removing connection to http://cmeintel-desktop:44180/
[rospy.internal][INFO] 2016-06-10 12:07:01,638: topic[/elevator_button1_bumper] removing connection to http://cmeintel-desktop:44180/
[rospy.impl.masterslave][INFO] 2016-06-10 12:07:01,638: signal-2
[rospy.core][INFO] 2016-06-10 12:07:01,770: signal_shutdown [atexit]
