[rospy.client][INFO] 2016-06-10 11:58:27,705: init_node, name[/gripper_left/gazebo_services], pid[925]
[xmlrpc][INFO] 2016-06-10 11:58:27,705: XML-RPC server binding to 0.0.0.0:0
[xmlrpc][INFO] 2016-06-10 11:58:27,705: Started XML-RPC server [http://cmeintel-desktop:41946/]
[rospy.init][INFO] 2016-06-10 11:58:27,705: ROS Slave URI: [http://cmeintel-desktop:41946/]
[rospy.impl.masterslave][INFO] 2016-06-10 11:58:27,705: _ready: http://cmeintel-desktop:41946/
[rospy.registration][INFO] 2016-06-10 11:58:27,706: Registering with master node http://localhost:11311
[xmlrpc][INFO] 2016-06-10 11:58:27,706: xml rpc node: starting XML-RPC server
[rospy.init][INFO] 2016-06-10 11:58:27,810: registered with master
[rospy.rosout][INFO] 2016-06-10 11:58:27,810: initializing /rosout core topic
[rospy.rosout][INFO] 2016-06-10 11:58:27,817: connected to core topic /rosout
[rospy.simtime][INFO] 2016-06-10 11:58:27,819: initializing /clock core topic
[rospy.simtime][INFO] 2016-06-10 11:58:27,823: connected to core topic /clock
[rosout][INFO] 2016-06-10 11:58:27,838: gazebo_services running
[rospy.internal][INFO] 2016-06-10 11:58:28,073: topic[/rosout] adding connection to [/rosout], count 0
[rospy.internal][INFO] 2016-06-10 11:58:32,985: topic[/clock] adding connection to [http://cmeintel-desktop:44180/], count 0
[rospy.core][INFO] 2016-06-10 12:07:00,620: signal_shutdown [signal-2]
[rospy.internal][INFO] 2016-06-10 12:07:00,624: topic[/rosout] removing connection to /rosout
[rospy.internal][INFO] 2016-06-10 12:07:00,624: topic[/clock] removing connection to http://cmeintel-desktop:44180/
[rospy.impl.masterslave][INFO] 2016-06-10 12:07:00,624: signal-2
[rospy.core][INFO] 2016-06-10 12:07:00,734: signal_shutdown [atexit]
