[rospy.client][INFO] 2016-06-10 11:58:27,743: init_node, name[/gripper_right/gazebo_services], pid[988]
[xmlrpc][INFO] 2016-06-10 11:58:27,744: XML-RPC server binding to 0.0.0.0:0
[xmlrpc][INFO] 2016-06-10 11:58:27,744: Started XML-RPC server [http://cmeintel-desktop:33910/]
[rospy.init][INFO] 2016-06-10 11:58:27,744: ROS Slave URI: [http://cmeintel-desktop:33910/]
[rospy.impl.masterslave][INFO] 2016-06-10 11:58:27,744: _ready: http://cmeintel-desktop:33910/
[rospy.registration][INFO] 2016-06-10 11:58:27,745: Registering with master node http://localhost:11311
[xmlrpc][INFO] 2016-06-10 11:58:27,745: xml rpc node: starting XML-RPC server
[rospy.init][INFO] 2016-06-10 11:58:27,844: registered with master
[rospy.rosout][INFO] 2016-06-10 11:58:27,844: initializing /rosout core topic
[rospy.rosout][INFO] 2016-06-10 11:58:27,878: connected to core topic /rosout
[rospy.simtime][INFO] 2016-06-10 11:58:27,880: initializing /clock core topic
[rospy.simtime][INFO] 2016-06-10 11:58:27,888: connected to core topic /clock
[rosout][INFO] 2016-06-10 11:58:27,908: gazebo_services running
[rospy.internal][INFO] 2016-06-10 11:58:28,178: topic[/rosout] adding connection to [/rosout], count 0
[rospy.internal][INFO] 2016-06-10 11:58:32,973: topic[/clock] adding connection to [http://cmeintel-desktop:44180/], count 0
[rospy.core][INFO] 2016-06-10 12:07:00,442: signal_shutdown [signal-2]
[rospy.internal][INFO] 2016-06-10 12:07:00,447: topic[/rosout] removing connection to /rosout
[rospy.internal][INFO] 2016-06-10 12:07:00,448: topic[/clock] removing connection to http://cmeintel-desktop:44180/
[rospy.impl.masterslave][INFO] 2016-06-10 12:07:00,448: signal-2
[rospy.core][INFO] 2016-06-10 12:07:00,582: signal_shutdown [atexit]
