[rospy.client][INFO] 2016-06-10 11:58:28,566: init_node, name[/joint_state_publisher], pid[32541]
[xmlrpc][INFO] 2016-06-10 11:58:28,567: XML-RPC server binding to 0.0.0.0:0
[xmlrpc][INFO] 2016-06-10 11:58:28,567: Started XML-RPC server [http://cmeintel-desktop:38856/]
[rospy.impl.masterslave][INFO] 2016-06-10 11:58:28,567: _ready: http://cmeintel-desktop:38856/
[rospy.init][INFO] 2016-06-10 11:58:28,568: ROS Slave URI: [http://cmeintel-desktop:38856/]
[rospy.registration][INFO] 2016-06-10 11:58:28,575: Registering with master node http://localhost:11311
[xmlrpc][INFO] 2016-06-10 11:58:28,575: xml rpc node: starting XML-RPC server
[rospy.init][INFO] 2016-06-10 11:58:28,674: registered with master
[rospy.rosout][INFO] 2016-06-10 11:58:28,675: initializing /rosout core topic
[rospy.rosout][INFO] 2016-06-10 11:58:28,676: connected to core topic /rosout
[rospy.simtime][INFO] 2016-06-10 11:58:28,677: initializing /clock core topic
[rospy.simtime][INFO] 2016-06-10 11:58:28,679: connected to core topic /clock
[rospy.internal][INFO] 2016-06-10 11:58:28,890: topic[/rosout] adding connection to [/rosout], count 0
[rospy.internal][INFO] 2016-06-10 11:58:29,004: topic[/joint_states] adding connection to [/robot_state_publisher], count 0
[rospy.internal][INFO] 2016-06-10 11:58:32,974: topic[/clock] adding connection to [http://cmeintel-desktop:44180/], count 0
[rospy.internal][INFO] 2016-06-10 11:58:41,580: topic[/base/joint_states] adding connection to [http://cmeintel-desktop:44180/], count 0
[rospy.internal][INFO] 2016-06-10 11:58:41,894: topic[/torso/joint_states] adding connection to [http://cmeintel-desktop:44180/], count 0
[rospy.internal][INFO] 2016-06-10 11:58:42,008: topic[/sensorring/joint_states] adding connection to [http://cmeintel-desktop:44180/], count 0
[rospy.internal][INFO] 2016-06-10 11:58:42,122: topic[/arm_right/joint_states] adding connection to [http://cmeintel-desktop:44180/], count 0
[rospy.internal][INFO] 2016-06-10 11:58:42,622: topic[/arm_left/joint_states] adding connection to [http://cmeintel-desktop:44180/], count 0
[rospy.internal][INFO] 2016-06-10 11:58:44,036: topic[/gripper_left/joint_states] adding connection to [http://cmeintel-desktop:44180/], count 0
[rospy.internal][INFO] 2016-06-10 11:58:44,302: topic[/gripper_right/joint_states] adding connection to [http://cmeintel-desktop:44180/], count 0
[rospy.core][INFO] 2016-06-10 12:07:01,542: signal_shutdown [signal-2]
[rospy.internal][INFO] 2016-06-10 12:07:01,546: topic[/joint_states] removing connection to /robot_state_publisher
[rospy.internal][INFO] 2016-06-10 12:07:01,546: topic[/rosout] removing connection to /rosout
[rospy.internal][INFO] 2016-06-10 12:07:01,547: topic[/arm_right/joint_states] removing connection to http://cmeintel-desktop:44180/
[rospy.internal][INFO] 2016-06-10 12:07:01,547: topic[/torso/joint_states] removing connection to http://cmeintel-desktop:44180/
[rospy.internal][INFO] 2016-06-10 12:07:01,547: topic[/sensorring/joint_states] removing connection to http://cmeintel-desktop:44180/
[rospy.internal][INFO] 2016-06-10 12:07:01,547: topic[/clock] removing connection to http://cmeintel-desktop:44180/
[rospy.internal][INFO] 2016-06-10 12:07:01,548: topic[/base/joint_states] removing connection to http://cmeintel-desktop:44180/
[rospy.internal][INFO] 2016-06-10 12:07:01,548: topic[/gripper_left/joint_states] removing connection to http://cmeintel-desktop:44180/
[rospy.internal][WARNING] 2016-06-10 12:07:01,548: Unknown error initiating TCP/IP socket to cmeintel-desktop:41519 (http://cmeintel-desktop:44180/): Traceback (most recent call last):
  File "/opt/ros/indigo/lib/python2.7/dist-packages/rospy/impl/tcpros_base.py", line 558, in connect
    self.local_endpoint = self.socket.getsockname()
AttributeError: 'NoneType' object has no attribute 'getsockname'

[rospy.internal][WARNING] 2016-06-10 12:07:01,549: Unknown error initiating TCP/IP socket to cmeintel-desktop:41519 (http://cmeintel-desktop:44180/): Traceback (most recent call last):
  File "/opt/ros/indigo/lib/python2.7/dist-packages/rospy/impl/tcpros_base.py", line 558, in connect
    self.local_endpoint = self.socket.getsockname()
AttributeError: 'NoneType' object has no attribute 'getsockname'

[rospy.internal][WARNING] 2016-06-10 12:07:01,549: Unknown error initiating TCP/IP socket to cmeintel-desktop:41519 (http://cmeintel-desktop:44180/): Traceback (most recent call last):
  File "/opt/ros/indigo/lib/python2.7/dist-packages/rospy/impl/tcpros_base.py", line 558, in connect
    self.local_endpoint = self.socket.getsockname()
AttributeError: 'NoneType' object has no attribute 'getsockname'

[rospy.internal][WARNING] 2016-06-10 12:07:01,549: Unknown error initiating TCP/IP socket to cmeintel-desktop:41519 (http://cmeintel-desktop:44180/): Traceback (most recent call last):
  File "/opt/ros/indigo/lib/python2.7/dist-packages/rospy/impl/tcpros_base.py", line 558, in connect
    self.local_endpoint = self.socket.getsockname()
AttributeError: 'NoneType' object has no attribute 'getsockname'

[rospy.internal][INFO] 2016-06-10 12:07:01,549: topic[/arm_left/joint_states] removing connection to http://cmeintel-desktop:44180/
[rospy.internal][INFO] 2016-06-10 12:07:01,549: topic[/gripper_right/joint_states] removing connection to http://cmeintel-desktop:44180/
[rospy.internal][WARNING] 2016-06-10 12:07:01,550: Unknown error initiating TCP/IP socket to cmeintel-desktop:41519 (http://cmeintel-desktop:44180/): Traceback (most recent call last):
  File "/opt/ros/indigo/lib/python2.7/dist-packages/rospy/impl/tcpros_base.py", line 558, in connect
    self.local_endpoint = self.socket.getsockname()
AttributeError: 'NoneType' object has no attribute 'getsockname'

[rospy.impl.masterslave][INFO] 2016-06-10 12:07:01,550: signal-2
[rospy.core][INFO] 2016-06-10 12:07:01,666: signal_shutdown [atexit]
