[rospy.client][INFO] 2016-06-10 11:58:26,622: init_node, name[/relayboard_node], pid[445]
[xmlrpc][INFO] 2016-06-10 11:58:26,622: XML-RPC server binding to 0.0.0.0:0
[xmlrpc][INFO] 2016-06-10 11:58:26,622: Started XML-RPC server [http://cmeintel-desktop:45483/]
[rospy.init][INFO] 2016-06-10 11:58:26,623: ROS Slave URI: [http://cmeintel-desktop:45483/]
[rospy.impl.masterslave][INFO] 2016-06-10 11:58:26,623: _ready: http://cmeintel-desktop:45483/
[rospy.registration][INFO] 2016-06-10 11:58:26,623: Registering with master node http://localhost:11311
[xmlrpc][INFO] 2016-06-10 11:58:26,623: xml rpc node: starting XML-RPC server
[rospy.init][INFO] 2016-06-10 11:58:26,723: registered with master
[rospy.rosout][INFO] 2016-06-10 11:58:26,723: initializing /rosout core topic
[rospy.rosout][INFO] 2016-06-10 11:58:26,725: connected to core topic /rosout
[rospy.simtime][INFO] 2016-06-10 11:58:26,726: initializing /clock core topic
[rospy.simtime][INFO] 2016-06-10 11:58:26,728: connected to core topic /clock
[rospy.internal][INFO] 2016-06-10 11:58:26,931: topic[/rosout] adding connection to [/rosout], count 0
[rospy.internal][INFO] 2016-06-10 11:58:32,973: topic[/clock] adding connection to [http://cmeintel-desktop:44180/], count 0
[rospy.internal][INFO] 2016-06-10 11:58:34,085: topic[/emergency_stop_state] adding connection to [/dashboard_aggregator], count 0
[rospy.internal][INFO] 2016-06-10 12:07:00,446: topic[/emergency_stop_state] adding connection to [/dashboard_aggregator], count 1
[rospy.internal][INFO] 2016-06-10 12:07:00,446: topic[/emergency_stop_state] removing connection to /dashboard_aggregator
[rospy.core][INFO] 2016-06-10 12:07:01,322: signal_shutdown [signal-2]
[rospy.internal][INFO] 2016-06-10 12:07:01,326: topic[/emergency_stop_state] removing connection to /dashboard_aggregator
[rospy.internal][INFO] 2016-06-10 12:07:01,327: topic[/rosout] removing connection to /rosout
[rospy.internal][INFO] 2016-06-10 12:07:01,327: topic[/clock] removing connection to http://cmeintel-desktop:44180/
[rospy.impl.masterslave][INFO] 2016-06-10 12:07:01,327: signal-2
[rospy.internal][WARNING] 2016-06-10 12:07:01,330: Unknown error initiating TCP/IP socket to cmeintel-desktop:41519 (http://cmeintel-desktop:44180/): Traceback (most recent call last):
  File "/opt/ros/indigo/lib/python2.7/dist-packages/rospy/impl/tcpros_base.py", line 558, in connect
    self.local_endpoint = self.socket.getsockname()
AttributeError: 'NoneType' object has no attribute 'getsockname'

[rospy.core][INFO] 2016-06-10 12:07:01,491: signal_shutdown [atexit]
