[rospy.client][INFO] 2016-06-10 11:58:32,797: init_node, name[/script_server], pid[2533]
[xmlrpc][INFO] 2016-06-10 11:58:32,798: XML-RPC server binding to 0.0.0.0:0
[xmlrpc][INFO] 2016-06-10 11:58:32,798: Started XML-RPC server [http://cmeintel-desktop:42483/]
[rospy.impl.masterslave][INFO] 2016-06-10 11:58:32,798: _ready: http://cmeintel-desktop:42483/
[rospy.init][INFO] 2016-06-10 11:58:32,799: ROS Slave URI: [http://cmeintel-desktop:42483/]
[xmlrpc][INFO] 2016-06-10 11:58:32,799: xml rpc node: starting XML-RPC server
[rospy.registration][INFO] 2016-06-10 11:58:32,800: Registering with master node http://localhost:11311
[rospy.init][INFO] 2016-06-10 11:58:32,899: registered with master
[rospy.rosout][INFO] 2016-06-10 11:58:32,899: initializing /rosout core topic
[rospy.rosout][INFO] 2016-06-10 11:58:32,901: connected to core topic /rosout
[rospy.simtime][INFO] 2016-06-10 11:58:32,903: initializing /clock core topic
[rospy.simtime][INFO] 2016-06-10 11:58:32,905: connected to core topic /clock
[rospy.internal][INFO] 2016-06-10 11:58:32,914: topic[/clock] adding connection to [http://cmeintel-desktop:44180/], count 0
[rosout][INFO] 2016-06-10 11:58:32,937: script_server is running
[rospy.internal][INFO] 2016-06-10 11:58:33,149: topic[/rosout] adding connection to [/rosout], count 0
[rospy.core][INFO] 2016-06-10 12:07:00,419: signal_shutdown [signal-2]
[rospy.internal][INFO] 2016-06-10 12:07:00,422: topic[/rosout] removing connection to /rosout
[rospy.internal][INFO] 2016-06-10 12:07:00,423: topic[/clock] removing connection to http://cmeintel-desktop:44180/
[rospy.impl.masterslave][INFO] 2016-06-10 12:07:00,423: signal-2
[rospy.core][INFO] 2016-06-10 12:07:00,915: signal_shutdown [atexit]
