[rospy.client][INFO] 2016-06-10 11:58:27,378: init_node, name[/sensorring/gazebo_services], pid[679]
[xmlrpc][INFO] 2016-06-10 11:58:27,378: XML-RPC server binding to 0.0.0.0:0
[xmlrpc][INFO] 2016-06-10 11:58:27,378: Started XML-RPC server [http://cmeintel-desktop:43806/]
[rospy.impl.masterslave][INFO] 2016-06-10 11:58:27,378: _ready: http://cmeintel-desktop:43806/
[rospy.init][INFO] 2016-06-10 11:58:27,378: ROS Slave URI: [http://cmeintel-desktop:43806/]
[xmlrpc][INFO] 2016-06-10 11:58:27,378: xml rpc node: starting XML-RPC server
[rospy.registration][INFO] 2016-06-10 11:58:27,379: Registering with master node http://localhost:11311
[rospy.init][INFO] 2016-06-10 11:58:27,479: registered with master
[rospy.rosout][INFO] 2016-06-10 11:58:27,479: initializing /rosout core topic
[rospy.rosout][INFO] 2016-06-10 11:58:27,488: connected to core topic /rosout
[rospy.simtime][INFO] 2016-06-10 11:58:27,503: initializing /clock core topic
[rospy.simtime][INFO] 2016-06-10 11:58:27,518: connected to core topic /clock
[rosout][INFO] 2016-06-10 11:58:27,571: gazebo_services running
[rospy.internal][INFO] 2016-06-10 11:58:27,763: topic[/rosout] adding connection to [/rosout], count 0
[rospy.internal][INFO] 2016-06-10 11:58:32,974: topic[/clock] adding connection to [http://cmeintel-desktop:44180/], count 0
[rospy.core][INFO] 2016-06-10 12:07:01,032: signal_shutdown [signal-2]
[rospy.internal][INFO] 2016-06-10 12:07:01,050: topic[/rosout] removing connection to /rosout
[rospy.internal][INFO] 2016-06-10 12:07:01,051: topic[/clock] removing connection to http://cmeintel-desktop:44180/
[rospy.impl.masterslave][INFO] 2016-06-10 12:07:01,051: signal-2
[rospy.core][INFO] 2016-06-10 12:07:01,665: signal_shutdown [atexit]
