[rospy.client][INFO] 2016-06-10 11:58:30,853: init_node, name[/spawn_gazebo_model], pid[32533]
[xmlrpc][INFO] 2016-06-10 11:58:30,853: XML-RPC server binding to 0.0.0.0:0
[xmlrpc][INFO] 2016-06-10 11:58:30,853: Started XML-RPC server [http://cmeintel-desktop:46197/]
[rospy.init][INFO] 2016-06-10 11:58:30,853: ROS Slave URI: [http://cmeintel-desktop:46197/]
[rospy.impl.masterslave][INFO] 2016-06-10 11:58:30,853: _ready: http://cmeintel-desktop:46197/
[rospy.registration][INFO] 2016-06-10 11:58:30,854: Registering with master node http://localhost:11311
[xmlrpc][INFO] 2016-06-10 11:58:30,854: xml rpc node: starting XML-RPC server
[rospy.init][INFO] 2016-06-10 11:58:30,954: registered with master
[rospy.rosout][INFO] 2016-06-10 11:58:30,954: initializing /rosout core topic
[rospy.rosout][INFO] 2016-06-10 11:58:30,955: connected to core topic /rosout
[rospy.simtime][INFO] 2016-06-10 11:58:30,956: initializing /clock core topic
[rospy.simtime][INFO] 2016-06-10 11:58:30,958: connected to core topic /clock
[rosout][INFO] 2016-06-10 11:58:30,960: Loading model xml from ros parameter
[rosout][INFO] 2016-06-10 11:58:30,968: Waiting for service /gazebo/spawn_urdf_model
[rospy.internal][INFO] 2016-06-10 11:58:31,196: topic[/rosout] adding connection to [/rosout], count 0
[rosout][INFO] 2016-06-10 11:58:33,079: Calling service /gazebo/spawn_urdf_model
[rospy.internal][INFO] 2016-06-10 11:58:33,166: topic[/clock] adding connection to [http://cmeintel-desktop:44180/], count 0
[rosout][INFO] 2016-06-10 11:58:36,505: Spawn status: SpawnModel: Successfully spawned model
[rospy.core][INFO] 2016-06-10 11:58:36,506: signal_shutdown [atexit]
[rospy.internal][INFO] 2016-06-10 11:58:36,508: topic[/rosout] removing connection to /rosout
[rospy.internal][INFO] 2016-06-10 11:58:36,509: topic[/clock] removing connection to http://cmeintel-desktop:44180/
[rospy.impl.masterslave][INFO] 2016-06-10 11:58:36,509: atexit
