[rospy.client][INFO] 2016-06-10 11:58:26,523: init_node, name[/torso/gazebo_services], pid[498]
[xmlrpc][INFO] 2016-06-10 11:58:26,524: XML-RPC server binding to 0.0.0.0:0
[xmlrpc][INFO] 2016-06-10 11:58:26,524: Started XML-RPC server [http://cmeintel-desktop:38153/]
[rospy.init][INFO] 2016-06-10 11:58:26,524: ROS Slave URI: [http://cmeintel-desktop:38153/]
[rospy.impl.masterslave][INFO] 2016-06-10 11:58:26,524: _ready: http://cmeintel-desktop:38153/
[rospy.registration][INFO] 2016-06-10 11:58:26,525: Registering with master node http://localhost:11311
[xmlrpc][INFO] 2016-06-10 11:58:26,525: xml rpc node: starting XML-RPC server
[rospy.init][INFO] 2016-06-10 11:58:26,624: registered with master
[rospy.rosout][INFO] 2016-06-10 11:58:26,624: initializing /rosout core topic
[rospy.rosout][INFO] 2016-06-10 11:58:26,626: connected to core topic /rosout
[rospy.simtime][INFO] 2016-06-10 11:58:26,627: initializing /clock core topic
[rospy.simtime][INFO] 2016-06-10 11:58:26,629: connected to core topic /clock
[rosout][INFO] 2016-06-10 11:58:26,634: gazebo_services running
[rospy.internal][INFO] 2016-06-10 11:58:26,830: topic[/rosout] adding connection to [/rosout], count 0
[rospy.internal][INFO] 2016-06-10 11:58:32,973: topic[/clock] adding connection to [http://cmeintel-desktop:44180/], count 0
[rospy.core][INFO] 2016-06-10 12:07:01,246: signal_shutdown [signal-2]
[rospy.internal][INFO] 2016-06-10 12:07:01,250: topic[/rosout] removing connection to /rosout
[rospy.internal][INFO] 2016-06-10 12:07:01,250: topic[/clock] removing connection to http://cmeintel-desktop:44180/
[rospy.internal][WARNING] 2016-06-10 12:07:01,250: Unknown error initiating TCP/IP socket to cmeintel-desktop:41519 (http://cmeintel-desktop:44180/): Traceback (most recent call last):
  File "/opt/ros/indigo/lib/python2.7/dist-packages/rospy/impl/tcpros_base.py", line 557, in connect
    self.read_header()
  File "/opt/ros/indigo/lib/python2.7/dist-packages/rospy/impl/tcpros_base.py", line 619, in read_header
    self._validate_header(read_ros_handshake_header(sock, self.read_buff, self.protocol.buff_size))
AttributeError: 'NoneType' object has no attribute 'buff_size'

[rospy.topics][ERROR] 2016-06-10 12:07:01,252: Traceback (most recent call last):
  File "/opt/ros/indigo/lib/python2.7/dist-packages/rospy/topics.py", line 307, in close
    c.close()
  File "/opt/ros/indigo/lib/python2.7/dist-packages/rospy/impl/tcpros_base.py", line 807, in close
    self.socket.close()
AttributeError: 'NoneType' object has no attribute 'close'

[rospy.impl.masterslave][INFO] 2016-06-10 12:07:01,252: signal-2
[rospy.core][INFO] 2016-06-10 12:07:01,384: signal_shutdown [atexit]
