[rospy.client][INFO] 2016-06-10 11:58:30,856: init_node, name[/world_tf_publisher], pid[32529]
[xmlrpc][INFO] 2016-06-10 11:58:30,857: XML-RPC server binding to 0.0.0.0:0
[xmlrpc][INFO] 2016-06-10 11:58:30,857: Started XML-RPC server [http://cmeintel-desktop:43930/]
[rospy.init][INFO] 2016-06-10 11:58:30,857: ROS Slave URI: [http://cmeintel-desktop:43930/]
[rospy.impl.masterslave][INFO] 2016-06-10 11:58:30,857: _ready: http://cmeintel-desktop:43930/
[rospy.registration][INFO] 2016-06-10 11:58:30,857: Registering with master node http://localhost:11311
[xmlrpc][INFO] 2016-06-10 11:58:30,857: xml rpc node: starting XML-RPC server
[rospy.init][INFO] 2016-06-10 11:58:30,957: registered with master
[rospy.rosout][INFO] 2016-06-10 11:58:30,957: initializing /rosout core topic
[rospy.rosout][INFO] 2016-06-10 11:58:30,959: connected to core topic /rosout
[rospy.simtime][INFO] 2016-06-10 11:58:30,960: initializing /clock core topic
[rospy.simtime][INFO] 2016-06-10 11:58:30,963: connected to core topic /clock
[rospy.internal][INFO] 2016-06-10 11:58:31,194: topic[/tf] adding connection to [/scan_unifier], count 0
[rospy.internal][INFO] 2016-06-10 11:58:31,194: topic[/tf] adding connection to [/torso/interactive_target], count 1
[rospy.internal][INFO] 2016-06-10 11:58:31,194: topic[/tf] adding connection to [/torso/frame_tracker], count 2
[rospy.internal][INFO] 2016-06-10 11:58:31,195: topic[/tf] adding connection to [/arm_left/frame_tracker], count 3
[rospy.internal][INFO] 2016-06-10 11:58:31,195: topic[/tf] adding connection to [/arm_left/interactive_target], count 4
[rospy.internal][INFO] 2016-06-10 11:58:31,196: topic[/tf] adding connection to [/arm_right/frame_tracker], count 5
[rospy.internal][INFO] 2016-06-10 11:58:31,197: topic[/rosout] adding connection to [/rosout], count 0
[rospy.internal][INFO] 2016-06-10 11:58:31,197: topic[/tf] adding connection to [/torso/twist_controller], count 6
[rospy.internal][INFO] 2016-06-10 11:58:31,197: topic[/tf] adding connection to [/arm_left/twist_controller], count 7
[rospy.internal][INFO] 2016-06-10 11:58:31,198: topic[/tf] adding connection to [/arm_right/interactive_target], count 8
[rospy.internal][INFO] 2016-06-10 11:58:31,198: topic[/tf] adding connection to [/arm_right/twist_controller], count 9
[rospy.internal][INFO] 2016-06-10 11:58:31,198: topic[/tf] adding connection to [/arm_left/obstacle_distance], count 10
[rospy.internal][INFO] 2016-06-10 11:58:31,199: topic[/tf] adding connection to [/torso/obstacle_distance], count 11
[rospy.internal][INFO] 2016-06-10 11:58:31,199: topic[/tf] adding connection to [/arm_right/obstacle_distance], count 12
[rospy.internal][INFO] 2016-06-10 11:58:31,606: topic[/tf] adding connection to [/image_flip_sensorring_cam3d/image_flip_sensorring_cam3d], count 13
[rospy.internal][INFO] 2016-06-10 11:58:31,614: topic[/tf] adding connection to [/image_flip_torso_cam3d_left/image_flip_torso_cam3d_left], count 14
[rospy.internal][INFO] 2016-06-10 11:58:31,615: topic[/tf] adding connection to [/image_flip_torso_cam3d_right/image_flip_torso_cam3d_right], count 15
[rospy.internal][INFO] 2016-06-10 11:58:33,971: topic[/clock] adding connection to [http://cmeintel-desktop:44180/], count 0
[rospy.core][INFO] 2016-06-10 12:07:01,651: signal_shutdown [signal-2]
[rospy.internal][INFO] 2016-06-10 12:07:01,653: topic[/rosout] removing connection to /rosout
[rospy.internal][INFO] 2016-06-10 12:07:01,653: topic[/tf] removing connection to /scan_unifier
[rospy.internal][INFO] 2016-06-10 12:07:01,654: topic[/tf] removing connection to /torso/interactive_target
[rospy.internal][INFO] 2016-06-10 12:07:01,654: topic[/tf] removing connection to /torso/frame_tracker
[rospy.internal][INFO] 2016-06-10 12:07:01,654: topic[/tf] removing connection to /arm_left/frame_tracker
[rospy.internal][INFO] 2016-06-10 12:07:01,654: topic[/tf] removing connection to /arm_left/interactive_target
[rospy.internal][INFO] 2016-06-10 12:07:01,654: topic[/tf] removing connection to /arm_right/frame_tracker
[rospy.internal][INFO] 2016-06-10 12:07:01,654: topic[/tf] removing connection to /torso/twist_controller
[rospy.internal][INFO] 2016-06-10 12:07:01,654: topic[/tf] removing connection to /arm_left/twist_controller
[rospy.internal][INFO] 2016-06-10 12:07:01,655: topic[/tf] removing connection to /arm_right/interactive_target
[rospy.internal][INFO] 2016-06-10 12:07:01,655: topic[/tf] removing connection to /arm_right/twist_controller
[rospy.internal][INFO] 2016-06-10 12:07:01,655: topic[/tf] removing connection to /arm_left/obstacle_distance
[rospy.internal][INFO] 2016-06-10 12:07:01,655: topic[/tf] removing connection to /torso/obstacle_distance
[rospy.internal][INFO] 2016-06-10 12:07:01,655: topic[/tf] removing connection to /arm_right/obstacle_distance
[rospy.internal][INFO] 2016-06-10 12:07:01,655: topic[/tf] removing connection to /image_flip_sensorring_cam3d/image_flip_sensorring_cam3d
[rospy.internal][INFO] 2016-06-10 12:07:01,655: topic[/tf] removing connection to /image_flip_torso_cam3d_left/image_flip_torso_cam3d_left
[rospy.internal][INFO] 2016-06-10 12:07:01,656: topic[/tf] removing connection to /image_flip_torso_cam3d_right/image_flip_torso_cam3d_right
[rospy.internal][INFO] 2016-06-10 12:07:01,656: topic[/clock] removing connection to http://cmeintel-desktop:44180/
[rospy.impl.masterslave][INFO] 2016-06-10 12:07:01,656: signal-2
[rospy.core][INFO] 2016-06-10 12:07:02,150: signal_shutdown [atexit]
