[rospy.client][INFO] 2016-06-04 15:57:40,670: init_node, name[/elevator], pid[482]
[xmlrpc][INFO] 2016-06-04 15:57:40,671: XML-RPC server binding to 0.0.0.0:0
[xmlrpc][INFO] 2016-06-04 15:57:40,672: Started XML-RPC server [http://cmeintel-desktop:36105/]
[rospy.init][INFO] 2016-06-04 15:57:40,672: ROS Slave URI: [http://cmeintel-desktop:36105/]
[rospy.impl.masterslave][INFO] 2016-06-04 15:57:40,672: _ready: http://cmeintel-desktop:36105/
[rospy.registration][INFO] 2016-06-04 15:57:40,672: Registering with master node http://localhost:11311
[xmlrpc][INFO] 2016-06-04 15:57:40,672: xml rpc node: starting XML-RPC server
[rospy.init][INFO] 2016-06-04 15:57:40,772: registered with master
[rospy.rosout][INFO] 2016-06-04 15:57:40,772: initializing /rosout core topic
[rospy.rosout][INFO] 2016-06-04 15:57:40,774: connected to core topic /rosout
[rospy.simtime][INFO] 2016-06-04 15:57:40,775: initializing /clock core topic
[rospy.simtime][INFO] 2016-06-04 15:57:40,777: connected to core topic /clock
[rospy.internal][INFO] 2016-06-04 15:57:41,057: topic[/rosout] adding connection to [/rosout], count 0
[rospy.internal][INFO] 2016-06-04 15:57:41,350: topic[/clock] adding connection to [http://cmeintel-desktop:35303/], count 0
[rospy.internal][INFO] 2016-06-04 15:57:42,964: topic[/elevator_button1_bumper] adding connection to [http://cmeintel-desktop:35303/], count 0
[rospy.core][INFO] 2016-06-04 15:57:52,129: signal_shutdown [signal-2]
[rospy.internal][INFO] 2016-06-04 15:57:52,134: topic[/rosout] removing connection to /rosout
[rospy.internal][INFO] 2016-06-04 15:57:52,134: topic[/clock] removing connection to http://cmeintel-desktop:35303/
[rospy.internal][INFO] 2016-06-04 15:57:52,134: topic[/elevator_button1_bumper] removing connection to http://cmeintel-desktop:35303/
[rospy.impl.masterslave][INFO] 2016-06-04 15:57:52,134: signal-2
[rospy.core][INFO] 2016-06-04 15:57:52,299: signal_shutdown [atexit]
