[rospy.client][INFO] 2016-06-04 15:57:42,228: init_node, name[/spawn_urdf_world], pid[467]
[xmlrpc][INFO] 2016-06-04 15:57:42,229: XML-RPC server binding to 0.0.0.0:0
[xmlrpc][INFO] 2016-06-04 15:57:42,229: Started XML-RPC server [http://cmeintel-desktop:34004/]
[rospy.init][INFO] 2016-06-04 15:57:42,229: ROS Slave URI: [http://cmeintel-desktop:34004/]
[rospy.impl.masterslave][INFO] 2016-06-04 15:57:42,229: _ready: http://cmeintel-desktop:34004/
[rospy.registration][INFO] 2016-06-04 15:57:42,230: Registering with master node http://localhost:11311
[xmlrpc][INFO] 2016-06-04 15:57:42,230: xml rpc node: starting XML-RPC server
[rospy.init][INFO] 2016-06-04 15:57:42,329: registered with master
[rospy.rosout][INFO] 2016-06-04 15:57:42,329: initializing /rosout core topic
[rospy.rosout][INFO] 2016-06-04 15:57:42,331: connected to core topic /rosout
[rospy.simtime][INFO] 2016-06-04 15:57:42,332: initializing /clock core topic
[rospy.simtime][INFO] 2016-06-04 15:57:42,334: connected to core topic /clock
[rosout][INFO] 2016-06-04 15:57:42,337: Loading model xml from ros parameter
[rosout][INFO] 2016-06-04 15:57:42,343: Waiting for service /gazebo/spawn_urdf_model
[rospy.internal][INFO] 2016-06-04 15:57:42,344: topic[/clock] adding connection to [http://cmeintel-desktop:35303/], count 0
[rosout][INFO] 2016-06-04 15:57:42,345: Calling service /gazebo/spawn_urdf_model
[rospy.internal][INFO] 2016-06-04 15:57:42,552: topic[/rosout] adding connection to [/rosout], count 0
[rosout][INFO] 2016-06-04 15:57:42,883: Spawn status: SpawnModel: Successfully spawned model
[rospy.core][INFO] 2016-06-04 15:57:42,883: signal_shutdown [atexit]
[rospy.internal][INFO] 2016-06-04 15:57:42,886: topic[/rosout] removing connection to /rosout
[rospy.internal][INFO] 2016-06-04 15:57:42,886: topic[/clock] removing connection to http://cmeintel-desktop:35303/
[rospy.impl.masterslave][INFO] 2016-06-04 15:57:42,886: atexit
