[rospy.client][INFO] 2016-06-04 16:02:30,729: init_node, name[/behavior], pid[6966]
[xmlrpc][INFO] 2016-06-04 16:02:30,731: XML-RPC server binding to 0.0.0.0:0
[xmlrpc][INFO] 2016-06-04 16:02:30,731: Started XML-RPC server [http://cmeintel-desktop:42030/]
[rospy.init][INFO] 2016-06-04 16:02:30,731: ROS Slave URI: [http://cmeintel-desktop:42030/]
[rospy.impl.masterslave][INFO] 2016-06-04 16:02:30,731: _ready: http://cmeintel-desktop:42030/
[xmlrpc][INFO] 2016-06-04 16:02:30,732: xml rpc node: starting XML-RPC server
[rospy.registration][INFO] 2016-06-04 16:02:30,732: Registering with master node http://localhost:11311
[rospy.init][INFO] 2016-06-04 16:02:30,831: registered with master
[rospy.rosout][INFO] 2016-06-04 16:02:30,832: initializing /rosout core topic
[rospy.rosout][INFO] 2016-06-04 16:02:30,837: connected to core topic /rosout
[rospy.simtime][INFO] 2016-06-04 16:02:30,845: initializing /clock core topic
[rospy.simtime][INFO] 2016-06-04 16:02:30,861: connected to core topic /clock
[rospy.internal][INFO] 2016-06-04 16:02:30,898: topic[/clock] adding connection to [http://cmeintel-desktop:36091/], count 0
[rospy.internal][INFO] 2016-06-04 16:02:31,075: topic[/rosout] adding connection to [/rosout], count 0
[rospy.core][INFO] 2016-06-04 16:03:10,212: signal_shutdown [signal-2]
[rospy.internal][INFO] 2016-06-04 16:03:10,223: topic[/rosout] removing connection to /rosout
[rospy.internal][INFO] 2016-06-04 16:03:10,224: topic[/clock] removing connection to http://cmeintel-desktop:36091/
[rospy.impl.masterslave][INFO] 2016-06-04 16:03:10,224: signal-2
[rospy.internal][WARNING] 2016-06-04 16:03:10,225: Unknown error initiating TCP/IP socket to cmeintel-desktop:34412 (http://cmeintel-desktop:36091/): Traceback (most recent call last):
  File "/opt/ros/indigo/lib/python2.7/dist-packages/rospy/impl/tcpros_base.py", line 558, in connect
    self.local_endpoint = self.socket.getsockname()
AttributeError: 'NoneType' object has no attribute 'getsockname'

[rospy.core][INFO] 2016-06-04 16:03:10,838: signal_shutdown [atexit]
