[rospy.client][INFO] 2016-06-04 16:02:29,680: init_node, name[/dashboard_aggregator], pid[6939]
[xmlrpc][INFO] 2016-06-04 16:02:29,680: XML-RPC server binding to 0.0.0.0:0
[xmlrpc][INFO] 2016-06-04 16:02:29,680: Started XML-RPC server [http://cmeintel-desktop:33879/]
[rospy.impl.masterslave][INFO] 2016-06-04 16:02:29,680: _ready: http://cmeintel-desktop:33879/
[rospy.registration][INFO] 2016-06-04 16:02:29,681: Registering with master node http://localhost:11311
[xmlrpc][INFO] 2016-06-04 16:02:29,681: xml rpc node: starting XML-RPC server
[rospy.init][INFO] 2016-06-04 16:02:29,686: ROS Slave URI: [http://cmeintel-desktop:33879/]
[rospy.init][INFO] 2016-06-04 16:02:29,687: registered with master
[rospy.rosout][INFO] 2016-06-04 16:02:29,687: initializing /rosout core topic
[rospy.rosout][INFO] 2016-06-04 16:02:29,688: connected to core topic /rosout
[rospy.simtime][INFO] 2016-06-04 16:02:29,690: initializing /clock core topic
[rospy.simtime][INFO] 2016-06-04 16:02:29,692: connected to core topic /clock
[rospy.internal][INFO] 2016-06-04 16:02:29,907: topic[/rosout] adding connection to [/rosout], count 0
[rospy.internal][INFO] 2016-06-04 16:02:30,161: topic[/clock] adding connection to [http://cmeintel-desktop:36091/], count 0
[rospy.internal][INFO] 2016-06-04 16:02:36,832: topic[/emergency_stop_state] adding connection to [http://cmeintel-desktop:45732/], count 0
[rospy.internal][INFO] 2016-06-04 16:02:36,832: topic[/diagnostics_toplevel_state] adding connection to [http://cmeintel-desktop:33935/], count 0
[rospy.core][INFO] 2016-06-04 16:03:10,215: signal_shutdown [signal-2]
[rospy.internal][INFO] 2016-06-04 16:03:10,229: topic[/rosout] removing connection to /rosout
[rospy.internal][INFO] 2016-06-04 16:03:10,230: topic[/diagnostics_toplevel_state] removing connection to http://cmeintel-desktop:33935/
[rospy.internal][INFO] 2016-06-04 16:03:10,230: topic[/clock] removing connection to http://cmeintel-desktop:36091/
[rospy.internal][INFO] 2016-06-04 16:03:10,230: topic[/emergency_stop_state] removing connection to http://cmeintel-desktop:45732/
[rospy.impl.masterslave][INFO] 2016-06-04 16:03:10,230: signal-2
[rospy.core][INFO] 2016-06-04 16:03:10,365: signal_shutdown [atexit]
