[rospy.client][INFO] 2016-06-04 16:02:28,827: init_node, name[/elevator], pid[6474]
[xmlrpc][INFO] 2016-06-04 16:02:28,827: XML-RPC server binding to 0.0.0.0:0
[xmlrpc][INFO] 2016-06-04 16:02:28,827: Started XML-RPC server [http://cmeintel-desktop:33244/]
[rospy.init][INFO] 2016-06-04 16:02:28,827: ROS Slave URI: [http://cmeintel-desktop:33244/]
[rospy.impl.masterslave][INFO] 2016-06-04 16:02:28,828: _ready: http://cmeintel-desktop:33244/
[xmlrpc][INFO] 2016-06-04 16:02:28,828: xml rpc node: starting XML-RPC server
[rospy.registration][INFO] 2016-06-04 16:02:28,828: Registering with master node http://localhost:11311
[rospy.init][INFO] 2016-06-04 16:02:28,928: registered with master
[rospy.rosout][INFO] 2016-06-04 16:02:28,928: initializing /rosout core topic
[rospy.rosout][INFO] 2016-06-04 16:02:28,976: connected to core topic /rosout
[rospy.simtime][INFO] 2016-06-04 16:02:28,990: initializing /clock core topic
[rospy.simtime][INFO] 2016-06-04 16:02:29,050: connected to core topic /clock
[rospy.internal][INFO] 2016-06-04 16:02:29,151: topic[/rosout] adding connection to [/rosout], count 0
[rospy.internal][INFO] 2016-06-04 16:02:30,137: topic[/clock] adding connection to [http://cmeintel-desktop:36091/], count 0
[rospy.internal][INFO] 2016-06-04 16:02:35,802: topic[/elevator_button1_bumper] adding connection to [http://cmeintel-desktop:36091/], count 0
[rospy.core][INFO] 2016-06-04 16:03:11,017: signal_shutdown [signal-2]
[rospy.internal][INFO] 2016-06-04 16:03:11,020: topic[/rosout] removing connection to /rosout
[rospy.internal][INFO] 2016-06-04 16:03:11,020: topic[/clock] removing connection to http://cmeintel-desktop:36091/
[rospy.internal][INFO] 2016-06-04 16:03:11,020: topic[/elevator_button1_bumper] removing connection to http://cmeintel-desktop:36091/
[rospy.impl.masterslave][INFO] 2016-06-04 16:03:11,020: signal-2
[rospy.internal][ERROR] 2016-06-04 16:03:11,020: Traceback (most recent call last):
  File "/opt/ros/indigo/lib/python2.7/dist-packages/rospy/impl/tcpros_base.py", line 698, in receive_once
    self.stat_bytes += recv_buff(sock, b, p.buff_size)
  File "/opt/ros/indigo/lib/python2.7/dist-packages/rospy/impl/tcpros_base.py", line 103, in recv_buff
    d = sock.recv(buff_size)
error: [Errno 104] Connection reset by peer

[rospy.core][INFO] 2016-06-04 16:03:11,124: signal_shutdown [atexit]
