[rospy.client][INFO] 2016-06-04 16:02:29,304: init_node, name[/head/gazebo_services], pid[6794]
[xmlrpc][INFO] 2016-06-04 16:02:29,304: XML-RPC server binding to 0.0.0.0:0
[xmlrpc][INFO] 2016-06-04 16:02:29,304: Started XML-RPC server [http://cmeintel-desktop:41816/]
[rospy.impl.masterslave][INFO] 2016-06-04 16:02:29,304: _ready: http://cmeintel-desktop:41816/
[rospy.registration][INFO] 2016-06-04 16:02:29,305: Registering with master node http://localhost:11311
[xmlrpc][INFO] 2016-06-04 16:02:29,305: xml rpc node: starting XML-RPC server
[rospy.init][INFO] 2016-06-04 16:02:29,306: ROS Slave URI: [http://cmeintel-desktop:41816/]
[rospy.init][INFO] 2016-06-04 16:02:29,306: registered with master
[rospy.rosout][INFO] 2016-06-04 16:02:29,306: initializing /rosout core topic
[rospy.rosout][INFO] 2016-06-04 16:02:29,324: connected to core topic /rosout
[rospy.simtime][INFO] 2016-06-04 16:02:29,328: initializing /clock core topic
[rospy.simtime][INFO] 2016-06-04 16:02:29,339: connected to core topic /clock
[rosout][INFO] 2016-06-04 16:02:29,434: gazebo_services running
[rospy.internal][INFO] 2016-06-04 16:02:29,570: topic[/rosout] adding connection to [/rosout], count 0
[rospy.internal][INFO] 2016-06-04 16:02:30,160: topic[/clock] adding connection to [http://cmeintel-desktop:36091/], count 0
[rospy.core][INFO] 2016-06-04 16:03:10,415: signal_shutdown [signal-2]
[rospy.internal][INFO] 2016-06-04 16:03:10,423: topic[/rosout] removing connection to /rosout
[rospy.internal][INFO] 2016-06-04 16:03:10,424: topic[/clock] removing connection to http://cmeintel-desktop:36091/
[rospy.impl.masterslave][INFO] 2016-06-04 16:03:10,424: signal-2
[rospy.core][INFO] 2016-06-04 16:03:10,539: signal_shutdown [atexit]
