[rospy.client][INFO] 2016-06-04 16:02:29,263: init_node, name[/joint_state_publisher], pid[6501]
[xmlrpc][INFO] 2016-06-04 16:02:29,263: XML-RPC server binding to 0.0.0.0:0
[xmlrpc][INFO] 2016-06-04 16:02:29,263: Started XML-RPC server [http://cmeintel-desktop:43753/]
[rospy.impl.masterslave][INFO] 2016-06-04 16:02:29,263: _ready: http://cmeintel-desktop:43753/
[rospy.registration][INFO] 2016-06-04 16:02:29,264: Registering with master node http://localhost:11311
[rospy.init][INFO] 2016-06-04 16:02:29,264: ROS Slave URI: [http://cmeintel-desktop:43753/]
[rospy.init][INFO] 2016-06-04 16:02:29,265: registered with master
[rospy.rosout][INFO] 2016-06-04 16:02:29,265: initializing /rosout core topic
[xmlrpc][INFO] 2016-06-04 16:02:29,274: xml rpc node: starting XML-RPC server
[rospy.rosout][INFO] 2016-06-04 16:02:29,279: connected to core topic /rosout
[rospy.simtime][INFO] 2016-06-04 16:02:29,288: initializing /clock core topic
[rospy.simtime][INFO] 2016-06-04 16:02:29,304: connected to core topic /clock
[rospy.internal][INFO] 2016-06-04 16:02:29,470: topic[/rosout] adding connection to [/rosout], count 0
[rospy.internal][INFO] 2016-06-04 16:02:29,775: topic[/joint_states] adding connection to [/robot_state_publisher], count 0
[rospy.internal][INFO] 2016-06-04 16:02:30,157: topic[/clock] adding connection to [http://cmeintel-desktop:36091/], count 0
[rospy.internal][INFO] 2016-06-04 16:02:34,421: topic[/base/joint_states] adding connection to [http://cmeintel-desktop:36091/], count 0
[rospy.internal][INFO] 2016-06-04 16:02:34,922: topic[/torso/joint_states] adding connection to [http://cmeintel-desktop:36091/], count 0
[rospy.internal][INFO] 2016-06-04 16:02:36,236: topic[/head/joint_states] adding connection to [http://cmeintel-desktop:36091/], count 0
[rospy.internal][INFO] 2016-06-04 16:02:36,457: topic[/sensorring/joint_states] adding connection to [http://cmeintel-desktop:36091/], count 0
[rospy.core][INFO] 2016-06-04 16:03:10,918: signal_shutdown [signal-2]
[rospy.internal][INFO] 2016-06-04 16:03:10,922: topic[/joint_states] removing connection to /robot_state_publisher
[rospy.internal][INFO] 2016-06-04 16:03:10,922: topic[/rosout] removing connection to /rosout
[rospy.internal][INFO] 2016-06-04 16:03:10,922: topic[/clock] removing connection to http://cmeintel-desktop:36091/
[rospy.internal][INFO] 2016-06-04 16:03:10,923: topic[/head/joint_states] removing connection to http://cmeintel-desktop:36091/
[rospy.internal][INFO] 2016-06-04 16:03:10,923: topic[/base/joint_states] removing connection to http://cmeintel-desktop:36091/
[rospy.internal][INFO] 2016-06-04 16:03:10,923: topic[/sensorring/joint_states] removing connection to http://cmeintel-desktop:36091/
[rospy.internal][INFO] 2016-06-04 16:03:10,923: topic[/torso/joint_states] removing connection to http://cmeintel-desktop:36091/
[rospy.impl.masterslave][INFO] 2016-06-04 16:03:10,923: signal-2
[rospy.internal][WARNING] 2016-06-04 16:03:10,925: Unknown error initiating TCP/IP socket to cmeintel-desktop:34412 (http://cmeintel-desktop:36091/): Traceback (most recent call last):
  File "/opt/ros/indigo/lib/python2.7/dist-packages/rospy/impl/tcpros_base.py", line 558, in connect
    self.local_endpoint = self.socket.getsockname()
AttributeError: 'NoneType' object has no attribute 'getsockname'

[rospy.internal][WARNING] 2016-06-04 16:03:10,925: Unknown error initiating TCP/IP socket to cmeintel-desktop:34412 (http://cmeintel-desktop:36091/): Traceback (most recent call last):
  File "/opt/ros/indigo/lib/python2.7/dist-packages/rospy/impl/tcpros_base.py", line 558, in connect
    self.local_endpoint = self.socket.getsockname()
AttributeError: 'NoneType' object has no attribute 'getsockname'

[rospy.internal][WARNING] 2016-06-04 16:03:10,925: Unknown error initiating TCP/IP socket to cmeintel-desktop:34412 (http://cmeintel-desktop:36091/): Traceback (most recent call last):
  File "/opt/ros/indigo/lib/python2.7/dist-packages/rospy/impl/tcpros_base.py", line 558, in connect
    self.local_endpoint = self.socket.getsockname()
AttributeError: 'NoneType' object has no attribute 'getsockname'

[rospy.core][INFO] 2016-06-04 16:03:11,539: signal_shutdown [atexit]
