[rospy.client][INFO] 2016-06-04 16:02:29,540: init_node, name[/sensorring/gazebo_services], pid[6864]
[xmlrpc][INFO] 2016-06-04 16:02:29,541: XML-RPC server binding to 0.0.0.0:0
[xmlrpc][INFO] 2016-06-04 16:02:29,542: Started XML-RPC server [http://cmeintel-desktop:46481/]
[rospy.impl.masterslave][INFO] 2016-06-04 16:02:29,542: _ready: http://cmeintel-desktop:46481/
[rospy.registration][INFO] 2016-06-04 16:02:29,542: Registering with master node http://localhost:11311
[xmlrpc][INFO] 2016-06-04 16:02:29,542: xml rpc node: starting XML-RPC server
[rospy.init][INFO] 2016-06-04 16:02:29,543: ROS Slave URI: [http://cmeintel-desktop:46481/]
[rospy.init][INFO] 2016-06-04 16:02:29,543: registered with master
[rospy.rosout][INFO] 2016-06-04 16:02:29,544: initializing /rosout core topic
[rospy.rosout][INFO] 2016-06-04 16:02:29,548: connected to core topic /rosout
[rospy.simtime][INFO] 2016-06-04 16:02:29,551: initializing /clock core topic
[rospy.simtime][INFO] 2016-06-04 16:02:29,559: connected to core topic /clock
[rosout][INFO] 2016-06-04 16:02:29,579: gazebo_services running
[rospy.internal][INFO] 2016-06-04 16:02:29,806: topic[/rosout] adding connection to [/rosout], count 0
[rospy.internal][INFO] 2016-06-04 16:02:30,175: topic[/clock] adding connection to [http://cmeintel-desktop:36091/], count 0
[rospy.core][INFO] 2016-06-04 16:03:10,223: signal_shutdown [signal-2]
[rospy.internal][INFO] 2016-06-04 16:03:10,229: topic[/rosout] removing connection to /rosout
[rospy.internal][INFO] 2016-06-04 16:03:10,229: topic[/clock] removing connection to http://cmeintel-desktop:36091/
[rospy.impl.masterslave][INFO] 2016-06-04 16:03:10,229: signal-2
[rospy.core][INFO] 2016-06-04 16:03:10,361: signal_shutdown [atexit]
