[rospy.client][INFO] 2016-06-04 16:02:29,075: init_node, name[/spawn_gazebo_model], pid[6479]
[xmlrpc][INFO] 2016-06-04 16:02:29,075: XML-RPC server binding to 0.0.0.0:0
[xmlrpc][INFO] 2016-06-04 16:02:29,075: Started XML-RPC server [http://cmeintel-desktop:34679/]
[rospy.impl.masterslave][INFO] 2016-06-04 16:02:29,076: _ready: http://cmeintel-desktop:34679/
[rospy.init][INFO] 2016-06-04 16:02:29,077: ROS Slave URI: [http://cmeintel-desktop:34679/]
[rospy.registration][INFO] 2016-06-04 16:02:29,077: Registering with master node http://localhost:11311
[xmlrpc][INFO] 2016-06-04 16:02:29,077: xml rpc node: starting XML-RPC server
[rospy.init][INFO] 2016-06-04 16:02:29,177: registered with master
[rospy.rosout][INFO] 2016-06-04 16:02:29,177: initializing /rosout core topic
[rospy.rosout][INFO] 2016-06-04 16:02:30,183: connected to core topic /rosout
[rospy.simtime][INFO] 2016-06-04 16:02:30,186: initializing /clock core topic
[rospy.simtime][INFO] 2016-06-04 16:02:30,195: connected to core topic /clock
[rosout][INFO] 2016-06-04 16:02:30,198: Loading model xml from ros parameter
[rosout][INFO] 2016-06-04 16:02:30,204: Waiting for service /gazebo/spawn_urdf_model
[rosout][INFO] 2016-06-04 16:02:30,206: Calling service /gazebo/spawn_urdf_model
[rospy.internal][INFO] 2016-06-04 16:02:30,254: topic[/clock] adding connection to [http://cmeintel-desktop:36091/], count 0
[rospy.internal][INFO] 2016-06-04 16:02:30,295: topic[/rosout] adding connection to [/rosout], count 0
[rosout][INFO] 2016-06-04 16:02:32,341: Spawn status: SpawnModel: Successfully spawned model
[rospy.core][INFO] 2016-06-04 16:02:32,342: signal_shutdown [atexit]
[rospy.internal][INFO] 2016-06-04 16:02:32,344: topic[/rosout] removing connection to /rosout
[rospy.internal][INFO] 2016-06-04 16:02:32,344: topic[/clock] removing connection to http://cmeintel-desktop:36091/
[rospy.impl.masterslave][INFO] 2016-06-04 16:02:32,345: atexit
