[rospy.client][INFO] 2016-06-04 16:02:28,784: init_node, name[/spawn_urdf_world], pid[6434]
[xmlrpc][INFO] 2016-06-04 16:02:28,785: XML-RPC server binding to 0.0.0.0:0
[xmlrpc][INFO] 2016-06-04 16:02:28,785: Started XML-RPC server [http://cmeintel-desktop:34605/]
[rospy.impl.masterslave][INFO] 2016-06-04 16:02:28,785: _ready: http://cmeintel-desktop:34605/
[rospy.init][INFO] 2016-06-04 16:02:28,785: ROS Slave URI: [http://cmeintel-desktop:34605/]
[rospy.registration][INFO] 2016-06-04 16:02:28,785: Registering with master node http://localhost:11311
[xmlrpc][INFO] 2016-06-04 16:02:28,786: xml rpc node: starting XML-RPC server
[rospy.init][INFO] 2016-06-04 16:02:28,885: registered with master
[rospy.rosout][INFO] 2016-06-04 16:02:28,885: initializing /rosout core topic
[rospy.rosout][INFO] 2016-06-04 16:02:28,898: connected to core topic /rosout
[rospy.simtime][INFO] 2016-06-04 16:02:28,903: initializing /clock core topic
[rospy.simtime][INFO] 2016-06-04 16:02:28,973: connected to core topic /clock
[rosout][INFO] 2016-06-04 16:02:29,023: Loading model xml from ros parameter
[rosout][INFO] 2016-06-04 16:02:29,049: Waiting for service /gazebo/spawn_urdf_model
[rospy.internal][INFO] 2016-06-04 16:02:29,150: topic[/rosout] adding connection to [/rosout], count 0
[rospy.internal][INFO] 2016-06-04 16:02:30,178: topic[/clock] adding connection to [http://cmeintel-desktop:36091/], count 0
[rosout][INFO] 2016-06-04 16:02:30,301: Calling service /gazebo/spawn_urdf_model
[rosout][INFO] 2016-06-04 16:02:35,214: Spawn status: SpawnModel: Successfully spawned model
[rospy.core][INFO] 2016-06-04 16:02:35,215: signal_shutdown [atexit]
[rospy.internal][INFO] 2016-06-04 16:02:35,217: topic[/rosout] removing connection to /rosout
[rospy.internal][INFO] 2016-06-04 16:02:35,217: topic[/clock] removing connection to http://cmeintel-desktop:36091/
[rospy.impl.masterslave][INFO] 2016-06-04 16:02:35,217: atexit
