[rospy.client][INFO] 2016-06-04 16:02:29,318: init_node, name[/torso/gazebo_services], pid[6669]
[xmlrpc][INFO] 2016-06-04 16:02:29,319: XML-RPC server binding to 0.0.0.0:0
[xmlrpc][INFO] 2016-06-04 16:02:29,320: Started XML-RPC server [http://cmeintel-desktop:43874/]
[rospy.init][INFO] 2016-06-04 16:02:29,320: ROS Slave URI: [http://cmeintel-desktop:43874/]
[rospy.impl.masterslave][INFO] 2016-06-04 16:02:29,320: _ready: http://cmeintel-desktop:43874/
[xmlrpc][INFO] 2016-06-04 16:02:29,320: xml rpc node: starting XML-RPC server
[rospy.registration][INFO] 2016-06-04 16:02:29,321: Registering with master node http://localhost:11311
[rospy.init][INFO] 2016-06-04 16:02:29,420: registered with master
[rospy.rosout][INFO] 2016-06-04 16:02:29,420: initializing /rosout core topic
[rospy.rosout][INFO] 2016-06-04 16:02:29,427: connected to core topic /rosout
[rospy.simtime][INFO] 2016-06-04 16:02:29,436: initializing /clock core topic
[rospy.simtime][INFO] 2016-06-04 16:02:29,440: connected to core topic /clock
[rosout][INFO] 2016-06-04 16:02:29,469: gazebo_services running
[rospy.internal][INFO] 2016-06-04 16:02:29,569: topic[/rosout] adding connection to [/rosout], count 0
[rospy.internal][INFO] 2016-06-04 16:02:30,156: topic[/clock] adding connection to [http://cmeintel-desktop:36091/], count 0
[rospy.core][INFO] 2016-06-04 16:03:10,616: signal_shutdown [signal-2]
[rospy.internal][INFO] 2016-06-04 16:03:10,619: topic[/rosout] removing connection to /rosout
[rospy.internal][INFO] 2016-06-04 16:03:10,619: topic[/clock] removing connection to http://cmeintel-desktop:36091/
[rospy.impl.masterslave][INFO] 2016-06-04 16:03:10,619: signal-2
[rospy.core][INFO] 2016-06-04 16:03:10,736: signal_shutdown [atexit]
