[rospy.client][INFO] 2016-06-04 16:02:29,117: init_node, name[/world_tf_publisher], pid[6456]
[xmlrpc][INFO] 2016-06-04 16:02:29,117: XML-RPC server binding to 0.0.0.0:0
[xmlrpc][INFO] 2016-06-04 16:02:29,118: Started XML-RPC server [http://cmeintel-desktop:36748/]
[rospy.impl.masterslave][INFO] 2016-06-04 16:02:29,118: _ready: http://cmeintel-desktop:36748/
[rospy.registration][INFO] 2016-06-04 16:02:29,118: Registering with master node http://localhost:11311
[xmlrpc][INFO] 2016-06-04 16:02:29,121: xml rpc node: starting XML-RPC server
[rospy.init][INFO] 2016-06-04 16:02:29,126: ROS Slave URI: [http://cmeintel-desktop:36748/]
[rospy.init][INFO] 2016-06-04 16:02:29,126: registered with master
[rospy.rosout][INFO] 2016-06-04 16:02:29,126: initializing /rosout core topic
[rospy.rosout][INFO] 2016-06-04 16:02:29,139: connected to core topic /rosout
[rospy.simtime][INFO] 2016-06-04 16:02:29,145: initializing /clock core topic
[rospy.simtime][INFO] 2016-06-04 16:02:29,162: connected to core topic /clock
[rospy.internal][INFO] 2016-06-04 16:02:29,358: topic[/tf] adding connection to [/torso/twist_controller], count 0
[rospy.internal][INFO] 2016-06-04 16:02:29,367: topic[/rosout] adding connection to [/rosout], count 0
[rospy.internal][INFO] 2016-06-04 16:02:29,462: topic[/tf] adding connection to [/torso/frame_tracker], count 1
[rospy.internal][INFO] 2016-06-04 16:02:29,488: topic[/tf] adding connection to [/torso/obstacle_distance], count 2
[rospy.internal][INFO] 2016-06-04 16:02:29,945: topic[/tf] adding connection to [/scan_unifier], count 3
[rospy.internal][INFO] 2016-06-04 16:02:30,153: topic[/clock] adding connection to [http://cmeintel-desktop:36091/], count 0
[rospy.internal][INFO] 2016-06-04 16:02:30,191: topic[/tf] adding connection to [/head/twist_controller], count 4
[rospy.internal][INFO] 2016-06-04 16:02:30,191: topic[/tf] adding connection to [/head/frame_tracker], count 5
[rospy.internal][INFO] 2016-06-04 16:02:30,196: topic[/tf] adding connection to [/torso/interactive_target], count 6
[rospy.internal][INFO] 2016-06-04 16:02:30,196: topic[/tf] adding connection to [/head/interactive_target], count 7
[rospy.internal][INFO] 2016-06-04 16:02:30,361: topic[/tf] adding connection to [/head/obstacle_distance], count 8
[rospy.internal][INFO] 2016-06-04 16:03:10,687: topic[/tf] removing connection to /head/twist_controller
[rospy.internal][INFO] 2016-06-04 16:03:10,687: topic[/tf] removing connection to /head/frame_tracker
[rospy.internal][INFO] 2016-06-04 16:03:10,687: topic[/tf] removing connection to /head/interactive_target
[rospy.internal][INFO] 2016-06-04 16:03:10,688: topic[/tf] removing connection to /head/obstacle_distance
[rospy.internal][INFO] 2016-06-04 16:03:10,898: topic[/tf] removing connection to /torso/twist_controller
[rospy.internal][INFO] 2016-06-04 16:03:10,898: topic[/tf] removing connection to /torso/frame_tracker
[rospy.internal][INFO] 2016-06-04 16:03:10,898: topic[/tf] removing connection to /torso/obstacle_distance
[rospy.internal][INFO] 2016-06-04 16:03:10,899: topic[/tf] removing connection to /torso/interactive_target
[rospy.core][INFO] 2016-06-04 16:03:11,023: signal_shutdown [signal-2]
[rospy.internal][INFO] 2016-06-04 16:03:11,026: topic[/rosout] removing connection to /rosout
[rospy.internal][INFO] 2016-06-04 16:03:11,026: topic[/tf] removing connection to /scan_unifier
[rospy.internal][INFO] 2016-06-04 16:03:11,026: topic[/clock] removing connection to http://cmeintel-desktop:36091/
[rospy.impl.masterslave][INFO] 2016-06-04 16:03:11,026: signal-2
[rospy.core][INFO] 2016-06-04 16:03:11,641: signal_shutdown [atexit]
