[rospy.client][INFO] 2016-06-04 16:18:23,704: init_node, name[/base/gazebo_services], pid[7146]
[xmlrpc][INFO] 2016-06-04 16:18:23,704: XML-RPC server binding to 0.0.0.0:0
[xmlrpc][INFO] 2016-06-04 16:18:23,705: Started XML-RPC server [http://cmeintel-desktop:38875/]
[rospy.impl.masterslave][INFO] 2016-06-04 16:18:23,705: _ready: http://cmeintel-desktop:38875/
[rospy.init][INFO] 2016-06-04 16:18:23,705: ROS Slave URI: [http://cmeintel-desktop:38875/]
[rospy.registration][INFO] 2016-06-04 16:18:23,705: Registering with master node http://localhost:11311
[xmlrpc][INFO] 2016-06-04 16:18:23,705: xml rpc node: starting XML-RPC server
[rospy.init][INFO] 2016-06-04 16:18:23,805: registered with master
[rospy.rosout][INFO] 2016-06-04 16:18:23,805: initializing /rosout core topic
[rospy.rosout][INFO] 2016-06-04 16:18:23,822: connected to core topic /rosout
[rospy.simtime][INFO] 2016-06-04 16:18:23,829: initializing /clock core topic
[rospy.simtime][INFO] 2016-06-04 16:18:23,862: connected to core topic /clock
[rospy.internal][INFO] 2016-06-04 16:18:24,115: topic[/rosout] adding connection to [/rosout], count 0
[rospy.internal][INFO] 2016-06-04 16:18:24,878: topic[/clock] adding connection to [http://cmeintel-desktop:41641/], count 0
[rosout][INFO] 2016-06-04 16:18:24,890: gazebo_services running
[rospy.core][INFO] 2016-06-04 16:18:59,157: signal_shutdown [signal-2]
[rospy.internal][INFO] 2016-06-04 16:18:59,160: topic[/rosout] removing connection to /rosout
[rospy.internal][INFO] 2016-06-04 16:18:59,161: topic[/clock] removing connection to http://cmeintel-desktop:41641/
[rospy.impl.masterslave][INFO] 2016-06-04 16:18:59,161: signal-2
[rospy.core][INFO] 2016-06-04 16:18:59,324: signal_shutdown [atexit]
