[rospy.client][INFO] 2016-06-04 16:18:23,376: init_node, name[/elevator], pid[7099]
[xmlrpc][INFO] 2016-06-04 16:18:23,382: XML-RPC server binding to 0.0.0.0:0
[xmlrpc][INFO] 2016-06-04 16:18:23,382: Started XML-RPC server [http://cmeintel-desktop:43372/]
[rospy.impl.masterslave][INFO] 2016-06-04 16:18:23,382: _ready: http://cmeintel-desktop:43372/
[rospy.init][INFO] 2016-06-04 16:18:23,382: ROS Slave URI: [http://cmeintel-desktop:43372/]
[rospy.registration][INFO] 2016-06-04 16:18:23,383: Registering with master node http://localhost:11311
[xmlrpc][INFO] 2016-06-04 16:18:23,383: xml rpc node: starting XML-RPC server
[rospy.init][INFO] 2016-06-04 16:18:23,482: registered with master
[rospy.rosout][INFO] 2016-06-04 16:18:23,482: initializing /rosout core topic
[rospy.rosout][INFO] 2016-06-04 16:18:23,491: connected to core topic /rosout
[rospy.internal][INFO] 2016-06-04 16:18:23,787: topic[/rosout] adding connection to [/rosout], count 0
[rospy.simtime][INFO] 2016-06-04 16:18:24,491: initializing /clock core topic
[rospy.simtime][INFO] 2016-06-04 16:18:24,497: connected to core topic /clock
[rospy.internal][INFO] 2016-06-04 16:18:24,942: topic[/clock] adding connection to [http://cmeintel-desktop:41641/], count 0
[rospy.internal][INFO] 2016-06-04 16:18:25,295: topic[/elevator_button1_bumper] adding connection to [http://cmeintel-desktop:41641/], count 0
[rospy.core][INFO] 2016-06-04 16:18:59,246: signal_shutdown [signal-2]
[rospy.internal][INFO] 2016-06-04 16:18:59,248: topic[/rosout] removing connection to /rosout
[rospy.internal][INFO] 2016-06-04 16:18:59,248: topic[/clock] removing connection to http://cmeintel-desktop:41641/
[rospy.internal][INFO] 2016-06-04 16:18:59,249: topic[/elevator_button1_bumper] removing connection to http://cmeintel-desktop:41641/
[rospy.impl.masterslave][INFO] 2016-06-04 16:18:59,249: signal-2
[rospy.core][INFO] 2016-06-04 16:18:59,381: signal_shutdown [atexit]
