[rospy.client][INFO] 2016-06-04 16:18:23,899: init_node, name[/relayboard_node], pid[7273]
[xmlrpc][INFO] 2016-06-04 16:18:23,900: XML-RPC server binding to 0.0.0.0:0
[xmlrpc][INFO] 2016-06-04 16:18:23,900: Started XML-RPC server [http://cmeintel-desktop:42529/]
[rospy.init][INFO] 2016-06-04 16:18:23,900: ROS Slave URI: [http://cmeintel-desktop:42529/]
[rospy.impl.masterslave][INFO] 2016-06-04 16:18:23,900: _ready: http://cmeintel-desktop:42529/
[xmlrpc][INFO] 2016-06-04 16:18:23,902: xml rpc node: starting XML-RPC server
[rospy.registration][INFO] 2016-06-04 16:18:23,903: Registering with master node http://localhost:11311
[rospy.init][INFO] 2016-06-04 16:18:24,003: registered with master
[rospy.rosout][INFO] 2016-06-04 16:18:24,003: initializing /rosout core topic
[rospy.rosout][INFO] 2016-06-04 16:18:24,009: connected to core topic /rosout
[rospy.simtime][INFO] 2016-06-04 16:18:24,032: initializing /clock core topic
[rospy.simtime][INFO] 2016-06-04 16:18:24,052: connected to core topic /clock
[rospy.internal][INFO] 2016-06-04 16:18:24,215: topic[/rosout] adding connection to [/rosout], count 0
[rospy.internal][INFO] 2016-06-04 16:18:24,885: topic[/clock] adding connection to [http://cmeintel-desktop:41641/], count 0
[rospy.internal][INFO] 2016-06-04 16:18:31,331: topic[/emergency_stop_state] adding connection to [/dashboard_aggregator], count 0
[rospy.internal][INFO] 2016-06-04 16:18:58,554: topic[/emergency_stop_state] adding connection to [/dashboard_aggregator], count 1
[rospy.internal][INFO] 2016-06-04 16:18:58,554: topic[/emergency_stop_state] removing connection to /dashboard_aggregator
[rospy.core][INFO] 2016-06-04 16:18:58,945: signal_shutdown [signal-2]
[rospy.internal][INFO] 2016-06-04 16:18:58,948: topic[/emergency_stop_state] removing connection to /dashboard_aggregator
[rospy.internal][INFO] 2016-06-04 16:18:58,948: topic[/rosout] removing connection to /rosout
[rospy.internal][INFO] 2016-06-04 16:18:58,948: topic[/clock] removing connection to http://cmeintel-desktop:41641/
[rospy.internal][WARNING] 2016-06-04 16:18:58,949: Unknown error initiating TCP/IP socket to cmeintel-desktop:41907 (http://cmeintel-desktop:41641/): Traceback (most recent call last):
  File "/opt/ros/indigo/lib/python2.7/dist-packages/rospy/impl/tcpros_base.py", line 557, in connect
    self.read_header()
  File "/opt/ros/indigo/lib/python2.7/dist-packages/rospy/impl/tcpros_base.py", line 619, in read_header
    self._validate_header(read_ros_handshake_header(sock, self.read_buff, self.protocol.buff_size))
AttributeError: 'NoneType' object has no attribute 'buff_size'

[rospy.topics][ERROR] 2016-06-04 16:18:58,962: Traceback (most recent call last):
  File "/opt/ros/indigo/lib/python2.7/dist-packages/rospy/topics.py", line 307, in close
    c.close()
  File "/opt/ros/indigo/lib/python2.7/dist-packages/rospy/impl/tcpros_base.py", line 807, in close
    self.socket.close()
AttributeError: 'NoneType' object has no attribute 'close'

[rospy.impl.masterslave][INFO] 2016-06-04 16:18:58,963: signal-2
[rospy.core][INFO] 2016-06-04 16:18:59,581: signal_shutdown [atexit]
