[rospy.client][INFO] 2016-06-04 16:18:25,355: init_node, name[/script_server], pid[7604]
[xmlrpc][INFO] 2016-06-04 16:18:25,355: XML-RPC server binding to 0.0.0.0:0
[xmlrpc][INFO] 2016-06-04 16:18:25,356: Started XML-RPC server [http://cmeintel-desktop:34126/]
[rospy.init][INFO] 2016-06-04 16:18:25,356: ROS Slave URI: [http://cmeintel-desktop:34126/]
[rospy.impl.masterslave][INFO] 2016-06-04 16:18:25,356: _ready: http://cmeintel-desktop:34126/
[rospy.registration][INFO] 2016-06-04 16:18:25,356: Registering with master node http://localhost:11311
[xmlrpc][INFO] 2016-06-04 16:18:25,356: xml rpc node: starting XML-RPC server
[rospy.init][INFO] 2016-06-04 16:18:25,456: registered with master
[rospy.rosout][INFO] 2016-06-04 16:18:25,456: initializing /rosout core topic
[rospy.rosout][INFO] 2016-06-04 16:18:25,458: connected to core topic /rosout
[rospy.simtime][INFO] 2016-06-04 16:18:25,459: initializing /clock core topic
[rospy.simtime][INFO] 2016-06-04 16:18:25,461: connected to core topic /clock
[rospy.internal][INFO] 2016-06-04 16:18:25,473: topic[/clock] adding connection to [http://cmeintel-desktop:41641/], count 0
[rosout][INFO] 2016-06-04 16:18:25,477: script_server is running
[rospy.internal][INFO] 2016-06-04 16:18:25,694: topic[/rosout] adding connection to [/rosout], count 0
[rospy.core][INFO] 2016-06-04 16:18:58,537: signal_shutdown [signal-2]
[rospy.internal][INFO] 2016-06-04 16:18:58,541: topic[/rosout] removing connection to /rosout
[rospy.internal][INFO] 2016-06-04 16:18:58,541: topic[/clock] removing connection to http://cmeintel-desktop:41641/
[rospy.impl.masterslave][INFO] 2016-06-04 16:18:58,541: signal-2
[rospy.internal][ERROR] 2016-06-04 16:18:58,543: Traceback (most recent call last):
  File "/opt/ros/indigo/lib/python2.7/dist-packages/rospy/impl/tcpros_base.py", line 698, in receive_once
    self.stat_bytes += recv_buff(sock, b, p.buff_size)
  File "/opt/ros/indigo/lib/python2.7/dist-packages/rospy/impl/tcpros_base.py", line 103, in recv_buff
    d = sock.recv(buff_size)
error: [Errno 104] Connection reset by peer

[rospy.core][INFO] 2016-06-04 16:18:59,038: signal_shutdown [atexit]
