[rospy.client][INFO] 2016-06-04 16:18:24,191: init_node, name[/sensorring/gazebo_services], pid[7483]
[xmlrpc][INFO] 2016-06-04 16:18:24,196: XML-RPC server binding to 0.0.0.0:0
[rospy.init][INFO] 2016-06-04 16:18:24,196: ROS Slave URI: [http://cmeintel-desktop:36277/]
[xmlrpc][INFO] 2016-06-04 16:18:24,196: Started XML-RPC server [http://cmeintel-desktop:36277/]
[rospy.impl.masterslave][INFO] 2016-06-04 16:18:24,196: _ready: http://cmeintel-desktop:36277/
[xmlrpc][INFO] 2016-06-04 16:18:24,196: xml rpc node: starting XML-RPC server
[rospy.registration][INFO] 2016-06-04 16:18:24,198: Registering with master node http://localhost:11311
[rospy.init][INFO] 2016-06-04 16:18:24,296: registered with master
[rospy.rosout][INFO] 2016-06-04 16:18:24,296: initializing /rosout core topic
[rospy.rosout][INFO] 2016-06-04 16:18:24,304: connected to core topic /rosout
[rospy.simtime][INFO] 2016-06-04 16:18:24,307: initializing /clock core topic
[rospy.simtime][INFO] 2016-06-04 16:18:24,315: connected to core topic /clock
[rosout][INFO] 2016-06-04 16:18:24,336: gazebo_services running
[rospy.internal][INFO] 2016-06-04 16:18:24,419: topic[/rosout] adding connection to [/rosout], count 0
[rospy.internal][INFO] 2016-06-04 16:18:24,899: topic[/clock] adding connection to [http://cmeintel-desktop:41641/], count 0
[rospy.core][INFO] 2016-06-04 16:18:58,545: signal_shutdown [signal-2]
[rospy.internal][INFO] 2016-06-04 16:18:58,553: topic[/rosout] removing connection to /rosout
[rospy.internal][INFO] 2016-06-04 16:18:58,553: topic[/clock] removing connection to http://cmeintel-desktop:41641/
[rospy.impl.masterslave][INFO] 2016-06-04 16:18:58,553: signal-2
[rospy.core][INFO] 2016-06-04 16:18:58,675: signal_shutdown [atexit]
