[rospy.client][INFO] 2016-06-04 16:18:23,748: init_node, name[/spawn_gazebo_model], pid[7105]
[xmlrpc][INFO] 2016-06-04 16:18:23,748: XML-RPC server binding to 0.0.0.0:0
[xmlrpc][INFO] 2016-06-04 16:18:23,749: Started XML-RPC server [http://cmeintel-desktop:43921/]
[rospy.impl.masterslave][INFO] 2016-06-04 16:18:23,749: _ready: http://cmeintel-desktop:43921/
[rospy.init][INFO] 2016-06-04 16:18:23,758: ROS Slave URI: [http://cmeintel-desktop:43921/]
[rospy.registration][INFO] 2016-06-04 16:18:23,759: Registering with master node http://localhost:11311
[xmlrpc][INFO] 2016-06-04 16:18:23,760: xml rpc node: starting XML-RPC server
[rospy.init][INFO] 2016-06-04 16:18:23,859: registered with master
[rospy.rosout][INFO] 2016-06-04 16:18:23,859: initializing /rosout core topic
[rospy.rosout][INFO] 2016-06-04 16:18:23,865: connected to core topic /rosout
[rospy.simtime][INFO] 2016-06-04 16:18:23,881: initializing /clock core topic
[rospy.simtime][INFO] 2016-06-04 16:18:23,915: connected to core topic /clock
[rosout][INFO] 2016-06-04 16:18:23,929: Loading model xml from ros parameter
[rosout][INFO] 2016-06-04 16:18:23,966: Waiting for service /gazebo/spawn_urdf_model
[rospy.internal][INFO] 2016-06-04 16:18:24,115: topic[/rosout] adding connection to [/rosout], count 0
[rospy.internal][INFO] 2016-06-04 16:18:24,888: topic[/clock] adding connection to [http://cmeintel-desktop:41641/], count 0
[rosout][INFO] 2016-06-04 16:18:25,081: Calling service /gazebo/spawn_urdf_model
[rosout][INFO] 2016-06-04 16:18:27,577: Spawn status: SpawnModel: Successfully spawned model
[rospy.core][INFO] 2016-06-04 16:18:27,578: signal_shutdown [atexit]
[rospy.internal][INFO] 2016-06-04 16:18:27,580: topic[/rosout] removing connection to /rosout
[rospy.internal][INFO] 2016-06-04 16:18:27,580: topic[/clock] removing connection to http://cmeintel-desktop:41641/
[rospy.impl.masterslave][INFO] 2016-06-04 16:18:27,580: atexit
