[rospy.client][INFO] 2016-06-04 16:18:23,906: init_node, name[/torso/gazebo_services], pid[7278]
[xmlrpc][INFO] 2016-06-04 16:18:23,907: XML-RPC server binding to 0.0.0.0:0
[rospy.init][INFO] 2016-06-04 16:18:23,907: ROS Slave URI: [http://cmeintel-desktop:37148/]
[xmlrpc][INFO] 2016-06-04 16:18:23,907: Started XML-RPC server [http://cmeintel-desktop:37148/]
[rospy.impl.masterslave][INFO] 2016-06-04 16:18:23,907: _ready: http://cmeintel-desktop:37148/
[xmlrpc][INFO] 2016-06-04 16:18:23,907: xml rpc node: starting XML-RPC server
[rospy.registration][INFO] 2016-06-04 16:18:23,909: Registering with master node http://localhost:11311
[rospy.init][INFO] 2016-06-04 16:18:24,007: registered with master
[rospy.rosout][INFO] 2016-06-04 16:18:24,007: initializing /rosout core topic
[rospy.rosout][INFO] 2016-06-04 16:18:24,028: connected to core topic /rosout
[rospy.simtime][INFO] 2016-06-04 16:18:24,043: initializing /clock core topic
[rospy.simtime][INFO] 2016-06-04 16:18:24,056: connected to core topic /clock
[rosout][INFO] 2016-06-04 16:18:24,109: gazebo_services running
[rospy.internal][INFO] 2016-06-04 16:18:24,215: topic[/rosout] adding connection to [/rosout], count 0
[rospy.internal][INFO] 2016-06-04 16:18:24,893: topic[/clock] adding connection to [http://cmeintel-desktop:41641/], count 0
[rospy.core][INFO] 2016-06-04 16:18:58,940: signal_shutdown [signal-2]
[rospy.internal][INFO] 2016-06-04 16:18:58,943: topic[/rosout] removing connection to /rosout
[rospy.internal][INFO] 2016-06-04 16:18:58,944: topic[/clock] removing connection to http://cmeintel-desktop:41641/
[rospy.impl.masterslave][INFO] 2016-06-04 16:18:58,944: signal-2
[rospy.core][INFO] 2016-06-04 16:18:59,075: signal_shutdown [atexit]
