[rospy.client][INFO] 2016-06-04 16:18:23,833: init_node, name[/world_tf_publisher], pid[7078]
[xmlrpc][INFO] 2016-06-04 16:18:23,835: XML-RPC server binding to 0.0.0.0:0
[xmlrpc][INFO] 2016-06-04 16:18:23,836: Started XML-RPC server [http://cmeintel-desktop:40673/]
[rospy.impl.masterslave][INFO] 2016-06-04 16:18:23,836: _ready: http://cmeintel-desktop:40673/
[rospy.registration][INFO] 2016-06-04 16:18:23,836: Registering with master node http://localhost:11311
[xmlrpc][INFO] 2016-06-04 16:18:23,837: xml rpc node: starting XML-RPC server
[rospy.init][INFO] 2016-06-04 16:18:23,837: ROS Slave URI: [http://cmeintel-desktop:40673/]
[rospy.init][INFO] 2016-06-04 16:18:23,837: registered with master
[rospy.rosout][INFO] 2016-06-04 16:18:23,837: initializing /rosout core topic
[rospy.rosout][INFO] 2016-06-04 16:18:23,860: connected to core topic /rosout
[rospy.simtime][INFO] 2016-06-04 16:18:23,866: initializing /clock core topic
[rospy.simtime][INFO] 2016-06-04 16:18:23,904: connected to core topic /clock
[rospy.internal][INFO] 2016-06-04 16:18:24,115: topic[/rosout] adding connection to [/rosout], count 0
[rospy.internal][INFO] 2016-06-04 16:18:24,194: topic[/tf] adding connection to [/head/frame_tracker], count 0
[rospy.internal][INFO] 2016-06-04 16:18:24,200: topic[/tf] adding connection to [/head/twist_controller], count 1
[rospy.internal][INFO] 2016-06-04 16:18:24,204: topic[/tf] adding connection to [/torso/frame_tracker], count 2
[rospy.internal][INFO] 2016-06-04 16:18:24,215: topic[/tf] adding connection to [/head/obstacle_distance], count 3
[rospy.internal][INFO] 2016-06-04 16:18:24,597: topic[/tf] adding connection to [/scan_unifier], count 4
[rospy.internal][INFO] 2016-06-04 16:18:24,721: topic[/tf] adding connection to [/torso/twist_controller], count 5
[rospy.internal][INFO] 2016-06-04 16:18:24,822: topic[/tf] adding connection to [/torso/obstacle_distance], count 6
[rospy.internal][INFO] 2016-06-04 16:18:24,827: topic[/tf] adding connection to [/torso/interactive_target], count 7
[rospy.internal][INFO] 2016-06-04 16:18:24,872: topic[/clock] adding connection to [http://cmeintel-desktop:41641/], count 0
[rospy.internal][INFO] 2016-06-04 16:18:24,963: topic[/tf] adding connection to [/head/interactive_target], count 8
[rospy.internal][INFO] 2016-06-04 16:18:59,070: topic[/tf] removing connection to /head/frame_tracker
[rospy.internal][INFO] 2016-06-04 16:18:59,070: topic[/tf] removing connection to /head/twist_controller
[rospy.internal][INFO] 2016-06-04 16:18:59,070: topic[/tf] removing connection to /head/obstacle_distance
[rospy.internal][INFO] 2016-06-04 16:18:59,070: topic[/tf] removing connection to /head/interactive_target
[rospy.core][INFO] 2016-06-04 16:18:59,244: signal_shutdown [signal-2]
[rospy.internal][INFO] 2016-06-04 16:18:59,246: topic[/rosout] removing connection to /rosout
[rospy.internal][INFO] 2016-06-04 16:18:59,246: topic[/tf] removing connection to /torso/frame_tracker
[rospy.internal][INFO] 2016-06-04 16:18:59,247: topic[/tf] removing connection to /scan_unifier
[rospy.internal][INFO] 2016-06-04 16:18:59,247: topic[/tf] removing connection to /torso/twist_controller
[rospy.internal][INFO] 2016-06-04 16:18:59,247: topic[/tf] removing connection to /torso/obstacle_distance
[rospy.internal][INFO] 2016-06-04 16:18:59,247: topic[/tf] removing connection to /torso/interactive_target
[rospy.internal][INFO] 2016-06-04 16:18:59,247: topic[/clock] removing connection to http://cmeintel-desktop:41641/
[rospy.impl.masterslave][INFO] 2016-06-04 16:18:59,247: signal-2
[rospy.internal][WARNING] 2016-06-04 16:18:59,248: Unknown error initiating TCP/IP socket to cmeintel-desktop:41907 (http://cmeintel-desktop:41641/): Traceback (most recent call last):
  File "/opt/ros/indigo/lib/python2.7/dist-packages/rospy/impl/tcpros_base.py", line 558, in connect
    self.local_endpoint = self.socket.getsockname()
AttributeError: 'NoneType' object has no attribute 'getsockname'

[rospy.core][INFO] 2016-06-04 16:18:59,862: signal_shutdown [atexit]
