[rospy.client][INFO] 2016-06-08 17:33:05,674: init_node, name[/arm_right/gazebo_services], pid[3779]
[xmlrpc][INFO] 2016-06-08 17:33:05,675: XML-RPC server binding to 0.0.0.0:0
[xmlrpc][INFO] 2016-06-08 17:33:05,675: Started XML-RPC server [http://cmeintel-desktop:38098/]
[rospy.impl.masterslave][INFO] 2016-06-08 17:33:05,675: _ready: http://cmeintel-desktop:38098/
[rospy.registration][INFO] 2016-06-08 17:33:05,676: Registering with master node http://localhost:11311
[xmlrpc][INFO] 2016-06-08 17:33:05,676: xml rpc node: starting XML-RPC server
[rospy.init][INFO] 2016-06-08 17:33:05,676: ROS Slave URI: [http://cmeintel-desktop:38098/]
[rospy.init][INFO] 2016-06-08 17:33:05,676: registered with master
[rospy.rosout][INFO] 2016-06-08 17:33:05,676: initializing /rosout core topic
[rospy.rosout][INFO] 2016-06-08 17:33:05,700: connected to core topic /rosout
[rospy.simtime][INFO] 2016-06-08 17:33:05,715: initializing /clock core topic
[rospy.simtime][INFO] 2016-06-08 17:33:05,725: connected to core topic /clock
[rosout][INFO] 2016-06-08 17:33:05,783: gazebo_services running
[rospy.internal][INFO] 2016-06-08 17:33:05,959: topic[/rosout] adding connection to [/rosout], count 0
[rospy.internal][INFO] 2016-06-08 17:33:06,911: topic[/clock] adding connection to [http://cmeintel-desktop:42622/], count 0
[rospy.core][INFO] 2016-06-08 17:34:11,364: signal_shutdown [signal-2]
[rospy.internal][INFO] 2016-06-08 17:34:11,395: topic[/rosout] removing connection to /rosout
[rospy.internal][INFO] 2016-06-08 17:34:11,396: topic[/clock] removing connection to http://cmeintel-desktop:42622/
[rospy.impl.masterslave][INFO] 2016-06-08 17:34:11,396: signal-2
[rospy.core][INFO] 2016-06-08 17:34:12,012: signal_shutdown [atexit]
