[rospy.client][INFO] 2016-06-08 17:33:05,376: init_node, name[/arm_left/gazebo_services], pid[3651]
[xmlrpc][INFO] 2016-06-08 17:33:05,378: XML-RPC server binding to 0.0.0.0:0
[xmlrpc][INFO] 2016-06-08 17:33:05,379: Started XML-RPC server [http://cmeintel-desktop:38381/]
[rospy.init][INFO] 2016-06-08 17:33:05,379: ROS Slave URI: [http://cmeintel-desktop:38381/]
[rospy.impl.masterslave][INFO] 2016-06-08 17:33:05,379: _ready: http://cmeintel-desktop:38381/
[xmlrpc][INFO] 2016-06-08 17:33:05,379: xml rpc node: starting XML-RPC server
[rospy.registration][INFO] 2016-06-08 17:33:05,382: Registering with master node http://localhost:11311
[rospy.init][INFO] 2016-06-08 17:33:05,479: registered with master
[rospy.rosout][INFO] 2016-06-08 17:33:05,479: initializing /rosout core topic
[rospy.rosout][INFO] 2016-06-08 17:33:05,492: connected to core topic /rosout
[rospy.simtime][INFO] 2016-06-08 17:33:05,514: initializing /clock core topic
[rospy.simtime][INFO] 2016-06-08 17:33:05,570: connected to core topic /clock
[rosout][INFO] 2016-06-08 17:33:05,655: gazebo_services running
[rospy.internal][INFO] 2016-06-08 17:33:05,767: topic[/rosout] adding connection to [/rosout], count 0
[rospy.internal][INFO] 2016-06-08 17:33:06,879: topic[/clock] adding connection to [http://cmeintel-desktop:42622/], count 0
[rospy.core][INFO] 2016-06-08 17:34:11,665: signal_shutdown [signal-2]
[rospy.internal][INFO] 2016-06-08 17:34:11,689: topic[/rosout] removing connection to /rosout
[rospy.internal][INFO] 2016-06-08 17:34:11,689: topic[/clock] removing connection to http://cmeintel-desktop:42622/
[rospy.impl.masterslave][INFO] 2016-06-08 17:34:11,689: signal-2
[rospy.core][INFO] 2016-06-08 17:34:11,820: signal_shutdown [atexit]
