[rospy.client][INFO] 2016-06-08 17:33:04,726: init_node, name[/base/gazebo_services], pid[3309]
[xmlrpc][INFO] 2016-06-08 17:33:04,726: XML-RPC server binding to 0.0.0.0:0
[xmlrpc][INFO] 2016-06-08 17:33:04,726: Started XML-RPC server [http://cmeintel-desktop:44846/]
[rospy.impl.masterslave][INFO] 2016-06-08 17:33:04,726: _ready: http://cmeintel-desktop:44846/
[rospy.init][INFO] 2016-06-08 17:33:04,726: ROS Slave URI: [http://cmeintel-desktop:44846/]
[rospy.registration][INFO] 2016-06-08 17:33:04,727: Registering with master node http://localhost:11311
[xmlrpc][INFO] 2016-06-08 17:33:04,738: xml rpc node: starting XML-RPC server
[rospy.init][INFO] 2016-06-08 17:33:04,827: registered with master
[rospy.rosout][INFO] 2016-06-08 17:33:04,827: initializing /rosout core topic
[rospy.rosout][INFO] 2016-06-08 17:33:05,841: connected to core topic /rosout
[rospy.simtime][INFO] 2016-06-08 17:33:05,858: initializing /clock core topic
[rospy.simtime][INFO] 2016-06-08 17:33:05,876: connected to core topic /clock
[rosout][INFO] 2016-06-08 17:33:05,919: gazebo_services running
[rospy.internal][INFO] 2016-06-08 17:33:06,157: topic[/rosout] adding connection to [/rosout], count 0
[rospy.internal][INFO] 2016-06-08 17:33:06,878: topic[/clock] adding connection to [http://cmeintel-desktop:42622/], count 0
[rospy.core][INFO] 2016-06-08 17:34:12,269: signal_shutdown [signal-2]
[rospy.internal][INFO] 2016-06-08 17:34:12,272: topic[/rosout] removing connection to /rosout
[rospy.internal][INFO] 2016-06-08 17:34:12,272: topic[/clock] removing connection to http://cmeintel-desktop:42622/
[rospy.impl.masterslave][INFO] 2016-06-08 17:34:12,272: signal-2
[rospy.core][INFO] 2016-06-08 17:34:12,380: signal_shutdown [atexit]
