[rospy.client][INFO] 2016-06-08 17:33:04,647: init_node, name[/elevator], pid[3277]
[xmlrpc][INFO] 2016-06-08 17:33:04,647: XML-RPC server binding to 0.0.0.0:0
[xmlrpc][INFO] 2016-06-08 17:33:04,647: Started XML-RPC server [http://cmeintel-desktop:44575/]
[rospy.impl.masterslave][INFO] 2016-06-08 17:33:04,647: _ready: http://cmeintel-desktop:44575/
[rospy.init][INFO] 2016-06-08 17:33:04,647: ROS Slave URI: [http://cmeintel-desktop:44575/]
[rospy.registration][INFO] 2016-06-08 17:33:04,654: Registering with master node http://localhost:11311
[xmlrpc][INFO] 2016-06-08 17:33:04,654: xml rpc node: starting XML-RPC server
[rospy.init][INFO] 2016-06-08 17:33:04,748: registered with master
[rospy.rosout][INFO] 2016-06-08 17:33:04,748: initializing /rosout core topic
[rospy.rosout][INFO] 2016-06-08 17:33:05,755: connected to core topic /rosout
[rospy.simtime][INFO] 2016-06-08 17:33:05,778: initializing /clock core topic
[rospy.simtime][INFO] 2016-06-08 17:33:05,791: connected to core topic /clock
[rospy.internal][INFO] 2016-06-08 17:33:05,959: topic[/rosout] adding connection to [/rosout], count 0
[rospy.internal][INFO] 2016-06-08 17:33:06,883: topic[/clock] adding connection to [http://cmeintel-desktop:42622/], count 0
[rospy.internal][INFO] 2016-06-08 17:33:07,497: topic[/elevator_button1_bumper] adding connection to [http://cmeintel-desktop:42622/], count 0
[rospy.core][INFO] 2016-06-08 17:34:12,458: signal_shutdown [signal-2]
[rospy.internal][INFO] 2016-06-08 17:34:12,467: topic[/rosout] removing connection to /rosout
[rospy.internal][INFO] 2016-06-08 17:34:12,467: topic[/clock] removing connection to http://cmeintel-desktop:42622/
[rospy.internal][INFO] 2016-06-08 17:34:12,468: topic[/elevator_button1_bumper] removing connection to http://cmeintel-desktop:42622/
[rospy.impl.masterslave][INFO] 2016-06-08 17:34:12,468: signal-2
[rospy.internal][WARNING] 2016-06-08 17:34:12,468: Unknown error initiating TCP/IP socket to cmeintel-desktop:58393 (http://cmeintel-desktop:42622/): Traceback (most recent call last):
  File "/opt/ros/indigo/lib/python2.7/dist-packages/rospy/impl/tcpros_base.py", line 558, in connect
    self.local_endpoint = self.socket.getsockname()
AttributeError: 'NoneType' object has no attribute 'getsockname'

[rospy.core][INFO] 2016-06-08 17:34:12,600: signal_shutdown [atexit]
