[rospy.client][INFO] 2016-06-08 17:33:05,763: init_node, name[/gripper_left/gazebo_services], pid[3898]
[xmlrpc][INFO] 2016-06-08 17:33:05,763: XML-RPC server binding to 0.0.0.0:0
[xmlrpc][INFO] 2016-06-08 17:33:05,763: Started XML-RPC server [http://cmeintel-desktop:46863/]
[rospy.impl.masterslave][INFO] 2016-06-08 17:33:05,763: _ready: http://cmeintel-desktop:46863/
[rospy.registration][INFO] 2016-06-08 17:33:05,764: Registering with master node http://localhost:11311
[xmlrpc][INFO] 2016-06-08 17:33:05,764: xml rpc node: starting XML-RPC server
[rospy.init][INFO] 2016-06-08 17:33:05,765: ROS Slave URI: [http://cmeintel-desktop:46863/]
[rospy.init][INFO] 2016-06-08 17:33:05,765: registered with master
[rospy.rosout][INFO] 2016-06-08 17:33:05,765: initializing /rosout core topic
[rospy.rosout][INFO] 2016-06-08 17:33:05,779: connected to core topic /rosout
[rospy.simtime][INFO] 2016-06-08 17:33:05,787: initializing /clock core topic
[rospy.simtime][INFO] 2016-06-08 17:33:05,801: connected to core topic /clock
[rosout][INFO] 2016-06-08 17:33:05,882: gazebo_services running
[rospy.internal][INFO] 2016-06-08 17:33:06,156: topic[/rosout] adding connection to [/rosout], count 0
[rospy.internal][INFO] 2016-06-08 17:33:06,916: topic[/clock] adding connection to [http://cmeintel-desktop:42622/], count 0
[rospy.core][INFO] 2016-06-08 17:34:11,355: signal_shutdown [signal-2]
[rospy.internal][INFO] 2016-06-08 17:34:11,358: topic[/rosout] removing connection to /rosout
[rospy.internal][INFO] 2016-06-08 17:34:11,359: topic[/clock] removing connection to http://cmeintel-desktop:42622/
[rospy.impl.masterslave][INFO] 2016-06-08 17:34:11,359: signal-2
[rospy.core][INFO] 2016-06-08 17:34:11,499: signal_shutdown [atexit]
