[rospy.client][INFO] 2016-06-08 17:33:05,016: init_node, name[/joint_state_publisher], pid[3288]
[xmlrpc][INFO] 2016-06-08 17:33:05,017: XML-RPC server binding to 0.0.0.0:0
[xmlrpc][INFO] 2016-06-08 17:33:05,017: Started XML-RPC server [http://cmeintel-desktop:42648/]
[rospy.impl.masterslave][INFO] 2016-06-08 17:33:05,017: _ready: http://cmeintel-desktop:42648/
[rospy.init][INFO] 2016-06-08 17:33:05,017: ROS Slave URI: [http://cmeintel-desktop:42648/]
[rospy.registration][INFO] 2016-06-08 17:33:05,018: Registering with master node http://localhost:11311
[xmlrpc][INFO] 2016-06-08 17:33:05,018: xml rpc node: starting XML-RPC server
[rospy.init][INFO] 2016-06-08 17:33:05,117: registered with master
[rospy.rosout][INFO] 2016-06-08 17:33:05,117: initializing /rosout core topic
[rospy.rosout][INFO] 2016-06-08 17:33:06,119: connected to core topic /rosout
[rospy.simtime][INFO] 2016-06-08 17:33:06,127: initializing /clock core topic
[rospy.simtime][INFO] 2016-06-08 17:33:06,133: connected to core topic /clock
[rospy.internal][INFO] 2016-06-08 17:33:06,368: topic[/rosout] adding connection to [/rosout], count 0
[rospy.internal][INFO] 2016-06-08 17:33:06,513: topic[/joint_states] adding connection to [/robot_state_publisher], count 0
[rospy.internal][INFO] 2016-06-08 17:33:06,903: topic[/clock] adding connection to [http://cmeintel-desktop:42622/], count 0
[rospy.internal][INFO] 2016-06-08 17:33:16,054: topic[/base/joint_states] adding connection to [http://cmeintel-desktop:42622/], count 0
[rospy.internal][INFO] 2016-06-08 17:33:16,368: topic[/sensorring/joint_states] adding connection to [http://cmeintel-desktop:42622/], count 0
[rospy.internal][INFO] 2016-06-08 17:33:16,368: topic[/torso/joint_states] adding connection to [http://cmeintel-desktop:42622/], count 0
[rospy.internal][INFO] 2016-06-08 17:33:16,632: topic[/arm_right/joint_states] adding connection to [http://cmeintel-desktop:42622/], count 0
[rospy.internal][INFO] 2016-06-08 17:33:17,048: topic[/gripper_right/joint_states] adding connection to [http://cmeintel-desktop:42622/], count 0
[rospy.internal][INFO] 2016-06-08 17:33:17,160: topic[/arm_left/joint_states] adding connection to [http://cmeintel-desktop:42622/], count 0
[rospy.internal][INFO] 2016-06-08 17:33:17,774: topic[/gripper_left/joint_states] adding connection to [http://cmeintel-desktop:42622/], count 0
[rospy.core][INFO] 2016-06-08 17:34:12,271: signal_shutdown [signal-2]
[rospy.internal][INFO] 2016-06-08 17:34:12,275: topic[/joint_states] removing connection to /robot_state_publisher
[rospy.internal][INFO] 2016-06-08 17:34:12,275: topic[/rosout] removing connection to /rosout
[rospy.internal][INFO] 2016-06-08 17:34:12,276: topic[/arm_right/joint_states] removing connection to http://cmeintel-desktop:42622/
[rospy.internal][INFO] 2016-06-08 17:34:12,276: topic[/torso/joint_states] removing connection to http://cmeintel-desktop:42622/
[rospy.internal][INFO] 2016-06-08 17:34:12,276: topic[/sensorring/joint_states] removing connection to http://cmeintel-desktop:42622/
[rospy.internal][INFO] 2016-06-08 17:34:12,276: topic[/clock] removing connection to http://cmeintel-desktop:42622/
[rospy.internal][INFO] 2016-06-08 17:34:12,277: topic[/base/joint_states] removing connection to http://cmeintel-desktop:42622/
[rospy.internal][INFO] 2016-06-08 17:34:12,277: topic[/gripper_left/joint_states] removing connection to http://cmeintel-desktop:42622/
[rospy.internal][INFO] 2016-06-08 17:34:12,277: topic[/arm_left/joint_states] removing connection to http://cmeintel-desktop:42622/
[rospy.internal][INFO] 2016-06-08 17:34:12,277: topic[/gripper_right/joint_states] removing connection to http://cmeintel-desktop:42622/
[rospy.internal][WARNING] 2016-06-08 17:34:12,277: Unknown error initiating TCP/IP socket to cmeintel-desktop:58393 (http://cmeintel-desktop:42622/): Traceback (most recent call last):
  File "/opt/ros/indigo/lib/python2.7/dist-packages/rospy/impl/tcpros_base.py", line 557, in connect
    self.read_header()
  File "/opt/ros/indigo/lib/python2.7/dist-packages/rospy/impl/tcpros_base.py", line 619, in read_header
    self._validate_header(read_ros_handshake_header(sock, self.read_buff, self.protocol.buff_size))
AttributeError: 'NoneType' object has no attribute 'buff_size'

[rospy.topics][ERROR] 2016-06-08 17:34:12,277: Traceback (most recent call last):
  File "/opt/ros/indigo/lib/python2.7/dist-packages/rospy/topics.py", line 307, in close
    c.close()
  File "/opt/ros/indigo/lib/python2.7/dist-packages/rospy/impl/tcpros_base.py", line 807, in close
    self.socket.close()
AttributeError: 'NoneType' object has no attribute 'close'

[rospy.impl.masterslave][INFO] 2016-06-08 17:34:12,278: signal-2
[rospy.internal][WARNING] 2016-06-08 17:34:12,285: Unknown error initiating TCP/IP socket to cmeintel-desktop:58393 (http://cmeintel-desktop:42622/): Traceback (most recent call last):
  File "/opt/ros/indigo/lib/python2.7/dist-packages/rospy/impl/tcpros_base.py", line 558, in connect
    self.local_endpoint = self.socket.getsockname()
AttributeError: 'NoneType' object has no attribute 'getsockname'

[rospy.internal][WARNING] 2016-06-08 17:34:12,286: Unknown error initiating TCP/IP socket to cmeintel-desktop:58393 (http://cmeintel-desktop:42622/): Traceback (most recent call last):
  File "/opt/ros/indigo/lib/python2.7/dist-packages/rospy/impl/tcpros_base.py", line 558, in connect
    self.local_endpoint = self.socket.getsockname()
AttributeError: 'NoneType' object has no attribute 'getsockname'

[rospy.internal][WARNING] 2016-06-08 17:34:12,286: Unknown error initiating TCP/IP socket to cmeintel-desktop:58393 (http://cmeintel-desktop:42622/): Traceback (most recent call last):
  File "/opt/ros/indigo/lib/python2.7/dist-packages/rospy/impl/tcpros_base.py", line 558, in connect
    self.local_endpoint = self.socket.getsockname()
AttributeError: 'NoneType' object has no attribute 'getsockname'

[rospy.core][INFO] 2016-06-08 17:34:12,752: signal_shutdown [atexit]
