[rospy.client][INFO] 2016-06-08 17:33:05,129: init_node, name[/relayboard_node], pid[3489]
[xmlrpc][INFO] 2016-06-08 17:33:05,129: XML-RPC server binding to 0.0.0.0:0
[xmlrpc][INFO] 2016-06-08 17:33:05,129: Started XML-RPC server [http://cmeintel-desktop:42514/]
[rospy.impl.masterslave][INFO] 2016-06-08 17:33:05,129: _ready: http://cmeintel-desktop:42514/
[rospy.init][INFO] 2016-06-08 17:33:05,137: ROS Slave URI: [http://cmeintel-desktop:42514/]
[rospy.registration][INFO] 2016-06-08 17:33:05,138: Registering with master node http://localhost:11311
[xmlrpc][INFO] 2016-06-08 17:33:05,138: xml rpc node: starting XML-RPC server
[rospy.init][INFO] 2016-06-08 17:33:05,239: registered with master
[rospy.rosout][INFO] 2016-06-08 17:33:05,239: initializing /rosout core topic
[rospy.rosout][INFO] 2016-06-08 17:33:05,251: connected to core topic /rosout
[rospy.simtime][INFO] 2016-06-08 17:33:05,258: initializing /clock core topic
[rospy.simtime][INFO] 2016-06-08 17:33:05,288: connected to core topic /clock
[rospy.internal][INFO] 2016-06-08 17:33:05,528: topic[/rosout] adding connection to [/rosout], count 0
[rospy.internal][INFO] 2016-06-08 17:33:06,870: topic[/clock] adding connection to [http://cmeintel-desktop:42622/], count 0
[rospy.internal][INFO] 2016-06-08 17:33:09,388: topic[/emergency_stop_state] adding connection to [/dashboard_aggregator], count 0
[rospy.core][INFO] 2016-06-08 17:34:12,069: signal_shutdown [signal-2]
[rospy.internal][INFO] 2016-06-08 17:34:12,079: topic[/emergency_stop_state] removing connection to /dashboard_aggregator
[rospy.internal][INFO] 2016-06-08 17:34:12,079: topic[/rosout] removing connection to /rosout
[rospy.internal][INFO] 2016-06-08 17:34:12,079: topic[/clock] removing connection to http://cmeintel-desktop:42622/
[rospy.impl.masterslave][INFO] 2016-06-08 17:34:12,079: signal-2
[rospy.core][INFO] 2016-06-08 17:34:12,211: signal_shutdown [atexit]
