[roslaunch][INFO] 2016-06-08 17:33:38,241: Checking log directory for disk usage. This may take awhile.
Press Ctrl-C to interrupt
[roslaunch][INFO] 2016-06-08 17:33:38,244: Done checking log file disk usage. Usage is <1GB.
[roslaunch][INFO] 2016-06-08 17:33:38,245: roslaunch starting with args ['/opt/ros/indigo/bin/roslaunch', 'planning_demo', 'rviz.launch']
[roslaunch][INFO] 2016-06-08 17:33:38,245: roslaunch env is {'LC_NUMERIC': 'C', 'MANDATORY_PATH': '/usr/share/gconf/ubuntu.mandatory.path', 'ROS_DISTRO': 'indigo', 'ROS_LOG_FILENAME': '/home/cme-intel/.ros/log/46e095fe-2d8e-11e6-9419-bc5ff47c434e/roslaunch-cmeintel-desktop-10075.log', 'XDG_GREETER_DATA_DIR': '/var/lib/lightdm-data/cme-intel', 'GNOME_DESKTOP_SESSION_ID': 'this-is-deprecated', 'PKG_CONFIG_PATH': '/home/cme-intel/git/catkin_ws/devel/lib/pkgconfig:/opt/ros/indigo/lib/x86_64-linux-gnu/pkgconfig:/opt/ros/indigo/lib/pkgconfig', 'ROBOT': 'cob4-2', 'LESSOPEN': '| /usr/bin/lesspipe %s', 'XDG_VTNR': '7', 'ROSLISP_PACKAGE_DIRECTORIES': '/home/cme-intel/git/catkin_ws/devel/share/common-lisp', 'CPATH': '/home/cme-intel/git/catkin_ws/devel/include:/opt/ros/indigo/include', 'LOGNAME': 'cme-intel', 'WINDOWID': '83912017', 'PATH': '/opt/ros/indigo/bin:/usr/local/sbin:/usr/local/bin:/usr/sbin:/usr/bin:/sbin:/bin:/usr/games:/usr/local/games', 'LC_PAPER': 'de_DE.UTF-8', 'GNOME_KEYRING_CONTROL': '/run/user/1000/keyring-QtfvEp', 'CMAKE_PREFIX_PATH': '/home/cme-intel/git/catkin_ws/devel:/opt/ros/indigo', 'LD_LIBRARY_PATH': '/home/cme-intel/git/catkin_ws/devel/lib:/opt/ros/indigo/lib/x86_64-linux-gnu:/opt/ros/indigo/lib', 'LANG': 'en_US.UTF-8', 'TERM': 'xterm', 'SHELL': '/bin/bash', 'XDG_SESSION_PATH': '/org/freedesktop/DisplayManager/Session0', 'XAUTHORITY': '/home/cme-intel/.Xauthority', 'LANGUAGE': 'en_US', 'SESSION_MANAGER': 'local/cmeintel-desktop:@/tmp/.ICE-unix/2904,unix/cmeintel-desktop:/tmp/.ICE-unix/2904', 'LC_MONETARY': 'de_DE.UTF-8', 'LESSCLOSE': '/usr/bin/lesspipe %s %s', 'GTK_IM_MODULE': 'ibus', 'QT_QPA_PLATFORMTHEME': 'appmenu-qt5', 'JOB': 'dbus', 'TEXTDOMAIN': 'im-config', 'QT4_IM_MODULE': 'ibus', 'CLUTTER_IM_MODULE': 'xim', 'SESSION': 'ubuntu', 'SESSIONTYPE': 'gnome-session', 'XMODIFIERS': '@im=ibus', 'ROS_ETC_DIR': '/opt/ros/indigo/etc/ros', 'GPG_AGENT_INFO': '/run/user/1000/keyring-QtfvEp/gpg:0:1', 'HOME': '/home/cme-intel', 'SELINUX_INIT': 'YES', 'SHLVL': '3', 'COMPIZ_BIN_PATH': '/usr/bin/', 'XDG_RUNTIME_DIR': '/run/user/1000', 'INSTANCE': '', 'LC_ADDRESS': 'de_DE.UTF-8', 'PYTHONPATH': '/home/cme-intel/git/catkin_ws/devel/lib/python2.7/dist-packages:/opt/ros/indigo/lib/python2.7/dist-packages', 'COMPIZ_CONFIG_PROFILE': 'ubuntu', 'SSH_AUTH_SOCK': '/run/user/1000/keyring-QtfvEp/ssh', 'VTE_VERSION': '3409', 'ROS_ROOT': '/opt/ros/indigo/share/ros', 'GDMSESSION': 'ubuntu', 'IM_CONFIG_PHASE': '1', 'TEXTDOMAINDIR': '/usr/share/locale/', 'GNOME_KEYRING_PID': '2662', 'XDG_SEAT_PATH': '/org/freedesktop/DisplayManager/Seat0', 'ROS_PACKAGE_PATH': '/home/cme-intel/git/catkin_ws/src:/opt/ros/indigo/share:/opt/ros/indigo/stacks', 'XDG_CURRENT_DESKTOP': 'Unity', 'XDG_SESSION_ID': 'c2', 'DBUS_SESSION_BUS_ADDRESS': 'unix:abstract=/tmp/dbus-Rx8CHbwi1Q', '_': '/opt/ros/indigo/bin/roslaunch', 'DEFAULTS_PATH': '/usr/share/gconf/ubuntu.default.path', 'LC_IDENTIFICATION': 'de_DE.UTF-8', 'DESKTOP_SESSION': 'ubuntu', 'UPSTART_SESSION': 'unix:abstract=/com/ubuntu/upstart-session/1000/2703', 'XDG_CONFIG_DIRS': '/etc/xdg/xdg-ubuntu:/usr/share/upstart/xdg:/etc/xdg', 'GTK_MODULES': 'overlay-scrollbar:unity-gtk-module', 'XDG_SEAT': 'seat0', 'LC_NAME': 'de_DE.UTF-8', 'GDM_LANG': 'en_US', 'LC_TELEPHONE': 'de_DE.UTF-8', 'ROBOT_ENV': 'ipa-apartment', 'LC_MEASUREMENT': 'de_DE.UTF-8', 'PWD': '/home/cme-intel/git/catkin_ws/src/ipa_pars/planning_demo', 'QT_IM_MODULE': 'ibus', 'ROS_MASTER_URI': 'http://localhost:11311', 'COLORTERM': 'gnome-terminal', 'DISPLAY': ':0', 'XDG_MENU_PREFIX': 'gnome-', 'LC_TIME': 'de_DE.UTF-8', 'LS_COLORS': 'rs=0:di=01;34:ln=01;36:mh=00:pi=40;33:so=01;35:do=01;35:bd=40;33;01:cd=40;33;01:or=40;31;01:su=37;41:sg=30;43:ca=30;41:tw=30;42:ow=34;42:st=37;44:ex=01;32:*.tar=01;31:*.tgz=01;31:*.arj=01;31:*.taz=01;31:*.lzh=01;31:*.lzma=01;31:*.tlz=01;31:*.txz=01;31:*.zip=01;31:*.z=01;31:*.Z=01;31:*.dz=01;31:*.gz=01;31:*.lz=01;31:*.xz=01;31:*.bz2=01;31:*.bz=01;31:*.tbz=01;31:*.tbz2=01;31:*.tz=01;31:*.deb=01;31:*.rpm=01;31:*.jar=01;31:*.war=01;31:*.ear=01;31:*.sar=01;31:*.rar=01;31:*.ace=01;31:*.zoo=01;31:*.cpio=01;31:*.7z=01;31:*.rz=01;31:*.jpg=01;35:*.jpeg=01;35:*.gif=01;35:*.bmp=01;35:*.pbm=01;35:*.pgm=01;35:*.ppm=01;35:*.tga=01;35:*.xbm=01;35:*.xpm=01;35:*.tif=01;35:*.tiff=01;35:*.png=01;35:*.svg=01;35:*.svgz=01;35:*.mng=01;35:*.pcx=01;35:*.mov=01;35:*.mpg=01;35:*.mpeg=01;35:*.m2v=01;35:*.mkv=01;35:*.webm=01;35:*.ogm=01;35:*.mp4=01;35:*.m4v=01;35:*.mp4v=01;35:*.vob=01;35:*.qt=01;35:*.nuv=01;35:*.wmv=01;35:*.asf=01;35:*.rm=01;35:*.rmvb=01;35:*.flc=01;35:*.avi=01;35:*.fli=01;35:*.flv=01;35:*.gl=01;35:*.dl=01;35:*.xcf=01;35:*.xwd=01;35:*.yuv=01;35:*.cgm=01;35:*.emf=01;35:*.axv=01;35:*.anx=01;35:*.ogv=01;35:*.ogx=01;35:*.aac=00;36:*.au=00;36:*.flac=00;36:*.mid=00;36:*.midi=00;36:*.mka=00;36:*.mp3=00;36:*.mpc=00;36:*.ogg=00;36:*.ra=00;36:*.wav=00;36:*.axa=00;36:*.oga=00;36:*.spx=00;36:*.xspf=00;36:', 'XDG_DATA_DIRS': '/usr/share/ubuntu:/usr/share/gnome:/usr/local/share/:/usr/share/', 'USER': 'cme-intel'}
[roslaunch][INFO] 2016-06-08 17:33:38,245: starting in server mode
[roslaunch.parent][INFO] 2016-06-08 17:33:38,245: starting roslaunch parent run
[roslaunch][INFO] 2016-06-08 17:33:38,245: loading roscore config file /opt/ros/indigo/etc/ros/roscore.xml
[roslaunch][INFO] 2016-06-08 17:33:38,388: Added core node of type [rosout/rosout] in namespace [/]
[roslaunch.config][INFO] 2016-06-08 17:33:38,389: loading config file /home/cme-intel/git/catkin_ws/src/ipa_pars/planning_demo/launch/rviz.launch
[roslaunch][INFO] 2016-06-08 17:33:38,474: Added node of type [rviz/rviz] in namespace [/]
[roslaunch][INFO] 2016-06-08 17:33:38,474: ... selected machine [] for node of type [rviz/rviz]
[roslaunch.pmon][INFO] 2016-06-08 17:33:38,474: start_process_monitor: creating ProcessMonitor
[roslaunch.pmon][INFO] 2016-06-08 17:33:38,475: created process monitor <ProcessMonitor(ProcessMonitor-1, initial daemon)>
[roslaunch.pmon][INFO] 2016-06-08 17:33:38,475: start_process_monitor: ProcessMonitor started
[roslaunch.parent][INFO] 2016-06-08 17:33:38,475: starting parent XML-RPC server
[roslaunch.server][INFO] 2016-06-08 17:33:38,475: starting roslaunch XML-RPC server
[roslaunch.server][INFO] 2016-06-08 17:33:38,475: waiting for roslaunch XML-RPC server to initialize
[xmlrpc][INFO] 2016-06-08 17:33:38,475: XML-RPC server binding to 0.0.0.0:0
[xmlrpc][INFO] 2016-06-08 17:33:38,476: Started XML-RPC server [http://cmeintel-desktop:46043/]
[xmlrpc][INFO] 2016-06-08 17:33:38,476: xml rpc node: starting XML-RPC server
[roslaunch][INFO] 2016-06-08 17:33:38,488: started roslaunch server http://cmeintel-desktop:46043/
[roslaunch.parent][INFO] 2016-06-08 17:33:38,488: ... parent XML-RPC server started
[roslaunch][INFO] 2016-06-08 17:33:38,488: master.is_running[http://localhost:11311]
[roslaunch][INFO] 2016-06-08 17:33:38,489: master.is_running[http://localhost:11311]
[roslaunch][INFO] 2016-06-08 17:33:38,490: ROS_MASTER_URI=http://localhost:11311
[roslaunch][INFO] 2016-06-08 17:33:38,493: setting /roslaunch/uris/host_cmeintel_desktop__46043' to http://cmeintel-desktop:46043/
[roslaunch][INFO] 2016-06-08 17:33:38,495: load_parameters starting ...
[roslaunch][INFO] 2016-06-08 17:33:38,498: ... load_parameters complete
[roslaunch][INFO] 2016-06-08 17:33:38,498: launch_nodes: launching local nodes ...
[roslaunch][INFO] 2016-06-08 17:33:38,498: ... preparing to launch node of type [rviz/rviz]
[roslaunch][INFO] 2016-06-08 17:33:38,498: create_node_process: package[rviz] type[rviz] machine[Machine(name[] env_loader[None] address[localhost] ssh_port[22] user[None] assignable[True] timeout[10.0])] master_uri[http://localhost:11311]
[roslaunch][INFO] 2016-06-08 17:33:38,499: process[rviz_cmeintel_desktop_10075_4840235387176244381-1]: env[{'LC_NUMERIC': 'C', 'QT_QPA_PLATFORMTHEME': 'appmenu-qt5', 'ROS_DISTRO': 'indigo', 'XDG_GREETER_DATA_DIR': '/var/lib/lightdm-data/cme-intel', 'GNOME_DESKTOP_SESSION_ID': 'this-is-deprecated', 'LC_IDENTIFICATION': 'de_DE.UTF-8', 'DISPLAY': ':0', 'ROBOT': 'cob4-2', 'LESSOPEN': '| /usr/bin/lesspipe %s', 'LC_PAPER': 'de_DE.UTF-8', 'ROSLISP_PACKAGE_DIRECTORIES': '/home/cme-intel/git/catkin_ws/devel/share/common-lisp', 'CPATH': '/home/cme-intel/git/catkin_ws/devel/include:/opt/ros/indigo/include', 'LOGNAME': 'cme-intel', 'XDG_SEAT': 'seat0', 'PATH': '/opt/ros/indigo/bin:/usr/local/sbin:/usr/local/bin:/usr/sbin:/usr/bin:/sbin:/bin:/usr/games:/usr/local/games', 'XDG_VTNR': '7', 'GNOME_KEYRING_CONTROL': '/run/user/1000/keyring-QtfvEp', 'CMAKE_PREFIX_PATH': '/home/cme-intel/git/catkin_ws/devel:/opt/ros/indigo', 'LD_LIBRARY_PATH': '/home/cme-intel/git/catkin_ws/devel/lib:/opt/ros/indigo/lib/x86_64-linux-gnu:/opt/ros/indigo/lib', 'LANG': 'en_US.UTF-8', 'TERM': 'xterm', 'SHELL': '/bin/bash', 'XDG_SESSION_PATH': '/org/freedesktop/DisplayManager/Session0', 'XAUTHORITY': '/home/cme-intel/.Xauthority', 'LANGUAGE': 'en_US', 'SESSION_MANAGER': 'local/cmeintel-desktop:@/tmp/.ICE-unix/2904,unix/cmeintel-desktop:/tmp/.ICE-unix/2904', 'LC_MONETARY': 'de_DE.UTF-8', 'XDG_SESSION_ID': 'c2', 'MANDATORY_PATH': '/usr/share/gconf/ubuntu.mandatory.path', 'CLUTTER_IM_MODULE': 'xim', 'ROS_LOG_FILENAME': '/home/cme-intel/.ros/log/46e095fe-2d8e-11e6-9419-bc5ff47c434e/roslaunch-cmeintel-desktop-10075.log', 'TEXTDOMAIN': 'im-config', 'JOB': 'dbus', 'WINDOWID': '83912017', 'SESSIONTYPE': 'gnome-session', 'XMODIFIERS': '@im=ibus', 'ROS_MASTER_URI': 'http://localhost:11311', 'GPG_AGENT_INFO': '/run/user/1000/keyring-QtfvEp/gpg:0:1', 'HOME': '/home/cme-intel', 'QT4_IM_MODULE': 'ibus', 'SELINUX_INIT': 'YES', 'SSH_AUTH_SOCK': '/run/user/1000/keyring-QtfvEp/ssh', 'XDG_RUNTIME_DIR': '/run/user/1000', 'INSTANCE': '', 'LC_ADDRESS': 'de_DE.UTF-8', 'PYTHONPATH': '/home/cme-intel/git/catkin_ws/devel/lib/python2.7/dist-packages:/opt/ros/indigo/lib/python2.7/dist-packages', 'COMPIZ_CONFIG_PROFILE': 'ubuntu', 'COMPIZ_BIN_PATH': '/usr/bin/', 'SESSION': 'ubuntu', 'VTE_VERSION': '3409', 'ROS_ROOT': '/opt/ros/indigo/share/ros', 'GDMSESSION': 'ubuntu', 'IM_CONFIG_PHASE': '1', 'TEXTDOMAINDIR': '/usr/share/locale/', 'ROBOT_ENV': 'ipa-apartment', 'XDG_DATA_DIRS': '/usr/share/ubuntu:/usr/share/gnome:/usr/local/share/:/usr/share/', 'PKG_CONFIG_PATH': '/home/cme-intel/git/catkin_ws/devel/lib/pkgconfig:/opt/ros/indigo/lib/x86_64-linux-gnu/pkgconfig:/opt/ros/indigo/lib/pkgconfig', 'ROS_PACKAGE_PATH': '/home/cme-intel/git/catkin_ws/src:/opt/ros/indigo/share:/opt/ros/indigo/stacks', 'XDG_CURRENT_DESKTOP': 'Unity', 'XDG_SEAT_PATH': '/org/freedesktop/DisplayManager/Seat0', 'DBUS_SESSION_BUS_ADDRESS': 'unix:abstract=/tmp/dbus-Rx8CHbwi1Q', '_': '/opt/ros/indigo/bin/roslaunch', 'DEFAULTS_PATH': '/usr/share/gconf/ubuntu.default.path', 'GTK_IM_MODULE': 'ibus', 'DESKTOP_SESSION': 'ubuntu', 'UPSTART_SESSION': 'unix:abstract=/com/ubuntu/upstart-session/1000/2703', 'LESSCLOSE': '/usr/bin/lesspipe %s %s', 'GNOME_KEYRING_PID': '2662', 'LS_COLORS': 'rs=0:di=01;34:ln=01;36:mh=00:pi=40;33:so=01;35:do=01;35:bd=40;33;01:cd=40;33;01:or=40;31;01:su=37;41:sg=30;43:ca=30;41:tw=30;42:ow=34;42:st=37;44:ex=01;32:*.tar=01;31:*.tgz=01;31:*.arj=01;31:*.taz=01;31:*.lzh=01;31:*.lzma=01;31:*.tlz=01;31:*.txz=01;31:*.zip=01;31:*.z=01;31:*.Z=01;31:*.dz=01;31:*.gz=01;31:*.lz=01;31:*.xz=01;31:*.bz2=01;31:*.bz=01;31:*.tbz=01;31:*.tbz2=01;31:*.tz=01;31:*.deb=01;31:*.rpm=01;31:*.jar=01;31:*.war=01;31:*.ear=01;31:*.sar=01;31:*.rar=01;31:*.ace=01;31:*.zoo=01;31:*.cpio=01;31:*.7z=01;31:*.rz=01;31:*.jpg=01;35:*.jpeg=01;35:*.gif=01;35:*.bmp=01;35:*.pbm=01;35:*.pgm=01;35:*.ppm=01;35:*.tga=01;35:*.xbm=01;35:*.xpm=01;35:*.tif=01;35:*.tiff=01;35:*.png=01;35:*.svg=01;35:*.svgz=01;35:*.mng=01;35:*.pcx=01;35:*.mov=01;35:*.mpg=01;35:*.mpeg=01;35:*.m2v=01;35:*.mkv=01;35:*.webm=01;35:*.ogm=01;35:*.mp4=01;35:*.m4v=01;35:*.mp4v=01;35:*.vob=01;35:*.qt=01;35:*.nuv=01;35:*.wmv=01;35:*.asf=01;35:*.rm=01;35:*.rmvb=01;35:*.flc=01;35:*.avi=01;35:*.fli=01;35:*.flv=01;35:*.gl=01;35:*.dl=01;35:*.xcf=01;35:*.xwd=01;35:*.yuv=01;35:*.cgm=01;35:*.emf=01;35:*.axv=01;35:*.anx=01;35:*.ogv=01;35:*.ogx=01;35:*.aac=00;36:*.au=00;36:*.flac=00;36:*.mid=00;36:*.midi=00;36:*.mka=00;36:*.mp3=00;36:*.mpc=00;36:*.ogg=00;36:*.ra=00;36:*.wav=00;36:*.axa=00;36:*.oga=00;36:*.spx=00;36:*.xspf=00;36:', 'GDM_LANG': 'en_US', 'LC_TELEPHONE': 'de_DE.UTF-8', 'GTK_MODULES': 'overlay-scrollbar:unity-gtk-module', 'LC_MEASUREMENT': 'de_DE.UTF-8', 'SHLVL': '3', 'PWD': '/home/cme-intel/git/catkin_ws/src/ipa_pars/planning_demo', 'QT_IM_MODULE': 'ibus', 'ROS_ETC_DIR': '/opt/ros/indigo/etc/ros', 'COLORTERM': 'gnome-terminal', 'LC_NAME': 'de_DE.UTF-8', 'XDG_MENU_PREFIX': 'gnome-', 'LC_TIME': 'de_DE.UTF-8', 'XDG_CONFIG_DIRS': '/etc/xdg/xdg-ubuntu:/usr/share/upstart/xdg:/etc/xdg', 'USER': 'cme-intel'}]
[roslaunch][INFO] 2016-06-08 17:33:38,598: process[rviz_cmeintel_desktop_10075_4840235387176244381-1]: args[[u'/opt/ros/indigo/lib/rviz/rviz', '-d', '/home/cme-intel/git/catkin_ws/src/ipa_pars/planning_demo/configs/demo_rviz.rviz', u'__name:=rviz_cmeintel_desktop_10075_4840235387176244381']]
[roslaunch][INFO] 2016-06-08 17:33:38,598: ... created process [rviz_cmeintel_desktop_10075_4840235387176244381-1]
[roslaunch.pmon][INFO] 2016-06-08 17:33:38,598: ProcessMonitor.register[rviz_cmeintel_desktop_10075_4840235387176244381-1]
[roslaunch.pmon][INFO] 2016-06-08 17:33:38,598: ProcessMonitor.register[rviz_cmeintel_desktop_10075_4840235387176244381-1] complete
[roslaunch][INFO] 2016-06-08 17:33:38,598: ... registered process [rviz_cmeintel_desktop_10075_4840235387176244381-1]
[roslaunch][INFO] 2016-06-08 17:33:38,598: process[rviz_cmeintel_desktop_10075_4840235387176244381-1]: starting os process
[roslaunch][INFO] 2016-06-08 17:33:38,598: process[rviz_cmeintel_desktop_10075_4840235387176244381-1]: start w/ args [[u'/opt/ros/indigo/lib/rviz/rviz', '-d', '/home/cme-intel/git/catkin_ws/src/ipa_pars/planning_demo/configs/demo_rviz.rviz', u'__name:=rviz_cmeintel_desktop_10075_4840235387176244381', u'__log:=/home/cme-intel/.ros/log/46e095fe-2d8e-11e6-9419-bc5ff47c434e/rviz_cmeintel_desktop_10075_4840235387176244381-1.log']]
[roslaunch][INFO] 2016-06-08 17:33:38,598: process[rviz_cmeintel_desktop_10075_4840235387176244381-1]: cwd will be [/home/cme-intel/.ros]
[roslaunch][INFO] 2016-06-08 17:33:38,607: process[rviz_cmeintel_desktop_10075_4840235387176244381-1]: started with pid [10096]
[roslaunch][INFO] 2016-06-08 17:33:38,608: ... successfully launched [rviz_cmeintel_desktop_10075_4840235387176244381-1]
[roslaunch][INFO] 2016-06-08 17:33:38,608: ... launch_nodes complete
[roslaunch.pmon][INFO] 2016-06-08 17:33:38,609: registrations completed <ProcessMonitor(ProcessMonitor-1, started daemon 140638705403648)>
[roslaunch.parent][INFO] 2016-06-08 17:33:38,609: ... roslaunch parent running, waiting for process exit
[roslaunch][INFO] 2016-06-08 17:33:38,609: spin
[roslaunch][ERROR] 2016-06-08 17:33:50,198: [rviz_cmeintel_desktop_10075_4840235387176244381-1] process has died [pid 10096, exit code -11, cmd /opt/ros/indigo/lib/rviz/rviz -d /home/cme-intel/git/catkin_ws/src/ipa_pars/planning_demo/configs/demo_rviz.rviz __name:=rviz_cmeintel_desktop_10075_4840235387176244381 __log:=/home/cme-intel/.ros/log/46e095fe-2d8e-11e6-9419-bc5ff47c434e/rviz_cmeintel_desktop_10075_4840235387176244381-1.log].
log file: /home/cme-intel/.ros/log/46e095fe-2d8e-11e6-9419-bc5ff47c434e/rviz_cmeintel_desktop_10075_4840235387176244381-1*.log
[roslaunch.pmon][INFO] 2016-06-08 17:33:50,198: ProcessMonitor.unregister[rviz_cmeintel_desktop_10075_4840235387176244381-1] starting
[roslaunch.pmon][INFO] 2016-06-08 17:33:50,198: ProcessMonitor.unregister[rviz_cmeintel_desktop_10075_4840235387176244381-1] complete
[roslaunch][INFO] 2016-06-08 17:33:50,198: all processes on machine have died, roslaunch will exit
[roslaunch.pmon][INFO] 2016-06-08 17:33:50,299: ProcessMonitor._post_run <ProcessMonitor(ProcessMonitor-1, started daemon 140638705403648)>
[roslaunch.pmon][INFO] 2016-06-08 17:33:50,299: ProcessMonitor._post_run <ProcessMonitor(ProcessMonitor-1, started daemon 140638705403648)>: remaining procs are []
[roslaunch.pmon][INFO] 2016-06-08 17:33:50,300: ProcessMonitor exit: cleaning up data structures and signals
[roslaunch.pmon][INFO] 2016-06-08 17:33:50,301: ProcessMonitor exit: pmon has shutdown
[roslaunch][INFO] 2016-06-08 17:33:50,330: process monitor is done spinning, initiating full shutdown
[roslaunch][INFO] 2016-06-08 17:33:50,330: runner.stop()
[roslaunch][INFO] 2016-06-08 17:33:50,330: shutting down processing monitor...
[roslaunch][INFO] 2016-06-08 17:33:50,330: shutting down processing monitor <ProcessMonitor(ProcessMonitor-1, stopped daemon 140638705403648)>
[roslaunch.pmon][INFO] 2016-06-08 17:33:50,330: ProcessMonitor.shutdown <ProcessMonitor(ProcessMonitor-1, stopped daemon 140638705403648)>
[roslaunch][INFO] 2016-06-08 17:33:50,330: ... shutting down processing monitor complete
[roslaunch][INFO] 2016-06-08 17:33:50,330: done
[roslaunch.pmon][INFO] 2016-06-08 17:33:50,330: ProcessMonitor.shutdown <ProcessMonitor(ProcessMonitor-1, stopped daemon 140638705403648)>
[rospy.core][INFO] 2016-06-08 17:33:50,330: signal_shutdown [atexit]
