[rospy.client][INFO] 2016-06-08 17:33:07,202: init_node, name[/script_server], pid[4108]
[xmlrpc][INFO] 2016-06-08 17:33:07,203: XML-RPC server binding to 0.0.0.0:0
[xmlrpc][INFO] 2016-06-08 17:33:07,203: Started XML-RPC server [http://cmeintel-desktop:37299/]
[rospy.impl.masterslave][INFO] 2016-06-08 17:33:07,203: _ready: http://cmeintel-desktop:37299/
[rospy.init][INFO] 2016-06-08 17:33:07,204: ROS Slave URI: [http://cmeintel-desktop:37299/]
[rospy.registration][INFO] 2016-06-08 17:33:07,204: Registering with master node http://localhost:11311
[xmlrpc][INFO] 2016-06-08 17:33:07,204: xml rpc node: starting XML-RPC server
[rospy.init][INFO] 2016-06-08 17:33:07,304: registered with master
[rospy.rosout][INFO] 2016-06-08 17:33:07,304: initializing /rosout core topic
[rospy.rosout][INFO] 2016-06-08 17:33:07,307: connected to core topic /rosout
[rospy.simtime][INFO] 2016-06-08 17:33:07,311: initializing /clock core topic
[rospy.simtime][INFO] 2016-06-08 17:33:07,314: connected to core topic /clock
[rospy.internal][INFO] 2016-06-08 17:33:07,319: topic[/clock] adding connection to [http://cmeintel-desktop:42622/], count 0
[rosout][INFO] 2016-06-08 17:33:07,337: script_server is running
[rospy.internal][INFO] 2016-06-08 17:33:07,591: topic[/rosout] adding connection to [/rosout], count 0
[rospy.core][INFO] 2016-06-08 17:34:11,155: signal_shutdown [signal-2]
[rospy.internal][INFO] 2016-06-08 17:34:11,183: topic[/rosout] removing connection to /rosout
[rospy.internal][INFO] 2016-06-08 17:34:11,183: topic[/clock] removing connection to http://cmeintel-desktop:42622/
[rospy.impl.masterslave][INFO] 2016-06-08 17:34:11,183: signal-2
[rospy.core][INFO] 2016-06-08 17:34:11,800: signal_shutdown [atexit]
