[rospy.client][INFO] 2016-06-08 17:33:05,380: init_node, name[/sensorring/gazebo_services], pid[3606]
[xmlrpc][INFO] 2016-06-08 17:33:05,380: XML-RPC server binding to 0.0.0.0:0
[xmlrpc][INFO] 2016-06-08 17:33:05,384: Started XML-RPC server [http://cmeintel-desktop:41381/]
[rospy.impl.masterslave][INFO] 2016-06-08 17:33:05,384: _ready: http://cmeintel-desktop:41381/
[rospy.init][INFO] 2016-06-08 17:33:05,384: ROS Slave URI: [http://cmeintel-desktop:41381/]
[rospy.registration][INFO] 2016-06-08 17:33:05,385: Registering with master node http://localhost:11311
[xmlrpc][INFO] 2016-06-08 17:33:05,386: xml rpc node: starting XML-RPC server
[rospy.init][INFO] 2016-06-08 17:33:05,485: registered with master
[rospy.rosout][INFO] 2016-06-08 17:33:05,485: initializing /rosout core topic
[rospy.rosout][INFO] 2016-06-08 17:33:05,502: connected to core topic /rosout
[rospy.simtime][INFO] 2016-06-08 17:33:05,516: initializing /clock core topic
[rospy.simtime][INFO] 2016-06-08 17:33:05,575: connected to core topic /clock
[rosout][INFO] 2016-06-08 17:33:05,656: gazebo_services running
[rospy.internal][INFO] 2016-06-08 17:33:05,765: topic[/rosout] adding connection to [/rosout], count 0
[rospy.internal][INFO] 2016-06-08 17:33:06,868: topic[/clock] adding connection to [http://cmeintel-desktop:42622/], count 0
[rospy.core][INFO] 2016-06-08 17:34:11,855: signal_shutdown [signal-2]
[rospy.internal][INFO] 2016-06-08 17:34:11,874: topic[/rosout] removing connection to /rosout
[rospy.internal][INFO] 2016-06-08 17:34:11,874: topic[/clock] removing connection to http://cmeintel-desktop:42622/
[rospy.impl.masterslave][INFO] 2016-06-08 17:34:11,874: signal-2
[rospy.internal][WARNING] 2016-06-08 17:34:11,874: Unknown error initiating TCP/IP socket to cmeintel-desktop:58393 (http://cmeintel-desktop:42622/): Traceback (most recent call last):
  File "/opt/ros/indigo/lib/python2.7/dist-packages/rospy/impl/tcpros_base.py", line 558, in connect
    self.local_endpoint = self.socket.getsockname()
AttributeError: 'NoneType' object has no attribute 'getsockname'

[rospy.core][INFO] 2016-06-08 17:34:11,990: signal_shutdown [atexit]
