[rospy.client][INFO] 2016-06-08 17:33:05,179: init_node, name[/spawn_gazebo_model], pid[3281]
[xmlrpc][INFO] 2016-06-08 17:33:05,185: XML-RPC server binding to 0.0.0.0:0
[xmlrpc][INFO] 2016-06-08 17:33:05,185: Started XML-RPC server [http://cmeintel-desktop:43680/]
[rospy.impl.masterslave][INFO] 2016-06-08 17:33:05,185: _ready: http://cmeintel-desktop:43680/
[rospy.init][INFO] 2016-06-08 17:33:05,187: ROS Slave URI: [http://cmeintel-desktop:43680/]
[xmlrpc][INFO] 2016-06-08 17:33:05,188: xml rpc node: starting XML-RPC server
[rospy.registration][INFO] 2016-06-08 17:33:05,191: Registering with master node http://localhost:11311
[rospy.init][INFO] 2016-06-08 17:33:05,288: registered with master
[rospy.rosout][INFO] 2016-06-08 17:33:05,288: initializing /rosout core topic
[rospy.rosout][INFO] 2016-06-08 17:33:05,301: connected to core topic /rosout
[rospy.simtime][INFO] 2016-06-08 17:33:05,322: initializing /clock core topic
[rospy.simtime][INFO] 2016-06-08 17:33:05,371: connected to core topic /clock
[rosout][INFO] 2016-06-08 17:33:05,392: Loading model xml from ros parameter
[rosout][INFO] 2016-06-08 17:33:05,414: Waiting for service /gazebo/spawn_urdf_model
[rospy.internal][INFO] 2016-06-08 17:33:05,528: topic[/rosout] adding connection to [/rosout], count 0
[rospy.internal][INFO] 2016-06-08 17:33:06,879: topic[/clock] adding connection to [http://cmeintel-desktop:42622/], count 0
[rosout][INFO] 2016-06-08 17:33:06,951: Calling service /gazebo/spawn_urdf_model
[rosout][INFO] 2016-06-08 17:33:11,208: Spawn status: SpawnModel: Successfully spawned model
[rospy.core][INFO] 2016-06-08 17:33:11,209: signal_shutdown [atexit]
[rospy.internal][INFO] 2016-06-08 17:33:11,211: topic[/rosout] removing connection to /rosout
[rospy.internal][INFO] 2016-06-08 17:33:11,211: topic[/clock] removing connection to http://cmeintel-desktop:42622/
[rospy.impl.masterslave][INFO] 2016-06-08 17:33:11,211: atexit
