[rospy.client][INFO] 2016-06-08 17:33:04,882: init_node, name[/spawn_urdf_world], pid[3240]
[xmlrpc][INFO] 2016-06-08 17:33:04,883: XML-RPC server binding to 0.0.0.0:0
[xmlrpc][INFO] 2016-06-08 17:33:04,883: Started XML-RPC server [http://cmeintel-desktop:41518/]
[rospy.impl.masterslave][INFO] 2016-06-08 17:33:04,883: _ready: http://cmeintel-desktop:41518/
[rospy.registration][INFO] 2016-06-08 17:33:04,884: Registering with master node http://localhost:11311
[xmlrpc][INFO] 2016-06-08 17:33:04,884: xml rpc node: starting XML-RPC server
[rospy.init][INFO] 2016-06-08 17:33:04,886: ROS Slave URI: [http://cmeintel-desktop:41518/]
[rospy.init][INFO] 2016-06-08 17:33:04,886: registered with master
[rospy.rosout][INFO] 2016-06-08 17:33:04,886: initializing /rosout core topic
[rospy.rosout][INFO] 2016-06-08 17:33:04,917: connected to core topic /rosout
[rospy.simtime][INFO] 2016-06-08 17:33:04,946: initializing /clock core topic
[rospy.internal][INFO] 2016-06-08 17:33:05,209: topic[/rosout] adding connection to [/rosout], count 0
[rospy.simtime][INFO] 2016-06-08 17:33:05,958: connected to core topic /clock
[rosout][INFO] 2016-06-08 17:33:05,973: Loading model xml from ros parameter
[rosout][INFO] 2016-06-08 17:33:05,983: Waiting for service /gazebo/spawn_urdf_model
[rosout][INFO] 2016-06-08 17:33:06,892: Calling service /gazebo/spawn_urdf_model
[rospy.internal][INFO] 2016-06-08 17:33:06,912: topic[/clock] adding connection to [http://cmeintel-desktop:42622/], count 0
[rosout][INFO] 2016-06-08 17:33:07,458: Spawn status: SpawnModel: Successfully spawned model
[rospy.core][INFO] 2016-06-08 17:33:07,458: signal_shutdown [atexit]
[rospy.internal][INFO] 2016-06-08 17:33:07,467: topic[/rosout] removing connection to /rosout
[rospy.internal][INFO] 2016-06-08 17:33:07,468: topic[/clock] removing connection to http://cmeintel-desktop:42622/
[rospy.impl.masterslave][INFO] 2016-06-08 17:33:07,468: atexit
