[rospy.client][INFO] 2016-06-04 16:20:17,359: init_node, name[/arm_right/gazebo_services], pid[11977]
[xmlrpc][INFO] 2016-06-04 16:20:17,360: XML-RPC server binding to 0.0.0.0:0
[xmlrpc][INFO] 2016-06-04 16:20:17,360: Started XML-RPC server [http://cmeintel-desktop:37326/]
[rospy.init][INFO] 2016-06-04 16:20:17,360: ROS Slave URI: [http://cmeintel-desktop:37326/]
[rospy.impl.masterslave][INFO] 2016-06-04 16:20:17,360: _ready: http://cmeintel-desktop:37326/
[xmlrpc][INFO] 2016-06-04 16:20:17,362: xml rpc node: starting XML-RPC server
[rospy.registration][INFO] 2016-06-04 16:20:17,363: Registering with master node http://localhost:11311
[rospy.init][INFO] 2016-06-04 16:20:17,460: registered with master
[rospy.rosout][INFO] 2016-06-04 16:20:17,460: initializing /rosout core topic
[rospy.rosout][INFO] 2016-06-04 16:20:17,479: connected to core topic /rosout
[rospy.simtime][INFO] 2016-06-04 16:20:17,494: initializing /clock core topic
[rospy.simtime][INFO] 2016-06-04 16:20:17,507: connected to core topic /clock
[rospy.internal][INFO] 2016-06-04 16:20:17,711: topic[/rosout] adding connection to [/rosout], count 0
[rosout][INFO] 2016-06-04 16:20:18,540: gazebo_services running
[rospy.internal][INFO] 2016-06-04 16:20:18,647: topic[/clock] adding connection to [http://cmeintel-desktop:35444/], count 0
[rospy.core][INFO] 2016-06-04 16:21:35,558: signal_shutdown [signal-2]
[rospy.internal][INFO] 2016-06-04 16:21:35,574: topic[/rosout] removing connection to /rosout
[rospy.internal][INFO] 2016-06-04 16:21:35,574: topic[/clock] removing connection to http://cmeintel-desktop:35444/
[rospy.impl.masterslave][INFO] 2016-06-04 16:21:35,575: signal-2
[rospy.core][INFO] 2016-06-04 16:21:35,690: signal_shutdown [atexit]
