[rospy.client][INFO] 2016-06-04 16:20:17,413: init_node, name[/arm_left/gazebo_services], pid[11850]
[xmlrpc][INFO] 2016-06-04 16:20:17,415: XML-RPC server binding to 0.0.0.0:0
[rospy.init][INFO] 2016-06-04 16:20:17,416: ROS Slave URI: [http://cmeintel-desktop:39704/]
[xmlrpc][INFO] 2016-06-04 16:20:17,416: Started XML-RPC server [http://cmeintel-desktop:39704/]
[rospy.impl.masterslave][INFO] 2016-06-04 16:20:17,416: _ready: http://cmeintel-desktop:39704/
[xmlrpc][INFO] 2016-06-04 16:20:17,417: xml rpc node: starting XML-RPC server
[rospy.registration][INFO] 2016-06-04 16:20:17,419: Registering with master node http://localhost:11311
[rospy.init][INFO] 2016-06-04 16:20:17,516: registered with master
[rospy.rosout][INFO] 2016-06-04 16:20:17,516: initializing /rosout core topic
[rospy.rosout][INFO] 2016-06-04 16:20:17,533: connected to core topic /rosout
[rospy.simtime][INFO] 2016-06-04 16:20:17,545: initializing /clock core topic
[rospy.simtime][INFO] 2016-06-04 16:20:17,559: connected to core topic /clock
[rosout][INFO] 2016-06-04 16:20:17,621: gazebo_services running
[rospy.internal][INFO] 2016-06-04 16:20:17,862: topic[/rosout] adding connection to [/rosout], count 0
[rospy.internal][INFO] 2016-06-04 16:20:18,653: topic[/clock] adding connection to [http://cmeintel-desktop:35444/], count 0
[rospy.core][INFO] 2016-06-04 16:21:35,767: signal_shutdown [signal-2]
[rospy.internal][INFO] 2016-06-04 16:21:35,785: topic[/rosout] removing connection to /rosout
[rospy.internal][INFO] 2016-06-04 16:21:35,785: topic[/clock] removing connection to http://cmeintel-desktop:35444/
[rospy.impl.masterslave][INFO] 2016-06-04 16:21:35,785: signal-2
[rospy.core][INFO] 2016-06-04 16:21:35,902: signal_shutdown [atexit]
