[rospy.client][INFO] 2016-06-04 16:20:16,687: init_node, name[/base/gazebo_services], pid[11482]
[xmlrpc][INFO] 2016-06-04 16:20:16,689: XML-RPC server binding to 0.0.0.0:0
[xmlrpc][INFO] 2016-06-04 16:20:16,689: Started XML-RPC server [http://cmeintel-desktop:37062/]
[rospy.impl.masterslave][INFO] 2016-06-04 16:20:16,689: _ready: http://cmeintel-desktop:37062/
[rospy.registration][INFO] 2016-06-04 16:20:16,690: Registering with master node http://localhost:11311
[xmlrpc][INFO] 2016-06-04 16:20:16,690: xml rpc node: starting XML-RPC server
[rospy.init][INFO] 2016-06-04 16:20:16,690: ROS Slave URI: [http://cmeintel-desktop:37062/]
[rospy.init][INFO] 2016-06-04 16:20:16,697: registered with master
[rospy.rosout][INFO] 2016-06-04 16:20:16,697: initializing /rosout core topic
[rospy.rosout][INFO] 2016-06-04 16:20:16,737: connected to core topic /rosout
[rospy.simtime][INFO] 2016-06-04 16:20:16,763: initializing /clock core topic
[rospy.simtime][INFO] 2016-06-04 16:20:16,791: connected to core topic /clock
[rosout][INFO] 2016-06-04 16:20:16,887: gazebo_services running
[rospy.internal][INFO] 2016-06-04 16:20:16,936: topic[/rosout] adding connection to [/rosout], count 0
[rospy.internal][INFO] 2016-06-04 16:20:18,644: topic[/clock] adding connection to [http://cmeintel-desktop:35444/], count 0
[rospy.core][INFO] 2016-06-04 16:21:36,354: signal_shutdown [signal-2]
[rospy.internal][INFO] 2016-06-04 16:21:36,360: topic[/rosout] removing connection to /rosout
[rospy.internal][INFO] 2016-06-04 16:21:36,360: topic[/clock] removing connection to http://cmeintel-desktop:35444/
[rospy.impl.masterslave][INFO] 2016-06-04 16:21:36,360: signal-2
[rospy.core][INFO] 2016-06-04 16:21:36,492: signal_shutdown [atexit]
