[rospy.client][INFO] 2016-06-04 16:20:17,600: init_node, name[/dashboard_aggregator], pid[12178]
[xmlrpc][INFO] 2016-06-04 16:20:17,601: XML-RPC server binding to 0.0.0.0:0
[rospy.init][INFO] 2016-06-04 16:20:17,601: ROS Slave URI: [http://cmeintel-desktop:44237/]
[xmlrpc][INFO] 2016-06-04 16:20:17,601: Started XML-RPC server [http://cmeintel-desktop:44237/]
[rospy.impl.masterslave][INFO] 2016-06-04 16:20:17,601: _ready: http://cmeintel-desktop:44237/
[xmlrpc][INFO] 2016-06-04 16:20:17,602: xml rpc node: starting XML-RPC server
[rospy.registration][INFO] 2016-06-04 16:20:17,603: Registering with master node http://localhost:11311
[rospy.init][INFO] 2016-06-04 16:20:17,701: registered with master
[rospy.rosout][INFO] 2016-06-04 16:20:17,702: initializing /rosout core topic
[rospy.rosout][INFO] 2016-06-04 16:20:17,710: connected to core topic /rosout
[rospy.simtime][INFO] 2016-06-04 16:20:17,715: initializing /clock core topic
[rospy.simtime][INFO] 2016-06-04 16:20:17,725: connected to core topic /clock
[rospy.internal][INFO] 2016-06-04 16:20:17,972: topic[/rosout] adding connection to [/rosout], count 0
[rospy.internal][INFO] 2016-06-04 16:20:18,696: topic[/clock] adding connection to [http://cmeintel-desktop:35444/], count 0
[rospy.internal][INFO] 2016-06-04 16:20:19,806: topic[/diagnostics_toplevel_state] adding connection to [http://cmeintel-desktop:34177/], count 0
[rospy.internal][INFO] 2016-06-04 16:20:19,808: topic[/emergency_stop_state] adding connection to [http://cmeintel-desktop:42046/], count 0
[rospy.core][INFO] 2016-06-04 16:21:35,355: signal_shutdown [signal-2]
[rospy.internal][INFO] 2016-06-04 16:21:35,358: topic[/rosout] removing connection to /rosout
[rospy.internal][INFO] 2016-06-04 16:21:35,360: topic[/diagnostics_toplevel_state] removing connection to http://cmeintel-desktop:34177/
[rospy.internal][INFO] 2016-06-04 16:21:35,360: topic[/clock] removing connection to http://cmeintel-desktop:35444/
[rospy.internal][INFO] 2016-06-04 16:21:35,361: topic[/emergency_stop_state] removing connection to http://cmeintel-desktop:42046/
[rospy.impl.masterslave][INFO] 2016-06-04 16:21:35,361: signal-2
[rospy.core][INFO] 2016-06-04 16:21:35,855: signal_shutdown [atexit]
