[rospy.client][INFO] 2016-06-04 16:20:17,726: init_node, name[/gripper_right/gazebo_services], pid[12116]
[xmlrpc][INFO] 2016-06-04 16:20:17,728: XML-RPC server binding to 0.0.0.0:0
[xmlrpc][INFO] 2016-06-04 16:20:17,728: Started XML-RPC server [http://cmeintel-desktop:36203/]
[rospy.impl.masterslave][INFO] 2016-06-04 16:20:17,728: _ready: http://cmeintel-desktop:36203/
[rospy.registration][INFO] 2016-06-04 16:20:17,730: Registering with master node http://localhost:11311
[xmlrpc][INFO] 2016-06-04 16:20:17,730: xml rpc node: starting XML-RPC server
[rospy.init][INFO] 2016-06-04 16:20:17,732: ROS Slave URI: [http://cmeintel-desktop:36203/]
[rospy.init][INFO] 2016-06-04 16:20:17,732: registered with master
[rospy.rosout][INFO] 2016-06-04 16:20:17,732: initializing /rosout core topic
[rospy.rosout][INFO] 2016-06-04 16:20:17,741: connected to core topic /rosout
[rospy.simtime][INFO] 2016-06-04 16:20:17,745: initializing /clock core topic
[rospy.simtime][INFO] 2016-06-04 16:20:17,752: connected to core topic /clock
[rosout][INFO] 2016-06-04 16:20:17,791: gazebo_services running
[rospy.internal][INFO] 2016-06-04 16:20:17,972: topic[/rosout] adding connection to [/rosout], count 0
[rospy.internal][INFO] 2016-06-04 16:20:18,695: topic[/clock] adding connection to [http://cmeintel-desktop:35444/], count 0
[rospy.core][INFO] 2016-06-04 16:21:35,357: signal_shutdown [signal-2]
[rospy.internal][INFO] 2016-06-04 16:21:35,362: topic[/rosout] removing connection to /rosout
[rospy.internal][INFO] 2016-06-04 16:21:35,362: topic[/clock] removing connection to http://cmeintel-desktop:35444/
[rospy.impl.masterslave][INFO] 2016-06-04 16:21:35,362: signal-2
[rospy.internal][WARNING] 2016-06-04 16:21:35,366: Unknown error initiating TCP/IP socket to cmeintel-desktop:60543 (http://cmeintel-desktop:35444/): Traceback (most recent call last):
  File "/opt/ros/indigo/lib/python2.7/dist-packages/rospy/impl/tcpros_base.py", line 558, in connect
    self.local_endpoint = self.socket.getsockname()
AttributeError: 'NoneType' object has no attribute 'getsockname'

[rospy.core][INFO] 2016-06-04 16:21:35,478: signal_shutdown [atexit]
