[rospy.client][INFO] 2016-06-04 16:20:16,951: init_node, name[/relayboard_node], pid[11677]
[xmlrpc][INFO] 2016-06-04 16:20:16,952: XML-RPC server binding to 0.0.0.0:0
[xmlrpc][INFO] 2016-06-04 16:20:16,952: Started XML-RPC server [http://cmeintel-desktop:42046/]
[rospy.init][INFO] 2016-06-04 16:20:16,952: ROS Slave URI: [http://cmeintel-desktop:42046/]
[rospy.impl.masterslave][INFO] 2016-06-04 16:20:16,953: _ready: http://cmeintel-desktop:42046/
[xmlrpc][INFO] 2016-06-04 16:20:16,956: xml rpc node: starting XML-RPC server
[rospy.registration][INFO] 2016-06-04 16:20:16,957: Registering with master node http://localhost:11311
[rospy.init][INFO] 2016-06-04 16:20:17,053: registered with master
[rospy.rosout][INFO] 2016-06-04 16:20:17,053: initializing /rosout core topic
[rospy.rosout][INFO] 2016-06-04 16:20:17,071: connected to core topic /rosout
[rospy.simtime][INFO] 2016-06-04 16:20:17,093: initializing /clock core topic
[rospy.simtime][INFO] 2016-06-04 16:20:17,110: connected to core topic /clock
[rospy.internal][INFO] 2016-06-04 16:20:17,274: topic[/rosout] adding connection to [/rosout], count 0
[rospy.internal][INFO] 2016-06-04 16:20:18,642: topic[/clock] adding connection to [http://cmeintel-desktop:35444/], count 0
[rospy.internal][INFO] 2016-06-04 16:20:19,808: topic[/emergency_stop_state] adding connection to [/dashboard_aggregator], count 0
[rospy.internal][INFO] 2016-06-04 16:21:35,361: topic[/emergency_stop_state] adding connection to [/dashboard_aggregator], count 1
[rospy.internal][INFO] 2016-06-04 16:21:35,361: topic[/emergency_stop_state] removing connection to /dashboard_aggregator
[rospy.core][INFO] 2016-06-04 16:21:36,061: signal_shutdown [signal-2]
[rospy.internal][INFO] 2016-06-04 16:21:36,066: topic[/emergency_stop_state] removing connection to /dashboard_aggregator
[rospy.internal][INFO] 2016-06-04 16:21:36,066: topic[/rosout] removing connection to /rosout
[rospy.internal][INFO] 2016-06-04 16:21:36,066: topic[/clock] removing connection to http://cmeintel-desktop:35444/
[rospy.impl.masterslave][INFO] 2016-06-04 16:21:36,066: signal-2
[rospy.core][INFO] 2016-06-04 16:21:36,182: signal_shutdown [atexit]
