[rospy.client][INFO] 2016-06-04 16:20:18,896: init_node, name[/script_server], pid[12206]
[xmlrpc][INFO] 2016-06-04 16:20:18,896: XML-RPC server binding to 0.0.0.0:0
[xmlrpc][INFO] 2016-06-04 16:20:18,896: Started XML-RPC server [http://cmeintel-desktop:36793/]
[rospy.impl.masterslave][INFO] 2016-06-04 16:20:18,896: _ready: http://cmeintel-desktop:36793/
[rospy.init][INFO] 2016-06-04 16:20:18,897: ROS Slave URI: [http://cmeintel-desktop:36793/]
[xmlrpc][INFO] 2016-06-04 16:20:18,897: xml rpc node: starting XML-RPC server
[rospy.registration][INFO] 2016-06-04 16:20:18,899: Registering with master node http://localhost:11311
[rospy.init][INFO] 2016-06-04 16:20:18,997: registered with master
[rospy.rosout][INFO] 2016-06-04 16:20:18,997: initializing /rosout core topic
[rospy.rosout][INFO] 2016-06-04 16:20:19,213: connected to core topic /rosout
[rospy.simtime][INFO] 2016-06-04 16:20:19,219: initializing /clock core topic
[rospy.simtime][INFO] 2016-06-04 16:20:19,222: connected to core topic /clock
[rospy.internal][INFO] 2016-06-04 16:20:19,226: topic[/clock] adding connection to [http://cmeintel-desktop:35444/], count 0
[rosout][INFO] 2016-06-04 16:20:19,244: script_server is running
[rospy.internal][INFO] 2016-06-04 16:20:19,481: topic[/rosout] adding connection to [/rosout], count 0
[rospy.core][INFO] 2016-06-04 16:21:35,350: signal_shutdown [signal-2]
[rospy.internal][INFO] 2016-06-04 16:21:35,358: topic[/rosout] removing connection to /rosout
[rospy.internal][INFO] 2016-06-04 16:21:35,359: topic[/clock] removing connection to http://cmeintel-desktop:35444/
[rospy.impl.masterslave][INFO] 2016-06-04 16:21:35,359: signal-2
[rospy.internal][WARNING] 2016-06-04 16:21:35,359: Unknown error initiating TCP/IP socket to cmeintel-desktop:60543 (http://cmeintel-desktop:35444/): Traceback (most recent call last):
  File "/opt/ros/indigo/lib/python2.7/dist-packages/rospy/impl/tcpros_base.py", line 558, in connect
    self.local_endpoint = self.socket.getsockname()
AttributeError: 'NoneType' object has no attribute 'getsockname'

[rospy.core][INFO] 2016-06-04 16:21:35,858: signal_shutdown [atexit]
