[rospy.client][INFO] 2016-06-04 16:20:16,379: init_node, name[/spawn_urdf_world], pid[11433]
[xmlrpc][INFO] 2016-06-04 16:20:16,381: XML-RPC server binding to 0.0.0.0:0
[xmlrpc][INFO] 2016-06-04 16:20:16,381: Started XML-RPC server [http://cmeintel-desktop:42856/]
[rospy.init][INFO] 2016-06-04 16:20:16,381: ROS Slave URI: [http://cmeintel-desktop:42856/]
[rospy.impl.masterslave][INFO] 2016-06-04 16:20:16,381: _ready: http://cmeintel-desktop:42856/
[xmlrpc][INFO] 2016-06-04 16:20:16,381: xml rpc node: starting XML-RPC server
[rospy.registration][INFO] 2016-06-04 16:20:16,382: Registering with master node http://localhost:11311
[rospy.init][INFO] 2016-06-04 16:20:16,481: registered with master
[rospy.rosout][INFO] 2016-06-04 16:20:16,481: initializing /rosout core topic
[rospy.rosout][INFO] 2016-06-04 16:20:16,506: connected to core topic /rosout
[rospy.simtime][INFO] 2016-06-04 16:20:16,523: initializing /clock core topic
[rospy.internal][INFO] 2016-06-04 16:20:16,718: topic[/rosout] adding connection to [/rosout], count 0
[rospy.simtime][INFO] 2016-06-04 16:20:17,555: connected to core topic /clock
[rosout][INFO] 2016-06-04 16:20:17,583: Loading model xml from ros parameter
[rosout][INFO] 2016-06-04 16:20:17,615: Waiting for service /gazebo/spawn_urdf_model
[rospy.internal][INFO] 2016-06-04 16:20:18,694: topic[/clock] adding connection to [http://cmeintel-desktop:35444/], count 0
[rosout][INFO] 2016-06-04 16:20:18,826: Calling service /gazebo/spawn_urdf_model
[rosout][INFO] 2016-06-04 16:20:28,839: Spawn status: SpawnModel: Successfully spawned model
[rospy.core][INFO] 2016-06-04 16:20:28,840: signal_shutdown [atexit]
[rospy.internal][INFO] 2016-06-04 16:20:28,841: topic[/rosout] removing connection to /rosout
[rospy.internal][INFO] 2016-06-04 16:20:28,842: topic[/clock] removing connection to http://cmeintel-desktop:35444/
[rospy.impl.masterslave][INFO] 2016-06-04 16:20:28,842: atexit
