[rospy.client][INFO] 2016-06-04 16:20:16,757: init_node, name[/torso/gazebo_services], pid[11679]
[xmlrpc][INFO] 2016-06-04 16:20:16,757: XML-RPC server binding to 0.0.0.0:0
[xmlrpc][INFO] 2016-06-04 16:20:16,758: Started XML-RPC server [http://cmeintel-desktop:33192/]
[rospy.impl.masterslave][INFO] 2016-06-04 16:20:16,758: _ready: http://cmeintel-desktop:33192/
[rospy.init][INFO] 2016-06-04 16:20:16,758: ROS Slave URI: [http://cmeintel-desktop:33192/]
[rospy.registration][INFO] 2016-06-04 16:20:16,759: Registering with master node http://localhost:11311
[xmlrpc][INFO] 2016-06-04 16:20:16,759: xml rpc node: starting XML-RPC server
[rospy.init][INFO] 2016-06-04 16:20:16,858: registered with master
[rospy.rosout][INFO] 2016-06-04 16:20:16,858: initializing /rosout core topic
[rospy.rosout][INFO] 2016-06-04 16:20:17,861: connected to core topic /rosout
[rospy.simtime][INFO] 2016-06-04 16:20:17,875: initializing /clock core topic
[rospy.simtime][INFO] 2016-06-04 16:20:17,890: connected to core topic /clock
[rosout][INFO] 2016-06-04 16:20:17,918: gazebo_services running
[rospy.internal][INFO] 2016-06-04 16:20:18,084: topic[/rosout] adding connection to [/rosout], count 0
[rospy.internal][INFO] 2016-06-04 16:20:18,696: topic[/clock] adding connection to [http://cmeintel-desktop:35444/], count 0
[rospy.core][INFO] 2016-06-04 16:21:36,060: signal_shutdown [signal-2]
[rospy.internal][INFO] 2016-06-04 16:21:36,063: topic[/rosout] removing connection to /rosout
[rospy.internal][INFO] 2016-06-04 16:21:36,063: topic[/clock] removing connection to http://cmeintel-desktop:35444/
[rospy.impl.masterslave][INFO] 2016-06-04 16:21:36,063: signal-2
[rospy.core][INFO] 2016-06-04 16:21:36,173: signal_shutdown [atexit]
