[rospy.client][INFO] 2016-06-04 16:20:16,767: init_node, name[/world_tf_publisher], pid[11454]
[xmlrpc][INFO] 2016-06-04 16:20:16,768: XML-RPC server binding to 0.0.0.0:0
[rospy.init][INFO] 2016-06-04 16:20:16,768: ROS Slave URI: [http://cmeintel-desktop:34457/]
[xmlrpc][INFO] 2016-06-04 16:20:16,768: Started XML-RPC server [http://cmeintel-desktop:34457/]
[rospy.impl.masterslave][INFO] 2016-06-04 16:20:16,768: _ready: http://cmeintel-desktop:34457/
[xmlrpc][INFO] 2016-06-04 16:20:16,768: xml rpc node: starting XML-RPC server
[rospy.registration][INFO] 2016-06-04 16:20:16,770: Registering with master node http://localhost:11311
[rospy.init][INFO] 2016-06-04 16:20:16,868: registered with master
[rospy.rosout][INFO] 2016-06-04 16:20:16,868: initializing /rosout core topic
[rospy.rosout][INFO] 2016-06-04 16:20:16,891: connected to core topic /rosout
[rospy.simtime][INFO] 2016-06-04 16:20:16,919: initializing /clock core topic
[rospy.simtime][INFO] 2016-06-04 16:20:16,966: connected to core topic /clock
[rospy.internal][INFO] 2016-06-04 16:20:17,164: topic[/rosout] adding connection to [/rosout], count 0
[rospy.internal][INFO] 2016-06-04 16:20:17,240: topic[/tf] adding connection to [/arm_left/twist_controller], count 0
[rospy.internal][INFO] 2016-06-04 16:20:17,242: topic[/tf] adding connection to [/torso/interactive_target], count 1
[rospy.internal][INFO] 2016-06-04 16:20:17,343: topic[/tf] adding connection to [/arm_left/frame_tracker], count 2
[rospy.internal][INFO] 2016-06-04 16:20:17,375: topic[/tf] adding connection to [/arm_left/interactive_target], count 3
[rospy.internal][INFO] 2016-06-04 16:20:17,577: topic[/tf] adding connection to [/arm_right/obstacle_distance], count 4
[rospy.internal][INFO] 2016-06-04 16:20:17,715: topic[/tf] adding connection to [/scan_unifier], count 5
[rospy.internal][INFO] 2016-06-04 16:20:17,958: topic[/tf] adding connection to [/torso/frame_tracker], count 6
[rospy.internal][INFO] 2016-06-04 16:20:18,015: topic[/tf] adding connection to [/torso/obstacle_distance], count 7
[rospy.internal][INFO] 2016-06-04 16:20:18,073: topic[/tf] adding connection to [/arm_left/obstacle_distance], count 8
[rospy.internal][INFO] 2016-06-04 16:20:18,190: topic[/tf] adding connection to [/arm_right/twist_controller], count 9
[rospy.internal][INFO] 2016-06-04 16:20:18,279: topic[/tf] adding connection to [/arm_right/interactive_target], count 10
[rospy.internal][INFO] 2016-06-04 16:20:18,500: topic[/tf] adding connection to [/arm_right/frame_tracker], count 11
[rospy.internal][INFO] 2016-06-04 16:20:18,651: topic[/clock] adding connection to [http://cmeintel-desktop:35444/], count 0
[rospy.internal][INFO] 2016-06-04 16:20:19,704: topic[/tf] adding connection to [/torso/twist_controller], count 12
[rospy.internal][INFO] 2016-06-04 16:20:30,260: topic[/tf] removing connection to /arm_right/obstacle_distance
[rospy.core][INFO] 2016-06-04 16:21:36,462: signal_shutdown [signal-2]
[rospy.internal][INFO] 2016-06-04 16:21:36,467: topic[/rosout] removing connection to /rosout
[rospy.internal][INFO] 2016-06-04 16:21:36,467: topic[/tf] removing connection to /arm_left/twist_controller
[rospy.internal][INFO] 2016-06-04 16:21:36,467: topic[/tf] removing connection to /torso/interactive_target
[rospy.internal][INFO] 2016-06-04 16:21:36,467: topic[/tf] removing connection to /arm_left/frame_tracker
[rospy.internal][INFO] 2016-06-04 16:21:36,467: topic[/tf] removing connection to /arm_left/interactive_target
[rospy.internal][INFO] 2016-06-04 16:21:36,468: topic[/tf] removing connection to /scan_unifier
[rospy.internal][INFO] 2016-06-04 16:21:36,468: topic[/tf] removing connection to /torso/frame_tracker
[rospy.internal][INFO] 2016-06-04 16:21:36,468: topic[/tf] removing connection to /torso/obstacle_distance
[rospy.internal][INFO] 2016-06-04 16:21:36,468: topic[/tf] removing connection to /arm_left/obstacle_distance
[rospy.internal][INFO] 2016-06-04 16:21:36,469: topic[/tf] removing connection to /arm_right/twist_controller
[rospy.internal][INFO] 2016-06-04 16:21:36,469: topic[/tf] removing connection to /arm_right/interactive_target
[rospy.internal][INFO] 2016-06-04 16:21:36,469: topic[/tf] removing connection to /arm_right/frame_tracker
[rospy.internal][INFO] 2016-06-04 16:21:36,469: topic[/tf] removing connection to /torso/twist_controller
[rospy.internal][INFO] 2016-06-04 16:21:36,469: topic[/clock] removing connection to http://cmeintel-desktop:35444/
[rospy.impl.masterslave][INFO] 2016-06-04 16:21:36,470: signal-2
[rospy.internal][WARNING] 2016-06-04 16:21:36,470: Unknown error initiating TCP/IP socket to cmeintel-desktop:60543 (http://cmeintel-desktop:35444/): Traceback (most recent call last):
  File "/opt/ros/indigo/lib/python2.7/dist-packages/rospy/impl/tcpros_base.py", line 558, in connect
    self.local_endpoint = self.socket.getsockname()
AttributeError: 'NoneType' object has no attribute 'getsockname'

[rospy.core][INFO] 2016-06-04 16:21:36,950: signal_shutdown [atexit]
