[rospy.client][INFO] 2016-06-10 12:13:42,830: init_node, name[/arm_right/gazebo_services], pid[7659]
[xmlrpc][INFO] 2016-06-10 12:13:42,830: XML-RPC server binding to 0.0.0.0:0
[rospy.init][INFO] 2016-06-10 12:13:42,830: ROS Slave URI: [http://cmeintel-desktop:37540/]
[xmlrpc][INFO] 2016-06-10 12:13:42,830: Started XML-RPC server [http://cmeintel-desktop:37540/]
[rospy.impl.masterslave][INFO] 2016-06-10 12:13:42,831: _ready: http://cmeintel-desktop:37540/
[xmlrpc][INFO] 2016-06-10 12:13:42,831: xml rpc node: starting XML-RPC server
[rospy.registration][INFO] 2016-06-10 12:13:42,831: Registering with master node http://localhost:11311
[rospy.init][INFO] 2016-06-10 12:13:42,931: registered with master
[rospy.rosout][INFO] 2016-06-10 12:13:42,931: initializing /rosout core topic
[rospy.rosout][INFO] 2016-06-10 12:13:42,939: connected to core topic /rosout
[rospy.simtime][INFO] 2016-06-10 12:13:42,952: initializing /clock core topic
[rospy.simtime][INFO] 2016-06-10 12:13:42,975: connected to core topic /clock
[rosout][INFO] 2016-06-10 12:13:43,010: gazebo_services running
[rospy.internal][INFO] 2016-06-10 12:13:43,230: topic[/rosout] adding connection to [/rosout], count 0
[rospy.internal][INFO] 2016-06-10 12:13:44,461: topic[/clock] adding connection to [http://cmeintel-desktop:38548/], count 0
[rospy.core][INFO] 2016-06-10 12:34:35,908: signal_shutdown [signal-2]
[rospy.internal][INFO] 2016-06-10 12:34:35,911: topic[/rosout] removing connection to /rosout
[rospy.internal][INFO] 2016-06-10 12:34:35,911: topic[/clock] removing connection to http://cmeintel-desktop:38548/
[rospy.impl.masterslave][INFO] 2016-06-10 12:34:35,912: signal-2
[rospy.internal][ERROR] 2016-06-10 12:34:35,913: Traceback (most recent call last):
  File "/opt/ros/indigo/lib/python2.7/dist-packages/rospy/impl/tcpros_base.py", line 698, in receive_once
    self.stat_bytes += recv_buff(sock, b, p.buff_size)
  File "/opt/ros/indigo/lib/python2.7/dist-packages/rospy/impl/tcpros_base.py", line 103, in recv_buff
    d = sock.recv(buff_size)
error: [Errno 104] Connection reset by peer

[rospy.core][INFO] 2016-06-10 12:34:36,043: signal_shutdown [atexit]
