[rospy.client][INFO] 2016-06-10 12:13:42,177: init_node, name[/base/gazebo_services], pid[7301]
[xmlrpc][INFO] 2016-06-10 12:13:42,181: XML-RPC server binding to 0.0.0.0:0
[xmlrpc][INFO] 2016-06-10 12:13:42,181: Started XML-RPC server [http://cmeintel-desktop:43897/]
[rospy.impl.masterslave][INFO] 2016-06-10 12:13:42,181: _ready: http://cmeintel-desktop:43897/
[rospy.init][INFO] 2016-06-10 12:13:42,182: ROS Slave URI: [http://cmeintel-desktop:43897/]
[rospy.registration][INFO] 2016-06-10 12:13:42,186: Registering with master node http://localhost:11311
[xmlrpc][INFO] 2016-06-10 12:13:42,187: xml rpc node: starting XML-RPC server
[rospy.init][INFO] 2016-06-10 12:13:42,285: registered with master
[rospy.rosout][INFO] 2016-06-10 12:13:42,286: initializing /rosout core topic
[rospy.rosout][INFO] 2016-06-10 12:13:43,288: connected to core topic /rosout
[rospy.simtime][INFO] 2016-06-10 12:13:43,289: initializing /clock core topic
[rospy.simtime][INFO] 2016-06-10 12:13:43,293: connected to core topic /clock
[rosout][INFO] 2016-06-10 12:13:43,308: gazebo_services running
[rospy.internal][INFO] 2016-06-10 12:13:43,434: topic[/rosout] adding connection to [/rosout], count 0
[rospy.internal][INFO] 2016-06-10 12:13:44,515: topic[/clock] adding connection to [http://cmeintel-desktop:38548/], count 0
[rospy.core][INFO] 2016-06-10 12:34:36,711: signal_shutdown [signal-2]
[rospy.internal][INFO] 2016-06-10 12:34:36,714: topic[/rosout] removing connection to /rosout
[rospy.internal][INFO] 2016-06-10 12:34:36,714: topic[/clock] removing connection to http://cmeintel-desktop:38548/
[rospy.topics][ERROR] 2016-06-10 12:34:36,715: Traceback (most recent call last):
  File "/opt/ros/indigo/lib/python2.7/dist-packages/rospy/topics.py", line 307, in close
    c.close()
  File "/opt/ros/indigo/lib/python2.7/dist-packages/rospy/impl/tcpros_base.py", line 807, in close
    self.socket.close()
AttributeError: 'NoneType' object has no attribute 'close'

[rospy.impl.masterslave][INFO] 2016-06-10 12:34:36,715: signal-2
[rospy.core][INFO] 2016-06-10 12:34:36,832: signal_shutdown [atexit]
