[rospy.client][INFO] 2016-06-10 12:13:41,901: init_node, name[/elevator], pid[7275]
[xmlrpc][INFO] 2016-06-10 12:13:41,901: XML-RPC server binding to 0.0.0.0:0
[xmlrpc][INFO] 2016-06-10 12:13:41,902: Started XML-RPC server [http://cmeintel-desktop:33235/]
[rospy.impl.masterslave][INFO] 2016-06-10 12:13:41,902: _ready: http://cmeintel-desktop:33235/
[rospy.init][INFO] 2016-06-10 12:13:41,916: ROS Slave URI: [http://cmeintel-desktop:33235/]
[rospy.registration][INFO] 2016-06-10 12:13:41,916: Registering with master node http://localhost:11311
[xmlrpc][INFO] 2016-06-10 12:13:41,917: xml rpc node: starting XML-RPC server
[rospy.init][INFO] 2016-06-10 12:13:42,016: registered with master
[rospy.rosout][INFO] 2016-06-10 12:13:42,016: initializing /rosout core topic
[rospy.rosout][INFO] 2016-06-10 12:13:42,032: connected to core topic /rosout
[rospy.simtime][INFO] 2016-06-10 12:13:42,067: initializing /clock core topic
[rospy.simtime][INFO] 2016-06-10 12:13:42,108: connected to core topic /clock
[rospy.internal][INFO] 2016-06-10 12:13:42,187: topic[/rosout] adding connection to [/rosout], count 0
[rospy.internal][INFO] 2016-06-10 12:13:44,488: topic[/clock] adding connection to [http://cmeintel-desktop:38548/], count 0
[rospy.internal][INFO] 2016-06-10 12:13:44,902: topic[/elevator_button1_bumper] adding connection to [http://cmeintel-desktop:38548/], count 0
[rospy.core][INFO] 2016-06-10 12:34:36,812: signal_shutdown [signal-2]
[rospy.internal][INFO] 2016-06-10 12:34:36,815: topic[/rosout] removing connection to /rosout
[rospy.internal][INFO] 2016-06-10 12:34:36,815: topic[/clock] removing connection to http://cmeintel-desktop:38548/
[rospy.internal][INFO] 2016-06-10 12:34:36,815: topic[/elevator_button1_bumper] removing connection to http://cmeintel-desktop:38548/
[rospy.impl.masterslave][INFO] 2016-06-10 12:34:36,815: signal-2
[rospy.core][INFO] 2016-06-10 12:34:36,948: signal_shutdown [atexit]
