[rospy.client][INFO] 2016-06-10 12:13:42,976: init_node, name[/gripper_right/gazebo_services], pid[7787]
[xmlrpc][INFO] 2016-06-10 12:13:42,976: XML-RPC server binding to 0.0.0.0:0
[xmlrpc][INFO] 2016-06-10 12:13:42,976: Started XML-RPC server [http://cmeintel-desktop:39370/]
[rospy.init][INFO] 2016-06-10 12:13:42,978: ROS Slave URI: [http://cmeintel-desktop:39370/]
[rospy.impl.masterslave][INFO] 2016-06-10 12:13:42,978: _ready: http://cmeintel-desktop:39370/
[xmlrpc][INFO] 2016-06-10 12:13:42,978: xml rpc node: starting XML-RPC server
[rospy.registration][INFO] 2016-06-10 12:13:42,978: Registering with master node http://localhost:11311
[rospy.init][INFO] 2016-06-10 12:13:43,078: registered with master
[rospy.rosout][INFO] 2016-06-10 12:13:43,078: initializing /rosout core topic
[rospy.rosout][INFO] 2016-06-10 12:13:43,093: connected to core topic /rosout
[rospy.simtime][INFO] 2016-06-10 12:13:43,098: initializing /clock core topic
[rospy.simtime][INFO] 2016-06-10 12:13:43,109: connected to core topic /clock
[rosout][INFO] 2016-06-10 12:13:43,144: gazebo_services running
[rospy.internal][INFO] 2016-06-10 12:13:43,333: topic[/rosout] adding connection to [/rosout], count 0
[rospy.internal][INFO] 2016-06-10 12:13:44,509: topic[/clock] adding connection to [http://cmeintel-desktop:38548/], count 0
[rospy.core][INFO] 2016-06-10 12:34:35,607: signal_shutdown [signal-2]
[rospy.internal][INFO] 2016-06-10 12:34:35,615: topic[/rosout] removing connection to /rosout
[rospy.internal][INFO] 2016-06-10 12:34:35,616: topic[/clock] removing connection to http://cmeintel-desktop:38548/
[rospy.impl.masterslave][INFO] 2016-06-10 12:34:35,616: signal-2
[rospy.core][INFO] 2016-06-10 12:34:35,747: signal_shutdown [atexit]
