[rospy.client][INFO] 2016-06-10 12:13:42,351: init_node, name[/relayboard_node], pid[7397]
[xmlrpc][INFO] 2016-06-10 12:13:42,369: XML-RPC server binding to 0.0.0.0:0
[xmlrpc][INFO] 2016-06-10 12:13:42,370: Started XML-RPC server [http://cmeintel-desktop:41403/]
[rospy.impl.masterslave][INFO] 2016-06-10 12:13:42,370: _ready: http://cmeintel-desktop:41403/
[rospy.init][INFO] 2016-06-10 12:13:42,370: ROS Slave URI: [http://cmeintel-desktop:41403/]
[rospy.registration][INFO] 2016-06-10 12:13:42,370: Registering with master node http://localhost:11311
[xmlrpc][INFO] 2016-06-10 12:13:42,370: xml rpc node: starting XML-RPC server
[rospy.init][INFO] 2016-06-10 12:13:42,470: registered with master
[rospy.rosout][INFO] 2016-06-10 12:13:42,471: initializing /rosout core topic
[rospy.rosout][INFO] 2016-06-10 12:13:43,471: connected to core topic /rosout
[rospy.simtime][INFO] 2016-06-10 12:13:43,475: initializing /clock core topic
[rospy.simtime][INFO] 2016-06-10 12:13:43,480: connected to core topic /clock
[rospy.internal][INFO] 2016-06-10 12:13:43,761: topic[/rosout] adding connection to [/rosout], count 0
[rospy.internal][INFO] 2016-06-10 12:13:44,487: topic[/clock] adding connection to [http://cmeintel-desktop:38548/], count 0
[rospy.internal][INFO] 2016-06-10 12:13:46,629: topic[/emergency_stop_state] adding connection to [/dashboard_aggregator], count 0
[rosout][WARNING] 2016-06-10 12:34:36,237: Inbound TCP/IP connection failed: connection from sender terminated before handshake header received. 0 bytes were received. Please check sender for additional details.
[rospy.internal][ERROR] 2016-06-10 12:34:36,237: Inbound TCP/IP connection failed:
Traceback (most recent call last):
  File "/opt/ros/indigo/lib/python2.7/dist-packages/rospy/impl/tcpros_base.py", line 321, in _tcp_server_callback
    header = read_ros_handshake_header(sock, StringIO(), buff_size)
  File "/opt/ros/indigo/lib/python2.7/dist-packages/rosgraph/network.py", line 365, in read_ros_handshake_header
    raise ROSHandshakeException("connection from sender terminated before handshake header received. %s bytes were received. Please check sender for additional details."%b.tell())
ROSHandshakeException: connection from sender terminated before handshake header received. 0 bytes were received. Please check sender for additional details.

[rospy.core][INFO] 2016-06-10 12:34:36,499: signal_shutdown [signal-2]
[rospy.internal][INFO] 2016-06-10 12:34:36,505: topic[/emergency_stop_state] removing connection to /dashboard_aggregator
[rospy.internal][INFO] 2016-06-10 12:34:36,505: topic[/rosout] removing connection to /rosout
[rospy.internal][INFO] 2016-06-10 12:34:36,505: topic[/clock] removing connection to http://cmeintel-desktop:38548/
[rospy.impl.masterslave][INFO] 2016-06-10 12:34:36,506: signal-2
[rospy.internal][WARNING] 2016-06-10 12:34:36,506: Unknown error initiating TCP/IP socket to cmeintel-desktop:46903 (http://cmeintel-desktop:38548/): Traceback (most recent call last):
  File "/opt/ros/indigo/lib/python2.7/dist-packages/rospy/impl/tcpros_base.py", line 558, in connect
    self.local_endpoint = self.socket.getsockname()
AttributeError: 'NoneType' object has no attribute 'getsockname'

[rospy.core][INFO] 2016-06-10 12:34:36,992: signal_shutdown [atexit]
