[roslaunch][INFO] 2016-06-10 12:30:53,272: Checking log directory for disk usage. This may take awhile.
Press Ctrl-C to interrupt
[roslaunch][INFO] 2016-06-10 12:30:53,278: Done checking log file disk usage. Usage is <1GB.
[roslaunch][INFO] 2016-06-10 12:30:53,278: roslaunch starting with args ['/opt/ros/indigo/bin/roslaunch', 'spawn-fac-boxes.launch']
[roslaunch][INFO] 2016-06-10 12:30:53,278: roslaunch env is {'ROBOT': 'cob4-2', 'LC_PAPER': 'de_DE.UTF-8', 'SHELL': '/bin/bash', 'XDG_DATA_DIRS': '/usr/share/ubuntu:/usr/share/gnome:/usr/local/share/:/usr/share/', 'MANDATORY_PATH': '/usr/share/gconf/ubuntu.mandatory.path', 'TERMINATOR_UUID': 'urn:uuid:0eaf138b-c0e4-4646-82cd-1432e63510ac', 'COMPIZ_CONFIG_PROFILE': 'ubuntu', 'JOB': 'dbus', 'TEXTDOMAIN': 'im-config', 'XMODIFIERS': '@im=ibus', 'SELINUX_INIT': 'YES', 'XDG_RUNTIME_DIR': '/run/user/1000', 'LC_ADDRESS': 'de_DE.UTF-8', 'PYTHONPATH': '/home/cme-intel/git/catkin_ws/devel/lib/python2.7/dist-packages:/opt/ros/indigo/lib/python2.7/dist-packages', 'COMPIZ_BIN_PATH': '/usr/bin/', 'ROS_ROOT': '/opt/ros/indigo/share/ros', 'XDG_SESSION_ID': 'c2', 'DBUS_SESSION_BUS_ADDRESS': 'unix:abstract=/tmp/dbus-ds1mle1WBs', 'ORBIT_SOCKETDIR': '/tmp/orbit-cme-intel', 'DEFAULTS_PATH': '/usr/share/gconf/ubuntu.default.path', 'DESKTOP_SESSION': 'ubuntu', 'GTK_MODULES': 'overlay-scrollbar:unity-gtk-module', 'INSTANCE': '', 'LC_NAME': 'de_DE.UTF-8', 'XDG_MENU_PREFIX': 'gnome-', 'LS_COLORS': 'rs=0:di=01;34:ln=01;36:mh=00:pi=40;33:so=01;35:do=01;35:bd=40;33;01:cd=40;33;01:or=40;31;01:su=37;41:sg=30;43:ca=30;41:tw=30;42:ow=34;42:st=37;44:ex=01;32:*.tar=01;31:*.tgz=01;31:*.arj=01;31:*.taz=01;31:*.lzh=01;31:*.lzma=01;31:*.tlz=01;31:*.txz=01;31:*.zip=01;31:*.z=01;31:*.Z=01;31:*.dz=01;31:*.gz=01;31:*.lz=01;31:*.xz=01;31:*.bz2=01;31:*.bz=01;31:*.tbz=01;31:*.tbz2=01;31:*.tz=01;31:*.deb=01;31:*.rpm=01;31:*.jar=01;31:*.war=01;31:*.ear=01;31:*.sar=01;31:*.rar=01;31:*.ace=01;31:*.zoo=01;31:*.cpio=01;31:*.7z=01;31:*.rz=01;31:*.jpg=01;35:*.jpeg=01;35:*.gif=01;35:*.bmp=01;35:*.pbm=01;35:*.pgm=01;35:*.ppm=01;35:*.tga=01;35:*.xbm=01;35:*.xpm=01;35:*.tif=01;35:*.tiff=01;35:*.png=01;35:*.svg=01;35:*.svgz=01;35:*.mng=01;35:*.pcx=01;35:*.mov=01;35:*.mpg=01;35:*.mpeg=01;35:*.m2v=01;35:*.mkv=01;35:*.webm=01;35:*.ogm=01;35:*.mp4=01;35:*.m4v=01;35:*.mp4v=01;35:*.vob=01;35:*.qt=01;35:*.nuv=01;35:*.wmv=01;35:*.asf=01;35:*.rm=01;35:*.rmvb=01;35:*.flc=01;35:*.avi=01;35:*.fli=01;35:*.flv=01;35:*.gl=01;35:*.dl=01;35:*.xcf=01;35:*.xwd=01;35:*.yuv=01;35:*.cgm=01;35:*.emf=01;35:*.axv=01;35:*.anx=01;35:*.ogv=01;35:*.ogx=01;35:*.aac=00;36:*.au=00;36:*.flac=00;36:*.mid=00;36:*.midi=00;36:*.mka=00;36:*.mp3=00;36:*.mpc=00;36:*.ogg=00;36:*.ra=00;36:*.wav=00;36:*.axa=00;36:*.oga=00;36:*.spx=00;36:*.xspf=00;36:', 'LC_NUMERIC': 'C', 'GNOME_DESKTOP_SESSION_ID': 'this-is-deprecated', 'LESSOPEN': '| /usr/bin/lesspipe %s', 'CPATH': '/home/cme-intel/git/catkin_ws/devel/include:/opt/ros/indigo/include', 'USER': 'cme-intel', 'XDG_VTNR': '7', 'CMAKE_PREFIX_PATH': '/home/cme-intel/git/catkin_ws/devel:/opt/ros/indigo', 'XAUTHORITY': '/home/cme-intel/.Xauthority', 'LANGUAGE': 'en_US', 'SESSION_MANAGER': 'local/cmeintel-desktop:@/tmp/.ICE-unix/2450,unix/cmeintel-desktop:/tmp/.ICE-unix/2450', 'SHLVL': '1', 'QT_QPA_PLATFORMTHEME': 'appmenu-qt5', 'DISPLAY': ':0', 'CLUTTER_IM_MODULE': 'xim', 'WINDOWID': '60817412', 'GPG_AGENT_INFO': '/run/user/1000/keyring-f3fW8g/gpg:0:1', 'GDMSESSION': 'ubuntu', 'PKG_CONFIG_PATH': '/home/cme-intel/git/catkin_ws/devel/lib/pkgconfig:/opt/ros/indigo/lib/x86_64-linux-gnu/pkgconfig:/opt/ros/indigo/lib/pkgconfig', 'ROS_PACKAGE_PATH': '/home/cme-intel/git/catkin_ws/src:/opt/ros/indigo/share:/opt/ros/indigo/stacks', '_': '/opt/ros/indigo/bin/roslaunch', 'GTK_IM_MODULE': 'ibus', 'XDG_CONFIG_DIRS': '/etc/xdg/xdg-ubuntu:/usr/share/upstart/xdg:/etc/xdg', 'ROBOT_ENV': 'ipa-apartment', 'ROS_MASTER_URI': 'http://localhost:11311', 'COLORTERM': 'gnome-terminal', 'LC_TIME': 'de_DE.UTF-8', 'XDG_GREETER_DATA_DIR': '/var/lib/lightdm-data/cme-intel', 'QT4_IM_MODULE': 'ibus', 'XDG_SEAT_PATH': '/org/freedesktop/DisplayManager/Seat0', 'HOME': '/home/cme-intel', 'LD_LIBRARY_PATH': '/home/cme-intel/git/catkin_ws/devel/lib:/opt/ros/indigo/lib/x86_64-linux-gnu:/opt/ros/indigo/lib', 'LANG': 'en_US.UTF-8', 'ROS_LOG_FILENAME': '/home/cme-intel/.ros/log/fde047b6-2ef3-11e6-800c-bc5ff47c434e/roslaunch-cmeintel-desktop-14426.log', 'LC_MONETARY': 'de_DE.UTF-8', 'SESSION': 'ubuntu', 'LC_IDENTIFICATION': 'de_DE.UTF-8', 'XDG_CURRENT_DESKTOP': 'Unity', 'LESSCLOSE': '/usr/bin/lesspipe %s %s', 'GNOME_KEYRING_PID': '2227', 'ROS_ETC_DIR': '/opt/ros/indigo/etc/ros', 'ROS_DISTRO': 'indigo', 'ROSLISP_PACKAGE_DIRECTORIES': '/home/cme-intel/git/catkin_ws/devel/share/common-lisp', 'QT_IM_MODULE': 'ibus', 'LOGNAME': 'cme-intel', 'XDG_SEAT': 'seat0', 'GNOME_KEYRING_CONTROL': '/run/user/1000/keyring-f3fW8g', 'PATH': '/opt/ros/indigo/bin:/usr/local/sbin:/usr/local/bin:/usr/sbin:/usr/bin:/sbin:/bin:/usr/games:/usr/local/games', 'TERM': 'xterm', 'XDG_SESSION_PATH': '/org/freedesktop/DisplayManager/Session0', 'SESSIONTYPE': 'gnome-session', 'IM_CONFIG_PHASE': '1', 'GIO_LAUNCHED_DESKTOP_FILE_PID': '32351', 'GIO_LAUNCHED_DESKTOP_FILE': '/usr/share/applications/terminator.desktop', 'SSH_AUTH_SOCK': '/run/user/1000/keyring-f3fW8g/ssh', 'TEXTDOMAINDIR': '/usr/share/locale/', 'UPSTART_SESSION': 'unix:abstract=/com/ubuntu/upstart-session/1000/2267', 'OLDPWD': '/home/cme-intel', 'GDM_LANG': 'en_US', 'LC_TELEPHONE': 'de_DE.UTF-8', 'LC_MEASUREMENT': 'de_DE.UTF-8', 'PWD': '/home/cme-intel/git/catkin_ws/src/ipa_pars/ipa_pars_main/scripts'}
[roslaunch][INFO] 2016-06-10 12:30:53,278: starting in server mode
[roslaunch.parent][INFO] 2016-06-10 12:30:53,278: starting roslaunch parent run
[roslaunch][INFO] 2016-06-10 12:30:53,278: loading roscore config file /opt/ros/indigo/etc/ros/roscore.xml
[roslaunch][INFO] 2016-06-10 12:30:53,405: Added core node of type [rosout/rosout] in namespace [/]
[roslaunch.config][INFO] 2016-06-10 12:30:53,405: loading config file spawn-fac-boxes.launch
[roslaunch][INFO] 2016-06-10 12:30:53,504: Added node of type [gazebo_ros/spawn_model] in namespace [/]
[roslaunch][INFO] 2016-06-10 12:30:53,547: Added node of type [gazebo_ros/spawn_model] in namespace [/]
[roslaunch][INFO] 2016-06-10 12:30:53,588: Added node of type [gazebo_ros/spawn_model] in namespace [/]
[roslaunch][INFO] 2016-06-10 12:30:53,628: Added node of type [gazebo_ros/spawn_model] in namespace [/]
[roslaunch][INFO] 2016-06-10 12:30:53,667: Added node of type [gazebo_ros/spawn_model] in namespace [/]
[roslaunch][ERROR] 2016-06-10 12:30:53,705: roslaunch file contains multiple nodes named [/spawn_the_box5].
Please check all <node> 'name' attributes to make sure they are unique.
Also check that $(anon id) use different ids.
[roslaunch][ERROR] 2016-06-10 12:30:53,705: The traceback for the exception was written to the log file
[roslaunch][ERROR] 2016-06-10 12:30:53,720: Traceback (most recent call last):
  File "/opt/ros/indigo/lib/python2.7/dist-packages/roslaunch/__init__.py", line 307, in main
    p.start()
  File "/opt/ros/indigo/lib/python2.7/dist-packages/roslaunch/parent.py", line 268, in start
    self._start_infrastructure()
  File "/opt/ros/indigo/lib/python2.7/dist-packages/roslaunch/parent.py", line 217, in _start_infrastructure
    self._load_config()
  File "/opt/ros/indigo/lib/python2.7/dist-packages/roslaunch/parent.py", line 132, in _load_config
    roslaunch_strs=self.roslaunch_strs, verbose=self.verbose)
  File "/opt/ros/indigo/lib/python2.7/dist-packages/roslaunch/config.py", line 451, in load_config_default
    loader.load(f, config, verbose=verbose)
  File "/opt/ros/indigo/lib/python2.7/dist-packages/roslaunch/xmlloader.py", line 746, in load
    self._load_launch(launch, ros_config, is_core=core, filename=filename, argv=argv, verbose=verbose)
  File "/opt/ros/indigo/lib/python2.7/dist-packages/roslaunch/xmlloader.py", line 718, in _load_launch
    self._recurse_load(ros_config, launch.childNodes, self.root_context, None, is_core, verbose)
  File "/opt/ros/indigo/lib/python2.7/dist-packages/roslaunch/xmlloader.py", line 656, in _recurse_load
    ros_config.add_node(n, core=is_core, verbose=verbose)
  File "/opt/ros/indigo/lib/python2.7/dist-packages/roslaunch/config.py", line 371, in add_node
    raise RLException("roslaunch file contains multiple nodes named [%s].\nPlease check all <node> 'name' attributes to make sure they are unique.\nAlso check that $(anon id) use different ids."%resolved_name)
RLException: roslaunch file contains multiple nodes named [/spawn_the_box5].
Please check all <node> 'name' attributes to make sure they are unique.
Also check that $(anon id) use different ids.

[rospy.core][INFO] 2016-06-10 12:30:53,721: signal_shutdown [atexit]
