[rospy.client][INFO] 2016-06-10 12:13:44,328: init_node, name[/script_server], pid[7940]
[xmlrpc][INFO] 2016-06-10 12:13:44,328: XML-RPC server binding to 0.0.0.0:0
[xmlrpc][INFO] 2016-06-10 12:13:44,328: Started XML-RPC server [http://cmeintel-desktop:38349/]
[rospy.init][INFO] 2016-06-10 12:13:44,328: ROS Slave URI: [http://cmeintel-desktop:38349/]
[rospy.impl.masterslave][INFO] 2016-06-10 12:13:44,328: _ready: http://cmeintel-desktop:38349/
[xmlrpc][INFO] 2016-06-10 12:13:44,328: xml rpc node: starting XML-RPC server
[rospy.registration][INFO] 2016-06-10 12:13:44,329: Registering with master node http://localhost:11311
[rospy.init][INFO] 2016-06-10 12:13:44,428: registered with master
[rospy.rosout][INFO] 2016-06-10 12:13:44,429: initializing /rosout core topic
[rospy.rosout][INFO] 2016-06-10 12:13:44,432: connected to core topic /rosout
[rospy.simtime][INFO] 2016-06-10 12:13:44,434: initializing /clock core topic
[rospy.simtime][INFO] 2016-06-10 12:13:44,439: connected to core topic /clock
[rospy.internal][INFO] 2016-06-10 12:13:44,443: topic[/clock] adding connection to [http://cmeintel-desktop:38548/], count 0
[rosout][INFO] 2016-06-10 12:13:44,485: script_server is running
[rospy.internal][INFO] 2016-06-10 12:13:44,680: topic[/rosout] adding connection to [/rosout], count 0
[rospy.core][INFO] 2016-06-10 12:34:35,593: signal_shutdown [signal-2]
[rospy.internal][INFO] 2016-06-10 12:34:35,604: topic[/rosout] removing connection to /rosout
[rospy.internal][INFO] 2016-06-10 12:34:35,605: topic[/clock] removing connection to http://cmeintel-desktop:38548/
[rospy.impl.masterslave][INFO] 2016-06-10 12:34:35,605: signal-2
[rospy.core][INFO] 2016-06-10 12:34:36,103: signal_shutdown [atexit]
