[rospy.client][INFO] 2016-06-10 12:13:42,562: init_node, name[/sensorring/gazebo_services], pid[7497]
[xmlrpc][INFO] 2016-06-10 12:13:42,562: XML-RPC server binding to 0.0.0.0:0
[xmlrpc][INFO] 2016-06-10 12:13:42,562: Started XML-RPC server [http://cmeintel-desktop:35071/]
[rospy.impl.masterslave][INFO] 2016-06-10 12:13:42,562: _ready: http://cmeintel-desktop:35071/
[rospy.registration][INFO] 2016-06-10 12:13:42,563: Registering with master node http://localhost:11311
[xmlrpc][INFO] 2016-06-10 12:13:42,563: xml rpc node: starting XML-RPC server
[rospy.init][INFO] 2016-06-10 12:13:42,564: ROS Slave URI: [http://cmeintel-desktop:35071/]
[rospy.init][INFO] 2016-06-10 12:13:42,564: registered with master
[rospy.rosout][INFO] 2016-06-10 12:13:42,564: initializing /rosout core topic
[rospy.rosout][INFO] 2016-06-10 12:13:42,612: connected to core topic /rosout
[rospy.simtime][INFO] 2016-06-10 12:13:42,626: initializing /clock core topic
[rospy.simtime][INFO] 2016-06-10 12:13:42,667: connected to core topic /clock
[rosout][INFO] 2016-06-10 12:13:42,781: gazebo_services running
[rospy.internal][INFO] 2016-06-10 12:13:42,939: topic[/rosout] adding connection to [/rosout], count 0
[rospy.internal][INFO] 2016-06-10 12:13:44,501: topic[/clock] adding connection to [http://cmeintel-desktop:38548/], count 0
[rospy.core][INFO] 2016-06-10 12:34:36,295: signal_shutdown [signal-2]
[rospy.internal][INFO] 2016-06-10 12:34:36,301: topic[/rosout] removing connection to /rosout
[rospy.internal][INFO] 2016-06-10 12:34:36,301: topic[/clock] removing connection to http://cmeintel-desktop:38548/
[rospy.impl.masterslave][INFO] 2016-06-10 12:34:36,310: signal-2
[rospy.core][INFO] 2016-06-10 12:34:36,426: signal_shutdown [atexit]
