[rospy.client][INFO] 2016-06-10 12:16:09,141: init_node, name[/spawn_the_box4], pid[13325]
[xmlrpc][INFO] 2016-06-10 12:16:09,141: XML-RPC server binding to 0.0.0.0:0
[xmlrpc][INFO] 2016-06-10 12:16:09,141: Started XML-RPC server [http://cmeintel-desktop:42603/]
[rospy.init][INFO] 2016-06-10 12:16:09,141: ROS Slave URI: [http://cmeintel-desktop:42603/]
[rospy.impl.masterslave][INFO] 2016-06-10 12:16:09,141: _ready: http://cmeintel-desktop:42603/
[xmlrpc][INFO] 2016-06-10 12:16:09,147: xml rpc node: starting XML-RPC server
[rospy.registration][INFO] 2016-06-10 12:16:09,150: Registering with master node http://localhost:11311
[rospy.init][INFO] 2016-06-10 12:16:09,242: registered with master
[rospy.rosout][INFO] 2016-06-10 12:16:09,242: initializing /rosout core topic
[rospy.rosout][INFO] 2016-06-10 12:16:09,245: connected to core topic /rosout
[rospy.simtime][INFO] 2016-06-10 12:16:09,247: /use_sim_time is not set, will not subscribe to simulated time [/clock] topic
[rosout][INFO] 2016-06-10 12:16:09,250: Loading model xml from file
[rosout][INFO] 2016-06-10 12:16:09,250: Waiting for service /gazebo/spawn_sdf_model
[rosout][INFO] 2016-06-10 12:16:09,251: Calling service /gazebo/spawn_sdf_model
[rospy.internal][INFO] 2016-06-10 12:16:09,465: topic[/rosout] adding connection to [/rosout], count 0
[rosout][INFO] 2016-06-10 12:16:09,551: Spawn status: SpawnModel: Successfully spawned model
[rospy.core][INFO] 2016-06-10 12:16:09,552: signal_shutdown [atexit]
[rospy.internal][INFO] 2016-06-10 12:16:09,554: topic[/rosout] removing connection to /rosout
[rospy.impl.masterslave][INFO] 2016-06-10 12:16:09,554: atexit
[rospy.client][INFO] 2016-06-10 12:17:13,786: init_node, name[/spawn_the_box4], pid[13556]
[xmlrpc][INFO] 2016-06-10 12:17:13,786: XML-RPC server binding to 0.0.0.0:0
[xmlrpc][INFO] 2016-06-10 12:17:13,786: Started XML-RPC server [http://cmeintel-desktop:32947/]
[rospy.impl.masterslave][INFO] 2016-06-10 12:17:13,786: _ready: http://cmeintel-desktop:32947/
[rospy.init][INFO] 2016-06-10 12:17:13,787: ROS Slave URI: [http://cmeintel-desktop:32947/]
[rospy.registration][INFO] 2016-06-10 12:17:13,787: Registering with master node http://localhost:11311
[xmlrpc][INFO] 2016-06-10 12:17:13,787: xml rpc node: starting XML-RPC server
[rospy.init][INFO] 2016-06-10 12:17:13,887: registered with master
[rospy.rosout][INFO] 2016-06-10 12:17:13,887: initializing /rosout core topic
[rospy.rosout][INFO] 2016-06-10 12:17:13,889: connected to core topic /rosout
[rospy.simtime][INFO] 2016-06-10 12:17:13,890: /use_sim_time is not set, will not subscribe to simulated time [/clock] topic
[rosout][INFO] 2016-06-10 12:17:13,893: Loading model xml from file
[rosout][INFO] 2016-06-10 12:17:13,894: Waiting for service /gazebo/spawn_sdf_model
[rosout][INFO] 2016-06-10 12:17:13,895: Calling service /gazebo/spawn_sdf_model
[rospy.internal][INFO] 2016-06-10 12:17:14,201: topic[/rosout] adding connection to [/rosout], count 0
[rosout][INFO] 2016-06-10 12:17:14,951: Spawn status: SpawnModel: Successfully spawned model
[rospy.core][INFO] 2016-06-10 12:17:14,952: signal_shutdown [atexit]
[rospy.internal][INFO] 2016-06-10 12:17:14,954: topic[/rosout] removing connection to /rosout
[rospy.impl.masterslave][INFO] 2016-06-10 12:17:14,954: atexit
[rospy.client][INFO] 2016-06-10 12:19:19,821: init_node, name[/spawn_the_box4], pid[13791]
[xmlrpc][INFO] 2016-06-10 12:19:19,821: XML-RPC server binding to 0.0.0.0:0
[xmlrpc][INFO] 2016-06-10 12:19:19,821: Started XML-RPC server [http://cmeintel-desktop:35513/]
[rospy.impl.masterslave][INFO] 2016-06-10 12:19:19,822: _ready: http://cmeintel-desktop:35513/
[rospy.init][INFO] 2016-06-10 12:19:19,822: ROS Slave URI: [http://cmeintel-desktop:35513/]
[xmlrpc][INFO] 2016-06-10 12:19:19,822: xml rpc node: starting XML-RPC server
[rospy.registration][INFO] 2016-06-10 12:19:19,822: Registering with master node http://localhost:11311
[rospy.init][INFO] 2016-06-10 12:19:19,922: registered with master
[rospy.rosout][INFO] 2016-06-10 12:19:19,923: initializing /rosout core topic
[rospy.rosout][INFO] 2016-06-10 12:19:19,924: connected to core topic /rosout
[rospy.simtime][INFO] 2016-06-10 12:19:19,928: /use_sim_time is not set, will not subscribe to simulated time [/clock] topic
[rosout][INFO] 2016-06-10 12:19:19,931: Loading model xml from file
[rosout][INFO] 2016-06-10 12:19:19,932: Waiting for service /gazebo/spawn_sdf_model
[rosout][INFO] 2016-06-10 12:19:19,934: Calling service /gazebo/spawn_sdf_model
[rospy.internal][INFO] 2016-06-10 12:19:20,267: topic[/rosout] adding connection to [/rosout], count 0
[rosout][INFO] 2016-06-10 12:19:21,056: Spawn status: SpawnModel: Successfully spawned model
[rospy.core][INFO] 2016-06-10 12:19:21,056: signal_shutdown [atexit]
[rospy.internal][INFO] 2016-06-10 12:19:21,059: topic[/rosout] removing connection to /rosout
[rospy.impl.masterslave][INFO] 2016-06-10 12:19:21,059: atexit
[rospy.client][INFO] 2016-06-10 12:31:12,654: init_node, name[/spawn_the_box4], pid[14455]
[xmlrpc][INFO] 2016-06-10 12:31:12,654: XML-RPC server binding to 0.0.0.0:0
[xmlrpc][INFO] 2016-06-10 12:31:12,655: Started XML-RPC server [http://cmeintel-desktop:42415/]
[rospy.init][INFO] 2016-06-10 12:31:12,655: ROS Slave URI: [http://cmeintel-desktop:42415/]
[rospy.impl.masterslave][INFO] 2016-06-10 12:31:12,655: _ready: http://cmeintel-desktop:42415/
[rospy.registration][INFO] 2016-06-10 12:31:12,655: Registering with master node http://localhost:11311
[xmlrpc][INFO] 2016-06-10 12:31:12,656: xml rpc node: starting XML-RPC server
[rospy.init][INFO] 2016-06-10 12:31:12,755: registered with master
[rospy.rosout][INFO] 2016-06-10 12:31:12,755: initializing /rosout core topic
[rospy.rosout][INFO] 2016-06-10 12:31:12,757: connected to core topic /rosout
[rospy.simtime][INFO] 2016-06-10 12:31:12,760: /use_sim_time is not set, will not subscribe to simulated time [/clock] topic
[rosout][INFO] 2016-06-10 12:31:12,766: Loading model xml from file
[rosout][INFO] 2016-06-10 12:31:12,766: Waiting for service /gazebo/spawn_sdf_model
[rosout][INFO] 2016-06-10 12:31:12,768: Calling service /gazebo/spawn_sdf_model
[rospy.internal][INFO] 2016-06-10 12:31:13,084: topic[/rosout] adding connection to [/rosout], count 0
[rosout][INFO] 2016-06-10 12:31:13,405: Spawn status: SpawnModel: Successfully spawned model
[rospy.core][INFO] 2016-06-10 12:31:13,405: signal_shutdown [atexit]
[rospy.internal][INFO] 2016-06-10 12:31:13,407: topic[/rosout] removing connection to /rosout
[rospy.impl.masterslave][INFO] 2016-06-10 12:31:13,407: atexit
