[rospy.client][INFO] 2016-06-10 12:16:09,336: init_node, name[/spawn_ragdoll], pid[13327]
[xmlrpc][INFO] 2016-06-10 12:16:09,336: XML-RPC server binding to 0.0.0.0:0
[xmlrpc][INFO] 2016-06-10 12:16:09,336: Started XML-RPC server [http://cmeintel-desktop:37865/]
[rospy.init][INFO] 2016-06-10 12:16:09,336: ROS Slave URI: [http://cmeintel-desktop:37865/]
[rospy.impl.masterslave][INFO] 2016-06-10 12:16:09,336: _ready: http://cmeintel-desktop:37865/
[rospy.registration][INFO] 2016-06-10 12:16:09,337: Registering with master node http://localhost:11311
[xmlrpc][INFO] 2016-06-10 12:16:09,338: xml rpc node: starting XML-RPC server
[rospy.init][INFO] 2016-06-10 12:16:09,437: registered with master
[rospy.rosout][INFO] 2016-06-10 12:16:09,437: initializing /rosout core topic
[rospy.rosout][INFO] 2016-06-10 12:16:09,442: connected to core topic /rosout
[rospy.simtime][INFO] 2016-06-10 12:16:09,443: /use_sim_time is not set, will not subscribe to simulated time [/clock] topic
[rosout][INFO] 2016-06-10 12:16:09,451: Loading model xml from file
[rosout][INFO] 2016-06-10 12:16:09,451: Waiting for service /gazebo/spawn_sdf_model
[rosout][INFO] 2016-06-10 12:16:09,454: Calling service /gazebo/spawn_sdf_model
[rospy.internal][INFO] 2016-06-10 12:16:09,758: topic[/rosout] adding connection to [/rosout], count 0
[rosout][INFO] 2016-06-10 12:16:10,488: Spawn status: SpawnModel: Successfully spawned model
[rospy.core][INFO] 2016-06-10 12:16:10,488: signal_shutdown [atexit]
[rospy.internal][INFO] 2016-06-10 12:16:10,490: topic[/rosout] removing connection to /rosout
[rospy.impl.masterslave][INFO] 2016-06-10 12:16:10,490: atexit
[rospy.client][INFO] 2016-06-10 12:17:13,704: init_node, name[/spawn_ragdoll], pid[13558]
[xmlrpc][INFO] 2016-06-10 12:17:13,705: XML-RPC server binding to 0.0.0.0:0
[xmlrpc][INFO] 2016-06-10 12:17:13,705: Started XML-RPC server [http://cmeintel-desktop:32783/]
[rospy.impl.masterslave][INFO] 2016-06-10 12:17:13,706: _ready: http://cmeintel-desktop:32783/
[rospy.init][INFO] 2016-06-10 12:17:13,706: ROS Slave URI: [http://cmeintel-desktop:32783/]
[xmlrpc][INFO] 2016-06-10 12:17:13,706: xml rpc node: starting XML-RPC server
[rospy.registration][INFO] 2016-06-10 12:17:13,706: Registering with master node http://localhost:11311
[rospy.init][INFO] 2016-06-10 12:17:13,806: registered with master
[rospy.rosout][INFO] 2016-06-10 12:17:13,806: initializing /rosout core topic
[rospy.rosout][INFO] 2016-06-10 12:17:13,808: connected to core topic /rosout
[rospy.simtime][INFO] 2016-06-10 12:17:13,809: /use_sim_time is not set, will not subscribe to simulated time [/clock] topic
[rosout][INFO] 2016-06-10 12:17:13,812: Loading model xml from file
[rosout][INFO] 2016-06-10 12:17:13,813: Waiting for service /gazebo/spawn_sdf_model
[rosout][INFO] 2016-06-10 12:17:13,815: Calling service /gazebo/spawn_sdf_model
[rospy.internal][INFO] 2016-06-10 12:17:14,100: topic[/rosout] adding connection to [/rosout], count 0
[rosout][INFO] 2016-06-10 12:17:14,509: Spawn status: SpawnModel: Successfully spawned model
[rospy.core][INFO] 2016-06-10 12:17:14,509: signal_shutdown [atexit]
[rospy.internal][INFO] 2016-06-10 12:17:14,511: topic[/rosout] removing connection to /rosout
[rospy.impl.masterslave][INFO] 2016-06-10 12:17:14,511: atexit
[rospy.client][INFO] 2016-06-10 12:19:19,784: init_node, name[/spawn_ragdoll], pid[13793]
[xmlrpc][INFO] 2016-06-10 12:19:19,784: XML-RPC server binding to 0.0.0.0:0
[xmlrpc][INFO] 2016-06-10 12:19:19,784: Started XML-RPC server [http://cmeintel-desktop:39143/]
[rospy.init][INFO] 2016-06-10 12:19:19,784: ROS Slave URI: [http://cmeintel-desktop:39143/]
[rospy.impl.masterslave][INFO] 2016-06-10 12:19:19,784: _ready: http://cmeintel-desktop:39143/
[xmlrpc][INFO] 2016-06-10 12:19:19,785: xml rpc node: starting XML-RPC server
[rospy.registration][INFO] 2016-06-10 12:19:19,785: Registering with master node http://localhost:11311
[rospy.init][INFO] 2016-06-10 12:19:19,884: registered with master
[rospy.rosout][INFO] 2016-06-10 12:19:19,885: initializing /rosout core topic
[rospy.rosout][INFO] 2016-06-10 12:19:19,886: connected to core topic /rosout
[rospy.simtime][INFO] 2016-06-10 12:19:19,887: /use_sim_time is not set, will not subscribe to simulated time [/clock] topic
[rosout][INFO] 2016-06-10 12:19:19,889: Loading model xml from file
[rosout][INFO] 2016-06-10 12:19:19,890: Waiting for service /gazebo/spawn_sdf_model
[rosout][INFO] 2016-06-10 12:19:19,891: Calling service /gazebo/spawn_sdf_model
[rospy.internal][INFO] 2016-06-10 12:19:20,075: topic[/rosout] adding connection to [/rosout], count 0
[rosout][INFO] 2016-06-10 12:19:20,404: Spawn status: SpawnModel: Successfully spawned model
[rospy.core][INFO] 2016-06-10 12:19:20,405: signal_shutdown [atexit]
[rospy.internal][INFO] 2016-06-10 12:19:20,407: topic[/rosout] removing connection to /rosout
[rospy.impl.masterslave][INFO] 2016-06-10 12:19:20,407: atexit
