[rospy.client][INFO] 2016-06-10 12:16:09,020: init_node, name[/spawn_the_box3], pid[13324]
[xmlrpc][INFO] 2016-06-10 12:16:09,020: XML-RPC server binding to 0.0.0.0:0
[xmlrpc][INFO] 2016-06-10 12:16:09,021: Started XML-RPC server [http://cmeintel-desktop:41456/]
[rospy.impl.masterslave][INFO] 2016-06-10 12:16:09,021: _ready: http://cmeintel-desktop:41456/
[rospy.init][INFO] 2016-06-10 12:16:09,021: ROS Slave URI: [http://cmeintel-desktop:41456/]
[rospy.registration][INFO] 2016-06-10 12:16:09,022: Registering with master node http://localhost:11311
[xmlrpc][INFO] 2016-06-10 12:16:09,022: xml rpc node: starting XML-RPC server
[rospy.init][INFO] 2016-06-10 12:16:09,121: registered with master
[rospy.rosout][INFO] 2016-06-10 12:16:09,121: initializing /rosout core topic
[rospy.rosout][INFO] 2016-06-10 12:16:09,123: connected to core topic /rosout
[rospy.simtime][INFO] 2016-06-10 12:16:09,124: /use_sim_time is not set, will not subscribe to simulated time [/clock] topic
[rosout][INFO] 2016-06-10 12:16:09,126: Loading model xml from file
[rosout][INFO] 2016-06-10 12:16:09,127: Waiting for service /gazebo/spawn_sdf_model
[rosout][INFO] 2016-06-10 12:16:09,128: Calling service /gazebo/spawn_sdf_model
[rospy.internal][INFO] 2016-06-10 12:16:09,344: topic[/rosout] adding connection to [/rosout], count 0
[rosout][INFO] 2016-06-10 12:16:09,345: Spawn status: SpawnModel: Successfully spawned model
[rospy.core][INFO] 2016-06-10 12:16:09,345: signal_shutdown [atexit]
[rospy.internal][INFO] 2016-06-10 12:16:09,347: topic[/rosout] removing connection to /rosout
[rospy.impl.masterslave][INFO] 2016-06-10 12:16:09,347: atexit
[rospy.client][INFO] 2016-06-10 12:17:13,770: init_node, name[/spawn_the_box3], pid[13555]
[xmlrpc][INFO] 2016-06-10 12:17:13,771: XML-RPC server binding to 0.0.0.0:0
[xmlrpc][INFO] 2016-06-10 12:17:13,771: Started XML-RPC server [http://cmeintel-desktop:42006/]
[rospy.impl.masterslave][INFO] 2016-06-10 12:17:13,771: _ready: http://cmeintel-desktop:42006/
[rospy.init][INFO] 2016-06-10 12:17:13,771: ROS Slave URI: [http://cmeintel-desktop:42006/]
[xmlrpc][INFO] 2016-06-10 12:17:13,772: xml rpc node: starting XML-RPC server
[rospy.registration][INFO] 2016-06-10 12:17:13,772: Registering with master node http://localhost:11311
[rospy.init][INFO] 2016-06-10 12:17:13,872: registered with master
[rospy.rosout][INFO] 2016-06-10 12:17:13,872: initializing /rosout core topic
[rospy.rosout][INFO] 2016-06-10 12:17:13,874: connected to core topic /rosout
[rospy.simtime][INFO] 2016-06-10 12:17:13,875: /use_sim_time is not set, will not subscribe to simulated time [/clock] topic
[rosout][INFO] 2016-06-10 12:17:13,878: Loading model xml from file
[rosout][INFO] 2016-06-10 12:17:13,878: Waiting for service /gazebo/spawn_sdf_model
[rosout][INFO] 2016-06-10 12:17:13,880: Calling service /gazebo/spawn_sdf_model
[rospy.internal][INFO] 2016-06-10 12:17:14,099: topic[/rosout] adding connection to [/rosout], count 0
[rosout][INFO] 2016-06-10 12:17:14,734: Spawn status: SpawnModel: Successfully spawned model
[rospy.core][INFO] 2016-06-10 12:17:14,734: signal_shutdown [atexit]
[rospy.internal][INFO] 2016-06-10 12:17:14,736: topic[/rosout] removing connection to /rosout
[rospy.impl.masterslave][INFO] 2016-06-10 12:17:14,737: atexit
[rospy.client][INFO] 2016-06-10 12:19:19,820: init_node, name[/spawn_the_box3], pid[13790]
[xmlrpc][INFO] 2016-06-10 12:19:19,820: XML-RPC server binding to 0.0.0.0:0
[xmlrpc][INFO] 2016-06-10 12:19:19,820: Started XML-RPC server [http://cmeintel-desktop:35102/]
[rospy.impl.masterslave][INFO] 2016-06-10 12:19:19,821: _ready: http://cmeintel-desktop:35102/
[rospy.init][INFO] 2016-06-10 12:19:19,821: ROS Slave URI: [http://cmeintel-desktop:35102/]
[rospy.registration][INFO] 2016-06-10 12:19:19,822: Registering with master node http://localhost:11311
[xmlrpc][INFO] 2016-06-10 12:19:19,822: xml rpc node: starting XML-RPC server
[rospy.init][INFO] 2016-06-10 12:19:19,921: registered with master
[rospy.rosout][INFO] 2016-06-10 12:19:19,921: initializing /rosout core topic
[rospy.rosout][INFO] 2016-06-10 12:19:19,923: connected to core topic /rosout
[rospy.simtime][INFO] 2016-06-10 12:19:19,925: /use_sim_time is not set, will not subscribe to simulated time [/clock] topic
[rosout][INFO] 2016-06-10 12:19:19,928: Loading model xml from file
[rosout][INFO] 2016-06-10 12:19:19,928: Waiting for service /gazebo/spawn_sdf_model
[rosout][INFO] 2016-06-10 12:19:19,929: Calling service /gazebo/spawn_sdf_model
[rospy.internal][INFO] 2016-06-10 12:19:20,076: topic[/rosout] adding connection to [/rosout], count 0
[rosout][INFO] 2016-06-10 12:19:20,843: Spawn status: SpawnModel: Successfully spawned model
[rospy.core][INFO] 2016-06-10 12:19:20,844: signal_shutdown [atexit]
[rospy.internal][INFO] 2016-06-10 12:19:20,846: topic[/rosout] removing connection to /rosout
[rospy.impl.masterslave][INFO] 2016-06-10 12:19:20,846: atexit
[rospy.client][INFO] 2016-06-10 12:31:12,694: init_node, name[/spawn_the_box3], pid[14454]
[xmlrpc][INFO] 2016-06-10 12:31:12,694: XML-RPC server binding to 0.0.0.0:0
[rospy.init][INFO] 2016-06-10 12:31:12,695: ROS Slave URI: [http://cmeintel-desktop:36385/]
[xmlrpc][INFO] 2016-06-10 12:31:12,695: Started XML-RPC server [http://cmeintel-desktop:36385/]
[rospy.impl.masterslave][INFO] 2016-06-10 12:31:12,695: _ready: http://cmeintel-desktop:36385/
[rospy.registration][INFO] 2016-06-10 12:31:12,695: Registering with master node http://localhost:11311
[xmlrpc][INFO] 2016-06-10 12:31:12,695: xml rpc node: starting XML-RPC server
[rospy.init][INFO] 2016-06-10 12:31:12,795: registered with master
[rospy.rosout][INFO] 2016-06-10 12:31:12,795: initializing /rosout core topic
[rospy.rosout][INFO] 2016-06-10 12:31:12,798: connected to core topic /rosout
[rospy.simtime][INFO] 2016-06-10 12:31:12,799: /use_sim_time is not set, will not subscribe to simulated time [/clock] topic
[rosout][INFO] 2016-06-10 12:31:12,803: Loading model xml from file
[rosout][INFO] 2016-06-10 12:31:12,803: Waiting for service /gazebo/spawn_sdf_model
[rosout][INFO] 2016-06-10 12:31:12,804: Calling service /gazebo/spawn_sdf_model
[rospy.internal][INFO] 2016-06-10 12:31:13,084: topic[/rosout] adding connection to [/rosout], count 0
[rosout][INFO] 2016-06-10 12:31:13,829: Spawn status: SpawnModel: Successfully spawned model
[rospy.core][INFO] 2016-06-10 12:31:13,829: signal_shutdown [atexit]
[rospy.internal][INFO] 2016-06-10 12:31:13,832: topic[/rosout] removing connection to /rosout
[rospy.impl.masterslave][INFO] 2016-06-10 12:31:13,832: atexit
