[rospy.client][INFO] 2016-06-10 12:16:09,206: init_node, name[/spawn_the_box5], pid[13326]
[xmlrpc][INFO] 2016-06-10 12:16:09,207: XML-RPC server binding to 0.0.0.0:0
[xmlrpc][INFO] 2016-06-10 12:16:09,207: Started XML-RPC server [http://cmeintel-desktop:44707/]
[rospy.init][INFO] 2016-06-10 12:16:09,207: ROS Slave URI: [http://cmeintel-desktop:44707/]
[rospy.impl.masterslave][INFO] 2016-06-10 12:16:09,207: _ready: http://cmeintel-desktop:44707/
[rospy.registration][INFO] 2016-06-10 12:16:09,208: Registering with master node http://localhost:11311
[xmlrpc][INFO] 2016-06-10 12:16:09,209: xml rpc node: starting XML-RPC server
[rospy.init][INFO] 2016-06-10 12:16:09,307: registered with master
[rospy.rosout][INFO] 2016-06-10 12:16:09,308: initializing /rosout core topic
[rospy.rosout][INFO] 2016-06-10 12:16:09,312: connected to core topic /rosout
[rospy.simtime][INFO] 2016-06-10 12:16:09,313: /use_sim_time is not set, will not subscribe to simulated time [/clock] topic
[rosout][INFO] 2016-06-10 12:16:09,315: Loading model xml from file
[rosout][INFO] 2016-06-10 12:16:09,315: Waiting for service /gazebo/spawn_sdf_model
[rosout][INFO] 2016-06-10 12:16:09,316: Calling service /gazebo/spawn_sdf_model
[rospy.internal][INFO] 2016-06-10 12:16:09,447: topic[/rosout] adding connection to [/rosout], count 0
[rosout][INFO] 2016-06-10 12:16:09,971: Spawn status: SpawnModel: Successfully spawned model
[rospy.core][INFO] 2016-06-10 12:16:09,972: signal_shutdown [atexit]
[rospy.internal][INFO] 2016-06-10 12:16:09,975: topic[/rosout] removing connection to /rosout
[rospy.impl.masterslave][INFO] 2016-06-10 12:16:09,975: atexit
[rospy.client][INFO] 2016-06-10 12:17:13,503: init_node, name[/spawn_the_box5], pid[13557]
[xmlrpc][INFO] 2016-06-10 12:17:13,503: XML-RPC server binding to 0.0.0.0:0
[xmlrpc][INFO] 2016-06-10 12:17:13,503: Started XML-RPC server [http://cmeintel-desktop:46487/]
[rospy.init][INFO] 2016-06-10 12:17:13,503: ROS Slave URI: [http://cmeintel-desktop:46487/]
[rospy.impl.masterslave][INFO] 2016-06-10 12:17:13,504: _ready: http://cmeintel-desktop:46487/
[xmlrpc][INFO] 2016-06-10 12:17:13,504: xml rpc node: starting XML-RPC server
[rospy.registration][INFO] 2016-06-10 12:17:13,504: Registering with master node http://localhost:11311
[rospy.init][INFO] 2016-06-10 12:17:13,604: registered with master
[rospy.rosout][INFO] 2016-06-10 12:17:13,604: initializing /rosout core topic
[rospy.rosout][INFO] 2016-06-10 12:17:13,606: connected to core topic /rosout
[rospy.simtime][INFO] 2016-06-10 12:17:13,609: /use_sim_time is not set, will not subscribe to simulated time [/clock] topic
[rosout][INFO] 2016-06-10 12:17:13,615: Loading model xml from file
[rosout][INFO] 2016-06-10 12:17:13,615: Waiting for service /gazebo/spawn_sdf_model
[rosout][INFO] 2016-06-10 12:17:13,617: Calling service /gazebo/spawn_sdf_model
[rosout][INFO] 2016-06-10 12:17:13,774: Spawn status: SpawnModel: Successfully spawned model
[rospy.core][INFO] 2016-06-10 12:17:13,775: signal_shutdown [atexit]
[rospy.impl.masterslave][INFO] 2016-06-10 12:17:13,777: atexit
[rospy.client][INFO] 2016-06-10 12:19:19,718: init_node, name[/spawn_the_box5], pid[13792]
[xmlrpc][INFO] 2016-06-10 12:19:19,718: XML-RPC server binding to 0.0.0.0:0
[xmlrpc][INFO] 2016-06-10 12:19:19,718: Started XML-RPC server [http://cmeintel-desktop:42384/]
[rospy.init][INFO] 2016-06-10 12:19:19,718: ROS Slave URI: [http://cmeintel-desktop:42384/]
[rospy.impl.masterslave][INFO] 2016-06-10 12:19:19,718: _ready: http://cmeintel-desktop:42384/
[xmlrpc][INFO] 2016-06-10 12:19:19,719: xml rpc node: starting XML-RPC server
[rospy.registration][INFO] 2016-06-10 12:19:19,719: Registering with master node http://localhost:11311
[rospy.init][INFO] 2016-06-10 12:19:19,819: registered with master
[rospy.rosout][INFO] 2016-06-10 12:19:19,819: initializing /rosout core topic
[rospy.rosout][INFO] 2016-06-10 12:19:19,821: connected to core topic /rosout
[rospy.simtime][INFO] 2016-06-10 12:19:19,821: /use_sim_time is not set, will not subscribe to simulated time [/clock] topic
[rosout][INFO] 2016-06-10 12:19:19,825: Loading model xml from file
[rosout][INFO] 2016-06-10 12:19:19,825: Waiting for service /gazebo/spawn_sdf_model
[rosout][INFO] 2016-06-10 12:19:19,827: Calling service /gazebo/spawn_sdf_model
[rosout][INFO] 2016-06-10 12:19:19,891: Spawn status: SpawnModel: Successfully spawned model
[rospy.core][INFO] 2016-06-10 12:19:19,957: signal_shutdown [atexit]
[rospy.impl.masterslave][INFO] 2016-06-10 12:19:19,962: atexit
[rospy.client][INFO] 2016-06-10 12:31:12,641: init_node, name[/spawn_the_box5], pid[14456]
[xmlrpc][INFO] 2016-06-10 12:31:12,641: XML-RPC server binding to 0.0.0.0:0
[xmlrpc][INFO] 2016-06-10 12:31:12,642: Started XML-RPC server [http://cmeintel-desktop:46509/]
[rospy.impl.masterslave][INFO] 2016-06-10 12:31:12,643: _ready: http://cmeintel-desktop:46509/
[rospy.init][INFO] 2016-06-10 12:31:12,643: ROS Slave URI: [http://cmeintel-desktop:46509/]
[xmlrpc][INFO] 2016-06-10 12:31:12,645: xml rpc node: starting XML-RPC server
[rospy.registration][INFO] 2016-06-10 12:31:12,646: Registering with master node http://localhost:11311
[rospy.init][INFO] 2016-06-10 12:31:12,744: registered with master
[rospy.rosout][INFO] 2016-06-10 12:31:12,744: initializing /rosout core topic
[rospy.rosout][INFO] 2016-06-10 12:31:12,746: connected to core topic /rosout
[rospy.simtime][INFO] 2016-06-10 12:31:12,747: /use_sim_time is not set, will not subscribe to simulated time [/clock] topic
[rosout][INFO] 2016-06-10 12:31:12,749: Loading model xml from file
[rosout][INFO] 2016-06-10 12:31:12,749: Waiting for service /gazebo/spawn_sdf_model
[rosout][INFO] 2016-06-10 12:31:12,751: Calling service /gazebo/spawn_sdf_model
[rospy.internal][INFO] 2016-06-10 12:31:12,920: topic[/rosout] adding connection to [/rosout], count 0
[rosout][INFO] 2016-06-10 12:31:13,190: Spawn status: SpawnModel: Failure - model already exists.
[rospy.core][INFO] 2016-06-10 12:31:13,191: signal_shutdown [atexit]
[rospy.internal][INFO] 2016-06-10 12:31:13,193: topic[/rosout] removing connection to /rosout
[rospy.impl.masterslave][INFO] 2016-06-10 12:31:13,193: atexit
