[rospy.client][INFO] 2016-06-10 12:13:42,382: init_node, name[/torso/gazebo_services], pid[7404]
[xmlrpc][INFO] 2016-06-10 12:13:42,383: XML-RPC server binding to 0.0.0.0:0
[xmlrpc][INFO] 2016-06-10 12:13:42,383: Started XML-RPC server [http://cmeintel-desktop:35714/]
[rospy.impl.masterslave][INFO] 2016-06-10 12:13:42,383: _ready: http://cmeintel-desktop:35714/
[rospy.registration][INFO] 2016-06-10 12:13:42,383: Registering with master node http://localhost:11311
[xmlrpc][INFO] 2016-06-10 12:13:42,384: xml rpc node: starting XML-RPC server
[rospy.init][INFO] 2016-06-10 12:13:42,385: ROS Slave URI: [http://cmeintel-desktop:35714/]
[rospy.init][INFO] 2016-06-10 12:13:42,385: registered with master
[rospy.rosout][INFO] 2016-06-10 12:13:42,385: initializing /rosout core topic
[rospy.rosout][INFO] 2016-06-10 12:13:42,415: connected to core topic /rosout
[rospy.simtime][INFO] 2016-06-10 12:13:42,454: initializing /clock core topic
[rospy.simtime][INFO] 2016-06-10 12:13:42,483: connected to core topic /clock
[rosout][INFO] 2016-06-10 12:13:42,593: gazebo_services running
[rospy.internal][INFO] 2016-06-10 12:13:42,699: topic[/rosout] adding connection to [/rosout], count 0
[rospy.internal][INFO] 2016-06-10 12:13:44,462: topic[/clock] adding connection to [http://cmeintel-desktop:38548/], count 0
[rospy.core][INFO] 2016-06-10 12:34:36,497: signal_shutdown [signal-2]
[rospy.internal][INFO] 2016-06-10 12:34:36,502: topic[/rosout] removing connection to /rosout
[rospy.internal][INFO] 2016-06-10 12:34:36,502: topic[/clock] removing connection to http://cmeintel-desktop:38548/
[rospy.impl.masterslave][INFO] 2016-06-10 12:34:36,502: signal-2
[rospy.core][INFO] 2016-06-10 12:34:36,609: signal_shutdown [atexit]
