[rospy.client][INFO] 2016-06-10 12:13:42,264: init_node, name[/world_tf_publisher], pid[7273]
[xmlrpc][INFO] 2016-06-10 12:13:42,266: XML-RPC server binding to 0.0.0.0:0
[xmlrpc][INFO] 2016-06-10 12:13:42,266: Started XML-RPC server [http://cmeintel-desktop:36262/]
[rospy.impl.masterslave][INFO] 2016-06-10 12:13:42,266: _ready: http://cmeintel-desktop:36262/
[rospy.registration][INFO] 2016-06-10 12:13:42,266: Registering with master node http://localhost:11311
[xmlrpc][INFO] 2016-06-10 12:13:42,267: xml rpc node: starting XML-RPC server
[rospy.init][INFO] 2016-06-10 12:13:42,274: ROS Slave URI: [http://cmeintel-desktop:36262/]
[rospy.init][INFO] 2016-06-10 12:13:42,274: registered with master
[rospy.rosout][INFO] 2016-06-10 12:13:42,274: initializing /rosout core topic
[rospy.rosout][INFO] 2016-06-10 12:13:42,303: connected to core topic /rosout
[rospy.simtime][INFO] 2016-06-10 12:13:42,333: initializing /clock core topic
[rospy.simtime][INFO] 2016-06-10 12:13:42,375: connected to core topic /clock
[rospy.internal][INFO] 2016-06-10 12:13:42,504: topic[/rosout] adding connection to [/rosout], count 0
[rospy.internal][INFO] 2016-06-10 12:13:43,602: topic[/tf] adding connection to [/arm_right/frame_tracker], count 0
[rospy.internal][INFO] 2016-06-10 12:13:43,637: topic[/tf] adding connection to [/arm_left/twist_controller], count 1
[rospy.internal][INFO] 2016-06-10 12:13:43,639: topic[/tf] adding connection to [/torso/frame_tracker], count 2
[rospy.internal][INFO] 2016-06-10 12:13:43,640: topic[/tf] adding connection to [/torso/twist_controller], count 3
[rospy.internal][INFO] 2016-06-10 12:13:43,641: topic[/tf] adding connection to [/arm_left/frame_tracker], count 4
[rospy.internal][INFO] 2016-06-10 12:13:43,645: topic[/tf] adding connection to [/torso/obstacle_distance], count 5
[rospy.internal][INFO] 2016-06-10 12:13:43,645: topic[/tf] adding connection to [/image_flip_torso_cam3d_left/image_flip_torso_cam3d_left], count 6
[rospy.internal][INFO] 2016-06-10 12:13:43,658: topic[/tf] adding connection to [/arm_right/twist_controller], count 7
[rospy.internal][INFO] 2016-06-10 12:13:43,698: topic[/tf] adding connection to [/arm_right/interactive_target], count 8
[rospy.internal][INFO] 2016-06-10 12:13:43,724: topic[/tf] adding connection to [/torso/interactive_target], count 9
[rospy.internal][INFO] 2016-06-10 12:13:43,730: topic[/tf] adding connection to [/arm_right/obstacle_distance], count 10
[rospy.internal][INFO] 2016-06-10 12:13:43,799: topic[/tf] adding connection to [/arm_left/obstacle_distance], count 11
[rospy.internal][INFO] 2016-06-10 12:13:43,907: topic[/tf] adding connection to [/arm_left/interactive_target], count 12
[rospy.internal][INFO] 2016-06-10 12:13:44,042: topic[/tf] adding connection to [/image_flip_sensorring_cam3d/image_flip_sensorring_cam3d], count 13
[rospy.internal][INFO] 2016-06-10 12:13:44,046: topic[/tf] adding connection to [/image_flip_torso_cam3d_right/image_flip_torso_cam3d_right], count 14
[rospy.internal][INFO] 2016-06-10 12:13:44,206: topic[/tf] adding connection to [/scan_unifier], count 15
[rospy.internal][INFO] 2016-06-10 12:13:44,495: topic[/clock] adding connection to [http://cmeintel-desktop:38548/], count 0
[rospy.core][INFO] 2016-06-10 12:34:36,814: signal_shutdown [signal-2]
[rospy.internal][INFO] 2016-06-10 12:34:36,817: topic[/rosout] removing connection to /rosout
[rospy.internal][INFO] 2016-06-10 12:34:36,817: topic[/tf] removing connection to /arm_right/frame_tracker
[rospy.internal][INFO] 2016-06-10 12:34:36,818: topic[/tf] removing connection to /arm_left/twist_controller
[rospy.internal][INFO] 2016-06-10 12:34:36,818: topic[/tf] removing connection to /torso/frame_tracker
[rospy.internal][INFO] 2016-06-10 12:34:36,818: topic[/tf] removing connection to /torso/twist_controller
[rospy.internal][INFO] 2016-06-10 12:34:36,818: topic[/tf] removing connection to /arm_left/frame_tracker
[rospy.internal][INFO] 2016-06-10 12:34:36,818: topic[/tf] removing connection to /torso/obstacle_distance
[rospy.internal][INFO] 2016-06-10 12:34:36,818: topic[/tf] removing connection to /image_flip_torso_cam3d_left/image_flip_torso_cam3d_left
[rospy.internal][INFO] 2016-06-10 12:34:36,819: topic[/tf] removing connection to /arm_right/twist_controller
[rospy.internal][INFO] 2016-06-10 12:34:36,819: topic[/tf] removing connection to /arm_right/interactive_target
[rospy.internal][INFO] 2016-06-10 12:34:36,819: topic[/tf] removing connection to /torso/interactive_target
[rospy.internal][INFO] 2016-06-10 12:34:36,820: topic[/tf] removing connection to /arm_right/obstacle_distance
[rospy.internal][INFO] 2016-06-10 12:34:36,820: topic[/tf] removing connection to /arm_left/obstacle_distance
[rospy.internal][INFO] 2016-06-10 12:34:36,820: topic[/tf] removing connection to /arm_left/interactive_target
[rospy.internal][INFO] 2016-06-10 12:34:36,820: topic[/tf] removing connection to /image_flip_sensorring_cam3d/image_flip_sensorring_cam3d
[rospy.internal][INFO] 2016-06-10 12:34:36,820: topic[/tf] removing connection to /image_flip_torso_cam3d_right/image_flip_torso_cam3d_right
[rospy.internal][INFO] 2016-06-10 12:34:36,820: topic[/tf] removing connection to /scan_unifier
[rospy.internal][INFO] 2016-06-10 12:34:36,821: topic[/clock] removing connection to http://cmeintel-desktop:38548/
[rospy.impl.masterslave][INFO] 2016-06-10 12:34:36,821: signal-2
[rospy.core][INFO] 2016-06-10 12:34:36,985: signal_shutdown [atexit]
