[rospy.client][INFO] 2016-06-08 16:17:58,435: init_node, name[/arm_left/gazebo_services], pid[1237]
[xmlrpc][INFO] 2016-06-08 16:17:58,435: XML-RPC server binding to 0.0.0.0:0
[xmlrpc][INFO] 2016-06-08 16:17:58,436: Started XML-RPC server [http://cmeintel-desktop:45706/]
[rospy.impl.masterslave][INFO] 2016-06-08 16:17:58,436: _ready: http://cmeintel-desktop:45706/
[rospy.registration][INFO] 2016-06-08 16:17:58,436: Registering with master node http://localhost:11311
[xmlrpc][INFO] 2016-06-08 16:17:58,436: xml rpc node: starting XML-RPC server
[rospy.init][INFO] 2016-06-08 16:17:58,437: ROS Slave URI: [http://cmeintel-desktop:45706/]
[rospy.init][INFO] 2016-06-08 16:17:58,437: registered with master
[rospy.rosout][INFO] 2016-06-08 16:17:58,437: initializing /rosout core topic
[rospy.rosout][INFO] 2016-06-08 16:17:59,438: connected to core topic /rosout
[rospy.simtime][INFO] 2016-06-08 16:17:59,441: initializing /clock core topic
[rospy.simtime][INFO] 2016-06-08 16:17:59,447: connected to core topic /clock
[rosout][INFO] 2016-06-08 16:17:59,480: gazebo_services running
[rospy.internal][INFO] 2016-06-08 16:17:59,619: topic[/clock] adding connection to [http://cmeintel-desktop:43043/], count 0
[rospy.internal][INFO] 2016-06-08 16:17:59,676: topic[/rosout] adding connection to [/rosout], count 0
[rospy.core][INFO] 2016-06-08 16:24:49,240: signal_shutdown [signal-2]
[rospy.internal][INFO] 2016-06-08 16:24:49,244: topic[/rosout] removing connection to /rosout
[rospy.internal][INFO] 2016-06-08 16:24:49,244: topic[/clock] removing connection to http://cmeintel-desktop:43043/
[rospy.impl.masterslave][INFO] 2016-06-08 16:24:49,244: signal-2
[rospy.core][INFO] 2016-06-08 16:24:49,863: signal_shutdown [atexit]
