[rospy.client][INFO] 2016-06-08 16:20:47,398: init_node, name[/dashboard_node_cmeintel_desktop_7313_2112945806607702824], pid[7331]
[xmlrpc][INFO] 2016-06-08 16:20:47,398: XML-RPC server binding to 0.0.0.0:0
[xmlrpc][INFO] 2016-06-08 16:20:47,398: Started XML-RPC server [http://cmeintel-desktop:42244/]
[rospy.impl.masterslave][INFO] 2016-06-08 16:20:47,398: _ready: http://cmeintel-desktop:42244/
[rospy.registration][INFO] 2016-06-08 16:20:47,398: Registering with master node http://localhost:11311
[rospy.init][INFO] 2016-06-08 16:20:47,399: ROS Slave URI: [http://cmeintel-desktop:42244/]
[rospy.init][INFO] 2016-06-08 16:20:47,399: registered with master
[rospy.rosout][INFO] 2016-06-08 16:20:47,399: initializing /rosout core topic
[xmlrpc][INFO] 2016-06-08 16:20:47,399: xml rpc node: starting XML-RPC server
[rospy.rosout][INFO] 2016-06-08 16:20:47,401: connected to core topic /rosout
[rospy.simtime][INFO] 2016-06-08 16:20:47,402: initializing /clock core topic
[rospy.simtime][INFO] 2016-06-08 16:20:47,404: connected to core topic /clock
[rospy.internal][INFO] 2016-06-08 16:20:47,407: topic[/clock] adding connection to [http://cmeintel-desktop:43043/], count 0
[rospy.internal][INFO] 2016-06-08 16:20:47,754: topic[/rosout] adding connection to [/rosout], count 0
[rospy.internal][INFO] 2016-06-08 16:20:47,937: topic[/rosout_agg] adding connection to [http://cmeintel-desktop:36207/], count 0
[rospy.internal][INFO] 2016-06-08 16:20:48,226: topic[/diagnostics_toplevel_state] adding connection to [http://cmeintel-desktop:45776/], count 0
[rospy.internal][INFO] 2016-06-08 16:20:48,487: topic[/dashboard_agg] adding connection to [http://cmeintel-desktop:45196/], count 0
[rospy.internal][INFO] 2016-06-08 16:20:58,971: topic impl's ref count is zero, deleting topic /diagnostics_toplevel_state...
[rospy.internal][INFO] 2016-06-08 16:20:58,971: topic[/diagnostics_toplevel_state] removing connection to http://cmeintel-desktop:45776/
[rospy.internal][INFO] 2016-06-08 16:20:58,973: topic impl's ref count is zero, deleting topic /rosout_agg...
[rospy.internal][INFO] 2016-06-08 16:20:58,973: topic[/rosout_agg] removing connection to http://cmeintel-desktop:36207/
[rospy.internal][INFO] 2016-06-08 16:20:58,974: topic impl's ref count is zero, deleting topic /dashboard_agg...
[rospy.internal][INFO] 2016-06-08 16:20:58,974: topic[/dashboard_agg] removing connection to http://cmeintel-desktop:45196/
[rospy.core][INFO] 2016-06-08 16:20:58,986: signal_shutdown [atexit]
[rospy.internal][INFO] 2016-06-08 16:20:58,990: topic[/rosout] removing connection to /rosout
[rospy.internal][INFO] 2016-06-08 16:20:58,991: topic[/clock] removing connection to http://cmeintel-desktop:43043/
[rospy.impl.masterslave][INFO] 2016-06-08 16:20:58,991: atexit
[rospy.internal][WARNING] 2016-06-08 16:20:58,991: Unknown error initiating TCP/IP socket to cmeintel-desktop:44044 (http://cmeintel-desktop:43043/): Traceback (most recent call last):
  File "/opt/ros/indigo/lib/python2.7/dist-packages/rospy/impl/tcpros_base.py", line 558, in connect
    self.local_endpoint = self.socket.getsockname()
AttributeError: 'NoneType' object has no attribute 'getsockname'

