[rospy.client][INFO] 2016-06-08 16:17:58,792: init_node, name[/gripper_left/gazebo_services], pid[1436]
[xmlrpc][INFO] 2016-06-08 16:17:58,793: XML-RPC server binding to 0.0.0.0:0
[rospy.init][INFO] 2016-06-08 16:17:58,793: ROS Slave URI: [http://cmeintel-desktop:44122/]
[xmlrpc][INFO] 2016-06-08 16:17:58,793: Started XML-RPC server [http://cmeintel-desktop:44122/]
[rospy.impl.masterslave][INFO] 2016-06-08 16:17:58,793: _ready: http://cmeintel-desktop:44122/
[xmlrpc][INFO] 2016-06-08 16:17:58,793: xml rpc node: starting XML-RPC server
[rospy.registration][INFO] 2016-06-08 16:17:58,796: Registering with master node http://localhost:11311
[rospy.init][INFO] 2016-06-08 16:17:58,893: registered with master
[rospy.rosout][INFO] 2016-06-08 16:17:58,893: initializing /rosout core topic
[rospy.rosout][INFO] 2016-06-08 16:17:58,913: connected to core topic /rosout
[rospy.internal][INFO] 2016-06-08 16:17:59,159: topic[/rosout] adding connection to [/rosout], count 0
[rospy.simtime][INFO] 2016-06-08 16:18:01,939: initializing /clock core topic
[rospy.simtime][INFO] 2016-06-08 16:18:01,943: connected to core topic /clock
[rospy.internal][INFO] 2016-06-08 16:18:01,963: topic[/clock] adding connection to [http://cmeintel-desktop:43043/], count 0
[rosout][INFO] 2016-06-08 16:18:01,983: gazebo_services running
[rospy.core][INFO] 2016-06-08 16:24:48,834: signal_shutdown [signal-2]
[rospy.internal][INFO] 2016-06-08 16:24:48,840: topic[/rosout] removing connection to /rosout
[rospy.internal][INFO] 2016-06-08 16:24:48,840: topic[/clock] removing connection to http://cmeintel-desktop:43043/
[rospy.impl.masterslave][INFO] 2016-06-08 16:24:48,840: signal-2
[rospy.core][INFO] 2016-06-08 16:24:48,948: signal_shutdown [atexit]
