[rospy.client][INFO] 2016-06-08 16:17:58,811: init_node, name[/gripper_right/gazebo_services], pid[1458]
[xmlrpc][INFO] 2016-06-08 16:17:58,812: XML-RPC server binding to 0.0.0.0:0
[xmlrpc][INFO] 2016-06-08 16:17:58,812: Started XML-RPC server [http://cmeintel-desktop:45736/]
[rospy.impl.masterslave][INFO] 2016-06-08 16:17:58,812: _ready: http://cmeintel-desktop:45736/
[rospy.init][INFO] 2016-06-08 16:17:58,812: ROS Slave URI: [http://cmeintel-desktop:45736/]
[rospy.registration][INFO] 2016-06-08 16:17:58,813: Registering with master node http://localhost:11311
[xmlrpc][INFO] 2016-06-08 16:17:58,813: xml rpc node: starting XML-RPC server
[rospy.init][INFO] 2016-06-08 16:17:58,913: registered with master
[rospy.rosout][INFO] 2016-06-08 16:17:58,913: initializing /rosout core topic
[rospy.rosout][INFO] 2016-06-08 16:17:58,925: connected to core topic /rosout
[rospy.internal][INFO] 2016-06-08 16:17:59,158: topic[/rosout] adding connection to [/rosout], count 0
[rospy.simtime][INFO] 2016-06-08 16:17:59,933: initializing /clock core topic
[rospy.simtime][INFO] 2016-06-08 16:17:59,948: connected to core topic /clock
[rosout][INFO] 2016-06-08 16:17:59,977: gazebo_services running
[rospy.internal][INFO] 2016-06-08 16:17:59,980: topic[/clock] adding connection to [http://cmeintel-desktop:43043/], count 0
[rospy.core][INFO] 2016-06-08 16:24:48,640: signal_shutdown [signal-2]
[rospy.internal][INFO] 2016-06-08 16:24:48,653: topic[/rosout] removing connection to /rosout
[rospy.internal][INFO] 2016-06-08 16:24:48,653: topic[/clock] removing connection to http://cmeintel-desktop:43043/
[rospy.impl.masterslave][INFO] 2016-06-08 16:24:48,654: signal-2
[rospy.internal][ERROR] 2016-06-08 16:24:48,654: Traceback (most recent call last):
  File "/opt/ros/indigo/lib/python2.7/dist-packages/rospy/impl/tcpros_base.py", line 698, in receive_once
    self.stat_bytes += recv_buff(sock, b, p.buff_size)
  File "/opt/ros/indigo/lib/python2.7/dist-packages/rospy/impl/tcpros_base.py", line 103, in recv_buff
    d = sock.recv(buff_size)
error: [Errno 104] Connection reset by peer

[rospy.core][INFO] 2016-06-08 16:24:48,762: signal_shutdown [atexit]
