[rospy.client][INFO] 2016-06-08 16:17:58,097: init_node, name[/joint_state_publisher], pid[924]
[xmlrpc][INFO] 2016-06-08 16:17:58,097: XML-RPC server binding to 0.0.0.0:0
[xmlrpc][INFO] 2016-06-08 16:17:58,097: Started XML-RPC server [http://cmeintel-desktop:45330/]
[rospy.impl.masterslave][INFO] 2016-06-08 16:17:58,097: _ready: http://cmeintel-desktop:45330/
[rospy.init][INFO] 2016-06-08 16:17:58,097: ROS Slave URI: [http://cmeintel-desktop:45330/]
[rospy.registration][INFO] 2016-06-08 16:17:58,103: Registering with master node http://localhost:11311
[xmlrpc][INFO] 2016-06-08 16:17:58,103: xml rpc node: starting XML-RPC server
[rospy.init][INFO] 2016-06-08 16:17:58,197: registered with master
[rospy.rosout][INFO] 2016-06-08 16:17:58,198: initializing /rosout core topic
[rospy.rosout][INFO] 2016-06-08 16:17:58,203: connected to core topic /rosout
[rospy.simtime][INFO] 2016-06-08 16:17:58,239: initializing /clock core topic
[rospy.simtime][INFO] 2016-06-08 16:17:58,265: connected to core topic /clock
[rospy.internal][INFO] 2016-06-08 16:17:58,474: topic[/rosout] adding connection to [/rosout], count 0
[rospy.internal][INFO] 2016-06-08 16:17:59,642: topic[/clock] adding connection to [http://cmeintel-desktop:43043/], count 0
[rospy.internal][INFO] 2016-06-08 16:18:01,258: topic[/joint_states] adding connection to [/robot_state_publisher], count 0
[rospy.internal][INFO] 2016-06-08 16:18:09,215: topic[/base/joint_states] adding connection to [http://cmeintel-desktop:43043/], count 0
[rospy.internal][INFO] 2016-06-08 16:18:09,529: topic[/torso/joint_states] adding connection to [http://cmeintel-desktop:43043/], count 0
[rospy.internal][INFO] 2016-06-08 16:18:09,643: topic[/sensorring/joint_states] adding connection to [http://cmeintel-desktop:43043/], count 0
[rospy.internal][INFO] 2016-06-08 16:18:09,757: topic[/arm_right/joint_states] adding connection to [http://cmeintel-desktop:43043/], count 0
[rospy.internal][INFO] 2016-06-08 16:18:10,320: topic[/gripper_right/joint_states] adding connection to [http://cmeintel-desktop:43043/], count 0
[rospy.internal][INFO] 2016-06-08 16:18:10,321: topic[/arm_left/joint_states] adding connection to [http://cmeintel-desktop:43043/], count 0
[rospy.internal][INFO] 2016-06-08 16:18:12,039: topic[/gripper_left/joint_states] adding connection to [http://cmeintel-desktop:43043/], count 0
[rospy.core][INFO] 2016-06-08 16:24:49,744: signal_shutdown [signal-2]
[rospy.internal][INFO] 2016-06-08 16:24:49,759: topic[/joint_states] removing connection to /robot_state_publisher
[rospy.internal][INFO] 2016-06-08 16:24:49,762: topic[/rosout] removing connection to /rosout
[rospy.internal][INFO] 2016-06-08 16:24:49,762: topic[/arm_right/joint_states] removing connection to http://cmeintel-desktop:43043/
[rospy.internal][WARNING] 2016-06-08 16:24:49,762: Unknown error initiating TCP/IP socket to cmeintel-desktop:44044 (http://cmeintel-desktop:43043/): Traceback (most recent call last):
  File "/opt/ros/indigo/lib/python2.7/dist-packages/rospy/impl/tcpros_base.py", line 558, in connect
    self.local_endpoint = self.socket.getsockname()
AttributeError: 'NoneType' object has no attribute 'getsockname'

[rospy.internal][INFO] 2016-06-08 16:24:49,763: topic[/torso/joint_states] removing connection to http://cmeintel-desktop:43043/
[rospy.internal][INFO] 2016-06-08 16:24:49,763: topic[/sensorring/joint_states] removing connection to http://cmeintel-desktop:43043/
[rospy.internal][INFO] 2016-06-08 16:24:49,763: topic[/clock] removing connection to http://cmeintel-desktop:43043/
[rospy.internal][INFO] 2016-06-08 16:24:49,763: topic[/base/joint_states] removing connection to http://cmeintel-desktop:43043/
[rospy.internal][INFO] 2016-06-08 16:24:49,763: topic[/gripper_left/joint_states] removing connection to http://cmeintel-desktop:43043/
[rospy.internal][INFO] 2016-06-08 16:24:49,764: topic[/arm_left/joint_states] removing connection to http://cmeintel-desktop:43043/
[rospy.internal][INFO] 2016-06-08 16:24:49,764: topic[/gripper_right/joint_states] removing connection to http://cmeintel-desktop:43043/
[rospy.impl.masterslave][INFO] 2016-06-08 16:24:49,764: signal-2
[rospy.internal][WARNING] 2016-06-08 16:24:49,765: Unknown error initiating TCP/IP socket to cmeintel-desktop:44044 (http://cmeintel-desktop:43043/): Traceback (most recent call last):
  File "/opt/ros/indigo/lib/python2.7/dist-packages/rospy/impl/tcpros_base.py", line 558, in connect
    self.local_endpoint = self.socket.getsockname()
AttributeError: 'NoneType' object has no attribute 'getsockname'

[rospy.internal][WARNING] 2016-06-08 16:24:49,764: Unknown error initiating TCP/IP socket to cmeintel-desktop:44044 (http://cmeintel-desktop:43043/): Traceback (most recent call last):
  File "/opt/ros/indigo/lib/python2.7/dist-packages/rospy/impl/tcpros_base.py", line 558, in connect
    self.local_endpoint = self.socket.getsockname()
AttributeError: 'NoneType' object has no attribute 'getsockname'

[rospy.internal][WARNING] 2016-06-08 16:24:49,765: Unknown error initiating TCP/IP socket to cmeintel-desktop:44044 (http://cmeintel-desktop:43043/): Traceback (most recent call last):
  File "/opt/ros/indigo/lib/python2.7/dist-packages/rospy/impl/tcpros_base.py", line 558, in connect
    self.local_endpoint = self.socket.getsockname()
AttributeError: 'NoneType' object has no attribute 'getsockname'

[rospy.internal][WARNING] 2016-06-08 16:24:49,765: Unknown error initiating TCP/IP socket to cmeintel-desktop:44044 (http://cmeintel-desktop:43043/): Traceback (most recent call last):
  File "/opt/ros/indigo/lib/python2.7/dist-packages/rospy/impl/tcpros_base.py", line 558, in connect
    self.local_endpoint = self.socket.getsockname()
AttributeError: 'NoneType' object has no attribute 'getsockname'

[rospy.core][INFO] 2016-06-08 16:24:49,882: signal_shutdown [atexit]
