[rospy.client][INFO] 2016-06-08 16:17:58,165: init_node, name[/relayboard_node], pid[1109]
[xmlrpc][INFO] 2016-06-08 16:17:58,166: XML-RPC server binding to 0.0.0.0:0
[xmlrpc][INFO] 2016-06-08 16:17:58,176: Started XML-RPC server [http://cmeintel-desktop:33045/]
[rospy.impl.masterslave][INFO] 2016-06-08 16:17:58,177: _ready: http://cmeintel-desktop:33045/
[rospy.init][INFO] 2016-06-08 16:17:58,177: ROS Slave URI: [http://cmeintel-desktop:33045/]
[rospy.registration][INFO] 2016-06-08 16:17:58,177: Registering with master node http://localhost:11311
[xmlrpc][INFO] 2016-06-08 16:17:58,177: xml rpc node: starting XML-RPC server
[rospy.init][INFO] 2016-06-08 16:17:58,277: registered with master
[rospy.rosout][INFO] 2016-06-08 16:17:58,277: initializing /rosout core topic
[rospy.rosout][INFO] 2016-06-08 16:17:58,306: connected to core topic /rosout
[rospy.simtime][INFO] 2016-06-08 16:17:58,311: initializing /clock core topic
[rospy.simtime][INFO] 2016-06-08 16:17:58,375: connected to core topic /clock
[rospy.internal][INFO] 2016-06-08 16:17:58,563: topic[/rosout] adding connection to [/rosout], count 0
[rospy.internal][INFO] 2016-06-08 16:17:59,608: topic[/clock] adding connection to [http://cmeintel-desktop:43043/], count 0
[rospy.internal][INFO] 2016-06-08 16:18:00,785: topic[/emergency_stop_state] adding connection to [/dashboard_aggregator], count 0
[rospy.internal][INFO] 2016-06-08 16:20:44,896: topic[/emergency_stop_state] adding connection to [/command_gui/command_gui_node_cmeintel_desktop_7313_2523814069545506895], count 1
[rospy.internal][INFO] 2016-06-08 16:21:02,168: topic[/emergency_stop_state] removing connection to /command_gui/command_gui_node_cmeintel_desktop_7313_2523814069545506895
[rospy.core][INFO] 2016-06-08 16:24:49,538: signal_shutdown [signal-2]
[rospy.internal][INFO] 2016-06-08 16:24:49,542: topic[/emergency_stop_state] removing connection to /dashboard_aggregator
[rospy.internal][INFO] 2016-06-08 16:24:49,543: topic[/rosout] removing connection to /rosout
[rospy.internal][INFO] 2016-06-08 16:24:49,543: topic[/clock] removing connection to http://cmeintel-desktop:43043/
[rospy.impl.masterslave][INFO] 2016-06-08 16:24:49,543: signal-2
[rospy.internal][WARNING] 2016-06-08 16:24:49,543: Unknown error initiating TCP/IP socket to cmeintel-desktop:44044 (http://cmeintel-desktop:43043/): Traceback (most recent call last):
  File "/opt/ros/indigo/lib/python2.7/dist-packages/rospy/impl/tcpros_base.py", line 558, in connect
    self.local_endpoint = self.socket.getsockname()
AttributeError: 'NoneType' object has no attribute 'getsockname'

[rospy.core][INFO] 2016-06-08 16:24:49,675: signal_shutdown [atexit]
