[rospy.client][INFO] 2016-06-08 16:17:58,190: init_node, name[/torso/gazebo_services], pid[1126]
[xmlrpc][INFO] 2016-06-08 16:17:58,190: XML-RPC server binding to 0.0.0.0:0
[xmlrpc][INFO] 2016-06-08 16:17:58,190: Started XML-RPC server [http://cmeintel-desktop:35189/]
[rospy.impl.masterslave][INFO] 2016-06-08 16:17:58,190: _ready: http://cmeintel-desktop:35189/
[rospy.init][INFO] 2016-06-08 16:17:58,191: ROS Slave URI: [http://cmeintel-desktop:35189/]
[rospy.registration][INFO] 2016-06-08 16:17:58,192: Registering with master node http://localhost:11311
[xmlrpc][INFO] 2016-06-08 16:17:58,192: xml rpc node: starting XML-RPC server
[rospy.init][INFO] 2016-06-08 16:17:58,291: registered with master
[rospy.rosout][INFO] 2016-06-08 16:17:58,291: initializing /rosout core topic
[rospy.rosout][INFO] 2016-06-08 16:17:58,308: connected to core topic /rosout
[rospy.simtime][INFO] 2016-06-08 16:17:58,330: initializing /clock core topic
[rospy.simtime][INFO] 2016-06-08 16:17:58,376: connected to core topic /clock
[rosout][INFO] 2016-06-08 16:17:58,464: gazebo_services running
[rospy.internal][INFO] 2016-06-08 16:17:58,563: topic[/rosout] adding connection to [/rosout], count 0
[rospy.internal][INFO] 2016-06-08 16:17:59,642: topic[/clock] adding connection to [http://cmeintel-desktop:43043/], count 0
[rospy.core][INFO] 2016-06-08 16:24:49,536: signal_shutdown [signal-2]
[rospy.internal][INFO] 2016-06-08 16:24:49,540: topic[/rosout] removing connection to /rosout
[rospy.internal][INFO] 2016-06-08 16:24:49,540: topic[/clock] removing connection to http://cmeintel-desktop:43043/
[rospy.impl.masterslave][INFO] 2016-06-08 16:24:49,540: signal-2
[rospy.core][INFO] 2016-06-08 16:24:49,704: signal_shutdown [atexit]
