[rospy.client][INFO] 2016-06-20 13:41:10,921: init_node, name[/arm_right/gazebo_services], pid[5622]
[xmlrpc][INFO] 2016-06-20 13:41:10,921: XML-RPC server binding to 0.0.0.0:0
[xmlrpc][INFO] 2016-06-20 13:41:10,921: Started XML-RPC server [http://cmeintel-desktop:41207/]
[rospy.impl.masterslave][INFO] 2016-06-20 13:41:10,921: _ready: http://cmeintel-desktop:41207/
[xmlrpc][INFO] 2016-06-20 13:41:10,922: xml rpc node: starting XML-RPC server
[rospy.registration][INFO] 2016-06-20 13:41:10,922: Registering with master node http://localhost:11311
[rospy.init][INFO] 2016-06-20 13:41:10,923: ROS Slave URI: [http://cmeintel-desktop:41207/]
[rospy.init][INFO] 2016-06-20 13:41:10,923: registered with master
[rospy.rosout][INFO] 2016-06-20 13:41:10,923: initializing /rosout core topic
[rospy.rosout][INFO] 2016-06-20 13:41:10,927: connected to core topic /rosout
[rospy.simtime][INFO] 2016-06-20 13:41:10,931: initializing /clock core topic
[rospy.simtime][INFO] 2016-06-20 13:41:10,940: connected to core topic /clock
[rosout][INFO] 2016-06-20 13:41:10,958: gazebo_services running
[rospy.internal][INFO] 2016-06-20 13:41:11,137: topic[/rosout] adding connection to [/rosout], count 0
[rospy.internal][INFO] 2016-06-20 13:41:16,093: topic[/clock] adding connection to [http://cmeintel-desktop:36790/], count 0
[rospy.core][INFO] 2016-06-20 15:16:34,260: signal_shutdown [signal-2]
[rospy.internal][INFO] 2016-06-20 15:16:34,265: topic[/rosout] removing connection to /rosout
[rospy.internal][INFO] 2016-06-20 15:16:34,266: topic[/clock] removing connection to http://cmeintel-desktop:36790/
[rospy.impl.masterslave][INFO] 2016-06-20 15:16:34,266: signal-2
[rospy.core][INFO] 2016-06-20 15:16:34,397: signal_shutdown [atexit]
