[rospy.client][INFO] 2016-06-20 13:41:10,559: init_node, name[/arm_left/gazebo_services], pid[5525]
[xmlrpc][INFO] 2016-06-20 13:41:10,560: XML-RPC server binding to 0.0.0.0:0
[xmlrpc][INFO] 2016-06-20 13:41:10,560: Started XML-RPC server [http://cmeintel-desktop:35219/]
[rospy.impl.masterslave][INFO] 2016-06-20 13:41:10,560: _ready: http://cmeintel-desktop:35219/
[rospy.registration][INFO] 2016-06-20 13:41:10,561: Registering with master node http://localhost:11311
[xmlrpc][INFO] 2016-06-20 13:41:10,561: xml rpc node: starting XML-RPC server
[rospy.init][INFO] 2016-06-20 13:41:10,561: ROS Slave URI: [http://cmeintel-desktop:35219/]
[rospy.init][INFO] 2016-06-20 13:41:10,561: registered with master
[rospy.rosout][INFO] 2016-06-20 13:41:10,561: initializing /rosout core topic
[rospy.rosout][INFO] 2016-06-20 13:41:10,575: connected to core topic /rosout
[rospy.simtime][INFO] 2016-06-20 13:41:10,583: initializing /clock core topic
[rospy.simtime][INFO] 2016-06-20 13:41:10,606: connected to core topic /clock
[rosout][INFO] 2016-06-20 13:41:10,682: gazebo_services running
[rospy.internal][INFO] 2016-06-20 13:41:10,819: topic[/rosout] adding connection to [/rosout], count 0
[rospy.internal][INFO] 2016-06-20 13:41:17,088: topic[/clock] adding connection to [http://cmeintel-desktop:36790/], count 0
[rospy.core][INFO] 2016-06-20 15:16:34,557: signal_shutdown [signal-2]
[rospy.internal][INFO] 2016-06-20 15:16:34,561: topic[/rosout] removing connection to /rosout
[rospy.internal][INFO] 2016-06-20 15:16:34,561: topic[/clock] removing connection to http://cmeintel-desktop:36790/
[rospy.impl.masterslave][INFO] 2016-06-20 15:16:34,561: signal-2
[rospy.core][INFO] 2016-06-20 15:16:34,696: signal_shutdown [atexit]
