[rospy.client][INFO] 2016-06-20 13:41:08,855: init_node, name[/base/gazebo_services], pid[5038]
[xmlrpc][INFO] 2016-06-20 13:41:08,855: XML-RPC server binding to 0.0.0.0:0
[xmlrpc][INFO] 2016-06-20 13:41:08,856: Started XML-RPC server [http://cmeintel-desktop:35195/]
[rospy.init][INFO] 2016-06-20 13:41:08,856: ROS Slave URI: [http://cmeintel-desktop:35195/]
[rospy.impl.masterslave][INFO] 2016-06-20 13:41:08,856: _ready: http://cmeintel-desktop:35195/
[rospy.registration][INFO] 2016-06-20 13:41:08,856: Registering with master node http://localhost:11311
[xmlrpc][INFO] 2016-06-20 13:41:08,857: xml rpc node: starting XML-RPC server
[rospy.init][INFO] 2016-06-20 13:41:08,956: registered with master
[rospy.rosout][INFO] 2016-06-20 13:41:08,956: initializing /rosout core topic
[rospy.rosout][INFO] 2016-06-20 13:41:08,959: connected to core topic /rosout
[rospy.simtime][INFO] 2016-06-20 13:41:08,960: initializing /clock core topic
[rospy.simtime][INFO] 2016-06-20 13:41:08,962: connected to core topic /clock
[rosout][INFO] 2016-06-20 13:41:08,968: gazebo_services running
[rospy.internal][INFO] 2016-06-20 13:41:09,157: topic[/rosout] adding connection to [/rosout], count 0
[rospy.internal][INFO] 2016-06-20 13:41:16,094: topic[/clock] adding connection to [http://cmeintel-desktop:36790/], count 0
[rospy.core][INFO] 2016-06-20 15:16:35,070: signal_shutdown [signal-2]
[rospy.internal][INFO] 2016-06-20 15:16:35,073: topic[/rosout] removing connection to /rosout
[rospy.internal][INFO] 2016-06-20 15:16:35,073: topic[/clock] removing connection to http://cmeintel-desktop:36790/
[rospy.impl.masterslave][INFO] 2016-06-20 15:16:35,073: signal-2
[rospy.core][INFO] 2016-06-20 15:16:35,209: signal_shutdown [atexit]
