[rospy.client][INFO] 2016-06-20 13:41:11,618: init_node, name[/dashboard_aggregator], pid[6543]
[xmlrpc][INFO] 2016-06-20 13:41:11,618: XML-RPC server binding to 0.0.0.0:0
[xmlrpc][INFO] 2016-06-20 13:41:11,618: Started XML-RPC server [http://cmeintel-desktop:42920/]
[rospy.init][INFO] 2016-06-20 13:41:11,618: ROS Slave URI: [http://cmeintel-desktop:42920/]
[rospy.impl.masterslave][INFO] 2016-06-20 13:41:11,618: _ready: http://cmeintel-desktop:42920/
[xmlrpc][INFO] 2016-06-20 13:41:11,619: xml rpc node: starting XML-RPC server
[rospy.registration][INFO] 2016-06-20 13:41:11,619: Registering with master node http://localhost:11311
[rospy.init][INFO] 2016-06-20 13:41:11,719: registered with master
[rospy.rosout][INFO] 2016-06-20 13:41:11,719: initializing /rosout core topic
[rospy.rosout][INFO] 2016-06-20 13:41:11,720: connected to core topic /rosout
[rospy.simtime][INFO] 2016-06-20 13:41:11,721: initializing /clock core topic
[rospy.simtime][INFO] 2016-06-20 13:41:11,723: connected to core topic /clock
[rospy.internal][INFO] 2016-06-20 13:41:11,945: topic[/rosout] adding connection to [/rosout], count 0
[rospy.internal][INFO] 2016-06-20 13:41:16,098: topic[/clock] adding connection to [http://cmeintel-desktop:36790/], count 0
[rospy.internal][INFO] 2016-06-20 13:41:18,066: topic[/diagnostics_toplevel_state] adding connection to [http://cmeintel-desktop:42784/], count 0
[rospy.internal][INFO] 2016-06-20 13:41:18,067: topic[/emergency_stop_state] adding connection to [http://cmeintel-desktop:33446/], count 0
[rospy.core][INFO] 2016-06-20 15:16:34,047: signal_shutdown [signal-2]
[rospy.internal][INFO] 2016-06-20 15:16:34,055: topic[/rosout] removing connection to /rosout
[rospy.internal][INFO] 2016-06-20 15:16:34,055: topic[/diagnostics_toplevel_state] removing connection to http://cmeintel-desktop:42784/
[rospy.internal][INFO] 2016-06-20 15:16:34,056: topic[/clock] removing connection to http://cmeintel-desktop:36790/
[rospy.internal][INFO] 2016-06-20 15:16:34,056: topic[/emergency_stop_state] removing connection to http://cmeintel-desktop:33446/
[rospy.impl.masterslave][INFO] 2016-06-20 15:16:34,056: signal-2
[rospy.core][INFO] 2016-06-20 15:16:34,567: signal_shutdown [atexit]
