[rospy.client][INFO] 2016-06-20 13:41:11,019: init_node, name[/gripper_left/gazebo_services], pid[5756]
[xmlrpc][INFO] 2016-06-20 13:41:11,020: XML-RPC server binding to 0.0.0.0:0
[rospy.init][INFO] 2016-06-20 13:41:11,020: ROS Slave URI: [http://cmeintel-desktop:44950/]
[xmlrpc][INFO] 2016-06-20 13:41:11,020: Started XML-RPC server [http://cmeintel-desktop:44950/]
[rospy.impl.masterslave][INFO] 2016-06-20 13:41:11,021: _ready: http://cmeintel-desktop:44950/
[rospy.registration][INFO] 2016-06-20 13:41:11,021: Registering with master node http://localhost:11311
[xmlrpc][INFO] 2016-06-20 13:41:11,021: xml rpc node: starting XML-RPC server
[rospy.init][INFO] 2016-06-20 13:41:11,121: registered with master
[rospy.rosout][INFO] 2016-06-20 13:41:11,121: initializing /rosout core topic
[rospy.rosout][INFO] 2016-06-20 13:41:11,123: connected to core topic /rosout
[rospy.simtime][INFO] 2016-06-20 13:41:11,123: initializing /clock core topic
[rospy.simtime][INFO] 2016-06-20 13:41:11,125: connected to core topic /clock
[rosout][INFO] 2016-06-20 13:41:11,129: gazebo_services running
[rospy.internal][INFO] 2016-06-20 13:41:11,300: topic[/rosout] adding connection to [/rosout], count 0
[rospy.internal][INFO] 2016-06-20 13:41:16,101: topic[/clock] adding connection to [http://cmeintel-desktop:36790/], count 0
[rospy.core][INFO] 2016-06-20 15:16:34,059: signal_shutdown [signal-2]
[rospy.internal][INFO] 2016-06-20 15:16:34,074: topic[/rosout] removing connection to /rosout
[rospy.internal][INFO] 2016-06-20 15:16:34,074: topic[/clock] removing connection to http://cmeintel-desktop:36790/
[rospy.impl.masterslave][INFO] 2016-06-20 15:16:34,075: signal-2
[rospy.core][INFO] 2016-06-20 15:16:34,182: signal_shutdown [atexit]
