[rospy.client][INFO] 2016-06-20 13:41:10,942: init_node, name[/gripper_right/gazebo_services], pid[5786]
[xmlrpc][INFO] 2016-06-20 13:41:10,942: XML-RPC server binding to 0.0.0.0:0
[rospy.init][INFO] 2016-06-20 13:41:10,943: ROS Slave URI: [http://cmeintel-desktop:43827/]
[xmlrpc][INFO] 2016-06-20 13:41:10,943: Started XML-RPC server [http://cmeintel-desktop:43827/]
[rospy.impl.masterslave][INFO] 2016-06-20 13:41:10,943: _ready: http://cmeintel-desktop:43827/
[xmlrpc][INFO] 2016-06-20 13:41:10,943: xml rpc node: starting XML-RPC server
[rospy.registration][INFO] 2016-06-20 13:41:10,943: Registering with master node http://localhost:11311
[rospy.init][INFO] 2016-06-20 13:41:11,043: registered with master
[rospy.rosout][INFO] 2016-06-20 13:41:11,043: initializing /rosout core topic
[rospy.rosout][INFO] 2016-06-20 13:41:11,045: connected to core topic /rosout
[rospy.simtime][INFO] 2016-06-20 13:41:11,046: initializing /clock core topic
[rospy.simtime][INFO] 2016-06-20 13:41:11,048: connected to core topic /clock
[rosout][INFO] 2016-06-20 13:41:11,064: gazebo_services running
[rospy.internal][INFO] 2016-06-20 13:41:11,300: topic[/rosout] adding connection to [/rosout], count 0
[rospy.internal][INFO] 2016-06-20 13:41:16,064: topic[/clock] adding connection to [http://cmeintel-desktop:36790/], count 0
[rospy.core][INFO] 2016-06-20 15:16:34,057: signal_shutdown [signal-2]
[rospy.internal][INFO] 2016-06-20 15:16:34,065: topic[/rosout] removing connection to /rosout
[rospy.internal][INFO] 2016-06-20 15:16:34,065: topic[/clock] removing connection to http://cmeintel-desktop:36790/
[rospy.impl.masterslave][INFO] 2016-06-20 15:16:34,065: signal-2
[rospy.core][INFO] 2016-06-20 15:16:34,200: signal_shutdown [atexit]
