[rospy.client][INFO] 2016-06-20 13:41:11,041: init_node, name[/joint_state_publisher], pid[5031]
[xmlrpc][INFO] 2016-06-20 13:41:11,041: XML-RPC server binding to 0.0.0.0:0
[xmlrpc][INFO] 2016-06-20 13:41:11,041: Started XML-RPC server [http://cmeintel-desktop:33390/]
[rospy.impl.masterslave][INFO] 2016-06-20 13:41:11,042: _ready: http://cmeintel-desktop:33390/
[rospy.init][INFO] 2016-06-20 13:41:11,042: ROS Slave URI: [http://cmeintel-desktop:33390/]
[rospy.registration][INFO] 2016-06-20 13:41:11,043: Registering with master node http://localhost:11311
[xmlrpc][INFO] 2016-06-20 13:41:11,043: xml rpc node: starting XML-RPC server
[rospy.init][INFO] 2016-06-20 13:41:11,142: registered with master
[rospy.rosout][INFO] 2016-06-20 13:41:11,143: initializing /rosout core topic
[rospy.rosout][INFO] 2016-06-20 13:41:11,144: connected to core topic /rosout
[rospy.simtime][INFO] 2016-06-20 13:41:11,145: initializing /clock core topic
[rospy.simtime][INFO] 2016-06-20 13:41:11,147: connected to core topic /clock
[rospy.internal][INFO] 2016-06-20 13:41:11,409: topic[/rosout] adding connection to [/rosout], count 0
[rospy.internal][INFO] 2016-06-20 13:41:11,409: topic[/joint_states] adding connection to [/robot_state_publisher], count 0
[rospy.internal][INFO] 2016-06-20 13:41:16,093: topic[/clock] adding connection to [http://cmeintel-desktop:36790/], count 0
[rospy.internal][INFO] 2016-06-20 13:41:25,085: topic[/base/joint_states] adding connection to [http://cmeintel-desktop:36790/], count 0
[rospy.internal][INFO] 2016-06-20 13:41:26,164: topic[/arm_right/joint_states] adding connection to [http://cmeintel-desktop:36790/], count 0
[rospy.internal][INFO] 2016-06-20 13:41:26,298: topic[/torso/joint_states] adding connection to [http://cmeintel-desktop:36790/], count 0
[rospy.internal][INFO] 2016-06-20 13:41:26,298: topic[/sensorring/joint_states] adding connection to [http://cmeintel-desktop:36790/], count 0
[rospy.internal][INFO] 2016-06-20 13:41:26,329: topic[/gripper_right/joint_states] adding connection to [http://cmeintel-desktop:36790/], count 0
[rospy.internal][INFO] 2016-06-20 13:41:26,329: topic[/arm_left/joint_states] adding connection to [http://cmeintel-desktop:36790/], count 0
[rospy.internal][INFO] 2016-06-20 13:41:26,945: topic[/gripper_left/joint_states] adding connection to [http://cmeintel-desktop:36790/], count 0
[rospy.core][INFO] 2016-06-20 15:16:35,151: signal_shutdown [signal-2]
[rospy.internal][INFO] 2016-06-20 15:16:35,154: topic[/joint_states] removing connection to /robot_state_publisher
[rospy.internal][INFO] 2016-06-20 15:16:35,154: topic[/rosout] removing connection to /rosout
[rospy.internal][INFO] 2016-06-20 15:16:35,155: topic[/arm_right/joint_states] removing connection to http://cmeintel-desktop:36790/
[rospy.internal][WARNING] 2016-06-20 15:16:35,155: Unknown error initiating TCP/IP socket to cmeintel-desktop:43650 (http://cmeintel-desktop:36790/): Traceback (most recent call last):
  File "/opt/ros/indigo/lib/python2.7/dist-packages/rospy/impl/tcpros_base.py", line 557, in connect
    self.read_header()
  File "/opt/ros/indigo/lib/python2.7/dist-packages/rospy/impl/tcpros_base.py", line 619, in read_header
    self._validate_header(read_ros_handshake_header(sock, self.read_buff, self.protocol.buff_size))
AttributeError: 'NoneType' object has no attribute 'buff_size'

[rospy.topics][ERROR] 2016-06-20 15:16:35,156: Traceback (most recent call last):
  File "/opt/ros/indigo/lib/python2.7/dist-packages/rospy/topics.py", line 307, in close
    c.close()
  File "/opt/ros/indigo/lib/python2.7/dist-packages/rospy/impl/tcpros_base.py", line 807, in close
    self.socket.close()
AttributeError: 'NoneType' object has no attribute 'close'

[rospy.internal][INFO] 2016-06-20 15:16:35,156: topic[/torso/joint_states] removing connection to http://cmeintel-desktop:36790/
[rospy.internal][INFO] 2016-06-20 15:16:35,156: topic[/sensorring/joint_states] removing connection to http://cmeintel-desktop:36790/
[rospy.internal][INFO] 2016-06-20 15:16:35,156: topic[/clock] removing connection to http://cmeintel-desktop:36790/
[rospy.internal][INFO] 2016-06-20 15:16:35,156: topic[/base/joint_states] removing connection to http://cmeintel-desktop:36790/
[rospy.internal][INFO] 2016-06-20 15:16:35,156: topic[/gripper_left/joint_states] removing connection to http://cmeintel-desktop:36790/
[rospy.internal][INFO] 2016-06-20 15:16:35,157: topic[/arm_left/joint_states] removing connection to http://cmeintel-desktop:36790/
[rospy.internal][INFO] 2016-06-20 15:16:35,158: topic[/gripper_right/joint_states] removing connection to http://cmeintel-desktop:36790/
[rospy.impl.masterslave][INFO] 2016-06-20 15:16:35,158: signal-2
[rospy.internal][WARNING] 2016-06-20 15:16:35,159: Unknown error initiating TCP/IP socket to cmeintel-desktop:43650 (http://cmeintel-desktop:36790/): Traceback (most recent call last):
  File "/opt/ros/indigo/lib/python2.7/dist-packages/rospy/impl/tcpros_base.py", line 558, in connect
    self.local_endpoint = self.socket.getsockname()
AttributeError: 'NoneType' object has no attribute 'getsockname'

[rospy.core][INFO] 2016-06-20 15:16:35,639: signal_shutdown [atexit]
