[rospy.client][INFO] 2016-06-20 13:41:10,315: init_node, name[/relayboard_node], pid[5411]
[xmlrpc][INFO] 2016-06-20 13:41:10,315: XML-RPC server binding to 0.0.0.0:0
[xmlrpc][INFO] 2016-06-20 13:41:10,315: Started XML-RPC server [http://cmeintel-desktop:33446/]
[rospy.impl.masterslave][INFO] 2016-06-20 13:41:10,315: _ready: http://cmeintel-desktop:33446/
[xmlrpc][INFO] 2016-06-20 13:41:10,316: xml rpc node: starting XML-RPC server
[rospy.registration][INFO] 2016-06-20 13:41:10,316: Registering with master node http://localhost:11311
[rospy.init][INFO] 2016-06-20 13:41:10,319: ROS Slave URI: [http://cmeintel-desktop:33446/]
[rospy.init][INFO] 2016-06-20 13:41:10,319: registered with master
[rospy.rosout][INFO] 2016-06-20 13:41:10,319: initializing /rosout core topic
[rospy.rosout][INFO] 2016-06-20 13:41:10,321: connected to core topic /rosout
[rospy.simtime][INFO] 2016-06-20 13:41:10,326: initializing /clock core topic
[rospy.simtime][INFO] 2016-06-20 13:41:10,332: connected to core topic /clock
[rospy.internal][INFO] 2016-06-20 13:41:10,557: topic[/rosout] adding connection to [/rosout], count 0
[rospy.internal][INFO] 2016-06-20 13:41:16,058: topic[/clock] adding connection to [http://cmeintel-desktop:36790/], count 0
[rospy.internal][INFO] 2016-06-20 13:41:18,068: topic[/emergency_stop_state] adding connection to [/dashboard_aggregator], count 0
[rospy.core][INFO] 2016-06-20 15:16:34,856: signal_shutdown [signal-2]
[rospy.internal][INFO] 2016-06-20 15:16:34,859: topic[/emergency_stop_state] removing connection to /dashboard_aggregator
[rospy.internal][INFO] 2016-06-20 15:16:34,859: topic[/rosout] removing connection to /rosout
[rospy.internal][INFO] 2016-06-20 15:16:34,859: topic[/clock] removing connection to http://cmeintel-desktop:36790/
[rospy.impl.masterslave][INFO] 2016-06-20 15:16:34,859: signal-2
[rospy.core][INFO] 2016-06-20 15:16:35,473: signal_shutdown [atexit]
