[rospy.client][INFO] 2016-06-20 13:41:15,355: init_node, name[/script_server], pid[7384]
[xmlrpc][INFO] 2016-06-20 13:41:15,355: XML-RPC server binding to 0.0.0.0:0
[xmlrpc][INFO] 2016-06-20 13:41:15,355: Started XML-RPC server [http://cmeintel-desktop:36920/]
[rospy.init][INFO] 2016-06-20 13:41:15,356: ROS Slave URI: [http://cmeintel-desktop:36920/]
[rospy.impl.masterslave][INFO] 2016-06-20 13:41:15,356: _ready: http://cmeintel-desktop:36920/
[rospy.registration][INFO] 2016-06-20 13:41:15,357: Registering with master node http://localhost:11311
[xmlrpc][INFO] 2016-06-20 13:41:15,357: xml rpc node: starting XML-RPC server
[rospy.init][INFO] 2016-06-20 13:41:15,456: registered with master
[rospy.rosout][INFO] 2016-06-20 13:41:15,456: initializing /rosout core topic
[rospy.rosout][INFO] 2016-06-20 13:41:15,459: connected to core topic /rosout
[rospy.simtime][INFO] 2016-06-20 13:41:15,460: initializing /clock core topic
[rospy.simtime][INFO] 2016-06-20 13:41:15,463: connected to core topic /clock
[rosout][INFO] 2016-06-20 13:41:15,481: script_server is running
[rospy.internal][INFO] 2016-06-20 13:41:15,737: topic[/rosout] adding connection to [/rosout], count 0
[rospy.internal][INFO] 2016-06-20 13:41:17,089: topic[/clock] adding connection to [http://cmeintel-desktop:36790/], count 0
[rospy.impl.masterslave][INFO] 2016-06-20 13:43:01,793: external shutdown request from [/master]: new node registered with same name
[rospy.core][INFO] 2016-06-20 13:43:01,793: signal_shutdown [external shutdown request from [/master]: [new node registered with same name]]
[rospy.internal][INFO] 2016-06-20 13:43:01,797: topic[/rosout] removing connection to /rosout
[rospy.internal][INFO] 2016-06-20 13:43:01,797: topic[/clock] removing connection to http://cmeintel-desktop:36790/
[rospy.core][INFO] 2016-06-20 13:43:02,090: signal_shutdown [atexit]
