[rospy.client][INFO] 2016-06-20 13:43:01,720: init_node, name[/script_server], pid[12366]
[xmlrpc][INFO] 2016-06-20 13:43:01,721: XML-RPC server binding to 0.0.0.0:0
[xmlrpc][INFO] 2016-06-20 13:43:01,721: Started XML-RPC server [http://cmeintel-desktop:46365/]
[rospy.impl.masterslave][INFO] 2016-06-20 13:43:01,721: _ready: http://cmeintel-desktop:46365/
[xmlrpc][INFO] 2016-06-20 13:43:01,722: xml rpc node: starting XML-RPC server
[rospy.registration][INFO] 2016-06-20 13:43:01,721: Registering with master node http://localhost:11311
[rospy.init][INFO] 2016-06-20 13:43:01,722: ROS Slave URI: [http://cmeintel-desktop:46365/]
[rospy.init][INFO] 2016-06-20 13:43:01,722: registered with master
[rospy.rosout][INFO] 2016-06-20 13:43:01,722: initializing /rosout core topic
[rospy.rosout][INFO] 2016-06-20 13:43:01,724: connected to core topic /rosout
[rospy.simtime][INFO] 2016-06-20 13:43:01,725: initializing /clock core topic
[rospy.simtime][INFO] 2016-06-20 13:43:01,728: connected to core topic /clock
[rospy.internal][INFO] 2016-06-20 13:43:01,730: topic[/clock] adding connection to [http://cmeintel-desktop:36790/], count 0
[rosout][INFO] 2016-06-20 13:43:01,751: script_server is running
[rospy.internal][INFO] 2016-06-20 13:43:01,999: topic[/rosout] adding connection to [/rosout], count 0
[rospy.core][INFO] 2016-06-20 13:43:12,765: signal_shutdown [signal-2]
[rospy.internal][INFO] 2016-06-20 13:43:12,770: topic[/rosout] removing connection to /rosout
[rospy.internal][INFO] 2016-06-20 13:43:12,771: topic[/clock] removing connection to http://cmeintel-desktop:36790/
[rospy.impl.masterslave][INFO] 2016-06-20 13:43:12,771: signal-2
[rospy.core][INFO] 2016-06-20 13:43:13,385: signal_shutdown [atexit]
[rospy.client][INFO] 2016-06-20 13:46:06,330: init_node, name[/script_server], pid[12971]
[xmlrpc][INFO] 2016-06-20 13:46:06,330: XML-RPC server binding to 0.0.0.0:0
[xmlrpc][INFO] 2016-06-20 13:46:06,331: Started XML-RPC server [http://cmeintel-desktop:46249/]
[rospy.impl.masterslave][INFO] 2016-06-20 13:46:06,331: _ready: http://cmeintel-desktop:46249/
[rospy.init][INFO] 2016-06-20 13:46:06,331: ROS Slave URI: [http://cmeintel-desktop:46249/]
[rospy.registration][INFO] 2016-06-20 13:46:06,331: Registering with master node http://localhost:11311
[xmlrpc][INFO] 2016-06-20 13:46:06,331: xml rpc node: starting XML-RPC server
[rospy.init][INFO] 2016-06-20 13:46:06,432: registered with master
[rospy.rosout][INFO] 2016-06-20 13:46:06,432: initializing /rosout core topic
[rospy.rosout][INFO] 2016-06-20 13:46:06,434: connected to core topic /rosout
[rospy.simtime][INFO] 2016-06-20 13:46:06,435: initializing /clock core topic
[rospy.simtime][INFO] 2016-06-20 13:46:06,437: connected to core topic /clock
[rospy.internal][INFO] 2016-06-20 13:46:06,447: topic[/clock] adding connection to [http://cmeintel-desktop:36790/], count 0
[rosout][INFO] 2016-06-20 13:46:06,455: script_server is running
[rospy.internal][INFO] 2016-06-20 13:46:06,652: topic[/rosout] adding connection to [/rosout], count 0
[rospy.core][INFO] 2016-06-20 13:46:14,425: signal_shutdown [signal-2]
[rospy.internal][INFO] 2016-06-20 13:46:14,429: topic[/rosout] removing connection to /rosout
[rospy.internal][INFO] 2016-06-20 13:46:14,430: topic[/clock] removing connection to http://cmeintel-desktop:36790/
[rospy.impl.masterslave][INFO] 2016-06-20 13:46:14,430: signal-2
[rospy.core][INFO] 2016-06-20 13:46:15,046: signal_shutdown [atexit]
