[rospy.client][INFO] 2016-06-20 13:41:10,517: init_node, name[/sensorring/gazebo_services], pid[5513]
[xmlrpc][INFO] 2016-06-20 13:41:10,518: XML-RPC server binding to 0.0.0.0:0
[xmlrpc][INFO] 2016-06-20 13:41:10,518: Started XML-RPC server [http://cmeintel-desktop:43590/]
[rospy.impl.masterslave][INFO] 2016-06-20 13:41:10,518: _ready: http://cmeintel-desktop:43590/
[rospy.init][INFO] 2016-06-20 13:41:10,519: ROS Slave URI: [http://cmeintel-desktop:43590/]
[rospy.registration][INFO] 2016-06-20 13:41:10,519: Registering with master node http://localhost:11311
[xmlrpc][INFO] 2016-06-20 13:41:10,520: xml rpc node: starting XML-RPC server
[rospy.init][INFO] 2016-06-20 13:41:10,619: registered with master
[rospy.rosout][INFO] 2016-06-20 13:41:10,619: initializing /rosout core topic
[rospy.rosout][INFO] 2016-06-20 13:41:10,822: connected to core topic /rosout
[rospy.simtime][INFO] 2016-06-20 13:41:10,829: initializing /clock core topic
[rospy.simtime][INFO] 2016-06-20 13:41:10,836: connected to core topic /clock
[rosout][INFO] 2016-06-20 13:41:10,877: gazebo_services running
[rospy.internal][INFO] 2016-06-20 13:41:11,036: topic[/rosout] adding connection to [/rosout], count 0
[rospy.internal][INFO] 2016-06-20 13:41:16,055: topic[/clock] adding connection to [http://cmeintel-desktop:36790/], count 0
[rospy.core][INFO] 2016-06-20 15:16:34,655: signal_shutdown [signal-2]
[rospy.internal][INFO] 2016-06-20 15:16:34,659: topic[/rosout] removing connection to /rosout
[rospy.internal][INFO] 2016-06-20 15:16:34,660: topic[/clock] removing connection to http://cmeintel-desktop:36790/
[rospy.impl.masterslave][INFO] 2016-06-20 15:16:34,660: signal-2
[rospy.internal][WARNING] 2016-06-20 15:16:34,660: Unknown error initiating TCP/IP socket to cmeintel-desktop:43650 (http://cmeintel-desktop:36790/): Traceback (most recent call last):
  File "/opt/ros/indigo/lib/python2.7/dist-packages/rospy/impl/tcpros_base.py", line 558, in connect
    self.local_endpoint = self.socket.getsockname()
AttributeError: 'NoneType' object has no attribute 'getsockname'

[rospy.core][INFO] 2016-06-20 15:16:34,767: signal_shutdown [atexit]
