[rospy.client][INFO] 2016-06-20 13:41:14,160: init_node, name[/spawn_urdf_world], pid[5017]
[xmlrpc][INFO] 2016-06-20 13:41:14,160: XML-RPC server binding to 0.0.0.0:0
[rospy.init][INFO] 2016-06-20 13:41:14,161: ROS Slave URI: [http://cmeintel-desktop:38831/]
[xmlrpc][INFO] 2016-06-20 13:41:14,161: Started XML-RPC server [http://cmeintel-desktop:38831/]
[rospy.impl.masterslave][INFO] 2016-06-20 13:41:14,161: _ready: http://cmeintel-desktop:38831/
[xmlrpc][INFO] 2016-06-20 13:41:14,161: xml rpc node: starting XML-RPC server
[rospy.registration][INFO] 2016-06-20 13:41:14,161: Registering with master node http://localhost:11311
[rospy.init][INFO] 2016-06-20 13:41:14,261: registered with master
[rospy.rosout][INFO] 2016-06-20 13:41:14,261: initializing /rosout core topic
[rospy.rosout][INFO] 2016-06-20 13:41:14,263: connected to core topic /rosout
[rospy.simtime][INFO] 2016-06-20 13:41:14,264: initializing /clock core topic
[rospy.simtime][INFO] 2016-06-20 13:41:14,272: connected to core topic /clock
[rosout][INFO] 2016-06-20 13:41:14,280: Loading model xml from ros parameter
[rosout][INFO] 2016-06-20 13:41:14,291: Waiting for service /gazebo/spawn_urdf_model
[rospy.internal][INFO] 2016-06-20 13:41:14,452: topic[/rosout] adding connection to [/rosout], count 0
[rosout][INFO] 2016-06-20 13:41:16,102: Calling service /gazebo/spawn_urdf_model
[rospy.internal][INFO] 2016-06-20 13:41:16,289: topic[/clock] adding connection to [http://cmeintel-desktop:36790/], count 0
[rosout][INFO] 2016-06-20 13:41:16,576: Spawn status: SpawnModel: Successfully spawned model
[rospy.core][INFO] 2016-06-20 13:41:16,576: signal_shutdown [atexit]
[rospy.internal][INFO] 2016-06-20 13:41:16,579: topic[/rosout] removing connection to /rosout
[rospy.internal][INFO] 2016-06-20 13:41:16,579: topic[/clock] removing connection to http://cmeintel-desktop:36790/
[rospy.impl.masterslave][INFO] 2016-06-20 13:41:16,579: atexit
