[rospy.client][INFO] 2016-06-20 13:41:14,160: init_node, name[/spawn_gazebo_model], pid[5029]
[xmlrpc][INFO] 2016-06-20 13:41:14,160: XML-RPC server binding to 0.0.0.0:0
[rospy.init][INFO] 2016-06-20 13:41:14,161: ROS Slave URI: [http://cmeintel-desktop:38843/]
[xmlrpc][INFO] 2016-06-20 13:41:14,161: Started XML-RPC server [http://cmeintel-desktop:38843/]
[rospy.impl.masterslave][INFO] 2016-06-20 13:41:14,161: _ready: http://cmeintel-desktop:38843/
[rospy.registration][INFO] 2016-06-20 13:41:14,162: Registering with master node http://localhost:11311
[xmlrpc][INFO] 2016-06-20 13:41:14,162: xml rpc node: starting XML-RPC server
[rospy.init][INFO] 2016-06-20 13:41:14,261: registered with master
[rospy.rosout][INFO] 2016-06-20 13:41:14,261: initializing /rosout core topic
[rospy.rosout][INFO] 2016-06-20 13:41:14,263: connected to core topic /rosout
[rospy.simtime][INFO] 2016-06-20 13:41:14,266: initializing /clock core topic
[rospy.simtime][INFO] 2016-06-20 13:41:14,277: connected to core topic /clock
[rosout][INFO] 2016-06-20 13:41:14,281: Loading model xml from ros parameter
[rosout][INFO] 2016-06-20 13:41:14,300: Waiting for service /gazebo/spawn_urdf_model
[rospy.internal][INFO] 2016-06-20 13:41:14,451: topic[/rosout] adding connection to [/rosout], count 0
[rosout][INFO] 2016-06-20 13:41:16,113: Calling service /gazebo/spawn_urdf_model
[rospy.internal][INFO] 2016-06-20 13:41:16,292: topic[/clock] adding connection to [http://cmeintel-desktop:36790/], count 0
[rosout][INFO] 2016-06-20 13:41:19,794: Spawn status: SpawnModel: Successfully spawned model
[rospy.core][INFO] 2016-06-20 13:41:19,794: signal_shutdown [atexit]
[rospy.internal][INFO] 2016-06-20 13:41:19,796: topic[/rosout] removing connection to /rosout
[rospy.internal][INFO] 2016-06-20 13:41:19,796: topic[/clock] removing connection to http://cmeintel-desktop:36790/
[rospy.impl.masterslave][INFO] 2016-06-20 13:41:19,797: atexit
