[rospy.client][INFO] 2016-06-20 13:41:10,171: init_node, name[/torso/gazebo_services], pid[5464]
[xmlrpc][INFO] 2016-06-20 13:41:10,172: XML-RPC server binding to 0.0.0.0:0
[xmlrpc][INFO] 2016-06-20 13:41:10,172: Started XML-RPC server [http://cmeintel-desktop:34890/]
[rospy.impl.masterslave][INFO] 2016-06-20 13:41:10,172: _ready: http://cmeintel-desktop:34890/
[xmlrpc][INFO] 2016-06-20 13:41:10,172: xml rpc node: starting XML-RPC server
[rospy.registration][INFO] 2016-06-20 13:41:10,172: Registering with master node http://localhost:11311
[rospy.init][INFO] 2016-06-20 13:41:10,173: ROS Slave URI: [http://cmeintel-desktop:34890/]
[rospy.init][INFO] 2016-06-20 13:41:10,173: registered with master
[rospy.rosout][INFO] 2016-06-20 13:41:10,173: initializing /rosout core topic
[rospy.rosout][INFO] 2016-06-20 13:41:10,178: connected to core topic /rosout
[rospy.simtime][INFO] 2016-06-20 13:41:10,179: initializing /clock core topic
[rospy.simtime][INFO] 2016-06-20 13:41:10,182: connected to core topic /clock
[rosout][INFO] 2016-06-20 13:41:10,189: gazebo_services running
[rospy.internal][INFO] 2016-06-20 13:41:10,443: topic[/rosout] adding connection to [/rosout], count 0
[rospy.internal][INFO] 2016-06-20 13:41:16,053: topic[/clock] adding connection to [http://cmeintel-desktop:36790/], count 0
[rospy.core][INFO] 2016-06-20 15:16:34,769: signal_shutdown [signal-2]
[rospy.internal][INFO] 2016-06-20 15:16:34,772: topic[/rosout] removing connection to /rosout
[rospy.internal][INFO] 2016-06-20 15:16:34,772: topic[/clock] removing connection to http://cmeintel-desktop:36790/
[rospy.impl.masterslave][INFO] 2016-06-20 15:16:34,772: signal-2
[rospy.core][INFO] 2016-06-20 15:16:34,874: signal_shutdown [atexit]
