[rospy.client][INFO] 2016-06-08 13:34:46,116: init_node, name[/arm_left/gazebo_services], pid[5617]
[xmlrpc][INFO] 2016-06-08 13:34:46,117: XML-RPC server binding to 0.0.0.0:0
[xmlrpc][INFO] 2016-06-08 13:34:46,117: Started XML-RPC server [http://cmeintel-desktop:46077/]
[rospy.impl.masterslave][INFO] 2016-06-08 13:34:46,117: _ready: http://cmeintel-desktop:46077/
[rospy.registration][INFO] 2016-06-08 13:34:46,117: Registering with master node http://localhost:11311
[xmlrpc][INFO] 2016-06-08 13:34:46,118: xml rpc node: starting XML-RPC server
[rospy.init][INFO] 2016-06-08 13:34:46,119: ROS Slave URI: [http://cmeintel-desktop:46077/]
[rospy.init][INFO] 2016-06-08 13:34:46,119: registered with master
[rospy.rosout][INFO] 2016-06-08 13:34:46,119: initializing /rosout core topic
[rospy.rosout][INFO] 2016-06-08 13:34:46,136: connected to core topic /rosout
[rospy.simtime][INFO] 2016-06-08 13:34:46,145: initializing /clock core topic
[rospy.simtime][INFO] 2016-06-08 13:34:46,158: connected to core topic /clock
[rosout][INFO] 2016-06-08 13:34:46,201: gazebo_services running
[rospy.internal][INFO] 2016-06-08 13:34:46,283: topic[/rosout] adding connection to [/rosout], count 0
[rospy.internal][INFO] 2016-06-08 13:34:50,048: topic[/clock] adding connection to [http://cmeintel-desktop:38557/], count 0
[rospy.core][INFO] 2016-06-08 13:37:45,166: signal_shutdown [signal-2]
[rospy.internal][INFO] 2016-06-08 13:37:45,169: topic[/rosout] removing connection to /rosout
[rospy.internal][INFO] 2016-06-08 13:37:45,169: topic[/clock] removing connection to http://cmeintel-desktop:38557/
[rospy.impl.masterslave][INFO] 2016-06-08 13:37:45,169: signal-2
[rospy.core][INFO] 2016-06-08 13:37:45,336: signal_shutdown [atexit]
