[rospy.client][INFO] 2016-06-08 13:34:47,266: init_node, name[/dashboard_aggregator], pid[7253]
[xmlrpc][INFO] 2016-06-08 13:34:47,266: XML-RPC server binding to 0.0.0.0:0
[xmlrpc][INFO] 2016-06-08 13:34:47,266: Started XML-RPC server [http://cmeintel-desktop:39710/]
[rospy.init][INFO] 2016-06-08 13:34:47,266: ROS Slave URI: [http://cmeintel-desktop:39710/]
[rospy.impl.masterslave][INFO] 2016-06-08 13:34:47,266: _ready: http://cmeintel-desktop:39710/
[rospy.registration][INFO] 2016-06-08 13:34:47,267: Registering with master node http://localhost:11311
[xmlrpc][INFO] 2016-06-08 13:34:47,267: xml rpc node: starting XML-RPC server
[rospy.init][INFO] 2016-06-08 13:34:47,367: registered with master
[rospy.rosout][INFO] 2016-06-08 13:34:47,367: initializing /rosout core topic
[rospy.rosout][INFO] 2016-06-08 13:34:47,368: connected to core topic /rosout
[rospy.simtime][INFO] 2016-06-08 13:34:47,369: initializing /clock core topic
[rospy.simtime][INFO] 2016-06-08 13:34:47,371: connected to core topic /clock
[rospy.internal][INFO] 2016-06-08 13:34:47,616: topic[/rosout] adding connection to [/rosout], count 0
[rospy.internal][INFO] 2016-06-08 13:34:50,096: topic[/clock] adding connection to [http://cmeintel-desktop:38557/], count 0
[rospy.internal][INFO] 2016-06-08 13:34:52,215: topic[/emergency_stop_state] adding connection to [http://cmeintel-desktop:34570/], count 0
[rospy.internal][INFO] 2016-06-08 13:34:52,215: topic[/diagnostics_toplevel_state] adding connection to [http://cmeintel-desktop:36640/], count 0
[rospy.core][INFO] 2016-06-08 13:37:44,739: signal_shutdown [signal-2]
[rospy.internal][INFO] 2016-06-08 13:37:44,747: topic[/rosout] removing connection to /rosout
[rospy.internal][INFO] 2016-06-08 13:37:44,747: topic[/diagnostics_toplevel_state] removing connection to http://cmeintel-desktop:36640/
[rospy.internal][INFO] 2016-06-08 13:37:44,748: topic[/clock] removing connection to http://cmeintel-desktop:38557/
[rospy.internal][INFO] 2016-06-08 13:37:44,748: topic[/emergency_stop_state] removing connection to http://cmeintel-desktop:34570/
[rospy.impl.masterslave][INFO] 2016-06-08 13:37:44,748: signal-2
[rospy.core][INFO] 2016-06-08 13:37:44,883: signal_shutdown [atexit]
