[rospy.client][INFO] 2016-06-08 13:34:42,871: init_node, name[/elevator], pid[5064]
[xmlrpc][INFO] 2016-06-08 13:34:42,871: XML-RPC server binding to 0.0.0.0:0
[xmlrpc][INFO] 2016-06-08 13:34:42,871: Started XML-RPC server [http://cmeintel-desktop:46807/]
[rospy.impl.masterslave][INFO] 2016-06-08 13:34:42,872: _ready: http://cmeintel-desktop:46807/
[rospy.init][INFO] 2016-06-08 13:34:42,872: ROS Slave URI: [http://cmeintel-desktop:46807/]
[rospy.registration][INFO] 2016-06-08 13:34:42,872: Registering with master node http://localhost:11311
[xmlrpc][INFO] 2016-06-08 13:34:42,872: xml rpc node: starting XML-RPC server
[rospy.init][INFO] 2016-06-08 13:34:42,972: registered with master
[rospy.rosout][INFO] 2016-06-08 13:34:42,973: initializing /rosout core topic
[rospy.rosout][INFO] 2016-06-08 13:34:42,974: connected to core topic /rosout
[rospy.simtime][INFO] 2016-06-08 13:34:42,975: initializing /clock core topic
[rospy.simtime][INFO] 2016-06-08 13:34:42,977: connected to core topic /clock
[rospy.internal][INFO] 2016-06-08 13:34:43,226: topic[/rosout] adding connection to [/rosout], count 0
[rospy.internal][INFO] 2016-06-08 13:34:50,052: topic[/clock] adding connection to [http://cmeintel-desktop:38557/], count 0
[rospy.internal][INFO] 2016-06-08 13:34:50,916: topic[/elevator_button1_bumper] adding connection to [http://cmeintel-desktop:38557/], count 0
[rospy.core][INFO] 2016-06-08 13:37:45,749: signal_shutdown [signal-2]
[rospy.internal][INFO] 2016-06-08 13:37:45,755: topic[/rosout] removing connection to /rosout
[rospy.internal][INFO] 2016-06-08 13:37:45,756: topic[/clock] removing connection to http://cmeintel-desktop:38557/
[rospy.topics][ERROR] 2016-06-08 13:37:45,757: Traceback (most recent call last):
  File "/opt/ros/indigo/lib/python2.7/dist-packages/rospy/topics.py", line 307, in close
    c.close()
  File "/opt/ros/indigo/lib/python2.7/dist-packages/rospy/impl/tcpros_base.py", line 807, in close
    self.socket.close()
AttributeError: 'NoneType' object has no attribute 'close'

[rospy.internal][INFO] 2016-06-08 13:37:45,757: topic[/elevator_button1_bumper] removing connection to http://cmeintel-desktop:38557/
[rospy.impl.masterslave][INFO] 2016-06-08 13:37:45,757: signal-2
[rospy.internal][WARNING] 2016-06-08 13:37:45,758: Unknown error initiating TCP/IP socket to cmeintel-desktop:43876 (http://cmeintel-desktop:38557/): Traceback (most recent call last):
  File "/opt/ros/indigo/lib/python2.7/dist-packages/rospy/impl/tcpros_base.py", line 557, in connect
    self.read_header()
  File "/opt/ros/indigo/lib/python2.7/dist-packages/rospy/impl/tcpros_base.py", line 619, in read_header
    self._validate_header(read_ros_handshake_header(sock, self.read_buff, self.protocol.buff_size))
AttributeError: 'NoneType' object has no attribute 'buff_size'

[rospy.core][INFO] 2016-06-08 13:37:45,888: signal_shutdown [atexit]
