[rospy.client][INFO] 2016-06-08 13:34:46,376: init_node, name[/gripper_right/gazebo_services], pid[5859]
[xmlrpc][INFO] 2016-06-08 13:34:46,376: XML-RPC server binding to 0.0.0.0:0
[xmlrpc][INFO] 2016-06-08 13:34:46,376: Started XML-RPC server [http://cmeintel-desktop:42309/]
[rospy.impl.masterslave][INFO] 2016-06-08 13:34:46,376: _ready: http://cmeintel-desktop:42309/
[rospy.init][INFO] 2016-06-08 13:34:46,376: ROS Slave URI: [http://cmeintel-desktop:42309/]
[xmlrpc][INFO] 2016-06-08 13:34:46,377: xml rpc node: starting XML-RPC server
[rospy.registration][INFO] 2016-06-08 13:34:46,377: Registering with master node http://localhost:11311
[rospy.init][INFO] 2016-06-08 13:34:46,477: registered with master
[rospy.rosout][INFO] 2016-06-08 13:34:46,477: initializing /rosout core topic
[rospy.rosout][INFO] 2016-06-08 13:34:46,480: connected to core topic /rosout
[rospy.simtime][INFO] 2016-06-08 13:34:46,483: initializing /clock core topic
[rospy.simtime][INFO] 2016-06-08 13:34:46,488: connected to core topic /clock
[rosout][INFO] 2016-06-08 13:34:46,510: gazebo_services running
[rospy.internal][INFO] 2016-06-08 13:34:46,711: topic[/rosout] adding connection to [/rosout], count 0
[rospy.internal][INFO] 2016-06-08 13:34:50,056: topic[/clock] adding connection to [http://cmeintel-desktop:38557/], count 0
[rospy.core][INFO] 2016-06-08 13:37:44,746: signal_shutdown [signal-2]
[rospy.internal][INFO] 2016-06-08 13:37:44,764: topic[/rosout] removing connection to /rosout
[rospy.internal][INFO] 2016-06-08 13:37:44,765: topic[/clock] removing connection to http://cmeintel-desktop:38557/
[rospy.impl.masterslave][INFO] 2016-06-08 13:37:44,765: signal-2
[rospy.internal][WARNING] 2016-06-08 13:37:44,765: Unknown error initiating TCP/IP socket to cmeintel-desktop:43876 (http://cmeintel-desktop:38557/): Traceback (most recent call last):
  File "/opt/ros/indigo/lib/python2.7/dist-packages/rospy/impl/tcpros_base.py", line 558, in connect
    self.local_endpoint = self.socket.getsockname()
AttributeError: 'NoneType' object has no attribute 'getsockname'

[rospy.core][INFO] 2016-06-08 13:37:44,888: signal_shutdown [atexit]
