[rospy.client][INFO] 2016-06-08 13:34:45,535: init_node, name[/joint_state_publisher], pid[5069]
[xmlrpc][INFO] 2016-06-08 13:34:45,535: XML-RPC server binding to 0.0.0.0:0
[xmlrpc][INFO] 2016-06-08 13:34:45,535: Started XML-RPC server [http://cmeintel-desktop:41465/]
[rospy.init][INFO] 2016-06-08 13:34:45,536: ROS Slave URI: [http://cmeintel-desktop:41465/]
[rospy.impl.masterslave][INFO] 2016-06-08 13:34:45,536: _ready: http://cmeintel-desktop:41465/
[xmlrpc][INFO] 2016-06-08 13:34:45,536: xml rpc node: starting XML-RPC server
[rospy.registration][INFO] 2016-06-08 13:34:45,536: Registering with master node http://localhost:11311
[rospy.init][INFO] 2016-06-08 13:34:45,636: registered with master
[rospy.rosout][INFO] 2016-06-08 13:34:45,636: initializing /rosout core topic
[rospy.rosout][INFO] 2016-06-08 13:34:45,638: connected to core topic /rosout
[rospy.simtime][INFO] 2016-06-08 13:34:45,639: initializing /clock core topic
[rospy.simtime][INFO] 2016-06-08 13:34:45,641: connected to core topic /clock
[rospy.internal][INFO] 2016-06-08 13:34:45,854: topic[/rosout] adding connection to [/rosout], count 0
[rospy.internal][INFO] 2016-06-08 13:34:45,989: topic[/joint_states] adding connection to [/robot_state_publisher], count 0
[rospy.internal][INFO] 2016-06-08 13:34:51,082: topic[/clock] adding connection to [http://cmeintel-desktop:38557/], count 0
[rospy.internal][INFO] 2016-06-08 13:34:59,202: topic[/base/joint_states] adding connection to [http://cmeintel-desktop:38557/], count 0
[rospy.internal][INFO] 2016-06-08 13:34:59,315: topic[/torso/joint_states] adding connection to [http://cmeintel-desktop:38557/], count 0
[rospy.internal][INFO] 2016-06-08 13:34:59,529: topic[/sensorring/joint_states] adding connection to [http://cmeintel-desktop:38557/], count 0
[rospy.internal][INFO] 2016-06-08 13:35:00,346: topic[/arm_left/joint_states] adding connection to [http://cmeintel-desktop:38557/], count 0
[rospy.internal][INFO] 2016-06-08 13:35:00,407: topic[/arm_right/joint_states] adding connection to [http://cmeintel-desktop:38557/], count 0
[rospy.internal][INFO] 2016-06-08 13:35:00,413: topic[/gripper_right/joint_states] adding connection to [http://cmeintel-desktop:38557/], count 0
[rospy.internal][INFO] 2016-06-08 13:35:01,026: topic[/gripper_left/joint_states] adding connection to [http://cmeintel-desktop:38557/], count 0
[rospy.core][INFO] 2016-06-08 13:37:45,745: signal_shutdown [signal-2]
[rospy.internal][INFO] 2016-06-08 13:37:45,749: topic[/joint_states] removing connection to /robot_state_publisher
[rospy.internal][INFO] 2016-06-08 13:37:45,749: topic[/rosout] removing connection to /rosout
[rospy.internal][INFO] 2016-06-08 13:37:45,750: topic[/arm_right/joint_states] removing connection to http://cmeintel-desktop:38557/
[rospy.internal][INFO] 2016-06-08 13:37:45,750: topic[/torso/joint_states] removing connection to http://cmeintel-desktop:38557/
[rospy.internal][INFO] 2016-06-08 13:37:45,750: topic[/sensorring/joint_states] removing connection to http://cmeintel-desktop:38557/
[rospy.internal][INFO] 2016-06-08 13:37:45,750: topic[/clock] removing connection to http://cmeintel-desktop:38557/
[rospy.internal][INFO] 2016-06-08 13:37:45,750: topic[/base/joint_states] removing connection to http://cmeintel-desktop:38557/
[rospy.internal][INFO] 2016-06-08 13:37:45,750: topic[/gripper_left/joint_states] removing connection to http://cmeintel-desktop:38557/
[rospy.internal][INFO] 2016-06-08 13:37:45,751: topic[/arm_left/joint_states] removing connection to http://cmeintel-desktop:38557/
[rospy.internal][INFO] 2016-06-08 13:37:45,751: topic[/gripper_right/joint_states] removing connection to http://cmeintel-desktop:38557/
[rospy.impl.masterslave][INFO] 2016-06-08 13:37:45,751: signal-2
[rospy.internal][WARNING] 2016-06-08 13:37:45,752: Unknown error initiating TCP/IP socket to cmeintel-desktop:43876 (http://cmeintel-desktop:38557/): Traceback (most recent call last):
  File "/opt/ros/indigo/lib/python2.7/dist-packages/rospy/impl/tcpros_base.py", line 558, in connect
    self.local_endpoint = self.socket.getsockname()
AttributeError: 'NoneType' object has no attribute 'getsockname'

[rospy.internal][WARNING] 2016-06-08 13:37:45,752: Unknown error initiating TCP/IP socket to cmeintel-desktop:43876 (http://cmeintel-desktop:38557/): Traceback (most recent call last):
  File "/opt/ros/indigo/lib/python2.7/dist-packages/rospy/impl/tcpros_base.py", line 558, in connect
    self.local_endpoint = self.socket.getsockname()
AttributeError: 'NoneType' object has no attribute 'getsockname'

[rospy.core][INFO] 2016-06-08 13:37:45,916: signal_shutdown [atexit]
