[rospy.client][INFO] 2016-06-08 13:37:27,328: init_node, name[/script_server], pid[11260]
[xmlrpc][INFO] 2016-06-08 13:37:27,328: XML-RPC server binding to 0.0.0.0:0
[xmlrpc][INFO] 2016-06-08 13:37:27,328: Started XML-RPC server [http://cmeintel-desktop:36160/]
[rospy.impl.masterslave][INFO] 2016-06-08 13:37:27,329: _ready: http://cmeintel-desktop:36160/
[rospy.init][INFO] 2016-06-08 13:37:27,328: ROS Slave URI: [http://cmeintel-desktop:36160/]
[rospy.registration][INFO] 2016-06-08 13:37:27,330: Registering with master node http://localhost:11311
[xmlrpc][INFO] 2016-06-08 13:37:27,330: xml rpc node: starting XML-RPC server
[rospy.init][INFO] 2016-06-08 13:37:27,429: registered with master
[rospy.rosout][INFO] 2016-06-08 13:37:27,429: initializing /rosout core topic
[rospy.rosout][INFO] 2016-06-08 13:37:27,432: connected to core topic /rosout
[rospy.simtime][INFO] 2016-06-08 13:37:27,433: initializing /clock core topic
[rospy.simtime][INFO] 2016-06-08 13:37:27,435: connected to core topic /clock
[rospy.internal][INFO] 2016-06-08 13:37:27,446: topic[/clock] adding connection to [http://cmeintel-desktop:38557/], count 0
[rosout][INFO] 2016-06-08 13:37:27,456: script_server is running
[rospy.internal][INFO] 2016-06-08 13:37:27,653: topic[/rosout] adding connection to [/rosout], count 0
[rospy.core][INFO] 2016-06-08 13:37:42,030: signal_shutdown [signal-2]
[rospy.internal][INFO] 2016-06-08 13:37:42,034: topic[/rosout] removing connection to /rosout
[rospy.internal][INFO] 2016-06-08 13:37:42,034: topic[/clock] removing connection to http://cmeintel-desktop:38557/
[rospy.impl.masterslave][INFO] 2016-06-08 13:37:42,035: signal-2
[rospy.internal][ERROR] 2016-06-08 13:37:42,054: Traceback (most recent call last):
  File "/opt/ros/indigo/lib/python2.7/dist-packages/rospy/impl/tcpros_base.py", line 698, in receive_once
    self.stat_bytes += recv_buff(sock, b, p.buff_size)
  File "/opt/ros/indigo/lib/python2.7/dist-packages/rospy/impl/tcpros_base.py", line 103, in recv_buff
    d = sock.recv(buff_size)
error: [Errno 104] Connection reset by peer

[rospy.core][INFO] 2016-06-08 13:37:42,166: signal_shutdown [atexit]
