[rospy.client][INFO] 2016-06-08 13:34:50,274: init_node, name[/script_server], pid[7265]
[xmlrpc][INFO] 2016-06-08 13:34:50,274: XML-RPC server binding to 0.0.0.0:0
[xmlrpc][INFO] 2016-06-08 13:34:50,275: Started XML-RPC server [http://cmeintel-desktop:44398/]
[rospy.impl.masterslave][INFO] 2016-06-08 13:34:50,275: _ready: http://cmeintel-desktop:44398/
[rospy.init][INFO] 2016-06-08 13:34:50,275: ROS Slave URI: [http://cmeintel-desktop:44398/]
[xmlrpc][INFO] 2016-06-08 13:34:50,276: xml rpc node: starting XML-RPC server
[rospy.registration][INFO] 2016-06-08 13:34:50,277: Registering with master node http://localhost:11311
[rospy.init][INFO] 2016-06-08 13:34:50,376: registered with master
[rospy.rosout][INFO] 2016-06-08 13:34:50,376: initializing /rosout core topic
[rospy.rosout][INFO] 2016-06-08 13:34:50,380: connected to core topic /rosout
[rospy.simtime][INFO] 2016-06-08 13:34:50,382: initializing /clock core topic
[rospy.simtime][INFO] 2016-06-08 13:34:50,389: connected to core topic /clock
[rospy.internal][INFO] 2016-06-08 13:34:50,393: topic[/clock] adding connection to [http://cmeintel-desktop:38557/], count 0
[rosout][INFO] 2016-06-08 13:34:50,494: script_server is running
[rospy.internal][INFO] 2016-06-08 13:34:50,678: topic[/rosout] adding connection to [/rosout], count 0
[rospy.impl.masterslave][INFO] 2016-06-08 13:37:27,452: external shutdown request from [/master]: new node registered with same name
[rospy.core][INFO] 2016-06-08 13:37:27,452: signal_shutdown [external shutdown request from [/master]: [new node registered with same name]]
[rospy.internal][INFO] 2016-06-08 13:37:27,456: topic[/rosout] removing connection to /rosout
[rospy.internal][INFO] 2016-06-08 13:37:27,457: topic[/clock] removing connection to http://cmeintel-desktop:38557/
[rospy.core][INFO] 2016-06-08 13:37:27,950: signal_shutdown [atexit]
