[rospy.client][INFO] 2016-06-08 13:34:46,141: init_node, name[/sensorring/gazebo_services], pid[5614]
[xmlrpc][INFO] 2016-06-08 13:34:46,142: XML-RPC server binding to 0.0.0.0:0
[xmlrpc][INFO] 2016-06-08 13:34:46,142: Started XML-RPC server [http://cmeintel-desktop:38037/]
[rospy.impl.masterslave][INFO] 2016-06-08 13:34:46,142: _ready: http://cmeintel-desktop:38037/
[rospy.init][INFO] 2016-06-08 13:34:46,142: ROS Slave URI: [http://cmeintel-desktop:38037/]
[rospy.registration][INFO] 2016-06-08 13:34:46,144: Registering with master node http://localhost:11311
[xmlrpc][INFO] 2016-06-08 13:34:46,144: xml rpc node: starting XML-RPC server
[rospy.init][INFO] 2016-06-08 13:34:46,242: registered with master
[rospy.rosout][INFO] 2016-06-08 13:34:46,243: initializing /rosout core topic
[rospy.rosout][INFO] 2016-06-08 13:34:46,246: connected to core topic /rosout
[rospy.simtime][INFO] 2016-06-08 13:34:46,248: initializing /clock core topic
[rospy.simtime][INFO] 2016-06-08 13:34:46,253: connected to core topic /clock
[rosout][INFO] 2016-06-08 13:34:46,275: gazebo_services running
[rospy.internal][INFO] 2016-06-08 13:34:46,504: topic[/rosout] adding connection to [/rosout], count 0
[rospy.internal][INFO] 2016-06-08 13:34:50,283: topic[/clock] adding connection to [http://cmeintel-desktop:38557/], count 0
[rospy.core][INFO] 2016-06-08 13:37:45,247: signal_shutdown [signal-2]
[rospy.internal][INFO] 2016-06-08 13:37:45,250: topic[/rosout] removing connection to /rosout
[rospy.internal][INFO] 2016-06-08 13:37:45,250: topic[/clock] removing connection to http://cmeintel-desktop:38557/
[rospy.impl.masterslave][INFO] 2016-06-08 13:37:45,251: signal-2
[rospy.core][INFO] 2016-06-08 13:37:45,414: signal_shutdown [atexit]
