[rospy.client][INFO] 2016-06-08 13:34:48,383: init_node, name[/spawn_gazebo_model], pid[5065]
[xmlrpc][INFO] 2016-06-08 13:34:48,386: XML-RPC server binding to 0.0.0.0:0
[xmlrpc][INFO] 2016-06-08 13:34:48,386: Started XML-RPC server [http://cmeintel-desktop:39177/]
[rospy.impl.masterslave][INFO] 2016-06-08 13:34:48,386: _ready: http://cmeintel-desktop:39177/
[rospy.init][INFO] 2016-06-08 13:34:48,386: ROS Slave URI: [http://cmeintel-desktop:39177/]
[rospy.registration][INFO] 2016-06-08 13:34:48,387: Registering with master node http://localhost:11311
[xmlrpc][INFO] 2016-06-08 13:34:48,387: xml rpc node: starting XML-RPC server
[rospy.init][INFO] 2016-06-08 13:34:48,487: registered with master
[rospy.rosout][INFO] 2016-06-08 13:34:48,487: initializing /rosout core topic
[rospy.rosout][INFO] 2016-06-08 13:34:48,488: connected to core topic /rosout
[rospy.simtime][INFO] 2016-06-08 13:34:48,489: initializing /clock core topic
[rospy.simtime][INFO] 2016-06-08 13:34:48,490: connected to core topic /clock
[rosout][INFO] 2016-06-08 13:34:48,492: Loading model xml from ros parameter
[rosout][INFO] 2016-06-08 13:34:48,500: Waiting for service /gazebo/spawn_urdf_model
[rospy.internal][INFO] 2016-06-08 13:34:48,724: topic[/rosout] adding connection to [/rosout], count 0
[rospy.internal][INFO] 2016-06-08 13:34:50,086: topic[/clock] adding connection to [http://cmeintel-desktop:38557/], count 0
[rosout][INFO] 2016-06-08 13:34:50,320: Calling service /gazebo/spawn_urdf_model
[rosout][INFO] 2016-06-08 13:34:54,347: Spawn status: SpawnModel: Successfully spawned model
[rospy.core][INFO] 2016-06-08 13:34:54,347: signal_shutdown [atexit]
[rospy.internal][INFO] 2016-06-08 13:34:54,350: topic[/rosout] removing connection to /rosout
[rospy.internal][INFO] 2016-06-08 13:34:54,350: topic[/clock] removing connection to http://cmeintel-desktop:38557/
[rospy.impl.masterslave][INFO] 2016-06-08 13:34:54,350: atexit
