[rospy.client][INFO] 2016-06-08 13:34:44,614: init_node, name[/torso/gazebo_services], pid[5492]
[xmlrpc][INFO] 2016-06-08 13:34:44,614: XML-RPC server binding to 0.0.0.0:0
[xmlrpc][INFO] 2016-06-08 13:34:44,615: Started XML-RPC server [http://cmeintel-desktop:45399/]
[rospy.init][INFO] 2016-06-08 13:34:44,615: ROS Slave URI: [http://cmeintel-desktop:45399/]
[rospy.impl.masterslave][INFO] 2016-06-08 13:34:44,615: _ready: http://cmeintel-desktop:45399/
[xmlrpc][INFO] 2016-06-08 13:34:44,615: xml rpc node: starting XML-RPC server
[rospy.registration][INFO] 2016-06-08 13:34:44,615: Registering with master node http://localhost:11311
[rospy.init][INFO] 2016-06-08 13:34:44,715: registered with master
[rospy.rosout][INFO] 2016-06-08 13:34:44,715: initializing /rosout core topic
[rospy.rosout][INFO] 2016-06-08 13:34:44,718: connected to core topic /rosout
[rospy.simtime][INFO] 2016-06-08 13:34:44,719: initializing /clock core topic
[rospy.simtime][INFO] 2016-06-08 13:34:44,721: connected to core topic /clock
[rosout][INFO] 2016-06-08 13:34:44,729: gazebo_services running
[rospy.internal][INFO] 2016-06-08 13:34:44,840: topic[/rosout] adding connection to [/rosout], count 0
[rospy.internal][INFO] 2016-06-08 13:34:50,045: topic[/clock] adding connection to [http://cmeintel-desktop:38557/], count 0
[rospy.core][INFO] 2016-06-08 13:37:45,448: signal_shutdown [signal-2]
[rospy.internal][INFO] 2016-06-08 13:37:45,457: topic[/rosout] removing connection to /rosout
[rospy.internal][INFO] 2016-06-08 13:37:45,458: topic[/clock] removing connection to http://cmeintel-desktop:38557/
[rospy.impl.masterslave][INFO] 2016-06-08 13:37:45,458: signal-2
[rospy.core][INFO] 2016-06-08 13:37:45,574: signal_shutdown [atexit]
