[rospy.client][INFO] 2016-06-08 13:34:48,399: init_node, name[/world_tf_publisher], pid[5059]
[xmlrpc][INFO] 2016-06-08 13:34:48,399: XML-RPC server binding to 0.0.0.0:0
[xmlrpc][INFO] 2016-06-08 13:34:48,400: Started XML-RPC server [http://cmeintel-desktop:40583/]
[rospy.init][INFO] 2016-06-08 13:34:48,400: ROS Slave URI: [http://cmeintel-desktop:40583/]
[rospy.impl.masterslave][INFO] 2016-06-08 13:34:48,400: _ready: http://cmeintel-desktop:40583/
[rospy.registration][INFO] 2016-06-08 13:34:48,400: Registering with master node http://localhost:11311
[xmlrpc][INFO] 2016-06-08 13:34:48,400: xml rpc node: starting XML-RPC server
[rospy.init][INFO] 2016-06-08 13:34:48,500: registered with master
[rospy.rosout][INFO] 2016-06-08 13:34:48,500: initializing /rosout core topic
[rospy.rosout][INFO] 2016-06-08 13:34:48,502: connected to core topic /rosout
[rospy.simtime][INFO] 2016-06-08 13:34:48,503: initializing /clock core topic
[rospy.simtime][INFO] 2016-06-08 13:34:48,505: connected to core topic /clock
[rospy.internal][INFO] 2016-06-08 13:34:48,719: topic[/tf] adding connection to [/scan_unifier], count 0
[rospy.internal][INFO] 2016-06-08 13:34:48,719: topic[/tf] adding connection to [/arm_left/interactive_target], count 1
[rospy.internal][INFO] 2016-06-08 13:34:48,719: topic[/tf] adding connection to [/torso/interactive_target], count 2
[rospy.internal][INFO] 2016-06-08 13:34:48,720: topic[/tf] adding connection to [/arm_left/frame_tracker], count 3
[rospy.internal][INFO] 2016-06-08 13:34:48,720: topic[/tf] adding connection to [/torso/frame_tracker], count 4
[rospy.internal][INFO] 2016-06-08 13:34:48,721: topic[/tf] adding connection to [/arm_right/twist_controller], count 5
[rospy.internal][INFO] 2016-06-08 13:34:48,721: topic[/tf] adding connection to [/arm_right/frame_tracker], count 6
[rospy.internal][INFO] 2016-06-08 13:34:48,722: topic[/tf] adding connection to [/arm_left/twist_controller], count 7
[rospy.internal][INFO] 2016-06-08 13:34:48,722: topic[/tf] adding connection to [/torso/twist_controller], count 8
[rospy.internal][INFO] 2016-06-08 13:34:48,723: topic[/tf] adding connection to [/torso/obstacle_distance], count 9
[rospy.internal][INFO] 2016-06-08 13:34:48,723: topic[/tf] adding connection to [/arm_left/obstacle_distance], count 10
[rospy.internal][INFO] 2016-06-08 13:34:48,723: topic[/tf] adding connection to [/arm_right/obstacle_distance], count 11
[rospy.internal][INFO] 2016-06-08 13:34:48,724: topic[/tf] adding connection to [/arm_right/interactive_target], count 12
[rospy.internal][INFO] 2016-06-08 13:34:48,724: topic[/rosout] adding connection to [/rosout], count 0
[rospy.internal][INFO] 2016-06-08 13:34:49,232: topic[/tf] adding connection to [/image_flip_torso_cam3d_left/image_flip_torso_cam3d_left], count 13
[rospy.internal][INFO] 2016-06-08 13:34:49,233: topic[/tf] adding connection to [/image_flip_torso_cam3d_right/image_flip_torso_cam3d_right], count 14
[rospy.internal][INFO] 2016-06-08 13:34:49,236: topic[/tf] adding connection to [/image_flip_sensorring_cam3d/image_flip_sensorring_cam3d], count 15
[rospy.internal][INFO] 2016-06-08 13:34:51,078: topic[/clock] adding connection to [http://cmeintel-desktop:38557/], count 0
[rospy.core][INFO] 2016-06-08 13:37:45,754: signal_shutdown [signal-2]
[rospy.internal][INFO] 2016-06-08 13:37:45,757: topic[/rosout] removing connection to /rosout
[rospy.internal][INFO] 2016-06-08 13:37:45,758: topic[/tf] removing connection to /scan_unifier
[rospy.internal][INFO] 2016-06-08 13:37:45,758: topic[/tf] removing connection to /arm_left/interactive_target
[rospy.internal][INFO] 2016-06-08 13:37:45,758: topic[/tf] removing connection to /torso/interactive_target
[rospy.internal][INFO] 2016-06-08 13:37:45,758: topic[/tf] removing connection to /arm_left/frame_tracker
[rospy.internal][INFO] 2016-06-08 13:37:45,758: topic[/tf] removing connection to /torso/frame_tracker
[rospy.internal][INFO] 2016-06-08 13:37:45,758: topic[/tf] removing connection to /arm_right/twist_controller
[rospy.internal][INFO] 2016-06-08 13:37:45,759: topic[/tf] removing connection to /arm_right/frame_tracker
[rospy.internal][INFO] 2016-06-08 13:37:45,759: topic[/tf] removing connection to /arm_left/twist_controller
[rospy.internal][INFO] 2016-06-08 13:37:45,759: topic[/tf] removing connection to /torso/twist_controller
[rospy.internal][INFO] 2016-06-08 13:37:45,760: topic[/tf] removing connection to /torso/obstacle_distance
[rospy.internal][INFO] 2016-06-08 13:37:45,760: topic[/tf] removing connection to /arm_left/obstacle_distance
[rospy.internal][INFO] 2016-06-08 13:37:45,761: topic[/tf] removing connection to /arm_right/obstacle_distance
[rospy.internal][INFO] 2016-06-08 13:37:45,761: topic[/tf] removing connection to /arm_right/interactive_target
[rospy.internal][INFO] 2016-06-08 13:37:45,761: topic[/tf] removing connection to /image_flip_torso_cam3d_left/image_flip_torso_cam3d_left
[rospy.internal][INFO] 2016-06-08 13:37:45,761: topic[/tf] removing connection to /image_flip_torso_cam3d_right/image_flip_torso_cam3d_right
[rospy.internal][INFO] 2016-06-08 13:37:45,761: topic[/tf] removing connection to /image_flip_sensorring_cam3d/image_flip_sensorring_cam3d
[rospy.internal][INFO] 2016-06-08 13:37:45,762: topic[/clock] removing connection to http://cmeintel-desktop:38557/
[rospy.impl.masterslave][INFO] 2016-06-08 13:37:45,762: signal-2
[rospy.core][INFO] 2016-06-08 13:37:46,247: signal_shutdown [atexit]
