[rospy.client][INFO] 2016-06-08 21:02:18,188: init_node, name[/abc], pid[3930]
[xmlrpc][INFO] 2016-06-08 21:02:18,189: XML-RPC server binding to 0.0.0.0:0
[xmlrpc][INFO] 2016-06-08 21:02:18,189: Started XML-RPC server [http://cmeintel-desktop:43559/]
[rospy.init][INFO] 2016-06-08 21:02:18,189: ROS Slave URI: [http://cmeintel-desktop:43559/]
[rospy.impl.masterslave][INFO] 2016-06-08 21:02:18,189: _ready: http://cmeintel-desktop:43559/
[xmlrpc][INFO] 2016-06-08 21:02:18,189: xml rpc node: starting XML-RPC server
[rospy.registration][INFO] 2016-06-08 21:02:18,189: Registering with master node http://localhost:11311
[rospy.registration][INFO] 2016-06-08 21:02:18,190: Registering publisher topic [/script_server/state] type [cob_script_server/ScriptState] with master
[rospy.init][INFO] 2016-06-08 21:02:18,289: registered with master
[rospy.rosout][INFO] 2016-06-08 21:02:18,290: initializing /rosout core topic
[rospy.rosout][INFO] 2016-06-08 21:02:18,292: connected to core topic /rosout
[rospy.simtime][INFO] 2016-06-08 21:02:18,294: initializing /clock core topic
[rospy.simtime][INFO] 2016-06-08 21:02:18,297: connected to core topic /clock
[rospy.internal][INFO] 2016-06-08 21:02:18,306: topic[/clock] adding connection to [http://cmeintel-desktop:36211/], count 0
[rospy.internal][INFO] 2016-06-08 21:02:18,495: topic[/rosout] adding connection to [/rosout], count 0
[rosout][INFO] 2016-06-08 21:02:27,365: Move <<arm_left>> to <<side>>
[rospy.internal][INFO] 2016-06-08 21:02:27,372: topic[/arm_left/joint_trajectory_controller/state] adding connection to [http://cmeintel-desktop:36211/], count 0
[rospy.internal][INFO] 2016-06-08 21:02:27,461: topic impl's ref count is zero, deleting topic /arm_left/joint_trajectory_controller/state...
[rospy.internal][INFO] 2016-06-08 21:02:27,461: topic[/arm_left/joint_trajectory_controller/state] removing connection to http://cmeintel-desktop:36211/
[rospy.internal][INFO] 2016-06-08 21:02:27,486: topic[/arm_left/joint_trajectory_controller/follow_joint_trajectory/feedback] adding connection to [http://cmeintel-desktop:36211/], count 0
[rospy.internal][INFO] 2016-06-08 21:02:27,487: topic[/arm_left/joint_trajectory_controller/follow_joint_trajectory/result] adding connection to [http://cmeintel-desktop:36211/], count 0
[rospy.internal][INFO] 2016-06-08 21:02:27,487: topic[/arm_left/joint_trajectory_controller/follow_joint_trajectory/status] adding connection to [http://cmeintel-desktop:36211/], count 0
[rospy.internal][INFO] 2016-06-08 21:02:27,719: topic[/arm_left/joint_trajectory_controller/follow_joint_trajectory/cancel] adding connection to [/gazebo], count 0
[rospy.internal][INFO] 2016-06-08 21:02:27,719: topic[/arm_left/joint_trajectory_controller/follow_joint_trajectory/goal] adding connection to [/gazebo], count 0
[rosout][INFO] 2016-06-08 21:02:27,723: Wait for <<arm_left>> reaching <<side>>...
[rosout][INFO] 2016-06-08 21:02:27,955: ...<<arm_left>> reached <<side>>
[rosout][INFO] 2016-06-08 21:03:00,940: Move <<arm_left>> to <<[1.0, 0.0, 0.0, 0.0, 0.0, 0.0, 0.0]>>
[rosout][ERROR] 2016-06-08 21:03:00,943: no valid parameter for arm_left: not a list of lists or strings, aborting...
[rospy.core][INFO] 2016-06-08 21:03:11,860: signal_shutdown [signal-2]
[rospy.internal][INFO] 2016-06-08 21:03:11,866: topic[/arm_left/joint_trajectory_controller/follow_joint_trajectory/goal] removing connection to /gazebo
[rospy.internal][INFO] 2016-06-08 21:03:11,866: topic[/rosout] removing connection to /rosout
[rospy.internal][INFO] 2016-06-08 21:03:11,866: topic[/arm_left/joint_trajectory_controller/follow_joint_trajectory/cancel] removing connection to /gazebo
[rospy.internal][INFO] 2016-06-08 21:03:11,866: topic[/clock] removing connection to http://cmeintel-desktop:36211/
[rospy.internal][INFO] 2016-06-08 21:03:11,867: topic[/arm_left/joint_trajectory_controller/follow_joint_trajectory/result] removing connection to http://cmeintel-desktop:36211/
[rospy.internal][INFO] 2016-06-08 21:03:11,867: topic[/arm_left/joint_trajectory_controller/follow_joint_trajectory/status] removing connection to http://cmeintel-desktop:36211/
[rospy.internal][INFO] 2016-06-08 21:03:11,867: topic[/arm_left/joint_trajectory_controller/follow_joint_trajectory/feedback] removing connection to http://cmeintel-desktop:36211/
[rospy.impl.masterslave][INFO] 2016-06-08 21:03:11,867: signal-2
[rospy.internal][WARNING] 2016-06-08 21:03:11,870: Unknown error initiating TCP/IP socket to cmeintel-desktop:53539 (http://cmeintel-desktop:36211/): Traceback (most recent call last):
  File "/opt/ros/indigo/lib/python2.7/dist-packages/rospy/impl/tcpros_base.py", line 558, in connect
    self.local_endpoint = self.socket.getsockname()
AttributeError: 'NoneType' object has no attribute 'getsockname'

[rosout][INFO] 2016-06-08 21:03:20,355: Move <<arm_left>> to <<[[1.0, 0.0, 0.0, 0.0, 0.0, 0.0, 0.0]]>>
[rosout][WARNING] 2016-06-08 21:03:20,358: no joint states received from arm_left within timeout of 3.0sec. using default point time of 8sec.
[rosout][ERROR] 2016-06-08 21:03:20,368: ActionServer /arm_left/joint_trajectory_controller/follow_joint_trajectory not ready within timeout, aborting...
[rosout][INFO] 2016-06-08 21:03:46,159: Move <<arm_left>> to <<[[1.0, 0.0, 0.0, 0.0, 0.0, 0.0, 0.0]]>>
[rosout][WARNING] 2016-06-08 21:03:46,162: no joint states received from arm_left within timeout of 3.0sec. using default point time of 8sec.
[rosout][ERROR] 2016-06-08 21:03:46,167: ActionServer /arm_left/joint_trajectory_controller/follow_joint_trajectory not ready within timeout, aborting...
[rosout][INFO] 2016-06-08 21:03:59,396: Move <<arm_left>> to <<side>>
[rosout][WARNING] 2016-06-08 21:03:59,399: no joint states received from arm_left within timeout of 3.0sec. using default point time of 8sec.
[rosout][ERROR] 2016-06-08 21:03:59,403: ActionServer /arm_left/joint_trajectory_controller/follow_joint_trajectory not ready within timeout, aborting...
[rosout][INFO] 2016-06-08 21:04:13,282: Move <<arm_left>> to <<[[1.0, 0.0, 0.0, 0.0, 0.0, 0.0, 0.0]]>>
[rosout][WARNING] 2016-06-08 21:04:13,285: no joint states received from arm_left within timeout of 3.0sec. using default point time of 8sec.
[rosout][ERROR] 2016-06-08 21:04:13,289: ActionServer /arm_left/joint_trajectory_controller/follow_joint_trajectory not ready within timeout, aborting...
[rospy.core][INFO] 2016-06-08 21:04:41,502: signal_shutdown [atexit]
