[rospy.client][INFO] 2016-06-09 12:22:36,515: init_node, name[/rostopic_11102_1465467756473], pid[11102]
[xmlrpc][INFO] 2016-06-09 12:22:36,516: XML-RPC server binding to 0.0.0.0:0
[xmlrpc][INFO] 2016-06-09 12:22:36,516: Started XML-RPC server [http://cmeintel-desktop:42126/]
[rospy.init][INFO] 2016-06-09 12:22:36,516: ROS Slave URI: [http://cmeintel-desktop:42126/]
[rospy.impl.masterslave][INFO] 2016-06-09 12:22:36,516: _ready: http://cmeintel-desktop:42126/
[rospy.registration][INFO] 2016-06-09 12:22:36,517: Registering with master node http://localhost:11311
[xmlrpc][INFO] 2016-06-09 12:22:36,517: xml rpc node: starting XML-RPC server
[rospy.init][INFO] 2016-06-09 12:22:36,616: registered with master
[rospy.rosout][INFO] 2016-06-09 12:22:36,617: initializing /rosout core topic
[rospy.rosout][INFO] 2016-06-09 12:22:36,618: connected to core topic /rosout
[rospy.simtime][INFO] 2016-06-09 12:22:36,619: initializing /clock core topic
[rospy.simtime][INFO] 2016-06-09 12:22:36,621: connected to core topic /clock
[rospy.internal][INFO] 2016-06-09 12:22:36,645: topic[/clock] adding connection to [http://cmeintel-desktop:38681/], count 0
[rospy.internal][INFO] 2016-06-09 12:22:36,653: topic[/arm_right/joint_states] adding connection to [http://cmeintel-desktop:38681/], count 0
[rospy.internal][INFO] 2016-06-09 12:22:36,826: topic[/rosout] adding connection to [/rosout], count 0
[rospy.core][INFO] 2016-06-09 12:24:40,896: signal_shutdown [signal-2]
[rospy.internal][INFO] 2016-06-09 12:24:40,900: topic[/rosout] removing connection to /rosout
[rospy.internal][INFO] 2016-06-09 12:24:40,900: topic[/clock] removing connection to http://cmeintel-desktop:38681/
[rospy.internal][INFO] 2016-06-09 12:24:40,900: topic[/arm_right/joint_states] removing connection to http://cmeintel-desktop:38681/
[rospy.impl.masterslave][INFO] 2016-06-09 12:24:40,900: signal-2
[rospy.internal][ERROR] 2016-06-09 12:24:40,900: Traceback (most recent call last):
  File "/opt/ros/indigo/lib/python2.7/dist-packages/rospy/impl/tcpros_base.py", line 698, in receive_once
    self.stat_bytes += recv_buff(sock, b, p.buff_size)
  File "/opt/ros/indigo/lib/python2.7/dist-packages/rospy/impl/tcpros_base.py", line 103, in recv_buff
    d = sock.recv(buff_size)
error: [Errno 104] Connection reset by peer

[rospy.core][INFO] 2016-06-09 12:24:41,018: signal_shutdown [atexit]
