[rospy.client][INFO] 2016-06-09 12:28:11,859: init_node, name[/rostopic_11797_1465468091815], pid[11797]
[xmlrpc][INFO] 2016-06-09 12:28:11,859: XML-RPC server binding to 0.0.0.0:0
[xmlrpc][INFO] 2016-06-09 12:28:11,860: Started XML-RPC server [http://cmeintel-desktop:41463/]
[rospy.impl.masterslave][INFO] 2016-06-09 12:28:11,860: _ready: http://cmeintel-desktop:41463/
[rospy.init][INFO] 2016-06-09 12:28:11,860: ROS Slave URI: [http://cmeintel-desktop:41463/]
[rospy.registration][INFO] 2016-06-09 12:28:11,860: Registering with master node http://localhost:11311
[xmlrpc][INFO] 2016-06-09 12:28:11,860: xml rpc node: starting XML-RPC server
[rospy.init][INFO] 2016-06-09 12:28:11,960: registered with master
[rospy.rosout][INFO] 2016-06-09 12:28:11,961: initializing /rosout core topic
[rospy.rosout][INFO] 2016-06-09 12:28:11,963: connected to core topic /rosout
[rospy.simtime][INFO] 2016-06-09 12:28:11,964: initializing /clock core topic
[rospy.simtime][INFO] 2016-06-09 12:28:11,970: connected to core topic /clock
[rospy.internal][INFO] 2016-06-09 12:28:11,976: topic[/clock] adding connection to [http://cmeintel-desktop:38681/], count 0
[rospy.internal][INFO] 2016-06-09 12:28:12,013: topic[/arm_left/joint_states] adding connection to [http://cmeintel-desktop:38681/], count 0
[rospy.internal][INFO] 2016-06-09 12:28:12,204: topic[/rosout] adding connection to [/rosout], count 0
[rospy.core][INFO] 2016-06-09 12:28:57,034: signal_shutdown [signal-2]
[rospy.internal][INFO] 2016-06-09 12:28:57,037: topic[/rosout] removing connection to /rosout
[rospy.internal][INFO] 2016-06-09 12:28:57,037: topic[/clock] removing connection to http://cmeintel-desktop:38681/
[rospy.internal][INFO] 2016-06-09 12:28:57,037: topic[/arm_left/joint_states] removing connection to http://cmeintel-desktop:38681/
[rospy.impl.masterslave][INFO] 2016-06-09 12:28:57,038: signal-2
[rospy.core][INFO] 2016-06-09 12:28:57,139: signal_shutdown [atexit]
