[rospy.client][INFO] 2016-06-09 13:05:53,167: init_node, name[/rostopic_17020_1465470353126], pid[17020]
[xmlrpc][INFO] 2016-06-09 13:05:53,168: XML-RPC server binding to 0.0.0.0:0
[xmlrpc][INFO] 2016-06-09 13:05:53,168: Started XML-RPC server [http://cmeintel-desktop:37941/]
[rospy.impl.masterslave][INFO] 2016-06-09 13:05:53,168: _ready: http://cmeintel-desktop:37941/
[rospy.init][INFO] 2016-06-09 13:05:53,168: ROS Slave URI: [http://cmeintel-desktop:37941/]
[rospy.registration][INFO] 2016-06-09 13:05:53,168: Registering with master node http://localhost:11311
[xmlrpc][INFO] 2016-06-09 13:05:53,168: xml rpc node: starting XML-RPC server
[rospy.init][INFO] 2016-06-09 13:05:53,268: registered with master
[rospy.rosout][INFO] 2016-06-09 13:05:53,269: initializing /rosout core topic
[rospy.rosout][INFO] 2016-06-09 13:05:53,271: connected to core topic /rosout
[rospy.simtime][INFO] 2016-06-09 13:05:53,272: initializing /clock core topic
[rospy.simtime][INFO] 2016-06-09 13:05:53,274: connected to core topic /clock
[rospy.internal][INFO] 2016-06-09 13:05:53,301: topic[/clock] adding connection to [http://cmeintel-desktop:38681/], count 0
[rospy.internal][INFO] 2016-06-09 13:05:53,312: topic[/gripper_right/joint_states] adding connection to [http://cmeintel-desktop:38681/], count 0
[rospy.internal][INFO] 2016-06-09 13:05:53,512: topic[/rosout] adding connection to [/rosout], count 0
[rospy.core][INFO] 2016-06-09 13:06:27,225: signal_shutdown [signal-2]
[rospy.internal][INFO] 2016-06-09 13:06:27,227: topic[/rosout] removing connection to /rosout
[rospy.internal][INFO] 2016-06-09 13:06:27,228: topic[/clock] removing connection to http://cmeintel-desktop:38681/
[rospy.topics][ERROR] 2016-06-09 13:06:27,228: Traceback (most recent call last):
  File "/opt/ros/indigo/lib/python2.7/dist-packages/rospy/topics.py", line 307, in close
    c.close()
  File "/opt/ros/indigo/lib/python2.7/dist-packages/rospy/impl/tcpros_base.py", line 807, in close
    self.socket.close()
AttributeError: 'NoneType' object has no attribute 'close'

[rospy.internal][INFO] 2016-06-09 13:06:27,228: topic[/gripper_right/joint_states] removing connection to http://cmeintel-desktop:38681/
[rospy.impl.masterslave][INFO] 2016-06-09 13:06:27,228: signal-2
[rospy.internal][WARNING] 2016-06-09 13:06:27,229: Unknown error initiating TCP/IP socket to cmeintel-desktop:40458 (http://cmeintel-desktop:38681/): Traceback (most recent call last):
  File "/opt/ros/indigo/lib/python2.7/dist-packages/rospy/impl/tcpros_base.py", line 557, in connect
    self.read_header()
  File "/opt/ros/indigo/lib/python2.7/dist-packages/rospy/impl/tcpros_base.py", line 619, in read_header
    self._validate_header(read_ros_handshake_header(sock, self.read_buff, self.protocol.buff_size))
AttributeError: 'NoneType' object has no attribute 'buff_size'

[rospy.core][INFO] 2016-06-09 13:06:27,332: signal_shutdown [atexit]
