[rospy.client][INFO] 2016-06-09 15:28:34,190: init_node, name[/spawn_model], pid[13183]
[xmlrpc][INFO] 2016-06-09 15:28:34,190: XML-RPC server binding to 0.0.0.0:0
[xmlrpc][INFO] 2016-06-09 15:28:34,190: Started XML-RPC server [http://cmeintel-desktop:35583/]
[rospy.impl.masterslave][INFO] 2016-06-09 15:28:34,191: _ready: http://cmeintel-desktop:35583/
[rospy.init][INFO] 2016-06-09 15:28:34,191: ROS Slave URI: [http://cmeintel-desktop:35583/]
[rospy.registration][INFO] 2016-06-09 15:28:34,191: Registering with master node http://localhost:11311
[xmlrpc][INFO] 2016-06-09 15:28:34,191: xml rpc node: starting XML-RPC server
[rospy.init][INFO] 2016-06-09 15:28:34,291: registered with master
[rospy.rosout][INFO] 2016-06-09 15:28:34,291: initializing /rosout core topic
[rospy.rosout][INFO] 2016-06-09 15:28:34,293: connected to core topic /rosout
[rospy.simtime][INFO] 2016-06-09 15:28:34,294: /use_sim_time is not set, will not subscribe to simulated time [/clock] topic
[rosout][INFO] 2016-06-09 15:28:34,299: Loading model xml from file
[rosout][INFO] 2016-06-09 15:28:34,299: Waiting for service /gazebo/spawn_sdf_model
[rosout][INFO] 2016-06-09 15:28:34,302: Calling service /gazebo/spawn_sdf_model
[rospy.internal][INFO] 2016-06-09 15:28:34,515: topic[/rosout] adding connection to [/rosout], count 0
[rospy.core][INFO] 2016-06-09 15:28:53,939: signal_shutdown [signal-2]
[rospy.internal][INFO] 2016-06-09 15:28:53,941: topic[/rosout] removing connection to /rosout
[rospy.impl.masterslave][INFO] 2016-06-09 15:28:53,941: signal-2
[rospy.internal][ERROR] 2016-06-09 15:28:54,074: Traceback (most recent call last):
  File "/opt/ros/indigo/lib/python2.7/dist-packages/rospy/impl/tcpros_base.py", line 698, in receive_once
    self.stat_bytes += recv_buff(sock, b, p.buff_size)
  File "/opt/ros/indigo/lib/python2.7/dist-packages/rospy/impl/tcpros_base.py", line 103, in recv_buff
    d = sock.recv(buff_size)
error: [Errno 4] Interrupted system call

[rospy.core][INFO] 2016-06-09 15:28:54,103: signal_shutdown [atexit]
[rospy.client][INFO] 2016-06-09 15:29:04,163: init_node, name[/spawn_model], pid[13206]
[xmlrpc][INFO] 2016-06-09 15:29:04,163: XML-RPC server binding to 0.0.0.0:0
[xmlrpc][INFO] 2016-06-09 15:29:04,163: Started XML-RPC server [http://cmeintel-desktop:34981/]
[rospy.init][INFO] 2016-06-09 15:29:04,164: ROS Slave URI: [http://cmeintel-desktop:34981/]
[rospy.impl.masterslave][INFO] 2016-06-09 15:29:04,164: _ready: http://cmeintel-desktop:34981/
[rospy.registration][INFO] 2016-06-09 15:29:04,164: Registering with master node http://localhost:11311
[xmlrpc][INFO] 2016-06-09 15:29:04,164: xml rpc node: starting XML-RPC server
[rospy.init][INFO] 2016-06-09 15:29:04,264: registered with master
[rospy.rosout][INFO] 2016-06-09 15:29:04,264: initializing /rosout core topic
[rospy.rosout][INFO] 2016-06-09 15:29:04,266: connected to core topic /rosout
[rospy.simtime][INFO] 2016-06-09 15:29:04,267: /use_sim_time is not set, will not subscribe to simulated time [/clock] topic
[rosout][INFO] 2016-06-09 15:29:04,269: Loading model xml from file
[rosout][INFO] 2016-06-09 15:29:04,269: Waiting for service /gazebo/spawn_sdf_model
[rosout][INFO] 2016-06-09 15:29:04,270: Calling service /gazebo/spawn_sdf_model
[rospy.internal][INFO] 2016-06-09 15:29:04,479: topic[/rosout] adding connection to [/rosout], count 0
[rosout][INFO] 2016-06-09 15:29:27,064: Spawn status: SpawnModel: Model pushed to spawn queue, but spawn service timed out waiting for model to appear in simulation under the name ragdoll
[rospy.core][INFO] 2016-06-09 15:29:27,065: signal_shutdown [atexit]
[rospy.internal][INFO] 2016-06-09 15:29:27,069: topic[/rosout] removing connection to /rosout
[rospy.impl.masterslave][INFO] 2016-06-09 15:29:27,069: atexit
[rospy.client][INFO] 2016-06-09 15:30:09,290: init_node, name[/spawn_model], pid[14378]
[xmlrpc][INFO] 2016-06-09 15:30:09,290: XML-RPC server binding to 0.0.0.0:0
[xmlrpc][INFO] 2016-06-09 15:30:09,291: Started XML-RPC server [http://cmeintel-desktop:35239/]
[rospy.init][INFO] 2016-06-09 15:30:09,291: ROS Slave URI: [http://cmeintel-desktop:35239/]
[rospy.impl.masterslave][INFO] 2016-06-09 15:30:09,291: _ready: http://cmeintel-desktop:35239/
[rospy.registration][INFO] 2016-06-09 15:30:09,292: Registering with master node http://localhost:11311
[xmlrpc][INFO] 2016-06-09 15:30:09,292: xml rpc node: starting XML-RPC server
[rospy.init][INFO] 2016-06-09 15:30:09,391: registered with master
[rospy.rosout][INFO] 2016-06-09 15:30:09,391: initializing /rosout core topic
[rospy.rosout][INFO] 2016-06-09 15:30:09,394: connected to core topic /rosout
[rospy.simtime][INFO] 2016-06-09 15:30:09,395: initializing /clock core topic
[rospy.simtime][INFO] 2016-06-09 15:30:09,397: connected to core topic /clock
[rosout][INFO] 2016-06-09 15:30:09,400: Loading model xml from file
[rosout][INFO] 2016-06-09 15:30:09,401: Waiting for service /gazebo/spawn_sdf_model
[rosout][INFO] 2016-06-09 15:30:09,402: Calling service /gazebo/spawn_sdf_model
[rospy.internal][INFO] 2016-06-09 15:30:09,406: topic[/clock] adding connection to [http://cmeintel-desktop:35777/], count 0
[rospy.internal][INFO] 2016-06-09 15:30:09,661: topic[/rosout] adding connection to [/rosout], count 0
[rosout][INFO] 2016-06-09 15:30:19,543: Spawn status: SpawnModel: Model pushed to spawn queue, but spawn service timed out waiting for model to appear in simulation under the name ragdoll
[rospy.core][INFO] 2016-06-09 15:30:19,544: signal_shutdown [atexit]
[rospy.internal][INFO] 2016-06-09 15:30:19,547: topic[/rosout] removing connection to /rosout
[rospy.internal][INFO] 2016-06-09 15:30:19,547: topic[/clock] removing connection to http://cmeintel-desktop:35777/
[rospy.impl.masterslave][INFO] 2016-06-09 15:30:19,547: atexit
[rospy.client][INFO] 2016-06-09 15:30:41,882: init_node, name[/spawn_model], pid[14541]
[xmlrpc][INFO] 2016-06-09 15:30:41,882: XML-RPC server binding to 0.0.0.0:0
[xmlrpc][INFO] 2016-06-09 15:30:41,882: Started XML-RPC server [http://cmeintel-desktop:35512/]
[rospy.init][INFO] 2016-06-09 15:30:41,882: ROS Slave URI: [http://cmeintel-desktop:35512/]
[rospy.impl.masterslave][INFO] 2016-06-09 15:30:41,882: _ready: http://cmeintel-desktop:35512/
[rospy.registration][INFO] 2016-06-09 15:30:41,883: Registering with master node http://localhost:11311
[xmlrpc][INFO] 2016-06-09 15:30:41,883: xml rpc node: starting XML-RPC server
[rospy.init][INFO] 2016-06-09 15:30:41,983: registered with master
[rospy.rosout][INFO] 2016-06-09 15:30:41,983: initializing /rosout core topic
[rospy.rosout][INFO] 2016-06-09 15:30:41,985: connected to core topic /rosout
[rospy.simtime][INFO] 2016-06-09 15:30:41,986: initializing /clock core topic
[rospy.simtime][INFO] 2016-06-09 15:30:41,989: connected to core topic /clock
[rosout][INFO] 2016-06-09 15:30:41,992: Loading model xml from file
[rosout][INFO] 2016-06-09 15:30:41,992: Waiting for service /gazebo/spawn_sdf_model
[rosout][INFO] 2016-06-09 15:30:41,993: Calling service /gazebo/spawn_sdf_model
[rospy.internal][INFO] 2016-06-09 15:30:42,002: topic[/clock] adding connection to [http://cmeintel-desktop:35777/], count 0
[rospy.internal][INFO] 2016-06-09 15:30:42,200: topic[/rosout] adding connection to [/rosout], count 0
[rosout][INFO] 2016-06-09 15:30:52,125: Spawn status: SpawnModel: Model pushed to spawn queue, but spawn service timed out waiting for model to appear in simulation under the name ragdoll
[rospy.core][INFO] 2016-06-09 15:30:52,126: signal_shutdown [atexit]
[rospy.internal][INFO] 2016-06-09 15:30:52,129: topic[/rosout] removing connection to /rosout
[rospy.internal][INFO] 2016-06-09 15:30:52,130: topic[/clock] removing connection to http://cmeintel-desktop:35777/
[rospy.impl.masterslave][INFO] 2016-06-09 15:30:52,130: atexit
[rospy.internal][ERROR] 2016-06-09 15:30:52,130: Traceback (most recent call last):
  File "/opt/ros/indigo/lib/python2.7/dist-packages/rospy/impl/tcpros_base.py", line 698, in receive_once
    self.stat_bytes += recv_buff(sock, b, p.buff_size)
  File "/opt/ros/indigo/lib/python2.7/dist-packages/rospy/impl/tcpros_base.py", line 103, in recv_buff
    d = sock.recv(buff_size)
error: [Errno 104] Connection reset by peer

[rospy.client][INFO] 2016-06-09 15:32:30,881: init_node, name[/spawn_model], pid[15133]
[xmlrpc][INFO] 2016-06-09 15:32:30,881: XML-RPC server binding to 0.0.0.0:0
[xmlrpc][INFO] 2016-06-09 15:32:30,881: Started XML-RPC server [http://cmeintel-desktop:42943/]
[rospy.init][INFO] 2016-06-09 15:32:30,881: ROS Slave URI: [http://cmeintel-desktop:42943/]
[rospy.impl.masterslave][INFO] 2016-06-09 15:32:30,881: _ready: http://cmeintel-desktop:42943/
[xmlrpc][INFO] 2016-06-09 15:32:30,882: xml rpc node: starting XML-RPC server
[rospy.registration][INFO] 2016-06-09 15:32:30,882: Registering with master node http://localhost:11311
[rospy.init][INFO] 2016-06-09 15:32:30,981: registered with master
[rospy.rosout][INFO] 2016-06-09 15:32:30,982: initializing /rosout core topic
[rospy.rosout][INFO] 2016-06-09 15:32:30,984: connected to core topic /rosout
[rospy.simtime][INFO] 2016-06-09 15:32:30,985: initializing /clock core topic
[rospy.simtime][INFO] 2016-06-09 15:32:30,987: connected to core topic /clock
[rosout][INFO] 2016-06-09 15:32:30,990: Loading model xml from file
[rosout][INFO] 2016-06-09 15:32:30,990: Waiting for service /gazebo/spawn_sdf_model
[rosout][INFO] 2016-06-09 15:32:30,991: Calling service /gazebo/spawn_sdf_model
[rospy.internal][INFO] 2016-06-09 15:32:30,996: topic[/clock] adding connection to [http://cmeintel-desktop:37211/], count 0
[rospy.internal][INFO] 2016-06-09 15:32:31,284: topic[/rosout] adding connection to [/rosout], count 0
[rosout][INFO] 2016-06-09 15:32:41,134: Spawn status: SpawnModel: Model pushed to spawn queue, but spawn service timed out waiting for model to appear in simulation under the name raggy
[rospy.core][INFO] 2016-06-09 15:32:41,135: signal_shutdown [atexit]
[rospy.internal][INFO] 2016-06-09 15:32:41,139: topic[/rosout] removing connection to /rosout
[rospy.internal][INFO] 2016-06-09 15:32:41,139: topic[/clock] removing connection to http://cmeintel-desktop:37211/
[rospy.impl.masterslave][INFO] 2016-06-09 15:32:41,139: atexit
[rospy.client][INFO] 2016-06-09 15:33:12,188: init_node, name[/spawn_model], pid[15277]
[xmlrpc][INFO] 2016-06-09 15:33:12,189: XML-RPC server binding to 0.0.0.0:0
[xmlrpc][INFO] 2016-06-09 15:33:12,189: Started XML-RPC server [http://cmeintel-desktop:38963/]
[rospy.init][INFO] 2016-06-09 15:33:12,189: ROS Slave URI: [http://cmeintel-desktop:38963/]
[rospy.impl.masterslave][INFO] 2016-06-09 15:33:12,189: _ready: http://cmeintel-desktop:38963/
[rospy.registration][INFO] 2016-06-09 15:33:12,190: Registering with master node http://localhost:11311
[xmlrpc][INFO] 2016-06-09 15:33:12,190: xml rpc node: starting XML-RPC server
[rospy.init][INFO] 2016-06-09 15:33:12,289: registered with master
[rospy.rosout][INFO] 2016-06-09 15:33:12,289: initializing /rosout core topic
[rospy.rosout][INFO] 2016-06-09 15:33:12,292: connected to core topic /rosout
[rospy.simtime][INFO] 2016-06-09 15:33:12,293: initializing /clock core topic
[rospy.simtime][INFO] 2016-06-09 15:33:12,294: connected to core topic /clock
[rosout][INFO] 2016-06-09 15:33:12,297: Loading model xml from file
[rosout][INFO] 2016-06-09 15:33:12,297: Waiting for service /gazebo/spawn_sdf_model
[rosout][INFO] 2016-06-09 15:33:12,298: Calling service /gazebo/spawn_sdf_model
[rospy.internal][INFO] 2016-06-09 15:33:12,304: topic[/clock] adding connection to [http://cmeintel-desktop:37211/], count 0
[rosout][INFO] 2016-06-09 15:33:12,460: Spawn status: SpawnModel: Successfully spawned model
[rospy.core][INFO] 2016-06-09 15:33:12,460: signal_shutdown [atexit]
[rospy.internal][INFO] 2016-06-09 15:33:12,462: topic[/clock] removing connection to http://cmeintel-desktop:37211/
[rospy.impl.masterslave][INFO] 2016-06-09 15:33:12,462: atexit
[rospy.client][INFO] 2016-06-09 15:39:41,251: init_node, name[/spawn_model], pid[16708]
[xmlrpc][INFO] 2016-06-09 15:39:41,252: XML-RPC server binding to 0.0.0.0:0
[xmlrpc][INFO] 2016-06-09 15:39:41,252: Started XML-RPC server [http://cmeintel-desktop:42071/]
[rospy.init][INFO] 2016-06-09 15:39:41,252: ROS Slave URI: [http://cmeintel-desktop:42071/]
[rospy.impl.masterslave][INFO] 2016-06-09 15:39:41,252: _ready: http://cmeintel-desktop:42071/
[rospy.registration][INFO] 2016-06-09 15:39:41,253: Registering with master node http://localhost:11311
[xmlrpc][INFO] 2016-06-09 15:39:41,253: xml rpc node: starting XML-RPC server
[rospy.init][INFO] 2016-06-09 15:39:41,353: registered with master
[rospy.rosout][INFO] 2016-06-09 15:39:41,353: initializing /rosout core topic
[rospy.rosout][INFO] 2016-06-09 15:39:41,355: connected to core topic /rosout
[rospy.simtime][INFO] 2016-06-09 15:39:41,356: /use_sim_time is not set, will not subscribe to simulated time [/clock] topic
[rosout][INFO] 2016-06-09 15:39:41,359: Loading model xml from file
[rosout][INFO] 2016-06-09 15:39:41,359: Waiting for service /gazebo/spawn_sdf_model
[rosout][INFO] 2016-06-09 15:39:41,360: Calling service /gazebo/spawn_sdf_model
[rospy.internal][INFO] 2016-06-09 15:39:41,584: topic[/rosout] adding connection to [/rosout], count 0
[rosout][INFO] 2016-06-09 15:39:41,609: Spawn status: SpawnModel: Successfully spawned model
[rospy.core][INFO] 2016-06-09 15:39:41,609: signal_shutdown [atexit]
[rospy.internal][INFO] 2016-06-09 15:39:41,611: topic[/rosout] removing connection to /rosout
[rospy.impl.masterslave][INFO] 2016-06-09 15:39:41,611: atexit
[rospy.client][INFO] 2016-06-09 15:40:38,141: init_node, name[/spawn_model], pid[16897]
[xmlrpc][INFO] 2016-06-09 15:40:38,141: XML-RPC server binding to 0.0.0.0:0
[xmlrpc][INFO] 2016-06-09 15:40:38,142: Started XML-RPC server [http://cmeintel-desktop:34846/]
[rospy.init][INFO] 2016-06-09 15:40:38,142: ROS Slave URI: [http://cmeintel-desktop:34846/]
[rospy.impl.masterslave][INFO] 2016-06-09 15:40:38,142: _ready: http://cmeintel-desktop:34846/
[xmlrpc][INFO] 2016-06-09 15:40:38,142: xml rpc node: starting XML-RPC server
[rospy.registration][INFO] 2016-06-09 15:40:38,143: Registering with master node http://localhost:11311
[rospy.init][INFO] 2016-06-09 15:40:38,242: registered with master
[rospy.rosout][INFO] 2016-06-09 15:40:38,242: initializing /rosout core topic
[rospy.rosout][INFO] 2016-06-09 15:40:38,245: connected to core topic /rosout
[rospy.simtime][INFO] 2016-06-09 15:40:38,246: /use_sim_time is not set, will not subscribe to simulated time [/clock] topic
[rosout][INFO] 2016-06-09 15:40:38,250: Loading model xml from file
[rosout][INFO] 2016-06-09 15:40:38,250: Waiting for service /gazebo/spawn_sdf_model
[rosout][INFO] 2016-06-09 15:40:38,252: Calling service /gazebo/spawn_sdf_model
[rospy.internal][INFO] 2016-06-09 15:40:38,462: topic[/rosout] adding connection to [/rosout], count 0
[rosout][INFO] 2016-06-09 15:40:38,481: Spawn status: SpawnModel: Successfully spawned model
[rospy.core][INFO] 2016-06-09 15:40:38,482: signal_shutdown [atexit]
[rospy.internal][INFO] 2016-06-09 15:40:38,484: topic[/rosout] removing connection to /rosout
[rospy.impl.masterslave][INFO] 2016-06-09 15:40:38,484: atexit
[rospy.client][INFO] 2016-06-09 15:42:48,582: init_node, name[/spawn_model], pid[17244]
[xmlrpc][INFO] 2016-06-09 15:42:48,582: XML-RPC server binding to 0.0.0.0:0
[xmlrpc][INFO] 2016-06-09 15:42:48,582: Started XML-RPC server [http://cmeintel-desktop:33441/]
[rospy.init][INFO] 2016-06-09 15:42:48,582: ROS Slave URI: [http://cmeintel-desktop:33441/]
[rospy.impl.masterslave][INFO] 2016-06-09 15:42:48,582: _ready: http://cmeintel-desktop:33441/
[rospy.registration][INFO] 2016-06-09 15:42:48,583: Registering with master node http://localhost:11311
[xmlrpc][INFO] 2016-06-09 15:42:48,583: xml rpc node: starting XML-RPC server
[rospy.init][INFO] 2016-06-09 15:42:48,683: registered with master
[rospy.rosout][INFO] 2016-06-09 15:42:48,683: initializing /rosout core topic
[rospy.rosout][INFO] 2016-06-09 15:42:48,685: connected to core topic /rosout
[rospy.simtime][INFO] 2016-06-09 15:42:48,687: /use_sim_time is not set, will not subscribe to simulated time [/clock] topic
[rosout][INFO] 2016-06-09 15:42:48,690: Loading model xml from file
[rosout][INFO] 2016-06-09 15:42:48,690: Waiting for service /gazebo/spawn_sdf_model
[rosout][INFO] 2016-06-09 15:42:48,691: Calling service /gazebo/spawn_sdf_model
[rospy.internal][INFO] 2016-06-09 15:42:48,931: topic[/rosout] adding connection to [/rosout], count 0
[rosout][INFO] 2016-06-09 15:42:48,991: Spawn status: SpawnModel: Successfully spawned model
[rospy.core][INFO] 2016-06-09 15:42:48,991: signal_shutdown [atexit]
[rospy.internal][INFO] 2016-06-09 15:42:48,993: topic[/rosout] removing connection to /rosout
[rospy.impl.masterslave][INFO] 2016-06-09 15:42:48,993: atexit
[rospy.client][INFO] 2016-06-09 15:49:12,572: init_node, name[/spawn_model], pid[17695]
[xmlrpc][INFO] 2016-06-09 15:49:12,572: XML-RPC server binding to 0.0.0.0:0
[xmlrpc][INFO] 2016-06-09 15:49:12,572: Started XML-RPC server [http://cmeintel-desktop:45175/]
[rospy.init][INFO] 2016-06-09 15:49:12,573: ROS Slave URI: [http://cmeintel-desktop:45175/]
[rospy.impl.masterslave][INFO] 2016-06-09 15:49:12,573: _ready: http://cmeintel-desktop:45175/
[rospy.registration][INFO] 2016-06-09 15:49:12,573: Registering with master node http://localhost:11311
[xmlrpc][INFO] 2016-06-09 15:49:12,573: xml rpc node: starting XML-RPC server
[rospy.init][INFO] 2016-06-09 15:49:12,673: registered with master
[rospy.rosout][INFO] 2016-06-09 15:49:12,673: initializing /rosout core topic
[rospy.rosout][INFO] 2016-06-09 15:49:12,675: connected to core topic /rosout
[rospy.simtime][INFO] 2016-06-09 15:49:12,676: /use_sim_time is not set, will not subscribe to simulated time [/clock] topic
[rosout][INFO] 2016-06-09 15:49:12,678: Loading model xml from file
[rosout][INFO] 2016-06-09 15:49:12,679: Waiting for service /gazebo/spawn_sdf_model
[rosout][INFO] 2016-06-09 15:49:12,680: Calling service /gazebo/spawn_sdf_model
[rosout][INFO] 2016-06-09 15:49:12,806: Spawn status: SpawnModel: Successfully spawned model
[rospy.core][INFO] 2016-06-09 15:49:12,824: signal_shutdown [atexit]
[rospy.impl.masterslave][INFO] 2016-06-09 15:49:12,826: atexit
[rospy.client][INFO] 2016-06-09 16:00:56,943: init_node, name[/spawn_model], pid[18044]
[xmlrpc][INFO] 2016-06-09 16:00:56,943: XML-RPC server binding to 0.0.0.0:0
[xmlrpc][INFO] 2016-06-09 16:00:56,943: Started XML-RPC server [http://cmeintel-desktop:43783/]
[rospy.init][INFO] 2016-06-09 16:00:56,943: ROS Slave URI: [http://cmeintel-desktop:43783/]
[rospy.impl.masterslave][INFO] 2016-06-09 16:00:56,943: _ready: http://cmeintel-desktop:43783/
[xmlrpc][INFO] 2016-06-09 16:00:56,944: xml rpc node: starting XML-RPC server
[rospy.registration][INFO] 2016-06-09 16:00:56,944: Registering with master node http://localhost:11311
[rospy.init][INFO] 2016-06-09 16:00:57,044: registered with master
[rospy.rosout][INFO] 2016-06-09 16:00:57,044: initializing /rosout core topic
[rospy.rosout][INFO] 2016-06-09 16:00:57,046: connected to core topic /rosout
[rospy.simtime][INFO] 2016-06-09 16:00:57,047: /use_sim_time is not set, will not subscribe to simulated time [/clock] topic
[rospy.core][INFO] 2016-06-09 16:00:57,050: signal_shutdown [atexit]
[rospy.impl.masterslave][INFO] 2016-06-09 16:00:57,052: atexit
[rospy.client][INFO] 2016-06-09 16:01:11,715: init_node, name[/spawn_model], pid[18062]
[xmlrpc][INFO] 2016-06-09 16:01:11,715: XML-RPC server binding to 0.0.0.0:0
[xmlrpc][INFO] 2016-06-09 16:01:11,715: Started XML-RPC server [http://cmeintel-desktop:38650/]
[rospy.init][INFO] 2016-06-09 16:01:11,716: ROS Slave URI: [http://cmeintel-desktop:38650/]
[rospy.impl.masterslave][INFO] 2016-06-09 16:01:11,716: _ready: http://cmeintel-desktop:38650/
[rospy.registration][INFO] 2016-06-09 16:01:11,716: Registering with master node http://localhost:11311
[xmlrpc][INFO] 2016-06-09 16:01:11,716: xml rpc node: starting XML-RPC server
[rospy.init][INFO] 2016-06-09 16:01:11,816: registered with master
[rospy.rosout][INFO] 2016-06-09 16:01:11,816: initializing /rosout core topic
[rospy.rosout][INFO] 2016-06-09 16:01:11,818: connected to core topic /rosout
[rospy.simtime][INFO] 2016-06-09 16:01:11,819: /use_sim_time is not set, will not subscribe to simulated time [/clock] topic
[rosout][INFO] 2016-06-09 16:01:11,821: Loading model xml from file
[rosout][INFO] 2016-06-09 16:01:11,822: Waiting for service /gazebo/spawn_sdf_model
[rosout][INFO] 2016-06-09 16:01:11,823: Calling service /gazebo/spawn_sdf_model
[rosout][INFO] 2016-06-09 16:01:11,995: Spawn status: SpawnModel: Successfully spawned model
[rospy.core][INFO] 2016-06-09 16:01:11,996: signal_shutdown [atexit]
[rospy.impl.masterslave][INFO] 2016-06-09 16:01:11,997: atexit
[rospy.client][INFO] 2016-06-09 16:02:15,159: init_node, name[/spawn_model], pid[18191]
[xmlrpc][INFO] 2016-06-09 16:02:15,159: XML-RPC server binding to 0.0.0.0:0
[xmlrpc][INFO] 2016-06-09 16:02:15,160: Started XML-RPC server [http://cmeintel-desktop:41933/]
[rospy.init][INFO] 2016-06-09 16:02:15,160: ROS Slave URI: [http://cmeintel-desktop:41933/]
[rospy.impl.masterslave][INFO] 2016-06-09 16:02:15,160: _ready: http://cmeintel-desktop:41933/
[rospy.registration][INFO] 2016-06-09 16:02:15,160: Registering with master node http://localhost:11311
[xmlrpc][INFO] 2016-06-09 16:02:15,160: xml rpc node: starting XML-RPC server
[rospy.init][INFO] 2016-06-09 16:02:15,260: registered with master
[rospy.rosout][INFO] 2016-06-09 16:02:15,260: initializing /rosout core topic
[rospy.rosout][INFO] 2016-06-09 16:02:15,263: connected to core topic /rosout
[rospy.simtime][INFO] 2016-06-09 16:02:15,264: /use_sim_time is not set, will not subscribe to simulated time [/clock] topic
[rosout][INFO] 2016-06-09 16:02:15,267: Loading model xml from file
[rosout][INFO] 2016-06-09 16:02:15,267: Waiting for service /gazebo/spawn_sdf_model
[rosout][INFO] 2016-06-09 16:02:15,269: Calling service /gazebo/spawn_sdf_model
[rosout][INFO] 2016-06-09 16:02:15,463: Spawn status: SpawnModel: Successfully spawned model
[rospy.core][INFO] 2016-06-09 16:02:15,463: signal_shutdown [atexit]
[rospy.impl.masterslave][INFO] 2016-06-09 16:02:15,465: atexit
