[rospy.client][INFO] 2016-06-04 16:24:29,005: init_node, name[/arm_left/gazebo_services], pid[18344]
[xmlrpc][INFO] 2016-06-04 16:24:29,005: XML-RPC server binding to 0.0.0.0:0
[rospy.init][INFO] 2016-06-04 16:24:29,019: ROS Slave URI: [http://cmeintel-desktop:32924/]
[xmlrpc][INFO] 2016-06-04 16:24:29,018: Started XML-RPC server [http://cmeintel-desktop:32924/]
[rospy.impl.masterslave][INFO] 2016-06-04 16:24:29,019: _ready: http://cmeintel-desktop:32924/
[xmlrpc][INFO] 2016-06-04 16:24:29,019: xml rpc node: starting XML-RPC server
[rospy.registration][INFO] 2016-06-04 16:24:29,020: Registering with master node http://localhost:11311
[rospy.init][INFO] 2016-06-04 16:24:29,119: registered with master
[rospy.rosout][INFO] 2016-06-04 16:24:29,119: initializing /rosout core topic
[rospy.rosout][INFO] 2016-06-04 16:24:29,134: connected to core topic /rosout
[rospy.simtime][INFO] 2016-06-04 16:24:29,149: initializing /clock core topic
[rospy.simtime][INFO] 2016-06-04 16:24:29,170: connected to core topic /clock
[rosout][INFO] 2016-06-04 16:24:29,222: gazebo_services running
[rospy.internal][INFO] 2016-06-04 16:24:29,275: topic[/rosout] adding connection to [/rosout], count 0
[rospy.internal][INFO] 2016-06-04 16:24:32,350: topic[/clock] adding connection to [http://cmeintel-desktop:35019/], count 0
[rospy.core][INFO] 2016-06-04 16:28:01,246: signal_shutdown [signal-2]
[rospy.internal][INFO] 2016-06-04 16:28:01,252: topic[/rosout] removing connection to /rosout
[rospy.internal][INFO] 2016-06-04 16:28:01,253: topic[/clock] removing connection to http://cmeintel-desktop:35019/
[rospy.impl.masterslave][INFO] 2016-06-04 16:28:01,253: signal-2
[rospy.core][INFO] 2016-06-04 16:28:01,394: signal_shutdown [atexit]
