[rospy.client][INFO] 2016-06-04 16:24:29,175: init_node, name[/arm_right/gazebo_services], pid[18401]
[xmlrpc][INFO] 2016-06-04 16:24:29,177: XML-RPC server binding to 0.0.0.0:0
[rospy.init][INFO] 2016-06-04 16:24:29,177: ROS Slave URI: [http://cmeintel-desktop:35627/]
[xmlrpc][INFO] 2016-06-04 16:24:29,177: Started XML-RPC server [http://cmeintel-desktop:35627/]
[rospy.impl.masterslave][INFO] 2016-06-04 16:24:29,178: _ready: http://cmeintel-desktop:35627/
[xmlrpc][INFO] 2016-06-04 16:24:29,178: xml rpc node: starting XML-RPC server
[rospy.registration][INFO] 2016-06-04 16:24:29,179: Registering with master node http://localhost:11311
[rospy.init][INFO] 2016-06-04 16:24:29,278: registered with master
[rospy.rosout][INFO] 2016-06-04 16:24:29,278: initializing /rosout core topic
[rospy.rosout][INFO] 2016-06-04 16:24:29,286: connected to core topic /rosout
[rospy.simtime][INFO] 2016-06-04 16:24:29,296: initializing /clock core topic
[rospy.simtime][INFO] 2016-06-04 16:24:29,310: connected to core topic /clock
[rosout][INFO] 2016-06-04 16:24:29,367: gazebo_services running
[rospy.internal][INFO] 2016-06-04 16:24:29,570: topic[/rosout] adding connection to [/rosout], count 0
[rospy.internal][INFO] 2016-06-04 16:24:33,163: topic[/clock] adding connection to [http://cmeintel-desktop:35019/], count 0
[rospy.core][INFO] 2016-06-04 16:28:01,044: signal_shutdown [signal-2]
[rospy.internal][INFO] 2016-06-04 16:28:01,048: topic[/rosout] removing connection to /rosout
[rospy.internal][INFO] 2016-06-04 16:28:01,048: topic[/clock] removing connection to http://cmeintel-desktop:35019/
[rospy.impl.masterslave][INFO] 2016-06-04 16:28:01,048: signal-2
[rospy.core][INFO] 2016-06-04 16:28:01,164: signal_shutdown [atexit]
