[rospy.client][INFO] 2016-06-04 16:24:28,395: init_node, name[/base/gazebo_services], pid[18039]
[xmlrpc][INFO] 2016-06-04 16:24:28,398: XML-RPC server binding to 0.0.0.0:0
[xmlrpc][INFO] 2016-06-04 16:24:28,398: Started XML-RPC server [http://cmeintel-desktop:39454/]
[rospy.impl.masterslave][INFO] 2016-06-04 16:24:28,398: _ready: http://cmeintel-desktop:39454/
[rospy.init][INFO] 2016-06-04 16:24:28,398: ROS Slave URI: [http://cmeintel-desktop:39454/]
[rospy.registration][INFO] 2016-06-04 16:24:28,401: Registering with master node http://localhost:11311
[xmlrpc][INFO] 2016-06-04 16:24:28,401: xml rpc node: starting XML-RPC server
[rospy.init][INFO] 2016-06-04 16:24:28,498: registered with master
[rospy.rosout][INFO] 2016-06-04 16:24:28,499: initializing /rosout core topic
[rospy.rosout][INFO] 2016-06-04 16:24:29,513: connected to core topic /rosout
[rospy.simtime][INFO] 2016-06-04 16:24:29,524: initializing /clock core topic
[rospy.simtime][INFO] 2016-06-04 16:24:29,533: connected to core topic /clock
[rosout][INFO] 2016-06-04 16:24:29,577: gazebo_services running
[rospy.internal][INFO] 2016-06-04 16:24:29,683: topic[/rosout] adding connection to [/rosout], count 0
[rospy.internal][INFO] 2016-06-04 16:24:32,129: topic[/clock] adding connection to [http://cmeintel-desktop:35019/], count 0
[rospy.core][INFO] 2016-06-04 16:28:01,658: signal_shutdown [signal-2]
[rospy.internal][INFO] 2016-06-04 16:28:01,690: topic[/rosout] removing connection to /rosout
[rospy.internal][INFO] 2016-06-04 16:28:01,690: topic[/clock] removing connection to http://cmeintel-desktop:35019/
[rospy.impl.masterslave][INFO] 2016-06-04 16:28:01,690: signal-2
[rospy.core][INFO] 2016-06-04 16:28:02,306: signal_shutdown [atexit]
