[rospy.client][INFO] 2016-06-04 16:25:20,422: init_node, name[/command_gui/command_gui_node_cmeintel_desktop_23734_1832052686220231805], pid[23753]
[xmlrpc][INFO] 2016-06-04 16:25:20,422: XML-RPC server binding to 0.0.0.0:0
[xmlrpc][INFO] 2016-06-04 16:25:20,422: Started XML-RPC server [http://cmeintel-desktop:46597/]
[rospy.init][INFO] 2016-06-04 16:25:20,422: ROS Slave URI: [http://cmeintel-desktop:46597/]
[rospy.impl.masterslave][INFO] 2016-06-04 16:25:20,423: _ready: http://cmeintel-desktop:46597/
[rospy.registration][INFO] 2016-06-04 16:25:20,423: Registering with master node http://localhost:11311
[xmlrpc][INFO] 2016-06-04 16:25:20,424: xml rpc node: starting XML-RPC server
[rospy.init][INFO] 2016-06-04 16:25:20,523: registered with master
[rospy.rosout][INFO] 2016-06-04 16:25:20,523: initializing /rosout core topic
[rospy.rosout][INFO] 2016-06-04 16:25:20,526: connected to core topic /rosout
[rospy.simtime][INFO] 2016-06-04 16:25:20,528: initializing /clock core topic
[rospy.simtime][INFO] 2016-06-04 16:25:20,540: connected to core topic /clock
[rospy.internal][INFO] 2016-06-04 16:25:20,541: topic[/clock] adding connection to [http://cmeintel-desktop:35019/], count 0
[rospy.internal][INFO] 2016-06-04 16:25:20,551: topic[/emergency_stop_state] adding connection to [http://cmeintel-desktop:43363/], count 0
[rospy.internal][INFO] 2016-06-04 16:25:20,729: topic[/rosout] adding connection to [/rosout], count 0
[rosout][INFO] 2016-06-04 16:25:50,646: Move <<arm_right>> to <<side>>
[rospy.internal][INFO] 2016-06-04 16:25:50,674: topic[/arm_right/joint_trajectory_controller/state] adding connection to [http://cmeintel-desktop:35019/], count 0
[rospy.internal][INFO] 2016-06-04 16:25:50,723: topic impl's ref count is zero, deleting topic /arm_right/joint_trajectory_controller/state...
[rospy.internal][INFO] 2016-06-04 16:25:50,724: topic[/arm_right/joint_trajectory_controller/state] removing connection to http://cmeintel-desktop:35019/
[rospy.internal][INFO] 2016-06-04 16:25:50,738: topic[/arm_right/joint_trajectory_controller/follow_joint_trajectory/result] adding connection to [http://cmeintel-desktop:35019/], count 0
[rospy.internal][INFO] 2016-06-04 16:25:50,738: topic[/arm_right/joint_trajectory_controller/follow_joint_trajectory/status] adding connection to [http://cmeintel-desktop:35019/], count 0
[rospy.internal][INFO] 2016-06-04 16:25:50,739: topic[/arm_right/joint_trajectory_controller/follow_joint_trajectory/feedback] adding connection to [http://cmeintel-desktop:35019/], count 0
[rospy.internal][INFO] 2016-06-04 16:25:50,884: topic[/arm_right/joint_trajectory_controller/follow_joint_trajectory/goal] adding connection to [/gazebo], count 0
[rospy.internal][INFO] 2016-06-04 16:25:50,994: topic[/arm_right/joint_trajectory_controller/follow_joint_trajectory/cancel] adding connection to [/gazebo], count 0
[rosout][INFO] 2016-06-04 16:25:52,426: Move <<arm_left>> to <<side>>
[rospy.internal][INFO] 2016-06-04 16:25:52,454: topic[/arm_left/joint_trajectory_controller/state] adding connection to [http://cmeintel-desktop:35019/], count 0
[rospy.internal][INFO] 2016-06-04 16:25:52,493: topic impl's ref count is zero, deleting topic /arm_left/joint_trajectory_controller/state...
[rospy.internal][INFO] 2016-06-04 16:25:52,493: topic[/arm_left/joint_trajectory_controller/state] removing connection to http://cmeintel-desktop:35019/
[rospy.internal][INFO] 2016-06-04 16:25:52,516: topic[/arm_left/joint_trajectory_controller/follow_joint_trajectory/feedback] adding connection to [http://cmeintel-desktop:35019/], count 0
[rospy.internal][INFO] 2016-06-04 16:25:52,517: topic[/arm_left/joint_trajectory_controller/follow_joint_trajectory/result] adding connection to [http://cmeintel-desktop:35019/], count 0
[rospy.internal][INFO] 2016-06-04 16:25:52,518: topic[/arm_left/joint_trajectory_controller/follow_joint_trajectory/status] adding connection to [http://cmeintel-desktop:35019/], count 0
[rospy.internal][INFO] 2016-06-04 16:25:52,620: topic[/arm_left/joint_trajectory_controller/follow_joint_trajectory/goal] adding connection to [/gazebo], count 0
[rospy.internal][INFO] 2016-06-04 16:25:52,721: topic[/arm_left/joint_trajectory_controller/follow_joint_trajectory/cancel] adding connection to [/gazebo], count 0
[rospy.core][INFO] 2016-06-04 16:28:00,364: signal_shutdown [signal-2]
[rospy.internal][INFO] 2016-06-04 16:28:00,369: topic[/arm_left/joint_trajectory_controller/follow_joint_trajectory/goal] removing connection to /gazebo
[rospy.internal][INFO] 2016-06-04 16:28:00,370: topic[/arm_right/joint_trajectory_controller/follow_joint_trajectory/goal] removing connection to /gazebo
[rospy.internal][INFO] 2016-06-04 16:28:00,370: topic[/arm_left/joint_trajectory_controller/follow_joint_trajectory/cancel] removing connection to /gazebo
[rospy.internal][INFO] 2016-06-04 16:28:00,370: topic[/rosout] removing connection to /rosout
[rospy.internal][INFO] 2016-06-04 16:28:00,371: topic[/arm_right/joint_trajectory_controller/follow_joint_trajectory/cancel] removing connection to /gazebo
[rospy.internal][INFO] 2016-06-04 16:28:00,371: topic[/arm_right/joint_trajectory_controller/follow_joint_trajectory/result] removing connection to http://cmeintel-desktop:35019/
[rospy.internal][INFO] 2016-06-04 16:28:00,371: topic[/arm_left/joint_trajectory_controller/follow_joint_trajectory/status] removing connection to http://cmeintel-desktop:35019/
[rospy.internal][INFO] 2016-06-04 16:28:00,371: topic[/clock] removing connection to http://cmeintel-desktop:35019/
[rospy.internal][INFO] 2016-06-04 16:28:00,371: topic[/arm_left/joint_trajectory_controller/follow_joint_trajectory/feedback] removing connection to http://cmeintel-desktop:35019/
[rospy.internal][INFO] 2016-06-04 16:28:00,372: topic[/emergency_stop_state] removing connection to http://cmeintel-desktop:43363/
[rospy.internal][WARNING] 2016-06-04 16:28:00,372: Unknown error initiating TCP/IP socket to cmeintel-desktop:34791 (http://cmeintel-desktop:43363/): Traceback (most recent call last):
  File "/opt/ros/indigo/lib/python2.7/dist-packages/rospy/impl/tcpros_base.py", line 557, in connect
    self.read_header()
  File "/opt/ros/indigo/lib/python2.7/dist-packages/rospy/impl/tcpros_base.py", line 619, in read_header
    self._validate_header(read_ros_handshake_header(sock, self.read_buff, self.protocol.buff_size))
AttributeError: 'NoneType' object has no attribute 'buff_size'

[rospy.topics][ERROR] 2016-06-04 16:28:00,372: Traceback (most recent call last):
  File "/opt/ros/indigo/lib/python2.7/dist-packages/rospy/topics.py", line 307, in close
    c.close()
  File "/opt/ros/indigo/lib/python2.7/dist-packages/rospy/impl/tcpros_base.py", line 807, in close
    self.socket.close()
AttributeError: 'NoneType' object has no attribute 'close'

[rospy.internal][INFO] 2016-06-04 16:28:00,372: topic[/arm_left/joint_trajectory_controller/follow_joint_trajectory/result] removing connection to http://cmeintel-desktop:35019/
[rospy.internal][INFO] 2016-06-04 16:28:00,372: topic[/arm_right/joint_trajectory_controller/follow_joint_trajectory/feedback] removing connection to http://cmeintel-desktop:35019/
[rospy.internal][INFO] 2016-06-04 16:28:00,373: topic[/arm_right/joint_trajectory_controller/follow_joint_trajectory/status] removing connection to http://cmeintel-desktop:35019/
[rospy.impl.masterslave][INFO] 2016-06-04 16:28:00,373: signal-2
[rospy.core][INFO] 2016-06-04 16:28:00,488: signal_shutdown [atexit]
