[rospy.client][INFO] 2016-06-04 16:24:28,330: init_node, name[/elevator], pid[18024]
[xmlrpc][INFO] 2016-06-04 16:24:28,330: XML-RPC server binding to 0.0.0.0:0
[xmlrpc][INFO] 2016-06-04 16:24:28,330: Started XML-RPC server [http://cmeintel-desktop:35403/]
[rospy.impl.masterslave][INFO] 2016-06-04 16:24:28,330: _ready: http://cmeintel-desktop:35403/
[rospy.init][INFO] 2016-06-04 16:24:28,330: ROS Slave URI: [http://cmeintel-desktop:35403/]
[rospy.registration][INFO] 2016-06-04 16:24:28,331: Registering with master node http://localhost:11311
[xmlrpc][INFO] 2016-06-04 16:24:28,331: xml rpc node: starting XML-RPC server
[rospy.init][INFO] 2016-06-04 16:24:28,431: registered with master
[rospy.rosout][INFO] 2016-06-04 16:24:28,431: initializing /rosout core topic
[rospy.rosout][INFO] 2016-06-04 16:24:28,455: connected to core topic /rosout
[rospy.simtime][INFO] 2016-06-04 16:24:28,477: initializing /clock core topic
[rospy.simtime][INFO] 2016-06-04 16:24:28,508: connected to core topic /clock
[rospy.internal][INFO] 2016-06-04 16:24:28,642: topic[/rosout] adding connection to [/rosout], count 0
[rospy.internal][INFO] 2016-06-04 16:24:32,130: topic[/clock] adding connection to [http://cmeintel-desktop:35019/], count 0
[rospy.internal][INFO] 2016-06-04 16:24:42,400: topic[/elevator_button1_bumper] adding connection to [http://cmeintel-desktop:35019/], count 0
[rospy.core][INFO] 2016-06-04 16:28:01,747: signal_shutdown [signal-2]
[rospy.internal][INFO] 2016-06-04 16:28:01,749: topic[/rosout] removing connection to /rosout
[rospy.internal][INFO] 2016-06-04 16:28:01,750: topic[/clock] removing connection to http://cmeintel-desktop:35019/
[rospy.internal][INFO] 2016-06-04 16:28:01,750: topic[/elevator_button1_bumper] removing connection to http://cmeintel-desktop:35019/
[rospy.impl.masterslave][INFO] 2016-06-04 16:28:01,750: signal-2
[rospy.core][INFO] 2016-06-04 16:28:01,883: signal_shutdown [atexit]
