[rospy.client][INFO] 2016-06-04 16:24:29,458: init_node, name[/gripper_left/gazebo_services], pid[18487]
[xmlrpc][INFO] 2016-06-04 16:24:29,462: XML-RPC server binding to 0.0.0.0:0
[xmlrpc][INFO] 2016-06-04 16:24:29,462: Started XML-RPC server [http://cmeintel-desktop:41278/]
[rospy.impl.masterslave][INFO] 2016-06-04 16:24:29,462: _ready: http://cmeintel-desktop:41278/
[rospy.init][INFO] 2016-06-04 16:24:29,462: ROS Slave URI: [http://cmeintel-desktop:41278/]
[rospy.registration][INFO] 2016-06-04 16:24:29,463: Registering with master node http://localhost:11311
[xmlrpc][INFO] 2016-06-04 16:24:29,463: xml rpc node: starting XML-RPC server
[rospy.init][INFO] 2016-06-04 16:24:29,563: registered with master
[rospy.rosout][INFO] 2016-06-04 16:24:29,563: initializing /rosout core topic
[rospy.rosout][INFO] 2016-06-04 16:24:29,570: connected to core topic /rosout
[rospy.simtime][INFO] 2016-06-04 16:24:29,575: initializing /clock core topic
[rospy.simtime][INFO] 2016-06-04 16:24:29,592: connected to core topic /clock
[rospy.internal][INFO] 2016-06-04 16:24:29,786: topic[/rosout] adding connection to [/rosout], count 0
[rosout][INFO] 2016-06-04 16:24:30,623: gazebo_services running
[rospy.internal][INFO] 2016-06-04 16:24:32,132: topic[/clock] adding connection to [http://cmeintel-desktop:35019/], count 0
[rospy.core][INFO] 2016-06-04 16:28:00,745: signal_shutdown [signal-2]
[rospy.internal][INFO] 2016-06-04 16:28:00,778: topic[/rosout] removing connection to /rosout
[rospy.internal][INFO] 2016-06-04 16:28:00,778: topic[/clock] removing connection to http://cmeintel-desktop:35019/
[rospy.impl.masterslave][INFO] 2016-06-04 16:28:00,778: signal-2
[rospy.core][INFO] 2016-06-04 16:28:01,394: signal_shutdown [atexit]
