[rospy.client][INFO] 2016-06-04 16:24:29,273: init_node, name[/gripper_right/gazebo_services], pid[18496]
[xmlrpc][INFO] 2016-06-04 16:24:29,274: XML-RPC server binding to 0.0.0.0:0
[xmlrpc][INFO] 2016-06-04 16:24:29,274: Started XML-RPC server [http://cmeintel-desktop:38980/]
[rospy.impl.masterslave][INFO] 2016-06-04 16:24:29,274: _ready: http://cmeintel-desktop:38980/
[rospy.init][INFO] 2016-06-04 16:24:29,280: ROS Slave URI: [http://cmeintel-desktop:38980/]
[rospy.registration][INFO] 2016-06-04 16:24:29,281: Registering with master node http://localhost:11311
[xmlrpc][INFO] 2016-06-04 16:24:29,281: xml rpc node: starting XML-RPC server
[rospy.init][INFO] 2016-06-04 16:24:29,381: registered with master
[rospy.rosout][INFO] 2016-06-04 16:24:29,381: initializing /rosout core topic
[rospy.rosout][INFO] 2016-06-04 16:24:29,394: connected to core topic /rosout
[rospy.simtime][INFO] 2016-06-04 16:24:29,408: initializing /clock core topic
[rospy.simtime][INFO] 2016-06-04 16:24:29,420: connected to core topic /clock
[rosout][INFO] 2016-06-04 16:24:29,523: gazebo_services running
[rospy.internal][INFO] 2016-06-04 16:24:29,683: topic[/rosout] adding connection to [/rosout], count 0
[rospy.internal][INFO] 2016-06-04 16:24:33,162: topic[/clock] adding connection to [http://cmeintel-desktop:35019/], count 0
[rospy.core][INFO] 2016-06-04 16:28:00,743: signal_shutdown [signal-2]
[rospy.internal][INFO] 2016-06-04 16:28:00,776: topic[/rosout] removing connection to /rosout
[rospy.internal][INFO] 2016-06-04 16:28:00,776: topic[/clock] removing connection to http://cmeintel-desktop:35019/
[rospy.impl.masterslave][INFO] 2016-06-04 16:28:00,776: signal-2
[rospy.core][INFO] 2016-06-04 16:28:01,391: signal_shutdown [atexit]
