[rospy.client][INFO] 2016-06-04 16:24:28,660: init_node, name[/joint_state_publisher], pid[18030]
[xmlrpc][INFO] 2016-06-04 16:24:28,661: XML-RPC server binding to 0.0.0.0:0
[xmlrpc][INFO] 2016-06-04 16:24:28,661: Started XML-RPC server [http://cmeintel-desktop:41148/]
[rospy.impl.masterslave][INFO] 2016-06-04 16:24:28,661: _ready: http://cmeintel-desktop:41148/
[rospy.init][INFO] 2016-06-04 16:24:28,661: ROS Slave URI: [http://cmeintel-desktop:41148/]
[rospy.registration][INFO] 2016-06-04 16:24:28,661: Registering with master node http://localhost:11311
[xmlrpc][INFO] 2016-06-04 16:24:28,682: xml rpc node: starting XML-RPC server
[rospy.init][INFO] 2016-06-04 16:24:28,761: registered with master
[rospy.rosout][INFO] 2016-06-04 16:24:28,761: initializing /rosout core topic
[rospy.rosout][INFO] 2016-06-04 16:24:28,807: connected to core topic /rosout
[rospy.simtime][INFO] 2016-06-04 16:24:28,816: initializing /clock core topic
[rospy.simtime][INFO] 2016-06-04 16:24:28,851: connected to core topic /clock
[rospy.internal][INFO] 2016-06-04 16:24:29,056: topic[/rosout] adding connection to [/rosout], count 0
[rospy.internal][INFO] 2016-06-04 16:24:30,493: topic[/joint_states] adding connection to [/robot_state_publisher], count 0
[rospy.internal][INFO] 2016-06-04 16:24:32,171: topic[/clock] adding connection to [http://cmeintel-desktop:35019/], count 0
[rospy.internal][INFO] 2016-06-04 16:24:40,359: topic[/base/joint_states] adding connection to [http://cmeintel-desktop:35019/], count 0
[rospy.internal][INFO] 2016-06-04 16:24:40,773: topic[/torso/joint_states] adding connection to [http://cmeintel-desktop:35019/], count 0
[rospy.internal][INFO] 2016-06-04 16:24:40,987: topic[/sensorring/joint_states] adding connection to [http://cmeintel-desktop:35019/], count 0
[rospy.internal][INFO] 2016-06-04 16:24:41,051: topic[/arm_right/joint_states] adding connection to [http://cmeintel-desktop:35019/], count 0
[rospy.internal][INFO] 2016-06-04 16:24:41,552: topic[/arm_left/joint_states] adding connection to [http://cmeintel-desktop:35019/], count 0
[rospy.internal][INFO] 2016-06-04 16:24:41,554: topic[/gripper_right/joint_states] adding connection to [http://cmeintel-desktop:35019/], count 0
[rospy.internal][INFO] 2016-06-04 16:24:43,059: topic[/gripper_left/joint_states] adding connection to [http://cmeintel-desktop:35019/], count 0
[rospy.core][INFO] 2016-06-04 16:28:01,749: signal_shutdown [signal-2]
[rospy.internal][INFO] 2016-06-04 16:28:01,753: topic[/joint_states] removing connection to /robot_state_publisher
[rospy.internal][INFO] 2016-06-04 16:28:01,753: topic[/rosout] removing connection to /rosout
[rospy.internal][INFO] 2016-06-04 16:28:01,754: topic[/arm_right/joint_states] removing connection to http://cmeintel-desktop:35019/
[rospy.internal][INFO] 2016-06-04 16:28:01,754: topic[/torso/joint_states] removing connection to http://cmeintel-desktop:35019/
[rospy.internal][INFO] 2016-06-04 16:28:01,754: topic[/sensorring/joint_states] removing connection to http://cmeintel-desktop:35019/
[rospy.internal][INFO] 2016-06-04 16:28:01,754: topic[/clock] removing connection to http://cmeintel-desktop:35019/
[rospy.internal][INFO] 2016-06-04 16:28:01,754: topic[/base/joint_states] removing connection to http://cmeintel-desktop:35019/
[rospy.internal][INFO] 2016-06-04 16:28:01,755: topic[/gripper_left/joint_states] removing connection to http://cmeintel-desktop:35019/
[rospy.internal][INFO] 2016-06-04 16:28:01,755: topic[/arm_left/joint_states] removing connection to http://cmeintel-desktop:35019/
[rospy.internal][INFO] 2016-06-04 16:28:01,755: topic[/gripper_right/joint_states] removing connection to http://cmeintel-desktop:35019/
[rospy.impl.masterslave][INFO] 2016-06-04 16:28:01,755: signal-2
[rospy.internal][WARNING] 2016-06-04 16:28:01,757: Unknown error initiating TCP/IP socket to cmeintel-desktop:37193 (http://cmeintel-desktop:35019/): Traceback (most recent call last):
  File "/opt/ros/indigo/lib/python2.7/dist-packages/rospy/impl/tcpros_base.py", line 558, in connect
    self.local_endpoint = self.socket.getsockname()
AttributeError: 'NoneType' object has no attribute 'getsockname'

[rospy.internal][WARNING] 2016-06-04 16:28:01,757: Unknown error initiating TCP/IP socket to cmeintel-desktop:37193 (http://cmeintel-desktop:35019/): Traceback (most recent call last):
  File "/opt/ros/indigo/lib/python2.7/dist-packages/rospy/impl/tcpros_base.py", line 558, in connect
    self.local_endpoint = self.socket.getsockname()
AttributeError: 'NoneType' object has no attribute 'getsockname'

[rospy.core][INFO] 2016-06-04 16:28:01,889: signal_shutdown [atexit]
