[rospy.client][INFO] 2016-06-04 16:24:28,846: init_node, name[/relayboard_node], pid[18179]
[xmlrpc][INFO] 2016-06-04 16:24:28,853: XML-RPC server binding to 0.0.0.0:0
[xmlrpc][INFO] 2016-06-04 16:24:28,853: Started XML-RPC server [http://cmeintel-desktop:43363/]
[rospy.impl.masterslave][INFO] 2016-06-04 16:24:28,854: _ready: http://cmeintel-desktop:43363/
[rospy.registration][INFO] 2016-06-04 16:24:28,854: Registering with master node http://localhost:11311
[xmlrpc][INFO] 2016-06-04 16:24:28,855: xml rpc node: starting XML-RPC server
[rospy.init][INFO] 2016-06-04 16:24:28,859: ROS Slave URI: [http://cmeintel-desktop:43363/]
[rospy.init][INFO] 2016-06-04 16:24:28,859: registered with master
[rospy.rosout][INFO] 2016-06-04 16:24:28,859: initializing /rosout core topic
[rospy.rosout][INFO] 2016-06-04 16:24:28,889: connected to core topic /rosout
[rospy.simtime][INFO] 2016-06-04 16:24:28,902: initializing /clock core topic
[rospy.simtime][INFO] 2016-06-04 16:24:28,922: connected to core topic /clock
[rospy.internal][INFO] 2016-06-04 16:24:29,160: topic[/rosout] adding connection to [/rosout], count 0
[rospy.internal][INFO] 2016-06-04 16:24:32,170: topic[/clock] adding connection to [http://cmeintel-desktop:35019/], count 0
[rospy.internal][INFO] 2016-06-04 16:24:33,435: topic[/emergency_stop_state] adding connection to [/dashboard_aggregator], count 0
[rospy.internal][INFO] 2016-06-04 16:25:20,551: topic[/emergency_stop_state] adding connection to [/command_gui/command_gui_node_cmeintel_desktop_23734_1832052686220231805], count 1
[rosout][WARNING] 2016-06-04 16:28:00,516: Inbound TCP/IP connection failed: connection from sender terminated before handshake header received. 0 bytes were received. Please check sender for additional details.
[rospy.internal][ERROR] 2016-06-04 16:28:00,529: Inbound TCP/IP connection failed:
Traceback (most recent call last):
  File "/opt/ros/indigo/lib/python2.7/dist-packages/rospy/impl/tcpros_base.py", line 321, in _tcp_server_callback
    header = read_ros_handshake_header(sock, StringIO(), buff_size)
  File "/opt/ros/indigo/lib/python2.7/dist-packages/rosgraph/network.py", line 365, in read_ros_handshake_header
    raise ROSHandshakeException("connection from sender terminated before handshake header received. %s bytes were received. Please check sender for additional details."%b.tell())
ROSHandshakeException: connection from sender terminated before handshake header received. 0 bytes were received. Please check sender for additional details.

[rospy.core][INFO] 2016-06-04 16:28:01,460: signal_shutdown [signal-2]
[rospy.internal][INFO] 2016-06-04 16:28:01,463: topic[/emergency_stop_state] removing connection to /dashboard_aggregator
[rospy.internal][INFO] 2016-06-04 16:28:01,468: topic[/emergency_stop_state] removing connection to /command_gui/command_gui_node_cmeintel_desktop_23734_1832052686220231805
[rospy.internal][INFO] 2016-06-04 16:28:01,468: topic[/rosout] removing connection to /rosout
[rospy.internal][INFO] 2016-06-04 16:28:01,468: topic[/clock] removing connection to http://cmeintel-desktop:35019/
[rospy.impl.masterslave][INFO] 2016-06-04 16:28:01,468: signal-2
[rospy.core][INFO] 2016-06-04 16:28:01,606: signal_shutdown [atexit]
