[roslaunch][INFO] 2016-06-04 16:25:19,747: Checking log directory for disk usage. This may take awhile.
Press Ctrl-C to interrupt
[roslaunch][INFO] 2016-06-04 16:25:19,749: Done checking log file disk usage. Usage is <1GB.
[roslaunch][INFO] 2016-06-04 16:25:19,750: roslaunch starting with args ['/opt/ros/indigo/bin/roslaunch', 'cob_bringup', 'dashboard.launch']
[roslaunch][INFO] 2016-06-04 16:25:19,750: roslaunch env is {'LC_NUMERIC': 'C', 'MANDATORY_PATH': '/usr/share/gconf/ubuntu.mandatory.path', 'ROS_DISTRO': 'indigo', 'ROS_LOG_FILENAME': '/home/cme-intel/.ros/log/08bcaa64-2a60-11e6-850b-bc5ff47c434e/roslaunch-cmeintel-desktop-23734.log', 'XDG_GREETER_DATA_DIR': '/var/lib/lightdm-data/cme-intel', 'GNOME_DESKTOP_SESSION_ID': 'this-is-deprecated', 'PKG_CONFIG_PATH': '/home/cme-intel/git/catkin_ws/devel/lib/pkgconfig:/opt/ros/indigo/lib/x86_64-linux-gnu/pkgconfig:/opt/ros/indigo/lib/pkgconfig', 'ROBOT': 'cob4-2', 'LESSOPEN': '| /usr/bin/lesspipe %s', 'XDG_VTNR': '7', 'ROSLISP_PACKAGE_DIRECTORIES': '/home/cme-intel/git/catkin_ws/devel/share/common-lisp', 'CPATH': '/home/cme-intel/git/catkin_ws/devel/include:/opt/ros/indigo/include', 'LOGNAME': 'cme-intel', 'USER': 'cme-intel', 'PATH': '/opt/ros/indigo/bin:/usr/local/sbin:/usr/local/bin:/usr/sbin:/usr/bin:/sbin:/bin:/usr/games:/usr/local/games', 'LC_PAPER': 'de_DE.UTF-8', 'GNOME_KEYRING_CONTROL': '/run/user/1000/keyring-ZVosZ8', 'CMAKE_PREFIX_PATH': '/home/cme-intel/git/catkin_ws/devel:/opt/ros/indigo', 'LD_LIBRARY_PATH': '/home/cme-intel/git/catkin_ws/devel/lib:/opt/ros/indigo/lib/x86_64-linux-gnu:/opt/ros/indigo/lib', 'LANG': 'en_US.UTF-8', 'TERM': 'xterm', 'SHELL': '/bin/bash', 'XDG_SESSION_PATH': '/org/freedesktop/DisplayManager/Session0', 'XAUTHORITY': '/home/cme-intel/.Xauthority', 'LANGUAGE': 'en_US', 'COMPIZ_CONFIG_PROFILE': 'ubuntu', 'LC_MONETARY': 'de_DE.UTF-8', 'LESSCLOSE': '/usr/bin/lesspipe %s %s', 'GTK_IM_MODULE': 'ibus', 'QT_QPA_PLATFORMTHEME': 'appmenu-qt5', 'TERMINATOR_UUID': 'urn:uuid:01625dce-cac8-4f0c-af86-aafa6d21474a', 'JOB': 'gnome-session', 'TEXTDOMAIN': 'im-config', 'UPSTART_INSTANCE': '', 'CLUTTER_IM_MODULE': 'xim', 'WINDOWID': '29360132', '_': '/opt/ros/indigo/bin/roslaunch', 'SESSIONTYPE': 'gnome-session', 'XMODIFIERS': '@im=ibus', 'ROS_ETC_DIR': '/opt/ros/indigo/etc/ros', 'GPG_AGENT_INFO': '/run/user/1000/keyring-ZVosZ8/gpg:0:1', 'HOME': '/home/cme-intel', 'QT4_IM_MODULE': 'ibus', 'SELINUX_INIT': 'YES', 'SHLVL': '1', 'XDG_RUNTIME_DIR': '/run/user/1000', 'INSTANCE': 'Unity', 'LC_ADDRESS': 'de_DE.UTF-8', 'PYTHONPATH': '/home/cme-intel/git/catkin_ws/devel/lib/python2.7/dist-packages:/opt/ros/indigo/lib/python2.7/dist-packages', 'SSH_AUTH_SOCK': '/run/user/1000/keyring-ZVosZ8/ssh', 'UPSTART_EVENTS': 'started starting', 'ROS_ROOT': '/opt/ros/indigo/share/ros', 'GDMSESSION': 'ubuntu', 'IM_CONFIG_PHASE': '1', 'UPSTART_JOB': 'unity-settings-daemon', 'TEXTDOMAINDIR': '/usr/share/locale/', 'GNOME_KEYRING_PID': '1822', 'XDG_SEAT_PATH': '/org/freedesktop/DisplayManager/Seat0', 'ROS_PACKAGE_PATH': '/home/cmeintel/git/catkin_ws/src:/opt/ros/indigo/share:/opt/ros/indigo/stacks', 'XDG_CURRENT_DESKTOP': 'Unity', 'XDG_SESSION_ID': 'c2', 'DBUS_SESSION_BUS_ADDRESS': 'unix:abstract=/tmp/dbus-Q8QxTXUAGC', 'ORBIT_SOCKETDIR': '/tmp/orbit-cme-intel', 'DEFAULTS_PATH': '/usr/share/gconf/ubuntu.default.path', 'LC_IDENTIFICATION': 'de_DE.UTF-8', 'DESKTOP_SESSION': 'ubuntu', 'UPSTART_SESSION': 'unix:abstract=/com/ubuntu/upstart-session/1000/1863', 'XDG_CONFIG_DIRS': '/etc/xdg/xdg-ubuntu:/usr/share/upstart/xdg:/etc/xdg', 'GTK_MODULES': 'overlay-scrollbar:unity-gtk-module', 'LC_NAME': 'de_DE.UTF-8', 'GDM_LANG': 'en_US', 'LC_TELEPHONE': 'de_DE.UTF-8', 'ROBOT_ENV': 'ipa-apartment', 'LC_MEASUREMENT': 'de_DE.UTF-8', 'PWD': '/home/cme-intel', 'QT_IM_MODULE': 'ibus', 'ROS_MASTER_URI': 'http://localhost:11311', 'COLORTERM': 'gnome-terminal', 'DISPLAY': ':0', 'LC_TIME': 'de_DE.UTF-8', 'LS_COLORS': 'rs=0:di=01;34:ln=01;36:mh=00:pi=40;33:so=01;35:do=01;35:bd=40;33;01:cd=40;33;01:or=40;31;01:su=37;41:sg=30;43:ca=30;41:tw=30;42:ow=34;42:st=37;44:ex=01;32:*.tar=01;31:*.tgz=01;31:*.arj=01;31:*.taz=01;31:*.lzh=01;31:*.lzma=01;31:*.tlz=01;31:*.txz=01;31:*.zip=01;31:*.z=01;31:*.Z=01;31:*.dz=01;31:*.gz=01;31:*.lz=01;31:*.xz=01;31:*.bz2=01;31:*.bz=01;31:*.tbz=01;31:*.tbz2=01;31:*.tz=01;31:*.deb=01;31:*.rpm=01;31:*.jar=01;31:*.war=01;31:*.ear=01;31:*.sar=01;31:*.rar=01;31:*.ace=01;31:*.zoo=01;31:*.cpio=01;31:*.7z=01;31:*.rz=01;31:*.jpg=01;35:*.jpeg=01;35:*.gif=01;35:*.bmp=01;35:*.pbm=01;35:*.pgm=01;35:*.ppm=01;35:*.tga=01;35:*.xbm=01;35:*.xpm=01;35:*.tif=01;35:*.tiff=01;35:*.png=01;35:*.svg=01;35:*.svgz=01;35:*.mng=01;35:*.pcx=01;35:*.mov=01;35:*.mpg=01;35:*.mpeg=01;35:*.m2v=01;35:*.mkv=01;35:*.webm=01;35:*.ogm=01;35:*.mp4=01;35:*.m4v=01;35:*.mp4v=01;35:*.vob=01;35:*.qt=01;35:*.nuv=01;35:*.wmv=01;35:*.asf=01;35:*.rm=01;35:*.rmvb=01;35:*.flc=01;35:*.avi=01;35:*.fli=01;35:*.flv=01;35:*.gl=01;35:*.dl=01;35:*.xcf=01;35:*.xwd=01;35:*.yuv=01;35:*.cgm=01;35:*.emf=01;35:*.axv=01;35:*.anx=01;35:*.ogv=01;35:*.ogx=01;35:*.aac=00;36:*.au=00;36:*.flac=00;36:*.mid=00;36:*.midi=00;36:*.mka=00;36:*.mp3=00;36:*.mpc=00;36:*.ogg=00;36:*.ra=00;36:*.wav=00;36:*.axa=00;36:*.oga=00;36:*.spx=00;36:*.xspf=00;36:', 'XDG_DATA_DIRS': '/usr/share/ubuntu:/usr/share/gnome:/usr/local/share/:/usr/share/', 'XDG_SEAT': 'seat0'}
[roslaunch][INFO] 2016-06-04 16:25:19,750: starting in server mode
[roslaunch.parent][INFO] 2016-06-04 16:25:19,750: starting roslaunch parent run
[roslaunch][INFO] 2016-06-04 16:25:19,750: loading roscore config file /opt/ros/indigo/etc/ros/roscore.xml
[roslaunch][INFO] 2016-06-04 16:25:19,864: Added core node of type [rosout/rosout] in namespace [/]
[roslaunch.config][INFO] 2016-06-04 16:25:19,864: loading config file /opt/ros/indigo/share/cob_bringup/tools/dashboard.launch
[roslaunch][INFO] 2016-06-04 16:25:19,901: Added node of type [cob_dashboard/cob_dashboard] in namespace [/]
[roslaunch][INFO] 2016-06-04 16:25:19,921: Added node of type [cob_command_gui/knoeppkes.py] in namespace [/command_gui/]
[roslaunch][INFO] 2016-06-04 16:25:19,921: ... selected machine [] for node of type [cob_dashboard/cob_dashboard]
[roslaunch][INFO] 2016-06-04 16:25:19,921: ... selected machine [] for node of type [cob_command_gui/knoeppkes.py]
[roslaunch.pmon][INFO] 2016-06-04 16:25:19,922: start_process_monitor: creating ProcessMonitor
[roslaunch.pmon][INFO] 2016-06-04 16:25:19,922: created process monitor <ProcessMonitor(ProcessMonitor-1, initial daemon)>
[roslaunch.pmon][INFO] 2016-06-04 16:25:19,922: start_process_monitor: ProcessMonitor started
[roslaunch.parent][INFO] 2016-06-04 16:25:19,922: starting parent XML-RPC server
[roslaunch.server][INFO] 2016-06-04 16:25:19,922: starting roslaunch XML-RPC server
[roslaunch.server][INFO] 2016-06-04 16:25:19,923: waiting for roslaunch XML-RPC server to initialize
[xmlrpc][INFO] 2016-06-04 16:25:19,923: XML-RPC server binding to 0.0.0.0:0
[xmlrpc][INFO] 2016-06-04 16:25:19,923: Started XML-RPC server [http://cmeintel-desktop:43584/]
[xmlrpc][INFO] 2016-06-04 16:25:19,923: xml rpc node: starting XML-RPC server
[roslaunch][INFO] 2016-06-04 16:25:19,942: started roslaunch server http://cmeintel-desktop:43584/
[roslaunch.parent][INFO] 2016-06-04 16:25:19,944: ... parent XML-RPC server started
[roslaunch][INFO] 2016-06-04 16:25:19,946: master.is_running[http://localhost:11311]
[roslaunch][INFO] 2016-06-04 16:25:19,947: master.is_running[http://localhost:11311]
[roslaunch][INFO] 2016-06-04 16:25:19,947: ROS_MASTER_URI=http://localhost:11311
[roslaunch][INFO] 2016-06-04 16:25:19,949: setting /roslaunch/uris/host_cmeintel_desktop__43584' to http://cmeintel-desktop:43584/
[roslaunch][INFO] 2016-06-04 16:25:19,951: load_parameters starting ...
[roslaunch][INFO] 2016-06-04 16:25:19,962: ... load_parameters complete
[roslaunch][INFO] 2016-06-04 16:25:19,962: launch_nodes: launching local nodes ...
[roslaunch][INFO] 2016-06-04 16:25:19,962: ... preparing to launch node of type [cob_dashboard/cob_dashboard]
[roslaunch][INFO] 2016-06-04 16:25:19,962: create_node_process: package[cob_dashboard] type[cob_dashboard] machine[Machine(name[] env_loader[None] address[localhost] ssh_port[22] user[None] assignable[True] timeout[10.0])] master_uri[http://localhost:11311]
[roslaunch][INFO] 2016-06-04 16:25:19,962: process[dashboard_node_cmeintel_desktop_23734_4688515989514387052-1]: env[{'LC_NUMERIC': 'C', 'WINDOWID': '29360132', 'QT_QPA_PLATFORMTHEME': 'appmenu-qt5', 'ROS_DISTRO': 'indigo', 'DISPLAY': ':0', 'XDG_GREETER_DATA_DIR': '/var/lib/lightdm-data/cme-intel', 'GNOME_DESKTOP_SESSION_ID': 'this-is-deprecated', 'LC_MEASUREMENT': 'de_DE.UTF-8', 'XDG_CURRENT_DESKTOP': 'Unity', 'ROBOT': 'cob4-2', 'LESSOPEN': '| /usr/bin/lesspipe %s', 'LC_PAPER': 'de_DE.UTF-8', 'ROSLISP_PACKAGE_DIRECTORIES': '/home/cme-intel/git/catkin_ws/devel/share/common-lisp', 'CPATH': '/home/cme-intel/git/catkin_ws/devel/include:/opt/ros/indigo/include', 'LOGNAME': 'cme-intel', 'USER': 'cme-intel', 'PATH': '/opt/ros/indigo/bin:/usr/local/sbin:/usr/local/bin:/usr/sbin:/usr/bin:/sbin:/bin:/usr/games:/usr/local/games', 'XDG_VTNR': '7', 'GNOME_KEYRING_CONTROL': '/run/user/1000/keyring-ZVosZ8', 'CMAKE_PREFIX_PATH': '/home/cme-intel/git/catkin_ws/devel:/opt/ros/indigo', 'LD_LIBRARY_PATH': '/home/cme-intel/git/catkin_ws/devel/lib:/opt/ros/indigo/lib/x86_64-linux-gnu:/opt/ros/indigo/lib', 'LANG': 'en_US.UTF-8', 'TERM': 'xterm', 'SHELL': '/bin/bash', 'XDG_SESSION_PATH': '/org/freedesktop/DisplayManager/Session0', 'XAUTHORITY': '/home/cme-intel/.Xauthority', 'LANGUAGE': 'en_US', 'INSTANCE': 'Unity', 'LC_MONETARY': 'de_DE.UTF-8', 'XDG_SESSION_ID': 'c2', 'MANDATORY_PATH': '/usr/share/gconf/ubuntu.mandatory.path', 'TERMINATOR_UUID': 'urn:uuid:01625dce-cac8-4f0c-af86-aafa6d21474a', 'JOB': 'gnome-session', 'ROS_LOG_FILENAME': '/home/cme-intel/.ros/log/08bcaa64-2a60-11e6-850b-bc5ff47c434e/roslaunch-cmeintel-desktop-23734.log', 'UPSTART_INSTANCE': '', 'COMPIZ_CONFIG_PROFILE': 'ubuntu', 'TEXTDOMAIN': 'im-config', 'ORBIT_SOCKETDIR': '/tmp/orbit-cme-intel', 'CLUTTER_IM_MODULE': 'xim', 'XMODIFIERS': '@im=ibus', 'ROS_MASTER_URI': 'http://localhost:11311', 'GPG_AGENT_INFO': '/run/user/1000/keyring-ZVosZ8/gpg:0:1', 'HOME': '/home/cme-intel', 'QT4_IM_MODULE': 'ibus', 'SELINUX_INIT': 'YES', 'SSH_AUTH_SOCK': '/run/user/1000/keyring-ZVosZ8/ssh', 'XDG_RUNTIME_DIR': '/run/user/1000', 'LC_IDENTIFICATION': 'de_DE.UTF-8', 'LC_ADDRESS': 'de_DE.UTF-8', 'PYTHONPATH': '/home/cme-intel/git/catkin_ws/devel/lib/python2.7/dist-packages:/opt/ros/indigo/lib/python2.7/dist-packages', 'SESSIONTYPE': 'gnome-session', 'UPSTART_EVENTS': 'started starting', 'GDMSESSION': 'ubuntu', 'IM_CONFIG_PHASE': '1', 'UPSTART_JOB': 'unity-settings-daemon', 'TEXTDOMAINDIR': '/usr/share/locale/', 'ROBOT_ENV': 'ipa-apartment', 'XDG_DATA_DIRS': '/usr/share/ubuntu:/usr/share/gnome:/usr/local/share/:/usr/share/', 'PKG_CONFIG_PATH': '/home/cme-intel/git/catkin_ws/devel/lib/pkgconfig:/opt/ros/indigo/lib/x86_64-linux-gnu/pkgconfig:/opt/ros/indigo/lib/pkgconfig', 'ROS_PACKAGE_PATH': '/home/cmeintel/git/catkin_ws/src:/opt/ros/indigo/share:/opt/ros/indigo/stacks', 'ROS_ROOT': '/opt/ros/indigo/share/ros', 'XDG_SEAT_PATH': '/org/freedesktop/DisplayManager/Seat0', 'DBUS_SESSION_BUS_ADDRESS': 'unix:abstract=/tmp/dbus-Q8QxTXUAGC', '_': '/opt/ros/indigo/bin/roslaunch', 'DEFAULTS_PATH': '/usr/share/gconf/ubuntu.default.path', 'GTK_IM_MODULE': 'ibus', 'DESKTOP_SESSION': 'ubuntu', 'UPSTART_SESSION': 'unix:abstract=/com/ubuntu/upstart-session/1000/1863', 'LESSCLOSE': '/usr/bin/lesspipe %s %s', 'GNOME_KEYRING_PID': '1822', 'LS_COLORS': 'rs=0:di=01;34:ln=01;36:mh=00:pi=40;33:so=01;35:do=01;35:bd=40;33;01:cd=40;33;01:or=40;31;01:su=37;41:sg=30;43:ca=30;41:tw=30;42:ow=34;42:st=37;44:ex=01;32:*.tar=01;31:*.tgz=01;31:*.arj=01;31:*.taz=01;31:*.lzh=01;31:*.lzma=01;31:*.tlz=01;31:*.txz=01;31:*.zip=01;31:*.z=01;31:*.Z=01;31:*.dz=01;31:*.gz=01;31:*.lz=01;31:*.xz=01;31:*.bz2=01;31:*.bz=01;31:*.tbz=01;31:*.tbz2=01;31:*.tz=01;31:*.deb=01;31:*.rpm=01;31:*.jar=01;31:*.war=01;31:*.ear=01;31:*.sar=01;31:*.rar=01;31:*.ace=01;31:*.zoo=01;31:*.cpio=01;31:*.7z=01;31:*.rz=01;31:*.jpg=01;35:*.jpeg=01;35:*.gif=01;35:*.bmp=01;35:*.pbm=01;35:*.pgm=01;35:*.ppm=01;35:*.tga=01;35:*.xbm=01;35:*.xpm=01;35:*.tif=01;35:*.tiff=01;35:*.png=01;35:*.svg=01;35:*.svgz=01;35:*.mng=01;35:*.pcx=01;35:*.mov=01;35:*.mpg=01;35:*.mpeg=01;35:*.m2v=01;35:*.mkv=01;35:*.webm=01;35:*.ogm=01;35:*.mp4=01;35:*.m4v=01;35:*.mp4v=01;35:*.vob=01;35:*.qt=01;35:*.nuv=01;35:*.wmv=01;35:*.asf=01;35:*.rm=01;35:*.rmvb=01;35:*.flc=01;35:*.avi=01;35:*.fli=01;35:*.flv=01;35:*.gl=01;35:*.dl=01;35:*.xcf=01;35:*.xwd=01;35:*.yuv=01;35:*.cgm=01;35:*.emf=01;35:*.axv=01;35:*.anx=01;35:*.ogv=01;35:*.ogx=01;35:*.aac=00;36:*.au=00;36:*.flac=00;36:*.mid=00;36:*.midi=00;36:*.mka=00;36:*.mp3=00;36:*.mpc=00;36:*.ogg=00;36:*.ra=00;36:*.wav=00;36:*.axa=00;36:*.oga=00;36:*.spx=00;36:*.xspf=00;36:', 'GDM_LANG': 'en_US', 'LC_TELEPHONE': 'de_DE.UTF-8', 'GTK_MODULES': 'overlay-scrollbar:unity-gtk-module', 'SHLVL': '1', 'PWD': '/home/cme-intel', 'QT_IM_MODULE': 'ibus', 'ROS_ETC_DIR': '/opt/ros/indigo/etc/ros', 'COLORTERM': 'gnome-terminal', 'LC_NAME': 'de_DE.UTF-8', 'LC_TIME': 'de_DE.UTF-8', 'XDG_CONFIG_DIRS': '/etc/xdg/xdg-ubuntu:/usr/share/upstart/xdg:/etc/xdg', 'XDG_SEAT': 'seat0'}]
[roslaunch][INFO] 2016-06-04 16:25:20,017: process[dashboard_node_cmeintel_desktop_23734_4688515989514387052-1]: args[[u'/opt/ros/indigo/lib/cob_dashboard/scripts/cob_dashboard', u'__name:=dashboard_node_cmeintel_desktop_23734_4688515989514387052']]
[roslaunch][INFO] 2016-06-04 16:25:20,017: ... created process [dashboard_node_cmeintel_desktop_23734_4688515989514387052-1]
[roslaunch.pmon][INFO] 2016-06-04 16:25:20,017: ProcessMonitor.register[dashboard_node_cmeintel_desktop_23734_4688515989514387052-1]
[roslaunch.pmon][INFO] 2016-06-04 16:25:20,017: ProcessMonitor.register[dashboard_node_cmeintel_desktop_23734_4688515989514387052-1] complete
[roslaunch][INFO] 2016-06-04 16:25:20,017: ... registered process [dashboard_node_cmeintel_desktop_23734_4688515989514387052-1]
[roslaunch][INFO] 2016-06-04 16:25:20,017: process[dashboard_node_cmeintel_desktop_23734_4688515989514387052-1]: starting os process
[roslaunch][INFO] 2016-06-04 16:25:20,017: process[dashboard_node_cmeintel_desktop_23734_4688515989514387052-1]: start w/ args [[u'/opt/ros/indigo/lib/cob_dashboard/scripts/cob_dashboard', u'__name:=dashboard_node_cmeintel_desktop_23734_4688515989514387052', u'__log:=/home/cme-intel/.ros/log/08bcaa64-2a60-11e6-850b-bc5ff47c434e/dashboard_node_cmeintel_desktop_23734_4688515989514387052-1.log']]
[roslaunch][INFO] 2016-06-04 16:25:20,017: process[dashboard_node_cmeintel_desktop_23734_4688515989514387052-1]: cwd will be [/opt/ros/indigo/lib/cob_dashboard/scripts]
[roslaunch][INFO] 2016-06-04 16:25:20,030: process[dashboard_node_cmeintel_desktop_23734_4688515989514387052-1]: started with pid [23752]
[roslaunch][INFO] 2016-06-04 16:25:20,030: ... successfully launched [dashboard_node_cmeintel_desktop_23734_4688515989514387052-1]
[roslaunch][INFO] 2016-06-04 16:25:20,030: ... preparing to launch node of type [cob_command_gui/knoeppkes.py]
[roslaunch][INFO] 2016-06-04 16:25:20,030: create_node_process: package[cob_command_gui] type[knoeppkes.py] machine[Machine(name[] env_loader[None] address[localhost] ssh_port[22] user[None] assignable[True] timeout[10.0])] master_uri[http://localhost:11311]
[roslaunch][INFO] 2016-06-04 16:25:20,030: process[command_gui/command_gui_node_cmeintel_desktop_23734_1832052686220231805-2]: env[{'LC_NUMERIC': 'C', 'WINDOWID': '29360132', 'QT_QPA_PLATFORMTHEME': 'appmenu-qt5', 'ROS_DISTRO': 'indigo', 'DISPLAY': ':0', 'XDG_GREETER_DATA_DIR': '/var/lib/lightdm-data/cme-intel', 'GNOME_DESKTOP_SESSION_ID': 'this-is-deprecated', 'LC_MEASUREMENT': 'de_DE.UTF-8', 'XDG_CURRENT_DESKTOP': 'Unity', 'ROBOT': 'cob4-2', 'LESSOPEN': '| /usr/bin/lesspipe %s', 'LC_PAPER': 'de_DE.UTF-8', 'ROSLISP_PACKAGE_DIRECTORIES': '/home/cme-intel/git/catkin_ws/devel/share/common-lisp', 'CPATH': '/home/cme-intel/git/catkin_ws/devel/include:/opt/ros/indigo/include', 'LOGNAME': 'cme-intel', 'USER': 'cme-intel', 'PATH': '/opt/ros/indigo/bin:/usr/local/sbin:/usr/local/bin:/usr/sbin:/usr/bin:/sbin:/bin:/usr/games:/usr/local/games', 'XDG_VTNR': '7', 'GNOME_KEYRING_CONTROL': '/run/user/1000/keyring-ZVosZ8', 'CMAKE_PREFIX_PATH': '/home/cme-intel/git/catkin_ws/devel:/opt/ros/indigo', 'LD_LIBRARY_PATH': '/home/cme-intel/git/catkin_ws/devel/lib:/opt/ros/indigo/lib/x86_64-linux-gnu:/opt/ros/indigo/lib', 'LANG': 'en_US.UTF-8', 'TERM': 'xterm', 'SHELL': '/bin/bash', 'XDG_SESSION_PATH': '/org/freedesktop/DisplayManager/Session0', 'XAUTHORITY': '/home/cme-intel/.Xauthority', 'LANGUAGE': 'en_US', 'INSTANCE': 'Unity', 'LC_MONETARY': 'de_DE.UTF-8', 'XDG_SESSION_ID': 'c2', 'MANDATORY_PATH': '/usr/share/gconf/ubuntu.mandatory.path', 'TERMINATOR_UUID': 'urn:uuid:01625dce-cac8-4f0c-af86-aafa6d21474a', 'JOB': 'gnome-session', 'ROS_LOG_FILENAME': '/home/cme-intel/.ros/log/08bcaa64-2a60-11e6-850b-bc5ff47c434e/roslaunch-cmeintel-desktop-23734.log', 'UPSTART_INSTANCE': '', 'COMPIZ_CONFIG_PROFILE': 'ubuntu', 'TEXTDOMAIN': 'im-config', 'ORBIT_SOCKETDIR': '/tmp/orbit-cme-intel', 'CLUTTER_IM_MODULE': 'xim', 'XMODIFIERS': '@im=ibus', 'ROS_MASTER_URI': 'http://localhost:11311', 'GPG_AGENT_INFO': '/run/user/1000/keyring-ZVosZ8/gpg:0:1', 'HOME': '/home/cme-intel', 'QT4_IM_MODULE': 'ibus', 'SELINUX_INIT': 'YES', 'SSH_AUTH_SOCK': '/run/user/1000/keyring-ZVosZ8/ssh', 'XDG_RUNTIME_DIR': '/run/user/1000', 'LC_IDENTIFICATION': 'de_DE.UTF-8', 'LC_ADDRESS': 'de_DE.UTF-8', 'PYTHONPATH': '/home/cme-intel/git/catkin_ws/devel/lib/python2.7/dist-packages:/opt/ros/indigo/lib/python2.7/dist-packages', 'SESSIONTYPE': 'gnome-session', 'ROS_NAMESPACE': u'/command_gui', 'UPSTART_EVENTS': 'started starting', 'GDMSESSION': 'ubuntu', 'IM_CONFIG_PHASE': '1', 'UPSTART_JOB': 'unity-settings-daemon', 'TEXTDOMAINDIR': '/usr/share/locale/', 'ROBOT_ENV': 'ipa-apartment', 'XDG_DATA_DIRS': '/usr/share/ubuntu:/usr/share/gnome:/usr/local/share/:/usr/share/', 'PKG_CONFIG_PATH': '/home/cme-intel/git/catkin_ws/devel/lib/pkgconfig:/opt/ros/indigo/lib/x86_64-linux-gnu/pkgconfig:/opt/ros/indigo/lib/pkgconfig', 'ROS_PACKAGE_PATH': '/home/cmeintel/git/catkin_ws/src:/opt/ros/indigo/share:/opt/ros/indigo/stacks', 'ROS_ROOT': '/opt/ros/indigo/share/ros', 'XDG_SEAT_PATH': '/org/freedesktop/DisplayManager/Seat0', 'DBUS_SESSION_BUS_ADDRESS': 'unix:abstract=/tmp/dbus-Q8QxTXUAGC', '_': '/opt/ros/indigo/bin/roslaunch', 'DEFAULTS_PATH': '/usr/share/gconf/ubuntu.default.path', 'GTK_IM_MODULE': 'ibus', 'DESKTOP_SESSION': 'ubuntu', 'UPSTART_SESSION': 'unix:abstract=/com/ubuntu/upstart-session/1000/1863', 'LESSCLOSE': '/usr/bin/lesspipe %s %s', 'GNOME_KEYRING_PID': '1822', 'LS_COLORS': 'rs=0:di=01;34:ln=01;36:mh=00:pi=40;33:so=01;35:do=01;35:bd=40;33;01:cd=40;33;01:or=40;31;01:su=37;41:sg=30;43:ca=30;41:tw=30;42:ow=34;42:st=37;44:ex=01;32:*.tar=01;31:*.tgz=01;31:*.arj=01;31:*.taz=01;31:*.lzh=01;31:*.lzma=01;31:*.tlz=01;31:*.txz=01;31:*.zip=01;31:*.z=01;31:*.Z=01;31:*.dz=01;31:*.gz=01;31:*.lz=01;31:*.xz=01;31:*.bz2=01;31:*.bz=01;31:*.tbz=01;31:*.tbz2=01;31:*.tz=01;31:*.deb=01;31:*.rpm=01;31:*.jar=01;31:*.war=01;31:*.ear=01;31:*.sar=01;31:*.rar=01;31:*.ace=01;31:*.zoo=01;31:*.cpio=01;31:*.7z=01;31:*.rz=01;31:*.jpg=01;35:*.jpeg=01;35:*.gif=01;35:*.bmp=01;35:*.pbm=01;35:*.pgm=01;35:*.ppm=01;35:*.tga=01;35:*.xbm=01;35:*.xpm=01;35:*.tif=01;35:*.tiff=01;35:*.png=01;35:*.svg=01;35:*.svgz=01;35:*.mng=01;35:*.pcx=01;35:*.mov=01;35:*.mpg=01;35:*.mpeg=01;35:*.m2v=01;35:*.mkv=01;35:*.webm=01;35:*.ogm=01;35:*.mp4=01;35:*.m4v=01;35:*.mp4v=01;35:*.vob=01;35:*.qt=01;35:*.nuv=01;35:*.wmv=01;35:*.asf=01;35:*.rm=01;35:*.rmvb=01;35:*.flc=01;35:*.avi=01;35:*.fli=01;35:*.flv=01;35:*.gl=01;35:*.dl=01;35:*.xcf=01;35:*.xwd=01;35:*.yuv=01;35:*.cgm=01;35:*.emf=01;35:*.axv=01;35:*.anx=01;35:*.ogv=01;35:*.ogx=01;35:*.aac=00;36:*.au=00;36:*.flac=00;36:*.mid=00;36:*.midi=00;36:*.mka=00;36:*.mp3=00;36:*.mpc=00;36:*.ogg=00;36:*.ra=00;36:*.wav=00;36:*.axa=00;36:*.oga=00;36:*.spx=00;36:*.xspf=00;36:', 'GDM_LANG': 'en_US', 'LC_TELEPHONE': 'de_DE.UTF-8', 'GTK_MODULES': 'overlay-scrollbar:unity-gtk-module', 'SHLVL': '1', 'PWD': '/home/cme-intel', 'QT_IM_MODULE': 'ibus', 'ROS_ETC_DIR': '/opt/ros/indigo/etc/ros', 'COLORTERM': 'gnome-terminal', 'LC_NAME': 'de_DE.UTF-8', 'LC_TIME': 'de_DE.UTF-8', 'XDG_CONFIG_DIRS': '/etc/xdg/xdg-ubuntu:/usr/share/upstart/xdg:/etc/xdg', 'XDG_SEAT': 'seat0'}]
[roslaunch][INFO] 2016-06-04 16:25:20,044: process[command_gui/command_gui_node_cmeintel_desktop_23734_1832052686220231805-2]: args[[u'/opt/ros/indigo/lib/cob_command_gui/src/knoeppkes.py', u'__name:=command_gui_node_cmeintel_desktop_23734_1832052686220231805']]
[roslaunch][INFO] 2016-06-04 16:25:20,044: ... created process [command_gui/command_gui_node_cmeintel_desktop_23734_1832052686220231805-2]
[roslaunch.pmon][INFO] 2016-06-04 16:25:20,044: ProcessMonitor.register[command_gui/command_gui_node_cmeintel_desktop_23734_1832052686220231805-2]
[roslaunch.pmon][INFO] 2016-06-04 16:25:20,044: ProcessMonitor.register[command_gui/command_gui_node_cmeintel_desktop_23734_1832052686220231805-2] complete
[roslaunch][INFO] 2016-06-04 16:25:20,044: ... registered process [command_gui/command_gui_node_cmeintel_desktop_23734_1832052686220231805-2]
[roslaunch][INFO] 2016-06-04 16:25:20,044: process[command_gui/command_gui_node_cmeintel_desktop_23734_1832052686220231805-2]: starting os process
[roslaunch][INFO] 2016-06-04 16:25:20,044: process[command_gui/command_gui_node_cmeintel_desktop_23734_1832052686220231805-2]: start w/ args [[u'/opt/ros/indigo/lib/cob_command_gui/src/knoeppkes.py', u'__name:=command_gui_node_cmeintel_desktop_23734_1832052686220231805', u'__log:=/home/cme-intel/.ros/log/08bcaa64-2a60-11e6-850b-bc5ff47c434e/command_gui-command_gui_node_cmeintel_desktop_23734_1832052686220231805-2.log']]
[roslaunch][INFO] 2016-06-04 16:25:20,045: process[command_gui/command_gui_node_cmeintel_desktop_23734_1832052686220231805-2]: cwd will be [/opt/ros/indigo/lib/cob_command_gui/src]
[roslaunch][INFO] 2016-06-04 16:25:20,061: process[command_gui/command_gui_node_cmeintel_desktop_23734_1832052686220231805-2]: started with pid [23753]
[roslaunch][INFO] 2016-06-04 16:25:20,062: ... successfully launched [command_gui/command_gui_node_cmeintel_desktop_23734_1832052686220231805-2]
[roslaunch][INFO] 2016-06-04 16:25:20,062: ... launch_nodes complete
[roslaunch.pmon][INFO] 2016-06-04 16:25:20,062: registrations completed <ProcessMonitor(ProcessMonitor-1, started daemon 140661868635904)>
[roslaunch.parent][INFO] 2016-06-04 16:25:20,062: ... roslaunch parent running, waiting for process exit
[roslaunch][INFO] 2016-06-04 16:25:20,062: spin
[roslaunch.pmon][INFO] 2016-06-04 16:28:00,301: ProcessMonitor.shutdown <ProcessMonitor(ProcessMonitor-1, started daemon 140661868635904)>
[roslaunch.pmon][INFO] 2016-06-04 16:28:00,363: ProcessMonitor._post_run <ProcessMonitor(ProcessMonitor-1, started daemon 140661868635904)>
[roslaunch.pmon][INFO] 2016-06-04 16:28:00,363: ProcessMonitor._post_run <ProcessMonitor(ProcessMonitor-1, started daemon 140661868635904)>: remaining procs are [<roslaunch.nodeprocess.LocalProcess object at 0x7fee64d9d150>, <roslaunch.nodeprocess.LocalProcess object at 0x7fee64d9d250>]
[roslaunch.pmon][INFO] 2016-06-04 16:28:00,363: ProcessMonitor exit: killing command_gui/command_gui_node_cmeintel_desktop_23734_1832052686220231805-2
[roslaunch][INFO] 2016-06-04 16:28:00,364: [command_gui/command_gui_node_cmeintel_desktop_23734_1832052686220231805-2] killing on exit
[roslaunch][INFO] 2016-06-04 16:28:00,364: process[command_gui/command_gui_node_cmeintel_desktop_23734_1832052686220231805-2]: killing os process with pid[23753] pgid[23753]
[roslaunch][INFO] 2016-06-04 16:28:00,364: [command_gui/command_gui_node_cmeintel_desktop_23734_1832052686220231805-2] sending SIGINT to pgid [23753]
[roslaunch.pmon][INFO] 2016-06-04 16:28:00,364: ProcessMonitor exit: killing dashboard_node_cmeintel_desktop_23734_4688515989514387052-1
[roslaunch][INFO] 2016-06-04 16:28:00,364: [dashboard_node_cmeintel_desktop_23734_4688515989514387052-1] killing on exit
[roslaunch][INFO] 2016-06-04 16:28:00,364: process[dashboard_node_cmeintel_desktop_23734_4688515989514387052-1]: killing os process with pid[23752] pgid[23752]
[roslaunch][INFO] 2016-06-04 16:28:00,364: [dashboard_node_cmeintel_desktop_23734_4688515989514387052-1] sending SIGINT to pgid [23752]
[roslaunch][INFO] 2016-06-04 16:28:00,365: [dashboard_node_cmeintel_desktop_23734_4688515989514387052-1] sent SIGINT to pgid [23752]
[roslaunch][INFO] 2016-06-04 16:28:00,364: [command_gui/command_gui_node_cmeintel_desktop_23734_1832052686220231805-2] sent SIGINT to pgid [23753]
[roslaunch][INFO] 2016-06-04 16:28:00,565: process[command_gui/command_gui_node_cmeintel_desktop_23734_1832052686220231805-2]: SIGINT killed with return value 0
[roslaunch][INFO] 2016-06-04 16:28:00,765: process[dashboard_node_cmeintel_desktop_23734_4688515989514387052-1]: SIGINT killed with return value 0
[roslaunch.pmon][INFO] 2016-06-04 16:28:00,766: ProcessMonitor exit: cleaning up data structures and signals
[roslaunch.pmon][INFO] 2016-06-04 16:28:00,766: ProcessMonitor exit: pmon has shutdown
[roslaunch][INFO] 2016-06-04 16:28:00,776: process monitor is done spinning, initiating full shutdown
[roslaunch][INFO] 2016-06-04 16:28:00,777: runner.stop()
[roslaunch][INFO] 2016-06-04 16:28:00,777: shutting down processing monitor...
[roslaunch][INFO] 2016-06-04 16:28:00,777: shutting down processing monitor <ProcessMonitor(ProcessMonitor-1, stopped daemon 140661868635904)>
[roslaunch.pmon][INFO] 2016-06-04 16:28:00,777: ProcessMonitor.shutdown <ProcessMonitor(ProcessMonitor-1, stopped daemon 140661868635904)>
[roslaunch][INFO] 2016-06-04 16:28:00,777: ... shutting down processing monitor complete
[roslaunch][INFO] 2016-06-04 16:28:00,777: done
[roslaunch.pmon][INFO] 2016-06-04 16:28:00,777: ProcessMonitor.shutdown <ProcessMonitor(ProcessMonitor-1, stopped daemon 140661868635904)>
[rospy.core][INFO] 2016-06-04 16:28:00,777: signal_shutdown [atexit]
