[rospy.client][INFO] 2016-06-04 16:24:28,897: init_node, name[/sensorring/gazebo_services], pid[18275]
[xmlrpc][INFO] 2016-06-04 16:24:28,899: XML-RPC server binding to 0.0.0.0:0
[xmlrpc][INFO] 2016-06-04 16:24:28,899: Started XML-RPC server [http://cmeintel-desktop:40320/]
[rospy.impl.masterslave][INFO] 2016-06-04 16:24:28,899: _ready: http://cmeintel-desktop:40320/
[rospy.init][INFO] 2016-06-04 16:24:28,913: ROS Slave URI: [http://cmeintel-desktop:40320/]
[rospy.registration][INFO] 2016-06-04 16:24:28,913: Registering with master node http://localhost:11311
[xmlrpc][INFO] 2016-06-04 16:24:28,913: xml rpc node: starting XML-RPC server
[rospy.init][INFO] 2016-06-04 16:24:29,013: registered with master
[rospy.rosout][INFO] 2016-06-04 16:24:29,013: initializing /rosout core topic
[rospy.rosout][INFO] 2016-06-04 16:24:29,017: connected to core topic /rosout
[rospy.simtime][INFO] 2016-06-04 16:24:29,020: initializing /clock core topic
[rospy.simtime][INFO] 2016-06-04 16:24:29,069: connected to core topic /clock
[rosout][INFO] 2016-06-04 16:24:29,126: gazebo_services running
[rospy.internal][INFO] 2016-06-04 16:24:29,161: topic[/rosout] adding connection to [/rosout], count 0
[rospy.internal][INFO] 2016-06-04 16:24:32,114: topic[/clock] adding connection to [http://cmeintel-desktop:35019/], count 0
[rospy.core][INFO] 2016-06-04 16:28:01,250: signal_shutdown [signal-2]
[rospy.internal][INFO] 2016-06-04 16:28:01,255: topic[/rosout] removing connection to /rosout
[rospy.internal][INFO] 2016-06-04 16:28:01,256: topic[/clock] removing connection to http://cmeintel-desktop:35019/
[rospy.impl.masterslave][INFO] 2016-06-04 16:28:01,256: signal-2
[rospy.core][INFO] 2016-06-04 16:28:01,394: signal_shutdown [atexit]
