[rospy.client][INFO] 2016-06-04 16:24:28,356: init_node, name[/spawn_urdf_world], pid[17982]
[xmlrpc][INFO] 2016-06-04 16:24:28,356: XML-RPC server binding to 0.0.0.0:0
[xmlrpc][INFO] 2016-06-04 16:24:28,356: Started XML-RPC server [http://cmeintel-desktop:41211/]
[rospy.impl.masterslave][INFO] 2016-06-04 16:24:28,356: _ready: http://cmeintel-desktop:41211/
[rospy.registration][INFO] 2016-06-04 16:24:28,357: Registering with master node http://localhost:11311
[xmlrpc][INFO] 2016-06-04 16:24:28,357: xml rpc node: starting XML-RPC server
[rospy.init][INFO] 2016-06-04 16:24:28,364: ROS Slave URI: [http://cmeintel-desktop:41211/]
[rospy.init][INFO] 2016-06-04 16:24:28,364: registered with master
[rospy.rosout][INFO] 2016-06-04 16:24:28,365: initializing /rosout core topic
[rospy.rosout][INFO] 2016-06-04 16:24:29,392: connected to core topic /rosout
[rospy.simtime][INFO] 2016-06-04 16:24:29,406: initializing /clock core topic
[rospy.simtime][INFO] 2016-06-04 16:24:29,419: connected to core topic /clock
[rosout][INFO] 2016-06-04 16:24:29,448: Loading model xml from ros parameter
[rosout][INFO] 2016-06-04 16:24:29,487: Waiting for service /gazebo/spawn_urdf_model
[rospy.internal][INFO] 2016-06-04 16:24:29,684: topic[/rosout] adding connection to [/rosout], count 0
[rospy.internal][INFO] 2016-06-04 16:24:32,170: topic[/clock] adding connection to [http://cmeintel-desktop:35019/], count 0
[rosout][INFO] 2016-06-04 16:24:32,217: Calling service /gazebo/spawn_urdf_model
[rosout][INFO] 2016-06-04 16:24:41,758: Spawn status: SpawnModel: Successfully spawned model
[rospy.core][INFO] 2016-06-04 16:24:41,758: signal_shutdown [atexit]
[rospy.internal][INFO] 2016-06-04 16:24:41,760: topic[/rosout] removing connection to /rosout
[rospy.internal][INFO] 2016-06-04 16:24:41,760: topic[/clock] removing connection to http://cmeintel-desktop:35019/
[rospy.impl.masterslave][INFO] 2016-06-04 16:24:41,760: atexit
