[rospy.client][INFO] 2016-06-04 16:24:28,827: init_node, name[/torso/gazebo_services], pid[18188]
[xmlrpc][INFO] 2016-06-04 16:24:28,828: XML-RPC server binding to 0.0.0.0:0
[xmlrpc][INFO] 2016-06-04 16:24:28,831: Started XML-RPC server [http://cmeintel-desktop:32858/]
[rospy.impl.masterslave][INFO] 2016-06-04 16:24:28,831: _ready: http://cmeintel-desktop:32858/
[rospy.init][INFO] 2016-06-04 16:24:28,831: ROS Slave URI: [http://cmeintel-desktop:32858/]
[rospy.registration][INFO] 2016-06-04 16:24:28,833: Registering with master node http://localhost:11311
[xmlrpc][INFO] 2016-06-04 16:24:28,833: xml rpc node: starting XML-RPC server
[rospy.init][INFO] 2016-06-04 16:24:28,931: registered with master
[rospy.rosout][INFO] 2016-06-04 16:24:28,932: initializing /rosout core topic
[rospy.rosout][INFO] 2016-06-04 16:24:28,951: connected to core topic /rosout
[rospy.simtime][INFO] 2016-06-04 16:24:28,963: initializing /clock core topic
[rospy.simtime][INFO] 2016-06-04 16:24:28,984: connected to core topic /clock
[rosout][INFO] 2016-06-04 16:24:29,078: gazebo_services running
[rospy.internal][INFO] 2016-06-04 16:24:29,161: topic[/rosout] adding connection to [/rosout], count 0
[rospy.internal][INFO] 2016-06-04 16:24:32,113: topic[/clock] adding connection to [http://cmeintel-desktop:35019/], count 0
[rospy.core][INFO] 2016-06-04 16:28:01,454: signal_shutdown [signal-2]
[rospy.internal][INFO] 2016-06-04 16:28:01,457: topic[/rosout] removing connection to /rosout
[rospy.internal][INFO] 2016-06-04 16:28:01,457: topic[/clock] removing connection to http://cmeintel-desktop:35019/
[rospy.impl.masterslave][INFO] 2016-06-04 16:28:01,457: signal-2
[rospy.core][INFO] 2016-06-04 16:28:01,561: signal_shutdown [atexit]
