[rospy.client][INFO] 2016-06-23 17:13:05,960: init_node, name[/ipa_pars/knowledge_parser_client_spawner], pid[17981]
[xmlrpc][INFO] 2016-06-23 17:13:05,961: XML-RPC server binding to 0.0.0.0:0
[xmlrpc][INFO] 2016-06-23 17:13:05,961: Started XML-RPC server [http://cmeintel-desktop:36152/]
[rospy.init][INFO] 2016-06-23 17:13:05,961: ROS Slave URI: [http://cmeintel-desktop:36152/]
[rospy.impl.masterslave][INFO] 2016-06-23 17:13:05,961: _ready: http://cmeintel-desktop:36152/
[rospy.registration][INFO] 2016-06-23 17:13:05,962: Registering with master node http://localhost:11311
[xmlrpc][INFO] 2016-06-23 17:13:05,962: xml rpc node: starting XML-RPC server
[rospy.init][INFO] 2016-06-23 17:13:06,061: registered with master
[rospy.rosout][INFO] 2016-06-23 17:13:06,061: initializing /rosout core topic
[rospy.rosout][INFO] 2016-06-23 17:13:06,064: connected to core topic /rosout
[rospy.simtime][INFO] 2016-06-23 17:13:06,065: /use_sim_time is not set, will not subscribe to simulated time [/clock] topic
[rosout][INFO] 2016-06-23 17:13:06,069: Initialize KnowledgeParserClient ...
[rosout][INFO] 2016-06-23 17:13:06,069: ... starting knowledge_parser_server
[rosout][WARNING] 2016-06-23 17:13:06,080: Waiting for KnowledgeParserServer to come available ...
[rospy.internal][INFO] 2016-06-23 17:13:06,125: topic[/ipa_pars/knowledge_parser_server/goal] adding connection to [/ipa_pars/knowledge_parser_server_spawner], count 0
[rospy.internal][INFO] 2016-06-23 17:13:06,125: topic[/ipa_pars/knowledge_parser_server/cancel] adding connection to [/ipa_pars/knowledge_parser_server_spawner], count 0
[rospy.internal][INFO] 2016-06-23 17:13:06,128: topic[/ipa_pars/knowledge_parser_server/result] adding connection to [http://cmeintel-desktop:42088/], count 0
[rospy.internal][INFO] 2016-06-23 17:13:06,129: topic[/ipa_pars/knowledge_parser_server/feedback] adding connection to [http://cmeintel-desktop:42088/], count 0
[rospy.internal][INFO] 2016-06-23 17:13:06,130: topic[/ipa_pars/knowledge_parser_server/status] adding connection to [http://cmeintel-desktop:42088/], count 0
[rosout][WARNING] 2016-06-23 17:13:06,141: Server is online!
[rosout][INFO] 2016-06-23 17:13:06,142: KnowledgeParserClient initialize finished
[rospy.internal][INFO] 2016-06-23 17:13:06,305: topic[/rosout] adding connection to [/rosout], count 0
[rosout][INFO] 2016-06-23 17:13:06,743: Sending goal to KnowledgeParserServer ...
[rosout][INFO] 2016-06-23 17:13:06,744: Waiting for result ...
[rosout][INFO] 2016-06-23 17:13:07,509: Received the result from KnowledgeParserServer!
[rosout][INFO] 2016-06-23 17:13:07,509: problem_pddl: []
domain_pddl: []
[rospy.core][INFO] 2016-06-23 17:13:07,510: signal_shutdown [atexit]
[rospy.internal][INFO] 2016-06-23 17:13:07,516: topic[/rosout] removing connection to /rosout
[rospy.internal][INFO] 2016-06-23 17:13:07,516: topic[/ipa_pars/knowledge_parser_server/cancel] removing connection to /ipa_pars/knowledge_parser_server_spawner
[rospy.internal][INFO] 2016-06-23 17:13:07,517: topic[/ipa_pars/knowledge_parser_server/goal] removing connection to /ipa_pars/knowledge_parser_server_spawner
[rospy.internal][INFO] 2016-06-23 17:13:07,517: topic[/ipa_pars/knowledge_parser_server/result] removing connection to http://cmeintel-desktop:42088/
[rospy.internal][INFO] 2016-06-23 17:13:07,518: topic[/ipa_pars/knowledge_parser_server/status] removing connection to http://cmeintel-desktop:42088/
[rospy.internal][WARNING] 2016-06-23 17:13:07,518: Unknown error initiating TCP/IP socket to cmeintel-desktop:32973 (http://cmeintel-desktop:42088/): Traceback (most recent call last):
  File "/opt/ros/indigo/lib/python2.7/dist-packages/rospy/impl/tcpros_base.py", line 557, in connect
    self.read_header()
  File "/opt/ros/indigo/lib/python2.7/dist-packages/rospy/impl/tcpros_base.py", line 619, in read_header
    self._validate_header(read_ros_handshake_header(sock, self.read_buff, self.protocol.buff_size))
AttributeError: 'NoneType' object has no attribute 'buff_size'

[rospy.topics][ERROR] 2016-06-23 17:13:07,519: Traceback (most recent call last):
  File "/opt/ros/indigo/lib/python2.7/dist-packages/rospy/topics.py", line 307, in close
    c.close()
  File "/opt/ros/indigo/lib/python2.7/dist-packages/rospy/impl/tcpros_base.py", line 807, in close
    self.socket.close()
AttributeError: 'NoneType' object has no attribute 'close'

[rospy.internal][INFO] 2016-06-23 17:13:07,519: topic[/ipa_pars/knowledge_parser_server/feedback] removing connection to http://cmeintel-desktop:42088/
[rospy.impl.masterslave][INFO] 2016-06-23 17:13:07,519: atexit
