[roslaunch][INFO] 2016-06-23 17:13:05,153: Checking log directory for disk usage. This may take awhile.
Press Ctrl-C to interrupt
[roslaunch][INFO] 2016-06-23 17:13:05,257: Done checking log file disk usage. Usage is <1GB.
[roslaunch][INFO] 2016-06-23 17:13:05,258: roslaunch starting with args ['/opt/ros/indigo/bin/roslaunch', 'test_knowledge_parser.launch']
[roslaunch][INFO] 2016-06-23 17:13:05,258: roslaunch env is {'LC_NUMERIC': 'C', 'MANDATORY_PATH': '/usr/share/gconf/ubuntu.mandatory.path', 'ROS_DISTRO': 'indigo', 'ROS_LOG_FILENAME': '/home/cme-intel/.ros/log/fc17e73e-3954-11e6-b3bc-bc5ff47c434e/roslaunch-cmeintel-desktop-17938.log', 'XDG_GREETER_DATA_DIR': '/var/lib/lightdm-data/cme-intel', 'GNOME_DESKTOP_SESSION_ID': 'this-is-deprecated', 'PKG_CONFIG_PATH': '/home/cme-intel/git/catkin_ws/devel/lib/pkgconfig:/opt/ros/indigo/lib/x86_64-linux-gnu/pkgconfig:/opt/ros/indigo/lib/pkgconfig', 'ROBOT': 'cob4-2', 'LESSOPEN': '| /usr/bin/lesspipe %s', 'XDG_VTNR': '7', 'ROSLISP_PACKAGE_DIRECTORIES': '/home/cme-intel/git/catkin_ws/devel/share/common-lisp', 'CPATH': '/home/cme-intel/git/catkin_ws/devel/include:/opt/ros/indigo/include', 'LOGNAME': 'cme-intel', 'USER': 'cme-intel', 'PATH': '/opt/ros/indigo/bin:/usr/local/sbin:/usr/local/bin:/usr/sbin:/usr/bin:/sbin:/bin:/usr/games:/usr/local/games', 'LC_PAPER': 'de_DE.UTF-8', 'GNOME_KEYRING_CONTROL': '/run/user/1000/keyring-cMPSCz', 'CMAKE_PREFIX_PATH': '/home/cme-intel/git/catkin_ws/devel:/opt/ros/indigo', 'LD_LIBRARY_PATH': '/home/cme-intel/git/catkin_ws/devel/lib:/opt/ros/indigo/lib/x86_64-linux-gnu:/opt/ros/indigo/lib', 'LANG': 'en_US.UTF-8', 'TERM': 'xterm', 'SHELL': '/bin/bash', 'XDG_SESSION_PATH': '/org/freedesktop/DisplayManager/Session0', 'XAUTHORITY': '/home/cme-intel/.Xauthority', 'LANGUAGE': 'en_US', 'COMPIZ_CONFIG_PROFILE': 'ubuntu', 'LC_MONETARY': 'de_DE.UTF-8', 'LESSCLOSE': '/usr/bin/lesspipe %s %s', 'GTK_IM_MODULE': 'ibus', 'QT_QPA_PLATFORMTHEME': 'appmenu-qt5', 'TERMINATOR_UUID': 'urn:uuid:344e763f-247f-4390-8243-55b24703b1de', 'JOB': 'gnome-session', 'TEXTDOMAIN': 'im-config', 'UPSTART_INSTANCE': '', 'CLUTTER_IM_MODULE': 'xim', 'WINDOWID': '56623108', '_': '/opt/ros/indigo/bin/roslaunch', 'SESSIONTYPE': 'gnome-session', 'XMODIFIERS': '@im=ibus', 'ROS_ETC_DIR': '/opt/ros/indigo/etc/ros', 'GPG_AGENT_INFO': '/run/user/1000/keyring-cMPSCz/gpg:0:1', 'HOME': '/home/cme-intel', 'QT4_IM_MODULE': 'ibus', 'SELINUX_INIT': 'YES', 'SHLVL': '1', 'XDG_RUNTIME_DIR': '/run/user/1000', 'INSTANCE': 'Unity', 'LC_ADDRESS': 'de_DE.UTF-8', 'PYTHONPATH': '/home/cme-intel/git/catkin_ws/devel/lib/python2.7/dist-packages:/opt/ros/indigo/lib/python2.7/dist-packages', 'SSH_AUTH_SOCK': '/run/user/1000/keyring-cMPSCz/ssh', 'UPSTART_EVENTS': 'started starting', 'ROS_ROOT': '/opt/ros/indigo/share/ros', 'GDMSESSION': 'ubuntu', 'IM_CONFIG_PHASE': '1', 'UPSTART_JOB': 'unity-settings-daemon', 'TEXTDOMAINDIR': '/usr/share/locale/', 'GNOME_KEYRING_PID': '2158', 'XDG_SEAT_PATH': '/org/freedesktop/DisplayManager/Seat0', 'ROS_PACKAGE_PATH': '/home/cme-intel/git/catkin_ws/src:/opt/ros/indigo/share:/opt/ros/indigo/stacks', 'XDG_CURRENT_DESKTOP': 'Unity', 'XDG_SESSION_ID': 'c2', 'DBUS_SESSION_BUS_ADDRESS': 'unix:abstract=/tmp/dbus-uFysdUHJyr', 'ORBIT_SOCKETDIR': '/tmp/orbit-cme-intel', 'DEFAULTS_PATH': '/usr/share/gconf/ubuntu.default.path', 'LC_IDENTIFICATION': 'de_DE.UTF-8', 'DESKTOP_SESSION': 'ubuntu', 'UPSTART_SESSION': 'unix:abstract=/com/ubuntu/upstart-session/1000/2198', 'XDG_CONFIG_DIRS': '/etc/xdg/xdg-ubuntu:/usr/share/upstart/xdg:/etc/xdg', 'GTK_MODULES': 'overlay-scrollbar:unity-gtk-module', 'LC_NAME': 'de_DE.UTF-8', 'OLDPWD': '/home/cme-intel', 'GDM_LANG': 'en_US', 'LC_TELEPHONE': 'de_DE.UTF-8', 'ROBOT_ENV': 'ipa-apartment', 'LC_MEASUREMENT': 'de_DE.UTF-8', 'PWD': '/home/cme-intel/git/catkin_ws/src/ipa_pars/ipa_pars_main/launch', 'QT_IM_MODULE': 'ibus', 'ROS_MASTER_URI': 'http://localhost:11311', 'COLORTERM': 'gnome-terminal', 'DISPLAY': ':0', 'LC_TIME': 'de_DE.UTF-8', 'LS_COLORS': 'rs=0:di=01;34:ln=01;36:mh=00:pi=40;33:so=01;35:do=01;35:bd=40;33;01:cd=40;33;01:or=40;31;01:su=37;41:sg=30;43:ca=30;41:tw=30;42:ow=34;42:st=37;44:ex=01;32:*.tar=01;31:*.tgz=01;31:*.arj=01;31:*.taz=01;31:*.lzh=01;31:*.lzma=01;31:*.tlz=01;31:*.txz=01;31:*.zip=01;31:*.z=01;31:*.Z=01;31:*.dz=01;31:*.gz=01;31:*.lz=01;31:*.xz=01;31:*.bz2=01;31:*.bz=01;31:*.tbz=01;31:*.tbz2=01;31:*.tz=01;31:*.deb=01;31:*.rpm=01;31:*.jar=01;31:*.war=01;31:*.ear=01;31:*.sar=01;31:*.rar=01;31:*.ace=01;31:*.zoo=01;31:*.cpio=01;31:*.7z=01;31:*.rz=01;31:*.jpg=01;35:*.jpeg=01;35:*.gif=01;35:*.bmp=01;35:*.pbm=01;35:*.pgm=01;35:*.ppm=01;35:*.tga=01;35:*.xbm=01;35:*.xpm=01;35:*.tif=01;35:*.tiff=01;35:*.png=01;35:*.svg=01;35:*.svgz=01;35:*.mng=01;35:*.pcx=01;35:*.mov=01;35:*.mpg=01;35:*.mpeg=01;35:*.m2v=01;35:*.mkv=01;35:*.webm=01;35:*.ogm=01;35:*.mp4=01;35:*.m4v=01;35:*.mp4v=01;35:*.vob=01;35:*.qt=01;35:*.nuv=01;35:*.wmv=01;35:*.asf=01;35:*.rm=01;35:*.rmvb=01;35:*.flc=01;35:*.avi=01;35:*.fli=01;35:*.flv=01;35:*.gl=01;35:*.dl=01;35:*.xcf=01;35:*.xwd=01;35:*.yuv=01;35:*.cgm=01;35:*.emf=01;35:*.axv=01;35:*.anx=01;35:*.ogv=01;35:*.ogx=01;35:*.aac=00;36:*.au=00;36:*.flac=00;36:*.mid=00;36:*.midi=00;36:*.mka=00;36:*.mp3=00;36:*.mpc=00;36:*.ogg=00;36:*.ra=00;36:*.wav=00;36:*.axa=00;36:*.oga=00;36:*.spx=00;36:*.xspf=00;36:', 'XDG_DATA_DIRS': '/usr/share/ubuntu:/usr/share/gnome:/usr/local/share/:/usr/share/', 'XDG_SEAT': 'seat0'}
[roslaunch][INFO] 2016-06-23 17:13:05,258: starting in server mode
[roslaunch.parent][INFO] 2016-06-23 17:13:05,258: starting roslaunch parent run
[roslaunch][INFO] 2016-06-23 17:13:05,259: loading roscore config file /opt/ros/indigo/etc/ros/roscore.xml
[roslaunch][INFO] 2016-06-23 17:13:05,430: Added core node of type [rosout/rosout] in namespace [/]
[roslaunch.config][INFO] 2016-06-23 17:13:05,430: loading config file test_knowledge_parser.launch
[roslaunch][INFO] 2016-06-23 17:13:05,431: Added node of type [ipa_pars_main/knowledge_parser_server.py] in namespace [/ipa_pars/]
[roslaunch][INFO] 2016-06-23 17:13:05,431: Added node of type [ipa_pars_main/knowledge_parser_client.py] in namespace [/ipa_pars/]
[roslaunch][INFO] 2016-06-23 17:13:05,431: ... selected machine [] for node of type [ipa_pars_main/knowledge_parser_server.py]
[roslaunch][INFO] 2016-06-23 17:13:05,431: ... selected machine [] for node of type [ipa_pars_main/knowledge_parser_client.py]
[roslaunch.pmon][INFO] 2016-06-23 17:13:05,432: start_process_monitor: creating ProcessMonitor
[roslaunch.pmon][INFO] 2016-06-23 17:13:05,432: created process monitor <ProcessMonitor(ProcessMonitor-1, initial daemon)>
[roslaunch.pmon][INFO] 2016-06-23 17:13:05,432: start_process_monitor: ProcessMonitor started
[roslaunch.parent][INFO] 2016-06-23 17:13:05,432: starting parent XML-RPC server
[roslaunch.server][INFO] 2016-06-23 17:13:05,433: starting roslaunch XML-RPC server
[roslaunch.server][INFO] 2016-06-23 17:13:05,433: waiting for roslaunch XML-RPC server to initialize
[xmlrpc][INFO] 2016-06-23 17:13:05,433: XML-RPC server binding to 0.0.0.0:0
[xmlrpc][INFO] 2016-06-23 17:13:05,434: Started XML-RPC server [http://cmeintel-desktop:43841/]
[xmlrpc][INFO] 2016-06-23 17:13:05,434: xml rpc node: starting XML-RPC server
[roslaunch][INFO] 2016-06-23 17:13:05,445: started roslaunch server http://cmeintel-desktop:43841/
[roslaunch.parent][INFO] 2016-06-23 17:13:05,445: ... parent XML-RPC server started
[roslaunch][INFO] 2016-06-23 17:13:05,445: master.is_running[http://localhost:11311]
[roslaunch][INFO] 2016-06-23 17:13:05,446: auto-starting new master
[roslaunch][INFO] 2016-06-23 17:13:05,446: create_master_process: rosmaster, /opt/ros/indigo/share/ros, 11311, 3, None
[roslaunch][INFO] 2016-06-23 17:13:05,446: process[master]: launching with args [['rosmaster', '--core', '-p', '11311', '-w', '3']]
[roslaunch.pmon][INFO] 2016-06-23 17:13:05,446: ProcessMonitor.register[master]
[roslaunch.pmon][INFO] 2016-06-23 17:13:05,446: ProcessMonitor.register[master] complete
[roslaunch][INFO] 2016-06-23 17:13:05,446: process[master]: starting os process
[roslaunch][INFO] 2016-06-23 17:13:05,446: process[master]: start w/ args [['rosmaster', '--core', '-p', '11311', '-w', '3', '__log:=/home/cme-intel/.ros/log/fc17e73e-3954-11e6-b3bc-bc5ff47c434e/master.log']]
[roslaunch][INFO] 2016-06-23 17:13:05,447: process[master]: cwd will be [/home/cme-intel/.ros]
[roslaunch][INFO] 2016-06-23 17:13:05,449: process[master]: started with pid [17950]
[roslaunch][INFO] 2016-06-23 17:13:05,449: master.is_running[http://localhost:11311]
[roslaunch][INFO] 2016-06-23 17:13:05,550: master.is_running[http://localhost:11311]
[roslaunch][INFO] 2016-06-23 17:13:05,650: master.is_running[http://localhost:11311]
[roslaunch][INFO] 2016-06-23 17:13:05,652: master.is_running[http://localhost:11311]
[roslaunch][INFO] 2016-06-23 17:13:05,652: ROS_MASTER_URI=http://localhost:11311
[roslaunch][INFO] 2016-06-23 17:13:05,653: setting /run_id to fc17e73e-3954-11e6-b3bc-bc5ff47c434e
[roslaunch][INFO] 2016-06-23 17:13:05,655: setting /roslaunch/uris/host_cmeintel_desktop__43841' to http://cmeintel-desktop:43841/
[roslaunch][INFO] 2016-06-23 17:13:05,657: ... preparing to launch node of type [rosout/rosout]
[roslaunch][INFO] 2016-06-23 17:13:05,658: create_node_process: package[rosout] type[rosout] machine[Machine(name[] env_loader[None] address[localhost] ssh_port[22] user[None] assignable[True] timeout[10.0])] master_uri[http://localhost:11311]
[roslaunch][INFO] 2016-06-23 17:13:05,658: process[rosout-1]: env[{'LC_NUMERIC': 'C', 'WINDOWID': '56623108', 'QT_QPA_PLATFORMTHEME': 'appmenu-qt5', 'ROS_DISTRO': 'indigo', 'DISPLAY': ':0', 'XDG_GREETER_DATA_DIR': '/var/lib/lightdm-data/cme-intel', 'GNOME_DESKTOP_SESSION_ID': 'this-is-deprecated', 'LC_MEASUREMENT': 'de_DE.UTF-8', 'XDG_CURRENT_DESKTOP': 'Unity', 'ROBOT': 'cob4-2', 'LESSOPEN': '| /usr/bin/lesspipe %s', 'LC_PAPER': 'de_DE.UTF-8', 'ROSLISP_PACKAGE_DIRECTORIES': '/home/cme-intel/git/catkin_ws/devel/share/common-lisp', 'CPATH': '/home/cme-intel/git/catkin_ws/devel/include:/opt/ros/indigo/include', 'LOGNAME': 'cme-intel', 'USER': 'cme-intel', 'PATH': '/opt/ros/indigo/bin:/usr/local/sbin:/usr/local/bin:/usr/sbin:/usr/bin:/sbin:/bin:/usr/games:/usr/local/games', 'XDG_VTNR': '7', 'GNOME_KEYRING_CONTROL': '/run/user/1000/keyring-cMPSCz', 'CMAKE_PREFIX_PATH': '/home/cme-intel/git/catkin_ws/devel:/opt/ros/indigo', 'LD_LIBRARY_PATH': '/home/cme-intel/git/catkin_ws/devel/lib:/opt/ros/indigo/lib/x86_64-linux-gnu:/opt/ros/indigo/lib', 'LANG': 'en_US.UTF-8', 'TERM': 'xterm', 'SHELL': '/bin/bash', 'XDG_SESSION_PATH': '/org/freedesktop/DisplayManager/Session0', 'XAUTHORITY': '/home/cme-intel/.Xauthority', 'LANGUAGE': 'en_US', 'INSTANCE': 'Unity', 'LC_MONETARY': 'de_DE.UTF-8', 'XDG_SESSION_ID': 'c2', 'MANDATORY_PATH': '/usr/share/gconf/ubuntu.mandatory.path', 'TERMINATOR_UUID': 'urn:uuid:344e763f-247f-4390-8243-55b24703b1de', 'JOB': 'gnome-session', 'ROS_LOG_FILENAME': '/home/cme-intel/.ros/log/fc17e73e-3954-11e6-b3bc-bc5ff47c434e/roslaunch-cmeintel-desktop-17938.log', 'UPSTART_INSTANCE': '', 'COMPIZ_CONFIG_PROFILE': 'ubuntu', 'TEXTDOMAIN': 'im-config', 'ORBIT_SOCKETDIR': '/tmp/orbit-cme-intel', 'CLUTTER_IM_MODULE': 'xim', 'XMODIFIERS': '@im=ibus', 'ROS_MASTER_URI': 'http://localhost:11311', 'GPG_AGENT_INFO': '/run/user/1000/keyring-cMPSCz/gpg:0:1', 'HOME': '/home/cme-intel', 'QT4_IM_MODULE': 'ibus', 'SELINUX_INIT': 'YES', 'SSH_AUTH_SOCK': '/run/user/1000/keyring-cMPSCz/ssh', 'XDG_RUNTIME_DIR': '/run/user/1000', 'LC_IDENTIFICATION': 'de_DE.UTF-8', 'LC_ADDRESS': 'de_DE.UTF-8', 'PYTHONPATH': '/home/cme-intel/git/catkin_ws/devel/lib/python2.7/dist-packages:/opt/ros/indigo/lib/python2.7/dist-packages', 'SESSIONTYPE': 'gnome-session', 'UPSTART_EVENTS': 'started starting', 'GDMSESSION': 'ubuntu', 'IM_CONFIG_PHASE': '1', 'UPSTART_JOB': 'unity-settings-daemon', 'TEXTDOMAINDIR': '/usr/share/locale/', 'ROBOT_ENV': 'ipa-apartment', 'XDG_DATA_DIRS': '/usr/share/ubuntu:/usr/share/gnome:/usr/local/share/:/usr/share/', 'PKG_CONFIG_PATH': '/home/cme-intel/git/catkin_ws/devel/lib/pkgconfig:/opt/ros/indigo/lib/x86_64-linux-gnu/pkgconfig:/opt/ros/indigo/lib/pkgconfig', 'ROS_PACKAGE_PATH': '/home/cme-intel/git/catkin_ws/src:/opt/ros/indigo/share:/opt/ros/indigo/stacks', 'ROS_ROOT': '/opt/ros/indigo/share/ros', 'XDG_SEAT_PATH': '/org/freedesktop/DisplayManager/Seat0', 'DBUS_SESSION_BUS_ADDRESS': 'unix:abstract=/tmp/dbus-uFysdUHJyr', '_': '/opt/ros/indigo/bin/roslaunch', 'DEFAULTS_PATH': '/usr/share/gconf/ubuntu.default.path', 'GTK_IM_MODULE': 'ibus', 'DESKTOP_SESSION': 'ubuntu', 'UPSTART_SESSION': 'unix:abstract=/com/ubuntu/upstart-session/1000/2198', 'LESSCLOSE': '/usr/bin/lesspipe %s %s', 'GNOME_KEYRING_PID': '2158', 'OLDPWD': '/home/cme-intel', 'LS_COLORS': 'rs=0:di=01;34:ln=01;36:mh=00:pi=40;33:so=01;35:do=01;35:bd=40;33;01:cd=40;33;01:or=40;31;01:su=37;41:sg=30;43:ca=30;41:tw=30;42:ow=34;42:st=37;44:ex=01;32:*.tar=01;31:*.tgz=01;31:*.arj=01;31:*.taz=01;31:*.lzh=01;31:*.lzma=01;31:*.tlz=01;31:*.txz=01;31:*.zip=01;31:*.z=01;31:*.Z=01;31:*.dz=01;31:*.gz=01;31:*.lz=01;31:*.xz=01;31:*.bz2=01;31:*.bz=01;31:*.tbz=01;31:*.tbz2=01;31:*.tz=01;31:*.deb=01;31:*.rpm=01;31:*.jar=01;31:*.war=01;31:*.ear=01;31:*.sar=01;31:*.rar=01;31:*.ace=01;31:*.zoo=01;31:*.cpio=01;31:*.7z=01;31:*.rz=01;31:*.jpg=01;35:*.jpeg=01;35:*.gif=01;35:*.bmp=01;35:*.pbm=01;35:*.pgm=01;35:*.ppm=01;35:*.tga=01;35:*.xbm=01;35:*.xpm=01;35:*.tif=01;35:*.tiff=01;35:*.png=01;35:*.svg=01;35:*.svgz=01;35:*.mng=01;35:*.pcx=01;35:*.mov=01;35:*.mpg=01;35:*.mpeg=01;35:*.m2v=01;35:*.mkv=01;35:*.webm=01;35:*.ogm=01;35:*.mp4=01;35:*.m4v=01;35:*.mp4v=01;35:*.vob=01;35:*.qt=01;35:*.nuv=01;35:*.wmv=01;35:*.asf=01;35:*.rm=01;35:*.rmvb=01;35:*.flc=01;35:*.avi=01;35:*.fli=01;35:*.flv=01;35:*.gl=01;35:*.dl=01;35:*.xcf=01;35:*.xwd=01;35:*.yuv=01;35:*.cgm=01;35:*.emf=01;35:*.axv=01;35:*.anx=01;35:*.ogv=01;35:*.ogx=01;35:*.aac=00;36:*.au=00;36:*.flac=00;36:*.mid=00;36:*.midi=00;36:*.mka=00;36:*.mp3=00;36:*.mpc=00;36:*.ogg=00;36:*.ra=00;36:*.wav=00;36:*.axa=00;36:*.oga=00;36:*.spx=00;36:*.xspf=00;36:', 'GDM_LANG': 'en_US', 'LC_TELEPHONE': 'de_DE.UTF-8', 'GTK_MODULES': 'overlay-scrollbar:unity-gtk-module', 'SHLVL': '1', 'PWD': '/home/cme-intel/git/catkin_ws/src/ipa_pars/ipa_pars_main/launch', 'QT_IM_MODULE': 'ibus', 'ROS_ETC_DIR': '/opt/ros/indigo/etc/ros', 'COLORTERM': 'gnome-terminal', 'LC_NAME': 'de_DE.UTF-8', 'LC_TIME': 'de_DE.UTF-8', 'XDG_CONFIG_DIRS': '/etc/xdg/xdg-ubuntu:/usr/share/upstart/xdg:/etc/xdg', 'XDG_SEAT': 'seat0'}]
[roslaunch][INFO] 2016-06-23 17:13:05,788: process[rosout-1]: args[[u'/opt/ros/indigo/lib/rosout/rosout', u'__name:=rosout']]
[roslaunch][INFO] 2016-06-23 17:13:05,788: ... created process [rosout-1]
[roslaunch.pmon][INFO] 2016-06-23 17:13:05,788: ProcessMonitor.register[rosout-1]
[roslaunch.pmon][INFO] 2016-06-23 17:13:05,788: ProcessMonitor.register[rosout-1] complete
[roslaunch][INFO] 2016-06-23 17:13:05,788: ... registered process [rosout-1]
[roslaunch][INFO] 2016-06-23 17:13:05,788: process[rosout-1]: starting os process
[roslaunch][INFO] 2016-06-23 17:13:05,789: process[rosout-1]: start w/ args [[u'/opt/ros/indigo/lib/rosout/rosout', u'__name:=rosout', u'__log:=/home/cme-intel/.ros/log/fc17e73e-3954-11e6-b3bc-bc5ff47c434e/rosout-1.log']]
[roslaunch][INFO] 2016-06-23 17:13:05,789: process[rosout-1]: cwd will be [/home/cme-intel/.ros]
[roslaunch][INFO] 2016-06-23 17:13:05,791: process[rosout-1]: started with pid [17963]
[roslaunch][INFO] 2016-06-23 17:13:05,792: ... successfully launched [rosout-1]
[roslaunch][INFO] 2016-06-23 17:13:05,792: load_parameters starting ...
[roslaunch][INFO] 2016-06-23 17:13:05,795: ... load_parameters complete
[roslaunch][INFO] 2016-06-23 17:13:05,795: launch_nodes: launching local nodes ...
[roslaunch][INFO] 2016-06-23 17:13:05,795: ... preparing to launch node of type [ipa_pars_main/knowledge_parser_server.py]
[roslaunch][INFO] 2016-06-23 17:13:05,795: create_node_process: package[ipa_pars_main] type[knowledge_parser_server.py] machine[Machine(name[] env_loader[None] address[localhost] ssh_port[22] user[None] assignable[True] timeout[10.0])] master_uri[http://localhost:11311]
[roslaunch][INFO] 2016-06-23 17:13:05,795: process[ipa_pars/knowledge_parser_server_spawner-2]: env[{'LC_NUMERIC': 'C', 'WINDOWID': '56623108', 'QT_QPA_PLATFORMTHEME': 'appmenu-qt5', 'ROS_DISTRO': 'indigo', 'DISPLAY': ':0', 'XDG_GREETER_DATA_DIR': '/var/lib/lightdm-data/cme-intel', 'GNOME_DESKTOP_SESSION_ID': 'this-is-deprecated', 'LC_MEASUREMENT': 'de_DE.UTF-8', 'XDG_CURRENT_DESKTOP': 'Unity', 'ROBOT': 'cob4-2', 'LESSOPEN': '| /usr/bin/lesspipe %s', 'LC_PAPER': 'de_DE.UTF-8', 'ROSLISP_PACKAGE_DIRECTORIES': '/home/cme-intel/git/catkin_ws/devel/share/common-lisp', 'CPATH': '/home/cme-intel/git/catkin_ws/devel/include:/opt/ros/indigo/include', 'LOGNAME': 'cme-intel', 'USER': 'cme-intel', 'PATH': '/opt/ros/indigo/bin:/usr/local/sbin:/usr/local/bin:/usr/sbin:/usr/bin:/sbin:/bin:/usr/games:/usr/local/games', 'XDG_VTNR': '7', 'GNOME_KEYRING_CONTROL': '/run/user/1000/keyring-cMPSCz', 'CMAKE_PREFIX_PATH': '/home/cme-intel/git/catkin_ws/devel:/opt/ros/indigo', 'LD_LIBRARY_PATH': '/home/cme-intel/git/catkin_ws/devel/lib:/opt/ros/indigo/lib/x86_64-linux-gnu:/opt/ros/indigo/lib', 'LANG': 'en_US.UTF-8', 'TERM': 'xterm', 'SHELL': '/bin/bash', 'XDG_SESSION_PATH': '/org/freedesktop/DisplayManager/Session0', 'XAUTHORITY': '/home/cme-intel/.Xauthority', 'LANGUAGE': 'en_US', 'INSTANCE': 'Unity', 'LC_MONETARY': 'de_DE.UTF-8', 'XDG_SESSION_ID': 'c2', 'MANDATORY_PATH': '/usr/share/gconf/ubuntu.mandatory.path', 'TERMINATOR_UUID': 'urn:uuid:344e763f-247f-4390-8243-55b24703b1de', 'JOB': 'gnome-session', 'ROS_LOG_FILENAME': '/home/cme-intel/.ros/log/fc17e73e-3954-11e6-b3bc-bc5ff47c434e/roslaunch-cmeintel-desktop-17938.log', 'UPSTART_INSTANCE': '', 'COMPIZ_CONFIG_PROFILE': 'ubuntu', 'TEXTDOMAIN': 'im-config', 'ORBIT_SOCKETDIR': '/tmp/orbit-cme-intel', 'CLUTTER_IM_MODULE': 'xim', 'XMODIFIERS': '@im=ibus', 'ROS_MASTER_URI': 'http://localhost:11311', 'GPG_AGENT_INFO': '/run/user/1000/keyring-cMPSCz/gpg:0:1', 'HOME': '/home/cme-intel', 'QT4_IM_MODULE': 'ibus', 'SELINUX_INIT': 'YES', 'SSH_AUTH_SOCK': '/run/user/1000/keyring-cMPSCz/ssh', 'XDG_RUNTIME_DIR': '/run/user/1000', 'LC_IDENTIFICATION': 'de_DE.UTF-8', 'LC_ADDRESS': 'de_DE.UTF-8', 'PYTHONPATH': '/home/cme-intel/git/catkin_ws/devel/lib/python2.7/dist-packages:/opt/ros/indigo/lib/python2.7/dist-packages', 'SESSIONTYPE': 'gnome-session', 'ROS_NAMESPACE': u'/ipa_pars', 'UPSTART_EVENTS': 'started starting', 'GDMSESSION': 'ubuntu', 'IM_CONFIG_PHASE': '1', 'UPSTART_JOB': 'unity-settings-daemon', 'TEXTDOMAINDIR': '/usr/share/locale/', 'ROBOT_ENV': 'ipa-apartment', 'XDG_DATA_DIRS': '/usr/share/ubuntu:/usr/share/gnome:/usr/local/share/:/usr/share/', 'PKG_CONFIG_PATH': '/home/cme-intel/git/catkin_ws/devel/lib/pkgconfig:/opt/ros/indigo/lib/x86_64-linux-gnu/pkgconfig:/opt/ros/indigo/lib/pkgconfig', 'ROS_PACKAGE_PATH': '/home/cme-intel/git/catkin_ws/src:/opt/ros/indigo/share:/opt/ros/indigo/stacks', 'ROS_ROOT': '/opt/ros/indigo/share/ros', 'XDG_SEAT_PATH': '/org/freedesktop/DisplayManager/Seat0', 'DBUS_SESSION_BUS_ADDRESS': 'unix:abstract=/tmp/dbus-uFysdUHJyr', '_': '/opt/ros/indigo/bin/roslaunch', 'DEFAULTS_PATH': '/usr/share/gconf/ubuntu.default.path', 'GTK_IM_MODULE': 'ibus', 'DESKTOP_SESSION': 'ubuntu', 'UPSTART_SESSION': 'unix:abstract=/com/ubuntu/upstart-session/1000/2198', 'LESSCLOSE': '/usr/bin/lesspipe %s %s', 'GNOME_KEYRING_PID': '2158', 'OLDPWD': '/home/cme-intel', 'LS_COLORS': 'rs=0:di=01;34:ln=01;36:mh=00:pi=40;33:so=01;35:do=01;35:bd=40;33;01:cd=40;33;01:or=40;31;01:su=37;41:sg=30;43:ca=30;41:tw=30;42:ow=34;42:st=37;44:ex=01;32:*.tar=01;31:*.tgz=01;31:*.arj=01;31:*.taz=01;31:*.lzh=01;31:*.lzma=01;31:*.tlz=01;31:*.txz=01;31:*.zip=01;31:*.z=01;31:*.Z=01;31:*.dz=01;31:*.gz=01;31:*.lz=01;31:*.xz=01;31:*.bz2=01;31:*.bz=01;31:*.tbz=01;31:*.tbz2=01;31:*.tz=01;31:*.deb=01;31:*.rpm=01;31:*.jar=01;31:*.war=01;31:*.ear=01;31:*.sar=01;31:*.rar=01;31:*.ace=01;31:*.zoo=01;31:*.cpio=01;31:*.7z=01;31:*.rz=01;31:*.jpg=01;35:*.jpeg=01;35:*.gif=01;35:*.bmp=01;35:*.pbm=01;35:*.pgm=01;35:*.ppm=01;35:*.tga=01;35:*.xbm=01;35:*.xpm=01;35:*.tif=01;35:*.tiff=01;35:*.png=01;35:*.svg=01;35:*.svgz=01;35:*.mng=01;35:*.pcx=01;35:*.mov=01;35:*.mpg=01;35:*.mpeg=01;35:*.m2v=01;35:*.mkv=01;35:*.webm=01;35:*.ogm=01;35:*.mp4=01;35:*.m4v=01;35:*.mp4v=01;35:*.vob=01;35:*.qt=01;35:*.nuv=01;35:*.wmv=01;35:*.asf=01;35:*.rm=01;35:*.rmvb=01;35:*.flc=01;35:*.avi=01;35:*.fli=01;35:*.flv=01;35:*.gl=01;35:*.dl=01;35:*.xcf=01;35:*.xwd=01;35:*.yuv=01;35:*.cgm=01;35:*.emf=01;35:*.axv=01;35:*.anx=01;35:*.ogv=01;35:*.ogx=01;35:*.aac=00;36:*.au=00;36:*.flac=00;36:*.mid=00;36:*.midi=00;36:*.mka=00;36:*.mp3=00;36:*.mpc=00;36:*.ogg=00;36:*.ra=00;36:*.wav=00;36:*.axa=00;36:*.oga=00;36:*.spx=00;36:*.xspf=00;36:', 'GDM_LANG': 'en_US', 'LC_TELEPHONE': 'de_DE.UTF-8', 'GTK_MODULES': 'overlay-scrollbar:unity-gtk-module', 'SHLVL': '1', 'PWD': '/home/cme-intel/git/catkin_ws/src/ipa_pars/ipa_pars_main/launch', 'QT_IM_MODULE': 'ibus', 'ROS_ETC_DIR': '/opt/ros/indigo/etc/ros', 'COLORTERM': 'gnome-terminal', 'LC_NAME': 'de_DE.UTF-8', 'LC_TIME': 'de_DE.UTF-8', 'XDG_CONFIG_DIRS': '/etc/xdg/xdg-ubuntu:/usr/share/upstart/xdg:/etc/xdg', 'XDG_SEAT': 'seat0'}]
[roslaunch][INFO] 2016-06-23 17:13:05,825: process[ipa_pars/knowledge_parser_server_spawner-2]: args[[u'/home/cme-intel/git/catkin_ws/src/ipa_pars/ipa_pars_main/src/knowledge_parser_server.py', u'__name:=knowledge_parser_server_spawner']]
[roslaunch][INFO] 2016-06-23 17:13:05,826: ... created process [ipa_pars/knowledge_parser_server_spawner-2]
[roslaunch.pmon][INFO] 2016-06-23 17:13:05,826: ProcessMonitor.register[ipa_pars/knowledge_parser_server_spawner-2]
[roslaunch.pmon][INFO] 2016-06-23 17:13:05,826: ProcessMonitor.register[ipa_pars/knowledge_parser_server_spawner-2] complete
[roslaunch][INFO] 2016-06-23 17:13:05,826: ... registered process [ipa_pars/knowledge_parser_server_spawner-2]
[roslaunch][INFO] 2016-06-23 17:13:05,826: process[ipa_pars/knowledge_parser_server_spawner-2]: starting os process
[roslaunch][INFO] 2016-06-23 17:13:05,826: process[ipa_pars/knowledge_parser_server_spawner-2]: start w/ args [[u'/home/cme-intel/git/catkin_ws/src/ipa_pars/ipa_pars_main/src/knowledge_parser_server.py', u'__name:=knowledge_parser_server_spawner', u'__log:=/home/cme-intel/.ros/log/fc17e73e-3954-11e6-b3bc-bc5ff47c434e/ipa_pars-knowledge_parser_server_spawner-2.log']]
[roslaunch][INFO] 2016-06-23 17:13:05,826: process[ipa_pars/knowledge_parser_server_spawner-2]: cwd will be [/home/cme-intel/.ros]
[roslaunch][INFO] 2016-06-23 17:13:05,828: process[ipa_pars/knowledge_parser_server_spawner-2]: started with pid [17980]
[roslaunch][INFO] 2016-06-23 17:13:05,828: ... successfully launched [ipa_pars/knowledge_parser_server_spawner-2]
[roslaunch][INFO] 2016-06-23 17:13:05,828: ... preparing to launch node of type [ipa_pars_main/knowledge_parser_client.py]
[roslaunch][INFO] 2016-06-23 17:13:05,828: create_node_process: package[ipa_pars_main] type[knowledge_parser_client.py] machine[Machine(name[] env_loader[None] address[localhost] ssh_port[22] user[None] assignable[True] timeout[10.0])] master_uri[http://localhost:11311]
[roslaunch][INFO] 2016-06-23 17:13:05,829: process[ipa_pars/knowledge_parser_client_spawner-3]: env[{'LC_NUMERIC': 'C', 'WINDOWID': '56623108', 'QT_QPA_PLATFORMTHEME': 'appmenu-qt5', 'ROS_DISTRO': 'indigo', 'DISPLAY': ':0', 'XDG_GREETER_DATA_DIR': '/var/lib/lightdm-data/cme-intel', 'GNOME_DESKTOP_SESSION_ID': 'this-is-deprecated', 'LC_MEASUREMENT': 'de_DE.UTF-8', 'XDG_CURRENT_DESKTOP': 'Unity', 'ROBOT': 'cob4-2', 'LESSOPEN': '| /usr/bin/lesspipe %s', 'LC_PAPER': 'de_DE.UTF-8', 'ROSLISP_PACKAGE_DIRECTORIES': '/home/cme-intel/git/catkin_ws/devel/share/common-lisp', 'CPATH': '/home/cme-intel/git/catkin_ws/devel/include:/opt/ros/indigo/include', 'LOGNAME': 'cme-intel', 'USER': 'cme-intel', 'PATH': '/opt/ros/indigo/bin:/usr/local/sbin:/usr/local/bin:/usr/sbin:/usr/bin:/sbin:/bin:/usr/games:/usr/local/games', 'XDG_VTNR': '7', 'GNOME_KEYRING_CONTROL': '/run/user/1000/keyring-cMPSCz', 'CMAKE_PREFIX_PATH': '/home/cme-intel/git/catkin_ws/devel:/opt/ros/indigo', 'LD_LIBRARY_PATH': '/home/cme-intel/git/catkin_ws/devel/lib:/opt/ros/indigo/lib/x86_64-linux-gnu:/opt/ros/indigo/lib', 'LANG': 'en_US.UTF-8', 'TERM': 'xterm', 'SHELL': '/bin/bash', 'XDG_SESSION_PATH': '/org/freedesktop/DisplayManager/Session0', 'XAUTHORITY': '/home/cme-intel/.Xauthority', 'LANGUAGE': 'en_US', 'INSTANCE': 'Unity', 'LC_MONETARY': 'de_DE.UTF-8', 'XDG_SESSION_ID': 'c2', 'MANDATORY_PATH': '/usr/share/gconf/ubuntu.mandatory.path', 'TERMINATOR_UUID': 'urn:uuid:344e763f-247f-4390-8243-55b24703b1de', 'JOB': 'gnome-session', 'ROS_LOG_FILENAME': '/home/cme-intel/.ros/log/fc17e73e-3954-11e6-b3bc-bc5ff47c434e/roslaunch-cmeintel-desktop-17938.log', 'UPSTART_INSTANCE': '', 'COMPIZ_CONFIG_PROFILE': 'ubuntu', 'TEXTDOMAIN': 'im-config', 'ORBIT_SOCKETDIR': '/tmp/orbit-cme-intel', 'CLUTTER_IM_MODULE': 'xim', 'XMODIFIERS': '@im=ibus', 'ROS_MASTER_URI': 'http://localhost:11311', 'GPG_AGENT_INFO': '/run/user/1000/keyring-cMPSCz/gpg:0:1', 'HOME': '/home/cme-intel', 'QT4_IM_MODULE': 'ibus', 'SELINUX_INIT': 'YES', 'SSH_AUTH_SOCK': '/run/user/1000/keyring-cMPSCz/ssh', 'XDG_RUNTIME_DIR': '/run/user/1000', 'LC_IDENTIFICATION': 'de_DE.UTF-8', 'LC_ADDRESS': 'de_DE.UTF-8', 'PYTHONPATH': '/home/cme-intel/git/catkin_ws/devel/lib/python2.7/dist-packages:/opt/ros/indigo/lib/python2.7/dist-packages', 'SESSIONTYPE': 'gnome-session', 'ROS_NAMESPACE': u'/ipa_pars', 'UPSTART_EVENTS': 'started starting', 'GDMSESSION': 'ubuntu', 'IM_CONFIG_PHASE': '1', 'UPSTART_JOB': 'unity-settings-daemon', 'TEXTDOMAINDIR': '/usr/share/locale/', 'ROBOT_ENV': 'ipa-apartment', 'XDG_DATA_DIRS': '/usr/share/ubuntu:/usr/share/gnome:/usr/local/share/:/usr/share/', 'PKG_CONFIG_PATH': '/home/cme-intel/git/catkin_ws/devel/lib/pkgconfig:/opt/ros/indigo/lib/x86_64-linux-gnu/pkgconfig:/opt/ros/indigo/lib/pkgconfig', 'ROS_PACKAGE_PATH': '/home/cme-intel/git/catkin_ws/src:/opt/ros/indigo/share:/opt/ros/indigo/stacks', 'ROS_ROOT': '/opt/ros/indigo/share/ros', 'XDG_SEAT_PATH': '/org/freedesktop/DisplayManager/Seat0', 'DBUS_SESSION_BUS_ADDRESS': 'unix:abstract=/tmp/dbus-uFysdUHJyr', '_': '/opt/ros/indigo/bin/roslaunch', 'DEFAULTS_PATH': '/usr/share/gconf/ubuntu.default.path', 'GTK_IM_MODULE': 'ibus', 'DESKTOP_SESSION': 'ubuntu', 'UPSTART_SESSION': 'unix:abstract=/com/ubuntu/upstart-session/1000/2198', 'LESSCLOSE': '/usr/bin/lesspipe %s %s', 'GNOME_KEYRING_PID': '2158', 'OLDPWD': '/home/cme-intel', 'LS_COLORS': 'rs=0:di=01;34:ln=01;36:mh=00:pi=40;33:so=01;35:do=01;35:bd=40;33;01:cd=40;33;01:or=40;31;01:su=37;41:sg=30;43:ca=30;41:tw=30;42:ow=34;42:st=37;44:ex=01;32:*.tar=01;31:*.tgz=01;31:*.arj=01;31:*.taz=01;31:*.lzh=01;31:*.lzma=01;31:*.tlz=01;31:*.txz=01;31:*.zip=01;31:*.z=01;31:*.Z=01;31:*.dz=01;31:*.gz=01;31:*.lz=01;31:*.xz=01;31:*.bz2=01;31:*.bz=01;31:*.tbz=01;31:*.tbz2=01;31:*.tz=01;31:*.deb=01;31:*.rpm=01;31:*.jar=01;31:*.war=01;31:*.ear=01;31:*.sar=01;31:*.rar=01;31:*.ace=01;31:*.zoo=01;31:*.cpio=01;31:*.7z=01;31:*.rz=01;31:*.jpg=01;35:*.jpeg=01;35:*.gif=01;35:*.bmp=01;35:*.pbm=01;35:*.pgm=01;35:*.ppm=01;35:*.tga=01;35:*.xbm=01;35:*.xpm=01;35:*.tif=01;35:*.tiff=01;35:*.png=01;35:*.svg=01;35:*.svgz=01;35:*.mng=01;35:*.pcx=01;35:*.mov=01;35:*.mpg=01;35:*.mpeg=01;35:*.m2v=01;35:*.mkv=01;35:*.webm=01;35:*.ogm=01;35:*.mp4=01;35:*.m4v=01;35:*.mp4v=01;35:*.vob=01;35:*.qt=01;35:*.nuv=01;35:*.wmv=01;35:*.asf=01;35:*.rm=01;35:*.rmvb=01;35:*.flc=01;35:*.avi=01;35:*.fli=01;35:*.flv=01;35:*.gl=01;35:*.dl=01;35:*.xcf=01;35:*.xwd=01;35:*.yuv=01;35:*.cgm=01;35:*.emf=01;35:*.axv=01;35:*.anx=01;35:*.ogv=01;35:*.ogx=01;35:*.aac=00;36:*.au=00;36:*.flac=00;36:*.mid=00;36:*.midi=00;36:*.mka=00;36:*.mp3=00;36:*.mpc=00;36:*.ogg=00;36:*.ra=00;36:*.wav=00;36:*.axa=00;36:*.oga=00;36:*.spx=00;36:*.xspf=00;36:', 'GDM_LANG': 'en_US', 'LC_TELEPHONE': 'de_DE.UTF-8', 'GTK_MODULES': 'overlay-scrollbar:unity-gtk-module', 'SHLVL': '1', 'PWD': '/home/cme-intel/git/catkin_ws/src/ipa_pars/ipa_pars_main/launch', 'QT_IM_MODULE': 'ibus', 'ROS_ETC_DIR': '/opt/ros/indigo/etc/ros', 'COLORTERM': 'gnome-terminal', 'LC_NAME': 'de_DE.UTF-8', 'LC_TIME': 'de_DE.UTF-8', 'XDG_CONFIG_DIRS': '/etc/xdg/xdg-ubuntu:/usr/share/upstart/xdg:/etc/xdg', 'XDG_SEAT': 'seat0'}]
[roslaunch][INFO] 2016-06-23 17:13:05,832: process[ipa_pars/knowledge_parser_client_spawner-3]: args[[u'/home/cme-intel/git/catkin_ws/src/ipa_pars/ipa_pars_main/src/knowledge_parser_client.py', u'__name:=knowledge_parser_client_spawner']]
[roslaunch][INFO] 2016-06-23 17:13:05,833: ... created process [ipa_pars/knowledge_parser_client_spawner-3]
[roslaunch.pmon][INFO] 2016-06-23 17:13:05,833: ProcessMonitor.register[ipa_pars/knowledge_parser_client_spawner-3]
[roslaunch.pmon][INFO] 2016-06-23 17:13:05,833: ProcessMonitor.register[ipa_pars/knowledge_parser_client_spawner-3] complete
[roslaunch][INFO] 2016-06-23 17:13:05,833: ... registered process [ipa_pars/knowledge_parser_client_spawner-3]
[roslaunch][INFO] 2016-06-23 17:13:05,833: process[ipa_pars/knowledge_parser_client_spawner-3]: starting os process
[roslaunch][INFO] 2016-06-23 17:13:05,833: process[ipa_pars/knowledge_parser_client_spawner-3]: start w/ args [[u'/home/cme-intel/git/catkin_ws/src/ipa_pars/ipa_pars_main/src/knowledge_parser_client.py', u'__name:=knowledge_parser_client_spawner', u'__log:=/home/cme-intel/.ros/log/fc17e73e-3954-11e6-b3bc-bc5ff47c434e/ipa_pars-knowledge_parser_client_spawner-3.log']]
[roslaunch][INFO] 2016-06-23 17:13:05,833: process[ipa_pars/knowledge_parser_client_spawner-3]: cwd will be [/home/cme-intel/.ros]
[roslaunch][INFO] 2016-06-23 17:13:05,835: process[ipa_pars/knowledge_parser_client_spawner-3]: started with pid [17981]
[roslaunch][INFO] 2016-06-23 17:13:05,835: ... successfully launched [ipa_pars/knowledge_parser_client_spawner-3]
[roslaunch][INFO] 2016-06-23 17:13:05,835: ... launch_nodes complete
[roslaunch.pmon][INFO] 2016-06-23 17:13:05,835: registrations completed <ProcessMonitor(ProcessMonitor-1, started daemon 140429869283072)>
[roslaunch.parent][INFO] 2016-06-23 17:13:05,836: ... roslaunch parent running, waiting for process exit
[roslaunch][INFO] 2016-06-23 17:13:05,836: spin
[roslaunch][INFO] 2016-06-23 17:13:07,736: [ipa_pars/knowledge_parser_client_spawner-3] process has finished cleanly
log file: /home/cme-intel/.ros/log/fc17e73e-3954-11e6-b3bc-bc5ff47c434e/ipa_pars-knowledge_parser_client_spawner-3*.log
[roslaunch.pmon][INFO] 2016-06-23 17:13:07,737: ProcessMonitor.unregister[ipa_pars/knowledge_parser_client_spawner-3] starting
[roslaunch.pmon][INFO] 2016-06-23 17:13:07,737: ProcessMonitor.unregister[ipa_pars/knowledge_parser_client_spawner-3] complete
[roslaunch.pmon][INFO] 2016-06-23 17:13:11,891: ProcessMonitor.shutdown <ProcessMonitor(ProcessMonitor-1, started daemon 140429869283072)>
[roslaunch.pmon][INFO] 2016-06-23 17:13:11,944: ProcessMonitor._post_run <ProcessMonitor(ProcessMonitor-1, started daemon 140429869283072)>
[roslaunch.pmon][INFO] 2016-06-23 17:13:11,945: ProcessMonitor._post_run <ProcessMonitor(ProcessMonitor-1, started daemon 140429869283072)>: remaining procs are [<roslaunch.nodeprocess.LocalProcess object at 0x7fb86144add0>, <roslaunch.nodeprocess.LocalProcess object at 0x7fb8609b9550>, <roslaunch.nodeprocess.LocalProcess object at 0x7fb86144af10>]
[roslaunch.pmon][INFO] 2016-06-23 17:13:11,945: ProcessMonitor exit: killing ipa_pars/knowledge_parser_server_spawner-2
[roslaunch][INFO] 2016-06-23 17:13:11,946: [ipa_pars/knowledge_parser_server_spawner-2] killing on exit
[roslaunch][INFO] 2016-06-23 17:13:11,946: process[ipa_pars/knowledge_parser_server_spawner-2]: killing os process with pid[17980] pgid[17980]
[roslaunch][INFO] 2016-06-23 17:13:11,947: [ipa_pars/knowledge_parser_server_spawner-2] sending SIGINT to pgid [17980]
[roslaunch][INFO] 2016-06-23 17:13:11,947: [ipa_pars/knowledge_parser_server_spawner-2] sent SIGINT to pgid [17980]
[roslaunch][INFO] 2016-06-23 17:13:12,148: process[ipa_pars/knowledge_parser_server_spawner-2]: SIGINT killed with return value 0
[roslaunch.pmon][INFO] 2016-06-23 17:13:12,148: ProcessMonitor exit: killing rosout-1
[roslaunch][INFO] 2016-06-23 17:13:12,148: [rosout-1] killing on exit
[roslaunch][INFO] 2016-06-23 17:13:12,149: process[rosout-1]: killing os process with pid[17963] pgid[17963]
[roslaunch][INFO] 2016-06-23 17:13:12,149: [rosout-1] sending SIGINT to pgid [17963]
[roslaunch][INFO] 2016-06-23 17:13:12,149: [rosout-1] sent SIGINT to pgid [17963]
[roslaunch][INFO] 2016-06-23 17:13:12,349: process[rosout-1]: SIGINT killed with return value 0
[roslaunch.pmon][INFO] 2016-06-23 17:13:12,350: ProcessMonitor exit: killing master
[roslaunch][INFO] 2016-06-23 17:13:12,350: [master] killing on exit
[roslaunch][INFO] 2016-06-23 17:13:12,350: process[master]: killing os process with pid[17950] pgid[17950]
[roslaunch][INFO] 2016-06-23 17:13:12,350: [master] sending SIGINT to pgid [17950]
[roslaunch][INFO] 2016-06-23 17:13:12,350: [master] sent SIGINT to pgid [17950]
[roslaunch][INFO] 2016-06-23 17:13:12,551: process[master]: SIGINT killed with return value 0
[roslaunch.pmon][INFO] 2016-06-23 17:13:12,551: ProcessMonitor exit: cleaning up data structures and signals
[roslaunch.pmon][INFO] 2016-06-23 17:13:12,551: ProcessMonitor exit: pmon has shutdown
[roslaunch][INFO] 2016-06-23 17:13:12,556: process monitor is done spinning, initiating full shutdown
[roslaunch][INFO] 2016-06-23 17:13:12,556: runner.stop()
[roslaunch][INFO] 2016-06-23 17:13:12,556: shutting down processing monitor...
[roslaunch][INFO] 2016-06-23 17:13:12,556: shutting down processing monitor <ProcessMonitor(ProcessMonitor-1, stopped daemon 140429869283072)>
[roslaunch.pmon][INFO] 2016-06-23 17:13:12,557: ProcessMonitor.shutdown <ProcessMonitor(ProcessMonitor-1, stopped daemon 140429869283072)>
[roslaunch][INFO] 2016-06-23 17:13:12,557: ... shutting down processing monitor complete
[roslaunch][INFO] 2016-06-23 17:13:12,557: done
[roslaunch.pmon][INFO] 2016-06-23 17:13:12,557: ProcessMonitor.shutdown <ProcessMonitor(ProcessMonitor-1, stopped daemon 140429869283072)>
[rospy.core][INFO] 2016-06-23 17:13:12,557: signal_shutdown [atexit]
