[rospy.client][INFO] 2016-06-08 13:38:29,880: init_node, name[/arm_left/gazebo_services], pid[12413]
[xmlrpc][INFO] 2016-06-08 13:38:29,881: XML-RPC server binding to 0.0.0.0:0
[rospy.init][INFO] 2016-06-08 13:38:29,881: ROS Slave URI: [http://cmeintel-desktop:35887/]
[xmlrpc][INFO] 2016-06-08 13:38:29,881: Started XML-RPC server [http://cmeintel-desktop:35887/]
[rospy.impl.masterslave][INFO] 2016-06-08 13:38:29,881: _ready: http://cmeintel-desktop:35887/
[xmlrpc][INFO] 2016-06-08 13:38:29,881: xml rpc node: starting XML-RPC server
[rospy.registration][INFO] 2016-06-08 13:38:29,882: Registering with master node http://localhost:11311
[rospy.init][INFO] 2016-06-08 13:38:29,981: registered with master
[rospy.rosout][INFO] 2016-06-08 13:38:29,981: initializing /rosout core topic
[rospy.rosout][INFO] 2016-06-08 13:38:29,991: connected to core topic /rosout
[rospy.simtime][INFO] 2016-06-08 13:38:29,998: initializing /clock core topic
[rospy.simtime][INFO] 2016-06-08 13:38:30,061: connected to core topic /clock
[rospy.internal][INFO] 2016-06-08 13:38:30,269: topic[/rosout] adding connection to [/rosout], count 0
[rosout][INFO] 2016-06-08 13:38:30,369: gazebo_services running
[rospy.internal][INFO] 2016-06-08 13:38:31,294: topic[/clock] adding connection to [http://cmeintel-desktop:32904/], count 0
[rospy.core][INFO] 2016-06-08 13:41:07,101: signal_shutdown [signal-2]
[rospy.internal][INFO] 2016-06-08 13:41:07,129: topic[/rosout] removing connection to /rosout
[rospy.internal][INFO] 2016-06-08 13:41:07,130: topic[/clock] removing connection to http://cmeintel-desktop:32904/
[rospy.impl.masterslave][INFO] 2016-06-08 13:41:07,134: signal-2
[rospy.core][INFO] 2016-06-08 13:41:07,748: signal_shutdown [atexit]
