[rospy.client][INFO] 2016-06-08 13:38:30,076: init_node, name[/arm_right/gazebo_services], pid[12552]
[xmlrpc][INFO] 2016-06-08 13:38:30,076: XML-RPC server binding to 0.0.0.0:0
[xmlrpc][INFO] 2016-06-08 13:38:30,076: Started XML-RPC server [http://cmeintel-desktop:38783/]
[rospy.init][INFO] 2016-06-08 13:38:30,076: ROS Slave URI: [http://cmeintel-desktop:38783/]
[rospy.impl.masterslave][INFO] 2016-06-08 13:38:30,077: _ready: http://cmeintel-desktop:38783/
[rospy.registration][INFO] 2016-06-08 13:38:30,077: Registering with master node http://localhost:11311
[xmlrpc][INFO] 2016-06-08 13:38:30,081: xml rpc node: starting XML-RPC server
[rospy.init][INFO] 2016-06-08 13:38:30,180: registered with master
[rospy.rosout][INFO] 2016-06-08 13:38:30,180: initializing /rosout core topic
[rospy.rosout][INFO] 2016-06-08 13:38:30,200: connected to core topic /rosout
[rospy.simtime][INFO] 2016-06-08 13:38:30,220: initializing /clock core topic
[rospy.simtime][INFO] 2016-06-08 13:38:30,248: connected to core topic /clock
[rosout][INFO] 2016-06-08 13:38:30,351: gazebo_services running
[rospy.internal][INFO] 2016-06-08 13:38:30,481: topic[/rosout] adding connection to [/rosout], count 0
[rospy.internal][INFO] 2016-06-08 13:38:31,259: topic[/clock] adding connection to [http://cmeintel-desktop:32904/], count 0
[rospy.core][INFO] 2016-06-08 13:41:06,814: signal_shutdown [signal-2]
[rospy.internal][INFO] 2016-06-08 13:41:06,817: topic[/rosout] removing connection to /rosout
[rospy.internal][INFO] 2016-06-08 13:41:06,817: topic[/clock] removing connection to http://cmeintel-desktop:32904/
[rospy.impl.masterslave][INFO] 2016-06-08 13:41:06,817: signal-2
[rospy.core][INFO] 2016-06-08 13:41:06,933: signal_shutdown [atexit]
