[rospy.client][INFO] 2016-06-08 13:38:29,507: init_node, name[/base/gazebo_services], pid[12137]
[xmlrpc][INFO] 2016-06-08 13:38:29,508: XML-RPC server binding to 0.0.0.0:0
[xmlrpc][INFO] 2016-06-08 13:38:29,508: Started XML-RPC server [http://cmeintel-desktop:43466/]
[rospy.impl.masterslave][INFO] 2016-06-08 13:38:29,508: _ready: http://cmeintel-desktop:43466/
[rospy.init][INFO] 2016-06-08 13:38:29,509: ROS Slave URI: [http://cmeintel-desktop:43466/]
[rospy.registration][INFO] 2016-06-08 13:38:29,518: Registering with master node http://localhost:11311
[xmlrpc][INFO] 2016-06-08 13:38:29,519: xml rpc node: starting XML-RPC server
[rospy.init][INFO] 2016-06-08 13:38:29,609: registered with master
[rospy.rosout][INFO] 2016-06-08 13:38:29,609: initializing /rosout core topic
[rospy.rosout][INFO] 2016-06-08 13:38:29,635: connected to core topic /rosout
[rospy.simtime][INFO] 2016-06-08 13:38:29,638: initializing /clock core topic
[rospy.simtime][INFO] 2016-06-08 13:38:29,667: connected to core topic /clock
[rospy.internal][INFO] 2016-06-08 13:38:29,837: topic[/rosout] adding connection to [/rosout], count 0
[rosout][INFO] 2016-06-08 13:38:30,765: gazebo_services running
[rospy.internal][INFO] 2016-06-08 13:38:31,263: topic[/clock] adding connection to [http://cmeintel-desktop:32904/], count 0
[rospy.core][INFO] 2016-06-08 13:41:07,619: signal_shutdown [signal-2]
[rospy.internal][INFO] 2016-06-08 13:41:07,622: topic[/rosout] removing connection to /rosout
[rospy.internal][INFO] 2016-06-08 13:41:07,622: topic[/clock] removing connection to http://cmeintel-desktop:32904/
[rospy.impl.masterslave][INFO] 2016-06-08 13:41:07,622: signal-2
[rospy.core][INFO] 2016-06-08 13:41:08,241: signal_shutdown [atexit]
