[rospy.client][INFO] 2016-06-08 13:38:31,827: init_node, name[/behavior], pid[12885]
[xmlrpc][INFO] 2016-06-08 13:38:31,827: XML-RPC server binding to 0.0.0.0:0
[xmlrpc][INFO] 2016-06-08 13:38:31,828: Started XML-RPC server [http://cmeintel-desktop:32873/]
[rospy.impl.masterslave][INFO] 2016-06-08 13:38:31,828: _ready: http://cmeintel-desktop:32873/
[rospy.registration][INFO] 2016-06-08 13:38:31,828: Registering with master node http://localhost:11311
[xmlrpc][INFO] 2016-06-08 13:38:31,828: xml rpc node: starting XML-RPC server
[rospy.init][INFO] 2016-06-08 13:38:31,830: ROS Slave URI: [http://cmeintel-desktop:32873/]
[rospy.init][INFO] 2016-06-08 13:38:31,830: registered with master
[rospy.rosout][INFO] 2016-06-08 13:38:31,830: initializing /rosout core topic
[rospy.rosout][INFO] 2016-06-08 13:38:31,840: connected to core topic /rosout
[rospy.simtime][INFO] 2016-06-08 13:38:31,849: initializing /clock core topic
[rospy.simtime][INFO] 2016-06-08 13:38:31,863: connected to core topic /clock
[rospy.internal][INFO] 2016-06-08 13:38:31,894: topic[/clock] adding connection to [http://cmeintel-desktop:32904/], count 0
[rospy.internal][INFO] 2016-06-08 13:38:32,127: topic[/rosout] adding connection to [/rosout], count 0
[rospy.core][INFO] 2016-06-08 13:41:06,400: signal_shutdown [signal-2]
[rospy.internal][INFO] 2016-06-08 13:41:06,421: topic[/rosout] removing connection to /rosout
[rospy.internal][INFO] 2016-06-08 13:41:06,423: topic[/clock] removing connection to http://cmeintel-desktop:32904/
[rospy.impl.masterslave][INFO] 2016-06-08 13:41:06,423: signal-2
[rospy.internal][WARNING] 2016-06-08 13:41:06,447: Unknown error initiating TCP/IP socket to cmeintel-desktop:35021 (http://cmeintel-desktop:32904/): Traceback (most recent call last):
  File "/opt/ros/indigo/lib/python2.7/dist-packages/rospy/impl/tcpros_base.py", line 558, in connect
    self.local_endpoint = self.socket.getsockname()
AttributeError: 'NoneType' object has no attribute 'getsockname'

[rospy.core][INFO] 2016-06-08 13:41:07,038: signal_shutdown [atexit]
