[rospy.client][INFO] 2016-06-08 13:38:29,324: init_node, name[/elevator], pid[12111]
[xmlrpc][INFO] 2016-06-08 13:38:29,324: XML-RPC server binding to 0.0.0.0:0
[xmlrpc][INFO] 2016-06-08 13:38:29,324: Started XML-RPC server [http://cmeintel-desktop:41779/]
[rospy.impl.masterslave][INFO] 2016-06-08 13:38:29,325: _ready: http://cmeintel-desktop:41779/
[rospy.registration][INFO] 2016-06-08 13:38:29,325: Registering with master node http://localhost:11311
[xmlrpc][INFO] 2016-06-08 13:38:29,325: xml rpc node: starting XML-RPC server
[rospy.init][INFO] 2016-06-08 13:38:29,329: ROS Slave URI: [http://cmeintel-desktop:41779/]
[rospy.init][INFO] 2016-06-08 13:38:29,329: registered with master
[rospy.rosout][INFO] 2016-06-08 13:38:29,329: initializing /rosout core topic
[rospy.rosout][INFO] 2016-06-08 13:38:30,340: connected to core topic /rosout
[rospy.simtime][INFO] 2016-06-08 13:38:30,354: initializing /clock core topic
[rospy.simtime][INFO] 2016-06-08 13:38:30,396: connected to core topic /clock
[rospy.internal][INFO] 2016-06-08 13:38:30,482: topic[/rosout] adding connection to [/rosout], count 0
[rospy.internal][INFO] 2016-06-08 13:38:31,256: topic[/clock] adding connection to [http://cmeintel-desktop:32904/], count 0
[rospy.internal][INFO] 2016-06-08 13:38:41,522: topic[/elevator_button1_bumper] adding connection to [http://cmeintel-desktop:32904/], count 0
[rospy.core][INFO] 2016-06-08 13:41:07,720: signal_shutdown [signal-2]
[rospy.internal][INFO] 2016-06-08 13:41:07,725: topic[/rosout] removing connection to /rosout
[rospy.internal][INFO] 2016-06-08 13:41:07,726: topic[/clock] removing connection to http://cmeintel-desktop:32904/
[rospy.internal][INFO] 2016-06-08 13:41:07,726: topic[/elevator_button1_bumper] removing connection to http://cmeintel-desktop:32904/
[rospy.impl.masterslave][INFO] 2016-06-08 13:41:07,726: signal-2
[rospy.internal][ERROR] 2016-06-08 13:41:07,730: Traceback (most recent call last):
  File "/opt/ros/indigo/lib/python2.7/dist-packages/rospy/impl/tcpros_base.py", line 698, in receive_once
    self.stat_bytes += recv_buff(sock, b, p.buff_size)
  File "/opt/ros/indigo/lib/python2.7/dist-packages/rospy/impl/tcpros_base.py", line 103, in recv_buff
    d = sock.recv(buff_size)
error: [Errno 104] Connection reset by peer

[rospy.core][INFO] 2016-06-08 13:41:07,830: signal_shutdown [atexit]
