[rospy.client][INFO] 2016-06-08 13:38:30,336: init_node, name[/gripper_left/gazebo_services], pid[12668]
[xmlrpc][INFO] 2016-06-08 13:38:30,338: XML-RPC server binding to 0.0.0.0:0
[rospy.init][INFO] 2016-06-08 13:38:30,338: ROS Slave URI: [http://cmeintel-desktop:43725/]
[xmlrpc][INFO] 2016-06-08 13:38:30,338: Started XML-RPC server [http://cmeintel-desktop:43725/]
[rospy.impl.masterslave][INFO] 2016-06-08 13:38:30,338: _ready: http://cmeintel-desktop:43725/
[xmlrpc][INFO] 2016-06-08 13:38:30,338: xml rpc node: starting XML-RPC server
[rospy.registration][INFO] 2016-06-08 13:38:30,341: Registering with master node http://localhost:11311
[rospy.init][INFO] 2016-06-08 13:38:30,438: registered with master
[rospy.rosout][INFO] 2016-06-08 13:38:30,438: initializing /rosout core topic
[rospy.rosout][INFO] 2016-06-08 13:38:30,464: connected to core topic /rosout
[rospy.simtime][INFO] 2016-06-08 13:38:30,475: initializing /clock core topic
[rospy.simtime][INFO] 2016-06-08 13:38:30,494: connected to core topic /clock
[rosout][INFO] 2016-06-08 13:38:30,531: gazebo_services running
[rospy.internal][INFO] 2016-06-08 13:38:30,690: topic[/rosout] adding connection to [/rosout], count 0
[rospy.internal][INFO] 2016-06-08 13:38:31,295: topic[/clock] adding connection to [http://cmeintel-desktop:32904/], count 0
[rospy.core][INFO] 2016-06-08 13:41:06,502: signal_shutdown [signal-2]
[rospy.internal][INFO] 2016-06-08 13:41:06,505: topic[/rosout] removing connection to /rosout
[rospy.internal][INFO] 2016-06-08 13:41:06,506: topic[/clock] removing connection to http://cmeintel-desktop:32904/
[rospy.impl.masterslave][INFO] 2016-06-08 13:41:06,506: signal-2
[rospy.internal][WARNING] 2016-06-08 13:41:06,511: Unknown error initiating TCP/IP socket to cmeintel-desktop:35021 (http://cmeintel-desktop:32904/): Traceback (most recent call last):
  File "/opt/ros/indigo/lib/python2.7/dist-packages/rospy/impl/tcpros_base.py", line 558, in connect
    self.local_endpoint = self.socket.getsockname()
AttributeError: 'NoneType' object has no attribute 'getsockname'

[rospy.core][INFO] 2016-06-08 13:41:06,670: signal_shutdown [atexit]
