[rospy.client][INFO] 2016-06-08 13:38:30,363: init_node, name[/gripper_right/gazebo_services], pid[12737]
[xmlrpc][INFO] 2016-06-08 13:38:30,363: XML-RPC server binding to 0.0.0.0:0
[xmlrpc][INFO] 2016-06-08 13:38:30,363: Started XML-RPC server [http://cmeintel-desktop:43030/]
[rospy.impl.masterslave][INFO] 2016-06-08 13:38:30,363: _ready: http://cmeintel-desktop:43030/
[rospy.registration][INFO] 2016-06-08 13:38:30,364: Registering with master node http://localhost:11311
[xmlrpc][INFO] 2016-06-08 13:38:30,364: xml rpc node: starting XML-RPC server
[rospy.init][INFO] 2016-06-08 13:38:30,364: ROS Slave URI: [http://cmeintel-desktop:43030/]
[rospy.init][INFO] 2016-06-08 13:38:30,364: registered with master
[rospy.rosout][INFO] 2016-06-08 13:38:30,364: initializing /rosout core topic
[rospy.rosout][INFO] 2016-06-08 13:38:30,395: connected to core topic /rosout
[rospy.simtime][INFO] 2016-06-08 13:38:30,408: initializing /clock core topic
[rospy.simtime][INFO] 2016-06-08 13:38:30,414: connected to core topic /clock
[rosout][INFO] 2016-06-08 13:38:30,494: gazebo_services running
[rospy.internal][INFO] 2016-06-08 13:38:30,587: topic[/rosout] adding connection to [/rosout], count 0
[rospy.internal][INFO] 2016-06-08 13:38:31,298: topic[/clock] adding connection to [http://cmeintel-desktop:32904/], count 0
[rospy.core][INFO] 2016-06-08 13:41:06,414: signal_shutdown [signal-2]
[rospy.internal][INFO] 2016-06-08 13:41:06,430: topic[/rosout] removing connection to /rosout
[rospy.internal][INFO] 2016-06-08 13:41:06,430: topic[/clock] removing connection to http://cmeintel-desktop:32904/
[rospy.impl.masterslave][INFO] 2016-06-08 13:41:06,431: signal-2
[rospy.core][INFO] 2016-06-08 13:41:06,562: signal_shutdown [atexit]
