[rospy.client][INFO] 2016-06-08 13:38:29,745: init_node, name[/relayboard_node], pid[12281]
[xmlrpc][INFO] 2016-06-08 13:38:29,745: XML-RPC server binding to 0.0.0.0:0
[xmlrpc][INFO] 2016-06-08 13:38:29,748: Started XML-RPC server [http://cmeintel-desktop:37462/]
[rospy.impl.masterslave][INFO] 2016-06-08 13:38:29,748: _ready: http://cmeintel-desktop:37462/
[rospy.init][INFO] 2016-06-08 13:38:29,748: ROS Slave URI: [http://cmeintel-desktop:37462/]
[rospy.registration][INFO] 2016-06-08 13:38:29,749: Registering with master node http://localhost:11311
[xmlrpc][INFO] 2016-06-08 13:38:29,749: xml rpc node: starting XML-RPC server
[rospy.init][INFO] 2016-06-08 13:38:29,848: registered with master
[rospy.rosout][INFO] 2016-06-08 13:38:29,848: initializing /rosout core topic
[rospy.rosout][INFO] 2016-06-08 13:38:29,854: connected to core topic /rosout
[rospy.simtime][INFO] 2016-06-08 13:38:29,859: initializing /clock core topic
[rospy.simtime][INFO] 2016-06-08 13:38:29,876: connected to core topic /clock
[rospy.internal][INFO] 2016-06-08 13:38:30,157: topic[/rosout] adding connection to [/rosout], count 0
[rospy.internal][INFO] 2016-06-08 13:38:31,297: topic[/clock] adding connection to [http://cmeintel-desktop:32904/], count 0
[rospy.internal][INFO] 2016-06-08 13:38:33,709: topic[/emergency_stop_state] adding connection to [/dashboard_aggregator], count 0
[rospy.internal][INFO] 2016-06-08 13:41:06,430: topic[/emergency_stop_state] adding connection to [/dashboard_aggregator], count 1
[rospy.internal][INFO] 2016-06-08 13:41:06,430: topic[/emergency_stop_state] removing connection to /dashboard_aggregator
[rospy.core][INFO] 2016-06-08 13:41:07,410: signal_shutdown [signal-2]
[rospy.internal][INFO] 2016-06-08 13:41:07,414: topic[/emergency_stop_state] removing connection to /dashboard_aggregator
[rospy.internal][INFO] 2016-06-08 13:41:07,414: topic[/rosout] removing connection to /rosout
[rospy.internal][INFO] 2016-06-08 13:41:07,414: topic[/clock] removing connection to http://cmeintel-desktop:32904/
[rospy.impl.masterslave][INFO] 2016-06-08 13:41:07,414: signal-2
[rospy.core][INFO] 2016-06-08 13:41:07,906: signal_shutdown [atexit]
