[rospy.client][INFO] 2016-06-08 13:38:31,845: init_node, name[/script_server], pid[12918]
[xmlrpc][INFO] 2016-06-08 13:38:31,845: XML-RPC server binding to 0.0.0.0:0
[xmlrpc][INFO] 2016-06-08 13:38:31,845: Started XML-RPC server [http://cmeintel-desktop:42739/]
[rospy.init][INFO] 2016-06-08 13:38:31,845: ROS Slave URI: [http://cmeintel-desktop:42739/]
[rospy.impl.masterslave][INFO] 2016-06-08 13:38:31,846: _ready: http://cmeintel-desktop:42739/
[xmlrpc][INFO] 2016-06-08 13:38:31,846: xml rpc node: starting XML-RPC server
[rospy.registration][INFO] 2016-06-08 13:38:31,846: Registering with master node http://localhost:11311
[rospy.init][INFO] 2016-06-08 13:38:31,946: registered with master
[rospy.rosout][INFO] 2016-06-08 13:38:31,946: initializing /rosout core topic
[rospy.rosout][INFO] 2016-06-08 13:38:31,950: connected to core topic /rosout
[rospy.simtime][INFO] 2016-06-08 13:38:31,981: initializing /clock core topic
[rospy.simtime][INFO] 2016-06-08 13:38:31,993: connected to core topic /clock
[rospy.internal][INFO] 2016-06-08 13:38:32,019: topic[/clock] adding connection to [http://cmeintel-desktop:32904/], count 0
[rospy.internal][INFO] 2016-06-08 13:38:32,229: topic[/rosout] adding connection to [/rosout], count 0
[rosout][INFO] 2016-06-08 13:38:33,055: script_server is running
[rospy.core][INFO] 2016-06-08 13:41:06,399: signal_shutdown [signal-2]
[rospy.internal][INFO] 2016-06-08 13:41:06,404: topic[/rosout] removing connection to /rosout
[rospy.internal][INFO] 2016-06-08 13:41:06,404: topic[/clock] removing connection to http://cmeintel-desktop:32904/
[rospy.impl.masterslave][INFO] 2016-06-08 13:41:06,405: signal-2
[rospy.core][INFO] 2016-06-08 13:41:06,904: signal_shutdown [atexit]
