[rospy.client][INFO] 2016-06-08 13:38:29,945: init_node, name[/sensorring/gazebo_services], pid[12402]
[xmlrpc][INFO] 2016-06-08 13:38:29,946: XML-RPC server binding to 0.0.0.0:0
[xmlrpc][INFO] 2016-06-08 13:38:29,946: Started XML-RPC server [http://cmeintel-desktop:35264/]
[rospy.impl.masterslave][INFO] 2016-06-08 13:38:29,946: _ready: http://cmeintel-desktop:35264/
[rospy.init][INFO] 2016-06-08 13:38:29,946: ROS Slave URI: [http://cmeintel-desktop:35264/]
[rospy.registration][INFO] 2016-06-08 13:38:29,946: Registering with master node http://localhost:11311
[xmlrpc][INFO] 2016-06-08 13:38:29,947: xml rpc node: starting XML-RPC server
[rospy.init][INFO] 2016-06-08 13:38:30,047: registered with master
[rospy.rosout][INFO] 2016-06-08 13:38:30,047: initializing /rosout core topic
[rospy.rosout][INFO] 2016-06-08 13:38:31,048: connected to core topic /rosout
[rospy.simtime][INFO] 2016-06-08 13:38:31,049: initializing /clock core topic
[rospy.simtime][INFO] 2016-06-08 13:38:31,053: connected to core topic /clock
[rosout][INFO] 2016-06-08 13:38:31,070: gazebo_services running
[rospy.internal][INFO] 2016-06-08 13:38:31,296: topic[/clock] adding connection to [http://cmeintel-desktop:32904/], count 0
[rospy.internal][INFO] 2016-06-08 13:38:31,342: topic[/rosout] adding connection to [/rosout], count 0
[rospy.core][INFO] 2016-06-08 13:41:07,106: signal_shutdown [signal-2]
[rospy.internal][INFO] 2016-06-08 13:41:07,152: topic[/rosout] removing connection to /rosout
[rospy.internal][INFO] 2016-06-08 13:41:07,152: topic[/clock] removing connection to http://cmeintel-desktop:32904/
[rospy.impl.masterslave][INFO] 2016-06-08 13:41:07,152: signal-2
[rospy.internal][ERROR] 2016-06-08 13:41:07,153: Traceback (most recent call last):
  File "/opt/ros/indigo/lib/python2.7/dist-packages/rospy/impl/tcpros_base.py", line 698, in receive_once
    self.stat_bytes += recv_buff(sock, b, p.buff_size)
  File "/opt/ros/indigo/lib/python2.7/dist-packages/rospy/impl/tcpros_base.py", line 103, in recv_buff
    d = sock.recv(buff_size)
error: [Errno 104] Connection reset by peer

[rospy.core][INFO] 2016-06-08 13:41:07,767: signal_shutdown [atexit]
