[rospy.client][INFO] 2016-06-08 13:38:29,824: init_node, name[/torso/gazebo_services], pid[12299]
[xmlrpc][INFO] 2016-06-08 13:38:29,824: XML-RPC server binding to 0.0.0.0:0
[xmlrpc][INFO] 2016-06-08 13:38:29,825: Started XML-RPC server [http://cmeintel-desktop:46311/]
[rospy.impl.masterslave][INFO] 2016-06-08 13:38:29,825: _ready: http://cmeintel-desktop:46311/
[rospy.init][INFO] 2016-06-08 13:38:29,825: ROS Slave URI: [http://cmeintel-desktop:46311/]
[rospy.registration][INFO] 2016-06-08 13:38:29,842: Registering with master node http://localhost:11311
[xmlrpc][INFO] 2016-06-08 13:38:29,843: xml rpc node: starting XML-RPC server
[rospy.init][INFO] 2016-06-08 13:38:29,940: registered with master
[rospy.rosout][INFO] 2016-06-08 13:38:29,940: initializing /rosout core topic
[rospy.rosout][INFO] 2016-06-08 13:38:29,953: connected to core topic /rosout
[rospy.simtime][INFO] 2016-06-08 13:38:29,955: initializing /clock core topic
[rospy.simtime][INFO] 2016-06-08 13:38:29,989: connected to core topic /clock
[rosout][INFO] 2016-06-08 13:38:30,096: gazebo_services running
[rospy.internal][INFO] 2016-06-08 13:38:30,157: topic[/rosout] adding connection to [/rosout], count 0
[rospy.internal][INFO] 2016-06-08 13:38:31,295: topic[/clock] adding connection to [http://cmeintel-desktop:32904/], count 0
[rospy.core][INFO] 2016-06-08 13:41:07,404: signal_shutdown [signal-2]
[rospy.internal][INFO] 2016-06-08 13:41:07,407: topic[/rosout] removing connection to /rosout
[rospy.internal][INFO] 2016-06-08 13:41:07,407: topic[/clock] removing connection to http://cmeintel-desktop:32904/
[rospy.impl.masterslave][INFO] 2016-06-08 13:41:07,407: signal-2
[rospy.core][INFO] 2016-06-08 13:41:07,539: signal_shutdown [atexit]
