[rospy.client][INFO] 2016-06-08 13:41:19,284: init_node, name[/arm_right/gazebo_services], pid[18923]
[xmlrpc][INFO] 2016-06-08 13:41:19,290: XML-RPC server binding to 0.0.0.0:0
[xmlrpc][INFO] 2016-06-08 13:41:19,290: Started XML-RPC server [http://cmeintel-desktop:36552/]
[rospy.impl.masterslave][INFO] 2016-06-08 13:41:19,290: _ready: http://cmeintel-desktop:36552/
[rospy.registration][INFO] 2016-06-08 13:41:19,291: Registering with master node http://localhost:11311
[xmlrpc][INFO] 2016-06-08 13:41:19,291: xml rpc node: starting XML-RPC server
[rospy.init][INFO] 2016-06-08 13:41:19,291: ROS Slave URI: [http://cmeintel-desktop:36552/]
[rospy.init][INFO] 2016-06-08 13:41:19,291: registered with master
[rospy.rosout][INFO] 2016-06-08 13:41:19,291: initializing /rosout core topic
[rospy.rosout][INFO] 2016-06-08 13:41:19,339: connected to core topic /rosout
[rospy.simtime][INFO] 2016-06-08 13:41:19,356: initializing /clock core topic
[rospy.simtime][INFO] 2016-06-08 13:41:19,385: connected to core topic /clock
[rosout][INFO] 2016-06-08 13:41:19,483: gazebo_services running
[rospy.internal][INFO] 2016-06-08 13:41:19,745: topic[/rosout] adding connection to [/rosout], count 0
[rospy.internal][INFO] 2016-06-08 13:41:20,913: topic[/clock] adding connection to [http://cmeintel-desktop:38757/], count 0
[rospy.core][INFO] 2016-06-08 16:11:48,322: signal_shutdown [signal-2]
[rospy.internal][INFO] 2016-06-08 16:11:48,325: topic[/rosout] removing connection to /rosout
[rospy.internal][INFO] 2016-06-08 16:11:48,325: topic[/clock] removing connection to http://cmeintel-desktop:38757/
[rospy.impl.masterslave][INFO] 2016-06-08 16:11:48,325: signal-2
[rospy.core][INFO] 2016-06-08 16:11:48,457: signal_shutdown [atexit]
