[rospy.client][INFO] 2016-06-08 13:41:19,228: init_node, name[/arm_left/gazebo_services], pid[18825]
[xmlrpc][INFO] 2016-06-08 13:41:19,228: XML-RPC server binding to 0.0.0.0:0
[rospy.init][INFO] 2016-06-08 13:41:19,228: ROS Slave URI: [http://cmeintel-desktop:44349/]
[xmlrpc][INFO] 2016-06-08 13:41:19,228: Started XML-RPC server [http://cmeintel-desktop:44349/]
[rospy.impl.masterslave][INFO] 2016-06-08 13:41:19,229: _ready: http://cmeintel-desktop:44349/
[xmlrpc][INFO] 2016-06-08 13:41:19,229: xml rpc node: starting XML-RPC server
[rospy.registration][INFO] 2016-06-08 13:41:19,231: Registering with master node http://localhost:11311
[rospy.init][INFO] 2016-06-08 13:41:19,329: registered with master
[rospy.rosout][INFO] 2016-06-08 13:41:19,329: initializing /rosout core topic
[rospy.rosout][INFO] 2016-06-08 13:41:19,354: connected to core topic /rosout
[rospy.simtime][INFO] 2016-06-08 13:41:19,365: initializing /clock core topic
[rospy.simtime][INFO] 2016-06-08 13:41:19,401: connected to core topic /clock
[rosout][INFO] 2016-06-08 13:41:19,493: gazebo_services running
[rospy.internal][INFO] 2016-06-08 13:41:19,744: topic[/rosout] adding connection to [/rosout], count 0
[rospy.internal][INFO] 2016-06-08 13:41:20,904: topic[/clock] adding connection to [http://cmeintel-desktop:38757/], count 0
[rospy.core][INFO] 2016-06-08 16:11:48,713: signal_shutdown [signal-2]
[rospy.internal][INFO] 2016-06-08 16:11:48,716: topic[/rosout] removing connection to /rosout
[rospy.internal][INFO] 2016-06-08 16:11:48,716: topic[/clock] removing connection to http://cmeintel-desktop:38757/
[rospy.impl.masterslave][INFO] 2016-06-08 16:11:48,716: signal-2
[rospy.core][INFO] 2016-06-08 16:11:48,851: signal_shutdown [atexit]
