[rospy.client][INFO] 2016-06-08 13:41:20,824: init_node, name[/behavior], pid[19248]
[xmlrpc][INFO] 2016-06-08 13:41:20,825: XML-RPC server binding to 0.0.0.0:0
[xmlrpc][INFO] 2016-06-08 13:41:20,825: Started XML-RPC server [http://cmeintel-desktop:38768/]
[rospy.init][INFO] 2016-06-08 13:41:20,825: ROS Slave URI: [http://cmeintel-desktop:38768/]
[rospy.impl.masterslave][INFO] 2016-06-08 13:41:20,825: _ready: http://cmeintel-desktop:38768/
[rospy.registration][INFO] 2016-06-08 13:41:20,826: Registering with master node http://localhost:11311
[xmlrpc][INFO] 2016-06-08 13:41:20,826: xml rpc node: starting XML-RPC server
[rospy.init][INFO] 2016-06-08 13:41:20,925: registered with master
[rospy.rosout][INFO] 2016-06-08 13:41:20,925: initializing /rosout core topic
[rospy.rosout][INFO] 2016-06-08 13:41:20,931: connected to core topic /rosout
[rospy.simtime][INFO] 2016-06-08 13:41:20,933: initializing /clock core topic
[rospy.simtime][INFO] 2016-06-08 13:41:20,939: connected to core topic /clock
[rospy.internal][INFO] 2016-06-08 13:41:21,138: topic[/clock] adding connection to [http://cmeintel-desktop:38757/], count 0
[rospy.internal][INFO] 2016-06-08 13:41:21,142: topic[/rosout] adding connection to [/rosout], count 0
[rospy.core][INFO] 2016-06-08 16:11:48,107: signal_shutdown [signal-2]
[rospy.internal][INFO] 2016-06-08 16:11:48,125: topic[/rosout] removing connection to /rosout
[rospy.internal][INFO] 2016-06-08 16:11:48,126: topic[/clock] removing connection to http://cmeintel-desktop:38757/
[rospy.topics][ERROR] 2016-06-08 16:11:48,126: Traceback (most recent call last):
  File "/opt/ros/indigo/lib/python2.7/dist-packages/rospy/topics.py", line 307, in close
    c.close()
  File "/opt/ros/indigo/lib/python2.7/dist-packages/rospy/impl/tcpros_base.py", line 807, in close
    self.socket.close()
AttributeError: 'NoneType' object has no attribute 'close'

[rospy.impl.masterslave][INFO] 2016-06-08 16:11:48,126: signal-2
[rospy.core][INFO] 2016-06-08 16:11:48,748: signal_shutdown [atexit]
