[rospy.client][INFO] 2016-06-08 13:41:19,802: init_node, name[/dashboard_aggregator], pid[19235]
[xmlrpc][INFO] 2016-06-08 13:41:19,803: XML-RPC server binding to 0.0.0.0:0
[xmlrpc][INFO] 2016-06-08 13:41:19,803: Started XML-RPC server [http://cmeintel-desktop:33808/]
[rospy.impl.masterslave][INFO] 2016-06-08 13:41:19,803: _ready: http://cmeintel-desktop:33808/
[xmlrpc][INFO] 2016-06-08 13:41:19,803: xml rpc node: starting XML-RPC server
[rospy.registration][INFO] 2016-06-08 13:41:19,804: Registering with master node http://localhost:11311
[rospy.init][INFO] 2016-06-08 13:41:19,804: ROS Slave URI: [http://cmeintel-desktop:33808/]
[rospy.init][INFO] 2016-06-08 13:41:19,804: registered with master
[rospy.rosout][INFO] 2016-06-08 13:41:19,804: initializing /rosout core topic
[rospy.rosout][INFO] 2016-06-08 13:41:19,809: connected to core topic /rosout
[rospy.simtime][INFO] 2016-06-08 13:41:19,811: initializing /clock core topic
[rospy.simtime][INFO] 2016-06-08 13:41:19,819: connected to core topic /clock
[rospy.internal][INFO] 2016-06-08 13:41:20,162: topic[/rosout] adding connection to [/rosout], count 0
[rospy.internal][INFO] 2016-06-08 13:41:20,963: topic[/clock] adding connection to [http://cmeintel-desktop:38757/], count 0
[rospy.internal][INFO] 2016-06-08 13:41:22,936: topic[/diagnostics_toplevel_state] adding connection to [http://cmeintel-desktop:35611/], count 0
[rospy.internal][INFO] 2016-06-08 13:41:22,937: topic[/emergency_stop_state] adding connection to [http://cmeintel-desktop:45104/], count 0
[rospy.core][INFO] 2016-06-08 16:11:48,110: signal_shutdown [signal-2]
[rospy.internal][INFO] 2016-06-08 16:11:48,125: topic[/rosout] removing connection to /rosout
[rospy.internal][INFO] 2016-06-08 16:11:48,126: topic[/diagnostics_toplevel_state] removing connection to http://cmeintel-desktop:35611/
[rospy.internal][INFO] 2016-06-08 16:11:48,126: topic[/clock] removing connection to http://cmeintel-desktop:38757/
[rospy.internal][INFO] 2016-06-08 16:11:48,126: topic[/emergency_stop_state] removing connection to http://cmeintel-desktop:45104/
[rospy.impl.masterslave][INFO] 2016-06-08 16:11:48,127: signal-2
[rospy.core][INFO] 2016-06-08 16:11:48,230: signal_shutdown [atexit]
