[rospy.client][INFO] 2016-06-08 13:41:18,649: init_node, name[/elevator], pid[18491]
[xmlrpc][INFO] 2016-06-08 13:41:18,662: XML-RPC server binding to 0.0.0.0:0
[xmlrpc][INFO] 2016-06-08 13:41:18,663: Started XML-RPC server [http://cmeintel-desktop:35280/]
[rospy.impl.masterslave][INFO] 2016-06-08 13:41:18,663: _ready: http://cmeintel-desktop:35280/
[rospy.init][INFO] 2016-06-08 13:41:18,663: ROS Slave URI: [http://cmeintel-desktop:35280/]
[rospy.registration][INFO] 2016-06-08 13:41:18,663: Registering with master node http://localhost:11311
[xmlrpc][INFO] 2016-06-08 13:41:18,663: xml rpc node: starting XML-RPC server
[rospy.init][INFO] 2016-06-08 13:41:18,763: registered with master
[rospy.rosout][INFO] 2016-06-08 13:41:18,763: initializing /rosout core topic
[rospy.rosout][INFO] 2016-06-08 13:41:18,775: connected to core topic /rosout
[rospy.simtime][INFO] 2016-06-08 13:41:18,797: initializing /clock core topic
[rospy.simtime][INFO] 2016-06-08 13:41:18,856: connected to core topic /clock
[rospy.internal][INFO] 2016-06-08 13:41:19,068: topic[/rosout] adding connection to [/rosout], count 0
[rospy.internal][INFO] 2016-06-08 13:41:20,928: topic[/clock] adding connection to [http://cmeintel-desktop:38757/], count 0
[rospy.internal][INFO] 2016-06-08 13:41:21,428: topic[/elevator_button1_bumper] adding connection to [http://cmeintel-desktop:38757/], count 0
[rospy.core][INFO] 2016-06-08 16:11:49,115: signal_shutdown [signal-2]
[rospy.internal][INFO] 2016-06-08 16:11:49,123: topic[/rosout] removing connection to /rosout
[rospy.internal][INFO] 2016-06-08 16:11:49,123: topic[/clock] removing connection to http://cmeintel-desktop:38757/
[rospy.internal][INFO] 2016-06-08 16:11:49,123: topic[/elevator_button1_bumper] removing connection to http://cmeintel-desktop:38757/
[rospy.impl.masterslave][INFO] 2016-06-08 16:11:49,123: signal-2
[rospy.internal][WARNING] 2016-06-08 16:11:49,124: Unknown error initiating TCP/IP socket to cmeintel-desktop:40475 (http://cmeintel-desktop:38757/): Traceback (most recent call last):
  File "/opt/ros/indigo/lib/python2.7/dist-packages/rospy/impl/tcpros_base.py", line 558, in connect
    self.local_endpoint = self.socket.getsockname()
AttributeError: 'NoneType' object has no attribute 'getsockname'

[rospy.core][INFO] 2016-06-08 16:11:49,742: signal_shutdown [atexit]
