[rospy.client][INFO] 2016-06-08 13:41:19,573: init_node, name[/gripper_right/gazebo_services], pid[19102]
[xmlrpc][INFO] 2016-06-08 13:41:19,573: XML-RPC server binding to 0.0.0.0:0
[xmlrpc][INFO] 2016-06-08 13:41:19,573: Started XML-RPC server [http://cmeintel-desktop:39573/]
[rospy.impl.masterslave][INFO] 2016-06-08 13:41:19,573: _ready: http://cmeintel-desktop:39573/
[rospy.registration][INFO] 2016-06-08 13:41:19,574: Registering with master node http://localhost:11311
[xmlrpc][INFO] 2016-06-08 13:41:19,574: xml rpc node: starting XML-RPC server
[rospy.init][INFO] 2016-06-08 13:41:19,575: ROS Slave URI: [http://cmeintel-desktop:39573/]
[rospy.init][INFO] 2016-06-08 13:41:19,576: registered with master
[rospy.rosout][INFO] 2016-06-08 13:41:19,576: initializing /rosout core topic
[rospy.rosout][INFO] 2016-06-08 13:41:19,595: connected to core topic /rosout
[rospy.simtime][INFO] 2016-06-08 13:41:19,613: initializing /clock core topic
[rospy.simtime][INFO] 2016-06-08 13:41:19,622: connected to core topic /clock
[rosout][INFO] 2016-06-08 13:41:19,703: gazebo_services running
[rospy.internal][INFO] 2016-06-08 13:41:19,850: topic[/rosout] adding connection to [/rosout], count 0
[rospy.internal][INFO] 2016-06-08 13:41:21,951: topic[/clock] adding connection to [http://cmeintel-desktop:38757/], count 0
[rospy.core][INFO] 2016-06-08 16:11:48,118: signal_shutdown [signal-2]
[rospy.internal][INFO] 2016-06-08 16:11:48,129: topic[/rosout] removing connection to /rosout
[rospy.internal][INFO] 2016-06-08 16:11:48,130: topic[/clock] removing connection to http://cmeintel-desktop:38757/
[rospy.impl.masterslave][INFO] 2016-06-08 16:11:48,130: signal-2
[rospy.internal][WARNING] 2016-06-08 16:11:48,154: Unknown error initiating TCP/IP socket to cmeintel-desktop:40475 (http://cmeintel-desktop:38757/): Traceback (most recent call last):
  File "/opt/ros/indigo/lib/python2.7/dist-packages/rospy/impl/tcpros_base.py", line 558, in connect
    self.local_endpoint = self.socket.getsockname()
AttributeError: 'NoneType' object has no attribute 'getsockname'

[rospy.core][INFO] 2016-06-08 16:11:48,246: signal_shutdown [atexit]
