[rospy.client][INFO] 2016-06-08 13:41:18,859: init_node, name[/joint_state_publisher], pid[18516]
[xmlrpc][INFO] 2016-06-08 13:41:18,859: XML-RPC server binding to 0.0.0.0:0
[xmlrpc][INFO] 2016-06-08 13:41:18,859: Started XML-RPC server [http://cmeintel-desktop:39410/]
[rospy.impl.masterslave][INFO] 2016-06-08 13:41:18,861: _ready: http://cmeintel-desktop:39410/
[rospy.init][INFO] 2016-06-08 13:41:18,862: ROS Slave URI: [http://cmeintel-desktop:39410/]
[rospy.registration][INFO] 2016-06-08 13:41:18,863: Registering with master node http://localhost:11311
[xmlrpc][INFO] 2016-06-08 13:41:18,863: xml rpc node: starting XML-RPC server
[rospy.init][INFO] 2016-06-08 13:41:18,964: registered with master
[rospy.rosout][INFO] 2016-06-08 13:41:18,964: initializing /rosout core topic
[rospy.rosout][INFO] 2016-06-08 13:41:18,987: connected to core topic /rosout
[rospy.simtime][INFO] 2016-06-08 13:41:18,994: initializing /clock core topic
[rospy.simtime][INFO] 2016-06-08 13:41:19,046: connected to core topic /clock
[rospy.internal][INFO] 2016-06-08 13:41:19,205: topic[/rosout] adding connection to [/rosout], count 0
[rospy.internal][INFO] 2016-06-08 13:41:20,906: topic[/clock] adding connection to [http://cmeintel-desktop:38757/], count 0
[rospy.internal][INFO] 2016-06-08 13:41:20,981: topic[/joint_states] adding connection to [/robot_state_publisher], count 0
[rospy.internal][INFO] 2016-06-08 13:41:30,222: topic[/base/joint_states] adding connection to [http://cmeintel-desktop:38757/], count 0
[rospy.internal][INFO] 2016-06-08 13:41:30,486: topic[/torso/joint_states] adding connection to [http://cmeintel-desktop:38757/], count 0
[rospy.internal][INFO] 2016-06-08 13:41:30,650: topic[/sensorring/joint_states] adding connection to [http://cmeintel-desktop:38757/], count 0
[rospy.internal][INFO] 2016-06-08 13:41:30,864: topic[/arm_right/joint_states] adding connection to [http://cmeintel-desktop:38757/], count 0
[rospy.internal][INFO] 2016-06-08 13:41:31,229: topic[/arm_left/joint_states] adding connection to [http://cmeintel-desktop:38757/], count 0
[rospy.internal][INFO] 2016-06-08 13:41:31,292: topic[/gripper_left/joint_states] adding connection to [http://cmeintel-desktop:38757/], count 0
[rospy.internal][INFO] 2016-06-08 13:41:31,658: topic[/gripper_right/joint_states] adding connection to [http://cmeintel-desktop:38757/], count 0
[rospy.core][INFO] 2016-06-08 16:11:49,114: signal_shutdown [signal-2]
[rospy.internal][INFO] 2016-06-08 16:11:49,118: topic[/joint_states] removing connection to /robot_state_publisher
[rospy.internal][INFO] 2016-06-08 16:11:49,118: topic[/rosout] removing connection to /rosout
[rospy.internal][INFO] 2016-06-08 16:11:49,119: topic[/arm_right/joint_states] removing connection to http://cmeintel-desktop:38757/
[rospy.internal][INFO] 2016-06-08 16:11:49,119: topic[/torso/joint_states] removing connection to http://cmeintel-desktop:38757/
[rospy.internal][INFO] 2016-06-08 16:11:49,119: topic[/sensorring/joint_states] removing connection to http://cmeintel-desktop:38757/
[rospy.internal][INFO] 2016-06-08 16:11:49,119: topic[/clock] removing connection to http://cmeintel-desktop:38757/
[rospy.internal][INFO] 2016-06-08 16:11:49,119: topic[/base/joint_states] removing connection to http://cmeintel-desktop:38757/
[rospy.internal][INFO] 2016-06-08 16:11:49,119: topic[/gripper_left/joint_states] removing connection to http://cmeintel-desktop:38757/
[rospy.internal][INFO] 2016-06-08 16:11:49,120: topic[/arm_left/joint_states] removing connection to http://cmeintel-desktop:38757/
[rospy.internal][INFO] 2016-06-08 16:11:49,120: topic[/gripper_right/joint_states] removing connection to http://cmeintel-desktop:38757/
[rospy.impl.masterslave][INFO] 2016-06-08 16:11:49,120: signal-2
[rospy.core][INFO] 2016-06-08 16:11:49,222: signal_shutdown [atexit]
