[rospy.client][INFO] 2016-06-08 13:41:18,972: init_node, name[/relayboard_node], pid[18669]
[xmlrpc][INFO] 2016-06-08 13:41:18,972: XML-RPC server binding to 0.0.0.0:0
[xmlrpc][INFO] 2016-06-08 13:41:18,972: Started XML-RPC server [http://cmeintel-desktop:45104/]
[rospy.impl.masterslave][INFO] 2016-06-08 13:41:18,972: _ready: http://cmeintel-desktop:45104/
[rospy.init][INFO] 2016-06-08 13:41:18,983: ROS Slave URI: [http://cmeintel-desktop:45104/]
[rospy.registration][INFO] 2016-06-08 13:41:18,983: Registering with master node http://localhost:11311
[xmlrpc][INFO] 2016-06-08 13:41:18,983: xml rpc node: starting XML-RPC server
[rospy.init][INFO] 2016-06-08 13:41:19,083: registered with master
[rospy.rosout][INFO] 2016-06-08 13:41:19,083: initializing /rosout core topic
[rospy.rosout][INFO] 2016-06-08 13:41:19,101: connected to core topic /rosout
[rospy.internal][INFO] 2016-06-08 13:41:19,317: topic[/rosout] adding connection to [/rosout], count 0
[rospy.simtime][INFO] 2016-06-08 13:41:20,105: initializing /clock core topic
[rospy.simtime][INFO] 2016-06-08 13:41:20,111: connected to core topic /clock
[rospy.internal][INFO] 2016-06-08 13:41:21,958: topic[/clock] adding connection to [http://cmeintel-desktop:38757/], count 0
[rospy.internal][INFO] 2016-06-08 13:41:22,940: topic[/emergency_stop_state] adding connection to [/dashboard_aggregator], count 0
[rospy.internal][INFO] 2016-06-08 16:11:48,126: topic[/emergency_stop_state] adding connection to [/dashboard_aggregator], count 1
[rospy.internal][INFO] 2016-06-08 16:11:48,127: topic[/emergency_stop_state] removing connection to /dashboard_aggregator
[rospy.core][INFO] 2016-06-08 16:11:48,913: signal_shutdown [signal-2]
[rospy.internal][INFO] 2016-06-08 16:11:48,917: topic[/emergency_stop_state] removing connection to /dashboard_aggregator
[rospy.internal][INFO] 2016-06-08 16:11:48,917: topic[/rosout] removing connection to /rosout
[rospy.internal][INFO] 2016-06-08 16:11:48,918: topic[/clock] removing connection to http://cmeintel-desktop:38757/
[rospy.impl.masterslave][INFO] 2016-06-08 16:11:48,918: signal-2
[rospy.core][INFO] 2016-06-08 16:11:49,021: signal_shutdown [atexit]
