[rospy.client][INFO] 2016-06-08 13:41:20,909: init_node, name[/script_server], pid[19264]
[xmlrpc][INFO] 2016-06-08 13:41:20,909: XML-RPC server binding to 0.0.0.0:0
[xmlrpc][INFO] 2016-06-08 13:41:20,910: Started XML-RPC server [http://cmeintel-desktop:34061/]
[rospy.impl.masterslave][INFO] 2016-06-08 13:41:20,910: _ready: http://cmeintel-desktop:34061/
[rospy.init][INFO] 2016-06-08 13:41:20,910: ROS Slave URI: [http://cmeintel-desktop:34061/]
[xmlrpc][INFO] 2016-06-08 13:41:20,910: xml rpc node: starting XML-RPC server
[rospy.registration][INFO] 2016-06-08 13:41:20,911: Registering with master node http://localhost:11311
[rospy.init][INFO] 2016-06-08 13:41:21,010: registered with master
[rospy.rosout][INFO] 2016-06-08 13:41:21,010: initializing /rosout core topic
[rospy.rosout][INFO] 2016-06-08 13:41:21,014: connected to core topic /rosout
[rospy.simtime][INFO] 2016-06-08 13:41:21,015: initializing /clock core topic
[rospy.simtime][INFO] 2016-06-08 13:41:21,020: connected to core topic /clock
[rospy.internal][INFO] 2016-06-08 13:41:21,028: topic[/clock] adding connection to [http://cmeintel-desktop:38757/], count 0
[rosout][INFO] 2016-06-08 13:41:21,038: script_server is running
[rospy.internal][INFO] 2016-06-08 13:41:21,244: topic[/rosout] adding connection to [/rosout], count 0
[rospy.core][INFO] 2016-06-08 16:11:48,107: signal_shutdown [signal-2]
[rospy.internal][INFO] 2016-06-08 16:11:48,122: topic[/rosout] removing connection to /rosout
[rospy.internal][INFO] 2016-06-08 16:11:48,126: topic[/clock] removing connection to http://cmeintel-desktop:38757/
[rospy.impl.masterslave][INFO] 2016-06-08 16:11:48,127: signal-2
[rospy.core][INFO] 2016-06-08 16:11:48,743: signal_shutdown [atexit]
