[rospy.client][INFO] 2016-06-08 13:41:19,105: init_node, name[/sensorring/gazebo_services], pid[18787]
[xmlrpc][INFO] 2016-06-08 13:41:19,105: XML-RPC server binding to 0.0.0.0:0
[xmlrpc][INFO] 2016-06-08 13:41:19,105: Started XML-RPC server [http://cmeintel-desktop:36105/]
[rospy.impl.masterslave][INFO] 2016-06-08 13:41:19,105: _ready: http://cmeintel-desktop:36105/
[rospy.registration][INFO] 2016-06-08 13:41:19,106: Registering with master node http://localhost:11311
[xmlrpc][INFO] 2016-06-08 13:41:19,106: xml rpc node: starting XML-RPC server
[rospy.init][INFO] 2016-06-08 13:41:19,108: ROS Slave URI: [http://cmeintel-desktop:36105/]
[rospy.init][INFO] 2016-06-08 13:41:19,108: registered with master
[rospy.rosout][INFO] 2016-06-08 13:41:19,108: initializing /rosout core topic
[rospy.rosout][INFO] 2016-06-08 13:41:19,120: connected to core topic /rosout
[rospy.simtime][INFO] 2016-06-08 13:41:19,153: initializing /clock core topic
[rospy.simtime][INFO] 2016-06-08 13:41:19,165: connected to core topic /clock
[rosout][INFO] 2016-06-08 13:41:19,212: gazebo_services running
[rospy.internal][INFO] 2016-06-08 13:41:19,318: topic[/rosout] adding connection to [/rosout], count 0
[rospy.internal][INFO] 2016-06-08 13:41:20,963: topic[/clock] adding connection to [http://cmeintel-desktop:38757/], count 0
[rospy.core][INFO] 2016-06-08 16:11:48,808: signal_shutdown [signal-2]
[rospy.internal][INFO] 2016-06-08 16:11:48,811: topic[/rosout] removing connection to /rosout
[rospy.internal][INFO] 2016-06-08 16:11:48,811: topic[/clock] removing connection to http://cmeintel-desktop:38757/
[rospy.impl.masterslave][INFO] 2016-06-08 16:11:48,811: signal-2
[rospy.core][INFO] 2016-06-08 16:11:48,943: signal_shutdown [atexit]
