[rospy.client][INFO] 2016-06-08 13:41:18,922: init_node, name[/spawn_gazebo_model], pid[18503]
[xmlrpc][INFO] 2016-06-08 13:41:18,923: XML-RPC server binding to 0.0.0.0:0
[xmlrpc][INFO] 2016-06-08 13:41:18,923: Started XML-RPC server [http://cmeintel-desktop:34702/]
[rospy.impl.masterslave][INFO] 2016-06-08 13:41:18,923: _ready: http://cmeintel-desktop:34702/
[rospy.registration][INFO] 2016-06-08 13:41:18,923: Registering with master node http://localhost:11311
[xmlrpc][INFO] 2016-06-08 13:41:18,924: xml rpc node: starting XML-RPC server
[rospy.init][INFO] 2016-06-08 13:41:18,938: ROS Slave URI: [http://cmeintel-desktop:34702/]
[rospy.init][INFO] 2016-06-08 13:41:18,938: registered with master
[rospy.rosout][INFO] 2016-06-08 13:41:18,938: initializing /rosout core topic
[rospy.rosout][INFO] 2016-06-08 13:41:18,949: connected to core topic /rosout
[rospy.simtime][INFO] 2016-06-08 13:41:18,963: initializing /clock core topic
[rospy.simtime][INFO] 2016-06-08 13:41:18,990: connected to core topic /clock
[rosout][INFO] 2016-06-08 13:41:19,031: Loading model xml from ros parameter
[rosout][INFO] 2016-06-08 13:41:19,066: Waiting for service /gazebo/spawn_urdf_model
[rospy.internal][INFO] 2016-06-08 13:41:19,205: topic[/rosout] adding connection to [/rosout], count 0
[rospy.internal][INFO] 2016-06-08 13:41:20,905: topic[/clock] adding connection to [http://cmeintel-desktop:38757/], count 0
[rosout][INFO] 2016-06-08 13:41:22,071: Calling service /gazebo/spawn_urdf_model
[rosout][INFO] 2016-06-08 13:41:25,399: Spawn status: SpawnModel: Successfully spawned model
[rospy.core][INFO] 2016-06-08 13:41:25,400: signal_shutdown [atexit]
[rospy.internal][INFO] 2016-06-08 13:41:25,402: topic[/rosout] removing connection to /rosout
[rospy.internal][INFO] 2016-06-08 13:41:25,402: topic[/clock] removing connection to http://cmeintel-desktop:38757/
[rospy.impl.masterslave][INFO] 2016-06-08 13:41:25,402: atexit
