[rospy.client][INFO] 2016-06-08 13:41:18,680: init_node, name[/spawn_urdf_world], pid[18484]
[xmlrpc][INFO] 2016-06-08 13:41:18,680: XML-RPC server binding to 0.0.0.0:0
[xmlrpc][INFO] 2016-06-08 13:41:18,680: Started XML-RPC server [http://cmeintel-desktop:42740/]
[rospy.impl.masterslave][INFO] 2016-06-08 13:41:18,680: _ready: http://cmeintel-desktop:42740/
[rospy.registration][INFO] 2016-06-08 13:41:18,681: Registering with master node http://localhost:11311
[xmlrpc][INFO] 2016-06-08 13:41:18,681: xml rpc node: starting XML-RPC server
[rospy.init][INFO] 2016-06-08 13:41:18,695: ROS Slave URI: [http://cmeintel-desktop:42740/]
[rospy.init][INFO] 2016-06-08 13:41:18,695: registered with master
[rospy.rosout][INFO] 2016-06-08 13:41:18,695: initializing /rosout core topic
[rospy.rosout][INFO] 2016-06-08 13:41:18,714: connected to core topic /rosout
[rospy.simtime][INFO] 2016-06-08 13:41:18,735: initializing /clock core topic
[rospy.internal][INFO] 2016-06-08 13:41:19,069: topic[/rosout] adding connection to [/rosout], count 0
[rospy.simtime][INFO] 2016-06-08 13:41:19,937: connected to core topic /clock
[rosout][INFO] 2016-06-08 13:41:19,940: Loading model xml from ros parameter
[rosout][INFO] 2016-06-08 13:41:19,948: Waiting for service /gazebo/spawn_urdf_model
[rosout][INFO] 2016-06-08 13:41:20,859: Calling service /gazebo/spawn_urdf_model
[rosout][INFO] 2016-06-08 13:41:21,423: Spawn status: SpawnModel: Successfully spawned model
[rospy.core][INFO] 2016-06-08 13:41:21,424: signal_shutdown [atexit]
[rospy.internal][INFO] 2016-06-08 13:41:21,428: topic[/rosout] removing connection to /rosout
[rospy.impl.masterslave][INFO] 2016-06-08 13:41:21,428: atexit
