[rospy.client][INFO] 2016-06-08 13:41:18,986: init_node, name[/torso/gazebo_services], pid[18698]
[xmlrpc][INFO] 2016-06-08 13:41:18,986: XML-RPC server binding to 0.0.0.0:0
[rospy.init][INFO] 2016-06-08 13:41:18,986: ROS Slave URI: [http://cmeintel-desktop:44708/]
[xmlrpc][INFO] 2016-06-08 13:41:18,986: Started XML-RPC server [http://cmeintel-desktop:44708/]
[rospy.impl.masterslave][INFO] 2016-06-08 13:41:18,986: _ready: http://cmeintel-desktop:44708/
[xmlrpc][INFO] 2016-06-08 13:41:18,987: xml rpc node: starting XML-RPC server
[rospy.registration][INFO] 2016-06-08 13:41:18,987: Registering with master node http://localhost:11311
[rospy.init][INFO] 2016-06-08 13:41:19,087: registered with master
[rospy.rosout][INFO] 2016-06-08 13:41:19,087: initializing /rosout core topic
[rospy.rosout][INFO] 2016-06-08 13:41:19,103: connected to core topic /rosout
[rospy.simtime][INFO] 2016-06-08 13:41:19,116: initializing /clock core topic
[rospy.simtime][INFO] 2016-06-08 13:41:19,154: connected to core topic /clock
[rosout][INFO] 2016-06-08 13:41:19,203: gazebo_services running
[rospy.internal][INFO] 2016-06-08 13:41:19,318: topic[/rosout] adding connection to [/rosout], count 0
[rospy.internal][INFO] 2016-06-08 13:41:20,926: topic[/clock] adding connection to [http://cmeintel-desktop:38757/], count 0
[rospy.core][INFO] 2016-06-08 16:11:48,823: signal_shutdown [signal-2]
[rospy.internal][INFO] 2016-06-08 16:11:48,826: topic[/rosout] removing connection to /rosout
[rospy.internal][INFO] 2016-06-08 16:11:48,826: topic[/clock] removing connection to http://cmeintel-desktop:38757/
[rospy.impl.masterslave][INFO] 2016-06-08 16:11:48,826: signal-2
[rospy.core][INFO] 2016-06-08 16:11:48,966: signal_shutdown [atexit]
