[rospy.client][INFO] 2016-06-04 16:13:58,138: init_node, name[/base/gazebo_services], pid[2600]
[xmlrpc][INFO] 2016-06-04 16:13:58,138: XML-RPC server binding to 0.0.0.0:0
[xmlrpc][INFO] 2016-06-04 16:13:58,138: Started XML-RPC server [http://cmeintel-desktop:35501/]
[rospy.init][INFO] 2016-06-04 16:13:58,138: ROS Slave URI: [http://cmeintel-desktop:35501/]
[rospy.impl.masterslave][INFO] 2016-06-04 16:13:58,138: _ready: http://cmeintel-desktop:35501/
[rospy.registration][INFO] 2016-06-04 16:13:58,139: Registering with master node http://localhost:11311
[xmlrpc][INFO] 2016-06-04 16:13:58,139: xml rpc node: starting XML-RPC server
[rospy.init][INFO] 2016-06-04 16:13:58,239: registered with master
[rospy.rosout][INFO] 2016-06-04 16:13:58,239: initializing /rosout core topic
[rospy.rosout][INFO] 2016-06-04 16:13:58,242: connected to core topic /rosout
[rospy.simtime][INFO] 2016-06-04 16:13:58,244: initializing /clock core topic
[rospy.simtime][INFO] 2016-06-04 16:13:58,248: connected to core topic /clock
[rosout][INFO] 2016-06-04 16:13:58,263: gazebo_services running
[rospy.internal][INFO] 2016-06-04 16:13:58,453: topic[/rosout] adding connection to [/rosout], count 0
[rospy.internal][INFO] 2016-06-04 16:14:05,255: topic[/clock] adding connection to [http://cmeintel-desktop:46527/], count 0
[rospy.core][INFO] 2016-06-04 16:17:56,132: signal_shutdown [signal-2]
[rospy.internal][INFO] 2016-06-04 16:17:56,149: topic[/rosout] removing connection to /rosout
[rospy.internal][INFO] 2016-06-04 16:17:56,149: topic[/clock] removing connection to http://cmeintel-desktop:46527/
[rospy.impl.masterslave][INFO] 2016-06-04 16:17:56,150: signal-2
[rospy.core][INFO] 2016-06-04 16:17:56,764: signal_shutdown [atexit]
