[rospy.client][INFO] 2016-06-04 16:14:00,912: init_node, name[/dashboard_aggregator], pid[3394]
[xmlrpc][INFO] 2016-06-04 16:14:00,912: XML-RPC server binding to 0.0.0.0:0
[xmlrpc][INFO] 2016-06-04 16:14:00,912: Started XML-RPC server [http://cmeintel-desktop:37642/]
[rospy.init][INFO] 2016-06-04 16:14:00,912: ROS Slave URI: [http://cmeintel-desktop:37642/]
[rospy.impl.masterslave][INFO] 2016-06-04 16:14:00,912: _ready: http://cmeintel-desktop:37642/
[xmlrpc][INFO] 2016-06-04 16:14:00,913: xml rpc node: starting XML-RPC server
[rospy.registration][INFO] 2016-06-04 16:14:00,913: Registering with master node http://localhost:11311
[rospy.init][INFO] 2016-06-04 16:14:01,012: registered with master
[rospy.rosout][INFO] 2016-06-04 16:14:01,012: initializing /rosout core topic
[rospy.rosout][INFO] 2016-06-04 16:14:01,014: connected to core topic /rosout
[rospy.simtime][INFO] 2016-06-04 16:14:01,016: initializing /clock core topic
[rospy.simtime][INFO] 2016-06-04 16:14:01,018: connected to core topic /clock
[rospy.internal][INFO] 2016-06-04 16:14:01,209: topic[/rosout] adding connection to [/rosout], count 0
[rospy.internal][INFO] 2016-06-04 16:14:05,242: topic[/clock] adding connection to [http://cmeintel-desktop:46527/], count 0
[rospy.internal][INFO] 2016-06-04 16:14:12,309: topic[/diagnostics_toplevel_state] adding connection to [http://cmeintel-desktop:40420/], count 0
[rospy.internal][INFO] 2016-06-04 16:14:12,309: topic[/emergency_stop_state] adding connection to [http://cmeintel-desktop:41810/], count 0
[rospy.core][INFO] 2016-06-04 16:17:55,429: signal_shutdown [signal-2]
[rospy.internal][INFO] 2016-06-04 16:17:55,440: topic[/rosout] removing connection to /rosout
[rospy.internal][INFO] 2016-06-04 16:17:55,440: topic[/diagnostics_toplevel_state] removing connection to http://cmeintel-desktop:40420/
[rospy.internal][INFO] 2016-06-04 16:17:55,440: topic[/clock] removing connection to http://cmeintel-desktop:46527/
[rospy.internal][INFO] 2016-06-04 16:17:55,441: topic[/emergency_stop_state] removing connection to http://cmeintel-desktop:41810/
[rospy.impl.masterslave][INFO] 2016-06-04 16:17:55,441: signal-2
[rospy.core][INFO] 2016-06-04 16:17:55,584: signal_shutdown [atexit]
