[rospy.client][INFO] 2016-06-04 16:14:00,712: init_node, name[/head/gazebo_services], pid[3087]
[xmlrpc][INFO] 2016-06-04 16:14:00,713: XML-RPC server binding to 0.0.0.0:0
[xmlrpc][INFO] 2016-06-04 16:14:00,713: Started XML-RPC server [http://cmeintel-desktop:38442/]
[rospy.impl.masterslave][INFO] 2016-06-04 16:14:00,713: _ready: http://cmeintel-desktop:38442/
[rospy.init][INFO] 2016-06-04 16:14:00,713: ROS Slave URI: [http://cmeintel-desktop:38442/]
[rospy.registration][INFO] 2016-06-04 16:14:00,714: Registering with master node http://localhost:11311
[xmlrpc][INFO] 2016-06-04 16:14:00,714: xml rpc node: starting XML-RPC server
[rospy.init][INFO] 2016-06-04 16:14:00,814: registered with master
[rospy.rosout][INFO] 2016-06-04 16:14:00,814: initializing /rosout core topic
[rospy.rosout][INFO] 2016-06-04 16:14:00,823: connected to core topic /rosout
[rospy.simtime][INFO] 2016-06-04 16:14:00,825: initializing /clock core topic
[rospy.simtime][INFO] 2016-06-04 16:14:00,843: connected to core topic /clock
[rosout][INFO] 2016-06-04 16:14:00,861: gazebo_services running
[rospy.internal][INFO] 2016-06-04 16:14:01,108: topic[/rosout] adding connection to [/rosout], count 0
[rospy.internal][INFO] 2016-06-04 16:14:05,243: topic[/clock] adding connection to [http://cmeintel-desktop:46527/], count 0
[rospy.core][INFO] 2016-06-04 16:17:55,638: signal_shutdown [signal-2]
[rospy.internal][INFO] 2016-06-04 16:17:55,646: topic[/rosout] removing connection to /rosout
[rospy.internal][INFO] 2016-06-04 16:17:55,647: topic[/clock] removing connection to http://cmeintel-desktop:46527/
[rospy.impl.masterslave][INFO] 2016-06-04 16:17:55,647: signal-2
[rospy.internal][WARNING] 2016-06-04 16:17:55,666: Unknown error initiating TCP/IP socket to cmeintel-desktop:52714 (http://cmeintel-desktop:46527/): Traceback (most recent call last):
  File "/opt/ros/indigo/lib/python2.7/dist-packages/rospy/impl/tcpros_base.py", line 558, in connect
    self.local_endpoint = self.socket.getsockname()
AttributeError: 'NoneType' object has no attribute 'getsockname'

[rospy.core][INFO] 2016-06-04 16:17:55,763: signal_shutdown [atexit]
