[rospy.client][INFO] 2016-06-04 16:14:02,154: init_node, name[/joint_state_publisher], pid[2591]
[xmlrpc][INFO] 2016-06-04 16:14:02,154: XML-RPC server binding to 0.0.0.0:0
[xmlrpc][INFO] 2016-06-04 16:14:02,154: Started XML-RPC server [http://cmeintel-desktop:42327/]
[rospy.init][INFO] 2016-06-04 16:14:02,154: ROS Slave URI: [http://cmeintel-desktop:42327/]
[rospy.impl.masterslave][INFO] 2016-06-04 16:14:02,154: _ready: http://cmeintel-desktop:42327/
[rospy.registration][INFO] 2016-06-04 16:14:02,155: Registering with master node http://localhost:11311
[xmlrpc][INFO] 2016-06-04 16:14:02,155: xml rpc node: starting XML-RPC server
[rospy.init][INFO] 2016-06-04 16:14:02,255: registered with master
[rospy.rosout][INFO] 2016-06-04 16:14:02,255: initializing /rosout core topic
[rospy.rosout][INFO] 2016-06-04 16:14:02,256: connected to core topic /rosout
[rospy.simtime][INFO] 2016-06-04 16:14:02,257: initializing /clock core topic
[rospy.simtime][INFO] 2016-06-04 16:14:02,259: connected to core topic /clock
[rospy.internal][INFO] 2016-06-04 16:14:02,413: topic[/rosout] adding connection to [/rosout], count 0
[rospy.internal][INFO] 2016-06-04 16:14:02,515: topic[/joint_states] adding connection to [/robot_state_publisher], count 0
[rospy.internal][INFO] 2016-06-04 16:14:05,291: topic[/clock] adding connection to [http://cmeintel-desktop:46527/], count 0
[rospy.internal][INFO] 2016-06-04 16:14:10,581: topic[/base/joint_states] adding connection to [http://cmeintel-desktop:46527/], count 0
[rospy.internal][INFO] 2016-06-04 16:14:10,796: topic[/torso/joint_states] adding connection to [http://cmeintel-desktop:46527/], count 0
[rospy.internal][INFO] 2016-06-04 16:14:11,110: topic[/head/joint_states] adding connection to [http://cmeintel-desktop:46527/], count 0
[rospy.internal][INFO] 2016-06-04 16:14:11,474: topic[/sensorring/joint_states] adding connection to [http://cmeintel-desktop:46527/], count 0
[rospy.core][INFO] 2016-06-04 16:17:56,234: signal_shutdown [signal-2]
[rospy.internal][INFO] 2016-06-04 16:17:56,245: topic[/joint_states] removing connection to /robot_state_publisher
[rospy.internal][INFO] 2016-06-04 16:17:56,245: topic[/rosout] removing connection to /rosout
[rospy.internal][INFO] 2016-06-04 16:17:56,245: topic[/clock] removing connection to http://cmeintel-desktop:46527/
[rospy.internal][INFO] 2016-06-04 16:17:56,246: topic[/head/joint_states] removing connection to http://cmeintel-desktop:46527/
[rospy.internal][INFO] 2016-06-04 16:17:56,246: topic[/base/joint_states] removing connection to http://cmeintel-desktop:46527/
[rospy.internal][INFO] 2016-06-04 16:17:56,247: topic[/sensorring/joint_states] removing connection to http://cmeintel-desktop:46527/
[rospy.internal][INFO] 2016-06-04 16:17:56,247: topic[/torso/joint_states] removing connection to http://cmeintel-desktop:46527/
[rospy.impl.masterslave][INFO] 2016-06-04 16:17:56,247: signal-2
[rospy.internal][WARNING] 2016-06-04 16:17:56,260: Unknown error initiating TCP/IP socket to cmeintel-desktop:52714 (http://cmeintel-desktop:46527/): Traceback (most recent call last):
  File "/opt/ros/indigo/lib/python2.7/dist-packages/rospy/impl/tcpros_base.py", line 558, in connect
    self.local_endpoint = self.socket.getsockname()
AttributeError: 'NoneType' object has no attribute 'getsockname'

[rospy.internal][WARNING] 2016-06-04 16:17:56,264: Unknown error initiating TCP/IP socket to cmeintel-desktop:52714 (http://cmeintel-desktop:46527/): Traceback (most recent call last):
  File "/opt/ros/indigo/lib/python2.7/dist-packages/rospy/impl/tcpros_base.py", line 558, in connect
    self.local_endpoint = self.socket.getsockname()
AttributeError: 'NoneType' object has no attribute 'getsockname'

[rospy.internal][WARNING] 2016-06-04 16:17:56,264: Unknown error initiating TCP/IP socket to cmeintel-desktop:52714 (http://cmeintel-desktop:46527/): Traceback (most recent call last):
  File "/opt/ros/indigo/lib/python2.7/dist-packages/rospy/impl/tcpros_base.py", line 558, in connect
    self.local_endpoint = self.socket.getsockname()
AttributeError: 'NoneType' object has no attribute 'getsockname'

[rospy.core][INFO] 2016-06-04 16:17:56,867: signal_shutdown [atexit]
