[rospy.client][INFO] 2016-06-04 16:13:59,893: init_node, name[/relayboard_node], pid[2971]
[xmlrpc][INFO] 2016-06-04 16:13:59,893: XML-RPC server binding to 0.0.0.0:0
[rospy.init][INFO] 2016-06-04 16:13:59,894: ROS Slave URI: [http://cmeintel-desktop:41810/]
[xmlrpc][INFO] 2016-06-04 16:13:59,894: Started XML-RPC server [http://cmeintel-desktop:41810/]
[rospy.impl.masterslave][INFO] 2016-06-04 16:13:59,894: _ready: http://cmeintel-desktop:41810/
[xmlrpc][INFO] 2016-06-04 16:13:59,894: xml rpc node: starting XML-RPC server
[rospy.registration][INFO] 2016-06-04 16:13:59,894: Registering with master node http://localhost:11311
[rospy.init][INFO] 2016-06-04 16:13:59,994: registered with master
[rospy.rosout][INFO] 2016-06-04 16:13:59,995: initializing /rosout core topic
[rospy.rosout][INFO] 2016-06-04 16:13:59,996: connected to core topic /rosout
[rospy.simtime][INFO] 2016-06-04 16:13:59,997: initializing /clock core topic
[rospy.simtime][INFO] 2016-06-04 16:13:59,999: connected to core topic /clock
[rospy.internal][INFO] 2016-06-04 16:14:00,202: topic[/rosout] adding connection to [/rosout], count 0
[rospy.internal][INFO] 2016-06-04 16:14:05,236: topic[/clock] adding connection to [http://cmeintel-desktop:46527/], count 0
[rospy.internal][INFO] 2016-06-04 16:14:12,310: topic[/emergency_stop_state] adding connection to [/dashboard_aggregator], count 0
[rospy.core][INFO] 2016-06-04 16:17:55,839: signal_shutdown [signal-2]
[rospy.internal][INFO] 2016-06-04 16:17:55,843: topic[/emergency_stop_state] removing connection to /dashboard_aggregator
[rospy.internal][INFO] 2016-06-04 16:17:55,843: topic[/rosout] removing connection to /rosout
[rospy.internal][INFO] 2016-06-04 16:17:55,844: topic[/clock] removing connection to http://cmeintel-desktop:46527/
[rospy.impl.masterslave][INFO] 2016-06-04 16:17:55,844: signal-2
[rospy.core][INFO] 2016-06-04 16:17:56,336: signal_shutdown [atexit]
