[rospy.client][INFO] 2016-06-04 16:14:04,538: init_node, name[/script_server], pid[3437]
[xmlrpc][INFO] 2016-06-04 16:14:04,538: XML-RPC server binding to 0.0.0.0:0
[xmlrpc][INFO] 2016-06-04 16:14:04,538: Started XML-RPC server [http://cmeintel-desktop:38323/]
[rospy.impl.masterslave][INFO] 2016-06-04 16:14:04,538: _ready: http://cmeintel-desktop:38323/
[rospy.init][INFO] 2016-06-04 16:14:04,539: ROS Slave URI: [http://cmeintel-desktop:38323/]
[rospy.registration][INFO] 2016-06-04 16:14:04,539: Registering with master node http://localhost:11311
[xmlrpc][INFO] 2016-06-04 16:14:04,539: xml rpc node: starting XML-RPC server
[rospy.init][INFO] 2016-06-04 16:14:04,639: registered with master
[rospy.rosout][INFO] 2016-06-04 16:14:04,639: initializing /rosout core topic
[rospy.rosout][INFO] 2016-06-04 16:14:04,641: connected to core topic /rosout
[rospy.simtime][INFO] 2016-06-04 16:14:04,642: initializing /clock core topic
[rospy.simtime][INFO] 2016-06-04 16:14:04,644: connected to core topic /clock
[rosout][INFO] 2016-06-04 16:14:04,658: script_server is running
[rospy.internal][INFO] 2016-06-04 16:14:04,824: topic[/rosout] adding connection to [/rosout], count 0
[rospy.internal][INFO] 2016-06-04 16:14:05,293: topic[/clock] adding connection to [http://cmeintel-desktop:46527/], count 0
[rospy.core][INFO] 2016-06-04 16:17:55,428: signal_shutdown [signal-2]
[rospy.internal][INFO] 2016-06-04 16:17:55,433: topic[/rosout] removing connection to /rosout
[rospy.internal][INFO] 2016-06-04 16:17:55,433: topic[/clock] removing connection to http://cmeintel-desktop:46527/
[rospy.impl.masterslave][INFO] 2016-06-04 16:17:55,433: signal-2
[rospy.core][INFO] 2016-06-04 16:17:55,931: signal_shutdown [atexit]
