[rospy.client][INFO] 2016-06-04 16:14:00,687: init_node, name[/sensorring/gazebo_services], pid[3140]
[xmlrpc][INFO] 2016-06-04 16:14:00,687: XML-RPC server binding to 0.0.0.0:0
[rospy.init][INFO] 2016-06-04 16:14:00,688: ROS Slave URI: [http://cmeintel-desktop:36943/]
[xmlrpc][INFO] 2016-06-04 16:14:00,688: Started XML-RPC server [http://cmeintel-desktop:36943/]
[rospy.impl.masterslave][INFO] 2016-06-04 16:14:00,688: _ready: http://cmeintel-desktop:36943/
[xmlrpc][INFO] 2016-06-04 16:14:00,688: xml rpc node: starting XML-RPC server
[rospy.registration][INFO] 2016-06-04 16:14:00,688: Registering with master node http://localhost:11311
[rospy.init][INFO] 2016-06-04 16:14:00,789: registered with master
[rospy.rosout][INFO] 2016-06-04 16:14:00,790: initializing /rosout core topic
[rospy.rosout][INFO] 2016-06-04 16:14:00,792: connected to core topic /rosout
[rospy.simtime][INFO] 2016-06-04 16:14:00,796: initializing /clock core topic
[rospy.simtime][INFO] 2016-06-04 16:14:00,803: connected to core topic /clock
[rosout][INFO] 2016-06-04 16:14:00,845: gazebo_services running
[rospy.internal][INFO] 2016-06-04 16:14:01,008: topic[/rosout] adding connection to [/rosout], count 0
[rospy.internal][INFO] 2016-06-04 16:14:05,293: topic[/clock] adding connection to [http://cmeintel-desktop:46527/], count 0
[rospy.core][INFO] 2016-06-04 16:17:55,434: signal_shutdown [signal-2]
[rospy.internal][INFO] 2016-06-04 16:17:55,441: topic[/rosout] removing connection to /rosout
[rospy.internal][INFO] 2016-06-04 16:17:55,442: topic[/clock] removing connection to http://cmeintel-desktop:46527/
[rospy.impl.masterslave][INFO] 2016-06-04 16:17:55,442: signal-2
[rospy.core][INFO] 2016-06-04 16:17:55,605: signal_shutdown [atexit]
