[rospy.client][INFO] 2016-06-04 16:14:02,645: init_node, name[/spawn_urdf_world], pid[2577]
[xmlrpc][INFO] 2016-06-04 16:14:02,645: XML-RPC server binding to 0.0.0.0:0
[xmlrpc][INFO] 2016-06-04 16:14:02,646: Started XML-RPC server [http://cmeintel-desktop:33960/]
[rospy.init][INFO] 2016-06-04 16:14:02,646: ROS Slave URI: [http://cmeintel-desktop:33960/]
[rospy.impl.masterslave][INFO] 2016-06-04 16:14:02,646: _ready: http://cmeintel-desktop:33960/
[rospy.registration][INFO] 2016-06-04 16:14:02,646: Registering with master node http://localhost:11311
[xmlrpc][INFO] 2016-06-04 16:14:02,647: xml rpc node: starting XML-RPC server
[rospy.init][INFO] 2016-06-04 16:14:02,746: registered with master
[rospy.rosout][INFO] 2016-06-04 16:14:02,746: initializing /rosout core topic
[rospy.rosout][INFO] 2016-06-04 16:14:02,748: connected to core topic /rosout
[rospy.simtime][INFO] 2016-06-04 16:14:02,749: initializing /clock core topic
[rospy.simtime][INFO] 2016-06-04 16:14:02,752: connected to core topic /clock
[rosout][INFO] 2016-06-04 16:14:02,754: Loading model xml from ros parameter
[rosout][INFO] 2016-06-04 16:14:02,762: Waiting for service /gazebo/spawn_urdf_model
[rospy.internal][INFO] 2016-06-04 16:14:03,019: topic[/rosout] adding connection to [/rosout], count 0
[rosout][INFO] 2016-06-04 16:14:05,175: Calling service /gazebo/spawn_urdf_model
[rospy.internal][INFO] 2016-06-04 16:14:05,262: topic[/clock] adding connection to [http://cmeintel-desktop:46527/], count 0
[rosout][INFO] 2016-06-04 16:14:05,753: Spawn status: SpawnModel: Successfully spawned model
[rospy.core][INFO] 2016-06-04 16:14:05,753: signal_shutdown [atexit]
[rospy.internal][INFO] 2016-06-04 16:14:05,755: topic[/rosout] removing connection to /rosout
[rospy.internal][INFO] 2016-06-04 16:14:05,756: topic[/clock] removing connection to http://cmeintel-desktop:46527/
[rospy.impl.masterslave][INFO] 2016-06-04 16:14:05,756: atexit
