[rospy.client][INFO] 2016-06-04 16:13:59,753: init_node, name[/torso/gazebo_services], pid[3024]
[xmlrpc][INFO] 2016-06-04 16:13:59,753: XML-RPC server binding to 0.0.0.0:0
[xmlrpc][INFO] 2016-06-04 16:13:59,753: Started XML-RPC server [http://cmeintel-desktop:33678/]
[rospy.init][INFO] 2016-06-04 16:13:59,753: ROS Slave URI: [http://cmeintel-desktop:33678/]
[rospy.impl.masterslave][INFO] 2016-06-04 16:13:59,753: _ready: http://cmeintel-desktop:33678/
[xmlrpc][INFO] 2016-06-04 16:13:59,754: xml rpc node: starting XML-RPC server
[rospy.registration][INFO] 2016-06-04 16:13:59,754: Registering with master node http://localhost:11311
[rospy.init][INFO] 2016-06-04 16:13:59,853: registered with master
[rospy.rosout][INFO] 2016-06-04 16:13:59,854: initializing /rosout core topic
[rospy.rosout][INFO] 2016-06-04 16:13:59,855: connected to core topic /rosout
[rospy.simtime][INFO] 2016-06-04 16:13:59,856: initializing /clock core topic
[rospy.simtime][INFO] 2016-06-04 16:13:59,858: connected to core topic /clock
[rosout][INFO] 2016-06-04 16:13:59,862: gazebo_services running
[rospy.internal][INFO] 2016-06-04 16:14:00,101: topic[/rosout] adding connection to [/rosout], count 0
[rospy.internal][INFO] 2016-06-04 16:14:05,233: topic[/clock] adding connection to [http://cmeintel-desktop:46527/], count 0
[rospy.core][INFO] 2016-06-04 16:17:55,831: signal_shutdown [signal-2]
[rospy.internal][INFO] 2016-06-04 16:17:55,834: topic[/rosout] removing connection to /rosout
[rospy.internal][INFO] 2016-06-04 16:17:55,835: topic[/clock] removing connection to http://cmeintel-desktop:46527/
[rospy.impl.masterslave][INFO] 2016-06-04 16:17:55,835: signal-2
[rospy.core][INFO] 2016-06-04 16:17:55,950: signal_shutdown [atexit]
