[rospy.client][INFO] 2016-06-04 16:14:02,647: init_node, name[/world_tf_publisher], pid[2586]
[xmlrpc][INFO] 2016-06-04 16:14:02,647: XML-RPC server binding to 0.0.0.0:0
[xmlrpc][INFO] 2016-06-04 16:14:02,647: Started XML-RPC server [http://cmeintel-desktop:34282/]
[rospy.init][INFO] 2016-06-04 16:14:02,647: ROS Slave URI: [http://cmeintel-desktop:34282/]
[rospy.impl.masterslave][INFO] 2016-06-04 16:14:02,647: _ready: http://cmeintel-desktop:34282/
[rospy.registration][INFO] 2016-06-04 16:14:02,648: Registering with master node http://localhost:11311
[xmlrpc][INFO] 2016-06-04 16:14:02,648: xml rpc node: starting XML-RPC server
[rospy.init][INFO] 2016-06-04 16:14:02,748: registered with master
[rospy.rosout][INFO] 2016-06-04 16:14:02,748: initializing /rosout core topic
[rospy.rosout][INFO] 2016-06-04 16:14:02,749: connected to core topic /rosout
[rospy.simtime][INFO] 2016-06-04 16:14:02,750: initializing /clock core topic
[rospy.simtime][INFO] 2016-06-04 16:14:02,753: connected to core topic /clock
[rospy.internal][INFO] 2016-06-04 16:14:03,015: topic[/tf] adding connection to [/head/frame_tracker], count 0
[rospy.internal][INFO] 2016-06-04 16:14:03,016: topic[/tf] adding connection to [/torso/frame_tracker], count 1
[rospy.internal][INFO] 2016-06-04 16:14:03,016: topic[/tf] adding connection to [/head/interactive_target], count 2
[rospy.internal][INFO] 2016-06-04 16:14:03,016: topic[/tf] adding connection to [/scan_unifier], count 3
[rospy.internal][INFO] 2016-06-04 16:14:03,017: topic[/tf] adding connection to [/torso/interactive_target], count 4
[rospy.internal][INFO] 2016-06-04 16:14:03,017: topic[/tf] adding connection to [/torso/twist_controller], count 5
[rospy.internal][INFO] 2016-06-04 16:14:03,017: topic[/tf] adding connection to [/head/twist_controller], count 6
[rospy.internal][INFO] 2016-06-04 16:14:03,019: topic[/tf] adding connection to [/torso/obstacle_distance], count 7
[rospy.internal][INFO] 2016-06-04 16:14:03,019: topic[/rosout] adding connection to [/rosout], count 0
[rospy.internal][INFO] 2016-06-04 16:14:03,020: topic[/tf] adding connection to [/head/obstacle_distance], count 8
[rospy.internal][INFO] 2016-06-04 16:14:05,290: topic[/clock] adding connection to [http://cmeintel-desktop:46527/], count 0
[rospy.core][INFO] 2016-06-04 16:17:56,240: signal_shutdown [signal-2]
[rospy.internal][INFO] 2016-06-04 16:17:56,252: topic[/rosout] removing connection to /rosout
[rospy.internal][INFO] 2016-06-04 16:17:56,252: topic[/tf] removing connection to /head/frame_tracker
[rospy.internal][INFO] 2016-06-04 16:17:56,253: topic[/tf] removing connection to /torso/frame_tracker
[rospy.internal][INFO] 2016-06-04 16:17:56,253: topic[/tf] removing connection to /head/interactive_target
[rospy.internal][INFO] 2016-06-04 16:17:56,253: topic[/tf] removing connection to /scan_unifier
[rospy.internal][INFO] 2016-06-04 16:17:56,253: topic[/tf] removing connection to /torso/interactive_target
[rospy.internal][INFO] 2016-06-04 16:17:56,253: topic[/tf] removing connection to /torso/twist_controller
[rospy.internal][INFO] 2016-06-04 16:17:56,253: topic[/tf] removing connection to /head/twist_controller
[rospy.internal][INFO] 2016-06-04 16:17:56,253: topic[/tf] removing connection to /torso/obstacle_distance
[rospy.internal][INFO] 2016-06-04 16:17:56,254: topic[/tf] removing connection to /head/obstacle_distance
[rospy.internal][INFO] 2016-06-04 16:17:56,254: topic[/clock] removing connection to http://cmeintel-desktop:46527/
[rospy.impl.masterslave][INFO] 2016-06-04 16:17:56,254: signal-2
[rospy.core][INFO] 2016-06-04 16:17:56,418: signal_shutdown [atexit]
