[rospy.client][INFO] 2016-06-08 21:58:40,618: init_node, name[/arm_right/gazebo_services], pid[14802]
[xmlrpc][INFO] 2016-06-08 21:58:40,622: XML-RPC server binding to 0.0.0.0:0
[xmlrpc][INFO] 2016-06-08 21:58:40,622: Started XML-RPC server [http://cmeintel-desktop:40359/]
[rospy.impl.masterslave][INFO] 2016-06-08 21:58:40,622: _ready: http://cmeintel-desktop:40359/
[rospy.init][INFO] 2016-06-08 21:58:40,622: ROS Slave URI: [http://cmeintel-desktop:40359/]
[rospy.registration][INFO] 2016-06-08 21:58:40,623: Registering with master node http://localhost:11311
[xmlrpc][INFO] 2016-06-08 21:58:40,623: xml rpc node: starting XML-RPC server
[rospy.init][INFO] 2016-06-08 21:58:40,723: registered with master
[rospy.rosout][INFO] 2016-06-08 21:58:40,723: initializing /rosout core topic
[rospy.rosout][INFO] 2016-06-08 21:58:41,730: connected to core topic /rosout
[rospy.simtime][INFO] 2016-06-08 21:58:41,738: initializing /clock core topic
[rospy.simtime][INFO] 2016-06-08 21:58:41,748: connected to core topic /clock
[rosout][INFO] 2016-06-08 21:58:41,766: gazebo_services running
[rospy.internal][INFO] 2016-06-08 21:58:42,003: topic[/rosout] adding connection to [/rosout], count 0
[rospy.internal][INFO] 2016-06-08 21:58:42,339: topic[/clock] adding connection to [http://cmeintel-desktop:40601/], count 0
[rospy.core][INFO] 2016-06-09 00:17:05,374: signal_shutdown [signal-2]
[rospy.internal][INFO] 2016-06-09 00:17:05,381: topic[/rosout] removing connection to /rosout
[rospy.internal][INFO] 2016-06-09 00:17:05,381: topic[/clock] removing connection to http://cmeintel-desktop:40601/
[rospy.impl.masterslave][INFO] 2016-06-09 00:17:05,381: signal-2
[rospy.core][INFO] 2016-06-09 00:17:05,544: signal_shutdown [atexit]
