[rospy.client][INFO] 2016-06-08 21:58:40,133: init_node, name[/base/gazebo_services], pid[14353]
[xmlrpc][INFO] 2016-06-08 21:58:40,136: XML-RPC server binding to 0.0.0.0:0
[xmlrpc][INFO] 2016-06-08 21:58:40,136: Started XML-RPC server [http://cmeintel-desktop:35749/]
[rospy.impl.masterslave][INFO] 2016-06-08 21:58:40,136: _ready: http://cmeintel-desktop:35749/
[rospy.registration][INFO] 2016-06-08 21:58:40,137: Registering with master node http://localhost:11311
[xmlrpc][INFO] 2016-06-08 21:58:40,137: xml rpc node: starting XML-RPC server
[rospy.init][INFO] 2016-06-08 21:58:40,137: ROS Slave URI: [http://cmeintel-desktop:35749/]
[rospy.init][INFO] 2016-06-08 21:58:40,137: registered with master
[rospy.rosout][INFO] 2016-06-08 21:58:40,137: initializing /rosout core topic
[rospy.rosout][INFO] 2016-06-08 21:58:41,154: connected to core topic /rosout
[rospy.simtime][INFO] 2016-06-08 21:58:41,168: initializing /clock core topic
[rospy.simtime][INFO] 2016-06-08 21:58:41,182: connected to core topic /clock
[rosout][INFO] 2016-06-08 21:58:41,206: gazebo_services running
[rospy.internal][INFO] 2016-06-08 21:58:41,272: topic[/rosout] adding connection to [/rosout], count 0
[rospy.internal][INFO] 2016-06-08 21:58:42,338: topic[/clock] adding connection to [http://cmeintel-desktop:40601/], count 0
[rospy.core][INFO] 2016-06-09 00:17:06,076: signal_shutdown [signal-2]
[rospy.internal][INFO] 2016-06-09 00:17:06,081: topic[/rosout] removing connection to /rosout
[rospy.internal][INFO] 2016-06-09 00:17:06,082: topic[/clock] removing connection to http://cmeintel-desktop:40601/
[rospy.impl.masterslave][INFO] 2016-06-09 00:17:06,082: signal-2
[rospy.core][INFO] 2016-06-09 00:17:06,220: signal_shutdown [atexit]
