[rospy.client][INFO] 2016-06-08 21:58:40,939: init_node, name[/dashboard_aggregator], pid[15084]
[xmlrpc][INFO] 2016-06-08 21:58:40,939: XML-RPC server binding to 0.0.0.0:0
[xmlrpc][INFO] 2016-06-08 21:58:40,939: Started XML-RPC server [http://cmeintel-desktop:46396/]
[rospy.impl.masterslave][INFO] 2016-06-08 21:58:40,939: _ready: http://cmeintel-desktop:46396/
[xmlrpc][INFO] 2016-06-08 21:58:40,939: xml rpc node: starting XML-RPC server
[rospy.registration][INFO] 2016-06-08 21:58:40,940: Registering with master node http://localhost:11311
[rospy.init][INFO] 2016-06-08 21:58:40,950: ROS Slave URI: [http://cmeintel-desktop:46396/]
[rospy.init][INFO] 2016-06-08 21:58:40,950: registered with master
[rospy.rosout][INFO] 2016-06-08 21:58:40,950: initializing /rosout core topic
[rospy.rosout][INFO] 2016-06-08 21:58:40,960: connected to core topic /rosout
[rospy.simtime][INFO] 2016-06-08 21:58:40,964: initializing /clock core topic
[rospy.simtime][INFO] 2016-06-08 21:58:40,978: connected to core topic /clock
[rospy.internal][INFO] 2016-06-08 21:58:41,271: topic[/rosout] adding connection to [/rosout], count 0
[rospy.internal][INFO] 2016-06-08 21:58:42,338: topic[/clock] adding connection to [http://cmeintel-desktop:40601/], count 0
[rospy.internal][INFO] 2016-06-08 21:58:43,436: topic[/emergency_stop_state] adding connection to [http://cmeintel-desktop:41081/], count 0
[rospy.core][INFO] 2016-06-09 00:17:05,075: signal_shutdown [signal-2]
[rospy.internal][INFO] 2016-06-09 00:17:05,084: topic[/rosout] removing connection to /rosout
[rospy.internal][INFO] 2016-06-09 00:17:05,084: topic[/clock] removing connection to http://cmeintel-desktop:40601/
[rospy.internal][INFO] 2016-06-09 00:17:05,084: topic[/emergency_stop_state] removing connection to http://cmeintel-desktop:41081/
[rospy.impl.masterslave][INFO] 2016-06-09 00:17:05,085: signal-2
[rospy.internal][WARNING] 2016-06-09 00:17:05,088: Unknown error initiating TCP/IP socket to cmeintel-desktop:38203 (http://cmeintel-desktop:40601/): Traceback (most recent call last):
  File "/opt/ros/indigo/lib/python2.7/dist-packages/rospy/impl/tcpros_base.py", line 558, in connect
    self.local_endpoint = self.socket.getsockname()
AttributeError: 'NoneType' object has no attribute 'getsockname'

[rospy.core][INFO] 2016-06-09 00:17:05,699: signal_shutdown [atexit]
