[rospy.client][INFO] 2016-06-08 21:58:39,707: init_node, name[/elevator], pid[14315]
[xmlrpc][INFO] 2016-06-08 21:58:39,711: XML-RPC server binding to 0.0.0.0:0
[xmlrpc][INFO] 2016-06-08 21:58:39,711: Started XML-RPC server [http://cmeintel-desktop:33474/]
[rospy.impl.masterslave][INFO] 2016-06-08 21:58:39,711: _ready: http://cmeintel-desktop:33474/
[rospy.registration][INFO] 2016-06-08 21:58:39,712: Registering with master node http://localhost:11311
[xmlrpc][INFO] 2016-06-08 21:58:39,712: xml rpc node: starting XML-RPC server
[rospy.init][INFO] 2016-06-08 21:58:39,713: ROS Slave URI: [http://cmeintel-desktop:33474/]
[rospy.init][INFO] 2016-06-08 21:58:39,713: registered with master
[rospy.rosout][INFO] 2016-06-08 21:58:39,713: initializing /rosout core topic
[rospy.rosout][INFO] 2016-06-08 21:58:40,720: connected to core topic /rosout
[rospy.simtime][INFO] 2016-06-08 21:58:40,730: initializing /clock core topic
[rospy.simtime][INFO] 2016-06-08 21:58:40,753: connected to core topic /clock
[rospy.internal][INFO] 2016-06-08 21:58:41,270: topic[/rosout] adding connection to [/rosout], count 0
[rospy.internal][INFO] 2016-06-08 21:58:42,304: topic[/clock] adding connection to [http://cmeintel-desktop:40601/], count 0
[rospy.internal][INFO] 2016-06-08 21:58:53,120: topic[/elevator_button1_bumper] adding connection to [http://cmeintel-desktop:40601/], count 0
[rospy.core][INFO] 2016-06-09 00:17:06,089: signal_shutdown [signal-2]
[rospy.internal][INFO] 2016-06-09 00:17:06,091: topic[/rosout] removing connection to /rosout
[rospy.internal][INFO] 2016-06-09 00:17:06,092: topic[/clock] removing connection to http://cmeintel-desktop:40601/
[rospy.internal][INFO] 2016-06-09 00:17:06,092: topic[/elevator_button1_bumper] removing connection to http://cmeintel-desktop:40601/
[rospy.impl.masterslave][INFO] 2016-06-09 00:17:06,092: signal-2
[rospy.core][INFO] 2016-06-09 00:17:06,223: signal_shutdown [atexit]
