[rospy.client][INFO] 2016-06-08 21:58:40,854: init_node, name[/gripper_left/gazebo_services], pid[14875]
[xmlrpc][INFO] 2016-06-08 21:58:40,854: XML-RPC server binding to 0.0.0.0:0
[xmlrpc][INFO] 2016-06-08 21:58:40,854: Started XML-RPC server [http://cmeintel-desktop:34416/]
[rospy.impl.masterslave][INFO] 2016-06-08 21:58:40,855: _ready: http://cmeintel-desktop:34416/
[rospy.init][INFO] 2016-06-08 21:58:40,855: ROS Slave URI: [http://cmeintel-desktop:34416/]
[rospy.registration][INFO] 2016-06-08 21:58:40,855: Registering with master node http://localhost:11311
[xmlrpc][INFO] 2016-06-08 21:58:40,856: xml rpc node: starting XML-RPC server
[rospy.init][INFO] 2016-06-08 21:58:40,955: registered with master
[rospy.rosout][INFO] 2016-06-08 21:58:40,955: initializing /rosout core topic
[rospy.rosout][INFO] 2016-06-08 21:58:40,962: connected to core topic /rosout
[rospy.simtime][INFO] 2016-06-08 21:58:40,965: initializing /clock core topic
[rospy.simtime][INFO] 2016-06-08 21:58:40,976: connected to core topic /clock
[rosout][INFO] 2016-06-08 21:58:41,012: gazebo_services running
[rospy.internal][INFO] 2016-06-08 21:58:41,270: topic[/rosout] adding connection to [/rosout], count 0
[rospy.internal][INFO] 2016-06-08 21:58:42,534: topic[/clock] adding connection to [http://cmeintel-desktop:40601/], count 0
[rospy.core][INFO] 2016-06-09 00:17:05,086: signal_shutdown [signal-2]
[rospy.internal][INFO] 2016-06-09 00:17:05,090: topic[/rosout] removing connection to /rosout
[rospy.internal][INFO] 2016-06-09 00:17:05,090: topic[/clock] removing connection to http://cmeintel-desktop:40601/
[rospy.impl.masterslave][INFO] 2016-06-09 00:17:05,090: signal-2
[rospy.core][INFO] 2016-06-09 00:17:05,214: signal_shutdown [atexit]
