[rospy.client][INFO] 2016-06-08 21:58:40,093: init_node, name[/joint_state_publisher], pid[14346]
[xmlrpc][INFO] 2016-06-08 21:58:40,094: XML-RPC server binding to 0.0.0.0:0
[xmlrpc][INFO] 2016-06-08 21:58:40,094: Started XML-RPC server [http://cmeintel-desktop:40975/]
[rospy.impl.masterslave][INFO] 2016-06-08 21:58:40,094: _ready: http://cmeintel-desktop:40975/
[rospy.registration][INFO] 2016-06-08 21:58:40,095: Registering with master node http://localhost:11311
[xmlrpc][INFO] 2016-06-08 21:58:40,095: xml rpc node: starting XML-RPC server
[rospy.init][INFO] 2016-06-08 21:58:40,102: ROS Slave URI: [http://cmeintel-desktop:40975/]
[rospy.init][INFO] 2016-06-08 21:58:40,102: registered with master
[rospy.rosout][INFO] 2016-06-08 21:58:40,102: initializing /rosout core topic
[rospy.rosout][INFO] 2016-06-08 21:58:40,123: connected to core topic /rosout
[rospy.simtime][INFO] 2016-06-08 21:58:40,144: initializing /clock core topic
[rospy.simtime][INFO] 2016-06-08 21:58:40,158: connected to core topic /clock
[rospy.internal][INFO] 2016-06-08 21:58:40,358: topic[/rosout] adding connection to [/rosout], count 0
[rospy.internal][INFO] 2016-06-08 21:58:41,361: topic[/joint_states] adding connection to [/robot_state_publisher], count 0
[rospy.internal][INFO] 2016-06-08 21:58:42,526: topic[/clock] adding connection to [http://cmeintel-desktop:40601/], count 0
[rospy.internal][INFO] 2016-06-08 21:58:51,192: topic[/base/joint_states] adding connection to [http://cmeintel-desktop:40601/], count 0
[rospy.internal][INFO] 2016-06-08 21:58:51,305: topic[/torso/joint_states] adding connection to [http://cmeintel-desktop:40601/], count 0
[rospy.internal][INFO] 2016-06-08 21:58:51,620: topic[/sensorring/joint_states] adding connection to [http://cmeintel-desktop:40601/], count 0
[rospy.internal][INFO] 2016-06-08 21:58:51,686: topic[/arm_right/joint_states] adding connection to [http://cmeintel-desktop:40601/], count 0
[rospy.internal][INFO] 2016-06-08 21:58:52,189: topic[/gripper_right/joint_states] adding connection to [http://cmeintel-desktop:40601/], count 0
[rospy.internal][INFO] 2016-06-08 21:58:52,190: topic[/arm_left/joint_states] adding connection to [http://cmeintel-desktop:40601/], count 0
[rospy.internal][INFO] 2016-06-08 21:58:54,052: topic[/gripper_left/joint_states] adding connection to [http://cmeintel-desktop:40601/], count 0
[rospy.core][INFO] 2016-06-09 00:17:06,086: signal_shutdown [signal-2]
[rospy.internal][INFO] 2016-06-09 00:17:06,090: topic[/joint_states] removing connection to /robot_state_publisher
[rospy.internal][INFO] 2016-06-09 00:17:06,094: topic[/rosout] removing connection to /rosout
[rospy.internal][INFO] 2016-06-09 00:17:06,094: topic[/arm_right/joint_states] removing connection to http://cmeintel-desktop:40601/
[rospy.internal][INFO] 2016-06-09 00:17:06,094: topic[/torso/joint_states] removing connection to http://cmeintel-desktop:40601/
[rospy.internal][INFO] 2016-06-09 00:17:06,094: topic[/sensorring/joint_states] removing connection to http://cmeintel-desktop:40601/
[rospy.internal][INFO] 2016-06-09 00:17:06,094: topic[/clock] removing connection to http://cmeintel-desktop:40601/
[rospy.internal][INFO] 2016-06-09 00:17:06,094: topic[/base/joint_states] removing connection to http://cmeintel-desktop:40601/
[rospy.internal][INFO] 2016-06-09 00:17:06,094: topic[/gripper_left/joint_states] removing connection to http://cmeintel-desktop:40601/
[rospy.internal][INFO] 2016-06-09 00:17:06,095: topic[/arm_left/joint_states] removing connection to http://cmeintel-desktop:40601/
[rospy.internal][INFO] 2016-06-09 00:17:06,095: topic[/gripper_right/joint_states] removing connection to http://cmeintel-desktop:40601/
[rospy.impl.masterslave][INFO] 2016-06-09 00:17:06,095: signal-2
[rospy.internal][WARNING] 2016-06-09 00:17:06,095: Unknown error initiating TCP/IP socket to cmeintel-desktop:38203 (http://cmeintel-desktop:40601/): Traceback (most recent call last):
  File "/opt/ros/indigo/lib/python2.7/dist-packages/rospy/impl/tcpros_base.py", line 557, in connect
    self.read_header()
  File "/opt/ros/indigo/lib/python2.7/dist-packages/rospy/impl/tcpros_base.py", line 619, in read_header
    self._validate_header(read_ros_handshake_header(sock, self.read_buff, self.protocol.buff_size))
AttributeError: 'NoneType' object has no attribute 'buff_size'

[rospy.core][INFO] 2016-06-09 00:17:06,709: signal_shutdown [atexit]
