[rospy.client][INFO] 2016-06-08 21:58:42,279: init_node, name[/script_server], pid[15141]
[xmlrpc][INFO] 2016-06-08 21:58:42,279: XML-RPC server binding to 0.0.0.0:0
[xmlrpc][INFO] 2016-06-08 21:58:42,280: Started XML-RPC server [http://cmeintel-desktop:41265/]
[rospy.impl.masterslave][INFO] 2016-06-08 21:58:42,280: _ready: http://cmeintel-desktop:41265/
[rospy.init][INFO] 2016-06-08 21:58:42,280: ROS Slave URI: [http://cmeintel-desktop:41265/]
[xmlrpc][INFO] 2016-06-08 21:58:42,280: xml rpc node: starting XML-RPC server
[rospy.registration][INFO] 2016-06-08 21:58:42,280: Registering with master node http://localhost:11311
[rospy.init][INFO] 2016-06-08 21:58:42,380: registered with master
[rospy.rosout][INFO] 2016-06-08 21:58:42,380: initializing /rosout core topic
[rospy.rosout][INFO] 2016-06-08 21:58:42,382: connected to core topic /rosout
[rospy.simtime][INFO] 2016-06-08 21:58:42,384: initializing /clock core topic
[rospy.simtime][INFO] 2016-06-08 21:58:42,394: connected to core topic /clock
[rosout][INFO] 2016-06-08 21:58:42,433: script_server is running
[rospy.internal][INFO] 2016-06-08 21:58:42,445: topic[/clock] adding connection to [http://cmeintel-desktop:40601/], count 0
[rospy.internal][INFO] 2016-06-08 21:58:42,633: topic[/rosout] adding connection to [/rosout], count 0
[rospy.core][INFO] 2016-06-09 00:17:05,070: signal_shutdown [signal-2]
[rospy.internal][INFO] 2016-06-09 00:17:05,079: topic[/rosout] removing connection to /rosout
[rospy.internal][INFO] 2016-06-09 00:17:05,079: topic[/clock] removing connection to http://cmeintel-desktop:40601/
[rospy.impl.masterslave][INFO] 2016-06-09 00:17:05,080: signal-2
[rospy.core][INFO] 2016-06-09 00:17:05,576: signal_shutdown [atexit]
