[rospy.client][INFO] 2016-06-08 21:58:40,283: init_node, name[/sensorring/gazebo_services], pid[14611]
[xmlrpc][INFO] 2016-06-08 21:58:40,284: XML-RPC server binding to 0.0.0.0:0
[xmlrpc][INFO] 2016-06-08 21:58:40,284: Started XML-RPC server [http://cmeintel-desktop:44579/]
[rospy.impl.masterslave][INFO] 2016-06-08 21:58:40,284: _ready: http://cmeintel-desktop:44579/
[rospy.registration][INFO] 2016-06-08 21:58:40,284: Registering with master node http://localhost:11311
[xmlrpc][INFO] 2016-06-08 21:58:40,285: xml rpc node: starting XML-RPC server
[rospy.init][INFO] 2016-06-08 21:58:40,286: ROS Slave URI: [http://cmeintel-desktop:44579/]
[rospy.init][INFO] 2016-06-08 21:58:40,288: registered with master
[rospy.rosout][INFO] 2016-06-08 21:58:40,288: initializing /rosout core topic
[rospy.rosout][INFO] 2016-06-08 21:58:40,309: connected to core topic /rosout
[rospy.internal][INFO] 2016-06-08 21:58:40,532: topic[/rosout] adding connection to [/rosout], count 0
[rospy.simtime][INFO] 2016-06-08 21:58:41,311: initializing /clock core topic
[rospy.simtime][INFO] 2016-06-08 21:58:41,316: connected to core topic /clock
[rosout][INFO] 2016-06-08 21:58:41,328: gazebo_services running
[rospy.internal][INFO] 2016-06-08 21:58:42,338: topic[/clock] adding connection to [http://cmeintel-desktop:40601/], count 0
[rospy.core][INFO] 2016-06-09 00:17:05,687: signal_shutdown [signal-2]
[rospy.internal][INFO] 2016-06-09 00:17:05,691: topic[/rosout] removing connection to /rosout
[rospy.internal][INFO] 2016-06-09 00:17:05,691: topic[/clock] removing connection to http://cmeintel-desktop:40601/
[rospy.impl.masterslave][INFO] 2016-06-09 00:17:05,691: signal-2
[rospy.core][INFO] 2016-06-09 00:17:05,855: signal_shutdown [atexit]
