[rospy.client][INFO] 2016-06-08 21:58:40,266: init_node, name[/spawn_gazebo_model], pid[14328]
[xmlrpc][INFO] 2016-06-08 21:58:40,266: XML-RPC server binding to 0.0.0.0:0
[xmlrpc][INFO] 2016-06-08 21:58:40,266: Started XML-RPC server [http://cmeintel-desktop:34466/]
[rospy.init][INFO] 2016-06-08 21:58:40,266: ROS Slave URI: [http://cmeintel-desktop:34466/]
[rospy.impl.masterslave][INFO] 2016-06-08 21:58:40,267: _ready: http://cmeintel-desktop:34466/
[xmlrpc][INFO] 2016-06-08 21:58:40,267: xml rpc node: starting XML-RPC server
[rospy.registration][INFO] 2016-06-08 21:58:40,267: Registering with master node http://localhost:11311
[rospy.init][INFO] 2016-06-08 21:58:40,367: registered with master
[rospy.rosout][INFO] 2016-06-08 21:58:40,367: initializing /rosout core topic
[rospy.rosout][INFO] 2016-06-08 21:58:40,396: connected to core topic /rosout
[rospy.simtime][INFO] 2016-06-08 21:58:40,423: initializing /clock core topic
[rospy.simtime][INFO] 2016-06-08 21:58:40,456: connected to core topic /clock
[rosout][INFO] 2016-06-08 21:58:40,467: Loading model xml from ros parameter
[rosout][INFO] 2016-06-08 21:58:40,505: Waiting for service /gazebo/spawn_urdf_model
[rospy.internal][INFO] 2016-06-08 21:58:40,632: topic[/rosout] adding connection to [/rosout], count 0
[rospy.internal][INFO] 2016-06-08 21:58:42,300: topic[/clock] adding connection to [http://cmeintel-desktop:40601/], count 0
[rosout][INFO] 2016-06-08 21:58:42,383: Calling service /gazebo/spawn_urdf_model
[rosout][INFO] 2016-06-08 21:58:46,395: Spawn status: SpawnModel: Successfully spawned model
[rospy.core][INFO] 2016-06-08 21:58:46,395: signal_shutdown [atexit]
[rospy.internal][INFO] 2016-06-08 21:58:46,397: topic[/rosout] removing connection to /rosout
[rospy.internal][INFO] 2016-06-08 21:58:46,397: topic[/clock] removing connection to http://cmeintel-desktop:40601/
[rospy.impl.masterslave][INFO] 2016-06-08 21:58:46,397: atexit
