[rospy.client][INFO] 2016-06-08 21:58:40,059: init_node, name[/spawn_urdf_world], pid[14291]
[xmlrpc][INFO] 2016-06-08 21:58:40,063: XML-RPC server binding to 0.0.0.0:0
[xmlrpc][INFO] 2016-06-08 21:58:40,063: Started XML-RPC server [http://cmeintel-desktop:32824/]
[rospy.impl.masterslave][INFO] 2016-06-08 21:58:40,064: _ready: http://cmeintel-desktop:32824/
[rospy.registration][INFO] 2016-06-08 21:58:40,064: Registering with master node http://localhost:11311
[xmlrpc][INFO] 2016-06-08 21:58:40,064: xml rpc node: starting XML-RPC server
[rospy.init][INFO] 2016-06-08 21:58:40,065: ROS Slave URI: [http://cmeintel-desktop:32824/]
[rospy.init][INFO] 2016-06-08 21:58:40,065: registered with master
[rospy.rosout][INFO] 2016-06-08 21:58:40,065: initializing /rosout core topic
[rospy.rosout][INFO] 2016-06-08 21:58:40,114: connected to core topic /rosout
[rospy.simtime][INFO] 2016-06-08 21:58:40,136: initializing /clock core topic
[rospy.simtime][INFO] 2016-06-08 21:58:40,156: connected to core topic /clock
[rospy.internal][INFO] 2016-06-08 21:58:40,316: topic[/rosout] adding connection to [/rosout], count 0
[rosout][INFO] 2016-06-08 21:58:41,174: Loading model xml from ros parameter
[rosout][INFO] 2016-06-08 21:58:41,183: Waiting for service /gazebo/spawn_urdf_model
[rospy.internal][INFO] 2016-06-08 21:58:42,300: topic[/clock] adding connection to [http://cmeintel-desktop:40601/], count 0
[rosout][INFO] 2016-06-08 21:58:42,403: Calling service /gazebo/spawn_urdf_model
[rosout][INFO] 2016-06-08 21:58:52,560: Spawn status: SpawnModel: Successfully spawned model
[rospy.core][INFO] 2016-06-08 21:58:52,561: signal_shutdown [atexit]
[rospy.internal][INFO] 2016-06-08 21:58:52,563: topic[/rosout] removing connection to /rosout
[rospy.internal][INFO] 2016-06-08 21:58:52,563: topic[/clock] removing connection to http://cmeintel-desktop:40601/
[rospy.impl.masterslave][INFO] 2016-06-08 21:58:52,563: atexit
