[rospy.client][INFO] 2016-06-08 21:58:40,135: init_node, name[/world_tf_publisher], pid[14302]
[xmlrpc][INFO] 2016-06-08 21:58:40,139: XML-RPC server binding to 0.0.0.0:0
[xmlrpc][INFO] 2016-06-08 21:58:40,139: Started XML-RPC server [http://cmeintel-desktop:44476/]
[rospy.init][INFO] 2016-06-08 21:58:40,139: ROS Slave URI: [http://cmeintel-desktop:44476/]
[rospy.impl.masterslave][INFO] 2016-06-08 21:58:40,139: _ready: http://cmeintel-desktop:44476/
[xmlrpc][INFO] 2016-06-08 21:58:40,139: xml rpc node: starting XML-RPC server
[rospy.registration][INFO] 2016-06-08 21:58:40,141: Registering with master node http://localhost:11311
[rospy.init][INFO] 2016-06-08 21:58:40,239: registered with master
[rospy.rosout][INFO] 2016-06-08 21:58:40,239: initializing /rosout core topic
[rospy.rosout][INFO] 2016-06-08 21:58:41,240: connected to core topic /rosout
[rospy.simtime][INFO] 2016-06-08 21:58:41,243: initializing /clock core topic
[rospy.simtime][INFO] 2016-06-08 21:58:41,249: connected to core topic /clock
[rospy.internal][INFO] 2016-06-08 21:58:41,484: topic[/rosout] adding connection to [/rosout], count 0
[rospy.internal][INFO] 2016-06-08 21:58:41,486: topic[/tf] adding connection to [/torso/twist_controller], count 0
[rospy.internal][INFO] 2016-06-08 21:58:41,486: topic[/tf] adding connection to [/arm_left/interactive_target], count 1
[rospy.internal][INFO] 2016-06-08 21:58:41,487: topic[/tf] adding connection to [/torso/frame_tracker], count 2
[rospy.internal][INFO] 2016-06-08 21:58:41,488: topic[/tf] adding connection to [/arm_right/obstacle_distance], count 3
[rospy.internal][INFO] 2016-06-08 21:58:41,490: topic[/tf] adding connection to [/image_flip_torso_cam3d_left/image_flip_torso_cam3d_left], count 4
[rospy.internal][INFO] 2016-06-08 21:58:41,491: topic[/tf] adding connection to [/torso/obstacle_distance], count 5
[rospy.internal][INFO] 2016-06-08 21:58:41,493: topic[/tf] adding connection to [/arm_right/frame_tracker], count 6
[rospy.internal][INFO] 2016-06-08 21:58:41,494: topic[/tf] adding connection to [/image_flip_torso_cam3d_right/image_flip_torso_cam3d_right], count 7
[rospy.internal][INFO] 2016-06-08 21:58:41,527: topic[/tf] adding connection to [/arm_right/interactive_target], count 8
[rospy.internal][INFO] 2016-06-08 21:58:41,527: topic[/tf] adding connection to [/torso/interactive_target], count 9
[rospy.internal][INFO] 2016-06-08 21:58:41,631: topic[/tf] adding connection to [/arm_left/frame_tracker], count 10
[rospy.internal][INFO] 2016-06-08 21:58:41,631: topic[/tf] adding connection to [/arm_left/obstacle_distance], count 11
[rospy.internal][INFO] 2016-06-08 21:58:41,831: topic[/tf] adding connection to [/image_flip_sensorring_cam3d/image_flip_sensorring_cam3d], count 12
[rospy.internal][INFO] 2016-06-08 21:58:42,039: topic[/tf] adding connection to [/arm_right/twist_controller], count 13
[rospy.internal][INFO] 2016-06-08 21:58:42,338: topic[/clock] adding connection to [http://cmeintel-desktop:40601/], count 0
[rospy.internal][INFO] 2016-06-08 21:58:42,386: topic[/tf] adding connection to [/scan_unifier], count 14
[rospy.internal][INFO] 2016-06-08 21:58:42,427: topic[/tf] adding connection to [/arm_left/twist_controller], count 15
[rospy.internal][INFO] 2016-06-08 21:58:54,563: topic[/tf] removing connection to /arm_left/obstacle_distance
[rospy.internal][INFO] 2016-06-09 00:17:06,153: topic[/tf] removing connection to /arm_left/interactive_target
[rospy.internal][INFO] 2016-06-09 00:17:06,153: topic[/tf] removing connection to /arm_left/frame_tracker
[rospy.internal][INFO] 2016-06-09 00:17:06,153: topic[/tf] removing connection to /arm_right/frame_tracker
[rospy.internal][INFO] 2016-06-09 00:17:06,153: topic[/tf] removing connection to /image_flip_torso_cam3d_right/image_flip_torso_cam3d_right
[rospy.internal][INFO] 2016-06-09 00:17:06,153: topic[/tf] removing connection to /arm_right/obstacle_distance
[rospy.internal][INFO] 2016-06-09 00:17:06,153: topic[/tf] removing connection to /image_flip_sensorring_cam3d/image_flip_sensorring_cam3d
[rospy.internal][INFO] 2016-06-09 00:17:06,153: topic[/tf] removing connection to /arm_right/interactive_target
[rospy.internal][INFO] 2016-06-09 00:17:06,153: topic[/tf] removing connection to /image_flip_torso_cam3d_left/image_flip_torso_cam3d_left
[rospy.internal][INFO] 2016-06-09 00:17:06,154: topic[/tf] removing connection to /arm_right/twist_controller
[rospy.internal][INFO] 2016-06-09 00:17:06,155: topic[/tf] removing connection to /arm_left/twist_controller
[rospy.core][INFO] 2016-06-09 00:17:06,179: signal_shutdown [signal-2]
[rospy.internal][INFO] 2016-06-09 00:17:06,181: topic[/rosout] removing connection to /rosout
[rospy.internal][INFO] 2016-06-09 00:17:06,181: topic[/tf] removing connection to /torso/twist_controller
[rospy.internal][INFO] 2016-06-09 00:17:06,182: topic[/tf] removing connection to /torso/frame_tracker
[rospy.internal][INFO] 2016-06-09 00:17:06,182: topic[/tf] removing connection to /torso/obstacle_distance
[rospy.internal][INFO] 2016-06-09 00:17:06,182: topic[/tf] removing connection to /torso/interactive_target
[rospy.internal][INFO] 2016-06-09 00:17:06,182: topic[/tf] removing connection to /scan_unifier
[rospy.internal][INFO] 2016-06-09 00:17:06,182: topic[/clock] removing connection to http://cmeintel-desktop:40601/
[rospy.impl.masterslave][INFO] 2016-06-09 00:17:06,182: signal-2
[rospy.core][INFO] 2016-06-09 00:17:06,314: signal_shutdown [atexit]
