[roslaunch][INFO] 2016-06-04 15:13:38,148: Checking log directory for disk usage. This may take awhile.
Press Ctrl-C to interrupt
[roslaunch][INFO] 2016-06-04 15:13:38,176: Done checking log file disk usage. Usage is <1GB.
[roslaunch][INFO] 2016-06-04 15:13:38,176: roslaunch starting with args ['/opt/ros/indigo/bin/roslaunch', 'cob_gazebo_worlds', 'empty.launch']
[roslaunch][INFO] 2016-06-04 15:13:38,176: roslaunch env is {'LC_NUMERIC': 'C', 'MANDATORY_PATH': '/usr/share/gconf/ubuntu.mandatory.path', 'ROS_DISTRO': 'indigo', 'ROS_LOG_FILENAME': '/home/cme-intel/.ros/log/26536900-2a56-11e6-855e-bc5ff47c434e/roslaunch-cmeintel-desktop-31444.log', 'XDG_GREETER_DATA_DIR': '/var/lib/lightdm-data/cme-intel', 'GNOME_DESKTOP_SESSION_ID': 'this-is-deprecated', 'PKG_CONFIG_PATH': '/home/cme-intel/git/catkin_ws/devel/lib/pkgconfig:/opt/ros/indigo/lib/x86_64-linux-gnu/pkgconfig:/opt/ros/indigo/lib/pkgconfig', 'ROBOT': 'cob4-1', 'LESSOPEN': '| /usr/bin/lesspipe %s', 'XDG_VTNR': '7', 'ROSLISP_PACKAGE_DIRECTORIES': '/home/cme-intel/git/catkin_ws/devel/share/common-lisp', 'CPATH': '/home/cme-intel/git/catkin_ws/devel/include:/opt/ros/indigo/include', 'LOGNAME': 'cme-intel', 'USER': 'cme-intel', 'PATH': '/opt/ros/indigo/bin:/usr/local/sbin:/usr/local/bin:/usr/sbin:/usr/bin:/sbin:/bin:/usr/games:/usr/local/games', 'LC_PAPER': 'de_DE.UTF-8', 'GNOME_KEYRING_CONTROL': '/run/user/1000/keyring-b7KI67', 'CMAKE_PREFIX_PATH': '/home/cme-intel/git/catkin_ws/devel:/opt/ros/indigo', 'LD_LIBRARY_PATH': '/home/cme-intel/git/catkin_ws/devel/lib:/opt/ros/indigo/lib/x86_64-linux-gnu:/opt/ros/indigo/lib', 'LANG': 'en_US.UTF-8', 'TERM': 'xterm', 'SHELL': '/bin/bash', 'XDG_SESSION_PATH': '/org/freedesktop/DisplayManager/Session0', 'XAUTHORITY': '/home/cme-intel/.Xauthority', 'LANGUAGE': 'en_US', 'COMPIZ_CONFIG_PROFILE': 'ubuntu', 'LC_MONETARY': 'de_DE.UTF-8', 'DISPLAY': ':0', 'GTK_IM_MODULE': 'ibus', 'QT_QPA_PLATFORMTHEME': 'appmenu-qt5', 'TERMINATOR_UUID': 'urn:uuid:f80fd62a-59f6-4e5c-9e7b-2795acfa6b4c', 'JOB': 'gnome-session', 'TEXTDOMAIN': 'im-config', 'UPSTART_INSTANCE': '', 'CLUTTER_IM_MODULE': 'xim', 'WINDOWID': '56623108', '_': '/opt/ros/indigo/bin/roslaunch', 'SESSIONTYPE': 'gnome-session', 'XMODIFIERS': '@im=ibus', 'ROS_ETC_DIR': '/opt/ros/indigo/etc/ros', 'GPG_AGENT_INFO': '/run/user/1000/keyring-b7KI67/gpg:0:1', 'HOME': '/home/cme-intel', 'QT4_IM_MODULE': 'xim', 'SELINUX_INIT': 'YES', 'SHLVL': '1', 'XDG_RUNTIME_DIR': '/run/user/1000', 'INSTANCE': 'Unity', 'LC_ADDRESS': 'de_DE.UTF-8', 'PYTHONPATH': '/home/cme-intel/git/catkin_ws/devel/lib/python2.7/dist-packages:/opt/ros/indigo/lib/python2.7/dist-packages', 'SSH_AUTH_SOCK': '/run/user/1000/keyring-b7KI67/ssh', 'UPSTART_EVENTS': 'started starting', 'ROS_ROOT': '/opt/ros/indigo/share/ros', 'GDMSESSION': 'ubuntu', 'IM_CONFIG_PHASE': '1', 'GAZEBO_MODEL_DATABASE_URI': 'http://models.gazebosim.org/', 'TEXTDOMAINDIR': '/usr/share/locale/', 'LESSCLOSE': '/usr/bin/lesspipe %s %s', 'GNOME_KEYRING_PID': '1788', 'XDG_SEAT_PATH': '/org/freedesktop/DisplayManager/Seat0', 'ROS_PACKAGE_PATH': '/home/cmeintel/git/catkin_ws/src:/opt/ros/indigo/share:/opt/ros/indigo/stacks', 'XDG_CURRENT_DESKTOP': 'Unity', 'XDG_SESSION_ID': 'c2', 'DBUS_SESSION_BUS_ADDRESS': 'unix:abstract=/tmp/dbus-97fKEFKZ4v', 'ORBIT_SOCKETDIR': '/tmp/orbit-cme-intel', 'DEFAULTS_PATH': '/usr/share/gconf/ubuntu.default.path', 'LC_IDENTIFICATION': 'de_DE.UTF-8', 'DESKTOP_SESSION': 'ubuntu', 'UPSTART_SESSION': 'unix:abstract=/com/ubuntu/upstart-session/1000/1828', 'XDG_CONFIG_DIRS': '/etc/xdg/xdg-ubuntu:/usr/share/upstart/xdg:/etc/xdg', 'GTK_MODULES': 'overlay-scrollbar:unity-gtk-module', 'LC_NAME': 'de_DE.UTF-8', 'GDM_LANG': 'en_US', 'LC_TELEPHONE': 'de_DE.UTF-8', 'ROBOT_ENV': 'ipa-apartment', 'LC_MEASUREMENT': 'de_DE.UTF-8', 'PWD': '/home/cme-intel', 'QT_IM_MODULE': 'ibus', 'ROS_MASTER_URI': 'http://localhost:11311', 'COLORTERM': 'gnome-terminal', 'UPSTART_JOB': 'unity-settings-daemon', 'LC_TIME': 'de_DE.UTF-8', 'LS_COLORS': 'rs=0:di=01;34:ln=01;36:mh=00:pi=40;33:so=01;35:do=01;35:bd=40;33;01:cd=40;33;01:or=40;31;01:su=37;41:sg=30;43:ca=30;41:tw=30;42:ow=34;42:st=37;44:ex=01;32:*.tar=01;31:*.tgz=01;31:*.arj=01;31:*.taz=01;31:*.lzh=01;31:*.lzma=01;31:*.tlz=01;31:*.txz=01;31:*.zip=01;31:*.z=01;31:*.Z=01;31:*.dz=01;31:*.gz=01;31:*.lz=01;31:*.xz=01;31:*.bz2=01;31:*.bz=01;31:*.tbz=01;31:*.tbz2=01;31:*.tz=01;31:*.deb=01;31:*.rpm=01;31:*.jar=01;31:*.war=01;31:*.ear=01;31:*.sar=01;31:*.rar=01;31:*.ace=01;31:*.zoo=01;31:*.cpio=01;31:*.7z=01;31:*.rz=01;31:*.jpg=01;35:*.jpeg=01;35:*.gif=01;35:*.bmp=01;35:*.pbm=01;35:*.pgm=01;35:*.ppm=01;35:*.tga=01;35:*.xbm=01;35:*.xpm=01;35:*.tif=01;35:*.tiff=01;35:*.png=01;35:*.svg=01;35:*.svgz=01;35:*.mng=01;35:*.pcx=01;35:*.mov=01;35:*.mpg=01;35:*.mpeg=01;35:*.m2v=01;35:*.mkv=01;35:*.webm=01;35:*.ogm=01;35:*.mp4=01;35:*.m4v=01;35:*.mp4v=01;35:*.vob=01;35:*.qt=01;35:*.nuv=01;35:*.wmv=01;35:*.asf=01;35:*.rm=01;35:*.rmvb=01;35:*.flc=01;35:*.avi=01;35:*.fli=01;35:*.flv=01;35:*.gl=01;35:*.dl=01;35:*.xcf=01;35:*.xwd=01;35:*.yuv=01;35:*.cgm=01;35:*.emf=01;35:*.axv=01;35:*.anx=01;35:*.ogv=01;35:*.ogx=01;35:*.aac=00;36:*.au=00;36:*.flac=00;36:*.mid=00;36:*.midi=00;36:*.mka=00;36:*.mp3=00;36:*.mpc=00;36:*.ogg=00;36:*.ra=00;36:*.wav=00;36:*.axa=00;36:*.oga=00;36:*.spx=00;36:*.xspf=00;36:', 'XDG_DATA_DIRS': '/usr/share/ubuntu:/usr/share/gnome:/usr/local/share/:/usr/share/', 'XDG_SEAT': 'seat0'}
[roslaunch][INFO] 2016-06-04 15:13:38,177: starting in server mode
[roslaunch.parent][INFO] 2016-06-04 15:13:38,177: starting roslaunch parent run
[roslaunch][INFO] 2016-06-04 15:13:38,177: loading roscore config file /opt/ros/indigo/etc/ros/roscore.xml
[roslaunch][INFO] 2016-06-04 15:13:38,415: Added core node of type [rosout/rosout] in namespace [/]
[roslaunch.config][INFO] 2016-06-04 15:13:38,415: loading config file /opt/ros/indigo/share/cob_gazebo_worlds/launch/empty.launch
[roslaunch][INFO] 2016-06-04 15:13:38,479: Added node of type [gazebo_ros/gzserver] in namespace [/]
[roslaunch][INFO] 2016-06-04 15:13:38,480: Added node of type [gazebo_ros/gzclient] in namespace [/]
[roslaunch][INFO] 2016-06-04 15:13:38,480: ... selected machine [] for node of type [gazebo_ros/gzserver]
[roslaunch][INFO] 2016-06-04 15:13:38,480: ... selected machine [] for node of type [gazebo_ros/gzclient]
[roslaunch.pmon][INFO] 2016-06-04 15:13:38,498: start_process_monitor: creating ProcessMonitor
[roslaunch.pmon][INFO] 2016-06-04 15:13:38,498: created process monitor <ProcessMonitor(ProcessMonitor-1, initial daemon)>
[roslaunch.pmon][INFO] 2016-06-04 15:13:38,499: start_process_monitor: ProcessMonitor started
[roslaunch.parent][INFO] 2016-06-04 15:13:38,499: starting parent XML-RPC server
[roslaunch.server][INFO] 2016-06-04 15:13:38,499: starting roslaunch XML-RPC server
[roslaunch.server][INFO] 2016-06-04 15:13:38,499: waiting for roslaunch XML-RPC server to initialize
[xmlrpc][INFO] 2016-06-04 15:13:38,499: XML-RPC server binding to 0.0.0.0:0
[xmlrpc][INFO] 2016-06-04 15:13:38,500: Started XML-RPC server [http://cmeintel-desktop:46308/]
[xmlrpc][INFO] 2016-06-04 15:13:38,500: xml rpc node: starting XML-RPC server
[roslaunch][INFO] 2016-06-04 15:13:38,510: started roslaunch server http://cmeintel-desktop:46308/
[roslaunch.parent][INFO] 2016-06-04 15:13:38,511: ... parent XML-RPC server started
[roslaunch][INFO] 2016-06-04 15:13:38,511: master.is_running[http://localhost:11311]
[roslaunch][INFO] 2016-06-04 15:13:38,511: auto-starting new master
[roslaunch][INFO] 2016-06-04 15:13:38,511: create_master_process: rosmaster, /opt/ros/indigo/share/ros, 11311, 3, None
[roslaunch][INFO] 2016-06-04 15:13:38,511: process[master]: launching with args [['rosmaster', '--core', '-p', '11311', '-w', '3']]
[roslaunch.pmon][INFO] 2016-06-04 15:13:38,511: ProcessMonitor.register[master]
[roslaunch.pmon][INFO] 2016-06-04 15:13:38,511: ProcessMonitor.register[master] complete
[roslaunch][INFO] 2016-06-04 15:13:38,512: process[master]: starting os process
[roslaunch][INFO] 2016-06-04 15:13:38,512: process[master]: start w/ args [['rosmaster', '--core', '-p', '11311', '-w', '3', '__log:=/home/cme-intel/.ros/log/26536900-2a56-11e6-855e-bc5ff47c434e/master.log']]
[roslaunch][INFO] 2016-06-04 15:13:38,512: process[master]: cwd will be [/home/cme-intel/.ros]
[roslaunch][INFO] 2016-06-04 15:13:38,531: process[master]: started with pid [31456]
[roslaunch][INFO] 2016-06-04 15:13:38,531: master.is_running[http://localhost:11311]
[roslaunch][INFO] 2016-06-04 15:13:38,632: master.is_running[http://localhost:11311]
[roslaunch][INFO] 2016-06-04 15:13:38,732: master.is_running[http://localhost:11311]
[roslaunch][INFO] 2016-06-04 15:13:38,833: master.is_running[http://localhost:11311]
[roslaunch][INFO] 2016-06-04 15:13:38,835: master.is_running[http://localhost:11311]
[roslaunch][INFO] 2016-06-04 15:13:38,836: ROS_MASTER_URI=http://localhost:11311
[roslaunch][INFO] 2016-06-04 15:13:38,838: setting /run_id to 26536900-2a56-11e6-855e-bc5ff47c434e
[roslaunch][INFO] 2016-06-04 15:13:38,840: setting /roslaunch/uris/host_cmeintel_desktop__46308' to http://cmeintel-desktop:46308/
[roslaunch][INFO] 2016-06-04 15:13:38,843: ... preparing to launch node of type [rosout/rosout]
[roslaunch][INFO] 2016-06-04 15:13:38,844: create_node_process: package[rosout] type[rosout] machine[Machine(name[] env_loader[None] address[localhost] ssh_port[22] user[None] assignable[True] timeout[10.0])] master_uri[http://localhost:11311]
[roslaunch][INFO] 2016-06-04 15:13:38,844: process[rosout-1]: env[{'LC_NUMERIC': 'C', 'WINDOWID': '56623108', 'QT_QPA_PLATFORMTHEME': 'appmenu-qt5', 'ROS_DISTRO': 'indigo', 'XDG_GREETER_DATA_DIR': '/var/lib/lightdm-data/cme-intel', 'GNOME_DESKTOP_SESSION_ID': 'this-is-deprecated', 'LC_MEASUREMENT': 'de_DE.UTF-8', 'XDG_CURRENT_DESKTOP': 'Unity', 'ROBOT': 'cob4-1', 'LESSOPEN': '| /usr/bin/lesspipe %s', 'LC_PAPER': 'de_DE.UTF-8', 'ROSLISP_PACKAGE_DIRECTORIES': '/home/cme-intel/git/catkin_ws/devel/share/common-lisp', 'CPATH': '/home/cme-intel/git/catkin_ws/devel/include:/opt/ros/indigo/include', 'LOGNAME': 'cme-intel', 'USER': 'cme-intel', 'PATH': '/opt/ros/indigo/bin:/usr/local/sbin:/usr/local/bin:/usr/sbin:/usr/bin:/sbin:/bin:/usr/games:/usr/local/games', 'XDG_VTNR': '7', 'GNOME_KEYRING_CONTROL': '/run/user/1000/keyring-b7KI67', 'ROS_PACKAGE_PATH': '/home/cmeintel/git/catkin_ws/src:/opt/ros/indigo/share:/opt/ros/indigo/stacks', 'CMAKE_PREFIX_PATH': '/home/cme-intel/git/catkin_ws/devel:/opt/ros/indigo', 'LD_LIBRARY_PATH': '/home/cme-intel/git/catkin_ws/devel/lib:/opt/ros/indigo/lib/x86_64-linux-gnu:/opt/ros/indigo/lib', 'LANG': 'en_US.UTF-8', 'TERM': 'xterm', 'SHELL': '/bin/bash', 'XDG_SESSION_PATH': '/org/freedesktop/DisplayManager/Session0', 'XAUTHORITY': '/home/cme-intel/.Xauthority', 'LANGUAGE': 'en_US', 'INSTANCE': 'Unity', 'LC_MONETARY': 'de_DE.UTF-8', 'XDG_SESSION_ID': 'c2', 'MANDATORY_PATH': '/usr/share/gconf/ubuntu.mandatory.path', 'TERMINATOR_UUID': 'urn:uuid:f80fd62a-59f6-4e5c-9e7b-2795acfa6b4c', 'JOB': 'gnome-session', 'ROS_LOG_FILENAME': '/home/cme-intel/.ros/log/26536900-2a56-11e6-855e-bc5ff47c434e/roslaunch-cmeintel-desktop-31444.log', 'UPSTART_INSTANCE': '', 'COMPIZ_CONFIG_PROFILE': 'ubuntu', 'TEXTDOMAIN': 'im-config', 'ORBIT_SOCKETDIR': '/tmp/orbit-cme-intel', 'CLUTTER_IM_MODULE': 'xim', 'XMODIFIERS': '@im=ibus', 'ROS_MASTER_URI': 'http://localhost:11311', 'GPG_AGENT_INFO': '/run/user/1000/keyring-b7KI67/gpg:0:1', 'HOME': '/home/cme-intel', 'QT4_IM_MODULE': 'xim', 'SELINUX_INIT': 'YES', 'SSH_AUTH_SOCK': '/run/user/1000/keyring-b7KI67/ssh', 'XDG_RUNTIME_DIR': '/run/user/1000', 'LC_IDENTIFICATION': 'de_DE.UTF-8', 'LC_ADDRESS': 'de_DE.UTF-8', 'PYTHONPATH': '/home/cme-intel/git/catkin_ws/devel/lib/python2.7/dist-packages:/opt/ros/indigo/lib/python2.7/dist-packages', 'SESSIONTYPE': 'gnome-session', 'UPSTART_EVENTS': 'started starting', 'GDMSESSION': 'ubuntu', 'IM_CONFIG_PHASE': '1', 'UPSTART_JOB': 'unity-settings-daemon', 'TEXTDOMAINDIR': '/usr/share/locale/', 'ROBOT_ENV': 'ipa-apartment', 'XDG_DATA_DIRS': '/usr/share/ubuntu:/usr/share/gnome:/usr/local/share/:/usr/share/', 'PKG_CONFIG_PATH': '/home/cme-intel/git/catkin_ws/devel/lib/pkgconfig:/opt/ros/indigo/lib/x86_64-linux-gnu/pkgconfig:/opt/ros/indigo/lib/pkgconfig', 'LESSCLOSE': '/usr/bin/lesspipe %s %s', 'ROS_ROOT': '/opt/ros/indigo/share/ros', 'XDG_SEAT_PATH': '/org/freedesktop/DisplayManager/Seat0', 'DBUS_SESSION_BUS_ADDRESS': 'unix:abstract=/tmp/dbus-97fKEFKZ4v', '_': '/opt/ros/indigo/bin/roslaunch', 'DEFAULTS_PATH': '/usr/share/gconf/ubuntu.default.path', 'GTK_IM_MODULE': 'ibus', 'DESKTOP_SESSION': 'ubuntu', 'UPSTART_SESSION': 'unix:abstract=/com/ubuntu/upstart-session/1000/1828', 'DISPLAY': ':0', 'GNOME_KEYRING_PID': '1788', 'LS_COLORS': 'rs=0:di=01;34:ln=01;36:mh=00:pi=40;33:so=01;35:do=01;35:bd=40;33;01:cd=40;33;01:or=40;31;01:su=37;41:sg=30;43:ca=30;41:tw=30;42:ow=34;42:st=37;44:ex=01;32:*.tar=01;31:*.tgz=01;31:*.arj=01;31:*.taz=01;31:*.lzh=01;31:*.lzma=01;31:*.tlz=01;31:*.txz=01;31:*.zip=01;31:*.z=01;31:*.Z=01;31:*.dz=01;31:*.gz=01;31:*.lz=01;31:*.xz=01;31:*.bz2=01;31:*.bz=01;31:*.tbz=01;31:*.tbz2=01;31:*.tz=01;31:*.deb=01;31:*.rpm=01;31:*.jar=01;31:*.war=01;31:*.ear=01;31:*.sar=01;31:*.rar=01;31:*.ace=01;31:*.zoo=01;31:*.cpio=01;31:*.7z=01;31:*.rz=01;31:*.jpg=01;35:*.jpeg=01;35:*.gif=01;35:*.bmp=01;35:*.pbm=01;35:*.pgm=01;35:*.ppm=01;35:*.tga=01;35:*.xbm=01;35:*.xpm=01;35:*.tif=01;35:*.tiff=01;35:*.png=01;35:*.svg=01;35:*.svgz=01;35:*.mng=01;35:*.pcx=01;35:*.mov=01;35:*.mpg=01;35:*.mpeg=01;35:*.m2v=01;35:*.mkv=01;35:*.webm=01;35:*.ogm=01;35:*.mp4=01;35:*.m4v=01;35:*.mp4v=01;35:*.vob=01;35:*.qt=01;35:*.nuv=01;35:*.wmv=01;35:*.asf=01;35:*.rm=01;35:*.rmvb=01;35:*.flc=01;35:*.avi=01;35:*.fli=01;35:*.flv=01;35:*.gl=01;35:*.dl=01;35:*.xcf=01;35:*.xwd=01;35:*.yuv=01;35:*.cgm=01;35:*.emf=01;35:*.axv=01;35:*.anx=01;35:*.ogv=01;35:*.ogx=01;35:*.aac=00;36:*.au=00;36:*.flac=00;36:*.mid=00;36:*.midi=00;36:*.mka=00;36:*.mp3=00;36:*.mpc=00;36:*.ogg=00;36:*.ra=00;36:*.wav=00;36:*.axa=00;36:*.oga=00;36:*.spx=00;36:*.xspf=00;36:', 'GDM_LANG': 'en_US', 'GAZEBO_MODEL_DATABASE_URI': 'http://models.gazebosim.org/', 'GTK_MODULES': 'overlay-scrollbar:unity-gtk-module', 'SHLVL': '1', 'PWD': '/home/cme-intel', 'QT_IM_MODULE': 'ibus', 'ROS_ETC_DIR': '/opt/ros/indigo/etc/ros', 'COLORTERM': 'gnome-terminal', 'LC_NAME': 'de_DE.UTF-8', 'LC_TELEPHONE': 'de_DE.UTF-8', 'LC_TIME': 'de_DE.UTF-8', 'XDG_CONFIG_DIRS': '/etc/xdg/xdg-ubuntu:/usr/share/upstart/xdg:/etc/xdg', 'XDG_SEAT': 'seat0'}]
[roslaunch][INFO] 2016-06-04 15:13:38,913: process[rosout-1]: args[[u'/opt/ros/indigo/lib/rosout/rosout', u'__name:=rosout']]
[roslaunch][INFO] 2016-06-04 15:13:38,914: ... created process [rosout-1]
[roslaunch.pmon][INFO] 2016-06-04 15:13:38,914: ProcessMonitor.register[rosout-1]
[roslaunch.pmon][INFO] 2016-06-04 15:13:38,915: ProcessMonitor.register[rosout-1] complete
[roslaunch][INFO] 2016-06-04 15:13:38,915: ... registered process [rosout-1]
[roslaunch][INFO] 2016-06-04 15:13:38,915: process[rosout-1]: starting os process
[roslaunch][INFO] 2016-06-04 15:13:38,915: process[rosout-1]: start w/ args [[u'/opt/ros/indigo/lib/rosout/rosout', u'__name:=rosout', u'__log:=/home/cme-intel/.ros/log/26536900-2a56-11e6-855e-bc5ff47c434e/rosout-1.log']]
[roslaunch][INFO] 2016-06-04 15:13:38,915: process[rosout-1]: cwd will be [/home/cme-intel/.ros]
[roslaunch][INFO] 2016-06-04 15:13:39,005: process[rosout-1]: started with pid [31469]
[roslaunch][INFO] 2016-06-04 15:13:39,005: ... successfully launched [rosout-1]
[roslaunch][INFO] 2016-06-04 15:13:39,005: load_parameters starting ...
[roslaunch][INFO] 2016-06-04 15:13:39,010: ... load_parameters complete
[roslaunch][INFO] 2016-06-04 15:13:39,010: launch_nodes: launching local nodes ...
[roslaunch][INFO] 2016-06-04 15:13:39,011: ... preparing to launch node of type [gazebo_ros/gzserver]
[roslaunch][INFO] 2016-06-04 15:13:39,011: create_node_process: package[gazebo_ros] type[gzserver] machine[Machine(name[] env_loader[None] address[localhost] ssh_port[22] user[None] assignable[True] timeout[10.0])] master_uri[http://localhost:11311]
[roslaunch][INFO] 2016-06-04 15:13:39,011: process[gazebo-2]: env[{'LC_NUMERIC': 'C', 'WINDOWID': '56623108', 'QT_QPA_PLATFORMTHEME': 'appmenu-qt5', 'ROS_DISTRO': 'indigo', 'XDG_GREETER_DATA_DIR': '/var/lib/lightdm-data/cme-intel', 'GNOME_DESKTOP_SESSION_ID': 'this-is-deprecated', 'LC_MEASUREMENT': 'de_DE.UTF-8', 'XDG_CURRENT_DESKTOP': 'Unity', 'ROBOT': 'cob4-1', 'LESSOPEN': '| /usr/bin/lesspipe %s', 'LC_PAPER': 'de_DE.UTF-8', 'ROSLISP_PACKAGE_DIRECTORIES': '/home/cme-intel/git/catkin_ws/devel/share/common-lisp', 'CPATH': '/home/cme-intel/git/catkin_ws/devel/include:/opt/ros/indigo/include', 'LOGNAME': 'cme-intel', 'USER': 'cme-intel', 'PATH': '/opt/ros/indigo/bin:/usr/local/sbin:/usr/local/bin:/usr/sbin:/usr/bin:/sbin:/bin:/usr/games:/usr/local/games', 'XDG_VTNR': '7', 'GNOME_KEYRING_CONTROL': '/run/user/1000/keyring-b7KI67', 'ROS_PACKAGE_PATH': '/home/cmeintel/git/catkin_ws/src:/opt/ros/indigo/share:/opt/ros/indigo/stacks', 'CMAKE_PREFIX_PATH': '/home/cme-intel/git/catkin_ws/devel:/opt/ros/indigo', 'LD_LIBRARY_PATH': '/home/cme-intel/git/catkin_ws/devel/lib:/opt/ros/indigo/lib/x86_64-linux-gnu:/opt/ros/indigo/lib', 'LANG': 'en_US.UTF-8', 'TERM': 'xterm', 'SHELL': '/bin/bash', 'XDG_SESSION_PATH': '/org/freedesktop/DisplayManager/Session0', 'XAUTHORITY': '/home/cme-intel/.Xauthority', 'LANGUAGE': 'en_US', 'INSTANCE': 'Unity', 'LC_MONETARY': 'de_DE.UTF-8', 'XDG_SESSION_ID': 'c2', 'MANDATORY_PATH': '/usr/share/gconf/ubuntu.mandatory.path', 'TERMINATOR_UUID': 'urn:uuid:f80fd62a-59f6-4e5c-9e7b-2795acfa6b4c', 'JOB': 'gnome-session', u'GAZEBO_MODEL_PATH': u'/opt/ros/indigo/share/cob_gazebo_worlds/Media/models:', 'ROS_LOG_FILENAME': '/home/cme-intel/.ros/log/26536900-2a56-11e6-855e-bc5ff47c434e/roslaunch-cmeintel-desktop-31444.log', 'UPSTART_INSTANCE': '', 'COMPIZ_CONFIG_PROFILE': 'ubuntu', 'TEXTDOMAIN': 'im-config', 'ORBIT_SOCKETDIR': '/tmp/orbit-cme-intel', 'CLUTTER_IM_MODULE': 'xim', 'XMODIFIERS': '@im=ibus', 'ROS_MASTER_URI': 'http://localhost:11311', 'GPG_AGENT_INFO': '/run/user/1000/keyring-b7KI67/gpg:0:1', 'HOME': '/home/cme-intel', 'QT4_IM_MODULE': 'xim', 'SELINUX_INIT': 'YES', 'SSH_AUTH_SOCK': '/run/user/1000/keyring-b7KI67/ssh', 'XDG_RUNTIME_DIR': '/run/user/1000', 'LC_IDENTIFICATION': 'de_DE.UTF-8', 'LC_ADDRESS': 'de_DE.UTF-8', 'PYTHONPATH': '/home/cme-intel/git/catkin_ws/devel/lib/python2.7/dist-packages:/opt/ros/indigo/lib/python2.7/dist-packages', 'SESSIONTYPE': 'gnome-session', 'UPSTART_EVENTS': 'started starting', 'GDMSESSION': 'ubuntu', 'IM_CONFIG_PHASE': '1', 'UPSTART_JOB': 'unity-settings-daemon', 'TEXTDOMAINDIR': '/usr/share/locale/', 'ROBOT_ENV': 'ipa-apartment', 'XDG_DATA_DIRS': '/usr/share/ubuntu:/usr/share/gnome:/usr/local/share/:/usr/share/', 'PKG_CONFIG_PATH': '/home/cme-intel/git/catkin_ws/devel/lib/pkgconfig:/opt/ros/indigo/lib/x86_64-linux-gnu/pkgconfig:/opt/ros/indigo/lib/pkgconfig', 'LESSCLOSE': '/usr/bin/lesspipe %s %s', 'ROS_ROOT': '/opt/ros/indigo/share/ros', 'XDG_SEAT_PATH': '/org/freedesktop/DisplayManager/Seat0', 'DBUS_SESSION_BUS_ADDRESS': 'unix:abstract=/tmp/dbus-97fKEFKZ4v', '_': '/opt/ros/indigo/bin/roslaunch', 'DEFAULTS_PATH': '/usr/share/gconf/ubuntu.default.path', 'GTK_IM_MODULE': 'ibus', 'DESKTOP_SESSION': 'ubuntu', 'UPSTART_SESSION': 'unix:abstract=/com/ubuntu/upstart-session/1000/1828', 'DISPLAY': ':0', 'GNOME_KEYRING_PID': '1788', 'LS_COLORS': 'rs=0:di=01;34:ln=01;36:mh=00:pi=40;33:so=01;35:do=01;35:bd=40;33;01:cd=40;33;01:or=40;31;01:su=37;41:sg=30;43:ca=30;41:tw=30;42:ow=34;42:st=37;44:ex=01;32:*.tar=01;31:*.tgz=01;31:*.arj=01;31:*.taz=01;31:*.lzh=01;31:*.lzma=01;31:*.tlz=01;31:*.txz=01;31:*.zip=01;31:*.z=01;31:*.Z=01;31:*.dz=01;31:*.gz=01;31:*.lz=01;31:*.xz=01;31:*.bz2=01;31:*.bz=01;31:*.tbz=01;31:*.tbz2=01;31:*.tz=01;31:*.deb=01;31:*.rpm=01;31:*.jar=01;31:*.war=01;31:*.ear=01;31:*.sar=01;31:*.rar=01;31:*.ace=01;31:*.zoo=01;31:*.cpio=01;31:*.7z=01;31:*.rz=01;31:*.jpg=01;35:*.jpeg=01;35:*.gif=01;35:*.bmp=01;35:*.pbm=01;35:*.pgm=01;35:*.ppm=01;35:*.tga=01;35:*.xbm=01;35:*.xpm=01;35:*.tif=01;35:*.tiff=01;35:*.png=01;35:*.svg=01;35:*.svgz=01;35:*.mng=01;35:*.pcx=01;35:*.mov=01;35:*.mpg=01;35:*.mpeg=01;35:*.m2v=01;35:*.mkv=01;35:*.webm=01;35:*.ogm=01;35:*.mp4=01;35:*.m4v=01;35:*.mp4v=01;35:*.vob=01;35:*.qt=01;35:*.nuv=01;35:*.wmv=01;35:*.asf=01;35:*.rm=01;35:*.rmvb=01;35:*.flc=01;35:*.avi=01;35:*.fli=01;35:*.flv=01;35:*.gl=01;35:*.dl=01;35:*.xcf=01;35:*.xwd=01;35:*.yuv=01;35:*.cgm=01;35:*.emf=01;35:*.axv=01;35:*.anx=01;35:*.ogv=01;35:*.ogx=01;35:*.aac=00;36:*.au=00;36:*.flac=00;36:*.mid=00;36:*.midi=00;36:*.mka=00;36:*.mp3=00;36:*.mpc=00;36:*.ogg=00;36:*.ra=00;36:*.wav=00;36:*.axa=00;36:*.oga=00;36:*.spx=00;36:*.xspf=00;36:', 'GDM_LANG': 'en_US', 'GAZEBO_MODEL_DATABASE_URI': 'http://models.gazebosim.org/', 'GTK_MODULES': 'overlay-scrollbar:unity-gtk-module', 'SHLVL': '1', 'PWD': '/home/cme-intel', 'QT_IM_MODULE': 'ibus', 'ROS_ETC_DIR': '/opt/ros/indigo/etc/ros', 'COLORTERM': 'gnome-terminal', 'LC_NAME': 'de_DE.UTF-8', 'LC_TELEPHONE': 'de_DE.UTF-8', 'LC_TIME': 'de_DE.UTF-8', 'XDG_CONFIG_DIRS': '/etc/xdg/xdg-ubuntu:/usr/share/upstart/xdg:/etc/xdg', 'XDG_SEAT': 'seat0'}]
[roslaunch][INFO] 2016-06-04 15:13:39,013: process[gazebo-2]: args[[u'/opt/ros/indigo/lib/gazebo_ros/gzserver', '-e', 'ode', 'worlds/empty.world', u'__name:=gazebo']]
[roslaunch][INFO] 2016-06-04 15:13:39,014: ... created process [gazebo-2]
[roslaunch.pmon][INFO] 2016-06-04 15:13:39,014: ProcessMonitor.register[gazebo-2]
[roslaunch.pmon][INFO] 2016-06-04 15:13:39,014: ProcessMonitor.register[gazebo-2] complete
[roslaunch][INFO] 2016-06-04 15:13:39,014: ... registered process [gazebo-2]
[roslaunch][INFO] 2016-06-04 15:13:39,014: process[gazebo-2]: starting os process
[roslaunch][INFO] 2016-06-04 15:13:39,014: process[gazebo-2]: start w/ args [[u'/opt/ros/indigo/lib/gazebo_ros/gzserver', '-e', 'ode', 'worlds/empty.world', u'__name:=gazebo', u'__log:=/home/cme-intel/.ros/log/26536900-2a56-11e6-855e-bc5ff47c434e/gazebo-2.log']]
[roslaunch][INFO] 2016-06-04 15:13:39,014: process[gazebo-2]: cwd will be [/home/cme-intel/.ros]
[roslaunch][INFO] 2016-06-04 15:13:39,018: process[gazebo-2]: started with pid [31472]
[roslaunch][INFO] 2016-06-04 15:13:39,018: ... successfully launched [gazebo-2]
[roslaunch][INFO] 2016-06-04 15:13:39,018: ... preparing to launch node of type [gazebo_ros/gzclient]
[roslaunch][INFO] 2016-06-04 15:13:39,018: create_node_process: package[gazebo_ros] type[gzclient] machine[Machine(name[] env_loader[None] address[localhost] ssh_port[22] user[None] assignable[True] timeout[10.0])] master_uri[http://localhost:11311]
[roslaunch][INFO] 2016-06-04 15:13:39,019: process[gazebo_gui-3]: env[{'LC_NUMERIC': 'C', 'WINDOWID': '56623108', 'QT_QPA_PLATFORMTHEME': 'appmenu-qt5', 'ROS_DISTRO': 'indigo', 'XDG_GREETER_DATA_DIR': '/var/lib/lightdm-data/cme-intel', 'GNOME_DESKTOP_SESSION_ID': 'this-is-deprecated', 'LC_MEASUREMENT': 'de_DE.UTF-8', 'XDG_CURRENT_DESKTOP': 'Unity', 'ROBOT': 'cob4-1', 'LESSOPEN': '| /usr/bin/lesspipe %s', 'LC_PAPER': 'de_DE.UTF-8', 'ROSLISP_PACKAGE_DIRECTORIES': '/home/cme-intel/git/catkin_ws/devel/share/common-lisp', 'CPATH': '/home/cme-intel/git/catkin_ws/devel/include:/opt/ros/indigo/include', 'LOGNAME': 'cme-intel', 'USER': 'cme-intel', 'PATH': '/opt/ros/indigo/bin:/usr/local/sbin:/usr/local/bin:/usr/sbin:/usr/bin:/sbin:/bin:/usr/games:/usr/local/games', 'XDG_VTNR': '7', 'GNOME_KEYRING_CONTROL': '/run/user/1000/keyring-b7KI67', 'ROS_PACKAGE_PATH': '/home/cmeintel/git/catkin_ws/src:/opt/ros/indigo/share:/opt/ros/indigo/stacks', 'CMAKE_PREFIX_PATH': '/home/cme-intel/git/catkin_ws/devel:/opt/ros/indigo', 'LD_LIBRARY_PATH': '/home/cme-intel/git/catkin_ws/devel/lib:/opt/ros/indigo/lib/x86_64-linux-gnu:/opt/ros/indigo/lib', 'LANG': 'en_US.UTF-8', 'TERM': 'xterm', 'SHELL': '/bin/bash', 'XDG_SESSION_PATH': '/org/freedesktop/DisplayManager/Session0', 'XAUTHORITY': '/home/cme-intel/.Xauthority', 'LANGUAGE': 'en_US', 'INSTANCE': 'Unity', 'LC_MONETARY': 'de_DE.UTF-8', 'XDG_SESSION_ID': 'c2', 'MANDATORY_PATH': '/usr/share/gconf/ubuntu.mandatory.path', 'TERMINATOR_UUID': 'urn:uuid:f80fd62a-59f6-4e5c-9e7b-2795acfa6b4c', 'JOB': 'gnome-session', u'GAZEBO_MODEL_PATH': u'/opt/ros/indigo/share/cob_gazebo_worlds/Media/models:', 'ROS_LOG_FILENAME': '/home/cme-intel/.ros/log/26536900-2a56-11e6-855e-bc5ff47c434e/roslaunch-cmeintel-desktop-31444.log', 'UPSTART_INSTANCE': '', 'COMPIZ_CONFIG_PROFILE': 'ubuntu', 'TEXTDOMAIN': 'im-config', 'ORBIT_SOCKETDIR': '/tmp/orbit-cme-intel', 'CLUTTER_IM_MODULE': 'xim', 'XMODIFIERS': '@im=ibus', 'ROS_MASTER_URI': 'http://localhost:11311', 'GPG_AGENT_INFO': '/run/user/1000/keyring-b7KI67/gpg:0:1', 'HOME': '/home/cme-intel', 'QT4_IM_MODULE': 'xim', 'SELINUX_INIT': 'YES', 'SSH_AUTH_SOCK': '/run/user/1000/keyring-b7KI67/ssh', 'XDG_RUNTIME_DIR': '/run/user/1000', 'LC_IDENTIFICATION': 'de_DE.UTF-8', 'LC_ADDRESS': 'de_DE.UTF-8', 'PYTHONPATH': '/home/cme-intel/git/catkin_ws/devel/lib/python2.7/dist-packages:/opt/ros/indigo/lib/python2.7/dist-packages', 'SESSIONTYPE': 'gnome-session', 'UPSTART_EVENTS': 'started starting', 'GDMSESSION': 'ubuntu', 'IM_CONFIG_PHASE': '1', 'UPSTART_JOB': 'unity-settings-daemon', 'TEXTDOMAINDIR': '/usr/share/locale/', 'ROBOT_ENV': 'ipa-apartment', 'XDG_DATA_DIRS': '/usr/share/ubuntu:/usr/share/gnome:/usr/local/share/:/usr/share/', 'PKG_CONFIG_PATH': '/home/cme-intel/git/catkin_ws/devel/lib/pkgconfig:/opt/ros/indigo/lib/x86_64-linux-gnu/pkgconfig:/opt/ros/indigo/lib/pkgconfig', 'LESSCLOSE': '/usr/bin/lesspipe %s %s', 'ROS_ROOT': '/opt/ros/indigo/share/ros', 'XDG_SEAT_PATH': '/org/freedesktop/DisplayManager/Seat0', 'DBUS_SESSION_BUS_ADDRESS': 'unix:abstract=/tmp/dbus-97fKEFKZ4v', '_': '/opt/ros/indigo/bin/roslaunch', 'DEFAULTS_PATH': '/usr/share/gconf/ubuntu.default.path', 'GTK_IM_MODULE': 'ibus', 'DESKTOP_SESSION': 'ubuntu', 'UPSTART_SESSION': 'unix:abstract=/com/ubuntu/upstart-session/1000/1828', 'DISPLAY': ':0', 'GNOME_KEYRING_PID': '1788', 'LS_COLORS': 'rs=0:di=01;34:ln=01;36:mh=00:pi=40;33:so=01;35:do=01;35:bd=40;33;01:cd=40;33;01:or=40;31;01:su=37;41:sg=30;43:ca=30;41:tw=30;42:ow=34;42:st=37;44:ex=01;32:*.tar=01;31:*.tgz=01;31:*.arj=01;31:*.taz=01;31:*.lzh=01;31:*.lzma=01;31:*.tlz=01;31:*.txz=01;31:*.zip=01;31:*.z=01;31:*.Z=01;31:*.dz=01;31:*.gz=01;31:*.lz=01;31:*.xz=01;31:*.bz2=01;31:*.bz=01;31:*.tbz=01;31:*.tbz2=01;31:*.tz=01;31:*.deb=01;31:*.rpm=01;31:*.jar=01;31:*.war=01;31:*.ear=01;31:*.sar=01;31:*.rar=01;31:*.ace=01;31:*.zoo=01;31:*.cpio=01;31:*.7z=01;31:*.rz=01;31:*.jpg=01;35:*.jpeg=01;35:*.gif=01;35:*.bmp=01;35:*.pbm=01;35:*.pgm=01;35:*.ppm=01;35:*.tga=01;35:*.xbm=01;35:*.xpm=01;35:*.tif=01;35:*.tiff=01;35:*.png=01;35:*.svg=01;35:*.svgz=01;35:*.mng=01;35:*.pcx=01;35:*.mov=01;35:*.mpg=01;35:*.mpeg=01;35:*.m2v=01;35:*.mkv=01;35:*.webm=01;35:*.ogm=01;35:*.mp4=01;35:*.m4v=01;35:*.mp4v=01;35:*.vob=01;35:*.qt=01;35:*.nuv=01;35:*.wmv=01;35:*.asf=01;35:*.rm=01;35:*.rmvb=01;35:*.flc=01;35:*.avi=01;35:*.fli=01;35:*.flv=01;35:*.gl=01;35:*.dl=01;35:*.xcf=01;35:*.xwd=01;35:*.yuv=01;35:*.cgm=01;35:*.emf=01;35:*.axv=01;35:*.anx=01;35:*.ogv=01;35:*.ogx=01;35:*.aac=00;36:*.au=00;36:*.flac=00;36:*.mid=00;36:*.midi=00;36:*.mka=00;36:*.mp3=00;36:*.mpc=00;36:*.ogg=00;36:*.ra=00;36:*.wav=00;36:*.axa=00;36:*.oga=00;36:*.spx=00;36:*.xspf=00;36:', 'GDM_LANG': 'en_US', 'GAZEBO_MODEL_DATABASE_URI': 'http://models.gazebosim.org/', 'GTK_MODULES': 'overlay-scrollbar:unity-gtk-module', 'SHLVL': '1', 'PWD': '/home/cme-intel', 'QT_IM_MODULE': 'ibus', 'ROS_ETC_DIR': '/opt/ros/indigo/etc/ros', 'COLORTERM': 'gnome-terminal', 'LC_NAME': 'de_DE.UTF-8', 'LC_TELEPHONE': 'de_DE.UTF-8', 'LC_TIME': 'de_DE.UTF-8', 'XDG_CONFIG_DIRS': '/etc/xdg/xdg-ubuntu:/usr/share/upstart/xdg:/etc/xdg', 'XDG_SEAT': 'seat0'}]
[roslaunch][INFO] 2016-06-04 15:13:39,020: process[gazebo_gui-3]: args[[u'/opt/ros/indigo/lib/gazebo_ros/gzclient', u'__name:=gazebo_gui']]
[roslaunch][INFO] 2016-06-04 15:13:39,020: ... created process [gazebo_gui-3]
[roslaunch.pmon][INFO] 2016-06-04 15:13:39,021: ProcessMonitor.register[gazebo_gui-3]
[roslaunch.pmon][INFO] 2016-06-04 15:13:39,021: ProcessMonitor.register[gazebo_gui-3] complete
[roslaunch][INFO] 2016-06-04 15:13:39,021: ... registered process [gazebo_gui-3]
[roslaunch][INFO] 2016-06-04 15:13:39,021: process[gazebo_gui-3]: starting os process
[roslaunch][INFO] 2016-06-04 15:13:39,021: process[gazebo_gui-3]: start w/ args [[u'/opt/ros/indigo/lib/gazebo_ros/gzclient', u'__name:=gazebo_gui', u'__log:=/home/cme-intel/.ros/log/26536900-2a56-11e6-855e-bc5ff47c434e/gazebo_gui-3.log']]
[roslaunch][INFO] 2016-06-04 15:13:39,021: process[gazebo_gui-3]: cwd will be [/home/cme-intel/.ros]
[roslaunch][INFO] 2016-06-04 15:13:39,025: process[gazebo_gui-3]: started with pid [31475]
[roslaunch][INFO] 2016-06-04 15:13:39,025: ... successfully launched [gazebo_gui-3]
[roslaunch][INFO] 2016-06-04 15:13:39,025: ... launch_nodes complete
[roslaunch.pmon][INFO] 2016-06-04 15:13:39,026: registrations completed <ProcessMonitor(ProcessMonitor-1, started daemon 140680776742656)>
[roslaunch.parent][INFO] 2016-06-04 15:13:39,026: ... roslaunch parent running, waiting for process exit
[roslaunch][INFO] 2016-06-04 15:13:39,026: spin
[roslaunch.pmon][INFO] 2016-06-04 15:13:55,033: ProcessMonitor.shutdown <ProcessMonitor(ProcessMonitor-1, started daemon 140680776742656)>
[roslaunch.pmon][INFO] 2016-06-04 15:13:55,127: ProcessMonitor._post_run <ProcessMonitor(ProcessMonitor-1, started daemon 140680776742656)>
[roslaunch.pmon][INFO] 2016-06-04 15:13:55,128: ProcessMonitor._post_run <ProcessMonitor(ProcessMonitor-1, started daemon 140680776742656)>: remaining procs are [<roslaunch.nodeprocess.LocalProcess object at 0x7ff2cbda5050>, <roslaunch.nodeprocess.LocalProcess object at 0x7ff2cbda59d0>, <roslaunch.nodeprocess.LocalProcess object at 0x7ff2cbda5890>, <roslaunch.nodeprocess.LocalProcess object at 0x7ff2cbda5610>]
[roslaunch.pmon][INFO] 2016-06-04 15:13:55,128: ProcessMonitor exit: killing gazebo_gui-3
[roslaunch][INFO] 2016-06-04 15:13:55,129: [gazebo_gui-3] killing on exit
[roslaunch.pmon][INFO] 2016-06-04 15:13:55,129: ProcessMonitor exit: killing gazebo-2
[roslaunch][INFO] 2016-06-04 15:13:55,129: process[gazebo_gui-3]: killing os process with pid[31475] pgid[31475]
[roslaunch][INFO] 2016-06-04 15:13:55,129: [gazebo-2] killing on exit
[roslaunch][INFO] 2016-06-04 15:13:55,130: [gazebo_gui-3] sending SIGINT to pgid [31475]
[roslaunch][INFO] 2016-06-04 15:13:55,130: process[gazebo-2]: killing os process with pid[31472] pgid[31472]
[roslaunch][INFO] 2016-06-04 15:13:55,130: [gazebo_gui-3] sent SIGINT to pgid [31475]
[roslaunch][INFO] 2016-06-04 15:13:55,131: [gazebo-2] sending SIGINT to pgid [31472]
[roslaunch][INFO] 2016-06-04 15:13:55,131: [gazebo-2] sent SIGINT to pgid [31472]
[roslaunch][INFO] 2016-06-04 15:13:55,231: process[gazebo_gui-3]: SIGINT killed with return value -2
[roslaunch][INFO] 2016-06-04 15:13:55,232: process[gazebo-2]: SIGINT killed with return value -2
[roslaunch.pmon][INFO] 2016-06-04 15:13:55,232: ProcessMonitor exit: killing rosout-1
[roslaunch][INFO] 2016-06-04 15:13:55,232: [rosout-1] killing on exit
[roslaunch][INFO] 2016-06-04 15:13:55,232: process[rosout-1]: killing os process with pid[31469] pgid[31469]
[roslaunch][INFO] 2016-06-04 15:13:55,232: [rosout-1] sending SIGINT to pgid [31469]
[roslaunch][INFO] 2016-06-04 15:13:55,232: [rosout-1] sent SIGINT to pgid [31469]
[roslaunch][INFO] 2016-06-04 15:13:55,333: process[rosout-1]: SIGINT killed with return value 0
[roslaunch.pmon][INFO] 2016-06-04 15:13:55,333: ProcessMonitor exit: killing master
[roslaunch][INFO] 2016-06-04 15:13:55,333: [master] killing on exit
[roslaunch][INFO] 2016-06-04 15:13:55,333: process[master]: killing os process with pid[31456] pgid[31456]
[roslaunch][INFO] 2016-06-04 15:13:55,333: [master] sending SIGINT to pgid [31456]
[roslaunch][INFO] 2016-06-04 15:13:55,334: [master] sent SIGINT to pgid [31456]
[roslaunch][INFO] 2016-06-04 15:13:55,534: process[master]: SIGINT killed with return value 0
[roslaunch.pmon][INFO] 2016-06-04 15:13:55,534: ProcessMonitor exit: cleaning up data structures and signals
[roslaunch.pmon][INFO] 2016-06-04 15:13:55,535: ProcessMonitor exit: pmon has shutdown
[roslaunch][INFO] 2016-06-04 15:13:55,548: process monitor is done spinning, initiating full shutdown
[roslaunch][INFO] 2016-06-04 15:13:55,548: runner.stop()
[roslaunch][INFO] 2016-06-04 15:13:55,548: shutting down processing monitor...
[roslaunch][INFO] 2016-06-04 15:13:55,549: shutting down processing monitor <ProcessMonitor(ProcessMonitor-1, stopped daemon 140680776742656)>
[roslaunch.pmon][INFO] 2016-06-04 15:13:55,549: ProcessMonitor.shutdown <ProcessMonitor(ProcessMonitor-1, stopped daemon 140680776742656)>
[roslaunch][INFO] 2016-06-04 15:13:55,549: ... shutting down processing monitor complete
[roslaunch][INFO] 2016-06-04 15:13:55,549: done
[roslaunch.pmon][INFO] 2016-06-04 15:13:55,549: ProcessMonitor.shutdown <ProcessMonitor(ProcessMonitor-1, stopped daemon 140680776742656)>
[rospy.core][INFO] 2016-06-04 15:13:55,549: signal_shutdown [atexit]
