[rospy.client][INFO] 2016-06-09 15:32:15,147: init_node, name[/spawn_urdf_world], pid[14709]
[xmlrpc][INFO] 2016-06-09 15:32:15,147: XML-RPC server binding to 0.0.0.0:0
[xmlrpc][INFO] 2016-06-09 15:32:15,147: Started XML-RPC server [http://cmeintel-desktop:44791/]
[rospy.init][INFO] 2016-06-09 15:32:15,147: ROS Slave URI: [http://cmeintel-desktop:44791/]
[rospy.impl.masterslave][INFO] 2016-06-09 15:32:15,148: _ready: http://cmeintel-desktop:44791/
[rospy.registration][INFO] 2016-06-09 15:32:15,148: Registering with master node http://localhost:11311
[xmlrpc][INFO] 2016-06-09 15:32:15,148: xml rpc node: starting XML-RPC server
[rospy.init][INFO] 2016-06-09 15:32:15,248: registered with master
[rospy.rosout][INFO] 2016-06-09 15:32:15,248: initializing /rosout core topic
[rospy.rosout][INFO] 2016-06-09 15:32:15,250: connected to core topic /rosout
[rospy.simtime][INFO] 2016-06-09 15:32:15,251: initializing /clock core topic
[rospy.simtime][INFO] 2016-06-09 15:32:15,252: connected to core topic /clock
[rosout][INFO] 2016-06-09 15:32:15,254: Loading model xml from ros parameter
[rosout][INFO] 2016-06-09 15:32:15,261: Waiting for service /gazebo/spawn_urdf_model
[rospy.internal][INFO] 2016-06-09 15:32:15,461: topic[/rosout] adding connection to [/rosout], count 0
[rospy.internal][INFO] 2016-06-09 15:32:15,677: topic[/clock] adding connection to [http://cmeintel-desktop:37211/], count 0
[rosout][INFO] 2016-06-09 15:32:15,865: Calling service /gazebo/spawn_urdf_model
[rosout][INFO] 2016-06-09 15:32:16,262: Spawn status: SpawnModel: Successfully spawned model
[rospy.core][INFO] 2016-06-09 15:32:16,262: signal_shutdown [atexit]
[rospy.internal][INFO] 2016-06-09 15:32:16,265: topic[/rosout] removing connection to /rosout
[rospy.internal][INFO] 2016-06-09 15:32:16,266: topic[/clock] removing connection to http://cmeintel-desktop:37211/
[rospy.impl.masterslave][INFO] 2016-06-09 15:32:16,266: atexit
