[rospy.client][INFO] 2016-06-09 15:32:15,079: init_node, name[/world_tf_publisher], pid[14714]
[xmlrpc][INFO] 2016-06-09 15:32:15,080: XML-RPC server binding to 0.0.0.0:0
[xmlrpc][INFO] 2016-06-09 15:32:15,080: Started XML-RPC server [http://cmeintel-desktop:35491/]
[rospy.init][INFO] 2016-06-09 15:32:15,080: ROS Slave URI: [http://cmeintel-desktop:35491/]
[rospy.impl.masterslave][INFO] 2016-06-09 15:32:15,080: _ready: http://cmeintel-desktop:35491/
[xmlrpc][INFO] 2016-06-09 15:32:15,080: xml rpc node: starting XML-RPC server
[rospy.registration][INFO] 2016-06-09 15:32:15,081: Registering with master node http://localhost:11311
[rospy.init][INFO] 2016-06-09 15:32:15,180: registered with master
[rospy.rosout][INFO] 2016-06-09 15:32:15,180: initializing /rosout core topic
[rospy.rosout][INFO] 2016-06-09 15:32:15,183: connected to core topic /rosout
[rospy.simtime][INFO] 2016-06-09 15:32:15,184: initializing /clock core topic
[rospy.simtime][INFO] 2016-06-09 15:32:15,186: connected to core topic /clock
[rospy.internal][INFO] 2016-06-09 15:32:15,361: topic[/rosout] adding connection to [/rosout], count 0
[rospy.internal][INFO] 2016-06-09 15:32:15,695: topic[/clock] adding connection to [http://cmeintel-desktop:37211/], count 0
[rospy.core][INFO] 2016-06-09 15:33:20,269: signal_shutdown [signal-2]
[rospy.internal][INFO] 2016-06-09 15:33:20,271: topic[/rosout] removing connection to /rosout
[rospy.internal][INFO] 2016-06-09 15:33:20,272: topic[/clock] removing connection to http://cmeintel-desktop:37211/
[rospy.impl.masterslave][INFO] 2016-06-09 15:33:20,272: signal-2
[rospy.internal][WARNING] 2016-06-09 15:33:20,272: Unknown error initiating TCP/IP socket to cmeintel-desktop:50086 (http://cmeintel-desktop:37211/): Traceback (most recent call last):
  File "/opt/ros/indigo/lib/python2.7/dist-packages/rospy/impl/tcpros_base.py", line 558, in connect
    self.local_endpoint = self.socket.getsockname()
AttributeError: 'NoneType' object has no attribute 'getsockname'

[rospy.core][INFO] 2016-06-09 15:33:20,887: signal_shutdown [atexit]
