[rospy.client][INFO] 2016-06-04 16:01:17,426: init_node, name[/base/gazebo_services], pid[2117]
[xmlrpc][INFO] 2016-06-04 16:01:17,428: XML-RPC server binding to 0.0.0.0:0
[xmlrpc][INFO] 2016-06-04 16:01:17,428: Started XML-RPC server [http://cmeintel-desktop:45335/]
[rospy.init][INFO] 2016-06-04 16:01:17,428: ROS Slave URI: [http://cmeintel-desktop:45335/]
[rospy.impl.masterslave][INFO] 2016-06-04 16:01:17,428: _ready: http://cmeintel-desktop:45335/
[xmlrpc][INFO] 2016-06-04 16:01:17,428: xml rpc node: starting XML-RPC server
[rospy.registration][INFO] 2016-06-04 16:01:17,429: Registering with master node http://localhost:11311
[rospy.init][INFO] 2016-06-04 16:01:17,528: registered with master
[rospy.rosout][INFO] 2016-06-04 16:01:17,529: initializing /rosout core topic
[rospy.rosout][INFO] 2016-06-04 16:01:17,538: connected to core topic /rosout
[rospy.simtime][INFO] 2016-06-04 16:01:17,546: initializing /clock core topic
[rospy.simtime][INFO] 2016-06-04 16:01:17,555: connected to core topic /clock
[rosout][INFO] 2016-06-04 16:01:17,621: gazebo_services running
[rospy.internal][INFO] 2016-06-04 16:01:17,797: topic[/rosout] adding connection to [/rosout], count 0
[rospy.internal][INFO] 2016-06-04 16:01:19,267: topic[/clock] adding connection to [http://cmeintel-desktop:33663/], count 0
[rospy.core][INFO] 2016-06-04 16:02:12,142: signal_shutdown [signal-2]
[rospy.internal][INFO] 2016-06-04 16:02:12,150: topic[/rosout] removing connection to /rosout
[rospy.internal][INFO] 2016-06-04 16:02:12,150: topic[/clock] removing connection to http://cmeintel-desktop:33663/
[rospy.impl.masterslave][INFO] 2016-06-04 16:02:12,150: signal-2
[rospy.internal][ERROR] 2016-06-04 16:02:12,151: Traceback (most recent call last):
  File "/opt/ros/indigo/lib/python2.7/dist-packages/rospy/impl/tcpros_base.py", line 698, in receive_once
    self.stat_bytes += recv_buff(sock, b, p.buff_size)
  File "/opt/ros/indigo/lib/python2.7/dist-packages/rospy/impl/tcpros_base.py", line 103, in recv_buff
    d = sock.recv(buff_size)
error: [Errno 104] Connection reset by peer

[rospy.core][INFO] 2016-06-04 16:02:12,765: signal_shutdown [atexit]
