[rospy.client][INFO] 2016-06-04 16:01:20,643: init_node, name[/behavior], pid[2962]
[xmlrpc][INFO] 2016-06-04 16:01:20,643: XML-RPC server binding to 0.0.0.0:0
[xmlrpc][INFO] 2016-06-04 16:01:20,643: Started XML-RPC server [http://cmeintel-desktop:36813/]
[rospy.impl.masterslave][INFO] 2016-06-04 16:01:20,643: _ready: http://cmeintel-desktop:36813/
[rospy.init][INFO] 2016-06-04 16:01:20,643: ROS Slave URI: [http://cmeintel-desktop:36813/]
[xmlrpc][INFO] 2016-06-04 16:01:20,644: xml rpc node: starting XML-RPC server
[rospy.registration][INFO] 2016-06-04 16:01:20,644: Registering with master node http://localhost:11311
[rospy.init][INFO] 2016-06-04 16:01:20,744: registered with master
[rospy.rosout][INFO] 2016-06-04 16:01:20,744: initializing /rosout core topic
[rospy.rosout][INFO] 2016-06-04 16:01:20,747: connected to core topic /rosout
[rospy.simtime][INFO] 2016-06-04 16:01:20,748: initializing /clock core topic
[rospy.simtime][INFO] 2016-06-04 16:01:20,751: connected to core topic /clock
[rospy.internal][INFO] 2016-06-04 16:01:20,759: topic[/clock] adding connection to [http://cmeintel-desktop:33663/], count 0
[rospy.internal][INFO] 2016-06-04 16:01:20,958: topic[/rosout] adding connection to [/rosout], count 0
[rospy.core][INFO] 2016-06-04 16:02:11,519: signal_shutdown [signal-2]
[rospy.internal][INFO] 2016-06-04 16:02:11,528: topic[/rosout] removing connection to /rosout
[rospy.internal][INFO] 2016-06-04 16:02:11,529: topic[/clock] removing connection to http://cmeintel-desktop:33663/
[rospy.impl.masterslave][INFO] 2016-06-04 16:02:11,529: signal-2
[rospy.internal][WARNING] 2016-06-04 16:02:11,554: Unknown error initiating TCP/IP socket to cmeintel-desktop:42275 (http://cmeintel-desktop:33663/): Traceback (most recent call last):
  File "/opt/ros/indigo/lib/python2.7/dist-packages/rospy/impl/tcpros_base.py", line 558, in connect
    self.local_endpoint = self.socket.getsockname()
AttributeError: 'NoneType' object has no attribute 'getsockname'

[rospy.core][INFO] 2016-06-04 16:02:11,633: signal_shutdown [atexit]
