[rospy.client][INFO] 2016-06-04 16:01:18,074: init_node, name[/dashboard_aggregator], pid[2873]
[xmlrpc][INFO] 2016-06-04 16:01:18,074: XML-RPC server binding to 0.0.0.0:0
[xmlrpc][INFO] 2016-06-04 16:01:18,074: Started XML-RPC server [http://cmeintel-desktop:39928/]
[rospy.impl.masterslave][INFO] 2016-06-04 16:01:18,077: _ready: http://cmeintel-desktop:39928/
[rospy.registration][INFO] 2016-06-04 16:01:18,078: Registering with master node http://localhost:11311
[xmlrpc][INFO] 2016-06-04 16:01:18,078: xml rpc node: starting XML-RPC server
[rospy.init][INFO] 2016-06-04 16:01:18,074: ROS Slave URI: [http://cmeintel-desktop:39928/]
[rospy.init][INFO] 2016-06-04 16:01:18,081: registered with master
[rospy.rosout][INFO] 2016-06-04 16:01:18,081: initializing /rosout core topic
[rospy.rosout][INFO] 2016-06-04 16:01:18,084: connected to core topic /rosout
[rospy.simtime][INFO] 2016-06-04 16:01:18,095: initializing /clock core topic
[rospy.simtime][INFO] 2016-06-04 16:01:18,100: connected to core topic /clock
[rospy.internal][INFO] 2016-06-04 16:01:18,316: topic[/rosout] adding connection to [/rosout], count 0
[rospy.internal][INFO] 2016-06-04 16:01:19,301: topic[/clock] adding connection to [http://cmeintel-desktop:33663/], count 0
[rospy.internal][INFO] 2016-06-04 16:01:26,279: topic[/diagnostics_toplevel_state] adding connection to [http://cmeintel-desktop:44652/], count 0
[rospy.internal][INFO] 2016-06-04 16:01:26,284: topic[/emergency_stop_state] adding connection to [http://cmeintel-desktop:39612/], count 0
[rospy.core][INFO] 2016-06-04 16:02:11,523: signal_shutdown [signal-2]
[rospy.internal][INFO] 2016-06-04 16:02:11,530: topic[/rosout] removing connection to /rosout
[rospy.internal][INFO] 2016-06-04 16:02:11,530: topic[/diagnostics_toplevel_state] removing connection to http://cmeintel-desktop:44652/
[rospy.internal][WARNING] 2016-06-04 16:02:11,554: Unknown error initiating TCP/IP socket to cmeintel-desktop:48622 (http://cmeintel-desktop:44652/): Traceback (most recent call last):
  File "/opt/ros/indigo/lib/python2.7/dist-packages/rospy/impl/tcpros_base.py", line 557, in connect
    self.read_header()
  File "/opt/ros/indigo/lib/python2.7/dist-packages/rospy/impl/tcpros_base.py", line 619, in read_header
    self._validate_header(read_ros_handshake_header(sock, self.read_buff, self.protocol.buff_size))
AttributeError: 'NoneType' object has no attribute 'buff_size'

[rospy.topics][ERROR] 2016-06-04 16:02:11,555: Traceback (most recent call last):
  File "/opt/ros/indigo/lib/python2.7/dist-packages/rospy/topics.py", line 307, in close
    c.close()
  File "/opt/ros/indigo/lib/python2.7/dist-packages/rospy/impl/tcpros_base.py", line 807, in close
    self.socket.close()
AttributeError: 'NoneType' object has no attribute 'close'

[rospy.internal][INFO] 2016-06-04 16:02:11,555: topic[/clock] removing connection to http://cmeintel-desktop:33663/
[rospy.internal][INFO] 2016-06-04 16:02:11,555: topic[/emergency_stop_state] removing connection to http://cmeintel-desktop:39612/
[rospy.impl.masterslave][INFO] 2016-06-04 16:02:11,555: signal-2
[rospy.core][INFO] 2016-06-04 16:02:11,659: signal_shutdown [atexit]
