[rospy.client][INFO] 2016-06-04 16:01:17,336: init_node, name[/elevator], pid[2016]
[xmlrpc][INFO] 2016-06-04 16:01:17,336: XML-RPC server binding to 0.0.0.0:0
[xmlrpc][INFO] 2016-06-04 16:01:17,336: Started XML-RPC server [http://cmeintel-desktop:42026/]
[rospy.init][INFO] 2016-06-04 16:01:17,340: ROS Slave URI: [http://cmeintel-desktop:42026/]
[rospy.impl.masterslave][INFO] 2016-06-04 16:01:17,340: _ready: http://cmeintel-desktop:42026/
[rospy.registration][INFO] 2016-06-04 16:01:17,340: Registering with master node http://localhost:11311
[xmlrpc][INFO] 2016-06-04 16:01:17,340: xml rpc node: starting XML-RPC server
[rospy.init][INFO] 2016-06-04 16:01:17,440: registered with master
[rospy.rosout][INFO] 2016-06-04 16:01:17,440: initializing /rosout core topic
[rospy.rosout][INFO] 2016-06-04 16:01:17,447: connected to core topic /rosout
[rospy.simtime][INFO] 2016-06-04 16:01:17,661: initializing /clock core topic
[rospy.simtime][INFO] 2016-06-04 16:01:17,678: connected to core topic /clock
[rospy.internal][INFO] 2016-06-04 16:01:17,691: topic[/rosout] adding connection to [/rosout], count 0
[rospy.internal][INFO] 2016-06-04 16:01:19,238: topic[/clock] adding connection to [http://cmeintel-desktop:33663/], count 0
[rospy.internal][INFO] 2016-06-04 16:01:19,653: topic[/elevator_button1_bumper] adding connection to [http://cmeintel-desktop:33663/], count 0
[rospy.core][INFO] 2016-06-04 16:02:12,324: signal_shutdown [signal-2]
[rospy.internal][INFO] 2016-06-04 16:02:12,326: topic[/rosout] removing connection to /rosout
[rospy.internal][INFO] 2016-06-04 16:02:12,327: topic[/clock] removing connection to http://cmeintel-desktop:33663/
[rospy.internal][INFO] 2016-06-04 16:02:12,327: topic[/elevator_button1_bumper] removing connection to http://cmeintel-desktop:33663/
[rospy.impl.masterslave][INFO] 2016-06-04 16:02:12,333: signal-2
[rospy.core][INFO] 2016-06-04 16:02:12,949: signal_shutdown [atexit]
