[rospy.client][INFO] 2016-06-04 16:01:17,877: init_node, name[/head/gazebo_services], pid[2583]
[xmlrpc][INFO] 2016-06-04 16:01:17,878: XML-RPC server binding to 0.0.0.0:0
[xmlrpc][INFO] 2016-06-04 16:01:17,878: Started XML-RPC server [http://cmeintel-desktop:33218/]
[rospy.impl.masterslave][INFO] 2016-06-04 16:01:17,878: _ready: http://cmeintel-desktop:33218/
[rospy.init][INFO] 2016-06-04 16:01:17,878: ROS Slave URI: [http://cmeintel-desktop:33218/]
[rospy.registration][INFO] 2016-06-04 16:01:17,879: Registering with master node http://localhost:11311
[xmlrpc][INFO] 2016-06-04 16:01:17,879: xml rpc node: starting XML-RPC server
[rospy.init][INFO] 2016-06-04 16:01:17,978: registered with master
[rospy.rosout][INFO] 2016-06-04 16:01:17,978: initializing /rosout core topic
[rospy.rosout][INFO] 2016-06-04 16:01:17,989: connected to core topic /rosout
[rospy.simtime][INFO] 2016-06-04 16:01:17,991: initializing /clock core topic
[rospy.simtime][INFO] 2016-06-04 16:01:17,994: connected to core topic /clock
[rosout][INFO] 2016-06-04 16:01:18,022: gazebo_services running
[rospy.internal][INFO] 2016-06-04 16:01:18,215: topic[/rosout] adding connection to [/rosout], count 0
[rospy.internal][INFO] 2016-06-04 16:01:19,261: topic[/clock] adding connection to [http://cmeintel-desktop:33663/], count 0
[rospy.core][INFO] 2016-06-04 16:02:11,723: signal_shutdown [signal-2]
[rospy.internal][INFO] 2016-06-04 16:02:11,739: topic[/rosout] removing connection to /rosout
[rospy.internal][INFO] 2016-06-04 16:02:11,739: topic[/clock] removing connection to http://cmeintel-desktop:33663/
[rospy.impl.masterslave][INFO] 2016-06-04 16:02:11,739: signal-2
[rospy.core][INFO] 2016-06-04 16:02:11,842: signal_shutdown [atexit]
