[rospy.client][INFO] 2016-06-04 16:01:19,419: init_node, name[/joint_state_publisher], pid[2105]
[xmlrpc][INFO] 2016-06-04 16:01:19,420: XML-RPC server binding to 0.0.0.0:0
[xmlrpc][INFO] 2016-06-04 16:01:19,420: Started XML-RPC server [http://cmeintel-desktop:40438/]
[rospy.impl.masterslave][INFO] 2016-06-04 16:01:19,420: _ready: http://cmeintel-desktop:40438/
[rospy.init][INFO] 2016-06-04 16:01:19,420: ROS Slave URI: [http://cmeintel-desktop:40438/]
[xmlrpc][INFO] 2016-06-04 16:01:19,420: xml rpc node: starting XML-RPC server
[rospy.registration][INFO] 2016-06-04 16:01:19,421: Registering with master node http://localhost:11311
[rospy.init][INFO] 2016-06-04 16:01:19,520: registered with master
[rospy.rosout][INFO] 2016-06-04 16:01:19,520: initializing /rosout core topic
[rospy.rosout][INFO] 2016-06-04 16:01:19,522: connected to core topic /rosout
[rospy.simtime][INFO] 2016-06-04 16:01:19,523: initializing /clock core topic
[rospy.simtime][INFO] 2016-06-04 16:01:19,524: connected to core topic /clock
[rospy.internal][INFO] 2016-06-04 16:01:19,553: topic[/clock] adding connection to [http://cmeintel-desktop:33663/], count 0
[rospy.internal][INFO] 2016-06-04 16:01:19,750: topic[/rosout] adding connection to [/rosout], count 0
[rospy.internal][INFO] 2016-06-04 16:01:19,851: topic[/joint_states] adding connection to [/robot_state_publisher], count 0
[rospy.internal][INFO] 2016-06-04 16:01:24,006: topic[/torso/joint_states] adding connection to [http://cmeintel-desktop:33663/], count 0
[rospy.internal][INFO] 2016-06-04 16:01:24,008: topic[/base/joint_states] adding connection to [http://cmeintel-desktop:33663/], count 0
[rospy.internal][INFO] 2016-06-04 16:01:24,773: topic[/head/joint_states] adding connection to [http://cmeintel-desktop:33663/], count 0
[rospy.internal][INFO] 2016-06-04 16:01:24,774: topic[/sensorring/joint_states] adding connection to [http://cmeintel-desktop:33663/], count 0
[rospy.core][INFO] 2016-06-04 16:02:12,230: signal_shutdown [signal-2]
[rospy.internal][INFO] 2016-06-04 16:02:12,233: topic[/joint_states] removing connection to /robot_state_publisher
[rospy.internal][INFO] 2016-06-04 16:02:12,233: topic[/rosout] removing connection to /rosout
[rospy.internal][INFO] 2016-06-04 16:02:12,234: topic[/clock] removing connection to http://cmeintel-desktop:33663/
[rospy.internal][INFO] 2016-06-04 16:02:12,234: topic[/head/joint_states] removing connection to http://cmeintel-desktop:33663/
[rospy.internal][INFO] 2016-06-04 16:02:12,234: topic[/base/joint_states] removing connection to http://cmeintel-desktop:33663/
[rospy.internal][INFO] 2016-06-04 16:02:12,234: topic[/sensorring/joint_states] removing connection to http://cmeintel-desktop:33663/
[rospy.internal][INFO] 2016-06-04 16:02:12,234: topic[/torso/joint_states] removing connection to http://cmeintel-desktop:33663/
[rospy.impl.masterslave][INFO] 2016-06-04 16:02:12,235: signal-2
[rospy.internal][WARNING] 2016-06-04 16:02:12,243: Unknown error initiating TCP/IP socket to cmeintel-desktop:42275 (http://cmeintel-desktop:33663/): Traceback (most recent call last):
  File "/opt/ros/indigo/lib/python2.7/dist-packages/rospy/impl/tcpros_base.py", line 558, in connect
    self.local_endpoint = self.socket.getsockname()
AttributeError: 'NoneType' object has no attribute 'getsockname'

[rospy.core][INFO] 2016-06-04 16:02:12,354: signal_shutdown [atexit]
