[rospy.client][INFO] 2016-06-04 16:01:17,674: init_node, name[/relayboard_node], pid[2354]
[xmlrpc][INFO] 2016-06-04 16:01:17,674: XML-RPC server binding to 0.0.0.0:0
[rospy.init][INFO] 2016-06-04 16:01:17,674: ROS Slave URI: [http://cmeintel-desktop:39612/]
[xmlrpc][INFO] 2016-06-04 16:01:17,674: Started XML-RPC server [http://cmeintel-desktop:39612/]
[rospy.impl.masterslave][INFO] 2016-06-04 16:01:17,674: _ready: http://cmeintel-desktop:39612/
[rospy.registration][INFO] 2016-06-04 16:01:17,675: Registering with master node http://localhost:11311
[xmlrpc][INFO] 2016-06-04 16:01:17,676: xml rpc node: starting XML-RPC server
[rospy.init][INFO] 2016-06-04 16:01:17,774: registered with master
[rospy.rosout][INFO] 2016-06-04 16:01:17,775: initializing /rosout core topic
[rospy.rosout][INFO] 2016-06-04 16:01:17,779: connected to core topic /rosout
[rospy.simtime][INFO] 2016-06-04 16:01:17,785: initializing /clock core topic
[rospy.simtime][INFO] 2016-06-04 16:01:17,795: connected to core topic /clock
[rospy.internal][INFO] 2016-06-04 16:01:18,009: topic[/rosout] adding connection to [/rosout], count 0
[rospy.internal][INFO] 2016-06-04 16:01:19,255: topic[/clock] adding connection to [http://cmeintel-desktop:33663/], count 0
[rospy.internal][INFO] 2016-06-04 16:01:26,285: topic[/emergency_stop_state] adding connection to [/dashboard_aggregator], count 0
[rospy.core][INFO] 2016-06-04 16:02:12,020: signal_shutdown [signal-2]
[rospy.internal][INFO] 2016-06-04 16:02:12,023: topic[/emergency_stop_state] removing connection to /dashboard_aggregator
[rospy.internal][INFO] 2016-06-04 16:02:12,024: topic[/rosout] removing connection to /rosout
[rospy.internal][INFO] 2016-06-04 16:02:12,024: topic[/clock] removing connection to http://cmeintel-desktop:33663/
[rospy.impl.masterslave][INFO] 2016-06-04 16:02:12,024: signal-2
[rospy.core][INFO] 2016-06-04 16:02:12,516: signal_shutdown [atexit]
