[rospy.client][INFO] 2016-06-04 16:01:20,636: init_node, name[/script_server], pid[2999]
[xmlrpc][INFO] 2016-06-04 16:01:20,636: XML-RPC server binding to 0.0.0.0:0
[rospy.init][INFO] 2016-06-04 16:01:20,636: ROS Slave URI: [http://cmeintel-desktop:41172/]
[xmlrpc][INFO] 2016-06-04 16:01:20,636: Started XML-RPC server [http://cmeintel-desktop:41172/]
[rospy.impl.masterslave][INFO] 2016-06-04 16:01:20,636: _ready: http://cmeintel-desktop:41172/
[xmlrpc][INFO] 2016-06-04 16:01:20,637: xml rpc node: starting XML-RPC server
[rospy.registration][INFO] 2016-06-04 16:01:20,637: Registering with master node http://localhost:11311
[rospy.init][INFO] 2016-06-04 16:01:20,736: registered with master
[rospy.rosout][INFO] 2016-06-04 16:01:20,737: initializing /rosout core topic
[rospy.rosout][INFO] 2016-06-04 16:01:20,739: connected to core topic /rosout
[rospy.simtime][INFO] 2016-06-04 16:01:20,740: initializing /clock core topic
[rospy.simtime][INFO] 2016-06-04 16:01:20,742: connected to core topic /clock
[rospy.internal][INFO] 2016-06-04 16:01:20,751: topic[/clock] adding connection to [http://cmeintel-desktop:33663/], count 0
[rosout][INFO] 2016-06-04 16:01:20,763: script_server is running
[rospy.internal][INFO] 2016-06-04 16:01:20,957: topic[/rosout] adding connection to [/rosout], count 0
[rospy.core][INFO] 2016-06-04 16:02:11,516: signal_shutdown [signal-2]
[rospy.internal][INFO] 2016-06-04 16:02:11,520: topic[/rosout] removing connection to /rosout
[rospy.internal][INFO] 2016-06-04 16:02:11,520: topic[/clock] removing connection to http://cmeintel-desktop:33663/
[rospy.impl.masterslave][INFO] 2016-06-04 16:02:11,521: signal-2
[rospy.core][INFO] 2016-06-04 16:02:12,017: signal_shutdown [atexit]
