[rospy.client][INFO] 2016-06-04 16:01:17,932: init_node, name[/sensorring/gazebo_services], pid[2635]
[xmlrpc][INFO] 2016-06-04 16:01:17,933: XML-RPC server binding to 0.0.0.0:0
[xmlrpc][INFO] 2016-06-04 16:01:17,933: Started XML-RPC server [http://cmeintel-desktop:33597/]
[rospy.impl.masterslave][INFO] 2016-06-04 16:01:17,933: _ready: http://cmeintel-desktop:33597/
[rospy.init][INFO] 2016-06-04 16:01:17,938: ROS Slave URI: [http://cmeintel-desktop:33597/]
[xmlrpc][INFO] 2016-06-04 16:01:17,939: xml rpc node: starting XML-RPC server
[rospy.registration][INFO] 2016-06-04 16:01:17,945: Registering with master node http://localhost:11311
[rospy.init][INFO] 2016-06-04 16:01:18,038: registered with master
[rospy.rosout][INFO] 2016-06-04 16:01:18,038: initializing /rosout core topic
[rospy.rosout][INFO] 2016-06-04 16:01:18,042: connected to core topic /rosout
[rospy.simtime][INFO] 2016-06-04 16:01:18,044: initializing /clock core topic
[rospy.simtime][INFO] 2016-06-04 16:01:18,070: connected to core topic /clock
[rosout][INFO] 2016-06-04 16:01:18,100: gazebo_services running
[rospy.internal][INFO] 2016-06-04 16:01:18,316: topic[/rosout] adding connection to [/rosout], count 0
[rospy.internal][INFO] 2016-06-04 16:01:19,301: topic[/clock] adding connection to [http://cmeintel-desktop:33663/], count 0
[rospy.core][INFO] 2016-06-04 16:02:11,524: signal_shutdown [signal-2]
[rospy.internal][INFO] 2016-06-04 16:02:11,551: topic[/rosout] removing connection to /rosout
[rospy.internal][INFO] 2016-06-04 16:02:11,551: topic[/clock] removing connection to http://cmeintel-desktop:33663/
[rospy.impl.masterslave][INFO] 2016-06-04 16:02:11,551: signal-2
[rospy.core][INFO] 2016-06-04 16:02:12,169: signal_shutdown [atexit]
