[rospy.client][INFO] 2016-06-04 16:01:17,520: init_node, name[/spawn_gazebo_model], pid[2018]
[xmlrpc][INFO] 2016-06-04 16:01:17,520: XML-RPC server binding to 0.0.0.0:0
[xmlrpc][INFO] 2016-06-04 16:01:17,520: Started XML-RPC server [http://cmeintel-desktop:33900/]
[rospy.init][INFO] 2016-06-04 16:01:17,521: ROS Slave URI: [http://cmeintel-desktop:33900/]
[rospy.impl.masterslave][INFO] 2016-06-04 16:01:17,521: _ready: http://cmeintel-desktop:33900/
[xmlrpc][INFO] 2016-06-04 16:01:17,521: xml rpc node: starting XML-RPC server
[rospy.registration][INFO] 2016-06-04 16:01:17,521: Registering with master node http://localhost:11311
[rospy.init][INFO] 2016-06-04 16:01:17,621: registered with master
[rospy.rosout][INFO] 2016-06-04 16:01:17,621: initializing /rosout core topic
[rospy.rosout][INFO] 2016-06-04 16:01:17,645: connected to core topic /rosout
[rospy.simtime][INFO] 2016-06-04 16:01:17,846: initializing /clock core topic
[rospy.simtime][INFO] 2016-06-04 16:01:17,849: connected to core topic /clock
[rosout][INFO] 2016-06-04 16:01:17,856: Loading model xml from ros parameter
[rosout][INFO] 2016-06-04 16:01:17,863: Waiting for service /gazebo/spawn_urdf_model
[rospy.internal][INFO] 2016-06-04 16:01:17,907: topic[/rosout] adding connection to [/rosout], count 0
[rospy.internal][INFO] 2016-06-04 16:01:19,253: topic[/clock] adding connection to [http://cmeintel-desktop:33663/], count 0
[rosout][INFO] 2016-06-04 16:01:19,377: Calling service /gazebo/spawn_urdf_model
[rosout][INFO] 2016-06-04 16:01:21,785: Spawn status: SpawnModel: Successfully spawned model
[rospy.core][INFO] 2016-06-04 16:01:21,785: signal_shutdown [atexit]
[rospy.internal][INFO] 2016-06-04 16:01:21,787: topic[/rosout] removing connection to /rosout
[rospy.internal][INFO] 2016-06-04 16:01:21,787: topic[/clock] removing connection to http://cmeintel-desktop:33663/
[rospy.impl.masterslave][INFO] 2016-06-04 16:01:21,787: atexit
