[rospy.client][INFO] 2016-06-04 16:01:17,466: init_node, name[/spawn_urdf_world], pid[1965]
[xmlrpc][INFO] 2016-06-04 16:01:17,466: XML-RPC server binding to 0.0.0.0:0
[xmlrpc][INFO] 2016-06-04 16:01:17,466: Started XML-RPC server [http://cmeintel-desktop:44265/]
[rospy.init][INFO] 2016-06-04 16:01:17,466: ROS Slave URI: [http://cmeintel-desktop:44265/]
[rospy.impl.masterslave][INFO] 2016-06-04 16:01:17,466: _ready: http://cmeintel-desktop:44265/
[xmlrpc][INFO] 2016-06-04 16:01:17,466: xml rpc node: starting XML-RPC server
[rospy.registration][INFO] 2016-06-04 16:01:17,467: Registering with master node http://localhost:11311
[rospy.init][INFO] 2016-06-04 16:01:17,566: registered with master
[rospy.rosout][INFO] 2016-06-04 16:01:17,567: initializing /rosout core topic
[rospy.rosout][INFO] 2016-06-04 16:01:17,583: connected to core topic /rosout
[rospy.internal][INFO] 2016-06-04 16:01:17,796: topic[/rosout] adding connection to [/rosout], count 0
[rospy.simtime][INFO] 2016-06-04 16:01:18,582: initializing /clock core topic
[rospy.simtime][INFO] 2016-06-04 16:01:18,583: connected to core topic /clock
[rosout][INFO] 2016-06-04 16:01:18,585: Loading model xml from ros parameter
[rosout][INFO] 2016-06-04 16:01:18,591: Waiting for service /gazebo/spawn_urdf_model
[rosout][INFO] 2016-06-04 16:01:19,194: Calling service /gazebo/spawn_urdf_model
[rospy.internal][INFO] 2016-06-04 16:01:19,246: topic[/clock] adding connection to [http://cmeintel-desktop:33663/], count 0
[rosout][INFO] 2016-06-04 16:01:19,595: Spawn status: SpawnModel: Successfully spawned model
[rospy.core][INFO] 2016-06-04 16:01:19,595: signal_shutdown [atexit]
[rospy.internal][INFO] 2016-06-04 16:01:19,597: topic[/rosout] removing connection to /rosout
[rospy.internal][INFO] 2016-06-04 16:01:19,597: topic[/clock] removing connection to http://cmeintel-desktop:33663/
[rospy.impl.masterslave][INFO] 2016-06-04 16:01:19,597: atexit
