[rospy.client][INFO] 2016-06-04 16:01:17,763: init_node, name[/torso/gazebo_services], pid[2371]
[xmlrpc][INFO] 2016-06-04 16:01:17,763: XML-RPC server binding to 0.0.0.0:0
[xmlrpc][INFO] 2016-06-04 16:01:17,764: Started XML-RPC server [http://cmeintel-desktop:37313/]
[rospy.init][INFO] 2016-06-04 16:01:17,764: ROS Slave URI: [http://cmeintel-desktop:37313/]
[rospy.impl.masterslave][INFO] 2016-06-04 16:01:17,764: _ready: http://cmeintel-desktop:37313/
[xmlrpc][INFO] 2016-06-04 16:01:17,764: xml rpc node: starting XML-RPC server
[rospy.registration][INFO] 2016-06-04 16:01:17,764: Registering with master node http://localhost:11311
[rospy.init][INFO] 2016-06-04 16:01:17,864: registered with master
[rospy.rosout][INFO] 2016-06-04 16:01:17,864: initializing /rosout core topic
[rospy.rosout][INFO] 2016-06-04 16:01:17,867: connected to core topic /rosout
[rospy.simtime][INFO] 2016-06-04 16:01:17,869: initializing /clock core topic
[rospy.simtime][INFO] 2016-06-04 16:01:17,874: connected to core topic /clock
[rosout][INFO] 2016-06-04 16:01:17,886: gazebo_services running
[rospy.internal][INFO] 2016-06-04 16:01:18,110: topic[/rosout] adding connection to [/rosout], count 0
[rospy.internal][INFO] 2016-06-04 16:01:19,252: topic[/clock] adding connection to [http://cmeintel-desktop:33663/], count 0
[rospy.core][INFO] 2016-06-04 16:02:11,930: signal_shutdown [signal-2]
[rospy.internal][INFO] 2016-06-04 16:02:11,933: topic[/rosout] removing connection to /rosout
[rospy.internal][INFO] 2016-06-04 16:02:11,933: topic[/clock] removing connection to http://cmeintel-desktop:33663/
[rospy.impl.masterslave][INFO] 2016-06-04 16:02:11,933: signal-2
[rospy.core][INFO] 2016-06-04 16:02:12,099: signal_shutdown [atexit]
