[rospy.client][INFO] 2016-06-04 16:01:17,391: init_node, name[/world_tf_publisher], pid[1997]
[xmlrpc][INFO] 2016-06-04 16:01:17,391: XML-RPC server binding to 0.0.0.0:0
[rospy.init][INFO] 2016-06-04 16:01:17,392: ROS Slave URI: [http://cmeintel-desktop:43007/]
[xmlrpc][INFO] 2016-06-04 16:01:17,391: Started XML-RPC server [http://cmeintel-desktop:43007/]
[rospy.impl.masterslave][INFO] 2016-06-04 16:01:17,392: _ready: http://cmeintel-desktop:43007/
[xmlrpc][INFO] 2016-06-04 16:01:17,392: xml rpc node: starting XML-RPC server
[rospy.registration][INFO] 2016-06-04 16:01:17,393: Registering with master node http://localhost:11311
[rospy.init][INFO] 2016-06-04 16:01:17,492: registered with master
[rospy.rosout][INFO] 2016-06-04 16:01:17,492: initializing /rosout core topic
[rospy.rosout][INFO] 2016-06-04 16:01:17,504: connected to core topic /rosout
[rospy.simtime][INFO] 2016-06-04 16:01:17,516: initializing /clock core topic
[rospy.simtime][INFO] 2016-06-04 16:01:17,536: connected to core topic /clock
[rospy.internal][INFO] 2016-06-04 16:01:17,691: topic[/rosout] adding connection to [/rosout], count 0
[rospy.internal][INFO] 2016-06-04 16:01:17,792: topic[/tf] adding connection to [/torso/frame_tracker], count 0
[rospy.internal][INFO] 2016-06-04 16:01:17,809: topic[/tf] adding connection to [/scan_unifier], count 1
[rospy.internal][INFO] 2016-06-04 16:01:17,898: topic[/tf] adding connection to [/head/interactive_target], count 2
[rospy.internal][INFO] 2016-06-04 16:01:17,898: topic[/tf] adding connection to [/head/frame_tracker], count 3
[rospy.internal][INFO] 2016-06-04 16:01:18,719: topic[/tf] adding connection to [/torso/interactive_target], count 4
[rospy.internal][INFO] 2016-06-04 16:01:18,924: topic[/tf] adding connection to [/torso/twist_controller], count 5
[rospy.internal][INFO] 2016-06-04 16:01:18,925: topic[/tf] adding connection to [/head/twist_controller], count 6
[rospy.internal][INFO] 2016-06-04 16:01:19,027: topic[/tf] adding connection to [/torso/obstacle_distance], count 7
[rospy.internal][INFO] 2016-06-04 16:01:19,032: topic[/tf] adding connection to [/head/obstacle_distance], count 8
[rospy.internal][INFO] 2016-06-04 16:01:19,301: topic[/clock] adding connection to [http://cmeintel-desktop:33663/], count 0
[rospy.internal][INFO] 2016-06-04 16:02:12,210: topic[/tf] removing connection to /torso/frame_tracker
[rospy.internal][INFO] 2016-06-04 16:02:12,210: topic[/tf] removing connection to /head/interactive_target
[rospy.internal][INFO] 2016-06-04 16:02:12,210: topic[/tf] removing connection to /head/frame_tracker
[rospy.internal][INFO] 2016-06-04 16:02:12,210: topic[/tf] removing connection to /torso/interactive_target
[rospy.internal][INFO] 2016-06-04 16:02:12,211: topic[/tf] removing connection to /head/obstacle_distance
[rospy.internal][INFO] 2016-06-04 16:02:12,210: topic[/tf] removing connection to /torso/obstacle_distance
[rospy.internal][INFO] 2016-06-04 16:02:12,210: topic[/tf] removing connection to /torso/twist_controller
[rospy.internal][INFO] 2016-06-04 16:02:12,211: topic[/tf] removing connection to /head/twist_controller
[rospy.core][INFO] 2016-06-04 16:02:12,420: signal_shutdown [signal-2]
[rospy.internal][INFO] 2016-06-04 16:02:12,423: topic[/rosout] removing connection to /rosout
[rospy.internal][INFO] 2016-06-04 16:02:12,423: topic[/tf] removing connection to /scan_unifier
[rospy.internal][INFO] 2016-06-04 16:02:12,423: topic[/clock] removing connection to http://cmeintel-desktop:33663/
[rospy.impl.masterslave][INFO] 2016-06-04 16:02:12,423: signal-2
[rospy.internal][WARNING] 2016-06-04 16:02:12,424: Unknown error initiating TCP/IP socket to cmeintel-desktop:42275 (http://cmeintel-desktop:33663/): Traceback (most recent call last):
  File "/opt/ros/indigo/lib/python2.7/dist-packages/rospy/impl/tcpros_base.py", line 558, in connect
    self.local_endpoint = self.socket.getsockname()
AttributeError: 'NoneType' object has no attribute 'getsockname'

[rospy.core][INFO] 2016-06-04 16:02:12,555: signal_shutdown [atexit]
