[rospy.client][INFO] 2016-06-08 16:29:44,458: init_node, name[/arm_right/gazebo_services], pid[18013]
[xmlrpc][INFO] 2016-06-08 16:29:44,458: XML-RPC server binding to 0.0.0.0:0
[xmlrpc][INFO] 2016-06-08 16:29:44,458: Started XML-RPC server [http://cmeintel-desktop:44566/]
[rospy.init][INFO] 2016-06-08 16:29:44,458: ROS Slave URI: [http://cmeintel-desktop:44566/]
[rospy.impl.masterslave][INFO] 2016-06-08 16:29:44,458: _ready: http://cmeintel-desktop:44566/
[xmlrpc][INFO] 2016-06-08 16:29:44,459: xml rpc node: starting XML-RPC server
[rospy.registration][INFO] 2016-06-08 16:29:44,459: Registering with master node http://localhost:11311
[rospy.init][INFO] 2016-06-08 16:29:44,559: registered with master
[rospy.rosout][INFO] 2016-06-08 16:29:44,559: initializing /rosout core topic
[rospy.rosout][INFO] 2016-06-08 16:29:44,564: connected to core topic /rosout
[rospy.simtime][INFO] 2016-06-08 16:29:44,568: initializing /clock core topic
[rospy.simtime][INFO] 2016-06-08 16:29:44,579: connected to core topic /clock
[rosout][INFO] 2016-06-08 16:29:44,614: gazebo_services running
[rospy.internal][INFO] 2016-06-08 16:29:44,732: topic[/rosout] adding connection to [/rosout], count 0
[rospy.internal][INFO] 2016-06-08 16:29:45,918: topic[/clock] adding connection to [http://cmeintel-desktop:36048/], count 0
[rospy.core][INFO] 2016-06-08 16:38:47,516: signal_shutdown [signal-2]
[rospy.internal][INFO] 2016-06-08 16:38:47,567: topic[/rosout] removing connection to /rosout
[rospy.internal][INFO] 2016-06-08 16:38:47,567: topic[/clock] removing connection to http://cmeintel-desktop:36048/
[rospy.impl.masterslave][INFO] 2016-06-08 16:38:47,567: signal-2
[rospy.core][INFO] 2016-06-08 16:38:48,185: signal_shutdown [atexit]
