[rospy.client][INFO] 2016-06-08 16:29:44,184: init_node, name[/arm_left/gazebo_services], pid[17938]
[xmlrpc][INFO] 2016-06-08 16:29:44,184: XML-RPC server binding to 0.0.0.0:0
[rospy.init][INFO] 2016-06-08 16:29:44,184: ROS Slave URI: [http://cmeintel-desktop:43288/]
[xmlrpc][INFO] 2016-06-08 16:29:44,184: Started XML-RPC server [http://cmeintel-desktop:43288/]
[rospy.impl.masterslave][INFO] 2016-06-08 16:29:44,188: _ready: http://cmeintel-desktop:43288/
[xmlrpc][INFO] 2016-06-08 16:29:44,188: xml rpc node: starting XML-RPC server
[rospy.registration][INFO] 2016-06-08 16:29:44,189: Registering with master node http://localhost:11311
[rospy.init][INFO] 2016-06-08 16:29:44,285: registered with master
[rospy.rosout][INFO] 2016-06-08 16:29:44,285: initializing /rosout core topic
[rospy.rosout][INFO] 2016-06-08 16:29:44,332: connected to core topic /rosout
[rospy.simtime][INFO] 2016-06-08 16:29:44,345: initializing /clock core topic
[rospy.simtime][INFO] 2016-06-08 16:29:44,370: connected to core topic /clock
[rosout][INFO] 2016-06-08 16:29:44,450: gazebo_services running
[rospy.internal][INFO] 2016-06-08 16:29:44,529: topic[/rosout] adding connection to [/rosout], count 0
[rospy.internal][INFO] 2016-06-08 16:29:46,102: topic[/clock] adding connection to [http://cmeintel-desktop:36048/], count 0
[rospy.core][INFO] 2016-06-08 16:38:47,915: signal_shutdown [signal-2]
[rospy.internal][INFO] 2016-06-08 16:38:47,919: topic[/rosout] removing connection to /rosout
[rospy.internal][INFO] 2016-06-08 16:38:47,919: topic[/clock] removing connection to http://cmeintel-desktop:36048/
[rospy.impl.masterslave][INFO] 2016-06-08 16:38:47,919: signal-2
[rospy.core][INFO] 2016-06-08 16:38:48,035: signal_shutdown [atexit]
