[rospy.client][INFO] 2016-06-08 16:29:44,826: init_node, name[/dashboard_aggregator], pid[18312]
[xmlrpc][INFO] 2016-06-08 16:29:44,827: XML-RPC server binding to 0.0.0.0:0
[xmlrpc][INFO] 2016-06-08 16:29:44,827: Started XML-RPC server [http://cmeintel-desktop:43651/]
[rospy.init][INFO] 2016-06-08 16:29:44,827: ROS Slave URI: [http://cmeintel-desktop:43651/]
[rospy.impl.masterslave][INFO] 2016-06-08 16:29:44,828: _ready: http://cmeintel-desktop:43651/
[xmlrpc][INFO] 2016-06-08 16:29:44,828: xml rpc node: starting XML-RPC server
[rospy.registration][INFO] 2016-06-08 16:29:44,828: Registering with master node http://localhost:11311
[rospy.init][INFO] 2016-06-08 16:29:44,928: registered with master
[rospy.rosout][INFO] 2016-06-08 16:29:44,928: initializing /rosout core topic
[rospy.rosout][INFO] 2016-06-08 16:29:44,932: connected to core topic /rosout
[rospy.simtime][INFO] 2016-06-08 16:29:44,936: initializing /clock core topic
[rospy.simtime][INFO] 2016-06-08 16:29:44,943: connected to core topic /clock
[rospy.internal][INFO] 2016-06-08 16:29:45,176: topic[/rosout] adding connection to [/rosout], count 0
[rospy.internal][INFO] 2016-06-08 16:29:46,914: topic[/clock] adding connection to [http://cmeintel-desktop:36048/], count 0
[rospy.internal][INFO] 2016-06-08 16:29:56,531: topic[/diagnostics_toplevel_state] adding connection to [http://cmeintel-desktop:38507/], count 0
[rospy.internal][INFO] 2016-06-08 16:29:56,532: topic[/emergency_stop_state] adding connection to [http://cmeintel-desktop:36687/], count 0
[rospy.core][INFO] 2016-06-08 16:38:47,212: signal_shutdown [signal-2]
[rospy.internal][INFO] 2016-06-08 16:38:47,219: topic[/rosout] removing connection to /rosout
[rospy.internal][INFO] 2016-06-08 16:38:47,220: topic[/diagnostics_toplevel_state] removing connection to http://cmeintel-desktop:38507/
[rospy.internal][INFO] 2016-06-08 16:38:47,220: topic[/clock] removing connection to http://cmeintel-desktop:36048/
[rospy.internal][INFO] 2016-06-08 16:38:47,221: topic[/emergency_stop_state] removing connection to http://cmeintel-desktop:36687/
[rospy.impl.masterslave][INFO] 2016-06-08 16:38:47,221: signal-2
[rospy.core][INFO] 2016-06-08 16:38:47,329: signal_shutdown [atexit]
