[rospy.client][INFO] 2016-06-08 16:29:43,598: init_node, name[/elevator], pid[17651]
[xmlrpc][INFO] 2016-06-08 16:29:43,601: XML-RPC server binding to 0.0.0.0:0
[xmlrpc][INFO] 2016-06-08 16:29:43,601: Started XML-RPC server [http://cmeintel-desktop:40856/]
[rospy.impl.masterslave][INFO] 2016-06-08 16:29:43,602: _ready: http://cmeintel-desktop:40856/
[rospy.registration][INFO] 2016-06-08 16:29:43,602: Registering with master node http://localhost:11311
[xmlrpc][INFO] 2016-06-08 16:29:43,602: xml rpc node: starting XML-RPC server
[rospy.init][INFO] 2016-06-08 16:29:43,602: ROS Slave URI: [http://cmeintel-desktop:40856/]
[rospy.init][INFO] 2016-06-08 16:29:43,602: registered with master
[rospy.rosout][INFO] 2016-06-08 16:29:43,602: initializing /rosout core topic
[rospy.rosout][INFO] 2016-06-08 16:29:43,626: connected to core topic /rosout
[rospy.simtime][INFO] 2016-06-08 16:29:43,642: initializing /clock core topic
[rospy.simtime][INFO] 2016-06-08 16:29:43,683: connected to core topic /clock
[rospy.internal][INFO] 2016-06-08 16:29:43,981: topic[/rosout] adding connection to [/rosout], count 0
[rospy.internal][INFO] 2016-06-08 16:29:45,918: topic[/clock] adding connection to [http://cmeintel-desktop:36048/], count 0
[rospy.internal][INFO] 2016-06-08 16:29:56,161: topic[/elevator_button1_bumper] adding connection to [http://cmeintel-desktop:36048/], count 0
[rospy.core][INFO] 2016-06-08 16:38:48,525: signal_shutdown [signal-2]
[rospy.internal][INFO] 2016-06-08 16:38:48,531: topic[/rosout] removing connection to /rosout
[rospy.internal][INFO] 2016-06-08 16:38:48,531: topic[/clock] removing connection to http://cmeintel-desktop:36048/
[rospy.internal][INFO] 2016-06-08 16:38:48,531: topic[/elevator_button1_bumper] removing connection to http://cmeintel-desktop:36048/
[rospy.impl.masterslave][INFO] 2016-06-08 16:38:48,531: signal-2
[rospy.core][INFO] 2016-06-08 16:38:48,663: signal_shutdown [atexit]
