[rospy.client][INFO] 2016-06-08 16:29:44,567: init_node, name[/gripper_right/gazebo_services], pid[18210]
[xmlrpc][INFO] 2016-06-08 16:29:44,569: XML-RPC server binding to 0.0.0.0:0
[xmlrpc][INFO] 2016-06-08 16:29:44,569: Started XML-RPC server [http://cmeintel-desktop:39431/]
[rospy.impl.masterslave][INFO] 2016-06-08 16:29:44,569: _ready: http://cmeintel-desktop:39431/
[rospy.init][INFO] 2016-06-08 16:29:44,570: ROS Slave URI: [http://cmeintel-desktop:39431/]
[rospy.registration][INFO] 2016-06-08 16:29:44,571: Registering with master node http://localhost:11311
[xmlrpc][INFO] 2016-06-08 16:29:44,574: xml rpc node: starting XML-RPC server
[rospy.init][INFO] 2016-06-08 16:29:44,670: registered with master
[rospy.rosout][INFO] 2016-06-08 16:29:44,670: initializing /rosout core topic
[rospy.rosout][INFO] 2016-06-08 16:29:44,677: connected to core topic /rosout
[rospy.simtime][INFO] 2016-06-08 16:29:44,688: initializing /clock core topic
[rospy.simtime][INFO] 2016-06-08 16:29:44,726: connected to core topic /clock
[rosout][INFO] 2016-06-08 16:29:44,777: gazebo_services running
[rospy.internal][INFO] 2016-06-08 16:29:44,967: topic[/rosout] adding connection to [/rosout], count 0
[rospy.internal][INFO] 2016-06-08 16:29:45,919: topic[/clock] adding connection to [http://cmeintel-desktop:36048/], count 0
[rospy.core][INFO] 2016-06-08 16:38:47,220: signal_shutdown [signal-2]
[rospy.internal][INFO] 2016-06-08 16:38:47,229: topic[/rosout] removing connection to /rosout
[rospy.internal][INFO] 2016-06-08 16:38:47,230: topic[/clock] removing connection to http://cmeintel-desktop:36048/
[rospy.impl.masterslave][INFO] 2016-06-08 16:38:47,230: signal-2
[rospy.internal][WARNING] 2016-06-08 16:38:47,230: Unknown error initiating TCP/IP socket to cmeintel-desktop:43861 (http://cmeintel-desktop:36048/): Traceback (most recent call last):
  File "/opt/ros/indigo/lib/python2.7/dist-packages/rospy/impl/tcpros_base.py", line 558, in connect
    self.local_endpoint = self.socket.getsockname()
AttributeError: 'NoneType' object has no attribute 'getsockname'

[rospy.core][INFO] 2016-06-08 16:38:47,345: signal_shutdown [atexit]
