[rospy.client][INFO] 2016-06-08 16:29:44,519: init_node, name[/gripper_left/gazebo_services], pid[18139]
[xmlrpc][INFO] 2016-06-08 16:29:44,519: XML-RPC server binding to 0.0.0.0:0
[rospy.init][INFO] 2016-06-08 16:29:44,519: ROS Slave URI: [http://cmeintel-desktop:38830/]
[xmlrpc][INFO] 2016-06-08 16:29:44,520: Started XML-RPC server [http://cmeintel-desktop:38830/]
[rospy.impl.masterslave][INFO] 2016-06-08 16:29:44,520: _ready: http://cmeintel-desktop:38830/
[xmlrpc][INFO] 2016-06-08 16:29:44,520: xml rpc node: starting XML-RPC server
[rospy.registration][INFO] 2016-06-08 16:29:44,520: Registering with master node http://localhost:11311
[rospy.init][INFO] 2016-06-08 16:29:44,620: registered with master
[rospy.rosout][INFO] 2016-06-08 16:29:44,620: initializing /rosout core topic
[rospy.rosout][INFO] 2016-06-08 16:29:44,632: connected to core topic /rosout
[rospy.simtime][INFO] 2016-06-08 16:29:44,649: initializing /clock core topic
[rospy.simtime][INFO] 2016-06-08 16:29:44,666: connected to core topic /clock
[rosout][INFO] 2016-06-08 16:29:44,759: gazebo_services running
[rospy.internal][INFO] 2016-06-08 16:29:44,847: topic[/rosout] adding connection to [/rosout], count 0
[rospy.internal][INFO] 2016-06-08 16:29:46,916: topic[/clock] adding connection to [http://cmeintel-desktop:36048/], count 0
[rospy.core][INFO] 2016-06-08 16:38:47,413: signal_shutdown [signal-2]
[rospy.internal][INFO] 2016-06-08 16:38:47,442: topic[/rosout] removing connection to /rosout
[rospy.internal][INFO] 2016-06-08 16:38:47,442: topic[/clock] removing connection to http://cmeintel-desktop:36048/
[rospy.impl.masterslave][INFO] 2016-06-08 16:38:47,442: signal-2
[rospy.core][INFO] 2016-06-08 16:38:48,056: signal_shutdown [atexit]
