[rospy.client][INFO] 2016-06-08 16:29:43,966: init_node, name[/joint_state_publisher], pid[17676]
[xmlrpc][INFO] 2016-06-08 16:29:43,966: XML-RPC server binding to 0.0.0.0:0
[xmlrpc][INFO] 2016-06-08 16:29:43,966: Started XML-RPC server [http://cmeintel-desktop:40660/]
[rospy.impl.masterslave][INFO] 2016-06-08 16:29:43,967: _ready: http://cmeintel-desktop:40660/
[rospy.init][INFO] 2016-06-08 16:29:43,967: ROS Slave URI: [http://cmeintel-desktop:40660/]
[rospy.registration][INFO] 2016-06-08 16:29:43,967: Registering with master node http://localhost:11311
[xmlrpc][INFO] 2016-06-08 16:29:43,967: xml rpc node: starting XML-RPC server
[rospy.init][INFO] 2016-06-08 16:29:44,067: registered with master
[rospy.rosout][INFO] 2016-06-08 16:29:44,067: initializing /rosout core topic
[rospy.rosout][INFO] 2016-06-08 16:29:44,089: connected to core topic /rosout
[rospy.simtime][INFO] 2016-06-08 16:29:44,098: initializing /clock core topic
[rospy.simtime][INFO] 2016-06-08 16:29:44,126: connected to core topic /clock
[rospy.internal][INFO] 2016-06-08 16:29:44,423: topic[/rosout] adding connection to [/rosout], count 0
[rospy.internal][INFO] 2016-06-08 16:29:45,738: topic[/joint_states] adding connection to [/robot_state_publisher], count 0
[rospy.internal][INFO] 2016-06-08 16:29:45,884: topic[/clock] adding connection to [http://cmeintel-desktop:36048/], count 0
[rospy.internal][INFO] 2016-06-08 16:29:54,050: topic[/base/joint_states] adding connection to [http://cmeintel-desktop:36048/], count 0
[rospy.internal][INFO] 2016-06-08 16:29:54,314: topic[/torso/joint_states] adding connection to [http://cmeintel-desktop:36048/], count 0
[rospy.internal][INFO] 2016-06-08 16:29:54,427: topic[/sensorring/joint_states] adding connection to [http://cmeintel-desktop:36048/], count 0
[rospy.internal][INFO] 2016-06-08 16:29:54,641: topic[/arm_right/joint_states] adding connection to [http://cmeintel-desktop:36048/], count 0
[rospy.internal][INFO] 2016-06-08 16:29:55,255: topic[/arm_left/joint_states] adding connection to [http://cmeintel-desktop:36048/], count 0
[rospy.internal][INFO] 2016-06-08 16:29:56,672: topic[/gripper_right/joint_states] adding connection to [http://cmeintel-desktop:36048/], count 0
[rospy.internal][INFO] 2016-06-08 16:29:56,936: topic[/gripper_left/joint_states] adding connection to [http://cmeintel-desktop:36048/], count 0
[rospy.core][INFO] 2016-06-08 16:38:48,421: signal_shutdown [signal-2]
[rospy.internal][INFO] 2016-06-08 16:38:48,426: topic[/joint_states] removing connection to /robot_state_publisher
[rospy.internal][INFO] 2016-06-08 16:38:48,429: topic[/rosout] removing connection to /rosout
[rospy.internal][INFO] 2016-06-08 16:38:48,430: topic[/arm_right/joint_states] removing connection to http://cmeintel-desktop:36048/
[rospy.internal][INFO] 2016-06-08 16:38:48,430: topic[/torso/joint_states] removing connection to http://cmeintel-desktop:36048/
[rospy.internal][INFO] 2016-06-08 16:38:48,431: topic[/sensorring/joint_states] removing connection to http://cmeintel-desktop:36048/
[rospy.internal][INFO] 2016-06-08 16:38:48,431: topic[/clock] removing connection to http://cmeintel-desktop:36048/
[rospy.internal][INFO] 2016-06-08 16:38:48,432: topic[/base/joint_states] removing connection to http://cmeintel-desktop:36048/
[rospy.internal][INFO] 2016-06-08 16:38:48,432: topic[/gripper_left/joint_states] removing connection to http://cmeintel-desktop:36048/
[rospy.internal][INFO] 2016-06-08 16:38:48,432: topic[/arm_left/joint_states] removing connection to http://cmeintel-desktop:36048/
[rospy.internal][WARNING] 2016-06-08 16:38:48,433: Unknown error initiating TCP/IP socket to cmeintel-desktop:43861 (http://cmeintel-desktop:36048/): Traceback (most recent call last):
  File "/opt/ros/indigo/lib/python2.7/dist-packages/rospy/impl/tcpros_base.py", line 558, in connect
    self.local_endpoint = self.socket.getsockname()
AttributeError: 'NoneType' object has no attribute 'getsockname'

[rospy.internal][INFO] 2016-06-08 16:38:48,433: topic[/gripper_right/joint_states] removing connection to http://cmeintel-desktop:36048/
[rospy.impl.masterslave][INFO] 2016-06-08 16:38:48,433: signal-2
[rospy.internal][WARNING] 2016-06-08 16:38:48,434: Unknown error initiating TCP/IP socket to cmeintel-desktop:43861 (http://cmeintel-desktop:36048/): Traceback (most recent call last):
  File "/opt/ros/indigo/lib/python2.7/dist-packages/rospy/impl/tcpros_base.py", line 558, in connect
    self.local_endpoint = self.socket.getsockname()
AttributeError: 'NoneType' object has no attribute 'getsockname'

[rospy.core][INFO] 2016-06-08 16:38:48,918: signal_shutdown [atexit]
