[rospy.client][INFO] 2016-06-08 16:29:44,185: init_node, name[/relayboard_node], pid[17793]
[xmlrpc][INFO] 2016-06-08 16:29:44,185: XML-RPC server binding to 0.0.0.0:0
[rospy.init][INFO] 2016-06-08 16:29:44,185: ROS Slave URI: [http://cmeintel-desktop:36687/]
[xmlrpc][INFO] 2016-06-08 16:29:44,185: Started XML-RPC server [http://cmeintel-desktop:36687/]
[rospy.impl.masterslave][INFO] 2016-06-08 16:29:44,186: _ready: http://cmeintel-desktop:36687/
[xmlrpc][INFO] 2016-06-08 16:29:44,189: xml rpc node: starting XML-RPC server
[rospy.registration][INFO] 2016-06-08 16:29:44,189: Registering with master node http://localhost:11311
[rospy.init][INFO] 2016-06-08 16:29:44,286: registered with master
[rospy.rosout][INFO] 2016-06-08 16:29:44,286: initializing /rosout core topic
[rospy.rosout][INFO] 2016-06-08 16:29:44,333: connected to core topic /rosout
[rospy.simtime][INFO] 2016-06-08 16:29:44,346: initializing /clock core topic
[rospy.simtime][INFO] 2016-06-08 16:29:44,372: connected to core topic /clock
[rospy.internal][INFO] 2016-06-08 16:29:44,630: topic[/rosout] adding connection to [/rosout], count 0
[rospy.internal][INFO] 2016-06-08 16:29:46,106: topic[/clock] adding connection to [http://cmeintel-desktop:36048/], count 0
[rospy.internal][INFO] 2016-06-08 16:29:56,533: topic[/emergency_stop_state] adding connection to [/dashboard_aggregator], count 0
[rospy.internal][INFO] 2016-06-08 16:38:47,221: topic[/emergency_stop_state] adding connection to [/dashboard_aggregator], count 1
[rospy.internal][INFO] 2016-06-08 16:38:47,221: topic[/emergency_stop_state] removing connection to /dashboard_aggregator
[rospy.core][INFO] 2016-06-08 16:38:48,132: signal_shutdown [signal-2]
[rospy.internal][INFO] 2016-06-08 16:38:48,135: topic[/emergency_stop_state] removing connection to /dashboard_aggregator
[rospy.internal][INFO] 2016-06-08 16:38:48,136: topic[/rosout] removing connection to /rosout
[rospy.internal][INFO] 2016-06-08 16:38:48,136: topic[/clock] removing connection to http://cmeintel-desktop:36048/
[rospy.impl.masterslave][INFO] 2016-06-08 16:38:48,136: signal-2
[rospy.core][INFO] 2016-06-08 16:38:48,751: signal_shutdown [atexit]
