[roslaunch][INFO] 2016-06-08 16:30:36,970: Checking log directory for disk usage. This may take awhile.
Press Ctrl-C to interrupt
[roslaunch][INFO] 2016-06-08 16:30:36,974: Done checking log file disk usage. Usage is <1GB.
[roslaunch][INFO] 2016-06-08 16:30:36,974: roslaunch starting with args ['/opt/ros/indigo/bin/roslaunch', 'cob_navigation_global', '2dnav_ros_eband.launch']
[roslaunch][INFO] 2016-06-08 16:30:36,974: roslaunch env is {'ROBOT': 'cob4-2', 'LC_PAPER': 'de_DE.UTF-8', 'SHELL': '/bin/bash', 'XDG_DATA_DIRS': '/usr/share/ubuntu:/usr/share/gnome:/usr/local/share/:/usr/share/', 'MANDATORY_PATH': '/usr/share/gconf/ubuntu.mandatory.path', 'TERMINATOR_UUID': 'urn:uuid:1300e722-7a4d-4017-a982-6a66edee4535', 'COMPIZ_CONFIG_PROFILE': 'ubuntu', 'JOB': 'dbus', 'TEXTDOMAIN': 'im-config', 'XMODIFIERS': '@im=ibus', 'SELINUX_INIT': 'YES', 'XDG_RUNTIME_DIR': '/run/user/1000', 'LC_ADDRESS': 'de_DE.UTF-8', 'PYTHONPATH': '/home/cme-intel/git/catkin_ws/devel/lib/python2.7/dist-packages:/opt/ros/indigo/lib/python2.7/dist-packages', 'COMPIZ_BIN_PATH': '/usr/bin/', 'ROS_ROOT': '/opt/ros/indigo/share/ros', 'XDG_SESSION_ID': 'c2', 'DBUS_SESSION_BUS_ADDRESS': 'unix:abstract=/tmp/dbus-Rx8CHbwi1Q', 'ORBIT_SOCKETDIR': '/tmp/orbit-cme-intel', 'DEFAULTS_PATH': '/usr/share/gconf/ubuntu.default.path', 'DESKTOP_SESSION': 'ubuntu', 'GTK_MODULES': 'overlay-scrollbar:unity-gtk-module', 'INSTANCE': '', 'LC_NAME': 'de_DE.UTF-8', 'XDG_MENU_PREFIX': 'gnome-', 'LS_COLORS': 'rs=0:di=01;34:ln=01;36:mh=00:pi=40;33:so=01;35:do=01;35:bd=40;33;01:cd=40;33;01:or=40;31;01:su=37;41:sg=30;43:ca=30;41:tw=30;42:ow=34;42:st=37;44:ex=01;32:*.tar=01;31:*.tgz=01;31:*.arj=01;31:*.taz=01;31:*.lzh=01;31:*.lzma=01;31:*.tlz=01;31:*.txz=01;31:*.zip=01;31:*.z=01;31:*.Z=01;31:*.dz=01;31:*.gz=01;31:*.lz=01;31:*.xz=01;31:*.bz2=01;31:*.bz=01;31:*.tbz=01;31:*.tbz2=01;31:*.tz=01;31:*.deb=01;31:*.rpm=01;31:*.jar=01;31:*.war=01;31:*.ear=01;31:*.sar=01;31:*.rar=01;31:*.ace=01;31:*.zoo=01;31:*.cpio=01;31:*.7z=01;31:*.rz=01;31:*.jpg=01;35:*.jpeg=01;35:*.gif=01;35:*.bmp=01;35:*.pbm=01;35:*.pgm=01;35:*.ppm=01;35:*.tga=01;35:*.xbm=01;35:*.xpm=01;35:*.tif=01;35:*.tiff=01;35:*.png=01;35:*.svg=01;35:*.svgz=01;35:*.mng=01;35:*.pcx=01;35:*.mov=01;35:*.mpg=01;35:*.mpeg=01;35:*.m2v=01;35:*.mkv=01;35:*.webm=01;35:*.ogm=01;35:*.mp4=01;35:*.m4v=01;35:*.mp4v=01;35:*.vob=01;35:*.qt=01;35:*.nuv=01;35:*.wmv=01;35:*.asf=01;35:*.rm=01;35:*.rmvb=01;35:*.flc=01;35:*.avi=01;35:*.fli=01;35:*.flv=01;35:*.gl=01;35:*.dl=01;35:*.xcf=01;35:*.xwd=01;35:*.yuv=01;35:*.cgm=01;35:*.emf=01;35:*.axv=01;35:*.anx=01;35:*.ogv=01;35:*.ogx=01;35:*.aac=00;36:*.au=00;36:*.flac=00;36:*.mid=00;36:*.midi=00;36:*.mka=00;36:*.mp3=00;36:*.mpc=00;36:*.ogg=00;36:*.ra=00;36:*.wav=00;36:*.axa=00;36:*.oga=00;36:*.spx=00;36:*.xspf=00;36:', 'LC_NUMERIC': 'C', 'GNOME_DESKTOP_SESSION_ID': 'this-is-deprecated', 'LESSOPEN': '| /usr/bin/lesspipe %s', 'CPATH': '/home/cme-intel/git/catkin_ws/devel/include:/opt/ros/indigo/include', 'USER': 'cme-intel', 'XDG_VTNR': '7', 'CMAKE_PREFIX_PATH': '/home/cme-intel/git/catkin_ws/devel:/opt/ros/indigo', 'XAUTHORITY': '/home/cme-intel/.Xauthority', 'LANGUAGE': 'en_US', 'SESSION_MANAGER': 'local/cmeintel-desktop:@/tmp/.ICE-unix/2904,unix/cmeintel-desktop:/tmp/.ICE-unix/2904', 'SHLVL': '1', 'QT_QPA_PLATFORMTHEME': 'appmenu-qt5', 'DISPLAY': ':0', 'CLUTTER_IM_MODULE': 'xim', 'WINDOWID': '65011716', 'GPG_AGENT_INFO': '/run/user/1000/keyring-QtfvEp/gpg:0:1', 'GDMSESSION': 'ubuntu', 'PKG_CONFIG_PATH': '/home/cme-intel/git/catkin_ws/devel/lib/pkgconfig:/opt/ros/indigo/lib/x86_64-linux-gnu/pkgconfig:/opt/ros/indigo/lib/pkgconfig', 'ROS_PACKAGE_PATH': '/home/cme-intel/git/catkin_ws/src:/opt/ros/indigo/share:/opt/ros/indigo/stacks', '_': '/opt/ros/indigo/bin/roslaunch', 'GTK_IM_MODULE': 'ibus', 'XDG_CONFIG_DIRS': '/etc/xdg/xdg-ubuntu:/usr/share/upstart/xdg:/etc/xdg', 'ROBOT_ENV': 'ipa-apartment', 'ROS_MASTER_URI': 'http://localhost:11311', 'COLORTERM': 'gnome-terminal', 'LC_TIME': 'de_DE.UTF-8', 'XDG_GREETER_DATA_DIR': '/var/lib/lightdm-data/cme-intel', 'QT4_IM_MODULE': 'ibus', 'XDG_SEAT_PATH': '/org/freedesktop/DisplayManager/Seat0', 'HOME': '/home/cme-intel', 'LD_LIBRARY_PATH': '/home/cme-intel/git/catkin_ws/devel/lib:/opt/ros/indigo/lib/x86_64-linux-gnu:/opt/ros/indigo/lib', 'LANG': 'en_US.UTF-8', 'ROS_LOG_FILENAME': '/home/cme-intel/.ros/log/6d3bc556-2d85-11e6-a95e-bc5ff47c434e/roslaunch-cmeintel-desktop-24429.log', 'LC_MONETARY': 'de_DE.UTF-8', 'SESSION': 'ubuntu', 'LC_IDENTIFICATION': 'de_DE.UTF-8', 'XDG_CURRENT_DESKTOP': 'Unity', 'LESSCLOSE': '/usr/bin/lesspipe %s %s', 'GNOME_KEYRING_PID': '2662', 'ROS_ETC_DIR': '/opt/ros/indigo/etc/ros', 'ROS_DISTRO': 'indigo', 'ROSLISP_PACKAGE_DIRECTORIES': '/home/cme-intel/git/catkin_ws/devel/share/common-lisp', 'QT_IM_MODULE': 'ibus', 'LOGNAME': 'cme-intel', 'XDG_SEAT': 'seat0', 'GNOME_KEYRING_CONTROL': '/run/user/1000/keyring-QtfvEp', 'PATH': '/opt/ros/indigo/bin:/usr/local/sbin:/usr/local/bin:/usr/sbin:/usr/bin:/sbin:/bin:/usr/games:/usr/local/games', 'TERM': 'xterm', 'XDG_SESSION_PATH': '/org/freedesktop/DisplayManager/Session0', 'SESSIONTYPE': 'gnome-session', 'IM_CONFIG_PHASE': '1', 'GIO_LAUNCHED_DESKTOP_FILE_PID': '3083', 'GIO_LAUNCHED_DESKTOP_FILE': '/usr/share/applications/compiz.desktop', 'SSH_AUTH_SOCK': '/run/user/1000/keyring-QtfvEp/ssh', 'TEXTDOMAINDIR': '/usr/share/locale/', 'UPSTART_SESSION': 'unix:abstract=/com/ubuntu/upstart-session/1000/2703', 'OLDPWD': '/home/cme-intel', 'GDM_LANG': 'en_US', 'LC_TELEPHONE': 'de_DE.UTF-8', 'LC_MEASUREMENT': 'de_DE.UTF-8', 'PWD': '/home/cme-intel/git/catkin_ws/src'}
[roslaunch][INFO] 2016-06-08 16:30:36,974: starting in server mode
[roslaunch.parent][INFO] 2016-06-08 16:30:36,975: starting roslaunch parent run
[roslaunch][INFO] 2016-06-08 16:30:36,975: loading roscore config file /opt/ros/indigo/etc/ros/roscore.xml
[roslaunch][INFO] 2016-06-08 16:30:37,097: Added core node of type [rosout/rosout] in namespace [/]
[roslaunch.config][INFO] 2016-06-08 16:30:37,097: loading config file /home/cme-intel/git/catkin_ws/src/cob_navigation/cob_navigation_global/launch/2dnav_ros_eband.launch
[roslaunch][INFO] 2016-06-08 16:30:37,185: Added node of type [map_server/map_server] in namespace [/]
[roslaunch][INFO] 2016-06-08 16:30:37,226: Added node of type [amcl/amcl] in namespace [/]
[roslaunch][INFO] 2016-06-08 16:30:37,525: Added node of type [move_base/move_base] in namespace [/]
[roslaunch][INFO] 2016-06-08 16:30:37,526: ... selected machine [] for node of type [map_server/map_server]
[roslaunch][INFO] 2016-06-08 16:30:37,526: ... selected machine [] for node of type [amcl/amcl]
[roslaunch][INFO] 2016-06-08 16:30:37,526: ... selected machine [] for node of type [move_base/move_base]
[roslaunch.pmon][INFO] 2016-06-08 16:30:37,526: start_process_monitor: creating ProcessMonitor
[roslaunch.pmon][INFO] 2016-06-08 16:30:37,526: created process monitor <ProcessMonitor(ProcessMonitor-1, initial daemon)>
[roslaunch.pmon][INFO] 2016-06-08 16:30:37,527: start_process_monitor: ProcessMonitor started
[roslaunch.parent][INFO] 2016-06-08 16:30:37,527: starting parent XML-RPC server
[roslaunch.server][INFO] 2016-06-08 16:30:37,527: starting roslaunch XML-RPC server
[roslaunch.server][INFO] 2016-06-08 16:30:37,527: waiting for roslaunch XML-RPC server to initialize
[xmlrpc][INFO] 2016-06-08 16:30:37,527: XML-RPC server binding to 0.0.0.0:0
[xmlrpc][INFO] 2016-06-08 16:30:37,527: Started XML-RPC server [http://cmeintel-desktop:38451/]
[xmlrpc][INFO] 2016-06-08 16:30:37,527: xml rpc node: starting XML-RPC server
[roslaunch][INFO] 2016-06-08 16:30:37,538: started roslaunch server http://cmeintel-desktop:38451/
[roslaunch.parent][INFO] 2016-06-08 16:30:37,538: ... parent XML-RPC server started
[roslaunch][INFO] 2016-06-08 16:30:37,539: master.is_running[http://localhost:11311]
[roslaunch][INFO] 2016-06-08 16:30:37,542: master.is_running[http://localhost:11311]
[roslaunch][INFO] 2016-06-08 16:30:37,544: ROS_MASTER_URI=http://localhost:11311
[roslaunch][INFO] 2016-06-08 16:30:37,546: setting /roslaunch/uris/host_cmeintel_desktop__38451' to http://cmeintel-desktop:38451/
[roslaunch][INFO] 2016-06-08 16:30:37,634: load_parameters starting ...
[roslaunch][INFO] 2016-06-08 16:30:37,671: ... load_parameters complete
[roslaunch][INFO] 2016-06-08 16:30:37,671: launch_nodes: launching local nodes ...
[roslaunch][INFO] 2016-06-08 16:30:37,671: ... preparing to launch node of type [map_server/map_server]
[roslaunch][INFO] 2016-06-08 16:30:37,671: create_node_process: package[map_server] type[map_server] machine[Machine(name[] env_loader[None] address[localhost] ssh_port[22] user[None] assignable[True] timeout[10.0])] master_uri[http://localhost:11311]
[roslaunch][INFO] 2016-06-08 16:30:37,672: process[map_server-1]: env[{'ROBOT': 'cob4-2', 'LC_PAPER': 'de_DE.UTF-8', 'SHELL': '/bin/bash', 'XDG_DATA_DIRS': '/usr/share/ubuntu:/usr/share/gnome:/usr/local/share/:/usr/share/', 'MANDATORY_PATH': '/usr/share/gconf/ubuntu.mandatory.path', 'TERMINATOR_UUID': 'urn:uuid:1300e722-7a4d-4017-a982-6a66edee4535', 'CLUTTER_IM_MODULE': 'xim', 'JOB': 'dbus', 'TEXTDOMAIN': 'im-config', 'XMODIFIERS': '@im=ibus', 'SELINUX_INIT': 'YES', 'XDG_RUNTIME_DIR': '/run/user/1000', 'LC_ADDRESS': 'de_DE.UTF-8', 'PYTHONPATH': '/home/cme-intel/git/catkin_ws/devel/lib/python2.7/dist-packages:/opt/ros/indigo/lib/python2.7/dist-packages', 'COMPIZ_BIN_PATH': '/usr/bin/', 'ROS_ROOT': '/opt/ros/indigo/share/ros', 'XDG_SESSION_ID': 'c2', 'DBUS_SESSION_BUS_ADDRESS': 'unix:abstract=/tmp/dbus-Rx8CHbwi1Q', 'ORBIT_SOCKETDIR': '/tmp/orbit-cme-intel', 'DEFAULTS_PATH': '/usr/share/gconf/ubuntu.default.path', 'DESKTOP_SESSION': 'ubuntu', 'GTK_MODULES': 'overlay-scrollbar:unity-gtk-module', 'INSTANCE': '', 'LC_NAME': 'de_DE.UTF-8', 'XDG_MENU_PREFIX': 'gnome-', 'LS_COLORS': 'rs=0:di=01;34:ln=01;36:mh=00:pi=40;33:so=01;35:do=01;35:bd=40;33;01:cd=40;33;01:or=40;31;01:su=37;41:sg=30;43:ca=30;41:tw=30;42:ow=34;42:st=37;44:ex=01;32:*.tar=01;31:*.tgz=01;31:*.arj=01;31:*.taz=01;31:*.lzh=01;31:*.lzma=01;31:*.tlz=01;31:*.txz=01;31:*.zip=01;31:*.z=01;31:*.Z=01;31:*.dz=01;31:*.gz=01;31:*.lz=01;31:*.xz=01;31:*.bz2=01;31:*.bz=01;31:*.tbz=01;31:*.tbz2=01;31:*.tz=01;31:*.deb=01;31:*.rpm=01;31:*.jar=01;31:*.war=01;31:*.ear=01;31:*.sar=01;31:*.rar=01;31:*.ace=01;31:*.zoo=01;31:*.cpio=01;31:*.7z=01;31:*.rz=01;31:*.jpg=01;35:*.jpeg=01;35:*.gif=01;35:*.bmp=01;35:*.pbm=01;35:*.pgm=01;35:*.ppm=01;35:*.tga=01;35:*.xbm=01;35:*.xpm=01;35:*.tif=01;35:*.tiff=01;35:*.png=01;35:*.svg=01;35:*.svgz=01;35:*.mng=01;35:*.pcx=01;35:*.mov=01;35:*.mpg=01;35:*.mpeg=01;35:*.m2v=01;35:*.mkv=01;35:*.webm=01;35:*.ogm=01;35:*.mp4=01;35:*.m4v=01;35:*.mp4v=01;35:*.vob=01;35:*.qt=01;35:*.nuv=01;35:*.wmv=01;35:*.asf=01;35:*.rm=01;35:*.rmvb=01;35:*.flc=01;35:*.avi=01;35:*.fli=01;35:*.flv=01;35:*.gl=01;35:*.dl=01;35:*.xcf=01;35:*.xwd=01;35:*.yuv=01;35:*.cgm=01;35:*.emf=01;35:*.axv=01;35:*.anx=01;35:*.ogv=01;35:*.ogx=01;35:*.aac=00;36:*.au=00;36:*.flac=00;36:*.mid=00;36:*.midi=00;36:*.mka=00;36:*.mp3=00;36:*.mpc=00;36:*.ogg=00;36:*.ra=00;36:*.wav=00;36:*.axa=00;36:*.oga=00;36:*.spx=00;36:*.xspf=00;36:', 'LC_NUMERIC': 'C', 'GNOME_DESKTOP_SESSION_ID': 'this-is-deprecated', 'LESSOPEN': '| /usr/bin/lesspipe %s', 'CPATH': '/home/cme-intel/git/catkin_ws/devel/include:/opt/ros/indigo/include', 'USER': 'cme-intel', 'XDG_VTNR': '7', 'CMAKE_PREFIX_PATH': '/home/cme-intel/git/catkin_ws/devel:/opt/ros/indigo', 'XAUTHORITY': '/home/cme-intel/.Xauthority', 'LANGUAGE': 'en_US', 'SESSION_MANAGER': 'local/cmeintel-desktop:@/tmp/.ICE-unix/2904,unix/cmeintel-desktop:/tmp/.ICE-unix/2904', 'LC_MEASUREMENT': 'de_DE.UTF-8', 'QT_QPA_PLATFORMTHEME': 'appmenu-qt5', 'ROS_LOG_FILENAME': '/home/cme-intel/.ros/log/6d3bc556-2d85-11e6-a95e-bc5ff47c434e/roslaunch-cmeintel-desktop-24429.log', 'COMPIZ_CONFIG_PROFILE': 'ubuntu', 'WINDOWID': '65011716', 'GPG_AGENT_INFO': '/run/user/1000/keyring-QtfvEp/gpg:0:1', 'GDMSESSION': 'ubuntu', 'XDG_SEAT_PATH': '/org/freedesktop/DisplayManager/Seat0', 'ROS_PACKAGE_PATH': '/home/cme-intel/git/catkin_ws/src:/opt/ros/indigo/share:/opt/ros/indigo/stacks', '_': '/opt/ros/indigo/bin/roslaunch', 'LC_IDENTIFICATION': 'de_DE.UTF-8', 'XDG_CONFIG_DIRS': '/etc/xdg/xdg-ubuntu:/usr/share/upstart/xdg:/etc/xdg', 'ROBOT_ENV': 'ipa-apartment', 'ROS_MASTER_URI': 'http://localhost:11311', 'COLORTERM': 'gnome-terminal', 'LC_TIME': 'de_DE.UTF-8', 'XDG_GREETER_DATA_DIR': '/var/lib/lightdm-data/cme-intel', 'QT4_IM_MODULE': 'ibus', 'PKG_CONFIG_PATH': '/home/cme-intel/git/catkin_ws/devel/lib/pkgconfig:/opt/ros/indigo/lib/x86_64-linux-gnu/pkgconfig:/opt/ros/indigo/lib/pkgconfig', 'LD_LIBRARY_PATH': '/home/cme-intel/git/catkin_ws/devel/lib:/opt/ros/indigo/lib/x86_64-linux-gnu:/opt/ros/indigo/lib', 'HOME': '/home/cme-intel', 'DISPLAY': ':0', 'LANG': 'en_US.UTF-8', 'LC_MONETARY': 'de_DE.UTF-8', 'SESSION': 'ubuntu', 'GTK_IM_MODULE': 'ibus', 'XDG_CURRENT_DESKTOP': 'Unity', 'LESSCLOSE': '/usr/bin/lesspipe %s %s', 'GNOME_KEYRING_PID': '2662', 'ROS_ETC_DIR': '/opt/ros/indigo/etc/ros', 'ROS_DISTRO': 'indigo', 'ROSLISP_PACKAGE_DIRECTORIES': '/home/cme-intel/git/catkin_ws/devel/share/common-lisp', 'QT_IM_MODULE': 'ibus', 'LOGNAME': 'cme-intel', 'XDG_SEAT': 'seat0', 'PATH': '/opt/ros/indigo/bin:/usr/local/sbin:/usr/local/bin:/usr/sbin:/usr/bin:/sbin:/bin:/usr/games:/usr/local/games', 'GNOME_KEYRING_CONTROL': '/run/user/1000/keyring-QtfvEp', 'TERM': 'xterm', 'XDG_SESSION_PATH': '/org/freedesktop/DisplayManager/Session0', 'SESSIONTYPE': 'gnome-session', 'IM_CONFIG_PHASE': '1', 'GIO_LAUNCHED_DESKTOP_FILE_PID': '3083', 'GIO_LAUNCHED_DESKTOP_FILE': '/usr/share/applications/compiz.desktop', 'SSH_AUTH_SOCK': '/run/user/1000/keyring-QtfvEp/ssh', 'TEXTDOMAINDIR': '/usr/share/locale/', 'UPSTART_SESSION': 'unix:abstract=/com/ubuntu/upstart-session/1000/2703', 'OLDPWD': '/home/cme-intel', 'GDM_LANG': 'en_US', 'LC_TELEPHONE': 'de_DE.UTF-8', 'SHLVL': '1', 'PWD': '/home/cme-intel/git/catkin_ws/src'}]
[roslaunch][INFO] 2016-06-08 16:30:37,753: process[map_server-1]: args[[u'/opt/ros/indigo/lib/map_server/map_server', '/opt/ros/indigo/share/cob_default_env_config/ipa-apartment/map.yaml', u'__name:=map_server']]
[roslaunch][INFO] 2016-06-08 16:30:37,753: ... created process [map_server-1]
[roslaunch.pmon][INFO] 2016-06-08 16:30:37,753: ProcessMonitor.register[map_server-1]
[roslaunch.pmon][INFO] 2016-06-08 16:30:37,753: ProcessMonitor.register[map_server-1] complete
[roslaunch][INFO] 2016-06-08 16:30:37,753: ... registered process [map_server-1]
[roslaunch][INFO] 2016-06-08 16:30:37,753: process[map_server-1]: starting os process
[roslaunch][INFO] 2016-06-08 16:30:37,753: process[map_server-1]: start w/ args [[u'/opt/ros/indigo/lib/map_server/map_server', '/opt/ros/indigo/share/cob_default_env_config/ipa-apartment/map.yaml', u'__name:=map_server', u'__log:=/home/cme-intel/.ros/log/6d3bc556-2d85-11e6-a95e-bc5ff47c434e/map_server-1.log']]
[roslaunch][INFO] 2016-06-08 16:30:37,753: process[map_server-1]: cwd will be [/home/cme-intel/.ros]
[roslaunch][INFO] 2016-06-08 16:30:37,755: process[map_server-1]: started with pid [24452]
[roslaunch][INFO] 2016-06-08 16:30:37,756: ... successfully launched [map_server-1]
[roslaunch][INFO] 2016-06-08 16:30:37,756: ... preparing to launch node of type [amcl/amcl]
[roslaunch][INFO] 2016-06-08 16:30:37,756: create_node_process: package[amcl] type[amcl] machine[Machine(name[] env_loader[None] address[localhost] ssh_port[22] user[None] assignable[True] timeout[10.0])] master_uri[http://localhost:11311]
[roslaunch][INFO] 2016-06-08 16:30:37,756: process[amcl-2]: env[{'ROBOT': 'cob4-2', 'LC_PAPER': 'de_DE.UTF-8', 'SHELL': '/bin/bash', 'XDG_DATA_DIRS': '/usr/share/ubuntu:/usr/share/gnome:/usr/local/share/:/usr/share/', 'MANDATORY_PATH': '/usr/share/gconf/ubuntu.mandatory.path', 'TERMINATOR_UUID': 'urn:uuid:1300e722-7a4d-4017-a982-6a66edee4535', 'CLUTTER_IM_MODULE': 'xim', 'JOB': 'dbus', 'TEXTDOMAIN': 'im-config', 'XMODIFIERS': '@im=ibus', 'SELINUX_INIT': 'YES', 'XDG_RUNTIME_DIR': '/run/user/1000', 'LC_ADDRESS': 'de_DE.UTF-8', 'PYTHONPATH': '/home/cme-intel/git/catkin_ws/devel/lib/python2.7/dist-packages:/opt/ros/indigo/lib/python2.7/dist-packages', 'COMPIZ_BIN_PATH': '/usr/bin/', 'ROS_ROOT': '/opt/ros/indigo/share/ros', 'XDG_SESSION_ID': 'c2', 'DBUS_SESSION_BUS_ADDRESS': 'unix:abstract=/tmp/dbus-Rx8CHbwi1Q', 'ORBIT_SOCKETDIR': '/tmp/orbit-cme-intel', 'DEFAULTS_PATH': '/usr/share/gconf/ubuntu.default.path', 'DESKTOP_SESSION': 'ubuntu', 'GTK_MODULES': 'overlay-scrollbar:unity-gtk-module', 'INSTANCE': '', 'LC_NAME': 'de_DE.UTF-8', 'XDG_MENU_PREFIX': 'gnome-', 'LS_COLORS': 'rs=0:di=01;34:ln=01;36:mh=00:pi=40;33:so=01;35:do=01;35:bd=40;33;01:cd=40;33;01:or=40;31;01:su=37;41:sg=30;43:ca=30;41:tw=30;42:ow=34;42:st=37;44:ex=01;32:*.tar=01;31:*.tgz=01;31:*.arj=01;31:*.taz=01;31:*.lzh=01;31:*.lzma=01;31:*.tlz=01;31:*.txz=01;31:*.zip=01;31:*.z=01;31:*.Z=01;31:*.dz=01;31:*.gz=01;31:*.lz=01;31:*.xz=01;31:*.bz2=01;31:*.bz=01;31:*.tbz=01;31:*.tbz2=01;31:*.tz=01;31:*.deb=01;31:*.rpm=01;31:*.jar=01;31:*.war=01;31:*.ear=01;31:*.sar=01;31:*.rar=01;31:*.ace=01;31:*.zoo=01;31:*.cpio=01;31:*.7z=01;31:*.rz=01;31:*.jpg=01;35:*.jpeg=01;35:*.gif=01;35:*.bmp=01;35:*.pbm=01;35:*.pgm=01;35:*.ppm=01;35:*.tga=01;35:*.xbm=01;35:*.xpm=01;35:*.tif=01;35:*.tiff=01;35:*.png=01;35:*.svg=01;35:*.svgz=01;35:*.mng=01;35:*.pcx=01;35:*.mov=01;35:*.mpg=01;35:*.mpeg=01;35:*.m2v=01;35:*.mkv=01;35:*.webm=01;35:*.ogm=01;35:*.mp4=01;35:*.m4v=01;35:*.mp4v=01;35:*.vob=01;35:*.qt=01;35:*.nuv=01;35:*.wmv=01;35:*.asf=01;35:*.rm=01;35:*.rmvb=01;35:*.flc=01;35:*.avi=01;35:*.fli=01;35:*.flv=01;35:*.gl=01;35:*.dl=01;35:*.xcf=01;35:*.xwd=01;35:*.yuv=01;35:*.cgm=01;35:*.emf=01;35:*.axv=01;35:*.anx=01;35:*.ogv=01;35:*.ogx=01;35:*.aac=00;36:*.au=00;36:*.flac=00;36:*.mid=00;36:*.midi=00;36:*.mka=00;36:*.mp3=00;36:*.mpc=00;36:*.ogg=00;36:*.ra=00;36:*.wav=00;36:*.axa=00;36:*.oga=00;36:*.spx=00;36:*.xspf=00;36:', 'LC_NUMERIC': 'C', 'GNOME_DESKTOP_SESSION_ID': 'this-is-deprecated', 'LESSOPEN': '| /usr/bin/lesspipe %s', 'CPATH': '/home/cme-intel/git/catkin_ws/devel/include:/opt/ros/indigo/include', 'USER': 'cme-intel', 'XDG_VTNR': '7', 'CMAKE_PREFIX_PATH': '/home/cme-intel/git/catkin_ws/devel:/opt/ros/indigo', 'XAUTHORITY': '/home/cme-intel/.Xauthority', 'LANGUAGE': 'en_US', 'SESSION_MANAGER': 'local/cmeintel-desktop:@/tmp/.ICE-unix/2904,unix/cmeintel-desktop:/tmp/.ICE-unix/2904', 'LC_MEASUREMENT': 'de_DE.UTF-8', 'QT_QPA_PLATFORMTHEME': 'appmenu-qt5', 'ROS_LOG_FILENAME': '/home/cme-intel/.ros/log/6d3bc556-2d85-11e6-a95e-bc5ff47c434e/roslaunch-cmeintel-desktop-24429.log', 'COMPIZ_CONFIG_PROFILE': 'ubuntu', 'WINDOWID': '65011716', 'GPG_AGENT_INFO': '/run/user/1000/keyring-QtfvEp/gpg:0:1', 'GDMSESSION': 'ubuntu', 'XDG_SEAT_PATH': '/org/freedesktop/DisplayManager/Seat0', 'ROS_PACKAGE_PATH': '/home/cme-intel/git/catkin_ws/src:/opt/ros/indigo/share:/opt/ros/indigo/stacks', '_': '/opt/ros/indigo/bin/roslaunch', 'LC_IDENTIFICATION': 'de_DE.UTF-8', 'XDG_CONFIG_DIRS': '/etc/xdg/xdg-ubuntu:/usr/share/upstart/xdg:/etc/xdg', 'ROBOT_ENV': 'ipa-apartment', 'ROS_MASTER_URI': 'http://localhost:11311', 'COLORTERM': 'gnome-terminal', 'LC_TIME': 'de_DE.UTF-8', 'XDG_GREETER_DATA_DIR': '/var/lib/lightdm-data/cme-intel', 'QT4_IM_MODULE': 'ibus', 'PKG_CONFIG_PATH': '/home/cme-intel/git/catkin_ws/devel/lib/pkgconfig:/opt/ros/indigo/lib/x86_64-linux-gnu/pkgconfig:/opt/ros/indigo/lib/pkgconfig', 'LD_LIBRARY_PATH': '/home/cme-intel/git/catkin_ws/devel/lib:/opt/ros/indigo/lib/x86_64-linux-gnu:/opt/ros/indigo/lib', 'HOME': '/home/cme-intel', 'DISPLAY': ':0', 'LANG': 'en_US.UTF-8', 'LC_MONETARY': 'de_DE.UTF-8', 'SESSION': 'ubuntu', 'GTK_IM_MODULE': 'ibus', 'XDG_CURRENT_DESKTOP': 'Unity', 'LESSCLOSE': '/usr/bin/lesspipe %s %s', 'GNOME_KEYRING_PID': '2662', 'ROS_ETC_DIR': '/opt/ros/indigo/etc/ros', 'ROS_DISTRO': 'indigo', 'ROSLISP_PACKAGE_DIRECTORIES': '/home/cme-intel/git/catkin_ws/devel/share/common-lisp', 'QT_IM_MODULE': 'ibus', 'LOGNAME': 'cme-intel', 'XDG_SEAT': 'seat0', 'PATH': '/opt/ros/indigo/bin:/usr/local/sbin:/usr/local/bin:/usr/sbin:/usr/bin:/sbin:/bin:/usr/games:/usr/local/games', 'GNOME_KEYRING_CONTROL': '/run/user/1000/keyring-QtfvEp', 'TERM': 'xterm', 'XDG_SESSION_PATH': '/org/freedesktop/DisplayManager/Session0', 'SESSIONTYPE': 'gnome-session', 'IM_CONFIG_PHASE': '1', 'GIO_LAUNCHED_DESKTOP_FILE_PID': '3083', 'GIO_LAUNCHED_DESKTOP_FILE': '/usr/share/applications/compiz.desktop', 'SSH_AUTH_SOCK': '/run/user/1000/keyring-QtfvEp/ssh', 'TEXTDOMAINDIR': '/usr/share/locale/', 'UPSTART_SESSION': 'unix:abstract=/com/ubuntu/upstart-session/1000/2703', 'OLDPWD': '/home/cme-intel', 'GDM_LANG': 'en_US', 'LC_TELEPHONE': 'de_DE.UTF-8', 'SHLVL': '1', 'PWD': '/home/cme-intel/git/catkin_ws/src'}]
[roslaunch][INFO] 2016-06-08 16:30:37,757: process[amcl-2]: args[[u'/opt/ros/indigo/lib/amcl/amcl', u'scan:=scan_unified', u'__name:=amcl']]
[roslaunch][INFO] 2016-06-08 16:30:37,757: ... created process [amcl-2]
[roslaunch.pmon][INFO] 2016-06-08 16:30:37,758: ProcessMonitor.register[amcl-2]
[roslaunch.pmon][INFO] 2016-06-08 16:30:37,758: ProcessMonitor.register[amcl-2] complete
[roslaunch][INFO] 2016-06-08 16:30:37,758: ... registered process [amcl-2]
[roslaunch][INFO] 2016-06-08 16:30:37,758: process[amcl-2]: starting os process
[roslaunch][INFO] 2016-06-08 16:30:37,758: process[amcl-2]: start w/ args [[u'/opt/ros/indigo/lib/amcl/amcl', u'scan:=scan_unified', u'__name:=amcl', u'__log:=/home/cme-intel/.ros/log/6d3bc556-2d85-11e6-a95e-bc5ff47c434e/amcl-2.log']]
[roslaunch][INFO] 2016-06-08 16:30:37,758: process[amcl-2]: cwd will be [/home/cme-intel/.ros]
[roslaunch][INFO] 2016-06-08 16:30:37,760: process[amcl-2]: started with pid [24453]
[roslaunch][INFO] 2016-06-08 16:30:37,760: ... successfully launched [amcl-2]
[roslaunch][INFO] 2016-06-08 16:30:37,760: ... preparing to launch node of type [move_base/move_base]
[roslaunch][INFO] 2016-06-08 16:30:37,760: create_node_process: package[move_base] type[move_base] machine[Machine(name[] env_loader[None] address[localhost] ssh_port[22] user[None] assignable[True] timeout[10.0])] master_uri[http://localhost:11311]
[roslaunch][INFO] 2016-06-08 16:30:37,760: process[move_base-3]: env[{'ROBOT': 'cob4-2', 'LC_PAPER': 'de_DE.UTF-8', 'SHELL': '/bin/bash', 'XDG_DATA_DIRS': '/usr/share/ubuntu:/usr/share/gnome:/usr/local/share/:/usr/share/', 'MANDATORY_PATH': '/usr/share/gconf/ubuntu.mandatory.path', 'TERMINATOR_UUID': 'urn:uuid:1300e722-7a4d-4017-a982-6a66edee4535', 'CLUTTER_IM_MODULE': 'xim', 'JOB': 'dbus', 'TEXTDOMAIN': 'im-config', 'XMODIFIERS': '@im=ibus', 'SELINUX_INIT': 'YES', 'XDG_RUNTIME_DIR': '/run/user/1000', 'LC_ADDRESS': 'de_DE.UTF-8', 'PYTHONPATH': '/home/cme-intel/git/catkin_ws/devel/lib/python2.7/dist-packages:/opt/ros/indigo/lib/python2.7/dist-packages', 'COMPIZ_BIN_PATH': '/usr/bin/', 'ROS_ROOT': '/opt/ros/indigo/share/ros', 'XDG_SESSION_ID': 'c2', 'DBUS_SESSION_BUS_ADDRESS': 'unix:abstract=/tmp/dbus-Rx8CHbwi1Q', 'ORBIT_SOCKETDIR': '/tmp/orbit-cme-intel', 'DEFAULTS_PATH': '/usr/share/gconf/ubuntu.default.path', 'DESKTOP_SESSION': 'ubuntu', 'GTK_MODULES': 'overlay-scrollbar:unity-gtk-module', 'INSTANCE': '', 'LC_NAME': 'de_DE.UTF-8', 'XDG_MENU_PREFIX': 'gnome-', 'LS_COLORS': 'rs=0:di=01;34:ln=01;36:mh=00:pi=40;33:so=01;35:do=01;35:bd=40;33;01:cd=40;33;01:or=40;31;01:su=37;41:sg=30;43:ca=30;41:tw=30;42:ow=34;42:st=37;44:ex=01;32:*.tar=01;31:*.tgz=01;31:*.arj=01;31:*.taz=01;31:*.lzh=01;31:*.lzma=01;31:*.tlz=01;31:*.txz=01;31:*.zip=01;31:*.z=01;31:*.Z=01;31:*.dz=01;31:*.gz=01;31:*.lz=01;31:*.xz=01;31:*.bz2=01;31:*.bz=01;31:*.tbz=01;31:*.tbz2=01;31:*.tz=01;31:*.deb=01;31:*.rpm=01;31:*.jar=01;31:*.war=01;31:*.ear=01;31:*.sar=01;31:*.rar=01;31:*.ace=01;31:*.zoo=01;31:*.cpio=01;31:*.7z=01;31:*.rz=01;31:*.jpg=01;35:*.jpeg=01;35:*.gif=01;35:*.bmp=01;35:*.pbm=01;35:*.pgm=01;35:*.ppm=01;35:*.tga=01;35:*.xbm=01;35:*.xpm=01;35:*.tif=01;35:*.tiff=01;35:*.png=01;35:*.svg=01;35:*.svgz=01;35:*.mng=01;35:*.pcx=01;35:*.mov=01;35:*.mpg=01;35:*.mpeg=01;35:*.m2v=01;35:*.mkv=01;35:*.webm=01;35:*.ogm=01;35:*.mp4=01;35:*.m4v=01;35:*.mp4v=01;35:*.vob=01;35:*.qt=01;35:*.nuv=01;35:*.wmv=01;35:*.asf=01;35:*.rm=01;35:*.rmvb=01;35:*.flc=01;35:*.avi=01;35:*.fli=01;35:*.flv=01;35:*.gl=01;35:*.dl=01;35:*.xcf=01;35:*.xwd=01;35:*.yuv=01;35:*.cgm=01;35:*.emf=01;35:*.axv=01;35:*.anx=01;35:*.ogv=01;35:*.ogx=01;35:*.aac=00;36:*.au=00;36:*.flac=00;36:*.mid=00;36:*.midi=00;36:*.mka=00;36:*.mp3=00;36:*.mpc=00;36:*.ogg=00;36:*.ra=00;36:*.wav=00;36:*.axa=00;36:*.oga=00;36:*.spx=00;36:*.xspf=00;36:', 'LC_NUMERIC': 'C', 'GNOME_DESKTOP_SESSION_ID': 'this-is-deprecated', 'LESSOPEN': '| /usr/bin/lesspipe %s', 'CPATH': '/home/cme-intel/git/catkin_ws/devel/include:/opt/ros/indigo/include', 'USER': 'cme-intel', 'XDG_VTNR': '7', 'CMAKE_PREFIX_PATH': '/home/cme-intel/git/catkin_ws/devel:/opt/ros/indigo', 'XAUTHORITY': '/home/cme-intel/.Xauthority', 'LANGUAGE': 'en_US', 'SESSION_MANAGER': 'local/cmeintel-desktop:@/tmp/.ICE-unix/2904,unix/cmeintel-desktop:/tmp/.ICE-unix/2904', 'LC_MEASUREMENT': 'de_DE.UTF-8', 'QT_QPA_PLATFORMTHEME': 'appmenu-qt5', 'ROS_LOG_FILENAME': '/home/cme-intel/.ros/log/6d3bc556-2d85-11e6-a95e-bc5ff47c434e/roslaunch-cmeintel-desktop-24429.log', 'COMPIZ_CONFIG_PROFILE': 'ubuntu', 'WINDOWID': '65011716', 'GPG_AGENT_INFO': '/run/user/1000/keyring-QtfvEp/gpg:0:1', 'GDMSESSION': 'ubuntu', 'XDG_SEAT_PATH': '/org/freedesktop/DisplayManager/Seat0', 'ROS_PACKAGE_PATH': '/home/cme-intel/git/catkin_ws/src:/opt/ros/indigo/share:/opt/ros/indigo/stacks', '_': '/opt/ros/indigo/bin/roslaunch', 'LC_IDENTIFICATION': 'de_DE.UTF-8', 'XDG_CONFIG_DIRS': '/etc/xdg/xdg-ubuntu:/usr/share/upstart/xdg:/etc/xdg', 'ROBOT_ENV': 'ipa-apartment', 'ROS_MASTER_URI': 'http://localhost:11311', 'COLORTERM': 'gnome-terminal', 'LC_TIME': 'de_DE.UTF-8', 'XDG_GREETER_DATA_DIR': '/var/lib/lightdm-data/cme-intel', 'QT4_IM_MODULE': 'ibus', 'PKG_CONFIG_PATH': '/home/cme-intel/git/catkin_ws/devel/lib/pkgconfig:/opt/ros/indigo/lib/x86_64-linux-gnu/pkgconfig:/opt/ros/indigo/lib/pkgconfig', 'LD_LIBRARY_PATH': '/home/cme-intel/git/catkin_ws/devel/lib:/opt/ros/indigo/lib/x86_64-linux-gnu:/opt/ros/indigo/lib', 'HOME': '/home/cme-intel', 'DISPLAY': ':0', 'LANG': 'en_US.UTF-8', 'LC_MONETARY': 'de_DE.UTF-8', 'SESSION': 'ubuntu', 'GTK_IM_MODULE': 'ibus', 'XDG_CURRENT_DESKTOP': 'Unity', 'LESSCLOSE': '/usr/bin/lesspipe %s %s', 'GNOME_KEYRING_PID': '2662', 'ROS_ETC_DIR': '/opt/ros/indigo/etc/ros', 'ROS_DISTRO': 'indigo', 'ROSLISP_PACKAGE_DIRECTORIES': '/home/cme-intel/git/catkin_ws/devel/share/common-lisp', 'QT_IM_MODULE': 'ibus', 'LOGNAME': 'cme-intel', 'XDG_SEAT': 'seat0', 'PATH': '/opt/ros/indigo/bin:/usr/local/sbin:/usr/local/bin:/usr/sbin:/usr/bin:/sbin:/bin:/usr/games:/usr/local/games', 'GNOME_KEYRING_CONTROL': '/run/user/1000/keyring-QtfvEp', 'TERM': 'xterm', 'XDG_SESSION_PATH': '/org/freedesktop/DisplayManager/Session0', 'SESSIONTYPE': 'gnome-session', 'IM_CONFIG_PHASE': '1', 'GIO_LAUNCHED_DESKTOP_FILE_PID': '3083', 'GIO_LAUNCHED_DESKTOP_FILE': '/usr/share/applications/compiz.desktop', 'SSH_AUTH_SOCK': '/run/user/1000/keyring-QtfvEp/ssh', 'TEXTDOMAINDIR': '/usr/share/locale/', 'UPSTART_SESSION': 'unix:abstract=/com/ubuntu/upstart-session/1000/2703', 'OLDPWD': '/home/cme-intel', 'GDM_LANG': 'en_US', 'LC_TELEPHONE': 'de_DE.UTF-8', 'SHLVL': '1', 'PWD': '/home/cme-intel/git/catkin_ws/src'}]
[roslaunch][INFO] 2016-06-08 16:30:37,761: process[move_base-3]: args[[u'/opt/ros/indigo/lib/move_base/move_base', u'cmd_vel:=base/twist_mux/command_navigation', u'odom:=base/odometry_controller/odometry', u'__name:=move_base']]
[roslaunch][INFO] 2016-06-08 16:30:37,762: ... created process [move_base-3]
[roslaunch.pmon][INFO] 2016-06-08 16:30:37,762: ProcessMonitor.register[move_base-3]
[roslaunch.pmon][INFO] 2016-06-08 16:30:37,762: ProcessMonitor.register[move_base-3] complete
[roslaunch][INFO] 2016-06-08 16:30:37,762: ... registered process [move_base-3]
[roslaunch][INFO] 2016-06-08 16:30:37,762: process[move_base-3]: starting os process
[roslaunch][INFO] 2016-06-08 16:30:37,762: process[move_base-3]: start w/ args [[u'/opt/ros/indigo/lib/move_base/move_base', u'cmd_vel:=base/twist_mux/command_navigation', u'odom:=base/odometry_controller/odometry', u'__name:=move_base', u'__log:=/home/cme-intel/.ros/log/6d3bc556-2d85-11e6-a95e-bc5ff47c434e/move_base-3.log']]
[roslaunch][INFO] 2016-06-08 16:30:37,762: process[move_base-3]: cwd will be [/home/cme-intel/.ros]
[roslaunch][INFO] 2016-06-08 16:30:37,768: process[move_base-3]: started with pid [24454]
[roslaunch][INFO] 2016-06-08 16:30:37,768: ... successfully launched [move_base-3]
[roslaunch][INFO] 2016-06-08 16:30:37,770: ... launch_nodes complete
[roslaunch.pmon][INFO] 2016-06-08 16:30:37,770: registrations completed <ProcessMonitor(ProcessMonitor-1, started daemon 140274422494976)>
[roslaunch.parent][INFO] 2016-06-08 16:30:37,770: ... roslaunch parent running, waiting for process exit
[roslaunch][INFO] 2016-06-08 16:30:37,770: spin
[roslaunch.pmon][INFO] 2016-06-08 16:38:47,396: ProcessMonitor.shutdown <ProcessMonitor(ProcessMonitor-1, started daemon 140274422494976)>
[roslaunch.pmon][INFO] 2016-06-08 16:38:47,416: ProcessMonitor._post_run <ProcessMonitor(ProcessMonitor-1, started daemon 140274422494976)>
[roslaunch.pmon][INFO] 2016-06-08 16:38:47,416: ProcessMonitor._post_run <ProcessMonitor(ProcessMonitor-1, started daemon 140274422494976)>: remaining procs are [<roslaunch.nodeprocess.LocalProcess object at 0x7f942f8ef690>, <roslaunch.nodeprocess.LocalProcess object at 0x7f942f8ef190>, <roslaunch.nodeprocess.LocalProcess object at 0x7f942f8c0590>]
[roslaunch.pmon][INFO] 2016-06-08 16:38:47,416: ProcessMonitor exit: killing move_base-3
[roslaunch][INFO] 2016-06-08 16:38:47,417: [move_base-3] killing on exit
[roslaunch][INFO] 2016-06-08 16:38:47,417: process[move_base-3]: killing os process with pid[24454] pgid[24454]
[roslaunch][INFO] 2016-06-08 16:38:47,417: [move_base-3] sending SIGINT to pgid [24454]
[roslaunch][INFO] 2016-06-08 16:38:47,417: [move_base-3] sent SIGINT to pgid [24454]
[roslaunch.pmon][INFO] 2016-06-08 16:38:47,417: ProcessMonitor exit: killing amcl-2
[roslaunch][INFO] 2016-06-08 16:38:47,417: [amcl-2] killing on exit
[roslaunch][INFO] 2016-06-08 16:38:47,417: process[amcl-2]: killing os process with pid[24453] pgid[24453]
[roslaunch][INFO] 2016-06-08 16:38:47,417: [amcl-2] sending SIGINT to pgid [24453]
[roslaunch][INFO] 2016-06-08 16:38:47,417: [amcl-2] sent SIGINT to pgid [24453]
[roslaunch.pmon][INFO] 2016-06-08 16:38:47,418: ProcessMonitor exit: killing map_server-1
[roslaunch][INFO] 2016-06-08 16:38:47,418: [map_server-1] killing on exit
[roslaunch][INFO] 2016-06-08 16:38:47,418: process[map_server-1]: killing os process with pid[24452] pgid[24452]
[roslaunch][INFO] 2016-06-08 16:38:47,418: [map_server-1] sending SIGINT to pgid [24452]
[roslaunch][INFO] 2016-06-08 16:38:47,418: [map_server-1] sent SIGINT to pgid [24452]
[roslaunch][INFO] 2016-06-08 16:38:47,718: process[amcl-2]: SIGINT killed with return value 0
[roslaunch][INFO] 2016-06-08 16:38:47,722: process[map_server-1]: SIGINT killed with return value 0
[roslaunch][INFO] 2016-06-08 16:38:48,122: process[move_base-3]: SIGINT killed with return value 0
[roslaunch.pmon][INFO] 2016-06-08 16:38:48,122: ProcessMonitor exit: cleaning up data structures and signals
[roslaunch.pmon][INFO] 2016-06-08 16:38:48,122: ProcessMonitor exit: pmon has shutdown
[roslaunch][INFO] 2016-06-08 16:38:48,163: process monitor is done spinning, initiating full shutdown
[roslaunch][INFO] 2016-06-08 16:38:48,163: runner.stop()
[roslaunch][INFO] 2016-06-08 16:38:48,163: shutting down processing monitor...
[roslaunch][INFO] 2016-06-08 16:38:48,163: shutting down processing monitor <ProcessMonitor(ProcessMonitor-1, stopped daemon 140274422494976)>
[roslaunch.pmon][INFO] 2016-06-08 16:38:48,163: ProcessMonitor.shutdown <ProcessMonitor(ProcessMonitor-1, stopped daemon 140274422494976)>
[roslaunch][INFO] 2016-06-08 16:38:48,163: ... shutting down processing monitor complete
[roslaunch][INFO] 2016-06-08 16:38:48,163: done
[roslaunch.pmon][INFO] 2016-06-08 16:38:48,164: ProcessMonitor.shutdown <ProcessMonitor(ProcessMonitor-1, stopped daemon 140274422494976)>
[rospy.core][INFO] 2016-06-08 16:38:48,164: signal_shutdown [atexit]
