[rospy.client][INFO] 2016-06-08 16:29:45,993: init_node, name[/script_server], pid[18319]
[xmlrpc][INFO] 2016-06-08 16:29:45,994: XML-RPC server binding to 0.0.0.0:0
[xmlrpc][INFO] 2016-06-08 16:29:45,994: Started XML-RPC server [http://cmeintel-desktop:36440/]
[rospy.impl.masterslave][INFO] 2016-06-08 16:29:45,994: _ready: http://cmeintel-desktop:36440/
[rospy.init][INFO] 2016-06-08 16:29:45,994: ROS Slave URI: [http://cmeintel-desktop:36440/]
[rospy.registration][INFO] 2016-06-08 16:29:45,995: Registering with master node http://localhost:11311
[xmlrpc][INFO] 2016-06-08 16:29:45,995: xml rpc node: starting XML-RPC server
[rospy.init][INFO] 2016-06-08 16:29:46,098: registered with master
[rospy.rosout][INFO] 2016-06-08 16:29:46,098: initializing /rosout core topic
[rospy.rosout][INFO] 2016-06-08 16:29:46,101: connected to core topic /rosout
[rospy.simtime][INFO] 2016-06-08 16:29:46,108: initializing /clock core topic
[rospy.simtime][INFO] 2016-06-08 16:29:46,140: connected to core topic /clock
[rospy.internal][INFO] 2016-06-08 16:29:46,161: topic[/clock] adding connection to [http://cmeintel-desktop:36048/], count 0
[rosout][INFO] 2016-06-08 16:29:46,191: script_server is running
[rospy.internal][INFO] 2016-06-08 16:29:46,413: topic[/rosout] adding connection to [/rosout], count 0
[rospy.core][INFO] 2016-06-08 16:38:47,211: signal_shutdown [signal-2]
[rospy.internal][INFO] 2016-06-08 16:38:47,215: topic[/rosout] removing connection to /rosout
[rospy.internal][INFO] 2016-06-08 16:38:47,215: topic[/clock] removing connection to http://cmeintel-desktop:36048/
[rospy.impl.masterslave][INFO] 2016-06-08 16:38:47,216: signal-2
[rospy.core][INFO] 2016-06-08 16:38:47,382: signal_shutdown [atexit]
