[rospy.client][INFO] 2016-06-08 16:29:43,649: init_node, name[/spawn_urdf_world], pid[17615]
[xmlrpc][INFO] 2016-06-08 16:29:43,649: XML-RPC server binding to 0.0.0.0:0
[xmlrpc][INFO] 2016-06-08 16:29:43,649: Started XML-RPC server [http://cmeintel-desktop:34995/]
[rospy.impl.masterslave][INFO] 2016-06-08 16:29:43,649: _ready: http://cmeintel-desktop:34995/
[rospy.registration][INFO] 2016-06-08 16:29:43,650: Registering with master node http://localhost:11311
[xmlrpc][INFO] 2016-06-08 16:29:43,650: xml rpc node: starting XML-RPC server
[rospy.init][INFO] 2016-06-08 16:29:43,652: ROS Slave URI: [http://cmeintel-desktop:34995/]
[rospy.init][INFO] 2016-06-08 16:29:43,653: registered with master
[rospy.rosout][INFO] 2016-06-08 16:29:43,653: initializing /rosout core topic
[rospy.rosout][INFO] 2016-06-08 16:29:44,663: connected to core topic /rosout
[rospy.simtime][INFO] 2016-06-08 16:29:44,667: initializing /clock core topic
[rospy.simtime][INFO] 2016-06-08 16:29:44,681: connected to core topic /clock
[rosout][INFO] 2016-06-08 16:29:44,715: Loading model xml from ros parameter
[rosout][INFO] 2016-06-08 16:29:44,763: Waiting for service /gazebo/spawn_urdf_model
[rospy.internal][INFO] 2016-06-08 16:29:44,847: topic[/rosout] adding connection to [/rosout], count 0
[rospy.internal][INFO] 2016-06-08 16:29:45,918: topic[/clock] adding connection to [http://cmeintel-desktop:36048/], count 0
[rosout][INFO] 2016-06-08 16:29:45,995: Calling service /gazebo/spawn_urdf_model
[rosout][INFO] 2016-06-08 16:29:55,491: Spawn status: SpawnModel: Successfully spawned model
[rospy.core][INFO] 2016-06-08 16:29:55,492: signal_shutdown [atexit]
[rospy.internal][INFO] 2016-06-08 16:29:55,494: topic[/rosout] removing connection to /rosout
[rospy.internal][INFO] 2016-06-08 16:29:55,495: topic[/clock] removing connection to http://cmeintel-desktop:36048/
[rospy.impl.masterslave][INFO] 2016-06-08 16:29:55,495: atexit
[rospy.internal][WARNING] 2016-06-08 16:29:55,495: Unknown error initiating TCP/IP socket to cmeintel-desktop:43861 (http://cmeintel-desktop:36048/): Traceback (most recent call last):
  File "/opt/ros/indigo/lib/python2.7/dist-packages/rospy/impl/tcpros_base.py", line 558, in connect
    self.local_endpoint = self.socket.getsockname()
AttributeError: 'NoneType' object has no attribute 'getsockname'

