[rospy.client][INFO] 2016-06-08 16:29:43,913: init_node, name[/spawn_gazebo_model], pid[17654]
[xmlrpc][INFO] 2016-06-08 16:29:43,913: XML-RPC server binding to 0.0.0.0:0
[xmlrpc][INFO] 2016-06-08 16:29:43,913: Started XML-RPC server [http://cmeintel-desktop:44729/]
[rospy.impl.masterslave][INFO] 2016-06-08 16:29:43,913: _ready: http://cmeintel-desktop:44729/
[rospy.registration][INFO] 2016-06-08 16:29:43,914: Registering with master node http://localhost:11311
[xmlrpc][INFO] 2016-06-08 16:29:43,914: xml rpc node: starting XML-RPC server
[rospy.init][INFO] 2016-06-08 16:29:43,918: ROS Slave URI: [http://cmeintel-desktop:44729/]
[rospy.init][INFO] 2016-06-08 16:29:43,918: registered with master
[rospy.rosout][INFO] 2016-06-08 16:29:43,918: initializing /rosout core topic
[rospy.rosout][INFO] 2016-06-08 16:29:43,932: connected to core topic /rosout
[rospy.simtime][INFO] 2016-06-08 16:29:43,944: initializing /clock core topic
[rospy.simtime][INFO] 2016-06-08 16:29:43,971: connected to core topic /clock
[rosout][INFO] 2016-06-08 16:29:43,980: Loading model xml from ros parameter
[rosout][INFO] 2016-06-08 16:29:44,090: Waiting for service /gazebo/spawn_urdf_model
[rospy.internal][INFO] 2016-06-08 16:29:44,228: topic[/rosout] adding connection to [/rosout], count 0
[rospy.internal][INFO] 2016-06-08 16:29:45,918: topic[/clock] adding connection to [http://cmeintel-desktop:36048/], count 0
[rosout][INFO] 2016-06-08 16:29:45,975: Calling service /gazebo/spawn_urdf_model
[rosout][INFO] 2016-06-08 16:29:49,317: Spawn status: SpawnModel: Successfully spawned model
[rospy.core][INFO] 2016-06-08 16:29:49,318: signal_shutdown [atexit]
[rospy.internal][INFO] 2016-06-08 16:29:49,320: topic[/rosout] removing connection to /rosout
[rospy.internal][INFO] 2016-06-08 16:29:49,321: topic[/clock] removing connection to http://cmeintel-desktop:36048/
[rospy.impl.masterslave][INFO] 2016-06-08 16:29:49,321: atexit
