[rospy.client][INFO] 2016-06-08 17:30:36,414: init_node, name[/arm_right/gazebo_services], pid[29422]
[xmlrpc][INFO] 2016-06-08 17:30:36,415: XML-RPC server binding to 0.0.0.0:0
[xmlrpc][INFO] 2016-06-08 17:30:36,415: Started XML-RPC server [http://cmeintel-desktop:44389/]
[rospy.impl.masterslave][INFO] 2016-06-08 17:30:36,415: _ready: http://cmeintel-desktop:44389/
[rospy.registration][INFO] 2016-06-08 17:30:36,415: Registering with master node http://localhost:11311
[xmlrpc][INFO] 2016-06-08 17:30:36,415: xml rpc node: starting XML-RPC server
[rospy.init][INFO] 2016-06-08 17:30:36,418: ROS Slave URI: [http://cmeintel-desktop:44389/]
[rospy.init][INFO] 2016-06-08 17:30:36,418: registered with master
[rospy.rosout][INFO] 2016-06-08 17:30:36,418: initializing /rosout core topic
[rospy.rosout][INFO] 2016-06-08 17:30:36,430: connected to core topic /rosout
[rospy.simtime][INFO] 2016-06-08 17:30:36,436: initializing /clock core topic
[rospy.simtime][INFO] 2016-06-08 17:30:36,475: connected to core topic /clock
[rosout][INFO] 2016-06-08 17:30:36,527: gazebo_services running
[rospy.internal][INFO] 2016-06-08 17:30:36,654: topic[/rosout] adding connection to [/rosout], count 0
[rospy.internal][INFO] 2016-06-08 17:30:38,002: topic[/clock] adding connection to [http://cmeintel-desktop:45336/], count 0
[rospy.core][INFO] 2016-06-08 17:31:05,901: signal_shutdown [signal-2]
[rospy.internal][INFO] 2016-06-08 17:31:05,904: topic[/rosout] removing connection to /rosout
[rospy.internal][INFO] 2016-06-08 17:31:05,904: topic[/clock] removing connection to http://cmeintel-desktop:45336/
[rospy.impl.masterslave][INFO] 2016-06-08 17:31:05,904: signal-2
[rospy.core][INFO] 2016-06-08 17:31:06,522: signal_shutdown [atexit]
