[rospy.client][INFO] 2016-06-08 17:30:36,217: init_node, name[/arm_left/gazebo_services], pid[29296]
[xmlrpc][INFO] 2016-06-08 17:30:36,222: XML-RPC server binding to 0.0.0.0:0
[xmlrpc][INFO] 2016-06-08 17:30:36,222: Started XML-RPC server [http://cmeintel-desktop:40645/]
[rospy.impl.masterslave][INFO] 2016-06-08 17:30:36,222: _ready: http://cmeintel-desktop:40645/
[rospy.registration][INFO] 2016-06-08 17:30:36,223: Registering with master node http://localhost:11311
[xmlrpc][INFO] 2016-06-08 17:30:36,223: xml rpc node: starting XML-RPC server
[rospy.init][INFO] 2016-06-08 17:30:36,223: ROS Slave URI: [http://cmeintel-desktop:40645/]
[rospy.init][INFO] 2016-06-08 17:30:36,223: registered with master
[rospy.rosout][INFO] 2016-06-08 17:30:36,224: initializing /rosout core topic
[rospy.rosout][INFO] 2016-06-08 17:30:36,251: connected to core topic /rosout
[rospy.simtime][INFO] 2016-06-08 17:30:36,263: initializing /clock core topic
[rospy.simtime][INFO] 2016-06-08 17:30:36,332: connected to core topic /clock
[rosout][INFO] 2016-06-08 17:30:36,405: gazebo_services running
[rospy.internal][INFO] 2016-06-08 17:30:36,539: topic[/rosout] adding connection to [/rosout], count 0
[rospy.internal][INFO] 2016-06-08 17:30:37,961: topic[/clock] adding connection to [http://cmeintel-desktop:45336/], count 0
[rospy.core][INFO] 2016-06-08 17:31:06,201: signal_shutdown [signal-2]
[rospy.internal][INFO] 2016-06-08 17:31:06,204: topic[/rosout] removing connection to /rosout
[rospy.internal][INFO] 2016-06-08 17:31:06,205: topic[/clock] removing connection to http://cmeintel-desktop:45336/
[rospy.impl.masterslave][INFO] 2016-06-08 17:31:06,205: signal-2
[rospy.core][INFO] 2016-06-08 17:31:06,370: signal_shutdown [atexit]
