[rospy.client][INFO] 2016-06-08 17:30:36,652: init_node, name[/dashboard_aggregator], pid[29662]
[xmlrpc][INFO] 2016-06-08 17:30:36,652: XML-RPC server binding to 0.0.0.0:0
[rospy.init][INFO] 2016-06-08 17:30:36,652: ROS Slave URI: [http://cmeintel-desktop:36397/]
[xmlrpc][INFO] 2016-06-08 17:30:36,652: Started XML-RPC server [http://cmeintel-desktop:36397/]
[rospy.impl.masterslave][INFO] 2016-06-08 17:30:36,652: _ready: http://cmeintel-desktop:36397/
[xmlrpc][INFO] 2016-06-08 17:30:36,652: xml rpc node: starting XML-RPC server
[rospy.registration][INFO] 2016-06-08 17:30:36,656: Registering with master node http://localhost:11311
[rospy.init][INFO] 2016-06-08 17:30:36,752: registered with master
[rospy.rosout][INFO] 2016-06-08 17:30:36,753: initializing /rosout core topic
[rospy.rosout][INFO] 2016-06-08 17:30:36,757: connected to core topic /rosout
[rospy.simtime][INFO] 2016-06-08 17:30:36,769: initializing /clock core topic
[rospy.simtime][INFO] 2016-06-08 17:30:36,784: connected to core topic /clock
[rospy.internal][INFO] 2016-06-08 17:30:37,057: topic[/rosout] adding connection to [/rosout], count 0
[rospy.internal][INFO] 2016-06-08 17:30:38,002: topic[/clock] adding connection to [http://cmeintel-desktop:45336/], count 0
[rospy.internal][INFO] 2016-06-08 17:30:39,061: topic[/emergency_stop_state] adding connection to [http://cmeintel-desktop:40203/], count 0
[rospy.internal][INFO] 2016-06-08 17:30:39,675: topic[/diagnostics_toplevel_state] adding connection to [http://cmeintel-desktop:39558/], count 0
[rospy.core][INFO] 2016-06-08 17:31:05,596: signal_shutdown [signal-2]
[rospy.internal][INFO] 2016-06-08 17:31:05,611: topic[/rosout] removing connection to /rosout
[rospy.internal][INFO] 2016-06-08 17:31:05,611: topic[/diagnostics_toplevel_state] removing connection to http://cmeintel-desktop:39558/
[rospy.internal][INFO] 2016-06-08 17:31:05,612: topic[/clock] removing connection to http://cmeintel-desktop:45336/
[rospy.internal][INFO] 2016-06-08 17:31:05,612: topic[/emergency_stop_state] removing connection to http://cmeintel-desktop:40203/
[rospy.impl.masterslave][INFO] 2016-06-08 17:31:05,612: signal-2
[rospy.core][INFO] 2016-06-08 17:31:06,228: signal_shutdown [atexit]
