[rospy.client][INFO] 2016-06-08 17:30:35,618: init_node, name[/elevator], pid[29006]
[xmlrpc][INFO] 2016-06-08 17:30:35,623: XML-RPC server binding to 0.0.0.0:0
[xmlrpc][INFO] 2016-06-08 17:30:35,623: Started XML-RPC server [http://cmeintel-desktop:35012/]
[rospy.impl.masterslave][INFO] 2016-06-08 17:30:35,624: _ready: http://cmeintel-desktop:35012/
[rospy.init][INFO] 2016-06-08 17:30:35,624: ROS Slave URI: [http://cmeintel-desktop:35012/]
[rospy.registration][INFO] 2016-06-08 17:30:35,634: Registering with master node http://localhost:11311
[xmlrpc][INFO] 2016-06-08 17:30:35,634: xml rpc node: starting XML-RPC server
[rospy.init][INFO] 2016-06-08 17:30:35,730: registered with master
[rospy.rosout][INFO] 2016-06-08 17:30:35,730: initializing /rosout core topic
[rospy.rosout][INFO] 2016-06-08 17:30:35,752: connected to core topic /rosout
[rospy.simtime][INFO] 2016-06-08 17:30:35,782: initializing /clock core topic
[rospy.simtime][INFO] 2016-06-08 17:30:35,817: connected to core topic /clock
[rospy.internal][INFO] 2016-06-08 17:30:35,886: topic[/rosout] adding connection to [/rosout], count 0
[rospy.internal][INFO] 2016-06-08 17:30:37,972: topic[/clock] adding connection to [http://cmeintel-desktop:45336/], count 0
[rospy.internal][INFO] 2016-06-08 17:30:48,338: topic[/elevator_button1_bumper] adding connection to [http://cmeintel-desktop:45336/], count 0
[rospy.core][INFO] 2016-06-08 17:31:06,802: signal_shutdown [signal-2]
[rospy.internal][INFO] 2016-06-08 17:31:06,806: topic[/rosout] removing connection to /rosout
[rospy.internal][INFO] 2016-06-08 17:31:06,806: topic[/clock] removing connection to http://cmeintel-desktop:45336/
[rospy.internal][INFO] 2016-06-08 17:31:06,806: topic[/elevator_button1_bumper] removing connection to http://cmeintel-desktop:45336/
[rospy.impl.masterslave][INFO] 2016-06-08 17:31:06,806: signal-2
[rospy.core][INFO] 2016-06-08 17:31:06,914: signal_shutdown [atexit]
