[rospy.client][INFO] 2016-06-08 17:30:36,538: init_node, name[/gripper_right/gazebo_services], pid[29557]
[xmlrpc][INFO] 2016-06-08 17:30:36,539: XML-RPC server binding to 0.0.0.0:0
[xmlrpc][INFO] 2016-06-08 17:30:36,540: Started XML-RPC server [http://cmeintel-desktop:42717/]
[rospy.init][INFO] 2016-06-08 17:30:36,540: ROS Slave URI: [http://cmeintel-desktop:42717/]
[rospy.impl.masterslave][INFO] 2016-06-08 17:30:36,540: _ready: http://cmeintel-desktop:42717/
[xmlrpc][INFO] 2016-06-08 17:30:36,540: xml rpc node: starting XML-RPC server
[rospy.registration][INFO] 2016-06-08 17:30:36,541: Registering with master node http://localhost:11311
[rospy.init][INFO] 2016-06-08 17:30:36,640: registered with master
[rospy.rosout][INFO] 2016-06-08 17:30:36,640: initializing /rosout core topic
[rospy.rosout][INFO] 2016-06-08 17:30:36,644: connected to core topic /rosout
[rospy.simtime][INFO] 2016-06-08 17:30:36,646: initializing /clock core topic
[rospy.simtime][INFO] 2016-06-08 17:30:36,651: connected to core topic /clock
[rosout][INFO] 2016-06-08 17:30:36,692: gazebo_services running
[rospy.internal][INFO] 2016-06-08 17:30:36,906: topic[/rosout] adding connection to [/rosout], count 0
[rospy.internal][INFO] 2016-06-08 17:30:37,972: topic[/clock] adding connection to [http://cmeintel-desktop:45336/], count 0
[rospy.core][INFO] 2016-06-08 17:31:05,601: signal_shutdown [signal-2]
[rospy.internal][INFO] 2016-06-08 17:31:05,614: topic[/rosout] removing connection to /rosout
[rospy.internal][INFO] 2016-06-08 17:31:05,615: topic[/clock] removing connection to http://cmeintel-desktop:45336/
[rospy.impl.masterslave][INFO] 2016-06-08 17:31:05,615: signal-2
[rospy.core][INFO] 2016-06-08 17:31:05,746: signal_shutdown [atexit]
