[rospy.client][INFO] 2016-06-08 17:30:35,769: init_node, name[/joint_state_publisher], pid[29013]
[xmlrpc][INFO] 2016-06-08 17:30:35,769: XML-RPC server binding to 0.0.0.0:0
[xmlrpc][INFO] 2016-06-08 17:30:35,770: Started XML-RPC server [http://cmeintel-desktop:36760/]
[rospy.impl.masterslave][INFO] 2016-06-08 17:30:35,770: _ready: http://cmeintel-desktop:36760/
[rospy.init][INFO] 2016-06-08 17:30:35,770: ROS Slave URI: [http://cmeintel-desktop:36760/]
[rospy.registration][INFO] 2016-06-08 17:30:35,770: Registering with master node http://localhost:11311
[xmlrpc][INFO] 2016-06-08 17:30:35,770: xml rpc node: starting XML-RPC server
[rospy.init][INFO] 2016-06-08 17:30:35,870: registered with master
[rospy.rosout][INFO] 2016-06-08 17:30:35,870: initializing /rosout core topic
[rospy.rosout][INFO] 2016-06-08 17:30:35,893: connected to core topic /rosout
[rospy.simtime][INFO] 2016-06-08 17:30:35,909: initializing /clock core topic
[rospy.simtime][INFO] 2016-06-08 17:30:35,934: connected to core topic /clock
[rospy.internal][INFO] 2016-06-08 17:30:36,104: topic[/rosout] adding connection to [/rosout], count 0
[rospy.internal][INFO] 2016-06-08 17:30:37,191: topic[/joint_states] adding connection to [/robot_state_publisher], count 0
[rospy.internal][INFO] 2016-06-08 17:30:37,952: topic[/clock] adding connection to [http://cmeintel-desktop:45336/], count 0
[rospy.internal][INFO] 2016-06-08 17:30:46,217: topic[/base/joint_states] adding connection to [http://cmeintel-desktop:45336/], count 0
[rospy.internal][INFO] 2016-06-08 17:30:46,631: topic[/torso/joint_states] adding connection to [http://cmeintel-desktop:45336/], count 0
[rospy.internal][INFO] 2016-06-08 17:30:46,845: topic[/sensorring/joint_states] adding connection to [http://cmeintel-desktop:45336/], count 0
[rospy.internal][INFO] 2016-06-08 17:30:47,009: topic[/arm_right/joint_states] adding connection to [http://cmeintel-desktop:45336/], count 0
[rospy.internal][INFO] 2016-06-08 17:30:47,373: topic[/gripper_right/joint_states] adding connection to [http://cmeintel-desktop:45336/], count 0
[rospy.internal][INFO] 2016-06-08 17:30:47,437: topic[/arm_left/joint_states] adding connection to [http://cmeintel-desktop:45336/], count 0
[rospy.internal][INFO] 2016-06-08 17:30:48,937: topic[/gripper_left/joint_states] adding connection to [http://cmeintel-desktop:45336/], count 0
[rospy.core][INFO] 2016-06-08 17:31:06,799: signal_shutdown [signal-2]
[rospy.internal][INFO] 2016-06-08 17:31:06,807: topic[/joint_states] removing connection to /robot_state_publisher
[rospy.internal][INFO] 2016-06-08 17:31:06,807: topic[/rosout] removing connection to /rosout
[rospy.internal][INFO] 2016-06-08 17:31:06,807: topic[/arm_right/joint_states] removing connection to http://cmeintel-desktop:45336/
[rospy.internal][INFO] 2016-06-08 17:31:06,807: topic[/torso/joint_states] removing connection to http://cmeintel-desktop:45336/
[rospy.internal][INFO] 2016-06-08 17:31:06,807: topic[/sensorring/joint_states] removing connection to http://cmeintel-desktop:45336/
[rospy.internal][INFO] 2016-06-08 17:31:06,807: topic[/clock] removing connection to http://cmeintel-desktop:45336/
[rospy.internal][INFO] 2016-06-08 17:31:06,808: topic[/base/joint_states] removing connection to http://cmeintel-desktop:45336/
[rospy.internal][INFO] 2016-06-08 17:31:06,808: topic[/gripper_left/joint_states] removing connection to http://cmeintel-desktop:45336/
[rospy.internal][INFO] 2016-06-08 17:31:06,808: topic[/arm_left/joint_states] removing connection to http://cmeintel-desktop:45336/
[rospy.internal][INFO] 2016-06-08 17:31:06,811: topic[/gripper_right/joint_states] removing connection to http://cmeintel-desktop:45336/
[rospy.impl.masterslave][INFO] 2016-06-08 17:31:06,812: signal-2
[rospy.internal][WARNING] 2016-06-08 17:31:06,822: Unknown error initiating TCP/IP socket to cmeintel-desktop:45030 (http://cmeintel-desktop:45336/): Traceback (most recent call last):
  File "/opt/ros/indigo/lib/python2.7/dist-packages/rospy/impl/tcpros_base.py", line 558, in connect
    self.local_endpoint = self.socket.getsockname()
AttributeError: 'NoneType' object has no attribute 'getsockname'

[rospy.internal][WARNING] 2016-06-08 17:31:06,822: Unknown error initiating TCP/IP socket to cmeintel-desktop:45030 (http://cmeintel-desktop:45336/): Traceback (most recent call last):
  File "/opt/ros/indigo/lib/python2.7/dist-packages/rospy/impl/tcpros_base.py", line 558, in connect
    self.local_endpoint = self.socket.getsockname()
AttributeError: 'NoneType' object has no attribute 'getsockname'

[rospy.internal][WARNING] 2016-06-08 17:31:06,822: Unknown error initiating TCP/IP socket to cmeintel-desktop:45030 (http://cmeintel-desktop:45336/): Traceback (most recent call last):
  File "/opt/ros/indigo/lib/python2.7/dist-packages/rospy/impl/tcpros_base.py", line 558, in connect
    self.local_endpoint = self.socket.getsockname()
AttributeError: 'NoneType' object has no attribute 'getsockname'

[rospy.core][INFO] 2016-06-08 17:31:06,916: signal_shutdown [atexit]
