[rospy.client][INFO] 2016-06-08 17:30:37,916: init_node, name[/script_server], pid[29712]
[xmlrpc][INFO] 2016-06-08 17:30:37,916: XML-RPC server binding to 0.0.0.0:0
[xmlrpc][INFO] 2016-06-08 17:30:37,916: Started XML-RPC server [http://cmeintel-desktop:33406/]
[rospy.impl.masterslave][INFO] 2016-06-08 17:30:37,916: _ready: http://cmeintel-desktop:33406/
[rospy.init][INFO] 2016-06-08 17:30:37,916: ROS Slave URI: [http://cmeintel-desktop:33406/]
[rospy.registration][INFO] 2016-06-08 17:30:37,917: Registering with master node http://localhost:11311
[xmlrpc][INFO] 2016-06-08 17:30:37,917: xml rpc node: starting XML-RPC server
[rospy.init][INFO] 2016-06-08 17:30:38,017: registered with master
[rospy.rosout][INFO] 2016-06-08 17:30:38,017: initializing /rosout core topic
[rospy.rosout][INFO] 2016-06-08 17:30:38,021: connected to core topic /rosout
[rospy.simtime][INFO] 2016-06-08 17:30:38,024: initializing /clock core topic
[rospy.simtime][INFO] 2016-06-08 17:30:38,029: connected to core topic /clock
[rospy.internal][INFO] 2016-06-08 17:30:38,031: topic[/clock] adding connection to [http://cmeintel-desktop:45336/], count 0
[rospy.internal][INFO] 2016-06-08 17:30:38,289: topic[/rosout] adding connection to [/rosout], count 0
[rosout][INFO] 2016-06-08 17:30:39,089: script_server is running
[rospy.core][INFO] 2016-06-08 17:31:05,594: signal_shutdown [signal-2]
[rospy.internal][INFO] 2016-06-08 17:31:05,603: topic[/rosout] removing connection to /rosout
[rospy.internal][INFO] 2016-06-08 17:31:05,603: topic[/clock] removing connection to http://cmeintel-desktop:45336/
[rospy.impl.masterslave][INFO] 2016-06-08 17:31:05,603: signal-2
[rospy.internal][ERROR] 2016-06-08 17:31:05,604: Traceback (most recent call last):
  File "/opt/ros/indigo/lib/python2.7/dist-packages/rospy/impl/tcpros_base.py", line 698, in receive_once
    self.stat_bytes += recv_buff(sock, b, p.buff_size)
  File "/opt/ros/indigo/lib/python2.7/dist-packages/rospy/impl/tcpros_base.py", line 103, in recv_buff
    d = sock.recv(buff_size)
error: [Errno 104] Connection reset by peer

[rospy.core][INFO] 2016-06-08 17:31:06,096: signal_shutdown [atexit]
