[rospy.client][INFO] 2016-06-08 17:30:36,152: init_node, name[/sensorring/gazebo_services], pid[29250]
[xmlrpc][INFO] 2016-06-08 17:30:36,152: XML-RPC server binding to 0.0.0.0:0
[xmlrpc][INFO] 2016-06-08 17:30:36,155: Started XML-RPC server [http://cmeintel-desktop:36625/]
[rospy.impl.masterslave][INFO] 2016-06-08 17:30:36,155: _ready: http://cmeintel-desktop:36625/
[rospy.init][INFO] 2016-06-08 17:30:36,155: ROS Slave URI: [http://cmeintel-desktop:36625/]
[rospy.registration][INFO] 2016-06-08 17:30:36,157: Registering with master node http://localhost:11311
[xmlrpc][INFO] 2016-06-08 17:30:36,157: xml rpc node: starting XML-RPC server
[rospy.init][INFO] 2016-06-08 17:30:36,255: registered with master
[rospy.rosout][INFO] 2016-06-08 17:30:36,256: initializing /rosout core topic
[rospy.rosout][INFO] 2016-06-08 17:30:37,255: connected to core topic /rosout
[rospy.simtime][INFO] 2016-06-08 17:30:37,257: initializing /clock core topic
[rospy.simtime][INFO] 2016-06-08 17:30:37,261: connected to core topic /clock
[rosout][INFO] 2016-06-08 17:30:37,272: gazebo_services running
[rospy.internal][INFO] 2016-06-08 17:30:37,472: topic[/rosout] adding connection to [/rosout], count 0
[rospy.internal][INFO] 2016-06-08 17:30:38,002: topic[/clock] adding connection to [http://cmeintel-desktop:45336/], count 0
[rospy.core][INFO] 2016-06-08 17:31:06,297: signal_shutdown [signal-2]
[rospy.internal][INFO] 2016-06-08 17:31:06,300: topic[/rosout] removing connection to /rosout
[rospy.internal][INFO] 2016-06-08 17:31:06,301: topic[/clock] removing connection to http://cmeintel-desktop:45336/
[rospy.impl.masterslave][INFO] 2016-06-08 17:31:06,301: signal-2
[rospy.core][INFO] 2016-06-08 17:31:06,416: signal_shutdown [atexit]
