[rospy.client][INFO] 2016-06-08 17:30:36,059: init_node, name[/spawn_gazebo_model], pid[29007]
[xmlrpc][INFO] 2016-06-08 17:30:36,059: XML-RPC server binding to 0.0.0.0:0
[rospy.init][INFO] 2016-06-08 17:30:36,060: ROS Slave URI: [http://cmeintel-desktop:34518/]
[xmlrpc][INFO] 2016-06-08 17:30:36,060: Started XML-RPC server [http://cmeintel-desktop:34518/]
[rospy.impl.masterslave][INFO] 2016-06-08 17:30:36,060: _ready: http://cmeintel-desktop:34518/
[xmlrpc][INFO] 2016-06-08 17:30:36,062: xml rpc node: starting XML-RPC server
[rospy.registration][INFO] 2016-06-08 17:30:36,064: Registering with master node http://localhost:11311
[rospy.init][INFO] 2016-06-08 17:30:36,160: registered with master
[rospy.rosout][INFO] 2016-06-08 17:30:36,160: initializing /rosout core topic
[rospy.rosout][INFO] 2016-06-08 17:30:36,164: connected to core topic /rosout
[rospy.simtime][INFO] 2016-06-08 17:30:36,179: initializing /clock core topic
[rospy.simtime][INFO] 2016-06-08 17:30:36,218: connected to core topic /clock
[rosout][INFO] 2016-06-08 17:30:36,261: Loading model xml from ros parameter
[rosout][INFO] 2016-06-08 17:30:36,332: Waiting for service /gazebo/spawn_urdf_model
[rospy.internal][INFO] 2016-06-08 17:30:36,427: topic[/rosout] adding connection to [/rosout], count 0
[rosout][INFO] 2016-06-08 17:30:37,940: Calling service /gazebo/spawn_urdf_model
[rospy.internal][INFO] 2016-06-08 17:30:38,004: topic[/clock] adding connection to [http://cmeintel-desktop:45336/], count 0
[rosout][INFO] 2016-06-08 17:30:41,399: Spawn status: SpawnModel: Successfully spawned model
[rospy.core][INFO] 2016-06-08 17:30:41,400: signal_shutdown [atexit]
[rospy.internal][INFO] 2016-06-08 17:30:41,402: topic[/rosout] removing connection to /rosout
[rospy.internal][INFO] 2016-06-08 17:30:41,402: topic[/clock] removing connection to http://cmeintel-desktop:45336/
[rospy.impl.masterslave][INFO] 2016-06-08 17:30:41,402: atexit
