[rospy.client][INFO] 2016-06-08 17:30:35,921: init_node, name[/spawn_urdf_world], pid[28970]
[xmlrpc][INFO] 2016-06-08 17:30:35,921: XML-RPC server binding to 0.0.0.0:0
[xmlrpc][INFO] 2016-06-08 17:30:35,921: Started XML-RPC server [http://cmeintel-desktop:37349/]
[rospy.impl.masterslave][INFO] 2016-06-08 17:30:35,921: _ready: http://cmeintel-desktop:37349/
[rospy.registration][INFO] 2016-06-08 17:30:35,922: Registering with master node http://localhost:11311
[xmlrpc][INFO] 2016-06-08 17:30:35,922: xml rpc node: starting XML-RPC server
[rospy.init][INFO] 2016-06-08 17:30:35,925: ROS Slave URI: [http://cmeintel-desktop:37349/]
[rospy.init][INFO] 2016-06-08 17:30:35,926: registered with master
[rospy.rosout][INFO] 2016-06-08 17:30:35,926: initializing /rosout core topic
[rospy.rosout][INFO] 2016-06-08 17:30:35,964: connected to core topic /rosout
[rospy.simtime][INFO] 2016-06-08 17:30:36,003: initializing /clock core topic
[rospy.simtime][INFO] 2016-06-08 17:30:36,055: connected to core topic /clock
[rosout][INFO] 2016-06-08 17:30:36,103: Loading model xml from ros parameter
[rospy.internal][INFO] 2016-06-08 17:30:36,104: topic[/rosout] adding connection to [/rosout], count 0
[rosout][INFO] 2016-06-08 17:30:36,132: Waiting for service /gazebo/spawn_urdf_model
[rospy.internal][INFO] 2016-06-08 17:30:37,951: topic[/clock] adding connection to [http://cmeintel-desktop:45336/], count 0
[rosout][INFO] 2016-06-08 17:30:37,980: Calling service /gazebo/spawn_urdf_model
[rosout][INFO] 2016-06-08 17:30:47,689: Spawn status: SpawnModel: Successfully spawned model
[rospy.core][INFO] 2016-06-08 17:30:47,690: signal_shutdown [atexit]
[rospy.internal][INFO] 2016-06-08 17:30:47,692: topic[/rosout] removing connection to /rosout
[rospy.internal][INFO] 2016-06-08 17:30:47,692: topic[/clock] removing connection to http://cmeintel-desktop:45336/
[rospy.impl.masterslave][INFO] 2016-06-08 17:30:47,692: atexit
