[rospy.client][INFO] 2016-06-08 17:30:35,922: init_node, name[/torso/gazebo_services], pid[29147]
[xmlrpc][INFO] 2016-06-08 17:30:35,922: XML-RPC server binding to 0.0.0.0:0
[xmlrpc][INFO] 2016-06-08 17:30:35,923: Started XML-RPC server [http://cmeintel-desktop:45958/]
[rospy.impl.masterslave][INFO] 2016-06-08 17:30:35,923: _ready: http://cmeintel-desktop:45958/
[rospy.init][INFO] 2016-06-08 17:30:35,923: ROS Slave URI: [http://cmeintel-desktop:45958/]
[rospy.registration][INFO] 2016-06-08 17:30:35,923: Registering with master node http://localhost:11311
[xmlrpc][INFO] 2016-06-08 17:30:35,923: xml rpc node: starting XML-RPC server
[rospy.init][INFO] 2016-06-08 17:30:36,023: registered with master
[rospy.rosout][INFO] 2016-06-08 17:30:36,023: initializing /rosout core topic
[rospy.rosout][INFO] 2016-06-08 17:30:36,039: connected to core topic /rosout
[rospy.simtime][INFO] 2016-06-08 17:30:36,088: initializing /clock core topic
[rospy.simtime][INFO] 2016-06-08 17:30:36,105: connected to core topic /clock
[rosout][INFO] 2016-06-08 17:30:36,154: gazebo_services running
[rospy.internal][INFO] 2016-06-08 17:30:36,316: topic[/rosout] adding connection to [/rosout], count 0
[rospy.internal][INFO] 2016-06-08 17:30:37,968: topic[/clock] adding connection to [http://cmeintel-desktop:45336/], count 0
[rospy.core][INFO] 2016-06-08 17:31:06,402: signal_shutdown [signal-2]
[rospy.internal][INFO] 2016-06-08 17:31:06,408: topic[/rosout] removing connection to /rosout
[rospy.internal][INFO] 2016-06-08 17:31:06,408: topic[/clock] removing connection to http://cmeintel-desktop:45336/
[rospy.impl.masterslave][INFO] 2016-06-08 17:31:06,408: signal-2
[rospy.core][INFO] 2016-06-08 17:31:06,572: signal_shutdown [atexit]
