

0.000000000  Node Startup
0.000000000 INFO [/tmp/binarydeb/ros-indigo-roscpp-1.11.19/src/libros/service.cpp:80(service::exists) [topics: /rosout] waitForService: Service [/gazebo/set_physics_properties] has not been advertised, waiting...
0.000000000 INFO [gazebo_interface.py:27(spawn_urdf_model_client) [topics: /clock, /rosout] Waiting for service /gazebo/spawn_urdf_model
0.022000000 INFO [/tmp/binarydeb/ros-indigo-roscpp-1.11.19/src/libros/service.cpp:122(service::waitForService) [topics: /rosout, /clock, /gazebo/link_states, /gazebo/model_states] waitForService: Service [/gazebo/set_physics_properties] is now available.
0.047000000 INFO [/tmp/binarydeb/ros-indigo-gazebo-ros-2.4.10/src/gazebo_ros_api_plugin.cpp:1965(GazeboRosApiPlugin::physicsReconfigureThread) [topics: /rosout, /clock, /gazebo/link_states, /gazebo/model_states, /gazebo/parameter_descriptions, /gazebo/parameter_updates] Physics dynamic reconfigure ready.
0.106000000 INFO [gazebo_interface.py:31(spawn_urdf_model_client) [topics: /clock, /rosout] Calling service /gazebo/spawn_urdf_model
0.366000000 INFO [gazebo_interface.py:33(spawn_urdf_model_client) [topics: /clock, /rosout] Spawn status: SpawnModel: Successfully spawned model
0.366000000 INFO [/tmp/binarydeb/ros-indigo-gazebo-ros-control-2.4.10/src/gazebo_ros_control_plugin.cpp:60(GazeboRosControlPlugin::Load) [topics: /rosout, /clock, /gazebo/link_states, /gazebo/model_states, /gazebo/parameter_descriptions, /gazebo/parameter_updates, /elevator_button1_bumper, /elevator_button2_bumper] Loading gazebo_ros_control plugin
0.366000000 INFO [/tmp/binarydeb/ros-indigo-gazebo-ros-control-2.4.10/src/gazebo_ros_control_plugin.cpp:152(GazeboRosControlPlugin::Load) [topics: /rosout, /clock, /gazebo/link_states, /gazebo/model_states, /gazebo/parameter_descriptions, /gazebo/parameter_updates, /elevator_button1_bumper, /elevator_button2_bumper] Starting gazebo_ros_control plugin in namespace: world
0.366000000 INFO [/tmp/binarydeb/ros-indigo-gazebo-ros-control-2.4.10/src/gazebo_ros_control_plugin.cpp:267(string gazebo_ros_control::GazeboRosControlPlugin::getURDF) [topics: /rosout, /clock, /gazebo/link_states, /gazebo/model_states, /gazebo/parameter_descriptions, /gazebo/parameter_updates, /elevator_button1_bumper, /elevator_button2_bumper] gazebo_ros_control plugin is waiting for model URDF in parameter [/world_description] on the ROS param server.
0.366000000 INFO [/tmp/binarydeb/ros-indigo-gazebo-ros-control-2.4.10/src/gazebo_ros_control_plugin.cpp:198(GazeboRosControlPlugin::Load) [topics: /rosout, /clock, /gazebo/link_states, /gazebo/model_states, /gazebo/parameter_descriptions, /gazebo/parameter_updates, /elevator_button1_bumper, /elevator_button2_bumper] Loaded gazebo_ros_control.
1465479260.538815975 INFO [gazebo_interface.py:19(spawn_sdf_model_client) [topics: /rosout] Calling service /gazebo/spawn_sdf_model
1465479260.508034944 INFO [gazebo_interface.py:19(spawn_sdf_model_client) [topics: /rosout] Calling service /gazebo/spawn_sdf_model
1465479260.556099891 INFO [gazebo_interface.py:19(spawn_sdf_model_client) [topics: /rosout] Calling service /gazebo/spawn_sdf_model
1465479261.049361944 INFO [gazebo_interface.py:21(spawn_sdf_model_client) [topics: /rosout] Spawn status: SpawnModel: Successfully spawned model
1465479261.263530015 INFO [gazebo_interface.py:21(spawn_sdf_model_client) [topics: /rosout] Spawn status: SpawnModel: Successfully spawned model
1465479261.475600004 INFO [gazebo_interface.py:21(spawn_sdf_model_client) [topics: /rosout] Spawn status: SpawnModel: Successfully spawned model
105.464000000 ERROR [/tmp/binarydeb/ros-indigo-gazebo-ros-2.4.10/src/gazebo_ros_api_plugin.cpp:711(GazeboRosApiPlugin::deleteModel) [topics: /rosout, /clock, /gazebo/link_states, /gazebo/model_states, /gazebo/parameter_descriptions, /gazebo/parameter_updates, /elevator_button1_bumper, /elevator_button2_bumper, /world/joint_states] DeleteModel: model [ragdoll] does not exist
1465479354.572951078 INFO [gazebo_interface.py:19(spawn_sdf_model_client) [topics: /rosout] Calling service /gazebo/spawn_sdf_model
1465479354.606394052 INFO [gazebo_interface.py:19(spawn_sdf_model_client) [topics: /rosout] Calling service /gazebo/spawn_sdf_model
1465479354.648083925 INFO [gazebo_interface.py:19(spawn_sdf_model_client) [topics: /rosout] Calling service /gazebo/spawn_sdf_model
1465479354.720499038 INFO [gazebo_interface.py:19(spawn_sdf_model_client) [topics: /rosout] Calling service /gazebo/spawn_sdf_model
1465479354.896508932 INFO [gazebo_interface.py:21(spawn_sdf_model_client) [topics: /rosout] Spawn status: SpawnModel: Successfully spawned model
1465479354.741822957 INFO [gazebo_interface.py:19(spawn_sdf_model_client) [topics: /rosout] Calling service /gazebo/spawn_sdf_model
1465479355.107737064 INFO [gazebo_interface.py:21(spawn_sdf_model_client) [topics: /rosout] Spawn status: SpawnModel: Successfully spawned model
1465479355.319693088 INFO [gazebo_interface.py:21(spawn_sdf_model_client) [topics: /rosout] Spawn status: SpawnModel: Successfully spawned model
1465479355.532365083 INFO [gazebo_interface.py:21(spawn_sdf_model_client) [topics: /rosout] Spawn status: SpawnModel: Successfully spawned model
1465479355.743299007 INFO [gazebo_interface.py:21(spawn_sdf_model_client) [topics: /rosout] Spawn status: SpawnModel: Successfully spawned model
1465479462.706481933 INFO [gazebo_interface.py:19(spawn_sdf_model_client) [topics: /rosout] Calling service /gazebo/spawn_sdf_model
1465479462.724961996 INFO [gazebo_interface.py:19(spawn_sdf_model_client) [topics: /rosout] Calling service /gazebo/spawn_sdf_model
1465479462.657761096 INFO [gazebo_interface.py:19(spawn_sdf_model_client) [topics: /rosout] Calling service /gazebo/spawn_sdf_model
1465479463.022236108 INFO [gazebo_interface.py:21(spawn_sdf_model_client) [topics: /rosout] Spawn status: SpawnModel: Successfully spawned model
1465479463.235491037 INFO [gazebo_interface.py:21(spawn_sdf_model_client) [topics: /rosout] Spawn status: SpawnModel: Successfully spawned model
1465479463.451008081 INFO [gazebo_interface.py:21(spawn_sdf_model_client) [topics: /rosout] Spawn status: SpawnModel: Successfully spawned model
1465479581.360984086 INFO [gazebo_interface.py:19(spawn_sdf_model_client) [topics: /rosout] Calling service /gazebo/spawn_sdf_model
1465479581.609172105 INFO [gazebo_interface.py:21(spawn_sdf_model_client) [topics: /rosout] Spawn status: SpawnModel: Successfully spawned model
1465479638.253062009 INFO [gazebo_interface.py:19(spawn_sdf_model_client) [topics: /rosout] Calling service /gazebo/spawn_sdf_model
1465479638.481862068 INFO [gazebo_interface.py:21(spawn_sdf_model_client) [topics: /rosout] Spawn status: SpawnModel: Successfully spawned model
452.577000000 ERROR [/tmp/binarydeb/ros-indigo-gazebo-ros-2.4.10/src/gazebo_ros_api_plugin.cpp:711(GazeboRosApiPlugin::deleteModel) [topics: /rosout, /clock, /gazebo/link_states, /gazebo/model_states, /gazebo/parameter_descriptions, /gazebo/parameter_updates, /elevator_button1_bumper, /elevator_button2_bumper, /world/joint_states] DeleteModel: model [box1] does not exist
452.950000000 ERROR [/tmp/binarydeb/ros-indigo-gazebo-ros-2.4.10/src/gazebo_ros_api_plugin.cpp:711(GazeboRosApiPlugin::deleteModel) [topics: /rosout, /clock, /gazebo/link_states, /gazebo/model_states, /gazebo/parameter_descriptions, /gazebo/parameter_updates, /elevator_button1_bumper, /elevator_button2_bumper, /world/joint_states] DeleteModel: model [box2] does not exist
453.318000000 ERROR [/tmp/binarydeb/ros-indigo-gazebo-ros-2.4.10/src/gazebo_ros_api_plugin.cpp:711(GazeboRosApiPlugin::deleteModel) [topics: /rosout, /clock, /gazebo/link_states, /gazebo/model_states, /gazebo/parameter_descriptions, /gazebo/parameter_updates, /elevator_button1_bumper, /elevator_button2_bumper, /world/joint_states] DeleteModel: model [box3] does not exist
453.685000000 ERROR [/tmp/binarydeb/ros-indigo-gazebo-ros-2.4.10/src/gazebo_ros_api_plugin.cpp:711(GazeboRosApiPlugin::deleteModel) [topics: /rosout, /clock, /gazebo/link_states, /gazebo/model_states, /gazebo/parameter_descriptions, /gazebo/parameter_updates, /elevator_button1_bumper, /elevator_button2_bumper, /world/joint_states] DeleteModel: model [box4] does not exist
454.078000000 ERROR [/tmp/binarydeb/ros-indigo-gazebo-ros-2.4.10/src/gazebo_ros_api_plugin.cpp:711(GazeboRosApiPlugin::deleteModel) [topics: /rosout, /clock, /gazebo/link_states, /gazebo/model_states, /gazebo/parameter_descriptions, /gazebo/parameter_updates, /elevator_button1_bumper, /elevator_button2_bumper, /world/joint_states] DeleteModel: model [box5] does not exist
1465479709.574074983 INFO [gazebo_interface.py:19(spawn_sdf_model_client) [topics: /rosout] Calling service /gazebo/spawn_sdf_model
1465479709.708338975 INFO [gazebo_interface.py:19(spawn_sdf_model_client) [topics: /rosout] Calling service /gazebo/spawn_sdf_model
1465479709.586345911 INFO [gazebo_interface.py:19(spawn_sdf_model_client) [topics: /rosout] Calling service /gazebo/spawn_sdf_model
1465479709.925801038 INFO [gazebo_interface.py:21(spawn_sdf_model_client) [topics: /rosout] Spawn status: SpawnModel: Successfully spawned model
1465479710.139975070 INFO [gazebo_interface.py:21(spawn_sdf_model_client) [topics: /rosout] Spawn status: SpawnModel: Successfully spawned model
1465479710.352550029 INFO [gazebo_interface.py:21(spawn_sdf_model_client) [topics: /rosout] Spawn status: SpawnModel: Successfully spawned model
475.828000000 ERROR [/tmp/binarydeb/ros-indigo-gazebo-ros-2.4.10/src/gazebo_ros_api_plugin.cpp:711(GazeboRosApiPlugin::deleteModel) [topics: /rosout, /clock, /gazebo/link_states, /gazebo/model_states, /gazebo/parameter_descriptions, /gazebo/parameter_updates, /elevator_button1_bumper, /elevator_button2_bumper, /world/joint_states] DeleteModel: model [ragdoll] does not exist
1465479768.691642999 INFO [gazebo_interface.py:19(spawn_sdf_model_client) [topics: /rosout] Calling service /gazebo/spawn_sdf_model
1465479768.991543054 INFO [gazebo_interface.py:21(spawn_sdf_model_client) [topics: /rosout] Spawn status: SpawnModel: Successfully spawned model
530.850000000 ERROR [/tmp/binarydeb/ros-indigo-gazebo-ros-2.4.10/src/gazebo_ros_api_plugin.cpp:711(GazeboRosApiPlugin::deleteModel) [topics: /rosout, /clock, /gazebo/link_states, /gazebo/model_states, /gazebo/parameter_descriptions, /gazebo/parameter_updates, /elevator_button1_bumper, /elevator_button2_bumper, /world/joint_states] DeleteModel: model [box1] does not exist
531.220000000 ERROR [/tmp/binarydeb/ros-indigo-gazebo-ros-2.4.10/src/gazebo_ros_api_plugin.cpp:711(GazeboRosApiPlugin::deleteModel) [topics: /rosout, /clock, /gazebo/link_states, /gazebo/model_states, /gazebo/parameter_descriptions, /gazebo/parameter_updates, /elevator_button1_bumper, /elevator_button2_bumper, /world/joint_states] DeleteModel: model [box2] does not exist
531.588000000 ERROR [/tmp/binarydeb/ros-indigo-gazebo-ros-2.4.10/src/gazebo_ros_api_plugin.cpp:711(GazeboRosApiPlugin::deleteModel) [topics: /rosout, /clock, /gazebo/link_states, /gazebo/model_states, /gazebo/parameter_descriptions, /gazebo/parameter_updates, /elevator_button1_bumper, /elevator_button2_bumper, /world/joint_states] DeleteModel: model [box3] does not exist
532.052000000 ERROR [/tmp/binarydeb/ros-indigo-gazebo-ros-2.4.10/src/gazebo_ros_api_plugin.cpp:711(GazeboRosApiPlugin::deleteModel) [topics: /rosout, /clock, /gazebo/link_states, /gazebo/model_states, /gazebo/parameter_descriptions, /gazebo/parameter_updates, /elevator_button1_bumper, /elevator_button2_bumper, /world/joint_states] DeleteModel: model [box4] does not exist
532.423000000 ERROR [/tmp/binarydeb/ros-indigo-gazebo-ros-2.4.10/src/gazebo_ros_api_plugin.cpp:711(GazeboRosApiPlugin::deleteModel) [topics: /rosout, /clock, /gazebo/link_states, /gazebo/model_states, /gazebo/parameter_descriptions, /gazebo/parameter_updates, /elevator_button1_bumper, /elevator_button2_bumper, /world/joint_states] DeleteModel: model [box5] does not exist
1465479903.974924087 INFO [gazebo_interface.py:19(spawn_sdf_model_client) [topics: /rosout] Calling service /gazebo/spawn_sdf_model
1465479903.934436082 INFO [gazebo_interface.py:19(spawn_sdf_model_client) [topics: /rosout] Calling service /gazebo/spawn_sdf_model
1465479904.120577096 INFO [gazebo_interface.py:21(spawn_sdf_model_client) [topics: /rosout] Spawn status: SpawnModel: Successfully spawned model
1465479904.100374937 INFO [gazebo_interface.py:19(spawn_sdf_model_client) [topics: /rosout] Calling service /gazebo/spawn_sdf_model
1465479904.073148965 INFO [gazebo_interface.py:19(spawn_sdf_model_client) [topics: /rosout] Calling service /gazebo/spawn_sdf_model
1465479904.331684112 INFO [gazebo_interface.py:21(spawn_sdf_model_client) [topics: /rosout] Spawn status: SpawnModel: Successfully spawned model
1465479904.138144016 INFO [gazebo_interface.py:19(spawn_sdf_model_client) [topics: /rosout] Calling service /gazebo/spawn_sdf_model
1465479904.547333955 INFO [gazebo_interface.py:21(spawn_sdf_model_client) [topics: /rosout] Spawn status: SpawnModel: Successfully spawned model
1465479904.762729883 INFO [gazebo_interface.py:21(spawn_sdf_model_client) [topics: /rosout] Spawn status: SpawnModel: Successfully spawned model
1465479904.975018978 INFO [gazebo_interface.py:21(spawn_sdf_model_client) [topics: /rosout] Spawn status: SpawnModel: Successfully spawned model
873.981000000 ERROR [/tmp/binarydeb/ros-indigo-gazebo-ros-2.4.10/src/gazebo_ros_api_plugin.cpp:2256(GazeboRosApiPlugin::spawnAndConform) [topics: /rosout, /clock, /gazebo/link_states, /gazebo/model_states, /gazebo/parameter_descriptions, /gazebo/parameter_updates, /elevator_button1_bumper, /elevator_button2_bumper, /world/joint_states] SpawnModel: Failure - model name box2 already exist.
874.027000000 ERROR [/tmp/binarydeb/ros-indigo-gazebo-ros-2.4.10/src/gazebo_ros_api_plugin.cpp:2256(GazeboRosApiPlugin::spawnAndConform) [topics: /rosout, /clock, /gazebo/link_states, /gazebo/model_states, /gazebo/parameter_descriptions, /gazebo/parameter_updates, /elevator_button1_bumper, /elevator_button2_bumper, /world/joint_states] SpawnModel: Failure - model name box1 already exist.
874.072000000 ERROR [/tmp/binarydeb/ros-indigo-gazebo-ros-2.4.10/src/gazebo_ros_api_plugin.cpp:2256(GazeboRosApiPlugin::spawnAndConform) [topics: /rosout, /clock, /gazebo/link_states, /gazebo/model_states, /gazebo/parameter_descriptions, /gazebo/parameter_updates, /elevator_button1_bumper, /elevator_button2_bumper, /world/joint_states] SpawnModel: Failure - model name box4 already exist.
874.088000000 ERROR [/tmp/binarydeb/ros-indigo-gazebo-ros-2.4.10/src/gazebo_ros_api_plugin.cpp:2256(GazeboRosApiPlugin::spawnAndConform) [topics: /rosout, /clock, /gazebo/link_states, /gazebo/model_states, /gazebo/parameter_descriptions, /gazebo/parameter_updates, /elevator_button1_bumper, /elevator_button2_bumper, /world/joint_states] SpawnModel: Failure - model name box5 already exist.
874.123000000 ERROR [/tmp/binarydeb/ros-indigo-gazebo-ros-2.4.10/src/gazebo_ros_api_plugin.cpp:2256(GazeboRosApiPlugin::spawnAndConform) [topics: /rosout, /clock, /gazebo/link_states, /gazebo/model_states, /gazebo/parameter_descriptions, /gazebo/parameter_updates, /elevator_button1_bumper, /elevator_button2_bumper, /world/joint_states] SpawnModel: Failure - model name box3 already exist.
1618.313000000 ERROR [/tmp/binarydeb/ros-indigo-gazebo-ros-2.4.10/src/gazebo_ros_api_plugin.cpp:711(GazeboRosApiPlugin::deleteModel) [topics: /rosout, /clock, /gazebo/link_states, /gazebo/model_states, /gazebo/parameter_descriptions, /gazebo/parameter_updates, /elevator_button1_bumper, /elevator_button2_bumper, /world/joint_states] DeleteModel: model [box1] does not exist
1618.750000000 ERROR [/tmp/binarydeb/ros-indigo-gazebo-ros-2.4.10/src/gazebo_ros_api_plugin.cpp:711(GazeboRosApiPlugin::deleteModel) [topics: /rosout, /clock, /gazebo/link_states, /gazebo/model_states, /gazebo/parameter_descriptions, /gazebo/parameter_updates, /elevator_button1_bumper, /elevator_button2_bumper, /world/joint_states] DeleteModel: model [box2] does not exist
1619.121000000 ERROR [/tmp/binarydeb/ros-indigo-gazebo-ros-2.4.10/src/gazebo_ros_api_plugin.cpp:711(GazeboRosApiPlugin::deleteModel) [topics: /rosout, /clock, /gazebo/link_states, /gazebo/model_states, /gazebo/parameter_descriptions, /gazebo/parameter_updates, /elevator_button1_bumper, /elevator_button2_bumper, /world/joint_states] DeleteModel: model [box3] does not exist
1619.486000000 ERROR [/tmp/binarydeb/ros-indigo-gazebo-ros-2.4.10/src/gazebo_ros_api_plugin.cpp:711(GazeboRosApiPlugin::deleteModel) [topics: /rosout, /clock, /gazebo/link_states, /gazebo/model_states, /gazebo/parameter_descriptions, /gazebo/parameter_updates, /elevator_button1_bumper, /elevator_button2_bumper, /world/joint_states] DeleteModel: model [box4] does not exist
1619.855000000 ERROR [/tmp/binarydeb/ros-indigo-gazebo-ros-2.4.10/src/gazebo_ros_api_plugin.cpp:711(GazeboRosApiPlugin::deleteModel) [topics: /rosout, /clock, /gazebo/link_states, /gazebo/model_states, /gazebo/parameter_descriptions, /gazebo/parameter_updates, /elevator_button1_bumper, /elevator_button2_bumper, /world/joint_states] DeleteModel: model [box5] does not exist
1677.060000000 ERROR [/tmp/binarydeb/ros-indigo-gazebo-ros-2.4.10/src/gazebo_ros_api_plugin.cpp:711(GazeboRosApiPlugin::deleteModel) [topics: /rosout, /clock, /gazebo/link_states, /gazebo/model_states, /gazebo/parameter_descriptions, /gazebo/parameter_updates, /elevator_button1_bumper, /elevator_button2_bumper, /world/joint_states] DeleteModel: model [box1] does not exist
1677.533000000 ERROR [/tmp/binarydeb/ros-indigo-gazebo-ros-2.4.10/src/gazebo_ros_api_plugin.cpp:711(GazeboRosApiPlugin::deleteModel) [topics: /rosout, /clock, /gazebo/link_states, /gazebo/model_states, /gazebo/parameter_descriptions, /gazebo/parameter_updates, /elevator_button1_bumper, /elevator_button2_bumper, /world/joint_states] DeleteModel: model [box2] does not exist
1677.913000000 ERROR [/tmp/binarydeb/ros-indigo-gazebo-ros-2.4.10/src/gazebo_ros_api_plugin.cpp:711(GazeboRosApiPlugin::deleteModel) [topics: /rosout, /clock, /gazebo/link_states, /gazebo/model_states, /gazebo/parameter_descriptions, /gazebo/parameter_updates, /elevator_button1_bumper, /elevator_button2_bumper, /world/joint_states] DeleteModel: model [box3] does not exist
1678.279000000 ERROR [/tmp/binarydeb/ros-indigo-gazebo-ros-2.4.10/src/gazebo_ros_api_plugin.cpp:711(GazeboRosApiPlugin::deleteModel) [topics: /rosout, /clock, /gazebo/link_states, /gazebo/model_states, /gazebo/parameter_descriptions, /gazebo/parameter_updates, /elevator_button1_bumper, /elevator_button2_bumper, /world/joint_states] DeleteModel: model [box4] does not exist
1678.647000000 ERROR [/tmp/binarydeb/ros-indigo-gazebo-ros-2.4.10/src/gazebo_ros_api_plugin.cpp:711(GazeboRosApiPlugin::deleteModel) [topics: /rosout, /clock, /gazebo/link_states, /gazebo/model_states, /gazebo/parameter_descriptions, /gazebo/parameter_updates, /elevator_button1_bumper, /elevator_button2_bumper, /world/joint_states] DeleteModel: model [box5] does not exist
