[rospy.client][INFO] 2016-06-09 15:34:20,431: init_node, name[/spawn_the_box1], pid[15927]
[xmlrpc][INFO] 2016-06-09 15:34:20,432: XML-RPC server binding to 0.0.0.0:0
[xmlrpc][INFO] 2016-06-09 15:34:20,432: Started XML-RPC server [http://cmeintel-desktop:39173/]
[rospy.init][INFO] 2016-06-09 15:34:20,432: ROS Slave URI: [http://cmeintel-desktop:39173/]
[rospy.impl.masterslave][INFO] 2016-06-09 15:34:20,432: _ready: http://cmeintel-desktop:39173/
[rospy.registration][INFO] 2016-06-09 15:34:20,433: Registering with master node http://localhost:11311
[xmlrpc][INFO] 2016-06-09 15:34:20,433: xml rpc node: starting XML-RPC server
[rospy.init][INFO] 2016-06-09 15:34:20,532: registered with master
[rospy.rosout][INFO] 2016-06-09 15:34:20,532: initializing /rosout core topic
[rospy.rosout][INFO] 2016-06-09 15:34:20,534: connected to core topic /rosout
[rospy.simtime][INFO] 2016-06-09 15:34:20,535: /use_sim_time is not set, will not subscribe to simulated time [/clock] topic
[rosout][INFO] 2016-06-09 15:34:20,537: Loading model xml from file
[rosout][INFO] 2016-06-09 15:34:20,537: Waiting for service /gazebo/spawn_sdf_model
[rosout][INFO] 2016-06-09 15:34:20,538: Calling service /gazebo/spawn_sdf_model
[rospy.internal][INFO] 2016-06-09 15:34:20,845: topic[/rosout] adding connection to [/rosout], count 0
[rosout][INFO] 2016-06-09 15:34:21,263: Spawn status: SpawnModel: Successfully spawned model
[rospy.core][INFO] 2016-06-09 15:34:21,263: signal_shutdown [atexit]
[rospy.internal][INFO] 2016-06-09 15:34:21,266: topic[/rosout] removing connection to /rosout
[rospy.impl.masterslave][INFO] 2016-06-09 15:34:21,266: atexit
[rospy.client][INFO] 2016-06-09 15:35:54,445: init_node, name[/spawn_the_box1], pid[16275]
[xmlrpc][INFO] 2016-06-09 15:35:54,445: XML-RPC server binding to 0.0.0.0:0
[xmlrpc][INFO] 2016-06-09 15:35:54,446: Started XML-RPC server [http://cmeintel-desktop:32985/]
[rospy.init][INFO] 2016-06-09 15:35:54,446: ROS Slave URI: [http://cmeintel-desktop:32985/]
[rospy.impl.masterslave][INFO] 2016-06-09 15:35:54,446: _ready: http://cmeintel-desktop:32985/
[xmlrpc][INFO] 2016-06-09 15:35:54,446: xml rpc node: starting XML-RPC server
[rospy.registration][INFO] 2016-06-09 15:35:54,446: Registering with master node http://localhost:11311
[rospy.init][INFO] 2016-06-09 15:35:54,546: registered with master
[rospy.rosout][INFO] 2016-06-09 15:35:54,546: initializing /rosout core topic
[rospy.rosout][INFO] 2016-06-09 15:35:54,548: connected to core topic /rosout
[rospy.simtime][INFO] 2016-06-09 15:35:54,549: /use_sim_time is not set, will not subscribe to simulated time [/clock] topic
[rosout][INFO] 2016-06-09 15:35:54,557: Loading model xml from file
[rosout][INFO] 2016-06-09 15:35:54,557: Waiting for service /gazebo/spawn_sdf_model
[rosout][INFO] 2016-06-09 15:35:54,558: Calling service /gazebo/spawn_sdf_model
[rosout][INFO] 2016-06-09 15:35:54,687: Spawn status: SpawnModel: Successfully spawned model
[rospy.core][INFO] 2016-06-09 15:35:54,687: signal_shutdown [atexit]
[rospy.impl.masterslave][INFO] 2016-06-09 15:35:54,690: atexit
[rospy.client][INFO] 2016-06-09 15:37:42,599: init_node, name[/spawn_the_box1], pid[16541]
[xmlrpc][INFO] 2016-06-09 15:37:42,600: XML-RPC server binding to 0.0.0.0:0
[rospy.init][INFO] 2016-06-09 15:37:42,600: ROS Slave URI: [http://cmeintel-desktop:44388/]
[xmlrpc][INFO] 2016-06-09 15:37:42,600: Started XML-RPC server [http://cmeintel-desktop:44388/]
[rospy.impl.masterslave][INFO] 2016-06-09 15:37:42,600: _ready: http://cmeintel-desktop:44388/
[rospy.registration][INFO] 2016-06-09 15:37:42,601: Registering with master node http://localhost:11311
[xmlrpc][INFO] 2016-06-09 15:37:42,602: xml rpc node: starting XML-RPC server
[rospy.init][INFO] 2016-06-09 15:37:42,700: registered with master
[rospy.rosout][INFO] 2016-06-09 15:37:42,700: initializing /rosout core topic
[rospy.rosout][INFO] 2016-06-09 15:37:42,702: connected to core topic /rosout
[rospy.simtime][INFO] 2016-06-09 15:37:42,703: /use_sim_time is not set, will not subscribe to simulated time [/clock] topic
[rosout][INFO] 2016-06-09 15:37:42,705: Loading model xml from file
[rosout][INFO] 2016-06-09 15:37:42,705: Waiting for service /gazebo/spawn_sdf_model
[rosout][INFO] 2016-06-09 15:37:42,706: Calling service /gazebo/spawn_sdf_model
[rospy.internal][INFO] 2016-06-09 15:37:42,937: topic[/rosout] adding connection to [/rosout], count 0
[rosout][INFO] 2016-06-09 15:37:43,235: Spawn status: SpawnModel: Successfully spawned model
[rospy.core][INFO] 2016-06-09 15:37:43,235: signal_shutdown [atexit]
[rospy.internal][INFO] 2016-06-09 15:37:43,238: topic[/rosout] removing connection to /rosout
[rospy.impl.masterslave][INFO] 2016-06-09 15:37:43,239: atexit
[rospy.client][INFO] 2016-06-09 15:41:49,466: init_node, name[/spawn_the_box1], pid[17039]
[xmlrpc][INFO] 2016-06-09 15:41:49,466: XML-RPC server binding to 0.0.0.0:0
[xmlrpc][INFO] 2016-06-09 15:41:49,466: Started XML-RPC server [http://cmeintel-desktop:45773/]
[rospy.init][INFO] 2016-06-09 15:41:49,466: ROS Slave URI: [http://cmeintel-desktop:45773/]
[rospy.impl.masterslave][INFO] 2016-06-09 15:41:49,466: _ready: http://cmeintel-desktop:45773/
[rospy.registration][INFO] 2016-06-09 15:41:49,467: Registering with master node http://localhost:11311
[xmlrpc][INFO] 2016-06-09 15:41:49,467: xml rpc node: starting XML-RPC server
[rospy.init][INFO] 2016-06-09 15:41:49,567: registered with master
[rospy.rosout][INFO] 2016-06-09 15:41:49,567: initializing /rosout core topic
[rospy.rosout][INFO] 2016-06-09 15:41:49,569: connected to core topic /rosout
[rospy.simtime][INFO] 2016-06-09 15:41:49,570: /use_sim_time is not set, will not subscribe to simulated time [/clock] topic
[rosout][INFO] 2016-06-09 15:41:49,572: Loading model xml from file
[rosout][INFO] 2016-06-09 15:41:49,572: Waiting for service /gazebo/spawn_sdf_model
[rosout][INFO] 2016-06-09 15:41:49,574: Calling service /gazebo/spawn_sdf_model
[rospy.internal][INFO] 2016-06-09 15:41:49,854: topic[/rosout] adding connection to [/rosout], count 0
[rosout][INFO] 2016-06-09 15:41:49,925: Spawn status: SpawnModel: Successfully spawned model
[rospy.core][INFO] 2016-06-09 15:41:49,926: signal_shutdown [atexit]
[rospy.internal][INFO] 2016-06-09 15:41:49,928: topic[/rosout] removing connection to /rosout
[rospy.impl.masterslave][INFO] 2016-06-09 15:41:49,928: atexit
[rospy.client][INFO] 2016-06-09 15:45:03,827: init_node, name[/spawn_the_box1], pid[17393]
[xmlrpc][INFO] 2016-06-09 15:45:03,827: XML-RPC server binding to 0.0.0.0:0
[xmlrpc][INFO] 2016-06-09 15:45:03,827: Started XML-RPC server [http://cmeintel-desktop:41073/]
[rospy.impl.masterslave][INFO] 2016-06-09 15:45:03,827: _ready: http://cmeintel-desktop:41073/
[rospy.init][INFO] 2016-06-09 15:45:03,828: ROS Slave URI: [http://cmeintel-desktop:41073/]
[rospy.registration][INFO] 2016-06-09 15:45:03,828: Registering with master node http://localhost:11311
[xmlrpc][INFO] 2016-06-09 15:45:03,828: xml rpc node: starting XML-RPC server
[rospy.init][INFO] 2016-06-09 15:45:03,928: registered with master
[rospy.rosout][INFO] 2016-06-09 15:45:03,928: initializing /rosout core topic
[rospy.rosout][INFO] 2016-06-09 15:45:03,930: connected to core topic /rosout
[rospy.simtime][INFO] 2016-06-09 15:45:03,931: /use_sim_time is not set, will not subscribe to simulated time [/clock] topic
[rosout][INFO] 2016-06-09 15:45:03,933: Loading model xml from file
[rosout][INFO] 2016-06-09 15:45:03,933: Waiting for service /gazebo/spawn_sdf_model
[rosout][INFO] 2016-06-09 15:45:03,934: Calling service /gazebo/spawn_sdf_model
[rospy.internal][INFO] 2016-06-09 15:45:04,106: topic[/rosout] adding connection to [/rosout], count 0
[rosout][INFO] 2016-06-09 15:45:04,120: Spawn status: SpawnModel: Successfully spawned model
[rospy.core][INFO] 2016-06-09 15:45:04,120: signal_shutdown [atexit]
[rospy.internal][INFO] 2016-06-09 15:45:04,122: topic[/rosout] removing connection to /rosout
[rospy.impl.masterslave][INFO] 2016-06-09 15:45:04,122: atexit
[rospy.client][INFO] 2016-06-09 15:48:42,890: init_node, name[/spawn_the_box1], pid[17602]
[xmlrpc][INFO] 2016-06-09 15:48:42,890: XML-RPC server binding to 0.0.0.0:0
[xmlrpc][INFO] 2016-06-09 15:48:42,890: Started XML-RPC server [http://cmeintel-desktop:45383/]
[rospy.init][INFO] 2016-06-09 15:48:42,890: ROS Slave URI: [http://cmeintel-desktop:45383/]
[rospy.impl.masterslave][INFO] 2016-06-09 15:48:42,890: _ready: http://cmeintel-desktop:45383/
[xmlrpc][INFO] 2016-06-09 15:48:42,890: xml rpc node: starting XML-RPC server
[rospy.registration][INFO] 2016-06-09 15:48:42,891: Registering with master node http://localhost:11311
[rospy.init][INFO] 2016-06-09 15:48:42,990: registered with master
[rospy.rosout][INFO] 2016-06-09 15:48:42,991: initializing /rosout core topic
[rospy.rosout][INFO] 2016-06-09 15:48:42,992: connected to core topic /rosout
[rospy.simtime][INFO] 2016-06-09 15:48:42,993: /use_sim_time is not set, will not subscribe to simulated time [/clock] topic
[rosout][INFO] 2016-06-09 15:48:42,995: Loading model xml from file
[rosout][INFO] 2016-06-09 15:48:42,996: Waiting for service /gazebo/spawn_sdf_model
[rosout][INFO] 2016-06-09 15:48:42,997: Calling service /gazebo/spawn_sdf_model
[rosout][INFO] 2016-06-09 15:48:42,999: Spawn status: SpawnModel: Failure - model already exists.
[rospy.core][INFO] 2016-06-09 15:48:42,999: signal_shutdown [atexit]
[rospy.impl.masterslave][INFO] 2016-06-09 15:48:43,000: atexit
