[rospy.client][INFO] 2016-06-09 15:34:20,394: init_node, name[/spawn_the_box5], pid[15931]
[xmlrpc][INFO] 2016-06-09 15:34:20,394: XML-RPC server binding to 0.0.0.0:0
[xmlrpc][INFO] 2016-06-09 15:34:20,395: Started XML-RPC server [http://cmeintel-desktop:44056/]
[rospy.impl.masterslave][INFO] 2016-06-09 15:34:20,395: _ready: http://cmeintel-desktop:44056/
[rospy.init][INFO] 2016-06-09 15:34:20,401: ROS Slave URI: [http://cmeintel-desktop:44056/]
[rospy.registration][INFO] 2016-06-09 15:34:20,402: Registering with master node http://localhost:11311
[xmlrpc][INFO] 2016-06-09 15:34:20,402: xml rpc node: starting XML-RPC server
[rospy.init][INFO] 2016-06-09 15:34:20,501: registered with master
[rospy.rosout][INFO] 2016-06-09 15:34:20,502: initializing /rosout core topic
[rospy.rosout][INFO] 2016-06-09 15:34:20,503: connected to core topic /rosout
[rospy.simtime][INFO] 2016-06-09 15:34:20,504: /use_sim_time is not set, will not subscribe to simulated time [/clock] topic
[rosout][INFO] 2016-06-09 15:34:20,506: Loading model xml from file
[rosout][INFO] 2016-06-09 15:34:20,506: Waiting for service /gazebo/spawn_sdf_model
[rosout][INFO] 2016-06-09 15:34:20,507: Calling service /gazebo/spawn_sdf_model
[rospy.internal][INFO] 2016-06-09 15:34:20,846: topic[/rosout] adding connection to [/rosout], count 0
[rosout][INFO] 2016-06-09 15:34:21,049: Spawn status: SpawnModel: Successfully spawned model
[rospy.core][INFO] 2016-06-09 15:34:21,049: signal_shutdown [atexit]
[rospy.internal][INFO] 2016-06-09 15:34:21,052: topic[/rosout] removing connection to /rosout
[rospy.impl.masterslave][INFO] 2016-06-09 15:34:21,052: atexit
[rospy.client][INFO] 2016-06-09 15:35:54,623: init_node, name[/spawn_the_box5], pid[16279]
[xmlrpc][INFO] 2016-06-09 15:35:54,623: XML-RPC server binding to 0.0.0.0:0
[xmlrpc][INFO] 2016-06-09 15:35:54,623: Started XML-RPC server [http://cmeintel-desktop:44446/]
[rospy.init][INFO] 2016-06-09 15:35:54,624: ROS Slave URI: [http://cmeintel-desktop:44446/]
[rospy.impl.masterslave][INFO] 2016-06-09 15:35:54,624: _ready: http://cmeintel-desktop:44446/
[rospy.registration][INFO] 2016-06-09 15:35:54,624: Registering with master node http://localhost:11311
[xmlrpc][INFO] 2016-06-09 15:35:54,625: xml rpc node: starting XML-RPC server
[rospy.init][INFO] 2016-06-09 15:35:54,724: registered with master
[rospy.rosout][INFO] 2016-06-09 15:35:54,724: initializing /rosout core topic
[rospy.rosout][INFO] 2016-06-09 15:35:54,726: connected to core topic /rosout
[rospy.simtime][INFO] 2016-06-09 15:35:54,727: /use_sim_time is not set, will not subscribe to simulated time [/clock] topic
[rosout][INFO] 2016-06-09 15:35:54,740: Loading model xml from file
[rosout][INFO] 2016-06-09 15:35:54,740: Waiting for service /gazebo/spawn_sdf_model
[rosout][INFO] 2016-06-09 15:35:54,741: Calling service /gazebo/spawn_sdf_model
[rospy.internal][INFO] 2016-06-09 15:35:55,092: topic[/rosout] adding connection to [/rosout], count 0
[rosout][INFO] 2016-06-09 15:35:55,743: Spawn status: SpawnModel: Successfully spawned model
[rospy.core][INFO] 2016-06-09 15:35:55,743: signal_shutdown [atexit]
[rospy.internal][INFO] 2016-06-09 15:35:55,745: topic[/rosout] removing connection to /rosout
[rospy.impl.masterslave][INFO] 2016-06-09 15:35:55,745: atexit
[rospy.client][INFO] 2016-06-09 15:37:42,550: init_node, name[/spawn_the_box5], pid[16545]
[xmlrpc][INFO] 2016-06-09 15:37:42,550: XML-RPC server binding to 0.0.0.0:0
[xmlrpc][INFO] 2016-06-09 15:37:42,550: Started XML-RPC server [http://cmeintel-desktop:35026/]
[rospy.init][INFO] 2016-06-09 15:37:42,550: ROS Slave URI: [http://cmeintel-desktop:35026/]
[rospy.impl.masterslave][INFO] 2016-06-09 15:37:42,550: _ready: http://cmeintel-desktop:35026/
[xmlrpc][INFO] 2016-06-09 15:37:42,551: xml rpc node: starting XML-RPC server
[rospy.registration][INFO] 2016-06-09 15:37:42,551: Registering with master node http://localhost:11311
[rospy.init][INFO] 2016-06-09 15:37:42,651: registered with master
[rospy.rosout][INFO] 2016-06-09 15:37:42,651: initializing /rosout core topic
[rospy.rosout][INFO] 2016-06-09 15:37:42,652: connected to core topic /rosout
[rospy.simtime][INFO] 2016-06-09 15:37:42,653: /use_sim_time is not set, will not subscribe to simulated time [/clock] topic
[rosout][INFO] 2016-06-09 15:37:42,656: Loading model xml from file
[rosout][INFO] 2016-06-09 15:37:42,656: Waiting for service /gazebo/spawn_sdf_model
[rosout][INFO] 2016-06-09 15:37:42,657: Calling service /gazebo/spawn_sdf_model
[rospy.internal][INFO] 2016-06-09 15:37:42,937: topic[/rosout] adding connection to [/rosout], count 0
[rosout][INFO] 2016-06-09 15:37:43,022: Spawn status: SpawnModel: Successfully spawned model
[rospy.core][INFO] 2016-06-09 15:37:43,022: signal_shutdown [atexit]
[rospy.internal][INFO] 2016-06-09 15:37:43,024: topic[/rosout] removing connection to /rosout
[rospy.impl.masterslave][INFO] 2016-06-09 15:37:43,024: atexit
[rospy.client][INFO] 2016-06-09 15:41:49,593: init_node, name[/spawn_the_box5], pid[17043]
[xmlrpc][INFO] 2016-06-09 15:41:49,594: XML-RPC server binding to 0.0.0.0:0
[xmlrpc][INFO] 2016-06-09 15:41:49,594: Started XML-RPC server [http://cmeintel-desktop:46164/]
[rospy.impl.masterslave][INFO] 2016-06-09 15:41:49,594: _ready: http://cmeintel-desktop:46164/
[rospy.init][INFO] 2016-06-09 15:41:49,594: ROS Slave URI: [http://cmeintel-desktop:46164/]
[xmlrpc][INFO] 2016-06-09 15:41:49,594: xml rpc node: starting XML-RPC server
[rospy.registration][INFO] 2016-06-09 15:41:49,595: Registering with master node http://localhost:11311
[rospy.init][INFO] 2016-06-09 15:41:49,694: registered with master
[rospy.rosout][INFO] 2016-06-09 15:41:49,695: initializing /rosout core topic
[rospy.rosout][INFO] 2016-06-09 15:41:49,697: connected to core topic /rosout
[rospy.simtime][INFO] 2016-06-09 15:41:49,698: /use_sim_time is not set, will not subscribe to simulated time [/clock] topic
[rosout][INFO] 2016-06-09 15:41:49,706: Loading model xml from file
[rosout][INFO] 2016-06-09 15:41:49,706: Waiting for service /gazebo/spawn_sdf_model
[rosout][INFO] 2016-06-09 15:41:49,708: Calling service /gazebo/spawn_sdf_model
[rospy.internal][INFO] 2016-06-09 15:41:49,854: topic[/rosout] adding connection to [/rosout], count 0
[rosout][INFO] 2016-06-09 15:41:50,352: Spawn status: SpawnModel: Successfully spawned model
[rospy.core][INFO] 2016-06-09 15:41:50,352: signal_shutdown [atexit]
[rospy.internal][INFO] 2016-06-09 15:41:50,355: topic[/rosout] removing connection to /rosout
[rospy.impl.masterslave][INFO] 2016-06-09 15:41:50,355: atexit
[rospy.client][INFO] 2016-06-09 15:45:04,030: init_node, name[/spawn_the_box5], pid[17397]
[xmlrpc][INFO] 2016-06-09 15:45:04,031: XML-RPC server binding to 0.0.0.0:0
[xmlrpc][INFO] 2016-06-09 15:45:04,031: Started XML-RPC server [http://cmeintel-desktop:40051/]
[rospy.init][INFO] 2016-06-09 15:45:04,031: ROS Slave URI: [http://cmeintel-desktop:40051/]
[rospy.impl.masterslave][INFO] 2016-06-09 15:45:04,031: _ready: http://cmeintel-desktop:40051/
[rospy.registration][INFO] 2016-06-09 15:45:04,032: Registering with master node http://localhost:11311
[xmlrpc][INFO] 2016-06-09 15:45:04,032: xml rpc node: starting XML-RPC server
[rospy.init][INFO] 2016-06-09 15:45:04,131: registered with master
[rospy.rosout][INFO] 2016-06-09 15:45:04,131: initializing /rosout core topic
[rospy.rosout][INFO] 2016-06-09 15:45:04,133: connected to core topic /rosout
[rospy.simtime][INFO] 2016-06-09 15:45:04,134: /use_sim_time is not set, will not subscribe to simulated time [/clock] topic
[rosout][INFO] 2016-06-09 15:45:04,136: Loading model xml from file
[rosout][INFO] 2016-06-09 15:45:04,137: Waiting for service /gazebo/spawn_sdf_model
[rosout][INFO] 2016-06-09 15:45:04,138: Calling service /gazebo/spawn_sdf_model
[rospy.internal][INFO] 2016-06-09 15:45:04,409: topic[/rosout] adding connection to [/rosout], count 0
[rosout][INFO] 2016-06-09 15:45:04,974: Spawn status: SpawnModel: Successfully spawned model
[rospy.core][INFO] 2016-06-09 15:45:04,975: signal_shutdown [atexit]
[rospy.internal][INFO] 2016-06-09 15:45:04,977: topic[/rosout] removing connection to /rosout
[rospy.impl.masterslave][INFO] 2016-06-09 15:45:04,977: atexit
[rospy.client][INFO] 2016-06-09 15:48:42,952: init_node, name[/spawn_the_box5], pid[17606]
[xmlrpc][INFO] 2016-06-09 15:48:42,953: XML-RPC server binding to 0.0.0.0:0
[xmlrpc][INFO] 2016-06-09 15:48:42,953: Started XML-RPC server [http://cmeintel-desktop:32844/]
[rospy.impl.masterslave][INFO] 2016-06-09 15:48:42,953: _ready: http://cmeintel-desktop:32844/
[rospy.init][INFO] 2016-06-09 15:48:42,953: ROS Slave URI: [http://cmeintel-desktop:32844/]
[xmlrpc][INFO] 2016-06-09 15:48:42,953: xml rpc node: starting XML-RPC server
[rospy.registration][INFO] 2016-06-09 15:48:42,954: Registering with master node http://localhost:11311
[rospy.init][INFO] 2016-06-09 15:48:43,053: registered with master
[rospy.rosout][INFO] 2016-06-09 15:48:43,053: initializing /rosout core topic
[rospy.rosout][INFO] 2016-06-09 15:48:43,055: connected to core topic /rosout
[rospy.simtime][INFO] 2016-06-09 15:48:43,056: /use_sim_time is not set, will not subscribe to simulated time [/clock] topic
[rosout][INFO] 2016-06-09 15:48:43,058: Loading model xml from file
[rosout][INFO] 2016-06-09 15:48:43,058: Waiting for service /gazebo/spawn_sdf_model
[rosout][INFO] 2016-06-09 15:48:43,059: Calling service /gazebo/spawn_sdf_model
[rosout][INFO] 2016-06-09 15:48:43,061: Spawn status: SpawnModel: Failure - model already exists.
[rospy.core][INFO] 2016-06-09 15:48:43,062: signal_shutdown [atexit]
[rospy.impl.masterslave][INFO] 2016-06-09 15:48:43,064: atexit
