[rospy.client][INFO] 2016-06-09 15:34:20,457: init_node, name[/spawn_the_box2], pid[15928]
[xmlrpc][INFO] 2016-06-09 15:34:20,457: XML-RPC server binding to 0.0.0.0:0
[xmlrpc][INFO] 2016-06-09 15:34:20,458: Started XML-RPC server [http://cmeintel-desktop:43100/]
[rospy.impl.masterslave][INFO] 2016-06-09 15:34:20,458: _ready: http://cmeintel-desktop:43100/
[rospy.registration][INFO] 2016-06-09 15:34:20,458: Registering with master node http://localhost:11311
[xmlrpc][INFO] 2016-06-09 15:34:20,458: xml rpc node: starting XML-RPC server
[rospy.init][INFO] 2016-06-09 15:34:20,459: ROS Slave URI: [http://cmeintel-desktop:43100/]
[rospy.init][INFO] 2016-06-09 15:34:20,459: registered with master
[rospy.rosout][INFO] 2016-06-09 15:34:20,459: initializing /rosout core topic
[rospy.rosout][INFO] 2016-06-09 15:34:20,461: connected to core topic /rosout
[rospy.simtime][INFO] 2016-06-09 15:34:20,462: /use_sim_time is not set, will not subscribe to simulated time [/clock] topic
[rosout][INFO] 2016-06-09 15:34:20,466: Loading model xml from file
[rosout][INFO] 2016-06-09 15:34:20,466: Waiting for service /gazebo/spawn_sdf_model
[rosout][INFO] 2016-06-09 15:34:20,468: Calling service /gazebo/spawn_sdf_model
[rosout][INFO] 2016-06-09 15:34:20,623: Spawn status: SpawnModel: Successfully spawned model
[rospy.core][INFO] 2016-06-09 15:34:20,624: signal_shutdown [atexit]
[rospy.impl.masterslave][INFO] 2016-06-09 15:34:20,627: atexit
[rospy.client][INFO] 2016-06-09 15:35:54,465: init_node, name[/spawn_the_box2], pid[16276]
[xmlrpc][INFO] 2016-06-09 15:35:54,466: XML-RPC server binding to 0.0.0.0:0
[xmlrpc][INFO] 2016-06-09 15:35:54,466: Started XML-RPC server [http://cmeintel-desktop:42608/]
[rospy.init][INFO] 2016-06-09 15:35:54,466: ROS Slave URI: [http://cmeintel-desktop:42608/]
[rospy.impl.masterslave][INFO] 2016-06-09 15:35:54,466: _ready: http://cmeintel-desktop:42608/
[xmlrpc][INFO] 2016-06-09 15:35:54,466: xml rpc node: starting XML-RPC server
[rospy.registration][INFO] 2016-06-09 15:35:54,467: Registering with master node http://localhost:11311
[rospy.init][INFO] 2016-06-09 15:35:54,566: registered with master
[rospy.rosout][INFO] 2016-06-09 15:35:54,566: initializing /rosout core topic
[rospy.rosout][INFO] 2016-06-09 15:35:54,568: connected to core topic /rosout
[rospy.simtime][INFO] 2016-06-09 15:35:54,569: /use_sim_time is not set, will not subscribe to simulated time [/clock] topic
[rosout][INFO] 2016-06-09 15:35:54,571: Loading model xml from file
[rosout][INFO] 2016-06-09 15:35:54,571: Waiting for service /gazebo/spawn_sdf_model
[rosout][INFO] 2016-06-09 15:35:54,572: Calling service /gazebo/spawn_sdf_model
[rospy.internal][INFO] 2016-06-09 15:35:54,689: topic[/rosout] adding connection to [/rosout], count 0
[rosout][INFO] 2016-06-09 15:35:54,896: Spawn status: SpawnModel: Successfully spawned model
[rospy.core][INFO] 2016-06-09 15:35:54,896: signal_shutdown [atexit]
[rospy.internal][INFO] 2016-06-09 15:35:54,898: topic[/rosout] removing connection to /rosout
[rospy.impl.masterslave][INFO] 2016-06-09 15:35:54,898: atexit
[rospy.client][INFO] 2016-06-09 15:37:42,547: init_node, name[/spawn_the_box2], pid[16542]
[xmlrpc][INFO] 2016-06-09 15:37:42,547: XML-RPC server binding to 0.0.0.0:0
[xmlrpc][INFO] 2016-06-09 15:37:42,547: Started XML-RPC server [http://cmeintel-desktop:45197/]
[rospy.init][INFO] 2016-06-09 15:37:42,547: ROS Slave URI: [http://cmeintel-desktop:45197/]
[rospy.impl.masterslave][INFO] 2016-06-09 15:37:42,547: _ready: http://cmeintel-desktop:45197/
[xmlrpc][INFO] 2016-06-09 15:37:42,547: xml rpc node: starting XML-RPC server
[rospy.registration][INFO] 2016-06-09 15:37:42,548: Registering with master node http://localhost:11311
[rospy.init][INFO] 2016-06-09 15:37:42,647: registered with master
[rospy.rosout][INFO] 2016-06-09 15:37:42,648: initializing /rosout core topic
[rospy.rosout][INFO] 2016-06-09 15:37:42,649: connected to core topic /rosout
[rospy.simtime][INFO] 2016-06-09 15:37:42,650: /use_sim_time is not set, will not subscribe to simulated time [/clock] topic
[rosout][INFO] 2016-06-09 15:37:42,653: Loading model xml from file
[rosout][INFO] 2016-06-09 15:37:42,653: Waiting for service /gazebo/spawn_sdf_model
[rosout][INFO] 2016-06-09 15:37:42,654: Calling service /gazebo/spawn_sdf_model
[rosout][INFO] 2016-06-09 15:37:42,815: Spawn status: SpawnModel: Successfully spawned model
[rospy.core][INFO] 2016-06-09 15:37:42,816: signal_shutdown [atexit]
[rospy.impl.masterslave][INFO] 2016-06-09 15:37:42,821: atexit
[rospy.client][INFO] 2016-06-09 15:41:49,458: init_node, name[/spawn_the_box2], pid[17040]
[xmlrpc][INFO] 2016-06-09 15:41:49,459: XML-RPC server binding to 0.0.0.0:0
[xmlrpc][INFO] 2016-06-09 15:41:49,459: Started XML-RPC server [http://cmeintel-desktop:35929/]
[rospy.impl.masterslave][INFO] 2016-06-09 15:41:49,459: _ready: http://cmeintel-desktop:35929/
[rospy.init][INFO] 2016-06-09 15:41:49,459: ROS Slave URI: [http://cmeintel-desktop:35929/]
[xmlrpc][INFO] 2016-06-09 15:41:49,459: xml rpc node: starting XML-RPC server
[rospy.registration][INFO] 2016-06-09 15:41:49,460: Registering with master node http://localhost:11311
[rospy.init][INFO] 2016-06-09 15:41:49,560: registered with master
[rospy.rosout][INFO] 2016-06-09 15:41:49,560: initializing /rosout core topic
[rospy.rosout][INFO] 2016-06-09 15:41:49,562: connected to core topic /rosout
[rospy.simtime][INFO] 2016-06-09 15:41:49,563: /use_sim_time is not set, will not subscribe to simulated time [/clock] topic
[rosout][INFO] 2016-06-09 15:41:49,565: Loading model xml from file
[rosout][INFO] 2016-06-09 15:41:49,566: Waiting for service /gazebo/spawn_sdf_model
[rosout][INFO] 2016-06-09 15:41:49,567: Calling service /gazebo/spawn_sdf_model
[rosout][INFO] 2016-06-09 15:41:49,713: Spawn status: SpawnModel: Successfully spawned model
[rospy.core][INFO] 2016-06-09 15:41:49,754: signal_shutdown [atexit]
[rospy.impl.masterslave][INFO] 2016-06-09 15:41:49,756: atexit
[rospy.client][INFO] 2016-06-09 15:45:03,863: init_node, name[/spawn_the_box2], pid[17394]
[xmlrpc][INFO] 2016-06-09 15:45:03,864: XML-RPC server binding to 0.0.0.0:0
[xmlrpc][INFO] 2016-06-09 15:45:03,864: Started XML-RPC server [http://cmeintel-desktop:40901/]
[rospy.impl.masterslave][INFO] 2016-06-09 15:45:03,864: _ready: http://cmeintel-desktop:40901/
[rospy.init][INFO] 2016-06-09 15:45:03,864: ROS Slave URI: [http://cmeintel-desktop:40901/]
[xmlrpc][INFO] 2016-06-09 15:45:03,864: xml rpc node: starting XML-RPC server
[rospy.registration][INFO] 2016-06-09 15:45:03,865: Registering with master node http://localhost:11311
[rospy.init][INFO] 2016-06-09 15:45:03,965: registered with master
[rospy.rosout][INFO] 2016-06-09 15:45:03,965: initializing /rosout core topic
[rospy.rosout][INFO] 2016-06-09 15:45:03,967: connected to core topic /rosout
[rospy.simtime][INFO] 2016-06-09 15:45:03,968: /use_sim_time is not set, will not subscribe to simulated time [/clock] topic
[rosout][INFO] 2016-06-09 15:45:03,972: Loading model xml from file
[rosout][INFO] 2016-06-09 15:45:03,972: Waiting for service /gazebo/spawn_sdf_model
[rosout][INFO] 2016-06-09 15:45:03,974: Calling service /gazebo/spawn_sdf_model
[rospy.internal][INFO] 2016-06-09 15:45:04,106: topic[/rosout] adding connection to [/rosout], count 0
[rosout][INFO] 2016-06-09 15:45:04,331: Spawn status: SpawnModel: Successfully spawned model
[rospy.core][INFO] 2016-06-09 15:45:04,331: signal_shutdown [atexit]
[rospy.internal][INFO] 2016-06-09 15:45:04,334: topic[/rosout] removing connection to /rosout
[rospy.impl.masterslave][INFO] 2016-06-09 15:45:04,334: atexit
[rospy.client][INFO] 2016-06-09 15:48:42,941: init_node, name[/spawn_the_box2], pid[17603]
[xmlrpc][INFO] 2016-06-09 15:48:42,942: XML-RPC server binding to 0.0.0.0:0
[xmlrpc][INFO] 2016-06-09 15:48:42,942: Started XML-RPC server [http://cmeintel-desktop:36534/]
[rospy.impl.masterslave][INFO] 2016-06-09 15:48:42,942: _ready: http://cmeintel-desktop:36534/
[rospy.registration][INFO] 2016-06-09 15:48:42,943: Registering with master node http://localhost:11311
[xmlrpc][INFO] 2016-06-09 15:48:42,943: xml rpc node: starting XML-RPC server
[rospy.init][INFO] 2016-06-09 15:48:42,943: ROS Slave URI: [http://cmeintel-desktop:36534/]
[rospy.init][INFO] 2016-06-09 15:48:42,943: registered with master
[rospy.rosout][INFO] 2016-06-09 15:48:42,943: initializing /rosout core topic
[rospy.rosout][INFO] 2016-06-09 15:48:42,946: connected to core topic /rosout
[rospy.simtime][INFO] 2016-06-09 15:48:42,947: /use_sim_time is not set, will not subscribe to simulated time [/clock] topic
[rosout][INFO] 2016-06-09 15:48:42,949: Loading model xml from file
[rosout][INFO] 2016-06-09 15:48:42,949: Waiting for service /gazebo/spawn_sdf_model
[rosout][INFO] 2016-06-09 15:48:42,950: Calling service /gazebo/spawn_sdf_model
[rosout][INFO] 2016-06-09 15:48:42,955: Spawn status: SpawnModel: Failure - model already exists.
[rospy.core][INFO] 2016-06-09 15:48:42,955: signal_shutdown [atexit]
[rospy.impl.masterslave][INFO] 2016-06-09 15:48:42,957: atexit
