[rospy.client][INFO] 2016-06-09 15:34:02,670: init_node, name[/spawn_urdf_world], pid[15452]
[xmlrpc][INFO] 2016-06-09 15:34:02,671: XML-RPC server binding to 0.0.0.0:0
[xmlrpc][INFO] 2016-06-09 15:34:02,671: Started XML-RPC server [http://cmeintel-desktop:38615/]
[rospy.init][INFO] 2016-06-09 15:34:02,671: ROS Slave URI: [http://cmeintel-desktop:38615/]
[rospy.impl.masterslave][INFO] 2016-06-09 15:34:02,671: _ready: http://cmeintel-desktop:38615/
[xmlrpc][INFO] 2016-06-09 15:34:02,671: xml rpc node: starting XML-RPC server
[rospy.registration][INFO] 2016-06-09 15:34:02,672: Registering with master node http://localhost:11311
[rospy.init][INFO] 2016-06-09 15:34:02,771: registered with master
[rospy.rosout][INFO] 2016-06-09 15:34:02,771: initializing /rosout core topic
[rospy.rosout][INFO] 2016-06-09 15:34:02,773: connected to core topic /rosout
[rospy.simtime][INFO] 2016-06-09 15:34:02,774: initializing /clock core topic
[rospy.simtime][INFO] 2016-06-09 15:34:02,776: connected to core topic /clock
[rosout][INFO] 2016-06-09 15:34:02,778: Loading model xml from ros parameter
[rosout][INFO] 2016-06-09 15:34:02,783: Waiting for service /gazebo/spawn_urdf_model
[rospy.internal][INFO] 2016-06-09 15:34:02,938: topic[/rosout] adding connection to [/rosout], count 0
[rospy.internal][INFO] 2016-06-09 15:34:03,350: topic[/clock] adding connection to [http://cmeintel-desktop:40256/], count 0
[rosout][INFO] 2016-06-09 15:34:03,387: Calling service /gazebo/spawn_urdf_model
[rosout][INFO] 2016-06-09 15:34:03,901: Spawn status: SpawnModel: Successfully spawned model
[rospy.core][INFO] 2016-06-09 15:34:03,901: signal_shutdown [atexit]
[rospy.internal][INFO] 2016-06-09 15:34:03,904: topic[/rosout] removing connection to /rosout
[rospy.internal][INFO] 2016-06-09 15:34:03,904: topic[/clock] removing connection to http://cmeintel-desktop:40256/
[rospy.impl.masterslave][INFO] 2016-06-09 15:34:03,904: atexit
