[rospy.client][INFO] 2016-06-09 15:34:20,449: init_node, name[/spawn_the_box4], pid[15930]
[xmlrpc][INFO] 2016-06-09 15:34:20,449: XML-RPC server binding to 0.0.0.0:0
[xmlrpc][INFO] 2016-06-09 15:34:20,449: Started XML-RPC server [http://cmeintel-desktop:34454/]
[rospy.init][INFO] 2016-06-09 15:34:20,449: ROS Slave URI: [http://cmeintel-desktop:34454/]
[rospy.impl.masterslave][INFO] 2016-06-09 15:34:20,450: _ready: http://cmeintel-desktop:34454/
[xmlrpc][INFO] 2016-06-09 15:34:20,450: xml rpc node: starting XML-RPC server
[rospy.registration][INFO] 2016-06-09 15:34:20,450: Registering with master node http://localhost:11311
[rospy.init][INFO] 2016-06-09 15:34:20,550: registered with master
[rospy.rosout][INFO] 2016-06-09 15:34:20,550: initializing /rosout core topic
[rospy.rosout][INFO] 2016-06-09 15:34:20,552: connected to core topic /rosout
[rospy.simtime][INFO] 2016-06-09 15:34:20,552: /use_sim_time is not set, will not subscribe to simulated time [/clock] topic
[rosout][INFO] 2016-06-09 15:34:20,554: Loading model xml from file
[rosout][INFO] 2016-06-09 15:34:20,555: Waiting for service /gazebo/spawn_sdf_model
[rosout][INFO] 2016-06-09 15:34:20,556: Calling service /gazebo/spawn_sdf_model
[rospy.internal][INFO] 2016-06-09 15:34:20,845: topic[/rosout] adding connection to [/rosout], count 0
[rosout][INFO] 2016-06-09 15:34:21,475: Spawn status: SpawnModel: Successfully spawned model
[rospy.core][INFO] 2016-06-09 15:34:21,475: signal_shutdown [atexit]
[rospy.internal][INFO] 2016-06-09 15:34:21,478: topic[/rosout] removing connection to /rosout
[rospy.impl.masterslave][INFO] 2016-06-09 15:34:21,478: atexit
[rospy.client][INFO] 2016-06-09 15:35:54,612: init_node, name[/spawn_the_box4], pid[16278]
[xmlrpc][INFO] 2016-06-09 15:35:54,612: XML-RPC server binding to 0.0.0.0:0
[xmlrpc][INFO] 2016-06-09 15:35:54,613: Started XML-RPC server [http://cmeintel-desktop:44429/]
[rospy.init][INFO] 2016-06-09 15:35:54,613: ROS Slave URI: [http://cmeintel-desktop:44429/]
[rospy.impl.masterslave][INFO] 2016-06-09 15:35:54,613: _ready: http://cmeintel-desktop:44429/
[rospy.registration][INFO] 2016-06-09 15:35:54,614: Registering with master node http://localhost:11311
[xmlrpc][INFO] 2016-06-09 15:35:54,614: xml rpc node: starting XML-RPC server
[rospy.init][INFO] 2016-06-09 15:35:54,713: registered with master
[rospy.rosout][INFO] 2016-06-09 15:35:54,713: initializing /rosout core topic
[rospy.rosout][INFO] 2016-06-09 15:35:54,715: connected to core topic /rosout
[rospy.simtime][INFO] 2016-06-09 15:35:54,717: /use_sim_time is not set, will not subscribe to simulated time [/clock] topic
[rosout][INFO] 2016-06-09 15:35:54,719: Loading model xml from file
[rosout][INFO] 2016-06-09 15:35:54,719: Waiting for service /gazebo/spawn_sdf_model
[rosout][INFO] 2016-06-09 15:35:54,720: Calling service /gazebo/spawn_sdf_model
[rospy.internal][INFO] 2016-06-09 15:35:54,892: topic[/rosout] adding connection to [/rosout], count 0
[rosout][INFO] 2016-06-09 15:35:55,532: Spawn status: SpawnModel: Successfully spawned model
[rospy.core][INFO] 2016-06-09 15:35:55,532: signal_shutdown [atexit]
[rospy.internal][INFO] 2016-06-09 15:35:55,535: topic[/rosout] removing connection to /rosout
[rospy.impl.masterslave][INFO] 2016-06-09 15:35:55,535: atexit
[rospy.client][INFO] 2016-06-09 15:37:42,616: init_node, name[/spawn_the_box4], pid[16544]
[xmlrpc][INFO] 2016-06-09 15:37:42,617: XML-RPC server binding to 0.0.0.0:0
[xmlrpc][INFO] 2016-06-09 15:37:42,617: Started XML-RPC server [http://cmeintel-desktop:33491/]
[rospy.impl.masterslave][INFO] 2016-06-09 15:37:42,617: _ready: http://cmeintel-desktop:33491/
[rospy.init][INFO] 2016-06-09 15:37:42,617: ROS Slave URI: [http://cmeintel-desktop:33491/]
[xmlrpc][INFO] 2016-06-09 15:37:42,618: xml rpc node: starting XML-RPC server
[rospy.registration][INFO] 2016-06-09 15:37:42,618: Registering with master node http://localhost:11311
[rospy.init][INFO] 2016-06-09 15:37:42,718: registered with master
[rospy.rosout][INFO] 2016-06-09 15:37:42,718: initializing /rosout core topic
[rospy.rosout][INFO] 2016-06-09 15:37:42,720: connected to core topic /rosout
[rospy.simtime][INFO] 2016-06-09 15:37:42,721: /use_sim_time is not set, will not subscribe to simulated time [/clock] topic
[rosout][INFO] 2016-06-09 15:37:42,723: Loading model xml from file
[rosout][INFO] 2016-06-09 15:37:42,723: Waiting for service /gazebo/spawn_sdf_model
[rosout][INFO] 2016-06-09 15:37:42,724: Calling service /gazebo/spawn_sdf_model
[rospy.internal][INFO] 2016-06-09 15:37:42,937: topic[/rosout] adding connection to [/rosout], count 0
[rosout][INFO] 2016-06-09 15:37:43,450: Spawn status: SpawnModel: Successfully spawned model
[rospy.core][INFO] 2016-06-09 15:37:43,451: signal_shutdown [atexit]
[rospy.internal][INFO] 2016-06-09 15:37:43,453: topic[/rosout] removing connection to /rosout
[rospy.impl.masterslave][INFO] 2016-06-09 15:37:43,453: atexit
[rospy.client][INFO] 2016-06-09 15:41:49,387: init_node, name[/spawn_the_box4], pid[17042]
[xmlrpc][INFO] 2016-06-09 15:41:49,387: XML-RPC server binding to 0.0.0.0:0
[xmlrpc][INFO] 2016-06-09 15:41:49,387: Started XML-RPC server [http://cmeintel-desktop:42750/]
[rospy.impl.masterslave][INFO] 2016-06-09 15:41:49,388: _ready: http://cmeintel-desktop:42750/
[rospy.registration][INFO] 2016-06-09 15:41:49,388: Registering with master node http://localhost:11311
[xmlrpc][INFO] 2016-06-09 15:41:49,389: xml rpc node: starting XML-RPC server
[rospy.init][INFO] 2016-06-09 15:41:49,389: ROS Slave URI: [http://cmeintel-desktop:42750/]
[rospy.init][INFO] 2016-06-09 15:41:49,389: registered with master
[rospy.rosout][INFO] 2016-06-09 15:41:49,389: initializing /rosout core topic
[rospy.rosout][INFO] 2016-06-09 15:41:49,393: connected to core topic /rosout
[rospy.simtime][INFO] 2016-06-09 15:41:49,395: /use_sim_time is not set, will not subscribe to simulated time [/clock] topic
[rosout][INFO] 2016-06-09 15:41:49,399: Loading model xml from file
[rosout][INFO] 2016-06-09 15:41:49,399: Waiting for service /gazebo/spawn_sdf_model
[rosout][INFO] 2016-06-09 15:41:49,401: Calling service /gazebo/spawn_sdf_model
[rosout][INFO] 2016-06-09 15:41:49,501: Spawn status: SpawnModel: Successfully spawned model
[rospy.core][INFO] 2016-06-09 15:41:49,552: signal_shutdown [atexit]
[rospy.impl.masterslave][INFO] 2016-06-09 15:41:49,554: atexit
[rospy.client][INFO] 2016-06-09 15:45:03,992: init_node, name[/spawn_the_box4], pid[17396]
[xmlrpc][INFO] 2016-06-09 15:45:03,992: XML-RPC server binding to 0.0.0.0:0
[xmlrpc][INFO] 2016-06-09 15:45:03,993: Started XML-RPC server [http://cmeintel-desktop:38031/]
[rospy.impl.masterslave][INFO] 2016-06-09 15:45:03,993: _ready: http://cmeintel-desktop:38031/
[rospy.init][INFO] 2016-06-09 15:45:03,993: ROS Slave URI: [http://cmeintel-desktop:38031/]
[xmlrpc][INFO] 2016-06-09 15:45:03,993: xml rpc node: starting XML-RPC server
[rospy.registration][INFO] 2016-06-09 15:45:03,993: Registering with master node http://localhost:11311
[rospy.init][INFO] 2016-06-09 15:45:04,094: registered with master
[rospy.rosout][INFO] 2016-06-09 15:45:04,094: initializing /rosout core topic
[rospy.rosout][INFO] 2016-06-09 15:45:04,096: connected to core topic /rosout
[rospy.simtime][INFO] 2016-06-09 15:45:04,097: /use_sim_time is not set, will not subscribe to simulated time [/clock] topic
[rosout][INFO] 2016-06-09 15:45:04,098: Loading model xml from file
[rosout][INFO] 2016-06-09 15:45:04,099: Waiting for service /gazebo/spawn_sdf_model
[rosout][INFO] 2016-06-09 15:45:04,100: Calling service /gazebo/spawn_sdf_model
[rospy.internal][INFO] 2016-06-09 15:45:04,309: topic[/rosout] adding connection to [/rosout], count 0
[rosout][INFO] 2016-06-09 15:45:04,762: Spawn status: SpawnModel: Successfully spawned model
[rospy.core][INFO] 2016-06-09 15:45:04,763: signal_shutdown [atexit]
[rospy.internal][INFO] 2016-06-09 15:45:04,765: topic[/rosout] removing connection to /rosout
[rospy.impl.masterslave][INFO] 2016-06-09 15:45:04,765: atexit
[rospy.client][INFO] 2016-06-09 15:48:42,931: init_node, name[/spawn_the_box4], pid[17605]
[xmlrpc][INFO] 2016-06-09 15:48:42,932: XML-RPC server binding to 0.0.0.0:0
[xmlrpc][INFO] 2016-06-09 15:48:42,932: Started XML-RPC server [http://cmeintel-desktop:35748/]
[rospy.impl.masterslave][INFO] 2016-06-09 15:48:42,932: _ready: http://cmeintel-desktop:35748/
[rospy.init][INFO] 2016-06-09 15:48:42,938: ROS Slave URI: [http://cmeintel-desktop:35748/]
[rospy.registration][INFO] 2016-06-09 15:48:42,939: Registering with master node http://localhost:11311
[xmlrpc][INFO] 2016-06-09 15:48:42,939: xml rpc node: starting XML-RPC server
[rospy.init][INFO] 2016-06-09 15:48:43,038: registered with master
[rospy.rosout][INFO] 2016-06-09 15:48:43,038: initializing /rosout core topic
[rospy.rosout][INFO] 2016-06-09 15:48:43,040: connected to core topic /rosout
[rospy.simtime][INFO] 2016-06-09 15:48:43,041: /use_sim_time is not set, will not subscribe to simulated time [/clock] topic
[rosout][INFO] 2016-06-09 15:48:43,043: Loading model xml from file
[rosout][INFO] 2016-06-09 15:48:43,043: Waiting for service /gazebo/spawn_sdf_model
[rosout][INFO] 2016-06-09 15:48:43,044: Calling service /gazebo/spawn_sdf_model
[rosout][INFO] 2016-06-09 15:48:43,046: Spawn status: SpawnModel: Failure - model already exists.
[rospy.core][INFO] 2016-06-09 15:48:43,046: signal_shutdown [atexit]
[rospy.impl.masterslave][INFO] 2016-06-09 15:48:43,048: atexit
