[rospy.client][INFO] 2016-06-09 15:34:20,516: init_node, name[/spawn_ragdoll], pid[15932]
[xmlrpc][INFO] 2016-06-09 15:34:20,516: XML-RPC server binding to 0.0.0.0:0
[xmlrpc][INFO] 2016-06-09 15:34:20,517: Started XML-RPC server [http://cmeintel-desktop:46317/]
[rospy.impl.masterslave][INFO] 2016-06-09 15:34:20,517: _ready: http://cmeintel-desktop:46317/
[rospy.init][INFO] 2016-06-09 15:34:20,517: ROS Slave URI: [http://cmeintel-desktop:46317/]
[xmlrpc][INFO] 2016-06-09 15:34:20,517: xml rpc node: starting XML-RPC server
[rospy.registration][INFO] 2016-06-09 15:34:20,517: Registering with master node http://localhost:11311
[rospy.init][INFO] 2016-06-09 15:34:20,618: registered with master
[rospy.rosout][INFO] 2016-06-09 15:34:20,618: initializing /rosout core topic
[rospy.rosout][INFO] 2016-06-09 15:34:20,620: connected to core topic /rosout
[rospy.simtime][INFO] 2016-06-09 15:34:20,620: /use_sim_time is not set, will not subscribe to simulated time [/clock] topic
[rosout][INFO] 2016-06-09 15:34:20,623: Loading model xml from file
[rospy.core][INFO] 2016-06-09 15:34:20,623: signal_shutdown [atexit]
[rospy.impl.masterslave][INFO] 2016-06-09 15:34:20,626: atexit
[rospy.client][INFO] 2016-06-09 15:35:54,594: init_node, name[/spawn_ragdoll], pid[16280]
[xmlrpc][INFO] 2016-06-09 15:35:54,595: XML-RPC server binding to 0.0.0.0:0
[xmlrpc][INFO] 2016-06-09 15:35:54,595: Started XML-RPC server [http://cmeintel-desktop:41547/]
[rospy.impl.masterslave][INFO] 2016-06-09 15:35:54,595: _ready: http://cmeintel-desktop:41547/
[rospy.registration][INFO] 2016-06-09 15:35:54,596: Registering with master node http://localhost:11311
[xmlrpc][INFO] 2016-06-09 15:35:54,596: xml rpc node: starting XML-RPC server
[rospy.init][INFO] 2016-06-09 15:35:54,596: ROS Slave URI: [http://cmeintel-desktop:41547/]
[rospy.init][INFO] 2016-06-09 15:35:54,596: registered with master
[rospy.rosout][INFO] 2016-06-09 15:35:54,596: initializing /rosout core topic
[rospy.rosout][INFO] 2016-06-09 15:35:54,599: connected to core topic /rosout
[rospy.simtime][INFO] 2016-06-09 15:35:54,602: /use_sim_time is not set, will not subscribe to simulated time [/clock] topic
[rosout][INFO] 2016-06-09 15:35:54,604: Loading model xml from file
[rosout][INFO] 2016-06-09 15:35:54,605: Waiting for service /gazebo/spawn_sdf_model
[rosout][INFO] 2016-06-09 15:35:54,606: Calling service /gazebo/spawn_sdf_model
[rospy.internal][INFO] 2016-06-09 15:35:54,790: topic[/rosout] adding connection to [/rosout], count 0
[rosout][INFO] 2016-06-09 15:35:55,107: Spawn status: SpawnModel: Successfully spawned model
[rospy.core][INFO] 2016-06-09 15:35:55,108: signal_shutdown [atexit]
[rospy.internal][INFO] 2016-06-09 15:35:55,110: topic[/rosout] removing connection to /rosout
[rospy.impl.masterslave][INFO] 2016-06-09 15:35:55,110: atexit
[rospy.client][INFO] 2016-06-09 15:37:42,592: init_node, name[/spawn_ragdoll], pid[16546]
[xmlrpc][INFO] 2016-06-09 15:37:42,592: XML-RPC server binding to 0.0.0.0:0
[xmlrpc][INFO] 2016-06-09 15:37:42,593: Started XML-RPC server [http://cmeintel-desktop:44968/]
[rospy.init][INFO] 2016-06-09 15:37:42,593: ROS Slave URI: [http://cmeintel-desktop:44968/]
[rospy.impl.masterslave][INFO] 2016-06-09 15:37:42,593: _ready: http://cmeintel-desktop:44968/
[xmlrpc][INFO] 2016-06-09 15:37:42,593: xml rpc node: starting XML-RPC server
[rospy.registration][INFO] 2016-06-09 15:37:42,593: Registering with master node http://localhost:11311
[rospy.init][INFO] 2016-06-09 15:37:42,693: registered with master
[rospy.rosout][INFO] 2016-06-09 15:37:42,693: initializing /rosout core topic
[rospy.rosout][INFO] 2016-06-09 15:37:42,695: connected to core topic /rosout
[rospy.simtime][INFO] 2016-06-09 15:37:42,696: /use_sim_time is not set, will not subscribe to simulated time [/clock] topic
[rosout][INFO] 2016-06-09 15:37:42,698: Loading model xml from file
[rospy.core][INFO] 2016-06-09 15:37:42,698: signal_shutdown [atexit]
[rospy.impl.masterslave][INFO] 2016-06-09 15:37:42,699: atexit
[rospy.client][INFO] 2016-06-09 15:41:49,596: init_node, name[/spawn_ragdoll], pid[17044]
[xmlrpc][INFO] 2016-06-09 15:41:49,597: XML-RPC server binding to 0.0.0.0:0
[xmlrpc][INFO] 2016-06-09 15:41:49,597: Started XML-RPC server [http://cmeintel-desktop:43852/]
[rospy.init][INFO] 2016-06-09 15:41:49,597: ROS Slave URI: [http://cmeintel-desktop:43852/]
[rospy.impl.masterslave][INFO] 2016-06-09 15:41:49,597: _ready: http://cmeintel-desktop:43852/
[rospy.registration][INFO] 2016-06-09 15:41:49,598: Registering with master node http://localhost:11311
[xmlrpc][INFO] 2016-06-09 15:41:49,598: xml rpc node: starting XML-RPC server
[rospy.init][INFO] 2016-06-09 15:41:49,697: registered with master
[rospy.rosout][INFO] 2016-06-09 15:41:49,698: initializing /rosout core topic
[rospy.rosout][INFO] 2016-06-09 15:41:49,700: connected to core topic /rosout
[rospy.simtime][INFO] 2016-06-09 15:41:49,706: /use_sim_time is not set, will not subscribe to simulated time [/clock] topic
[rosout][INFO] 2016-06-09 15:41:49,708: Loading model xml from file
[rospy.core][INFO] 2016-06-09 15:41:49,708: signal_shutdown [atexit]
[rospy.impl.masterslave][INFO] 2016-06-09 15:41:49,711: atexit
[rospy.client][INFO] 2016-06-09 15:45:03,971: init_node, name[/spawn_ragdoll], pid[17398]
[xmlrpc][INFO] 2016-06-09 15:45:03,971: XML-RPC server binding to 0.0.0.0:0
[xmlrpc][INFO] 2016-06-09 15:45:03,972: Started XML-RPC server [http://cmeintel-desktop:32836/]
[rospy.impl.masterslave][INFO] 2016-06-09 15:45:03,972: _ready: http://cmeintel-desktop:32836/
[rospy.init][INFO] 2016-06-09 15:45:03,972: ROS Slave URI: [http://cmeintel-desktop:32836/]
[rospy.registration][INFO] 2016-06-09 15:45:03,974: Registering with master node http://localhost:11311
[xmlrpc][INFO] 2016-06-09 15:45:03,974: xml rpc node: starting XML-RPC server
[rospy.init][INFO] 2016-06-09 15:45:04,073: registered with master
[rospy.rosout][INFO] 2016-06-09 15:45:04,073: initializing /rosout core topic
[rospy.rosout][INFO] 2016-06-09 15:45:04,075: connected to core topic /rosout
[rospy.simtime][INFO] 2016-06-09 15:45:04,076: /use_sim_time is not set, will not subscribe to simulated time [/clock] topic
[rosout][INFO] 2016-06-09 15:45:04,078: Loading model xml from file
[rospy.core][INFO] 2016-06-09 15:45:04,078: signal_shutdown [atexit]
[rospy.impl.masterslave][INFO] 2016-06-09 15:45:04,079: atexit
[rospy.client][INFO] 2016-06-09 15:48:42,982: init_node, name[/spawn_ragdoll], pid[17607]
[xmlrpc][INFO] 2016-06-09 15:48:42,983: XML-RPC server binding to 0.0.0.0:0
[xmlrpc][INFO] 2016-06-09 15:48:42,983: Started XML-RPC server [http://cmeintel-desktop:38479/]
[rospy.impl.masterslave][INFO] 2016-06-09 15:48:42,983: _ready: http://cmeintel-desktop:38479/
[rospy.init][INFO] 2016-06-09 15:48:42,983: ROS Slave URI: [http://cmeintel-desktop:38479/]
[rospy.registration][INFO] 2016-06-09 15:48:42,984: Registering with master node http://localhost:11311
[xmlrpc][INFO] 2016-06-09 15:48:42,984: xml rpc node: starting XML-RPC server
[rospy.init][INFO] 2016-06-09 15:48:43,084: registered with master
[rospy.rosout][INFO] 2016-06-09 15:48:43,084: initializing /rosout core topic
[rospy.rosout][INFO] 2016-06-09 15:48:43,086: connected to core topic /rosout
[rospy.simtime][INFO] 2016-06-09 15:48:43,087: /use_sim_time is not set, will not subscribe to simulated time [/clock] topic
[rosout][INFO] 2016-06-09 15:48:43,091: Loading model xml from file
[rospy.core][INFO] 2016-06-09 15:48:43,190: signal_shutdown [atexit]
[rospy.impl.masterslave][INFO] 2016-06-09 15:48:43,192: atexit
