[rospy.client][INFO] 2016-06-09 11:56:06,528: init_node, name[/arm_left/gazebo_services], pid[3594]
[xmlrpc][INFO] 2016-06-09 11:56:06,528: XML-RPC server binding to 0.0.0.0:0
[xmlrpc][INFO] 2016-06-09 11:56:06,529: Started XML-RPC server [http://cmeintel-desktop:33589/]
[rospy.impl.masterslave][INFO] 2016-06-09 11:56:06,529: _ready: http://cmeintel-desktop:33589/
[rospy.registration][INFO] 2016-06-09 11:56:06,529: Registering with master node http://localhost:11311
[xmlrpc][INFO] 2016-06-09 11:56:06,530: xml rpc node: starting XML-RPC server
[rospy.init][INFO] 2016-06-09 11:56:06,530: ROS Slave URI: [http://cmeintel-desktop:33589/]
[rospy.init][INFO] 2016-06-09 11:56:06,530: registered with master
[rospy.rosout][INFO] 2016-06-09 11:56:06,530: initializing /rosout core topic
[rospy.rosout][INFO] 2016-06-09 11:56:06,540: connected to core topic /rosout
[rospy.simtime][INFO] 2016-06-09 11:56:06,545: initializing /clock core topic
[rospy.simtime][INFO] 2016-06-09 11:56:06,553: connected to core topic /clock
[rosout][INFO] 2016-06-09 11:56:06,573: gazebo_services running
[rospy.internal][INFO] 2016-06-09 11:56:06,716: topic[/rosout] adding connection to [/rosout], count 0
[rospy.internal][INFO] 2016-06-09 11:56:14,229: topic[/clock] adding connection to [http://cmeintel-desktop:38681/], count 0
[rospy.core][INFO] 2016-06-09 13:28:26,627: signal_shutdown [signal-2]
[rospy.internal][INFO] 2016-06-09 13:28:26,630: topic[/rosout] removing connection to /rosout
[rospy.internal][INFO] 2016-06-09 13:28:26,630: topic[/clock] removing connection to http://cmeintel-desktop:38681/
[rospy.impl.masterslave][INFO] 2016-06-09 13:28:26,630: signal-2
[rospy.internal][ERROR] 2016-06-09 13:28:26,632: Traceback (most recent call last):
  File "/opt/ros/indigo/lib/python2.7/dist-packages/rospy/impl/tcpros_base.py", line 698, in receive_once
    self.stat_bytes += recv_buff(sock, b, p.buff_size)
  File "/opt/ros/indigo/lib/python2.7/dist-packages/rospy/impl/tcpros_base.py", line 103, in recv_buff
    d = sock.recv(buff_size)
error: [Errno 104] Connection reset by peer

[rospy.core][INFO] 2016-06-09 13:28:26,734: signal_shutdown [atexit]
