[rospy.client][INFO] 2016-06-09 11:56:06,566: init_node, name[/arm_right/gazebo_services], pid[3730]
[xmlrpc][INFO] 2016-06-09 11:56:06,566: XML-RPC server binding to 0.0.0.0:0
[xmlrpc][INFO] 2016-06-09 11:56:06,566: Started XML-RPC server [http://cmeintel-desktop:40537/]
[rospy.impl.masterslave][INFO] 2016-06-09 11:56:06,566: _ready: http://cmeintel-desktop:40537/
[xmlrpc][INFO] 2016-06-09 11:56:06,567: xml rpc node: starting XML-RPC server
[rospy.registration][INFO] 2016-06-09 11:56:06,567: Registering with master node http://localhost:11311
[rospy.init][INFO] 2016-06-09 11:56:06,567: ROS Slave URI: [http://cmeintel-desktop:40537/]
[rospy.init][INFO] 2016-06-09 11:56:06,567: registered with master
[rospy.rosout][INFO] 2016-06-09 11:56:06,568: initializing /rosout core topic
[rospy.rosout][INFO] 2016-06-09 11:56:06,573: connected to core topic /rosout
[rospy.simtime][INFO] 2016-06-09 11:56:06,576: initializing /clock core topic
[rospy.simtime][INFO] 2016-06-09 11:56:06,583: connected to core topic /clock
[rosout][INFO] 2016-06-09 11:56:06,628: gazebo_services running
[rospy.internal][INFO] 2016-06-09 11:56:06,821: topic[/rosout] adding connection to [/rosout], count 0
[rospy.internal][INFO] 2016-06-09 11:56:14,209: topic[/clock] adding connection to [http://cmeintel-desktop:38681/], count 0
[rospy.core][INFO] 2016-06-09 13:28:26,351: signal_shutdown [signal-2]
[rospy.internal][INFO] 2016-06-09 13:28:26,355: topic[/rosout] removing connection to /rosout
[rospy.internal][INFO] 2016-06-09 13:28:26,355: topic[/clock] removing connection to http://cmeintel-desktop:38681/
[rospy.impl.masterslave][INFO] 2016-06-09 13:28:26,356: signal-2
[rospy.core][INFO] 2016-06-09 13:28:26,487: signal_shutdown [atexit]
