[rospy.client][INFO] 2016-06-09 11:56:03,777: init_node, name[/base/gazebo_services], pid[3099]
[xmlrpc][INFO] 2016-06-09 11:56:03,777: XML-RPC server binding to 0.0.0.0:0
[xmlrpc][INFO] 2016-06-09 11:56:03,777: Started XML-RPC server [http://cmeintel-desktop:43417/]
[rospy.init][INFO] 2016-06-09 11:56:03,777: ROS Slave URI: [http://cmeintel-desktop:43417/]
[rospy.impl.masterslave][INFO] 2016-06-09 11:56:03,778: _ready: http://cmeintel-desktop:43417/
[rospy.registration][INFO] 2016-06-09 11:56:03,778: Registering with master node http://localhost:11311
[xmlrpc][INFO] 2016-06-09 11:56:03,778: xml rpc node: starting XML-RPC server
[rospy.init][INFO] 2016-06-09 11:56:03,878: registered with master
[rospy.rosout][INFO] 2016-06-09 11:56:03,878: initializing /rosout core topic
[rospy.rosout][INFO] 2016-06-09 11:56:03,880: connected to core topic /rosout
[rospy.simtime][INFO] 2016-06-09 11:56:03,882: initializing /clock core topic
[rospy.simtime][INFO] 2016-06-09 11:56:03,885: connected to core topic /clock
[rosout][INFO] 2016-06-09 11:56:03,893: gazebo_services running
[rospy.internal][INFO] 2016-06-09 11:56:04,173: topic[/rosout] adding connection to [/rosout], count 0
[rospy.internal][INFO] 2016-06-09 11:56:14,159: topic[/clock] adding connection to [http://cmeintel-desktop:38681/], count 0
[rospy.core][INFO] 2016-06-09 13:28:27,138: signal_shutdown [signal-2]
[rospy.internal][INFO] 2016-06-09 13:28:27,141: topic[/rosout] removing connection to /rosout
[rospy.internal][INFO] 2016-06-09 13:28:27,141: topic[/clock] removing connection to http://cmeintel-desktop:38681/
[rospy.impl.masterslave][INFO] 2016-06-09 13:28:27,142: signal-2
[rospy.core][INFO] 2016-06-09 13:28:27,259: signal_shutdown [atexit]
