[rospy.client][INFO] 2016-06-09 11:56:08,266: init_node, name[/dashboard_aggregator], pid[5224]
[xmlrpc][INFO] 2016-06-09 11:56:08,267: XML-RPC server binding to 0.0.0.0:0
[xmlrpc][INFO] 2016-06-09 11:56:08,267: Started XML-RPC server [http://cmeintel-desktop:36596/]
[rospy.init][INFO] 2016-06-09 11:56:08,267: ROS Slave URI: [http://cmeintel-desktop:36596/]
[rospy.impl.masterslave][INFO] 2016-06-09 11:56:08,267: _ready: http://cmeintel-desktop:36596/
[xmlrpc][INFO] 2016-06-09 11:56:08,267: xml rpc node: starting XML-RPC server
[rospy.registration][INFO] 2016-06-09 11:56:08,268: Registering with master node http://localhost:11311
[rospy.init][INFO] 2016-06-09 11:56:08,367: registered with master
[rospy.rosout][INFO] 2016-06-09 11:56:08,367: initializing /rosout core topic
[rospy.rosout][INFO] 2016-06-09 11:56:08,369: connected to core topic /rosout
[rospy.simtime][INFO] 2016-06-09 11:56:08,370: initializing /clock core topic
[rospy.simtime][INFO] 2016-06-09 11:56:08,372: connected to core topic /clock
[rospy.internal][INFO] 2016-06-09 11:56:08,631: topic[/rosout] adding connection to [/rosout], count 0
[rospy.internal][INFO] 2016-06-09 11:56:14,208: topic[/clock] adding connection to [http://cmeintel-desktop:38681/], count 0
[rospy.internal][INFO] 2016-06-09 11:56:16,662: topic[/diagnostics_toplevel_state] adding connection to [http://cmeintel-desktop:38824/], count 0
[rospy.internal][INFO] 2016-06-09 11:56:16,663: topic[/emergency_stop_state] adding connection to [http://cmeintel-desktop:34532/], count 0
[rospy.core][INFO] 2016-06-09 13:28:26,033: signal_shutdown [signal-2]
[rospy.internal][INFO] 2016-06-09 13:28:26,053: topic[/rosout] removing connection to /rosout
[rospy.internal][WARNING] 2016-06-09 13:28:26,054: Unknown error initiating TCP/IP socket to cmeintel-desktop:57573 (http://cmeintel-desktop:38824/): Traceback (most recent call last):
  File "/opt/ros/indigo/lib/python2.7/dist-packages/rospy/impl/tcpros_base.py", line 557, in connect
    self.read_header()
  File "/opt/ros/indigo/lib/python2.7/dist-packages/rospy/impl/tcpros_base.py", line 619, in read_header
    self._validate_header(read_ros_handshake_header(sock, self.read_buff, self.protocol.buff_size))
AttributeError: 'NoneType' object has no attribute 'buff_size'

[rospy.internal][INFO] 2016-06-09 13:28:26,054: topic[/diagnostics_toplevel_state] removing connection to http://cmeintel-desktop:38824/
[rospy.internal][INFO] 2016-06-09 13:28:26,054: topic[/clock] removing connection to http://cmeintel-desktop:38681/
[rospy.internal][INFO] 2016-06-09 13:28:26,054: topic[/emergency_stop_state] removing connection to http://cmeintel-desktop:34532/
[rospy.impl.masterslave][INFO] 2016-06-09 13:28:26,055: signal-2
[rospy.core][INFO] 2016-06-09 13:28:26,186: signal_shutdown [atexit]
