[rospy.client][INFO] 2016-06-09 11:56:03,779: init_node, name[/elevator], pid[3088]
[xmlrpc][INFO] 2016-06-09 11:56:03,780: XML-RPC server binding to 0.0.0.0:0
[xmlrpc][INFO] 2016-06-09 11:56:03,780: Started XML-RPC server [http://cmeintel-desktop:46324/]
[rospy.init][INFO] 2016-06-09 11:56:03,780: ROS Slave URI: [http://cmeintel-desktop:46324/]
[rospy.impl.masterslave][INFO] 2016-06-09 11:56:03,780: _ready: http://cmeintel-desktop:46324/
[xmlrpc][INFO] 2016-06-09 11:56:03,780: xml rpc node: starting XML-RPC server
[rospy.registration][INFO] 2016-06-09 11:56:03,781: Registering with master node http://localhost:11311
[rospy.init][INFO] 2016-06-09 11:56:03,880: registered with master
[rospy.rosout][INFO] 2016-06-09 11:56:03,880: initializing /rosout core topic
[rospy.rosout][INFO] 2016-06-09 11:56:03,882: connected to core topic /rosout
[rospy.simtime][INFO] 2016-06-09 11:56:03,884: initializing /clock core topic
[rospy.simtime][INFO] 2016-06-09 11:56:03,886: connected to core topic /clock
[rospy.internal][INFO] 2016-06-09 11:56:04,173: topic[/rosout] adding connection to [/rosout], count 0
[rospy.internal][INFO] 2016-06-09 11:56:14,211: topic[/clock] adding connection to [http://cmeintel-desktop:38681/], count 0
[rospy.internal][INFO] 2016-06-09 11:56:15,025: topic[/elevator_button1_bumper] adding connection to [http://cmeintel-desktop:38681/], count 0
[rospy.core][INFO] 2016-06-09 13:28:27,156: signal_shutdown [signal-2]
[rospy.internal][INFO] 2016-06-09 13:28:27,158: topic[/rosout] removing connection to /rosout
[rospy.internal][INFO] 2016-06-09 13:28:27,158: topic[/clock] removing connection to http://cmeintel-desktop:38681/
[rospy.internal][INFO] 2016-06-09 13:28:27,158: topic[/elevator_button1_bumper] removing connection to http://cmeintel-desktop:38681/
[rospy.impl.masterslave][INFO] 2016-06-09 13:28:27,159: signal-2
[rospy.core][INFO] 2016-06-09 13:28:27,290: signal_shutdown [atexit]
