[rospy.client][INFO] 2016-06-09 11:56:06,551: init_node, name[/gripper_right/gazebo_services], pid[3941]
[xmlrpc][INFO] 2016-06-09 11:56:06,552: XML-RPC server binding to 0.0.0.0:0
[xmlrpc][INFO] 2016-06-09 11:56:06,552: Started XML-RPC server [http://cmeintel-desktop:45115/]
[rospy.impl.masterslave][INFO] 2016-06-09 11:56:06,552: _ready: http://cmeintel-desktop:45115/
[rospy.init][INFO] 2016-06-09 11:56:06,552: ROS Slave URI: [http://cmeintel-desktop:45115/]
[rospy.registration][INFO] 2016-06-09 11:56:06,553: Registering with master node http://localhost:11311
[xmlrpc][INFO] 2016-06-09 11:56:06,554: xml rpc node: starting XML-RPC server
[rospy.init][INFO] 2016-06-09 11:56:06,653: registered with master
[rospy.rosout][INFO] 2016-06-09 11:56:06,653: initializing /rosout core topic
[rospy.rosout][INFO] 2016-06-09 11:56:06,657: connected to core topic /rosout
[rospy.simtime][INFO] 2016-06-09 11:56:06,661: initializing /clock core topic
[rospy.simtime][INFO] 2016-06-09 11:56:06,675: connected to core topic /clock
[rosout][INFO] 2016-06-09 11:56:06,694: gazebo_services running
[rospy.internal][INFO] 2016-06-09 11:56:06,922: topic[/rosout] adding connection to [/rosout], count 0
[rospy.internal][INFO] 2016-06-09 11:56:14,221: topic[/clock] adding connection to [http://cmeintel-desktop:38681/], count 0
[rospy.core][INFO] 2016-06-09 13:28:26,049: signal_shutdown [signal-2]
[rospy.internal][INFO] 2016-06-09 13:28:26,056: topic[/rosout] removing connection to /rosout
[rospy.internal][INFO] 2016-06-09 13:28:26,056: topic[/clock] removing connection to http://cmeintel-desktop:38681/
[rospy.impl.masterslave][INFO] 2016-06-09 13:28:26,056: signal-2
[rospy.core][INFO] 2016-06-09 13:28:26,672: signal_shutdown [atexit]
