[rospy.client][INFO] 2016-06-09 11:56:08,226: init_node, name[/joint_state_publisher], pid[3098]
[xmlrpc][INFO] 2016-06-09 11:56:08,226: XML-RPC server binding to 0.0.0.0:0
[xmlrpc][INFO] 2016-06-09 11:56:08,226: Started XML-RPC server [http://cmeintel-desktop:36216/]
[rospy.init][INFO] 2016-06-09 11:56:08,226: ROS Slave URI: [http://cmeintel-desktop:36216/]
[rospy.impl.masterslave][INFO] 2016-06-09 11:56:08,227: _ready: http://cmeintel-desktop:36216/
[rospy.registration][INFO] 2016-06-09 11:56:08,227: Registering with master node http://localhost:11311
[xmlrpc][INFO] 2016-06-09 11:56:08,227: xml rpc node: starting XML-RPC server
[rospy.init][INFO] 2016-06-09 11:56:08,327: registered with master
[rospy.rosout][INFO] 2016-06-09 11:56:08,327: initializing /rosout core topic
[rospy.rosout][INFO] 2016-06-09 11:56:08,329: connected to core topic /rosout
[rospy.simtime][INFO] 2016-06-09 11:56:08,330: initializing /clock core topic
[rospy.simtime][INFO] 2016-06-09 11:56:08,332: connected to core topic /clock
[rospy.internal][INFO] 2016-06-09 11:56:08,530: topic[/rosout] adding connection to [/rosout], count 0
[rospy.internal][INFO] 2016-06-09 11:56:08,637: topic[/joint_states] adding connection to [/robot_state_publisher], count 0
[rospy.internal][INFO] 2016-06-09 11:56:14,217: topic[/clock] adding connection to [http://cmeintel-desktop:38681/], count 0
[rospy.internal][INFO] 2016-06-09 11:56:26,633: topic[/base/joint_states] adding connection to [http://cmeintel-desktop:38681/], count 0
[rospy.internal][INFO] 2016-06-09 11:56:26,747: topic[/sensorring/joint_states] adding connection to [http://cmeintel-desktop:38681/], count 0
[rospy.internal][INFO] 2016-06-09 11:56:26,747: topic[/torso/joint_states] adding connection to [http://cmeintel-desktop:38681/], count 0
[rospy.internal][INFO] 2016-06-09 11:56:27,461: topic[/arm_left/joint_states] adding connection to [http://cmeintel-desktop:38681/], count 0
[rospy.internal][INFO] 2016-06-09 11:56:27,462: topic[/arm_right/joint_states] adding connection to [http://cmeintel-desktop:38681/], count 0
[rospy.internal][INFO] 2016-06-09 11:56:27,576: topic[/gripper_right/joint_states] adding connection to [http://cmeintel-desktop:38681/], count 0
[rospy.internal][INFO] 2016-06-09 11:56:27,577: topic[/gripper_left/joint_states] adding connection to [http://cmeintel-desktop:38681/], count 0
[rospy.core][INFO] 2016-06-09 13:28:27,144: signal_shutdown [signal-2]
[rospy.internal][INFO] 2016-06-09 13:28:27,148: topic[/joint_states] removing connection to /robot_state_publisher
[rospy.internal][INFO] 2016-06-09 13:28:27,148: topic[/rosout] removing connection to /rosout
[rospy.internal][INFO] 2016-06-09 13:28:27,148: topic[/arm_right/joint_states] removing connection to http://cmeintel-desktop:38681/
[rospy.internal][INFO] 2016-06-09 13:28:27,148: topic[/torso/joint_states] removing connection to http://cmeintel-desktop:38681/
[rospy.internal][INFO] 2016-06-09 13:28:27,149: topic[/sensorring/joint_states] removing connection to http://cmeintel-desktop:38681/
[rospy.internal][INFO] 2016-06-09 13:28:27,149: topic[/clock] removing connection to http://cmeintel-desktop:38681/
[rospy.internal][INFO] 2016-06-09 13:28:27,149: topic[/base/joint_states] removing connection to http://cmeintel-desktop:38681/
[rospy.internal][INFO] 2016-06-09 13:28:27,149: topic[/gripper_left/joint_states] removing connection to http://cmeintel-desktop:38681/
[rospy.internal][WARNING] 2016-06-09 13:28:27,150: Unknown error initiating TCP/IP socket to cmeintel-desktop:40458 (http://cmeintel-desktop:38681/): Traceback (most recent call last):
  File "/opt/ros/indigo/lib/python2.7/dist-packages/rospy/impl/tcpros_base.py", line 556, in connect
    self.write_header()
  File "/opt/ros/indigo/lib/python2.7/dist-packages/rospy/impl/tcpros_base.py", line 606, in write_header
    sock.setblocking(1)
  File "/usr/lib/python2.7/socket.py", line 224, in meth
    return getattr(self._sock,name)(*args)
  File "/usr/lib/python2.7/socket.py", line 170, in _dummy
    raise error(EBADF, 'Bad file descriptor')
error: [Errno 9] Bad file descriptor

[rospy.internal][WARNING] 2016-06-09 13:28:27,150: Unknown error initiating TCP/IP socket to cmeintel-desktop:40458 (http://cmeintel-desktop:38681/): Traceback (most recent call last):
  File "/opt/ros/indigo/lib/python2.7/dist-packages/rospy/impl/tcpros_base.py", line 558, in connect
    self.local_endpoint = self.socket.getsockname()
AttributeError: 'NoneType' object has no attribute 'getsockname'

[rospy.internal][INFO] 2016-06-09 13:28:27,149: topic[/arm_left/joint_states] removing connection to http://cmeintel-desktop:38681/
[rospy.internal][INFO] 2016-06-09 13:28:27,150: topic[/gripper_right/joint_states] removing connection to http://cmeintel-desktop:38681/
[rospy.impl.masterslave][INFO] 2016-06-09 13:28:27,150: signal-2
[rospy.core][INFO] 2016-06-09 13:28:27,767: signal_shutdown [atexit]
