[rospy.client][INFO] 2016-06-09 11:56:05,525: init_node, name[/relayboard_node], pid[3472]
[xmlrpc][INFO] 2016-06-09 11:56:05,528: XML-RPC server binding to 0.0.0.0:0
[xmlrpc][INFO] 2016-06-09 11:56:05,528: Started XML-RPC server [http://cmeintel-desktop:34532/]
[rospy.init][INFO] 2016-06-09 11:56:05,528: ROS Slave URI: [http://cmeintel-desktop:34532/]
[rospy.impl.masterslave][INFO] 2016-06-09 11:56:05,528: _ready: http://cmeintel-desktop:34532/
[rospy.registration][INFO] 2016-06-09 11:56:05,529: Registering with master node http://localhost:11311
[xmlrpc][INFO] 2016-06-09 11:56:05,529: xml rpc node: starting XML-RPC server
[rospy.init][INFO] 2016-06-09 11:56:05,628: registered with master
[rospy.rosout][INFO] 2016-06-09 11:56:05,628: initializing /rosout core topic
[rospy.rosout][INFO] 2016-06-09 11:56:05,630: connected to core topic /rosout
[rospy.simtime][INFO] 2016-06-09 11:56:05,631: initializing /clock core topic
[rospy.simtime][INFO] 2016-06-09 11:56:05,632: connected to core topic /clock
[rospy.internal][INFO] 2016-06-09 11:56:05,879: topic[/rosout] adding connection to [/rosout], count 0
[rospy.internal][INFO] 2016-06-09 11:56:14,176: topic[/clock] adding connection to [http://cmeintel-desktop:38681/], count 0
[rospy.internal][INFO] 2016-06-09 11:56:16,663: topic[/emergency_stop_state] adding connection to [/dashboard_aggregator], count 0
[rospy.core][INFO] 2016-06-09 13:28:26,929: signal_shutdown [signal-2]
[rospy.internal][INFO] 2016-06-09 13:28:26,932: topic[/emergency_stop_state] removing connection to /dashboard_aggregator
[rospy.internal][INFO] 2016-06-09 13:28:26,932: topic[/rosout] removing connection to /rosout
[rospy.internal][INFO] 2016-06-09 13:28:26,932: topic[/clock] removing connection to http://cmeintel-desktop:38681/
[rospy.impl.masterslave][INFO] 2016-06-09 13:28:26,932: signal-2
[rospy.core][INFO] 2016-06-09 13:28:27,100: signal_shutdown [atexit]
