[roslaunch][INFO] 2016-06-09 13:18:07,220: Checking log directory for disk usage. This may take awhile.
Press Ctrl-C to interrupt
[roslaunch][INFO] 2016-06-09 13:18:07,225: Done checking log file disk usage. Usage is <1GB.
[roslaunch][INFO] 2016-06-09 13:18:07,225: roslaunch starting with args ['/opt/ros/indigo/bin/roslaunch', 'cob_bringup', 'rviz.launch']
[roslaunch][INFO] 2016-06-09 13:18:07,225: roslaunch env is {'ROBOT': 'cob4-2', 'LC_PAPER': 'de_DE.UTF-8', 'SHELL': '/bin/bash', 'XDG_DATA_DIRS': '/usr/share/ubuntu:/usr/share/gnome:/usr/local/share/:/usr/share/', 'MANDATORY_PATH': '/usr/share/gconf/ubuntu.mandatory.path', 'TERMINATOR_UUID': 'urn:uuid:ac1c2919-88e1-4ba6-aad4-c2828810acc2', 'COMPIZ_CONFIG_PROFILE': 'ubuntu', 'JOB': 'dbus', 'TEXTDOMAIN': 'im-config', 'XMODIFIERS': '@im=ibus', 'SELINUX_INIT': 'YES', 'XDG_RUNTIME_DIR': '/run/user/1000', 'LC_ADDRESS': 'de_DE.UTF-8', 'PYTHONPATH': '/home/cme-intel/git/catkin_ws/devel/lib/python2.7/dist-packages:/opt/ros/indigo/lib/python2.7/dist-packages', 'COMPIZ_BIN_PATH': '/usr/bin/', 'ROS_ROOT': '/opt/ros/indigo/share/ros', 'XDG_SESSION_ID': 'c2', 'DBUS_SESSION_BUS_ADDRESS': 'unix:abstract=/tmp/dbus-jJs6cWqVHt', 'ORBIT_SOCKETDIR': '/tmp/orbit-cme-intel', 'DEFAULTS_PATH': '/usr/share/gconf/ubuntu.default.path', 'DESKTOP_SESSION': 'ubuntu', 'GTK_MODULES': 'overlay-scrollbar:unity-gtk-module', 'INSTANCE': '', 'LC_NAME': 'de_DE.UTF-8', 'XDG_MENU_PREFIX': 'gnome-', 'LS_COLORS': 'rs=0:di=01;34:ln=01;36:mh=00:pi=40;33:so=01;35:do=01;35:bd=40;33;01:cd=40;33;01:or=40;31;01:su=37;41:sg=30;43:ca=30;41:tw=30;42:ow=34;42:st=37;44:ex=01;32:*.tar=01;31:*.tgz=01;31:*.arj=01;31:*.taz=01;31:*.lzh=01;31:*.lzma=01;31:*.tlz=01;31:*.txz=01;31:*.zip=01;31:*.z=01;31:*.Z=01;31:*.dz=01;31:*.gz=01;31:*.lz=01;31:*.xz=01;31:*.bz2=01;31:*.bz=01;31:*.tbz=01;31:*.tbz2=01;31:*.tz=01;31:*.deb=01;31:*.rpm=01;31:*.jar=01;31:*.war=01;31:*.ear=01;31:*.sar=01;31:*.rar=01;31:*.ace=01;31:*.zoo=01;31:*.cpio=01;31:*.7z=01;31:*.rz=01;31:*.jpg=01;35:*.jpeg=01;35:*.gif=01;35:*.bmp=01;35:*.pbm=01;35:*.pgm=01;35:*.ppm=01;35:*.tga=01;35:*.xbm=01;35:*.xpm=01;35:*.tif=01;35:*.tiff=01;35:*.png=01;35:*.svg=01;35:*.svgz=01;35:*.mng=01;35:*.pcx=01;35:*.mov=01;35:*.mpg=01;35:*.mpeg=01;35:*.m2v=01;35:*.mkv=01;35:*.webm=01;35:*.ogm=01;35:*.mp4=01;35:*.m4v=01;35:*.mp4v=01;35:*.vob=01;35:*.qt=01;35:*.nuv=01;35:*.wmv=01;35:*.asf=01;35:*.rm=01;35:*.rmvb=01;35:*.flc=01;35:*.avi=01;35:*.fli=01;35:*.flv=01;35:*.gl=01;35:*.dl=01;35:*.xcf=01;35:*.xwd=01;35:*.yuv=01;35:*.cgm=01;35:*.emf=01;35:*.axv=01;35:*.anx=01;35:*.ogv=01;35:*.ogx=01;35:*.aac=00;36:*.au=00;36:*.flac=00;36:*.mid=00;36:*.midi=00;36:*.mka=00;36:*.mp3=00;36:*.mpc=00;36:*.ogg=00;36:*.ra=00;36:*.wav=00;36:*.axa=00;36:*.oga=00;36:*.spx=00;36:*.xspf=00;36:', 'LC_NUMERIC': 'C', 'GNOME_DESKTOP_SESSION_ID': 'this-is-deprecated', 'LESSOPEN': '| /usr/bin/lesspipe %s', 'CPATH': '/home/cme-intel/git/catkin_ws/devel/include:/opt/ros/indigo/include', 'USER': 'cme-intel', 'XDG_VTNR': '7', 'CMAKE_PREFIX_PATH': '/home/cme-intel/git/catkin_ws/devel:/opt/ros/indigo', 'XAUTHORITY': '/home/cme-intel/.Xauthority', 'LANGUAGE': 'en_US', 'SESSION_MANAGER': 'local/cmeintel-desktop:@/tmp/.ICE-unix/2116,unix/cmeintel-desktop:/tmp/.ICE-unix/2116', 'SHLVL': '1', 'QT_QPA_PLATFORMTHEME': 'appmenu-qt5', 'LD_LIBRARY_PATH': '/home/cme-intel/git/catkin_ws/devel/lib:/opt/ros/indigo/lib/x86_64-linux-gnu:/opt/ros/indigo/lib', 'CLUTTER_IM_MODULE': 'xim', 'WINDOWID': '58720260', 'GPG_AGENT_INFO': '/run/user/1000/keyring-Yrg7jo/gpg:0:1', 'GDMSESSION': 'ubuntu', 'PKG_CONFIG_PATH': '/home/cme-intel/git/catkin_ws/devel/lib/pkgconfig:/opt/ros/indigo/lib/x86_64-linux-gnu/pkgconfig:/opt/ros/indigo/lib/pkgconfig', 'ROS_PACKAGE_PATH': '/home/cme-intel/git/catkin_ws/src:/opt/ros/indigo/share:/opt/ros/indigo/stacks', '_': '/opt/ros/indigo/bin/roslaunch', 'GTK_IM_MODULE': 'ibus', 'XDG_CONFIG_DIRS': '/etc/xdg/xdg-ubuntu:/usr/share/upstart/xdg:/etc/xdg', 'ROBOT_ENV': 'ipa-apartment', 'ROS_MASTER_URI': 'http://localhost:11311', 'COLORTERM': 'gnome-terminal', 'LC_TIME': 'de_DE.UTF-8', 'XDG_GREETER_DATA_DIR': '/var/lib/lightdm-data/cme-intel', 'QT4_IM_MODULE': 'ibus', 'XDG_SEAT_PATH': '/org/freedesktop/DisplayManager/Seat0', 'HOME': '/home/cme-intel', 'ROS_LOG_FILENAME': '/home/cme-intel/.ros/log/5a872bbe-2e28-11e6-8707-bc5ff47c434e/roslaunch-cmeintel-desktop-19193.log', 'LANG': 'en_US.UTF-8', 'LC_MONETARY': 'de_DE.UTF-8', 'SESSION': 'ubuntu', 'LC_IDENTIFICATION': 'de_DE.UTF-8', 'XDG_CURRENT_DESKTOP': 'Unity', 'LESSCLOSE': '/usr/bin/lesspipe %s %s', 'GNOME_KEYRING_PID': '1852', 'ROS_ETC_DIR': '/opt/ros/indigo/etc/ros', 'ROS_DISTRO': 'indigo', 'ROSLISP_PACKAGE_DIRECTORIES': '/home/cme-intel/git/catkin_ws/devel/share/common-lisp', 'QT_IM_MODULE': 'ibus', 'LOGNAME': 'cme-intel', 'XDG_SEAT': 'seat0', 'GNOME_KEYRING_CONTROL': '/run/user/1000/keyring-Yrg7jo', 'PATH': '/opt/ros/indigo/bin:/usr/local/sbin:/usr/local/bin:/usr/sbin:/usr/bin:/sbin:/bin:/usr/games:/usr/local/games', 'TERM': 'xterm', 'XDG_SESSION_PATH': '/org/freedesktop/DisplayManager/Session0', 'SESSIONTYPE': 'gnome-session', 'IM_CONFIG_PHASE': '1', 'GIO_LAUNCHED_DESKTOP_FILE_PID': '2809', 'GIO_LAUNCHED_DESKTOP_FILE': '/usr/share/applications/terminator.desktop', 'SSH_AUTH_SOCK': '/run/user/1000/keyring-Yrg7jo/ssh', 'TEXTDOMAINDIR': '/usr/share/locale/', 'UPSTART_SESSION': 'unix:abstract=/com/ubuntu/upstart-session/1000/1892', 'DISPLAY': ':0', 'GDM_LANG': 'en_US', 'LC_TELEPHONE': 'de_DE.UTF-8', 'LC_MEASUREMENT': 'de_DE.UTF-8', 'PWD': '/home/cme-intel'}
[roslaunch][INFO] 2016-06-09 13:18:07,225: starting in server mode
[roslaunch.parent][INFO] 2016-06-09 13:18:07,226: starting roslaunch parent run
[roslaunch][INFO] 2016-06-09 13:18:07,226: loading roscore config file /opt/ros/indigo/etc/ros/roscore.xml
[roslaunch][INFO] 2016-06-09 13:18:07,375: Added core node of type [rosout/rosout] in namespace [/]
[roslaunch.config][INFO] 2016-06-09 13:18:07,376: loading config file /opt/ros/indigo/share/cob_bringup/tools/rviz.launch
[roslaunch][INFO] 2016-06-09 13:18:07,476: Added node of type [rviz/rviz] in namespace [/]
[roslaunch][INFO] 2016-06-09 13:18:07,476: ... selected machine [] for node of type [rviz/rviz]
[roslaunch.pmon][INFO] 2016-06-09 13:18:07,477: start_process_monitor: creating ProcessMonitor
[roslaunch.pmon][INFO] 2016-06-09 13:18:07,477: created process monitor <ProcessMonitor(ProcessMonitor-1, initial daemon)>
[roslaunch.pmon][INFO] 2016-06-09 13:18:07,478: start_process_monitor: ProcessMonitor started
[roslaunch.parent][INFO] 2016-06-09 13:18:07,478: starting parent XML-RPC server
[roslaunch.server][INFO] 2016-06-09 13:18:07,478: starting roslaunch XML-RPC server
[roslaunch.server][INFO] 2016-06-09 13:18:07,478: waiting for roslaunch XML-RPC server to initialize
[xmlrpc][INFO] 2016-06-09 13:18:07,478: XML-RPC server binding to 0.0.0.0:0
[xmlrpc][INFO] 2016-06-09 13:18:07,478: Started XML-RPC server [http://cmeintel-desktop:43240/]
[xmlrpc][INFO] 2016-06-09 13:18:07,478: xml rpc node: starting XML-RPC server
[roslaunch][INFO] 2016-06-09 13:18:07,490: started roslaunch server http://cmeintel-desktop:43240/
[roslaunch.parent][INFO] 2016-06-09 13:18:07,490: ... parent XML-RPC server started
[roslaunch][INFO] 2016-06-09 13:18:07,490: master.is_running[http://localhost:11311]
[roslaunch][INFO] 2016-06-09 13:18:07,491: master.is_running[http://localhost:11311]
[roslaunch][INFO] 2016-06-09 13:18:07,493: ROS_MASTER_URI=http://localhost:11311
[roslaunch][INFO] 2016-06-09 13:18:07,494: setting /roslaunch/uris/host_cmeintel_desktop__43240' to http://cmeintel-desktop:43240/
[roslaunch][INFO] 2016-06-09 13:18:07,496: load_parameters starting ...
[roslaunch][INFO] 2016-06-09 13:18:07,501: ... load_parameters complete
[roslaunch][INFO] 2016-06-09 13:18:07,501: launch_nodes: launching local nodes ...
[roslaunch][INFO] 2016-06-09 13:18:07,501: ... preparing to launch node of type [rviz/rviz]
[roslaunch][INFO] 2016-06-09 13:18:07,501: create_node_process: package[rviz] type[rviz] machine[Machine(name[] env_loader[None] address[localhost] ssh_port[22] user[None] assignable[True] timeout[10.0])] master_uri[http://localhost:11311]
[roslaunch][INFO] 2016-06-09 13:18:07,502: process[rviz_cmeintel_desktop_19193_6186392421736572076-1]: env[{'ROBOT': 'cob4-2', 'LC_PAPER': 'de_DE.UTF-8', 'SHELL': '/bin/bash', 'XDG_DATA_DIRS': '/usr/share/ubuntu:/usr/share/gnome:/usr/local/share/:/usr/share/', 'MANDATORY_PATH': '/usr/share/gconf/ubuntu.mandatory.path', 'TERMINATOR_UUID': 'urn:uuid:ac1c2919-88e1-4ba6-aad4-c2828810acc2', 'CLUTTER_IM_MODULE': 'xim', 'JOB': 'dbus', 'TEXTDOMAIN': 'im-config', 'XMODIFIERS': '@im=ibus', 'SELINUX_INIT': 'YES', 'XDG_RUNTIME_DIR': '/run/user/1000', 'LC_ADDRESS': 'de_DE.UTF-8', 'PYTHONPATH': '/home/cme-intel/git/catkin_ws/devel/lib/python2.7/dist-packages:/opt/ros/indigo/lib/python2.7/dist-packages', 'COMPIZ_BIN_PATH': '/usr/bin/', 'ROS_ROOT': '/opt/ros/indigo/share/ros', 'XDG_SESSION_ID': 'c2', 'DBUS_SESSION_BUS_ADDRESS': 'unix:abstract=/tmp/dbus-jJs6cWqVHt', 'ORBIT_SOCKETDIR': '/tmp/orbit-cme-intel', 'DEFAULTS_PATH': '/usr/share/gconf/ubuntu.default.path', 'DESKTOP_SESSION': 'ubuntu', 'GTK_MODULES': 'overlay-scrollbar:unity-gtk-module', 'INSTANCE': '', 'LC_NAME': 'de_DE.UTF-8', 'XDG_MENU_PREFIX': 'gnome-', 'LS_COLORS': 'rs=0:di=01;34:ln=01;36:mh=00:pi=40;33:so=01;35:do=01;35:bd=40;33;01:cd=40;33;01:or=40;31;01:su=37;41:sg=30;43:ca=30;41:tw=30;42:ow=34;42:st=37;44:ex=01;32:*.tar=01;31:*.tgz=01;31:*.arj=01;31:*.taz=01;31:*.lzh=01;31:*.lzma=01;31:*.tlz=01;31:*.txz=01;31:*.zip=01;31:*.z=01;31:*.Z=01;31:*.dz=01;31:*.gz=01;31:*.lz=01;31:*.xz=01;31:*.bz2=01;31:*.bz=01;31:*.tbz=01;31:*.tbz2=01;31:*.tz=01;31:*.deb=01;31:*.rpm=01;31:*.jar=01;31:*.war=01;31:*.ear=01;31:*.sar=01;31:*.rar=01;31:*.ace=01;31:*.zoo=01;31:*.cpio=01;31:*.7z=01;31:*.rz=01;31:*.jpg=01;35:*.jpeg=01;35:*.gif=01;35:*.bmp=01;35:*.pbm=01;35:*.pgm=01;35:*.ppm=01;35:*.tga=01;35:*.xbm=01;35:*.xpm=01;35:*.tif=01;35:*.tiff=01;35:*.png=01;35:*.svg=01;35:*.svgz=01;35:*.mng=01;35:*.pcx=01;35:*.mov=01;35:*.mpg=01;35:*.mpeg=01;35:*.m2v=01;35:*.mkv=01;35:*.webm=01;35:*.ogm=01;35:*.mp4=01;35:*.m4v=01;35:*.mp4v=01;35:*.vob=01;35:*.qt=01;35:*.nuv=01;35:*.wmv=01;35:*.asf=01;35:*.rm=01;35:*.rmvb=01;35:*.flc=01;35:*.avi=01;35:*.fli=01;35:*.flv=01;35:*.gl=01;35:*.dl=01;35:*.xcf=01;35:*.xwd=01;35:*.yuv=01;35:*.cgm=01;35:*.emf=01;35:*.axv=01;35:*.anx=01;35:*.ogv=01;35:*.ogx=01;35:*.aac=00;36:*.au=00;36:*.flac=00;36:*.mid=00;36:*.midi=00;36:*.mka=00;36:*.mp3=00;36:*.mpc=00;36:*.ogg=00;36:*.ra=00;36:*.wav=00;36:*.axa=00;36:*.oga=00;36:*.spx=00;36:*.xspf=00;36:', 'LC_NUMERIC': 'C', 'GNOME_DESKTOP_SESSION_ID': 'this-is-deprecated', 'LESSOPEN': '| /usr/bin/lesspipe %s', 'CPATH': '/home/cme-intel/git/catkin_ws/devel/include:/opt/ros/indigo/include', 'USER': 'cme-intel', 'XDG_VTNR': '7', 'CMAKE_PREFIX_PATH': '/home/cme-intel/git/catkin_ws/devel:/opt/ros/indigo', 'XAUTHORITY': '/home/cme-intel/.Xauthority', 'LANGUAGE': 'en_US', 'SESSION_MANAGER': 'local/cmeintel-desktop:@/tmp/.ICE-unix/2116,unix/cmeintel-desktop:/tmp/.ICE-unix/2116', 'LC_MEASUREMENT': 'de_DE.UTF-8', 'QT_QPA_PLATFORMTHEME': 'appmenu-qt5', 'LD_LIBRARY_PATH': '/home/cme-intel/git/catkin_ws/devel/lib:/opt/ros/indigo/lib/x86_64-linux-gnu:/opt/ros/indigo/lib', 'COMPIZ_CONFIG_PROFILE': 'ubuntu', 'WINDOWID': '58720260', 'GPG_AGENT_INFO': '/run/user/1000/keyring-Yrg7jo/gpg:0:1', 'GDMSESSION': 'ubuntu', 'XDG_SEAT_PATH': '/org/freedesktop/DisplayManager/Seat0', 'ROS_PACKAGE_PATH': '/home/cme-intel/git/catkin_ws/src:/opt/ros/indigo/share:/opt/ros/indigo/stacks', '_': '/opt/ros/indigo/bin/roslaunch', 'LC_IDENTIFICATION': 'de_DE.UTF-8', 'XDG_CONFIG_DIRS': '/etc/xdg/xdg-ubuntu:/usr/share/upstart/xdg:/etc/xdg', 'ROBOT_ENV': 'ipa-apartment', 'ROS_MASTER_URI': 'http://localhost:11311', 'COLORTERM': 'gnome-terminal', 'LC_TIME': 'de_DE.UTF-8', 'XDG_GREETER_DATA_DIR': '/var/lib/lightdm-data/cme-intel', 'QT4_IM_MODULE': 'ibus', 'PKG_CONFIG_PATH': '/home/cme-intel/git/catkin_ws/devel/lib/pkgconfig:/opt/ros/indigo/lib/x86_64-linux-gnu/pkgconfig:/opt/ros/indigo/lib/pkgconfig', 'HOME': '/home/cme-intel', 'DISPLAY': ':0', 'LANG': 'en_US.UTF-8', 'ROS_LOG_FILENAME': '/home/cme-intel/.ros/log/5a872bbe-2e28-11e6-8707-bc5ff47c434e/roslaunch-cmeintel-desktop-19193.log', 'LC_MONETARY': 'de_DE.UTF-8', 'SESSION': 'ubuntu', 'GTK_IM_MODULE': 'ibus', 'XDG_CURRENT_DESKTOP': 'Unity', 'LESSCLOSE': '/usr/bin/lesspipe %s %s', 'GNOME_KEYRING_PID': '1852', 'ROS_ETC_DIR': '/opt/ros/indigo/etc/ros', 'ROS_DISTRO': 'indigo', 'ROSLISP_PACKAGE_DIRECTORIES': '/home/cme-intel/git/catkin_ws/devel/share/common-lisp', 'QT_IM_MODULE': 'ibus', 'LOGNAME': 'cme-intel', 'XDG_SEAT': 'seat0', 'PATH': '/opt/ros/indigo/bin:/usr/local/sbin:/usr/local/bin:/usr/sbin:/usr/bin:/sbin:/bin:/usr/games:/usr/local/games', 'GNOME_KEYRING_CONTROL': '/run/user/1000/keyring-Yrg7jo', 'TERM': 'xterm', 'XDG_SESSION_PATH': '/org/freedesktop/DisplayManager/Session0', 'SESSIONTYPE': 'gnome-session', 'IM_CONFIG_PHASE': '1', 'GIO_LAUNCHED_DESKTOP_FILE_PID': '2809', 'GIO_LAUNCHED_DESKTOP_FILE': '/usr/share/applications/terminator.desktop', 'SSH_AUTH_SOCK': '/run/user/1000/keyring-Yrg7jo/ssh', 'TEXTDOMAINDIR': '/usr/share/locale/', 'UPSTART_SESSION': 'unix:abstract=/com/ubuntu/upstart-session/1000/1892', 'GDM_LANG': 'en_US', 'LC_TELEPHONE': 'de_DE.UTF-8', 'SHLVL': '1', 'PWD': '/home/cme-intel'}]
[roslaunch][INFO] 2016-06-09 13:18:07,645: process[rviz_cmeintel_desktop_19193_6186392421736572076-1]: args[[u'/opt/ros/indigo/lib/rviz/rviz', '-d', '/opt/ros/indigo/share/cob_hardware_config/cob4-2/cob4-2.rviz', u'__name:=rviz_cmeintel_desktop_19193_6186392421736572076']]
[roslaunch][INFO] 2016-06-09 13:18:07,646: ... created process [rviz_cmeintel_desktop_19193_6186392421736572076-1]
[roslaunch.pmon][INFO] 2016-06-09 13:18:07,646: ProcessMonitor.register[rviz_cmeintel_desktop_19193_6186392421736572076-1]
[roslaunch.pmon][INFO] 2016-06-09 13:18:07,646: ProcessMonitor.register[rviz_cmeintel_desktop_19193_6186392421736572076-1] complete
[roslaunch][INFO] 2016-06-09 13:18:07,646: ... registered process [rviz_cmeintel_desktop_19193_6186392421736572076-1]
[roslaunch][INFO] 2016-06-09 13:18:07,646: process[rviz_cmeintel_desktop_19193_6186392421736572076-1]: starting os process
[roslaunch][INFO] 2016-06-09 13:18:07,646: process[rviz_cmeintel_desktop_19193_6186392421736572076-1]: start w/ args [[u'/opt/ros/indigo/lib/rviz/rviz', '-d', '/opt/ros/indigo/share/cob_hardware_config/cob4-2/cob4-2.rviz', u'__name:=rviz_cmeintel_desktop_19193_6186392421736572076', u'__log:=/home/cme-intel/.ros/log/5a872bbe-2e28-11e6-8707-bc5ff47c434e/rviz_cmeintel_desktop_19193_6186392421736572076-1.log']]
[roslaunch][INFO] 2016-06-09 13:18:07,646: process[rviz_cmeintel_desktop_19193_6186392421736572076-1]: cwd will be [/home/cme-intel/.ros]
[roslaunch][INFO] 2016-06-09 13:18:07,653: process[rviz_cmeintel_desktop_19193_6186392421736572076-1]: started with pid [19211]
[roslaunch][INFO] 2016-06-09 13:18:07,653: ... successfully launched [rviz_cmeintel_desktop_19193_6186392421736572076-1]
[roslaunch][INFO] 2016-06-09 13:18:07,653: ... launch_nodes complete
[roslaunch.pmon][INFO] 2016-06-09 13:18:07,653: registrations completed <ProcessMonitor(ProcessMonitor-1, started daemon 140654110979840)>
[roslaunch.parent][INFO] 2016-06-09 13:18:07,653: ... roslaunch parent running, waiting for process exit
[roslaunch][INFO] 2016-06-09 13:18:07,653: spin
[roslaunch.pmon][INFO] 2016-06-09 13:28:25,148: ProcessMonitor.shutdown <ProcessMonitor(ProcessMonitor-1, started daemon 140654110979840)>
[roslaunch.pmon][INFO] 2016-06-09 13:28:25,191: ProcessMonitor._post_run <ProcessMonitor(ProcessMonitor-1, started daemon 140654110979840)>
[roslaunch.pmon][INFO] 2016-06-09 13:28:25,191: ProcessMonitor._post_run <ProcessMonitor(ProcessMonitor-1, started daemon 140654110979840)>: remaining procs are [<roslaunch.nodeprocess.LocalProcess object at 0x7fec96aaffd0>]
[roslaunch.pmon][INFO] 2016-06-09 13:28:25,191: ProcessMonitor exit: killing rviz_cmeintel_desktop_19193_6186392421736572076-1
[roslaunch][INFO] 2016-06-09 13:28:25,191: [rviz_cmeintel_desktop_19193_6186392421736572076-1] killing on exit
[roslaunch][INFO] 2016-06-09 13:28:25,191: process[rviz_cmeintel_desktop_19193_6186392421736572076-1]: killing os process with pid[19211] pgid[19211]
[roslaunch][INFO] 2016-06-09 13:28:25,191: [rviz_cmeintel_desktop_19193_6186392421736572076-1] sending SIGINT to pgid [19211]
[roslaunch][INFO] 2016-06-09 13:28:25,191: [rviz_cmeintel_desktop_19193_6186392421736572076-1] sent SIGINT to pgid [19211]
[roslaunch][INFO] 2016-06-09 13:28:25,993: process[rviz_cmeintel_desktop_19193_6186392421736572076-1]: SIGINT killed with return value 0
[roslaunch.pmon][INFO] 2016-06-09 13:28:25,993: ProcessMonitor exit: cleaning up data structures and signals
[roslaunch.pmon][INFO] 2016-06-09 13:28:25,993: ProcessMonitor exit: pmon has shutdown
[roslaunch][INFO] 2016-06-09 13:28:26,013: process monitor is done spinning, initiating full shutdown
[roslaunch][INFO] 2016-06-09 13:28:26,013: runner.stop()
[roslaunch][INFO] 2016-06-09 13:28:26,013: shutting down processing monitor...
[roslaunch][INFO] 2016-06-09 13:28:26,014: shutting down processing monitor <ProcessMonitor(ProcessMonitor-1, stopped daemon 140654110979840)>
[roslaunch.pmon][INFO] 2016-06-09 13:28:26,014: ProcessMonitor.shutdown <ProcessMonitor(ProcessMonitor-1, stopped daemon 140654110979840)>
[roslaunch][INFO] 2016-06-09 13:28:26,014: ... shutting down processing monitor complete
[roslaunch][INFO] 2016-06-09 13:28:26,014: done
[roslaunch.pmon][INFO] 2016-06-09 13:28:26,014: ProcessMonitor.shutdown <ProcessMonitor(ProcessMonitor-1, stopped daemon 140654110979840)>
[rospy.core][INFO] 2016-06-09 13:28:26,014: signal_shutdown [atexit]
