[rospy.client][INFO] 2016-06-09 11:56:12,406: init_node, name[/script_server], pid[5639]
[xmlrpc][INFO] 2016-06-09 11:56:12,406: XML-RPC server binding to 0.0.0.0:0
[xmlrpc][INFO] 2016-06-09 11:56:12,406: Started XML-RPC server [http://cmeintel-desktop:36363/]
[rospy.impl.masterslave][INFO] 2016-06-09 11:56:12,406: _ready: http://cmeintel-desktop:36363/
[rospy.init][INFO] 2016-06-09 11:56:12,407: ROS Slave URI: [http://cmeintel-desktop:36363/]
[xmlrpc][INFO] 2016-06-09 11:56:12,407: xml rpc node: starting XML-RPC server
[rospy.registration][INFO] 2016-06-09 11:56:12,407: Registering with master node http://localhost:11311
[rospy.init][INFO] 2016-06-09 11:56:12,507: registered with master
[rospy.rosout][INFO] 2016-06-09 11:56:12,507: initializing /rosout core topic
[rospy.rosout][INFO] 2016-06-09 11:56:12,510: connected to core topic /rosout
[rospy.simtime][INFO] 2016-06-09 11:56:12,511: initializing /clock core topic
[rospy.simtime][INFO] 2016-06-09 11:56:12,513: connected to core topic /clock
[rosout][INFO] 2016-06-09 11:56:12,529: script_server is running
[rospy.internal][INFO] 2016-06-09 11:56:12,757: topic[/rosout] adding connection to [/rosout], count 0
[rospy.internal][INFO] 2016-06-09 11:56:14,241: topic[/clock] adding connection to [http://cmeintel-desktop:38681/], count 0
[rospy.core][INFO] 2016-06-09 13:28:26,025: signal_shutdown [signal-2]
[rospy.internal][INFO] 2016-06-09 13:28:26,031: topic[/rosout] removing connection to /rosout
[rospy.internal][INFO] 2016-06-09 13:28:26,031: topic[/clock] removing connection to http://cmeintel-desktop:38681/
[rospy.impl.masterslave][INFO] 2016-06-09 13:28:26,031: signal-2
[rospy.core][INFO] 2016-06-09 13:28:26,528: signal_shutdown [atexit]
