[rospy.client][INFO] 2016-06-09 11:56:05,347: init_node, name[/torso/gazebo_services], pid[3508]
[xmlrpc][INFO] 2016-06-09 11:56:05,347: XML-RPC server binding to 0.0.0.0:0
[xmlrpc][INFO] 2016-06-09 11:56:05,348: Started XML-RPC server [http://cmeintel-desktop:44972/]
[rospy.init][INFO] 2016-06-09 11:56:05,348: ROS Slave URI: [http://cmeintel-desktop:44972/]
[rospy.impl.masterslave][INFO] 2016-06-09 11:56:05,348: _ready: http://cmeintel-desktop:44972/
[rospy.registration][INFO] 2016-06-09 11:56:05,348: Registering with master node http://localhost:11311
[xmlrpc][INFO] 2016-06-09 11:56:05,348: xml rpc node: starting XML-RPC server
[rospy.init][INFO] 2016-06-09 11:56:05,448: registered with master
[rospy.rosout][INFO] 2016-06-09 11:56:05,448: initializing /rosout core topic
[rospy.rosout][INFO] 2016-06-09 11:56:05,451: connected to core topic /rosout
[rospy.simtime][INFO] 2016-06-09 11:56:05,451: initializing /clock core topic
[rospy.simtime][INFO] 2016-06-09 11:56:05,453: connected to core topic /clock
[rosout][INFO] 2016-06-09 11:56:05,462: gazebo_services running
[rospy.internal][INFO] 2016-06-09 11:56:05,778: topic[/rosout] adding connection to [/rosout], count 0
[rospy.internal][INFO] 2016-06-09 11:56:14,178: topic[/clock] adding connection to [http://cmeintel-desktop:38681/], count 0
[rospy.core][INFO] 2016-06-09 13:28:26,828: signal_shutdown [signal-2]
[rospy.internal][INFO] 2016-06-09 13:28:26,831: topic[/rosout] removing connection to /rosout
[rospy.internal][INFO] 2016-06-09 13:28:26,831: topic[/clock] removing connection to http://cmeintel-desktop:38681/
[rospy.impl.masterslave][INFO] 2016-06-09 13:28:26,831: signal-2
[rospy.core][INFO] 2016-06-09 13:28:26,946: signal_shutdown [atexit]
