[rospy.client][INFO] 2016-06-09 11:56:08,905: init_node, name[/world_tf_publisher], pid[3083]
[xmlrpc][INFO] 2016-06-09 11:56:08,905: XML-RPC server binding to 0.0.0.0:0
[xmlrpc][INFO] 2016-06-09 11:56:08,905: Started XML-RPC server [http://cmeintel-desktop:37146/]
[rospy.init][INFO] 2016-06-09 11:56:08,906: ROS Slave URI: [http://cmeintel-desktop:37146/]
[rospy.impl.masterslave][INFO] 2016-06-09 11:56:08,906: _ready: http://cmeintel-desktop:37146/
[xmlrpc][INFO] 2016-06-09 11:56:08,906: xml rpc node: starting XML-RPC server
[rospy.registration][INFO] 2016-06-09 11:56:08,906: Registering with master node http://localhost:11311
[rospy.init][INFO] 2016-06-09 11:56:09,006: registered with master
[rospy.rosout][INFO] 2016-06-09 11:56:09,006: initializing /rosout core topic
[rospy.rosout][INFO] 2016-06-09 11:56:09,008: connected to core topic /rosout
[rospy.simtime][INFO] 2016-06-09 11:56:09,009: initializing /clock core topic
[rospy.simtime][INFO] 2016-06-09 11:56:09,013: connected to core topic /clock
[rospy.internal][INFO] 2016-06-09 11:56:09,233: topic[/tf] adding connection to [/scan_unifier], count 0
[rospy.internal][INFO] 2016-06-09 11:56:09,233: topic[/tf] adding connection to [/torso/twist_controller], count 1
[rospy.internal][INFO] 2016-06-09 11:56:09,241: topic[/tf] adding connection to [/torso/frame_tracker], count 2
[rospy.internal][INFO] 2016-06-09 11:56:09,242: topic[/tf] adding connection to [/arm_left/twist_controller], count 3
[rospy.internal][INFO] 2016-06-09 11:56:09,242: topic[/tf] adding connection to [/arm_left/interactive_target], count 4
[rospy.internal][INFO] 2016-06-09 11:56:09,243: topic[/tf] adding connection to [/arm_right/twist_controller], count 5
[rospy.internal][INFO] 2016-06-09 11:56:09,243: topic[/tf] adding connection to [/arm_left/frame_tracker], count 6
[rospy.internal][INFO] 2016-06-09 11:56:09,244: topic[/tf] adding connection to [/arm_right/frame_tracker], count 7
[rospy.internal][INFO] 2016-06-09 11:56:09,245: topic[/tf] adding connection to [/torso/obstacle_distance], count 8
[rospy.internal][INFO] 2016-06-09 11:56:09,245: topic[/tf] adding connection to [/torso/interactive_target], count 9
[rospy.internal][INFO] 2016-06-09 11:56:09,246: topic[/tf] adding connection to [/arm_right/obstacle_distance], count 10
[rospy.internal][INFO] 2016-06-09 11:56:09,246: topic[/tf] adding connection to [/arm_left/obstacle_distance], count 11
[rospy.internal][INFO] 2016-06-09 11:56:09,246: topic[/rosout] adding connection to [/rosout], count 0
[rospy.internal][INFO] 2016-06-09 11:56:09,247: topic[/tf] adding connection to [/arm_right/interactive_target], count 12
[rospy.internal][INFO] 2016-06-09 11:56:09,755: topic[/tf] adding connection to [/image_flip_sensorring_cam3d/image_flip_sensorring_cam3d], count 13
[rospy.internal][INFO] 2016-06-09 11:56:09,755: topic[/tf] adding connection to [/image_flip_torso_cam3d_left/image_flip_torso_cam3d_left], count 14
[rospy.internal][INFO] 2016-06-09 11:56:09,756: topic[/tf] adding connection to [/image_flip_torso_cam3d_right/image_flip_torso_cam3d_right], count 15
[rospy.internal][INFO] 2016-06-09 11:56:14,236: topic[/clock] adding connection to [http://cmeintel-desktop:38681/], count 0
[rospy.internal][INFO] 2016-06-09 12:16:59,168: topic[/tf] adding connection to [/amcl], count 16
[rospy.internal][INFO] 2016-06-09 12:16:59,168: topic[/tf] adding connection to [/move_base], count 17
[rospy.internal][INFO] 2016-06-09 13:18:09,429: topic[/tf] adding connection to [/rviz_cmeintel_desktop_19193_6186392421736572076], count 18
[rospy.internal][INFO] 2016-06-09 13:28:25,641: topic[/tf] removing connection to /rviz_cmeintel_desktop_19193_6186392421736572076
[rospy.internal][INFO] 2016-06-09 13:28:26,445: topic[/tf] removing connection to /move_base
[rospy.core][INFO] 2016-06-09 13:28:27,153: signal_shutdown [signal-2]
[rospy.internal][INFO] 2016-06-09 13:28:27,156: topic[/rosout] removing connection to /rosout
[rospy.internal][INFO] 2016-06-09 13:28:27,156: topic[/tf] removing connection to /scan_unifier
[rospy.internal][INFO] 2016-06-09 13:28:27,158: topic[/tf] removing connection to /torso/twist_controller
[rospy.internal][INFO] 2016-06-09 13:28:27,158: topic[/tf] removing connection to /torso/frame_tracker
[rospy.internal][INFO] 2016-06-09 13:28:27,158: topic[/tf] removing connection to /arm_left/twist_controller
[rospy.internal][INFO] 2016-06-09 13:28:27,159: topic[/tf] removing connection to /arm_left/interactive_target
[rospy.internal][INFO] 2016-06-09 13:28:27,159: topic[/tf] removing connection to /arm_right/twist_controller
[rospy.internal][INFO] 2016-06-09 13:28:27,160: topic[/tf] removing connection to /arm_left/frame_tracker
[rospy.internal][INFO] 2016-06-09 13:28:27,160: topic[/tf] removing connection to /arm_right/frame_tracker
[rospy.internal][INFO] 2016-06-09 13:28:27,160: topic[/tf] removing connection to /torso/obstacle_distance
[rospy.internal][INFO] 2016-06-09 13:28:27,160: topic[/tf] removing connection to /torso/interactive_target
[rospy.internal][INFO] 2016-06-09 13:28:27,160: topic[/tf] removing connection to /arm_right/obstacle_distance
[rospy.internal][INFO] 2016-06-09 13:28:27,160: topic[/tf] removing connection to /arm_left/obstacle_distance
[rospy.internal][INFO] 2016-06-09 13:28:27,161: topic[/tf] removing connection to /arm_right/interactive_target
[rospy.internal][INFO] 2016-06-09 13:28:27,161: topic[/tf] removing connection to /image_flip_sensorring_cam3d/image_flip_sensorring_cam3d
[rospy.internal][INFO] 2016-06-09 13:28:27,161: topic[/tf] removing connection to /image_flip_torso_cam3d_left/image_flip_torso_cam3d_left
[rospy.internal][INFO] 2016-06-09 13:28:27,161: topic[/tf] removing connection to /image_flip_torso_cam3d_right/image_flip_torso_cam3d_right
[rospy.internal][INFO] 2016-06-09 13:28:27,161: topic[/tf] removing connection to /amcl
[rospy.internal][INFO] 2016-06-09 13:28:27,161: topic[/clock] removing connection to http://cmeintel-desktop:38681/
[rospy.impl.masterslave][INFO] 2016-06-09 13:28:27,162: signal-2
[rospy.core][INFO] 2016-06-09 13:28:27,293: signal_shutdown [atexit]
