[rospy.client][INFO] 2016-06-08 20:19:48,391: init_node, name[/arm_right/gazebo_services], pid[17158]
[xmlrpc][INFO] 2016-06-08 20:19:48,391: XML-RPC server binding to 0.0.0.0:0
[xmlrpc][INFO] 2016-06-08 20:19:48,391: Started XML-RPC server [http://cmeintel-desktop:46761/]
[rospy.impl.masterslave][INFO] 2016-06-08 20:19:48,392: _ready: http://cmeintel-desktop:46761/
[rospy.registration][INFO] 2016-06-08 20:19:48,392: Registering with master node http://localhost:11311
[xmlrpc][INFO] 2016-06-08 20:19:48,392: xml rpc node: starting XML-RPC server
[rospy.init][INFO] 2016-06-08 20:19:48,393: ROS Slave URI: [http://cmeintel-desktop:46761/]
[rospy.init][INFO] 2016-06-08 20:19:48,393: registered with master
[rospy.rosout][INFO] 2016-06-08 20:19:48,393: initializing /rosout core topic
[rospy.rosout][INFO] 2016-06-08 20:19:48,403: connected to core topic /rosout
[rospy.simtime][INFO] 2016-06-08 20:19:48,411: initializing /clock core topic
[rospy.simtime][INFO] 2016-06-08 20:19:48,438: connected to core topic /clock
[rosout][INFO] 2016-06-08 20:19:48,484: gazebo_services running
[rospy.internal][INFO] 2016-06-08 20:19:48,754: topic[/rosout] adding connection to [/rosout], count 0
[rospy.internal][INFO] 2016-06-08 20:19:49,440: topic[/clock] adding connection to [http://cmeintel-desktop:46374/], count 0
[rospy.core][INFO] 2016-06-08 20:45:04,479: signal_shutdown [signal-2]
[rospy.internal][INFO] 2016-06-08 20:45:04,482: topic[/rosout] removing connection to /rosout
[rospy.internal][INFO] 2016-06-08 20:45:04,482: topic[/clock] removing connection to http://cmeintel-desktop:46374/
[rospy.impl.masterslave][INFO] 2016-06-08 20:45:04,482: signal-2
[rospy.core][INFO] 2016-06-08 20:45:05,100: signal_shutdown [atexit]
