[rospy.client][INFO] 2016-06-08 20:19:48,380: init_node, name[/arm_left/gazebo_services], pid[17070]
[xmlrpc][INFO] 2016-06-08 20:19:48,382: XML-RPC server binding to 0.0.0.0:0
[rospy.init][INFO] 2016-06-08 20:19:48,383: ROS Slave URI: [http://cmeintel-desktop:37696/]
[xmlrpc][INFO] 2016-06-08 20:19:48,383: Started XML-RPC server [http://cmeintel-desktop:37696/]
[rospy.impl.masterslave][INFO] 2016-06-08 20:19:48,384: _ready: http://cmeintel-desktop:37696/
[xmlrpc][INFO] 2016-06-08 20:19:48,384: xml rpc node: starting XML-RPC server
[rospy.registration][INFO] 2016-06-08 20:19:48,386: Registering with master node http://localhost:11311
[rospy.init][INFO] 2016-06-08 20:19:48,484: registered with master
[rospy.rosout][INFO] 2016-06-08 20:19:48,484: initializing /rosout core topic
[rospy.rosout][INFO] 2016-06-08 20:19:48,491: connected to core topic /rosout
[rospy.simtime][INFO] 2016-06-08 20:19:48,498: initializing /clock core topic
[rospy.simtime][INFO] 2016-06-08 20:19:48,514: connected to core topic /clock
[rosout][INFO] 2016-06-08 20:19:48,592: gazebo_services running
[rospy.internal][INFO] 2016-06-08 20:19:48,753: topic[/rosout] adding connection to [/rosout], count 0
[rospy.internal][INFO] 2016-06-08 20:19:49,438: topic[/clock] adding connection to [http://cmeintel-desktop:46374/], count 0
[rospy.core][INFO] 2016-06-08 20:45:04,864: signal_shutdown [signal-2]
[rospy.internal][INFO] 2016-06-08 20:45:04,867: topic[/rosout] removing connection to /rosout
[rospy.internal][INFO] 2016-06-08 20:45:04,867: topic[/clock] removing connection to http://cmeintel-desktop:46374/
[rospy.impl.masterslave][INFO] 2016-06-08 20:45:04,867: signal-2
[rospy.core][INFO] 2016-06-08 20:45:05,003: signal_shutdown [atexit]
