[rospy.client][INFO] 2016-06-08 20:19:47,641: init_node, name[/base/gazebo_services], pid[16729]
[xmlrpc][INFO] 2016-06-08 20:19:47,641: XML-RPC server binding to 0.0.0.0:0
[xmlrpc][INFO] 2016-06-08 20:19:47,641: Started XML-RPC server [http://cmeintel-desktop:36680/]
[rospy.impl.masterslave][INFO] 2016-06-08 20:19:47,641: _ready: http://cmeintel-desktop:36680/
[rospy.init][INFO] 2016-06-08 20:19:47,641: ROS Slave URI: [http://cmeintel-desktop:36680/]
[rospy.registration][INFO] 2016-06-08 20:19:47,642: Registering with master node http://localhost:11311
[xmlrpc][INFO] 2016-06-08 20:19:47,642: xml rpc node: starting XML-RPC server
[rospy.init][INFO] 2016-06-08 20:19:47,741: registered with master
[rospy.rosout][INFO] 2016-06-08 20:19:47,742: initializing /rosout core topic
[rospy.rosout][INFO] 2016-06-08 20:19:47,775: connected to core topic /rosout
[rospy.simtime][INFO] 2016-06-08 20:19:47,795: initializing /clock core topic
[rospy.internal][INFO] 2016-06-08 20:19:48,016: topic[/rosout] adding connection to [/rosout], count 0
[rospy.simtime][INFO] 2016-06-08 20:19:48,020: connected to core topic /clock
[rosout][INFO] 2016-06-08 20:19:48,101: gazebo_services running
[rospy.internal][INFO] 2016-06-08 20:19:49,392: topic[/clock] adding connection to [http://cmeintel-desktop:46374/], count 0
[rospy.core][INFO] 2016-06-08 20:45:05,283: signal_shutdown [signal-2]
[rospy.internal][INFO] 2016-06-08 20:45:05,287: topic[/rosout] removing connection to /rosout
[rospy.internal][INFO] 2016-06-08 20:45:05,287: topic[/clock] removing connection to http://cmeintel-desktop:46374/
[rospy.impl.masterslave][INFO] 2016-06-08 20:45:05,287: signal-2
[rospy.core][INFO] 2016-06-08 20:45:05,453: signal_shutdown [atexit]
