[rospy.client][INFO] 2016-06-08 20:19:48,649: init_node, name[/dashboard_aggregator], pid[17424]
[xmlrpc][INFO] 2016-06-08 20:19:48,650: XML-RPC server binding to 0.0.0.0:0
[rospy.init][INFO] 2016-06-08 20:19:48,650: ROS Slave URI: [http://cmeintel-desktop:44537/]
[xmlrpc][INFO] 2016-06-08 20:19:48,650: Started XML-RPC server [http://cmeintel-desktop:44537/]
[rospy.impl.masterslave][INFO] 2016-06-08 20:19:48,650: _ready: http://cmeintel-desktop:44537/
[xmlrpc][INFO] 2016-06-08 20:19:48,650: xml rpc node: starting XML-RPC server
[rospy.registration][INFO] 2016-06-08 20:19:48,651: Registering with master node http://localhost:11311
[rospy.init][INFO] 2016-06-08 20:19:48,750: registered with master
[rospy.rosout][INFO] 2016-06-08 20:19:48,750: initializing /rosout core topic
[rospy.rosout][INFO] 2016-06-08 20:19:48,760: connected to core topic /rosout
[rospy.simtime][INFO] 2016-06-08 20:19:48,963: initializing /clock core topic
[rospy.simtime][INFO] 2016-06-08 20:19:48,970: connected to core topic /clock
[rospy.internal][INFO] 2016-06-08 20:19:49,044: topic[/rosout] adding connection to [/rosout], count 0
[rospy.internal][INFO] 2016-06-08 20:19:49,630: topic[/clock] adding connection to [http://cmeintel-desktop:46374/], count 0
[rospy.internal][INFO] 2016-06-08 20:19:52,099: topic[/emergency_stop_state] adding connection to [http://cmeintel-desktop:46434/], count 0
[rospy.internal][INFO] 2016-06-08 20:19:52,099: topic[/diagnostics_toplevel_state] adding connection to [http://cmeintel-desktop:40277/], count 0
[rospy.core][INFO] 2016-06-08 20:45:04,161: signal_shutdown [signal-2]
[rospy.internal][INFO] 2016-06-08 20:45:04,190: topic[/rosout] removing connection to /rosout
[rospy.internal][INFO] 2016-06-08 20:45:04,190: topic[/diagnostics_toplevel_state] removing connection to http://cmeintel-desktop:40277/
[rospy.internal][INFO] 2016-06-08 20:45:04,190: topic[/clock] removing connection to http://cmeintel-desktop:46374/
[rospy.internal][INFO] 2016-06-08 20:45:04,190: topic[/emergency_stop_state] removing connection to http://cmeintel-desktop:46434/
[rospy.impl.masterslave][INFO] 2016-06-08 20:45:04,190: signal-2
[rospy.internal][WARNING] 2016-06-08 20:45:04,310: Unknown error initiating TCP/IP socket to cmeintel-desktop:60635 (http://cmeintel-desktop:40277/): Traceback (most recent call last):
  File "/opt/ros/indigo/lib/python2.7/dist-packages/rospy/impl/tcpros_base.py", line 557, in connect
    self.read_header()
  File "/opt/ros/indigo/lib/python2.7/dist-packages/rospy/impl/tcpros_base.py", line 619, in read_header
    self._validate_header(read_ros_handshake_header(sock, self.read_buff, self.protocol.buff_size))
  File "/opt/ros/indigo/lib/python2.7/dist-packages/rosgraph/network.py", line 363, in read_ros_handshake_header
    d = sock.recv(buff_size)
error: [Errno 104] Connection reset by peer

[rospy.core][INFO] 2016-06-08 20:45:04,809: signal_shutdown [atexit]
