[rospy.client][INFO] 2016-06-08 20:19:47,355: init_node, name[/elevator], pid[16690]
[xmlrpc][INFO] 2016-06-08 20:19:47,355: XML-RPC server binding to 0.0.0.0:0
[xmlrpc][INFO] 2016-06-08 20:19:47,356: Started XML-RPC server [http://cmeintel-desktop:45931/]
[rospy.init][INFO] 2016-06-08 20:19:47,356: ROS Slave URI: [http://cmeintel-desktop:45931/]
[rospy.impl.masterslave][INFO] 2016-06-08 20:19:47,356: _ready: http://cmeintel-desktop:45931/
[xmlrpc][INFO] 2016-06-08 20:19:47,356: xml rpc node: starting XML-RPC server
[rospy.registration][INFO] 2016-06-08 20:19:47,357: Registering with master node http://localhost:11311
[rospy.init][INFO] 2016-06-08 20:19:47,456: registered with master
[rospy.rosout][INFO] 2016-06-08 20:19:47,456: initializing /rosout core topic
[rospy.rosout][INFO] 2016-06-08 20:19:47,479: connected to core topic /rosout
[rospy.simtime][INFO] 2016-06-08 20:19:47,489: initializing /clock core topic
[rospy.simtime][INFO] 2016-06-08 20:19:47,501: connected to core topic /clock
[rospy.internal][INFO] 2016-06-08 20:19:47,618: topic[/rosout] adding connection to [/rosout], count 0
[rospy.internal][INFO] 2016-06-08 20:19:49,400: topic[/clock] adding connection to [http://cmeintel-desktop:46374/], count 0
[rospy.internal][INFO] 2016-06-08 20:19:50,017: topic[/elevator_button1_bumper] adding connection to [http://cmeintel-desktop:46374/], count 0
[rospy.core][INFO] 2016-06-08 20:45:05,374: signal_shutdown [signal-2]
[rospy.internal][INFO] 2016-06-08 20:45:05,376: topic[/rosout] removing connection to /rosout
[rospy.internal][INFO] 2016-06-08 20:45:05,377: topic[/clock] removing connection to http://cmeintel-desktop:46374/
[rospy.internal][INFO] 2016-06-08 20:45:05,378: topic[/elevator_button1_bumper] removing connection to http://cmeintel-desktop:46374/
[rospy.impl.masterslave][INFO] 2016-06-08 20:45:05,378: signal-2
[rospy.core][INFO] 2016-06-08 20:45:05,481: signal_shutdown [atexit]
