[rospy.client][INFO] 2016-06-08 20:19:48,621: init_node, name[/gripper_right/gazebo_services], pid[17321]
[xmlrpc][INFO] 2016-06-08 20:19:48,622: XML-RPC server binding to 0.0.0.0:0
[xmlrpc][INFO] 2016-06-08 20:19:48,622: Started XML-RPC server [http://cmeintel-desktop:37801/]
[rospy.impl.masterslave][INFO] 2016-06-08 20:19:48,622: _ready: http://cmeintel-desktop:37801/
[rospy.registration][INFO] 2016-06-08 20:19:48,623: Registering with master node http://localhost:11311
[xmlrpc][INFO] 2016-06-08 20:19:48,623: xml rpc node: starting XML-RPC server
[rospy.init][INFO] 2016-06-08 20:19:48,623: ROS Slave URI: [http://cmeintel-desktop:37801/]
[rospy.init][INFO] 2016-06-08 20:19:48,623: registered with master
[rospy.rosout][INFO] 2016-06-08 20:19:48,623: initializing /rosout core topic
[rospy.rosout][INFO] 2016-06-08 20:19:48,629: connected to core topic /rosout
[rospy.simtime][INFO] 2016-06-08 20:19:48,631: initializing /clock core topic
[rospy.simtime][INFO] 2016-06-08 20:19:48,641: connected to core topic /clock
[rosout][INFO] 2016-06-08 20:19:48,673: gazebo_services running
[rospy.internal][INFO] 2016-06-08 20:19:48,940: topic[/rosout] adding connection to [/rosout], count 0
[rospy.internal][INFO] 2016-06-08 20:19:49,439: topic[/clock] adding connection to [http://cmeintel-desktop:46374/], count 0
[rospy.core][INFO] 2016-06-08 20:45:04,178: signal_shutdown [signal-2]
[rospy.internal][INFO] 2016-06-08 20:45:04,197: topic[/rosout] removing connection to /rosout
[rospy.internal][INFO] 2016-06-08 20:45:04,197: topic[/clock] removing connection to http://cmeintel-desktop:46374/
[rospy.impl.masterslave][INFO] 2016-06-08 20:45:04,197: signal-2
[rospy.core][INFO] 2016-06-08 20:45:04,308: signal_shutdown [atexit]
