[rospy.client][INFO] 2016-06-08 20:19:48,626: init_node, name[/gripper_left/gazebo_services], pid[17297]
[xmlrpc][INFO] 2016-06-08 20:19:48,626: XML-RPC server binding to 0.0.0.0:0
[xmlrpc][INFO] 2016-06-08 20:19:48,626: Started XML-RPC server [http://cmeintel-desktop:33219/]
[rospy.init][INFO] 2016-06-08 20:19:48,626: ROS Slave URI: [http://cmeintel-desktop:33219/]
[rospy.impl.masterslave][INFO] 2016-06-08 20:19:48,626: _ready: http://cmeintel-desktop:33219/
[xmlrpc][INFO] 2016-06-08 20:19:48,627: xml rpc node: starting XML-RPC server
[rospy.registration][INFO] 2016-06-08 20:19:48,629: Registering with master node http://localhost:11311
[rospy.init][INFO] 2016-06-08 20:19:48,726: registered with master
[rospy.rosout][INFO] 2016-06-08 20:19:48,727: initializing /rosout core topic
[rospy.rosout][INFO] 2016-06-08 20:19:48,730: connected to core topic /rosout
[rospy.simtime][INFO] 2016-06-08 20:19:48,738: initializing /clock core topic
[rospy.simtime][INFO] 2016-06-08 20:19:48,749: connected to core topic /clock
[rosout][INFO] 2016-06-08 20:19:48,812: gazebo_services running
[rospy.internal][INFO] 2016-06-08 20:19:49,044: topic[/rosout] adding connection to [/rosout], count 0
[rospy.internal][INFO] 2016-06-08 20:19:49,414: topic[/clock] adding connection to [http://cmeintel-desktop:46374/], count 0
[rospy.core][INFO] 2016-06-08 20:45:04,361: signal_shutdown [signal-2]
[rospy.internal][INFO] 2016-06-08 20:45:04,367: topic[/rosout] removing connection to /rosout
[rospy.internal][INFO] 2016-06-08 20:45:04,367: topic[/clock] removing connection to http://cmeintel-desktop:46374/
[rospy.impl.masterslave][INFO] 2016-06-08 20:45:04,367: signal-2
[rospy.internal][WARNING] 2016-06-08 20:45:04,368: Unknown error initiating TCP/IP socket to cmeintel-desktop:46040 (http://cmeintel-desktop:46374/): Traceback (most recent call last):
  File "/opt/ros/indigo/lib/python2.7/dist-packages/rospy/impl/tcpros_base.py", line 558, in connect
    self.local_endpoint = self.socket.getsockname()
AttributeError: 'NoneType' object has no attribute 'getsockname'

[rospy.core][INFO] 2016-06-08 20:45:04,502: signal_shutdown [atexit]
