[rospy.client][INFO] 2016-06-08 20:19:47,741: init_node, name[/joint_state_publisher], pid[16701]
[xmlrpc][INFO] 2016-06-08 20:19:47,742: XML-RPC server binding to 0.0.0.0:0
[xmlrpc][INFO] 2016-06-08 20:19:47,742: Started XML-RPC server [http://cmeintel-desktop:44681/]
[rospy.init][INFO] 2016-06-08 20:19:47,742: ROS Slave URI: [http://cmeintel-desktop:44681/]
[rospy.impl.masterslave][INFO] 2016-06-08 20:19:47,742: _ready: http://cmeintel-desktop:44681/
[xmlrpc][INFO] 2016-06-08 20:19:47,743: xml rpc node: starting XML-RPC server
[rospy.registration][INFO] 2016-06-08 20:19:47,743: Registering with master node http://localhost:11311
[rospy.init][INFO] 2016-06-08 20:19:47,842: registered with master
[rospy.rosout][INFO] 2016-06-08 20:19:47,842: initializing /rosout core topic
[rospy.rosout][INFO] 2016-06-08 20:19:47,849: connected to core topic /rosout
[rospy.simtime][INFO] 2016-06-08 20:19:47,854: initializing /clock core topic
[rospy.simtime][INFO] 2016-06-08 20:19:47,907: connected to core topic /clock
[rospy.internal][INFO] 2016-06-08 20:19:48,147: topic[/rosout] adding connection to [/rosout], count 0
[rospy.internal][INFO] 2016-06-08 20:19:48,859: topic[/joint_states] adding connection to [/robot_state_publisher], count 0
[rospy.internal][INFO] 2016-06-08 20:19:49,391: topic[/clock] adding connection to [http://cmeintel-desktop:46374/], count 0
[rospy.internal][INFO] 2016-06-08 20:19:58,558: topic[/base/joint_states] adding connection to [http://cmeintel-desktop:46374/], count 0
[rospy.internal][INFO] 2016-06-08 20:19:58,872: topic[/torso/joint_states] adding connection to [http://cmeintel-desktop:46374/], count 0
[rospy.internal][INFO] 2016-06-08 20:19:58,985: topic[/sensorring/joint_states] adding connection to [http://cmeintel-desktop:46374/], count 0
[rospy.internal][INFO] 2016-06-08 20:19:59,299: topic[/arm_right/joint_states] adding connection to [http://cmeintel-desktop:46374/], count 0
[rospy.internal][INFO] 2016-06-08 20:19:59,570: topic[/arm_left/joint_states] adding connection to [http://cmeintel-desktop:46374/], count 0
[rospy.internal][INFO] 2016-06-08 20:19:59,681: topic[/gripper_right/joint_states] adding connection to [http://cmeintel-desktop:46374/], count 0
[rospy.internal][INFO] 2016-06-08 20:20:00,181: topic[/gripper_left/joint_states] adding connection to [http://cmeintel-desktop:46374/], count 0
[rospy.core][INFO] 2016-06-08 20:45:05,366: signal_shutdown [signal-2]
[rospy.internal][INFO] 2016-06-08 20:45:05,369: topic[/joint_states] removing connection to /robot_state_publisher
[rospy.internal][INFO] 2016-06-08 20:45:05,370: topic[/rosout] removing connection to /rosout
[rospy.internal][INFO] 2016-06-08 20:45:05,370: topic[/arm_right/joint_states] removing connection to http://cmeintel-desktop:46374/
[rospy.internal][INFO] 2016-06-08 20:45:05,370: topic[/torso/joint_states] removing connection to http://cmeintel-desktop:46374/
[rospy.internal][INFO] 2016-06-08 20:45:05,370: topic[/sensorring/joint_states] removing connection to http://cmeintel-desktop:46374/
[rospy.internal][INFO] 2016-06-08 20:45:05,370: topic[/clock] removing connection to http://cmeintel-desktop:46374/
[rospy.internal][INFO] 2016-06-08 20:45:05,370: topic[/base/joint_states] removing connection to http://cmeintel-desktop:46374/
[rospy.internal][INFO] 2016-06-08 20:45:05,370: topic[/gripper_left/joint_states] removing connection to http://cmeintel-desktop:46374/
[rospy.internal][INFO] 2016-06-08 20:45:05,371: topic[/arm_left/joint_states] removing connection to http://cmeintel-desktop:46374/
[rospy.internal][INFO] 2016-06-08 20:45:05,371: topic[/gripper_right/joint_states] removing connection to http://cmeintel-desktop:46374/
[rospy.impl.masterslave][INFO] 2016-06-08 20:45:05,371: signal-2
[rospy.core][INFO] 2016-06-08 20:45:05,538: signal_shutdown [atexit]
