[rospy.client][INFO] 2016-06-08 20:19:47,989: init_node, name[/relayboard_node], pid[16875]
[xmlrpc][INFO] 2016-06-08 20:19:47,989: XML-RPC server binding to 0.0.0.0:0
[xmlrpc][INFO] 2016-06-08 20:19:47,989: Started XML-RPC server [http://cmeintel-desktop:46434/]
[rospy.impl.masterslave][INFO] 2016-06-08 20:19:47,989: _ready: http://cmeintel-desktop:46434/
[rospy.registration][INFO] 2016-06-08 20:19:47,990: Registering with master node http://localhost:11311
[xmlrpc][INFO] 2016-06-08 20:19:47,991: xml rpc node: starting XML-RPC server
[rospy.init][INFO] 2016-06-08 20:19:48,004: ROS Slave URI: [http://cmeintel-desktop:46434/]
[rospy.init][INFO] 2016-06-08 20:19:48,005: registered with master
[rospy.rosout][INFO] 2016-06-08 20:19:48,005: initializing /rosout core topic
[rospy.rosout][INFO] 2016-06-08 20:19:48,028: connected to core topic /rosout
[rospy.simtime][INFO] 2016-06-08 20:19:48,058: initializing /clock core topic
[rospy.simtime][INFO] 2016-06-08 20:19:48,068: connected to core topic /clock
[rospy.internal][INFO] 2016-06-08 20:19:48,240: topic[/rosout] adding connection to [/rosout], count 0
[rospy.internal][INFO] 2016-06-08 20:19:49,385: topic[/clock] adding connection to [http://cmeintel-desktop:46374/], count 0
[rospy.internal][INFO] 2016-06-08 20:19:52,100: topic[/emergency_stop_state] adding connection to [/dashboard_aggregator], count 0
[rospy.core][INFO] 2016-06-08 20:45:05,068: signal_shutdown [signal-2]
[rospy.internal][INFO] 2016-06-08 20:45:05,074: topic[/emergency_stop_state] removing connection to /dashboard_aggregator
[rospy.internal][INFO] 2016-06-08 20:45:05,074: topic[/rosout] removing connection to /rosout
[rospy.internal][INFO] 2016-06-08 20:45:05,074: topic[/clock] removing connection to http://cmeintel-desktop:46374/
[rospy.impl.masterslave][INFO] 2016-06-08 20:45:05,074: signal-2
[rospy.core][INFO] 2016-06-08 20:45:05,208: signal_shutdown [atexit]
