[roslaunch][INFO] 2016-06-08 20:42:12,973: Checking log directory for disk usage. This may take awhile.
Press Ctrl-C to interrupt
[roslaunch][INFO] 2016-06-08 20:42:12,977: Done checking log file disk usage. Usage is <1GB.
[roslaunch][INFO] 2016-06-08 20:42:12,977: roslaunch starting with args ['/opt/ros/indigo/bin/roslaunch', 'cob_navigation_global', '2dnav_ros_eband.launch']
[roslaunch][INFO] 2016-06-08 20:42:12,977: roslaunch env is {'LC_NUMERIC': 'C', 'MANDATORY_PATH': '/usr/share/gconf/ubuntu.mandatory.path', 'ROS_DISTRO': 'indigo', 'ROS_LOG_FILENAME': '/home/cme-intel/.ros/log/911f7fe2-2da5-11e6-9ce1-bc5ff47c434e/roslaunch-cmeintel-desktop-25226.log', 'XDG_GREETER_DATA_DIR': '/var/lib/lightdm-data/cme-intel', 'GNOME_DESKTOP_SESSION_ID': 'this-is-deprecated', 'PKG_CONFIG_PATH': '/home/cme-intel/git/catkin_ws/devel/lib/pkgconfig:/opt/ros/indigo/lib/x86_64-linux-gnu/pkgconfig:/opt/ros/indigo/lib/pkgconfig', 'ROBOT': 'cob4-2', 'LESSOPEN': '| /usr/bin/lesspipe %s', 'XDG_VTNR': '7', 'ROSLISP_PACKAGE_DIRECTORIES': '/home/cme-intel/git/catkin_ws/devel/share/common-lisp', 'CPATH': '/home/cme-intel/git/catkin_ws/devel/include:/opt/ros/indigo/include', 'LOGNAME': 'cme-intel', 'USER': 'cme-intel', 'PATH': '/opt/ros/indigo/bin:/usr/local/sbin:/usr/local/bin:/usr/sbin:/usr/bin:/sbin:/bin:/usr/games:/usr/local/games', 'LC_PAPER': 'de_DE.UTF-8', 'GNOME_KEYRING_CONTROL': '/run/user/1000/keyring-LxsLza', 'CMAKE_PREFIX_PATH': '/home/cme-intel/git/catkin_ws/devel:/opt/ros/indigo', 'LD_LIBRARY_PATH': '/home/cme-intel/git/catkin_ws/devel/lib:/opt/ros/indigo/lib/x86_64-linux-gnu:/opt/ros/indigo/lib', 'LANG': 'en_US.UTF-8', 'TERM': 'xterm', 'SHELL': '/bin/bash', 'XDG_SESSION_PATH': '/org/freedesktop/DisplayManager/Session0', 'XAUTHORITY': '/home/cme-intel/.Xauthority', 'LANGUAGE': 'en_US', 'COMPIZ_CONFIG_PROFILE': 'ubuntu', 'LC_MONETARY': 'de_DE.UTF-8', 'LESSCLOSE': '/usr/bin/lesspipe %s %s', 'GTK_IM_MODULE': 'ibus', 'QT_QPA_PLATFORMTHEME': 'appmenu-qt5', 'TERMINATOR_UUID': 'urn:uuid:c6d805ed-2a88-45ea-8b1a-0f940151aad8', 'JOB': 'gnome-session', 'TEXTDOMAIN': 'im-config', 'UPSTART_INSTANCE': '', 'CLUTTER_IM_MODULE': 'xim', 'WINDOWID': '54525956', '_': '/opt/ros/indigo/bin/roslaunch', 'SESSIONTYPE': 'gnome-session', 'XMODIFIERS': '@im=ibus', 'ROS_ETC_DIR': '/opt/ros/indigo/etc/ros', 'GPG_AGENT_INFO': '/run/user/1000/keyring-LxsLza/gpg:0:1', 'HOME': '/home/cme-intel', 'QT4_IM_MODULE': 'ibus', 'SELINUX_INIT': 'YES', 'SHLVL': '1', 'XDG_RUNTIME_DIR': '/run/user/1000', 'INSTANCE': 'Unity', 'LC_ADDRESS': 'de_DE.UTF-8', 'PYTHONPATH': '/home/cme-intel/git/catkin_ws/devel/lib/python2.7/dist-packages:/opt/ros/indigo/lib/python2.7/dist-packages', 'SSH_AUTH_SOCK': '/run/user/1000/keyring-LxsLza/ssh', 'UPSTART_EVENTS': 'started starting', 'ROS_ROOT': '/opt/ros/indigo/share/ros', 'GDMSESSION': 'ubuntu', 'IM_CONFIG_PHASE': '1', 'UPSTART_JOB': 'unity-settings-daemon', 'TEXTDOMAINDIR': '/usr/share/locale/', 'GNOME_KEYRING_PID': '1817', 'XDG_SEAT_PATH': '/org/freedesktop/DisplayManager/Seat0', 'ROS_PACKAGE_PATH': '/home/cme-intel/git/catkin_ws/src:/opt/ros/indigo/share:/opt/ros/indigo/stacks', 'XDG_CURRENT_DESKTOP': 'Unity', 'XDG_SESSION_ID': 'c2', 'DBUS_SESSION_BUS_ADDRESS': 'unix:abstract=/tmp/dbus-RvGdGJhI9z', 'ORBIT_SOCKETDIR': '/tmp/orbit-cme-intel', 'DEFAULTS_PATH': '/usr/share/gconf/ubuntu.default.path', 'LC_IDENTIFICATION': 'de_DE.UTF-8', 'DESKTOP_SESSION': 'ubuntu', 'UPSTART_SESSION': 'unix:abstract=/com/ubuntu/upstart-session/1000/1858', 'XDG_CONFIG_DIRS': '/etc/xdg/xdg-ubuntu:/usr/share/upstart/xdg:/etc/xdg', 'GTK_MODULES': 'overlay-scrollbar:unity-gtk-module', 'LC_NAME': 'de_DE.UTF-8', 'OLDPWD': '/home/cme-intel/git/catkin_ws/src/ipa_pars/planning_demo', 'GDM_LANG': 'en_US', 'LC_TELEPHONE': 'de_DE.UTF-8', 'ROBOT_ENV': 'ipa-apartment', 'LC_MEASUREMENT': 'de_DE.UTF-8', 'PWD': '/home/cme-intel/git/catkin_ws/src/ipa_pars/planning_demo/scripts', 'QT_IM_MODULE': 'ibus', 'ROS_MASTER_URI': 'http://localhost:11311', 'COLORTERM': 'gnome-terminal', 'DISPLAY': ':0', 'LC_TIME': 'de_DE.UTF-8', 'LS_COLORS': 'rs=0:di=01;34:ln=01;36:mh=00:pi=40;33:so=01;35:do=01;35:bd=40;33;01:cd=40;33;01:or=40;31;01:su=37;41:sg=30;43:ca=30;41:tw=30;42:ow=34;42:st=37;44:ex=01;32:*.tar=01;31:*.tgz=01;31:*.arj=01;31:*.taz=01;31:*.lzh=01;31:*.lzma=01;31:*.tlz=01;31:*.txz=01;31:*.zip=01;31:*.z=01;31:*.Z=01;31:*.dz=01;31:*.gz=01;31:*.lz=01;31:*.xz=01;31:*.bz2=01;31:*.bz=01;31:*.tbz=01;31:*.tbz2=01;31:*.tz=01;31:*.deb=01;31:*.rpm=01;31:*.jar=01;31:*.war=01;31:*.ear=01;31:*.sar=01;31:*.rar=01;31:*.ace=01;31:*.zoo=01;31:*.cpio=01;31:*.7z=01;31:*.rz=01;31:*.jpg=01;35:*.jpeg=01;35:*.gif=01;35:*.bmp=01;35:*.pbm=01;35:*.pgm=01;35:*.ppm=01;35:*.tga=01;35:*.xbm=01;35:*.xpm=01;35:*.tif=01;35:*.tiff=01;35:*.png=01;35:*.svg=01;35:*.svgz=01;35:*.mng=01;35:*.pcx=01;35:*.mov=01;35:*.mpg=01;35:*.mpeg=01;35:*.m2v=01;35:*.mkv=01;35:*.webm=01;35:*.ogm=01;35:*.mp4=01;35:*.m4v=01;35:*.mp4v=01;35:*.vob=01;35:*.qt=01;35:*.nuv=01;35:*.wmv=01;35:*.asf=01;35:*.rm=01;35:*.rmvb=01;35:*.flc=01;35:*.avi=01;35:*.fli=01;35:*.flv=01;35:*.gl=01;35:*.dl=01;35:*.xcf=01;35:*.xwd=01;35:*.yuv=01;35:*.cgm=01;35:*.emf=01;35:*.axv=01;35:*.anx=01;35:*.ogv=01;35:*.ogx=01;35:*.aac=00;36:*.au=00;36:*.flac=00;36:*.mid=00;36:*.midi=00;36:*.mka=00;36:*.mp3=00;36:*.mpc=00;36:*.ogg=00;36:*.ra=00;36:*.wav=00;36:*.axa=00;36:*.oga=00;36:*.spx=00;36:*.xspf=00;36:', 'XDG_DATA_DIRS': '/usr/share/ubuntu:/usr/share/gnome:/usr/local/share/:/usr/share/', 'XDG_SEAT': 'seat0'}
[roslaunch][INFO] 2016-06-08 20:42:12,977: starting in server mode
[roslaunch.parent][INFO] 2016-06-08 20:42:12,977: starting roslaunch parent run
[roslaunch][INFO] 2016-06-08 20:42:12,978: loading roscore config file /opt/ros/indigo/etc/ros/roscore.xml
[roslaunch][INFO] 2016-06-08 20:42:13,096: Added core node of type [rosout/rosout] in namespace [/]
[roslaunch.config][INFO] 2016-06-08 20:42:13,096: loading config file /home/cme-intel/git/catkin_ws/src/cob_navigation/cob_navigation_global/launch/2dnav_ros_eband.launch
[roslaunch][INFO] 2016-06-08 20:42:13,176: Added node of type [map_server/map_server] in namespace [/]
[roslaunch][INFO] 2016-06-08 20:42:13,217: Added node of type [amcl/amcl] in namespace [/]
[roslaunch][INFO] 2016-06-08 20:42:13,513: Added node of type [move_base/move_base] in namespace [/]
[roslaunch][INFO] 2016-06-08 20:42:13,513: ... selected machine [] for node of type [map_server/map_server]
[roslaunch][INFO] 2016-06-08 20:42:13,513: ... selected machine [] for node of type [amcl/amcl]
[roslaunch][INFO] 2016-06-08 20:42:13,513: ... selected machine [] for node of type [move_base/move_base]
[roslaunch.pmon][INFO] 2016-06-08 20:42:13,514: start_process_monitor: creating ProcessMonitor
[roslaunch.pmon][INFO] 2016-06-08 20:42:13,514: created process monitor <ProcessMonitor(ProcessMonitor-1, initial daemon)>
[roslaunch.pmon][INFO] 2016-06-08 20:42:13,514: start_process_monitor: ProcessMonitor started
[roslaunch.parent][INFO] 2016-06-08 20:42:13,514: starting parent XML-RPC server
[roslaunch.server][INFO] 2016-06-08 20:42:13,514: starting roslaunch XML-RPC server
[roslaunch.server][INFO] 2016-06-08 20:42:13,514: waiting for roslaunch XML-RPC server to initialize
[xmlrpc][INFO] 2016-06-08 20:42:13,515: XML-RPC server binding to 0.0.0.0:0
[xmlrpc][INFO] 2016-06-08 20:42:13,515: Started XML-RPC server [http://cmeintel-desktop:44180/]
[xmlrpc][INFO] 2016-06-08 20:42:13,515: xml rpc node: starting XML-RPC server
[roslaunch][INFO] 2016-06-08 20:42:13,526: started roslaunch server http://cmeintel-desktop:44180/
[roslaunch.parent][INFO] 2016-06-08 20:42:13,527: ... parent XML-RPC server started
[roslaunch][INFO] 2016-06-08 20:42:13,528: master.is_running[http://localhost:11311]
[roslaunch][INFO] 2016-06-08 20:42:13,530: master.is_running[http://localhost:11311]
[roslaunch][INFO] 2016-06-08 20:42:13,531: ROS_MASTER_URI=http://localhost:11311
[roslaunch][INFO] 2016-06-08 20:42:13,533: setting /roslaunch/uris/host_cmeintel_desktop__44180' to http://cmeintel-desktop:44180/
[roslaunch][INFO] 2016-06-08 20:42:13,616: load_parameters starting ...
[roslaunch][INFO] 2016-06-08 20:42:13,653: ... load_parameters complete
[roslaunch][INFO] 2016-06-08 20:42:13,653: launch_nodes: launching local nodes ...
[roslaunch][INFO] 2016-06-08 20:42:13,653: ... preparing to launch node of type [map_server/map_server]
[roslaunch][INFO] 2016-06-08 20:42:13,653: create_node_process: package[map_server] type[map_server] machine[Machine(name[] env_loader[None] address[localhost] ssh_port[22] user[None] assignable[True] timeout[10.0])] master_uri[http://localhost:11311]
[roslaunch][INFO] 2016-06-08 20:42:13,654: process[map_server-1]: env[{'LC_NUMERIC': 'C', 'WINDOWID': '54525956', 'QT_QPA_PLATFORMTHEME': 'appmenu-qt5', 'ROS_DISTRO': 'indigo', 'DISPLAY': ':0', 'XDG_GREETER_DATA_DIR': '/var/lib/lightdm-data/cme-intel', 'GNOME_DESKTOP_SESSION_ID': 'this-is-deprecated', 'LC_MEASUREMENT': 'de_DE.UTF-8', 'XDG_CURRENT_DESKTOP': 'Unity', 'ROBOT': 'cob4-2', 'LESSOPEN': '| /usr/bin/lesspipe %s', 'LC_PAPER': 'de_DE.UTF-8', 'ROSLISP_PACKAGE_DIRECTORIES': '/home/cme-intel/git/catkin_ws/devel/share/common-lisp', 'CPATH': '/home/cme-intel/git/catkin_ws/devel/include:/opt/ros/indigo/include', 'LOGNAME': 'cme-intel', 'USER': 'cme-intel', 'PATH': '/opt/ros/indigo/bin:/usr/local/sbin:/usr/local/bin:/usr/sbin:/usr/bin:/sbin:/bin:/usr/games:/usr/local/games', 'XDG_VTNR': '7', 'GNOME_KEYRING_CONTROL': '/run/user/1000/keyring-LxsLza', 'CMAKE_PREFIX_PATH': '/home/cme-intel/git/catkin_ws/devel:/opt/ros/indigo', 'LD_LIBRARY_PATH': '/home/cme-intel/git/catkin_ws/devel/lib:/opt/ros/indigo/lib/x86_64-linux-gnu:/opt/ros/indigo/lib', 'LANG': 'en_US.UTF-8', 'TERM': 'xterm', 'SHELL': '/bin/bash', 'XDG_SESSION_PATH': '/org/freedesktop/DisplayManager/Session0', 'XAUTHORITY': '/home/cme-intel/.Xauthority', 'LANGUAGE': 'en_US', 'INSTANCE': 'Unity', 'LC_MONETARY': 'de_DE.UTF-8', 'XDG_SESSION_ID': 'c2', 'MANDATORY_PATH': '/usr/share/gconf/ubuntu.mandatory.path', 'TERMINATOR_UUID': 'urn:uuid:c6d805ed-2a88-45ea-8b1a-0f940151aad8', 'JOB': 'gnome-session', 'ROS_LOG_FILENAME': '/home/cme-intel/.ros/log/911f7fe2-2da5-11e6-9ce1-bc5ff47c434e/roslaunch-cmeintel-desktop-25226.log', 'UPSTART_INSTANCE': '', 'COMPIZ_CONFIG_PROFILE': 'ubuntu', 'TEXTDOMAIN': 'im-config', 'ORBIT_SOCKETDIR': '/tmp/orbit-cme-intel', 'CLUTTER_IM_MODULE': 'xim', 'XMODIFIERS': '@im=ibus', 'ROS_MASTER_URI': 'http://localhost:11311', 'GPG_AGENT_INFO': '/run/user/1000/keyring-LxsLza/gpg:0:1', 'HOME': '/home/cme-intel', 'QT4_IM_MODULE': 'ibus', 'SELINUX_INIT': 'YES', 'SSH_AUTH_SOCK': '/run/user/1000/keyring-LxsLza/ssh', 'XDG_RUNTIME_DIR': '/run/user/1000', 'LC_IDENTIFICATION': 'de_DE.UTF-8', 'LC_ADDRESS': 'de_DE.UTF-8', 'PYTHONPATH': '/home/cme-intel/git/catkin_ws/devel/lib/python2.7/dist-packages:/opt/ros/indigo/lib/python2.7/dist-packages', 'SESSIONTYPE': 'gnome-session', 'UPSTART_EVENTS': 'started starting', 'GDMSESSION': 'ubuntu', 'IM_CONFIG_PHASE': '1', 'UPSTART_JOB': 'unity-settings-daemon', 'TEXTDOMAINDIR': '/usr/share/locale/', 'ROBOT_ENV': 'ipa-apartment', 'XDG_DATA_DIRS': '/usr/share/ubuntu:/usr/share/gnome:/usr/local/share/:/usr/share/', 'PKG_CONFIG_PATH': '/home/cme-intel/git/catkin_ws/devel/lib/pkgconfig:/opt/ros/indigo/lib/x86_64-linux-gnu/pkgconfig:/opt/ros/indigo/lib/pkgconfig', 'ROS_PACKAGE_PATH': '/home/cme-intel/git/catkin_ws/src:/opt/ros/indigo/share:/opt/ros/indigo/stacks', 'ROS_ROOT': '/opt/ros/indigo/share/ros', 'XDG_SEAT_PATH': '/org/freedesktop/DisplayManager/Seat0', 'DBUS_SESSION_BUS_ADDRESS': 'unix:abstract=/tmp/dbus-RvGdGJhI9z', '_': '/opt/ros/indigo/bin/roslaunch', 'DEFAULTS_PATH': '/usr/share/gconf/ubuntu.default.path', 'GTK_IM_MODULE': 'ibus', 'DESKTOP_SESSION': 'ubuntu', 'UPSTART_SESSION': 'unix:abstract=/com/ubuntu/upstart-session/1000/1858', 'LESSCLOSE': '/usr/bin/lesspipe %s %s', 'GNOME_KEYRING_PID': '1817', 'OLDPWD': '/home/cme-intel/git/catkin_ws/src/ipa_pars/planning_demo', 'LS_COLORS': 'rs=0:di=01;34:ln=01;36:mh=00:pi=40;33:so=01;35:do=01;35:bd=40;33;01:cd=40;33;01:or=40;31;01:su=37;41:sg=30;43:ca=30;41:tw=30;42:ow=34;42:st=37;44:ex=01;32:*.tar=01;31:*.tgz=01;31:*.arj=01;31:*.taz=01;31:*.lzh=01;31:*.lzma=01;31:*.tlz=01;31:*.txz=01;31:*.zip=01;31:*.z=01;31:*.Z=01;31:*.dz=01;31:*.gz=01;31:*.lz=01;31:*.xz=01;31:*.bz2=01;31:*.bz=01;31:*.tbz=01;31:*.tbz2=01;31:*.tz=01;31:*.deb=01;31:*.rpm=01;31:*.jar=01;31:*.war=01;31:*.ear=01;31:*.sar=01;31:*.rar=01;31:*.ace=01;31:*.zoo=01;31:*.cpio=01;31:*.7z=01;31:*.rz=01;31:*.jpg=01;35:*.jpeg=01;35:*.gif=01;35:*.bmp=01;35:*.pbm=01;35:*.pgm=01;35:*.ppm=01;35:*.tga=01;35:*.xbm=01;35:*.xpm=01;35:*.tif=01;35:*.tiff=01;35:*.png=01;35:*.svg=01;35:*.svgz=01;35:*.mng=01;35:*.pcx=01;35:*.mov=01;35:*.mpg=01;35:*.mpeg=01;35:*.m2v=01;35:*.mkv=01;35:*.webm=01;35:*.ogm=01;35:*.mp4=01;35:*.m4v=01;35:*.mp4v=01;35:*.vob=01;35:*.qt=01;35:*.nuv=01;35:*.wmv=01;35:*.asf=01;35:*.rm=01;35:*.rmvb=01;35:*.flc=01;35:*.avi=01;35:*.fli=01;35:*.flv=01;35:*.gl=01;35:*.dl=01;35:*.xcf=01;35:*.xwd=01;35:*.yuv=01;35:*.cgm=01;35:*.emf=01;35:*.axv=01;35:*.anx=01;35:*.ogv=01;35:*.ogx=01;35:*.aac=00;36:*.au=00;36:*.flac=00;36:*.mid=00;36:*.midi=00;36:*.mka=00;36:*.mp3=00;36:*.mpc=00;36:*.ogg=00;36:*.ra=00;36:*.wav=00;36:*.axa=00;36:*.oga=00;36:*.spx=00;36:*.xspf=00;36:', 'GDM_LANG': 'en_US', 'LC_TELEPHONE': 'de_DE.UTF-8', 'GTK_MODULES': 'overlay-scrollbar:unity-gtk-module', 'SHLVL': '1', 'PWD': '/home/cme-intel/git/catkin_ws/src/ipa_pars/planning_demo/scripts', 'QT_IM_MODULE': 'ibus', 'ROS_ETC_DIR': '/opt/ros/indigo/etc/ros', 'COLORTERM': 'gnome-terminal', 'LC_NAME': 'de_DE.UTF-8', 'LC_TIME': 'de_DE.UTF-8', 'XDG_CONFIG_DIRS': '/etc/xdg/xdg-ubuntu:/usr/share/upstart/xdg:/etc/xdg', 'XDG_SEAT': 'seat0'}]
[roslaunch][INFO] 2016-06-08 20:42:13,756: process[map_server-1]: args[[u'/opt/ros/indigo/lib/map_server/map_server', '/opt/ros/indigo/share/cob_default_env_config/ipa-apartment/map.yaml', u'__name:=map_server']]
[roslaunch][INFO] 2016-06-08 20:42:13,756: ... created process [map_server-1]
[roslaunch.pmon][INFO] 2016-06-08 20:42:13,756: ProcessMonitor.register[map_server-1]
[roslaunch.pmon][INFO] 2016-06-08 20:42:13,756: ProcessMonitor.register[map_server-1] complete
[roslaunch][INFO] 2016-06-08 20:42:13,756: ... registered process [map_server-1]
[roslaunch][INFO] 2016-06-08 20:42:13,756: process[map_server-1]: starting os process
[roslaunch][INFO] 2016-06-08 20:42:13,756: process[map_server-1]: start w/ args [[u'/opt/ros/indigo/lib/map_server/map_server', '/opt/ros/indigo/share/cob_default_env_config/ipa-apartment/map.yaml', u'__name:=map_server', u'__log:=/home/cme-intel/.ros/log/911f7fe2-2da5-11e6-9ce1-bc5ff47c434e/map_server-1.log']]
[roslaunch][INFO] 2016-06-08 20:42:13,757: process[map_server-1]: cwd will be [/home/cme-intel/.ros]
[roslaunch][INFO] 2016-06-08 20:42:13,760: process[map_server-1]: started with pid [25249]
[roslaunch][INFO] 2016-06-08 20:42:13,760: ... successfully launched [map_server-1]
[roslaunch][INFO] 2016-06-08 20:42:13,760: ... preparing to launch node of type [amcl/amcl]
[roslaunch][INFO] 2016-06-08 20:42:13,760: create_node_process: package[amcl] type[amcl] machine[Machine(name[] env_loader[None] address[localhost] ssh_port[22] user[None] assignable[True] timeout[10.0])] master_uri[http://localhost:11311]
[roslaunch][INFO] 2016-06-08 20:42:13,761: process[amcl-2]: env[{'LC_NUMERIC': 'C', 'WINDOWID': '54525956', 'QT_QPA_PLATFORMTHEME': 'appmenu-qt5', 'ROS_DISTRO': 'indigo', 'DISPLAY': ':0', 'XDG_GREETER_DATA_DIR': '/var/lib/lightdm-data/cme-intel', 'GNOME_DESKTOP_SESSION_ID': 'this-is-deprecated', 'LC_MEASUREMENT': 'de_DE.UTF-8', 'XDG_CURRENT_DESKTOP': 'Unity', 'ROBOT': 'cob4-2', 'LESSOPEN': '| /usr/bin/lesspipe %s', 'LC_PAPER': 'de_DE.UTF-8', 'ROSLISP_PACKAGE_DIRECTORIES': '/home/cme-intel/git/catkin_ws/devel/share/common-lisp', 'CPATH': '/home/cme-intel/git/catkin_ws/devel/include:/opt/ros/indigo/include', 'LOGNAME': 'cme-intel', 'USER': 'cme-intel', 'PATH': '/opt/ros/indigo/bin:/usr/local/sbin:/usr/local/bin:/usr/sbin:/usr/bin:/sbin:/bin:/usr/games:/usr/local/games', 'XDG_VTNR': '7', 'GNOME_KEYRING_CONTROL': '/run/user/1000/keyring-LxsLza', 'CMAKE_PREFIX_PATH': '/home/cme-intel/git/catkin_ws/devel:/opt/ros/indigo', 'LD_LIBRARY_PATH': '/home/cme-intel/git/catkin_ws/devel/lib:/opt/ros/indigo/lib/x86_64-linux-gnu:/opt/ros/indigo/lib', 'LANG': 'en_US.UTF-8', 'TERM': 'xterm', 'SHELL': '/bin/bash', 'XDG_SESSION_PATH': '/org/freedesktop/DisplayManager/Session0', 'XAUTHORITY': '/home/cme-intel/.Xauthority', 'LANGUAGE': 'en_US', 'INSTANCE': 'Unity', 'LC_MONETARY': 'de_DE.UTF-8', 'XDG_SESSION_ID': 'c2', 'MANDATORY_PATH': '/usr/share/gconf/ubuntu.mandatory.path', 'TERMINATOR_UUID': 'urn:uuid:c6d805ed-2a88-45ea-8b1a-0f940151aad8', 'JOB': 'gnome-session', 'ROS_LOG_FILENAME': '/home/cme-intel/.ros/log/911f7fe2-2da5-11e6-9ce1-bc5ff47c434e/roslaunch-cmeintel-desktop-25226.log', 'UPSTART_INSTANCE': '', 'COMPIZ_CONFIG_PROFILE': 'ubuntu', 'TEXTDOMAIN': 'im-config', 'ORBIT_SOCKETDIR': '/tmp/orbit-cme-intel', 'CLUTTER_IM_MODULE': 'xim', 'XMODIFIERS': '@im=ibus', 'ROS_MASTER_URI': 'http://localhost:11311', 'GPG_AGENT_INFO': '/run/user/1000/keyring-LxsLza/gpg:0:1', 'HOME': '/home/cme-intel', 'QT4_IM_MODULE': 'ibus', 'SELINUX_INIT': 'YES', 'SSH_AUTH_SOCK': '/run/user/1000/keyring-LxsLza/ssh', 'XDG_RUNTIME_DIR': '/run/user/1000', 'LC_IDENTIFICATION': 'de_DE.UTF-8', 'LC_ADDRESS': 'de_DE.UTF-8', 'PYTHONPATH': '/home/cme-intel/git/catkin_ws/devel/lib/python2.7/dist-packages:/opt/ros/indigo/lib/python2.7/dist-packages', 'SESSIONTYPE': 'gnome-session', 'UPSTART_EVENTS': 'started starting', 'GDMSESSION': 'ubuntu', 'IM_CONFIG_PHASE': '1', 'UPSTART_JOB': 'unity-settings-daemon', 'TEXTDOMAINDIR': '/usr/share/locale/', 'ROBOT_ENV': 'ipa-apartment', 'XDG_DATA_DIRS': '/usr/share/ubuntu:/usr/share/gnome:/usr/local/share/:/usr/share/', 'PKG_CONFIG_PATH': '/home/cme-intel/git/catkin_ws/devel/lib/pkgconfig:/opt/ros/indigo/lib/x86_64-linux-gnu/pkgconfig:/opt/ros/indigo/lib/pkgconfig', 'ROS_PACKAGE_PATH': '/home/cme-intel/git/catkin_ws/src:/opt/ros/indigo/share:/opt/ros/indigo/stacks', 'ROS_ROOT': '/opt/ros/indigo/share/ros', 'XDG_SEAT_PATH': '/org/freedesktop/DisplayManager/Seat0', 'DBUS_SESSION_BUS_ADDRESS': 'unix:abstract=/tmp/dbus-RvGdGJhI9z', '_': '/opt/ros/indigo/bin/roslaunch', 'DEFAULTS_PATH': '/usr/share/gconf/ubuntu.default.path', 'GTK_IM_MODULE': 'ibus', 'DESKTOP_SESSION': 'ubuntu', 'UPSTART_SESSION': 'unix:abstract=/com/ubuntu/upstart-session/1000/1858', 'LESSCLOSE': '/usr/bin/lesspipe %s %s', 'GNOME_KEYRING_PID': '1817', 'OLDPWD': '/home/cme-intel/git/catkin_ws/src/ipa_pars/planning_demo', 'LS_COLORS': 'rs=0:di=01;34:ln=01;36:mh=00:pi=40;33:so=01;35:do=01;35:bd=40;33;01:cd=40;33;01:or=40;31;01:su=37;41:sg=30;43:ca=30;41:tw=30;42:ow=34;42:st=37;44:ex=01;32:*.tar=01;31:*.tgz=01;31:*.arj=01;31:*.taz=01;31:*.lzh=01;31:*.lzma=01;31:*.tlz=01;31:*.txz=01;31:*.zip=01;31:*.z=01;31:*.Z=01;31:*.dz=01;31:*.gz=01;31:*.lz=01;31:*.xz=01;31:*.bz2=01;31:*.bz=01;31:*.tbz=01;31:*.tbz2=01;31:*.tz=01;31:*.deb=01;31:*.rpm=01;31:*.jar=01;31:*.war=01;31:*.ear=01;31:*.sar=01;31:*.rar=01;31:*.ace=01;31:*.zoo=01;31:*.cpio=01;31:*.7z=01;31:*.rz=01;31:*.jpg=01;35:*.jpeg=01;35:*.gif=01;35:*.bmp=01;35:*.pbm=01;35:*.pgm=01;35:*.ppm=01;35:*.tga=01;35:*.xbm=01;35:*.xpm=01;35:*.tif=01;35:*.tiff=01;35:*.png=01;35:*.svg=01;35:*.svgz=01;35:*.mng=01;35:*.pcx=01;35:*.mov=01;35:*.mpg=01;35:*.mpeg=01;35:*.m2v=01;35:*.mkv=01;35:*.webm=01;35:*.ogm=01;35:*.mp4=01;35:*.m4v=01;35:*.mp4v=01;35:*.vob=01;35:*.qt=01;35:*.nuv=01;35:*.wmv=01;35:*.asf=01;35:*.rm=01;35:*.rmvb=01;35:*.flc=01;35:*.avi=01;35:*.fli=01;35:*.flv=01;35:*.gl=01;35:*.dl=01;35:*.xcf=01;35:*.xwd=01;35:*.yuv=01;35:*.cgm=01;35:*.emf=01;35:*.axv=01;35:*.anx=01;35:*.ogv=01;35:*.ogx=01;35:*.aac=00;36:*.au=00;36:*.flac=00;36:*.mid=00;36:*.midi=00;36:*.mka=00;36:*.mp3=00;36:*.mpc=00;36:*.ogg=00;36:*.ra=00;36:*.wav=00;36:*.axa=00;36:*.oga=00;36:*.spx=00;36:*.xspf=00;36:', 'GDM_LANG': 'en_US', 'LC_TELEPHONE': 'de_DE.UTF-8', 'GTK_MODULES': 'overlay-scrollbar:unity-gtk-module', 'SHLVL': '1', 'PWD': '/home/cme-intel/git/catkin_ws/src/ipa_pars/planning_demo/scripts', 'QT_IM_MODULE': 'ibus', 'ROS_ETC_DIR': '/opt/ros/indigo/etc/ros', 'COLORTERM': 'gnome-terminal', 'LC_NAME': 'de_DE.UTF-8', 'LC_TIME': 'de_DE.UTF-8', 'XDG_CONFIG_DIRS': '/etc/xdg/xdg-ubuntu:/usr/share/upstart/xdg:/etc/xdg', 'XDG_SEAT': 'seat0'}]
[roslaunch][INFO] 2016-06-08 20:42:13,762: process[amcl-2]: args[[u'/opt/ros/indigo/lib/amcl/amcl', u'scan:=scan_unified', u'__name:=amcl']]
[roslaunch][INFO] 2016-06-08 20:42:13,762: ... created process [amcl-2]
[roslaunch.pmon][INFO] 2016-06-08 20:42:13,762: ProcessMonitor.register[amcl-2]
[roslaunch.pmon][INFO] 2016-06-08 20:42:13,762: ProcessMonitor.register[amcl-2] complete
[roslaunch][INFO] 2016-06-08 20:42:13,762: ... registered process [amcl-2]
[roslaunch][INFO] 2016-06-08 20:42:13,762: process[amcl-2]: starting os process
[roslaunch][INFO] 2016-06-08 20:42:13,762: process[amcl-2]: start w/ args [[u'/opt/ros/indigo/lib/amcl/amcl', u'scan:=scan_unified', u'__name:=amcl', u'__log:=/home/cme-intel/.ros/log/911f7fe2-2da5-11e6-9ce1-bc5ff47c434e/amcl-2.log']]
[roslaunch][INFO] 2016-06-08 20:42:13,762: process[amcl-2]: cwd will be [/home/cme-intel/.ros]
[roslaunch][INFO] 2016-06-08 20:42:13,770: process[amcl-2]: started with pid [25250]
[roslaunch][INFO] 2016-06-08 20:42:13,770: ... successfully launched [amcl-2]
[roslaunch][INFO] 2016-06-08 20:42:13,770: ... preparing to launch node of type [move_base/move_base]
[roslaunch][INFO] 2016-06-08 20:42:13,770: create_node_process: package[move_base] type[move_base] machine[Machine(name[] env_loader[None] address[localhost] ssh_port[22] user[None] assignable[True] timeout[10.0])] master_uri[http://localhost:11311]
[roslaunch][INFO] 2016-06-08 20:42:13,770: process[move_base-3]: env[{'LC_NUMERIC': 'C', 'WINDOWID': '54525956', 'QT_QPA_PLATFORMTHEME': 'appmenu-qt5', 'ROS_DISTRO': 'indigo', 'DISPLAY': ':0', 'XDG_GREETER_DATA_DIR': '/var/lib/lightdm-data/cme-intel', 'GNOME_DESKTOP_SESSION_ID': 'this-is-deprecated', 'LC_MEASUREMENT': 'de_DE.UTF-8', 'XDG_CURRENT_DESKTOP': 'Unity', 'ROBOT': 'cob4-2', 'LESSOPEN': '| /usr/bin/lesspipe %s', 'LC_PAPER': 'de_DE.UTF-8', 'ROSLISP_PACKAGE_DIRECTORIES': '/home/cme-intel/git/catkin_ws/devel/share/common-lisp', 'CPATH': '/home/cme-intel/git/catkin_ws/devel/include:/opt/ros/indigo/include', 'LOGNAME': 'cme-intel', 'USER': 'cme-intel', 'PATH': '/opt/ros/indigo/bin:/usr/local/sbin:/usr/local/bin:/usr/sbin:/usr/bin:/sbin:/bin:/usr/games:/usr/local/games', 'XDG_VTNR': '7', 'GNOME_KEYRING_CONTROL': '/run/user/1000/keyring-LxsLza', 'CMAKE_PREFIX_PATH': '/home/cme-intel/git/catkin_ws/devel:/opt/ros/indigo', 'LD_LIBRARY_PATH': '/home/cme-intel/git/catkin_ws/devel/lib:/opt/ros/indigo/lib/x86_64-linux-gnu:/opt/ros/indigo/lib', 'LANG': 'en_US.UTF-8', 'TERM': 'xterm', 'SHELL': '/bin/bash', 'XDG_SESSION_PATH': '/org/freedesktop/DisplayManager/Session0', 'XAUTHORITY': '/home/cme-intel/.Xauthority', 'LANGUAGE': 'en_US', 'INSTANCE': 'Unity', 'LC_MONETARY': 'de_DE.UTF-8', 'XDG_SESSION_ID': 'c2', 'MANDATORY_PATH': '/usr/share/gconf/ubuntu.mandatory.path', 'TERMINATOR_UUID': 'urn:uuid:c6d805ed-2a88-45ea-8b1a-0f940151aad8', 'JOB': 'gnome-session', 'ROS_LOG_FILENAME': '/home/cme-intel/.ros/log/911f7fe2-2da5-11e6-9ce1-bc5ff47c434e/roslaunch-cmeintel-desktop-25226.log', 'UPSTART_INSTANCE': '', 'COMPIZ_CONFIG_PROFILE': 'ubuntu', 'TEXTDOMAIN': 'im-config', 'ORBIT_SOCKETDIR': '/tmp/orbit-cme-intel', 'CLUTTER_IM_MODULE': 'xim', 'XMODIFIERS': '@im=ibus', 'ROS_MASTER_URI': 'http://localhost:11311', 'GPG_AGENT_INFO': '/run/user/1000/keyring-LxsLza/gpg:0:1', 'HOME': '/home/cme-intel', 'QT4_IM_MODULE': 'ibus', 'SELINUX_INIT': 'YES', 'SSH_AUTH_SOCK': '/run/user/1000/keyring-LxsLza/ssh', 'XDG_RUNTIME_DIR': '/run/user/1000', 'LC_IDENTIFICATION': 'de_DE.UTF-8', 'LC_ADDRESS': 'de_DE.UTF-8', 'PYTHONPATH': '/home/cme-intel/git/catkin_ws/devel/lib/python2.7/dist-packages:/opt/ros/indigo/lib/python2.7/dist-packages', 'SESSIONTYPE': 'gnome-session', 'UPSTART_EVENTS': 'started starting', 'GDMSESSION': 'ubuntu', 'IM_CONFIG_PHASE': '1', 'UPSTART_JOB': 'unity-settings-daemon', 'TEXTDOMAINDIR': '/usr/share/locale/', 'ROBOT_ENV': 'ipa-apartment', 'XDG_DATA_DIRS': '/usr/share/ubuntu:/usr/share/gnome:/usr/local/share/:/usr/share/', 'PKG_CONFIG_PATH': '/home/cme-intel/git/catkin_ws/devel/lib/pkgconfig:/opt/ros/indigo/lib/x86_64-linux-gnu/pkgconfig:/opt/ros/indigo/lib/pkgconfig', 'ROS_PACKAGE_PATH': '/home/cme-intel/git/catkin_ws/src:/opt/ros/indigo/share:/opt/ros/indigo/stacks', 'ROS_ROOT': '/opt/ros/indigo/share/ros', 'XDG_SEAT_PATH': '/org/freedesktop/DisplayManager/Seat0', 'DBUS_SESSION_BUS_ADDRESS': 'unix:abstract=/tmp/dbus-RvGdGJhI9z', '_': '/opt/ros/indigo/bin/roslaunch', 'DEFAULTS_PATH': '/usr/share/gconf/ubuntu.default.path', 'GTK_IM_MODULE': 'ibus', 'DESKTOP_SESSION': 'ubuntu', 'UPSTART_SESSION': 'unix:abstract=/com/ubuntu/upstart-session/1000/1858', 'LESSCLOSE': '/usr/bin/lesspipe %s %s', 'GNOME_KEYRING_PID': '1817', 'OLDPWD': '/home/cme-intel/git/catkin_ws/src/ipa_pars/planning_demo', 'LS_COLORS': 'rs=0:di=01;34:ln=01;36:mh=00:pi=40;33:so=01;35:do=01;35:bd=40;33;01:cd=40;33;01:or=40;31;01:su=37;41:sg=30;43:ca=30;41:tw=30;42:ow=34;42:st=37;44:ex=01;32:*.tar=01;31:*.tgz=01;31:*.arj=01;31:*.taz=01;31:*.lzh=01;31:*.lzma=01;31:*.tlz=01;31:*.txz=01;31:*.zip=01;31:*.z=01;31:*.Z=01;31:*.dz=01;31:*.gz=01;31:*.lz=01;31:*.xz=01;31:*.bz2=01;31:*.bz=01;31:*.tbz=01;31:*.tbz2=01;31:*.tz=01;31:*.deb=01;31:*.rpm=01;31:*.jar=01;31:*.war=01;31:*.ear=01;31:*.sar=01;31:*.rar=01;31:*.ace=01;31:*.zoo=01;31:*.cpio=01;31:*.7z=01;31:*.rz=01;31:*.jpg=01;35:*.jpeg=01;35:*.gif=01;35:*.bmp=01;35:*.pbm=01;35:*.pgm=01;35:*.ppm=01;35:*.tga=01;35:*.xbm=01;35:*.xpm=01;35:*.tif=01;35:*.tiff=01;35:*.png=01;35:*.svg=01;35:*.svgz=01;35:*.mng=01;35:*.pcx=01;35:*.mov=01;35:*.mpg=01;35:*.mpeg=01;35:*.m2v=01;35:*.mkv=01;35:*.webm=01;35:*.ogm=01;35:*.mp4=01;35:*.m4v=01;35:*.mp4v=01;35:*.vob=01;35:*.qt=01;35:*.nuv=01;35:*.wmv=01;35:*.asf=01;35:*.rm=01;35:*.rmvb=01;35:*.flc=01;35:*.avi=01;35:*.fli=01;35:*.flv=01;35:*.gl=01;35:*.dl=01;35:*.xcf=01;35:*.xwd=01;35:*.yuv=01;35:*.cgm=01;35:*.emf=01;35:*.axv=01;35:*.anx=01;35:*.ogv=01;35:*.ogx=01;35:*.aac=00;36:*.au=00;36:*.flac=00;36:*.mid=00;36:*.midi=00;36:*.mka=00;36:*.mp3=00;36:*.mpc=00;36:*.ogg=00;36:*.ra=00;36:*.wav=00;36:*.axa=00;36:*.oga=00;36:*.spx=00;36:*.xspf=00;36:', 'GDM_LANG': 'en_US', 'LC_TELEPHONE': 'de_DE.UTF-8', 'GTK_MODULES': 'overlay-scrollbar:unity-gtk-module', 'SHLVL': '1', 'PWD': '/home/cme-intel/git/catkin_ws/src/ipa_pars/planning_demo/scripts', 'QT_IM_MODULE': 'ibus', 'ROS_ETC_DIR': '/opt/ros/indigo/etc/ros', 'COLORTERM': 'gnome-terminal', 'LC_NAME': 'de_DE.UTF-8', 'LC_TIME': 'de_DE.UTF-8', 'XDG_CONFIG_DIRS': '/etc/xdg/xdg-ubuntu:/usr/share/upstart/xdg:/etc/xdg', 'XDG_SEAT': 'seat0'}]
[roslaunch][INFO] 2016-06-08 20:42:13,771: process[move_base-3]: args[[u'/opt/ros/indigo/lib/move_base/move_base', u'cmd_vel:=base/twist_mux/command_navigation', u'odom:=base/odometry_controller/odometry', u'__name:=move_base']]
[roslaunch][INFO] 2016-06-08 20:42:13,771: ... created process [move_base-3]
[roslaunch.pmon][INFO] 2016-06-08 20:42:13,771: ProcessMonitor.register[move_base-3]
[roslaunch.pmon][INFO] 2016-06-08 20:42:13,771: ProcessMonitor.register[move_base-3] complete
[roslaunch][INFO] 2016-06-08 20:42:13,771: ... registered process [move_base-3]
[roslaunch][INFO] 2016-06-08 20:42:13,771: process[move_base-3]: starting os process
[roslaunch][INFO] 2016-06-08 20:42:13,772: process[move_base-3]: start w/ args [[u'/opt/ros/indigo/lib/move_base/move_base', u'cmd_vel:=base/twist_mux/command_navigation', u'odom:=base/odometry_controller/odometry', u'__name:=move_base', u'__log:=/home/cme-intel/.ros/log/911f7fe2-2da5-11e6-9ce1-bc5ff47c434e/move_base-3.log']]
[roslaunch][INFO] 2016-06-08 20:42:13,772: process[move_base-3]: cwd will be [/home/cme-intel/.ros]
[roslaunch][INFO] 2016-06-08 20:42:13,775: process[move_base-3]: started with pid [25258]
[roslaunch][INFO] 2016-06-08 20:42:13,776: ... successfully launched [move_base-3]
[roslaunch][INFO] 2016-06-08 20:42:13,776: ... launch_nodes complete
[roslaunch.pmon][INFO] 2016-06-08 20:42:13,776: registrations completed <ProcessMonitor(ProcessMonitor-1, started daemon 140565745260288)>
[roslaunch.parent][INFO] 2016-06-08 20:42:13,776: ... roslaunch parent running, waiting for process exit
[roslaunch][INFO] 2016-06-08 20:42:13,776: spin
[roslaunch.pmon][INFO] 2016-06-08 20:45:07,321: ProcessMonitor.shutdown <ProcessMonitor(ProcessMonitor-1, started daemon 140565745260288)>
[roslaunch.pmon][INFO] 2016-06-08 20:45:07,384: ProcessMonitor._post_run <ProcessMonitor(ProcessMonitor-1, started daemon 140565745260288)>
[roslaunch.pmon][INFO] 2016-06-08 20:45:07,385: ProcessMonitor._post_run <ProcessMonitor(ProcessMonitor-1, started daemon 140565745260288)>: remaining procs are [<roslaunch.nodeprocess.LocalProcess object at 0x7fd803bdce10>, <roslaunch.nodeprocess.LocalProcess object at 0x7fd803bdc190>, <roslaunch.nodeprocess.LocalProcess object at 0x7fd803ba2510>]
[roslaunch.pmon][INFO] 2016-06-08 20:45:07,385: ProcessMonitor exit: killing move_base-3
[roslaunch][INFO] 2016-06-08 20:45:07,386: [move_base-3] killing on exit
[roslaunch.pmon][INFO] 2016-06-08 20:45:07,386: ProcessMonitor exit: killing amcl-2
[roslaunch.pmon][INFO] 2016-06-08 20:45:07,386: ProcessMonitor exit: killing map_server-1
[roslaunch][INFO] 2016-06-08 20:45:07,387: process[move_base-3]: killing os process with pid[25258] pgid[25258]
[roslaunch][INFO] 2016-06-08 20:45:07,387: [amcl-2] killing on exit
[roslaunch][INFO] 2016-06-08 20:45:07,387: [map_server-1] killing on exit
[roslaunch][INFO] 2016-06-08 20:45:07,388: [move_base-3] sending SIGINT to pgid [25258]
[roslaunch][INFO] 2016-06-08 20:45:07,389: process[amcl-2]: killing os process with pid[25250] pgid[25250]
[roslaunch][INFO] 2016-06-08 20:45:07,389: process[map_server-1]: killing os process with pid[25249] pgid[25249]
[roslaunch][INFO] 2016-06-08 20:45:07,389: [move_base-3] sent SIGINT to pgid [25258]
[roslaunch][INFO] 2016-06-08 20:45:07,390: [amcl-2] sending SIGINT to pgid [25250]
[roslaunch][INFO] 2016-06-08 20:45:07,390: [map_server-1] sending SIGINT to pgid [25249]
[roslaunch][INFO] 2016-06-08 20:45:07,390: [amcl-2] sent SIGINT to pgid [25250]
[roslaunch][INFO] 2016-06-08 20:45:07,390: [map_server-1] sent SIGINT to pgid [25249]
[roslaunch][INFO] 2016-06-08 20:45:07,591: process[map_server-1]: SIGINT killed with return value 0
[roslaunch][INFO] 2016-06-08 20:45:07,691: process[move_base-3]: SIGINT killed with return value 0
[roslaunch][ERROR] 2016-06-08 20:45:22,412: [amcl-2] escalating to SIGTERM
[roslaunch][INFO] 2016-06-08 20:45:22,412: [amcl-2] sent SIGTERM to pgid [25250]
[roslaunch][INFO] 2016-06-08 20:45:22,612: process[amcl-2]: SIGTERM killed with return value -15
[roslaunch.pmon][INFO] 2016-06-08 20:45:22,613: ProcessMonitor exit: cleaning up data structures and signals
[roslaunch.pmon][INFO] 2016-06-08 20:45:22,613: ProcessMonitor exit: pmon has shutdown
[roslaunch][INFO] 2016-06-08 20:45:22,662: process monitor is done spinning, initiating full shutdown
[roslaunch][INFO] 2016-06-08 20:45:22,662: runner.stop()
[roslaunch][INFO] 2016-06-08 20:45:22,662: shutting down processing monitor...
[roslaunch][INFO] 2016-06-08 20:45:22,662: shutting down processing monitor <ProcessMonitor(ProcessMonitor-1, stopped daemon 140565745260288)>
[roslaunch.pmon][INFO] 2016-06-08 20:45:22,662: ProcessMonitor.shutdown <ProcessMonitor(ProcessMonitor-1, stopped daemon 140565745260288)>
[roslaunch][INFO] 2016-06-08 20:45:22,662: ... shutting down processing monitor complete
[roslaunch][INFO] 2016-06-08 20:45:22,662: done
[roslaunch.pmon][INFO] 2016-06-08 20:45:22,662: ProcessMonitor.shutdown <ProcessMonitor(ProcessMonitor-1, stopped daemon 140565745260288)>
[rospy.core][INFO] 2016-06-08 20:45:22,663: signal_shutdown [atexit]
