[rospy.client][INFO] 2016-06-08 20:19:49,952: init_node, name[/script_server], pid[17472]
[xmlrpc][INFO] 2016-06-08 20:19:49,952: XML-RPC server binding to 0.0.0.0:0
[rospy.init][INFO] 2016-06-08 20:19:49,952: ROS Slave URI: [http://cmeintel-desktop:38411/]
[xmlrpc][INFO] 2016-06-08 20:19:49,952: Started XML-RPC server [http://cmeintel-desktop:38411/]
[rospy.impl.masterslave][INFO] 2016-06-08 20:19:49,953: _ready: http://cmeintel-desktop:38411/
[xmlrpc][INFO] 2016-06-08 20:19:49,953: xml rpc node: starting XML-RPC server
[rospy.registration][INFO] 2016-06-08 20:19:49,953: Registering with master node http://localhost:11311
[rospy.init][INFO] 2016-06-08 20:19:50,053: registered with master
[rospy.rosout][INFO] 2016-06-08 20:19:50,053: initializing /rosout core topic
[rospy.rosout][INFO] 2016-06-08 20:19:50,063: connected to core topic /rosout
[rospy.simtime][INFO] 2016-06-08 20:19:50,065: initializing /clock core topic
[rospy.simtime][INFO] 2016-06-08 20:19:50,074: connected to core topic /clock
[rospy.internal][INFO] 2016-06-08 20:19:50,120: topic[/clock] adding connection to [http://cmeintel-desktop:46374/], count 0
[rosout][INFO] 2016-06-08 20:19:50,134: script_server is running
[rospy.internal][INFO] 2016-06-08 20:19:50,214: topic[/rosout] adding connection to [/rosout], count 0
[rospy.core][INFO] 2016-06-08 20:45:04,159: signal_shutdown [signal-2]
[rospy.internal][INFO] 2016-06-08 20:45:04,163: topic[/rosout] removing connection to /rosout
[rospy.internal][INFO] 2016-06-08 20:45:04,163: topic[/clock] removing connection to http://cmeintel-desktop:46374/
[rospy.impl.masterslave][INFO] 2016-06-08 20:45:04,164: signal-2
[rospy.core][INFO] 2016-06-08 20:45:04,778: signal_shutdown [atexit]
