[rospy.client][INFO] 2016-06-08 20:19:48,031: init_node, name[/sensorring/gazebo_services], pid[17025]
[xmlrpc][INFO] 2016-06-08 20:19:48,031: XML-RPC server binding to 0.0.0.0:0
[xmlrpc][INFO] 2016-06-08 20:19:48,032: Started XML-RPC server [http://cmeintel-desktop:33910/]
[rospy.impl.masterslave][INFO] 2016-06-08 20:19:48,032: _ready: http://cmeintel-desktop:33910/
[rospy.init][INFO] 2016-06-08 20:19:48,032: ROS Slave URI: [http://cmeintel-desktop:33910/]
[rospy.registration][INFO] 2016-06-08 20:19:48,033: Registering with master node http://localhost:11311
[xmlrpc][INFO] 2016-06-08 20:19:48,033: xml rpc node: starting XML-RPC server
[rospy.init][INFO] 2016-06-08 20:19:48,132: registered with master
[rospy.rosout][INFO] 2016-06-08 20:19:48,132: initializing /rosout core topic
[rospy.rosout][INFO] 2016-06-08 20:19:48,354: connected to core topic /rosout
[rospy.simtime][INFO] 2016-06-08 20:19:48,358: initializing /clock core topic
[rospy.simtime][INFO] 2016-06-08 20:19:48,388: connected to core topic /clock
[rosout][INFO] 2016-06-08 20:19:48,446: gazebo_services running
[rospy.internal][INFO] 2016-06-08 20:19:48,754: topic[/rosout] adding connection to [/rosout], count 0
[rospy.internal][INFO] 2016-06-08 20:19:49,411: topic[/clock] adding connection to [http://cmeintel-desktop:46374/], count 0
[rospy.core][INFO] 2016-06-08 20:45:04,867: signal_shutdown [signal-2]
[rospy.internal][INFO] 2016-06-08 20:45:04,879: topic[/rosout] removing connection to /rosout
[rospy.internal][INFO] 2016-06-08 20:45:04,879: topic[/clock] removing connection to http://cmeintel-desktop:46374/
[rospy.impl.masterslave][INFO] 2016-06-08 20:45:04,879: signal-2
[rospy.core][INFO] 2016-06-08 20:45:04,995: signal_shutdown [atexit]
