[rospy.client][INFO] 2016-06-08 20:19:48,070: init_node, name[/torso/gazebo_services], pid[16892]
[xmlrpc][INFO] 2016-06-08 20:19:48,072: XML-RPC server binding to 0.0.0.0:0
[xmlrpc][INFO] 2016-06-08 20:19:48,072: Started XML-RPC server [http://cmeintel-desktop:41068/]
[rospy.impl.masterslave][INFO] 2016-06-08 20:19:48,072: _ready: http://cmeintel-desktop:41068/
[rospy.registration][INFO] 2016-06-08 20:19:48,073: Registering with master node http://localhost:11311
[xmlrpc][INFO] 2016-06-08 20:19:48,073: xml rpc node: starting XML-RPC server
[rospy.init][INFO] 2016-06-08 20:19:48,075: ROS Slave URI: [http://cmeintel-desktop:41068/]
[rospy.init][INFO] 2016-06-08 20:19:48,075: registered with master
[rospy.rosout][INFO] 2016-06-08 20:19:48,075: initializing /rosout core topic
[rospy.rosout][INFO] 2016-06-08 20:19:48,097: connected to core topic /rosout
[rospy.simtime][INFO] 2016-06-08 20:19:48,102: initializing /clock core topic
[rospy.simtime][INFO] 2016-06-08 20:19:48,122: connected to core topic /clock
[rosout][INFO] 2016-06-08 20:19:48,232: gazebo_services running
[rospy.internal][INFO] 2016-06-08 20:19:48,341: topic[/rosout] adding connection to [/rosout], count 0
[rospy.internal][INFO] 2016-06-08 20:19:49,408: topic[/clock] adding connection to [http://cmeintel-desktop:46374/], count 0
[rospy.core][INFO] 2016-06-08 20:45:05,065: signal_shutdown [signal-2]
[rospy.internal][INFO] 2016-06-08 20:45:05,068: topic[/rosout] removing connection to /rosout
[rospy.internal][INFO] 2016-06-08 20:45:05,068: topic[/clock] removing connection to http://cmeintel-desktop:46374/
[rospy.impl.masterslave][INFO] 2016-06-08 20:45:05,069: signal-2
[rospy.core][INFO] 2016-06-08 20:45:05,235: signal_shutdown [atexit]
