[rospy.client][INFO] 2016-06-08 20:01:31,311: init_node, name[/arm_left/gazebo_services], pid[4290]
[xmlrpc][INFO] 2016-06-08 20:01:31,311: XML-RPC server binding to 0.0.0.0:0
[xmlrpc][INFO] 2016-06-08 20:01:31,312: Started XML-RPC server [http://cmeintel-desktop:34140/]
[rospy.impl.masterslave][INFO] 2016-06-08 20:01:31,312: _ready: http://cmeintel-desktop:34140/
[rospy.registration][INFO] 2016-06-08 20:01:31,312: Registering with master node http://localhost:11311
[xmlrpc][INFO] 2016-06-08 20:01:31,312: xml rpc node: starting XML-RPC server
[rospy.init][INFO] 2016-06-08 20:01:31,313: ROS Slave URI: [http://cmeintel-desktop:34140/]
[rospy.init][INFO] 2016-06-08 20:01:31,313: registered with master
[rospy.rosout][INFO] 2016-06-08 20:01:31,313: initializing /rosout core topic
[rospy.rosout][INFO] 2016-06-08 20:01:31,335: connected to core topic /rosout
[rospy.simtime][INFO] 2016-06-08 20:01:31,384: initializing /clock core topic
[rospy.simtime][INFO] 2016-06-08 20:01:31,409: connected to core topic /clock
[rosout][INFO] 2016-06-08 20:01:31,455: gazebo_services running
[rospy.internal][INFO] 2016-06-08 20:01:31,687: topic[/rosout] adding connection to [/rosout], count 0
[rospy.internal][INFO] 2016-06-08 20:01:38,390: topic[/clock] adding connection to [http://cmeintel-desktop:33488/], count 0
[rospy.core][INFO] 2016-06-08 20:02:13,326: signal_shutdown [signal-2]
[rospy.internal][INFO] 2016-06-08 20:02:13,329: topic[/rosout] removing connection to /rosout
[rospy.internal][INFO] 2016-06-08 20:02:13,329: topic[/clock] removing connection to http://cmeintel-desktop:33488/
[rospy.impl.masterslave][INFO] 2016-06-08 20:02:13,331: signal-2
[rospy.core][INFO] 2016-06-08 20:02:13,495: signal_shutdown [atexit]
