[rospy.client][INFO] 2016-06-08 20:01:31,441: init_node, name[/arm_right/gazebo_services], pid[4368]
[xmlrpc][INFO] 2016-06-08 20:01:31,441: XML-RPC server binding to 0.0.0.0:0
[xmlrpc][INFO] 2016-06-08 20:01:31,441: Started XML-RPC server [http://cmeintel-desktop:40649/]
[rospy.impl.masterslave][INFO] 2016-06-08 20:01:31,442: _ready: http://cmeintel-desktop:40649/
[rospy.init][INFO] 2016-06-08 20:01:31,442: ROS Slave URI: [http://cmeintel-desktop:40649/]
[rospy.registration][INFO] 2016-06-08 20:01:31,442: Registering with master node http://localhost:11311
[xmlrpc][INFO] 2016-06-08 20:01:31,442: xml rpc node: starting XML-RPC server
[rospy.init][INFO] 2016-06-08 20:01:31,542: registered with master
[rospy.rosout][INFO] 2016-06-08 20:01:31,542: initializing /rosout core topic
[rospy.rosout][INFO] 2016-06-08 20:01:31,544: connected to core topic /rosout
[rospy.simtime][INFO] 2016-06-08 20:01:31,545: initializing /clock core topic
[rospy.simtime][INFO] 2016-06-08 20:01:31,551: connected to core topic /clock
[rosout][INFO] 2016-06-08 20:01:31,563: gazebo_services running
[rospy.internal][INFO] 2016-06-08 20:01:31,789: topic[/rosout] adding connection to [/rosout], count 0
[rospy.internal][INFO] 2016-06-08 20:01:37,405: topic[/clock] adding connection to [http://cmeintel-desktop:33488/], count 0
[rospy.core][INFO] 2016-06-08 20:02:13,125: signal_shutdown [signal-2]
[rospy.internal][INFO] 2016-06-08 20:02:13,129: topic[/rosout] removing connection to /rosout
[rospy.internal][INFO] 2016-06-08 20:02:13,129: topic[/clock] removing connection to http://cmeintel-desktop:33488/
[rospy.impl.masterslave][INFO] 2016-06-08 20:02:13,129: signal-2
[rospy.core][INFO] 2016-06-08 20:02:13,261: signal_shutdown [atexit]
