[rospy.client][INFO] 2016-06-08 20:01:28,699: init_node, name[/base/gazebo_services], pid[3436]
[xmlrpc][INFO] 2016-06-08 20:01:28,700: XML-RPC server binding to 0.0.0.0:0
[xmlrpc][INFO] 2016-06-08 20:01:28,700: Started XML-RPC server [http://cmeintel-desktop:45075/]
[rospy.init][INFO] 2016-06-08 20:01:28,700: ROS Slave URI: [http://cmeintel-desktop:45075/]
[rospy.impl.masterslave][INFO] 2016-06-08 20:01:28,700: _ready: http://cmeintel-desktop:45075/
[rospy.registration][INFO] 2016-06-08 20:01:28,701: Registering with master node http://localhost:11311
[xmlrpc][INFO] 2016-06-08 20:01:28,701: xml rpc node: starting XML-RPC server
[rospy.init][INFO] 2016-06-08 20:01:28,800: registered with master
[rospy.rosout][INFO] 2016-06-08 20:01:28,801: initializing /rosout core topic
[rospy.rosout][INFO] 2016-06-08 20:01:28,803: connected to core topic /rosout
[rospy.simtime][INFO] 2016-06-08 20:01:28,804: initializing /clock core topic
[rospy.simtime][INFO] 2016-06-08 20:01:28,809: connected to core topic /clock
[rosout][INFO] 2016-06-08 20:01:28,819: gazebo_services running
[rospy.internal][INFO] 2016-06-08 20:01:29,032: topic[/rosout] adding connection to [/rosout], count 0
[rospy.internal][INFO] 2016-06-08 20:01:37,348: topic[/clock] adding connection to [http://cmeintel-desktop:33488/], count 0
[rospy.core][INFO] 2016-06-08 20:02:13,915: signal_shutdown [signal-2]
[rospy.internal][INFO] 2016-06-08 20:02:13,919: topic[/rosout] removing connection to /rosout
[rospy.internal][INFO] 2016-06-08 20:02:13,920: topic[/clock] removing connection to http://cmeintel-desktop:33488/
[rospy.impl.masterslave][INFO] 2016-06-08 20:02:13,920: signal-2
[rospy.core][INFO] 2016-06-08 20:02:14,035: signal_shutdown [atexit]
