[rospy.client][INFO] 2016-06-08 20:01:32,518: init_node, name[/dashboard_aggregator], pid[5236]
[xmlrpc][INFO] 2016-06-08 20:01:32,518: XML-RPC server binding to 0.0.0.0:0
[xmlrpc][INFO] 2016-06-08 20:01:32,518: Started XML-RPC server [http://cmeintel-desktop:37364/]
[rospy.impl.masterslave][INFO] 2016-06-08 20:01:32,519: _ready: http://cmeintel-desktop:37364/
[rospy.init][INFO] 2016-06-08 20:01:32,519: ROS Slave URI: [http://cmeintel-desktop:37364/]
[rospy.registration][INFO] 2016-06-08 20:01:32,519: Registering with master node http://localhost:11311
[xmlrpc][INFO] 2016-06-08 20:01:32,519: xml rpc node: starting XML-RPC server
[rospy.init][INFO] 2016-06-08 20:01:32,619: registered with master
[rospy.rosout][INFO] 2016-06-08 20:01:32,619: initializing /rosout core topic
[rospy.rosout][INFO] 2016-06-08 20:01:32,621: connected to core topic /rosout
[rospy.simtime][INFO] 2016-06-08 20:01:32,622: initializing /clock core topic
[rospy.simtime][INFO] 2016-06-08 20:01:32,623: connected to core topic /clock
[rospy.internal][INFO] 2016-06-08 20:01:32,921: topic[/rosout] adding connection to [/rosout], count 0
[rospy.internal][INFO] 2016-06-08 20:01:37,406: topic[/clock] adding connection to [http://cmeintel-desktop:33488/], count 0
[rospy.internal][INFO] 2016-06-08 20:01:39,567: topic[/diagnostics_toplevel_state] adding connection to [http://cmeintel-desktop:36133/], count 0
[rospy.internal][INFO] 2016-06-08 20:01:39,587: topic[/emergency_stop_state] adding connection to [http://cmeintel-desktop:42260/], count 0
[rospy.core][INFO] 2016-06-08 20:02:12,806: signal_shutdown [signal-2]
[rospy.internal][INFO] 2016-06-08 20:02:12,812: topic[/rosout] removing connection to /rosout
[rospy.internal][INFO] 2016-06-08 20:02:12,812: topic[/diagnostics_toplevel_state] removing connection to http://cmeintel-desktop:36133/
[rospy.internal][INFO] 2016-06-08 20:02:12,812: topic[/clock] removing connection to http://cmeintel-desktop:33488/
[rospy.internal][INFO] 2016-06-08 20:02:12,812: topic[/emergency_stop_state] removing connection to http://cmeintel-desktop:42260/
[rospy.impl.masterslave][INFO] 2016-06-08 20:02:12,812: signal-2
[rospy.core][INFO] 2016-06-08 20:02:13,456: signal_shutdown [atexit]
