[rospy.client][INFO] 2016-06-08 20:01:31,534: init_node, name[/gripper_right/gazebo_services], pid[4543]
[xmlrpc][INFO] 2016-06-08 20:01:31,534: XML-RPC server binding to 0.0.0.0:0
[xmlrpc][INFO] 2016-06-08 20:01:31,534: Started XML-RPC server [http://cmeintel-desktop:39148/]
[rospy.init][INFO] 2016-06-08 20:01:31,534: ROS Slave URI: [http://cmeintel-desktop:39148/]
[rospy.impl.masterslave][INFO] 2016-06-08 20:01:31,534: _ready: http://cmeintel-desktop:39148/
[xmlrpc][INFO] 2016-06-08 20:01:31,535: xml rpc node: starting XML-RPC server
[rospy.registration][INFO] 2016-06-08 20:01:31,535: Registering with master node http://localhost:11311
[rospy.init][INFO] 2016-06-08 20:01:31,637: registered with master
[rospy.rosout][INFO] 2016-06-08 20:01:31,638: initializing /rosout core topic
[rospy.rosout][INFO] 2016-06-08 20:01:31,642: connected to core topic /rosout
[rospy.simtime][INFO] 2016-06-08 20:01:31,643: initializing /clock core topic
[rospy.simtime][INFO] 2016-06-08 20:01:31,651: connected to core topic /clock
[rosout][INFO] 2016-06-08 20:01:31,665: gazebo_services running
[rospy.internal][INFO] 2016-06-08 20:01:31,891: topic[/rosout] adding connection to [/rosout], count 0
[rospy.internal][INFO] 2016-06-08 20:01:37,404: topic[/clock] adding connection to [http://cmeintel-desktop:33488/], count 0
[rospy.core][INFO] 2016-06-08 20:02:12,807: signal_shutdown [signal-2]
[rospy.internal][INFO] 2016-06-08 20:02:12,846: topic[/rosout] removing connection to /rosout
[rospy.internal][INFO] 2016-06-08 20:02:12,846: topic[/clock] removing connection to http://cmeintel-desktop:33488/
[rospy.impl.masterslave][INFO] 2016-06-08 20:02:12,846: signal-2
[rospy.core][INFO] 2016-06-08 20:02:13,464: signal_shutdown [atexit]
