[rospy.client][INFO] 2016-06-08 20:01:31,670: init_node, name[/gripper_left/gazebo_services], pid[4490]
[xmlrpc][INFO] 2016-06-08 20:01:31,670: XML-RPC server binding to 0.0.0.0:0
[xmlrpc][INFO] 2016-06-08 20:01:31,671: Started XML-RPC server [http://cmeintel-desktop:42060/]
[rospy.init][INFO] 2016-06-08 20:01:31,671: ROS Slave URI: [http://cmeintel-desktop:42060/]
[rospy.impl.masterslave][INFO] 2016-06-08 20:01:31,671: _ready: http://cmeintel-desktop:42060/
[rospy.registration][INFO] 2016-06-08 20:01:31,671: Registering with master node http://localhost:11311
[xmlrpc][INFO] 2016-06-08 20:01:31,672: xml rpc node: starting XML-RPC server
[rospy.init][INFO] 2016-06-08 20:01:31,771: registered with master
[rospy.rosout][INFO] 2016-06-08 20:01:31,771: initializing /rosout core topic
[rospy.rosout][INFO] 2016-06-08 20:01:31,773: connected to core topic /rosout
[rospy.simtime][INFO] 2016-06-08 20:01:31,775: initializing /clock core topic
[rospy.simtime][INFO] 2016-06-08 20:01:31,776: connected to core topic /clock
[rosout][INFO] 2016-06-08 20:01:31,782: gazebo_services running
[rospy.internal][INFO] 2016-06-08 20:01:31,992: topic[/rosout] adding connection to [/rosout], count 0
[rospy.internal][INFO] 2016-06-08 20:01:37,406: topic[/clock] adding connection to [http://cmeintel-desktop:33488/], count 0
[rospy.core][INFO] 2016-06-08 20:02:12,999: signal_shutdown [signal-2]
[rospy.internal][INFO] 2016-06-08 20:02:13,003: topic[/rosout] removing connection to /rosout
[rospy.internal][INFO] 2016-06-08 20:02:13,003: topic[/clock] removing connection to http://cmeintel-desktop:33488/
[rospy.impl.masterslave][INFO] 2016-06-08 20:02:13,003: signal-2
[rospy.internal][WARNING] 2016-06-08 20:02:13,018: Unknown error initiating TCP/IP socket to cmeintel-desktop:36258 (http://cmeintel-desktop:33488/): Traceback (most recent call last):
  File "/opt/ros/indigo/lib/python2.7/dist-packages/rospy/impl/tcpros_base.py", line 558, in connect
    self.local_endpoint = self.socket.getsockname()
AttributeError: 'NoneType' object has no attribute 'getsockname'

[rospy.core][INFO] 2016-06-08 20:02:13,135: signal_shutdown [atexit]
