[rospy.client][INFO] 2016-06-08 20:01:32,428: init_node, name[/joint_state_publisher], pid[3435]
[xmlrpc][INFO] 2016-06-08 20:01:32,428: XML-RPC server binding to 0.0.0.0:0
[xmlrpc][INFO] 2016-06-08 20:01:32,428: Started XML-RPC server [http://cmeintel-desktop:42733/]
[rospy.impl.masterslave][INFO] 2016-06-08 20:01:32,428: _ready: http://cmeintel-desktop:42733/
[rospy.registration][INFO] 2016-06-08 20:01:32,429: Registering with master node http://localhost:11311
[xmlrpc][INFO] 2016-06-08 20:01:32,429: xml rpc node: starting XML-RPC server
[rospy.init][INFO] 2016-06-08 20:01:32,429: ROS Slave URI: [http://cmeintel-desktop:42733/]
[rospy.init][INFO] 2016-06-08 20:01:32,429: registered with master
[rospy.rosout][INFO] 2016-06-08 20:01:32,429: initializing /rosout core topic
[rospy.rosout][INFO] 2016-06-08 20:01:32,433: connected to core topic /rosout
[rospy.simtime][INFO] 2016-06-08 20:01:32,434: initializing /clock core topic
[rospy.simtime][INFO] 2016-06-08 20:01:32,435: connected to core topic /clock
[rospy.internal][INFO] 2016-06-08 20:01:32,709: topic[/rosout] adding connection to [/rosout], count 0
[rospy.internal][INFO] 2016-06-08 20:01:32,810: topic[/joint_states] adding connection to [/robot_state_publisher], count 0
[rospy.internal][INFO] 2016-06-08 20:01:37,405: topic[/clock] adding connection to [http://cmeintel-desktop:33488/], count 0
[rospy.internal][INFO] 2016-06-08 20:01:46,374: topic[/base/joint_states] adding connection to [http://cmeintel-desktop:33488/], count 0
[rospy.internal][INFO] 2016-06-08 20:01:46,789: topic[/torso/joint_states] adding connection to [http://cmeintel-desktop:33488/], count 0
[rospy.internal][INFO] 2016-06-08 20:01:47,003: topic[/sensorring/joint_states] adding connection to [http://cmeintel-desktop:33488/], count 0
[rospy.internal][INFO] 2016-06-08 20:01:47,167: topic[/arm_right/joint_states] adding connection to [http://cmeintel-desktop:33488/], count 0
[rospy.internal][INFO] 2016-06-08 20:01:47,534: topic[/arm_left/joint_states] adding connection to [http://cmeintel-desktop:33488/], count 0
[rospy.internal][INFO] 2016-06-08 20:01:47,798: topic[/gripper_left/joint_states] adding connection to [http://cmeintel-desktop:33488/], count 0
[rospy.core][INFO] 2016-06-08 20:02:13,928: signal_shutdown [signal-2]
[rospy.internal][INFO] 2016-06-08 20:02:13,932: topic[/joint_states] removing connection to /robot_state_publisher
[rospy.internal][INFO] 2016-06-08 20:02:13,934: topic[/rosout] removing connection to /rosout
[rospy.internal][INFO] 2016-06-08 20:02:13,934: topic[/arm_right/joint_states] removing connection to http://cmeintel-desktop:33488/
[rospy.internal][INFO] 2016-06-08 20:02:13,935: topic[/torso/joint_states] removing connection to http://cmeintel-desktop:33488/
[rospy.internal][INFO] 2016-06-08 20:02:13,936: topic[/sensorring/joint_states] removing connection to http://cmeintel-desktop:33488/
[rospy.internal][INFO] 2016-06-08 20:02:13,936: topic[/clock] removing connection to http://cmeintel-desktop:33488/
[rospy.internal][INFO] 2016-06-08 20:02:13,936: topic[/base/joint_states] removing connection to http://cmeintel-desktop:33488/
[rospy.internal][INFO] 2016-06-08 20:02:13,936: topic[/gripper_left/joint_states] removing connection to http://cmeintel-desktop:33488/
[rospy.internal][INFO] 2016-06-08 20:02:13,936: topic[/arm_left/joint_states] removing connection to http://cmeintel-desktop:33488/
[rospy.impl.masterslave][INFO] 2016-06-08 20:02:13,936: signal-2
[rospy.core][INFO] 2016-06-08 20:02:14,551: signal_shutdown [atexit]
