[rospy.client][INFO] 2016-06-08 20:01:30,219: init_node, name[/relayboard_node], pid[3738]
[xmlrpc][INFO] 2016-06-08 20:01:30,219: XML-RPC server binding to 0.0.0.0:0
[xmlrpc][INFO] 2016-06-08 20:01:30,220: Started XML-RPC server [http://cmeintel-desktop:42260/]
[rospy.init][INFO] 2016-06-08 20:01:30,220: ROS Slave URI: [http://cmeintel-desktop:42260/]
[rospy.impl.masterslave][INFO] 2016-06-08 20:01:30,220: _ready: http://cmeintel-desktop:42260/
[rospy.registration][INFO] 2016-06-08 20:01:30,220: Registering with master node http://localhost:11311
[xmlrpc][INFO] 2016-06-08 20:01:30,220: xml rpc node: starting XML-RPC server
[rospy.init][INFO] 2016-06-08 20:01:30,329: registered with master
[rospy.rosout][INFO] 2016-06-08 20:01:30,329: initializing /rosout core topic
[rospy.rosout][INFO] 2016-06-08 20:01:30,338: connected to core topic /rosout
[rospy.simtime][INFO] 2016-06-08 20:01:30,348: initializing /clock core topic
[rospy.simtime][INFO] 2016-06-08 20:01:30,351: connected to core topic /clock
[rospy.internal][INFO] 2016-06-08 20:01:30,553: topic[/rosout] adding connection to [/rosout], count 0
[rospy.internal][INFO] 2016-06-08 20:01:37,350: topic[/clock] adding connection to [http://cmeintel-desktop:33488/], count 0
[rospy.internal][INFO] 2016-06-08 20:01:39,588: topic[/emergency_stop_state] adding connection to [/dashboard_aggregator], count 0
[rospy.core][INFO] 2016-06-08 20:02:13,610: signal_shutdown [signal-2]
[rospy.internal][INFO] 2016-06-08 20:02:13,613: topic[/emergency_stop_state] removing connection to /dashboard_aggregator
[rospy.internal][INFO] 2016-06-08 20:02:13,613: topic[/rosout] removing connection to /rosout
[rospy.internal][INFO] 2016-06-08 20:02:13,613: topic[/clock] removing connection to http://cmeintel-desktop:33488/
[rospy.impl.masterslave][INFO] 2016-06-08 20:02:13,613: signal-2
[rospy.internal][WARNING] 2016-06-08 20:02:13,614: Unknown error initiating TCP/IP socket to cmeintel-desktop:36258 (http://cmeintel-desktop:33488/): Traceback (most recent call last):
  File "/opt/ros/indigo/lib/python2.7/dist-packages/rospy/impl/tcpros_base.py", line 558, in connect
    self.local_endpoint = self.socket.getsockname()
AttributeError: 'NoneType' object has no attribute 'getsockname'

[rospy.core][INFO] 2016-06-08 20:02:13,729: signal_shutdown [atexit]
