[rospy.client][INFO] 2016-06-08 20:01:36,782: init_node, name[/script_server], pid[5896]
[xmlrpc][INFO] 2016-06-08 20:01:36,782: XML-RPC server binding to 0.0.0.0:0
[xmlrpc][INFO] 2016-06-08 20:01:36,783: Started XML-RPC server [http://cmeintel-desktop:33440/]
[rospy.impl.masterslave][INFO] 2016-06-08 20:01:36,783: _ready: http://cmeintel-desktop:33440/
[xmlrpc][INFO] 2016-06-08 20:01:36,783: xml rpc node: starting XML-RPC server
[rospy.registration][INFO] 2016-06-08 20:01:36,783: Registering with master node http://localhost:11311
[rospy.init][INFO] 2016-06-08 20:01:36,783: ROS Slave URI: [http://cmeintel-desktop:33440/]
[rospy.init][INFO] 2016-06-08 20:01:36,784: registered with master
[rospy.rosout][INFO] 2016-06-08 20:01:36,784: initializing /rosout core topic
[rospy.rosout][INFO] 2016-06-08 20:01:36,785: connected to core topic /rosout
[rospy.simtime][INFO] 2016-06-08 20:01:36,786: initializing /clock core topic
[rospy.simtime][INFO] 2016-06-08 20:01:36,791: connected to core topic /clock
[rosout][INFO] 2016-06-08 20:01:36,820: script_server is running
[rospy.internal][INFO] 2016-06-08 20:01:37,039: topic[/rosout] adding connection to [/rosout], count 0
[rospy.internal][INFO] 2016-06-08 20:01:37,405: topic[/clock] adding connection to [http://cmeintel-desktop:33488/], count 0
[rospy.core][INFO] 2016-06-08 20:02:12,798: signal_shutdown [signal-2]
[rospy.internal][INFO] 2016-06-08 20:02:12,805: topic[/rosout] removing connection to /rosout
[rospy.internal][INFO] 2016-06-08 20:02:12,806: topic[/clock] removing connection to http://cmeintel-desktop:33488/
[rospy.impl.masterslave][INFO] 2016-06-08 20:02:12,806: signal-2
[rospy.core][INFO] 2016-06-08 20:02:13,421: signal_shutdown [atexit]
