[rospy.client][INFO] 2016-06-08 20:01:34,655: init_node, name[/spawn_gazebo_model], pid[3427]
[xmlrpc][INFO] 2016-06-08 20:01:34,656: XML-RPC server binding to 0.0.0.0:0
[xmlrpc][INFO] 2016-06-08 20:01:34,656: Started XML-RPC server [http://cmeintel-desktop:42422/]
[rospy.impl.masterslave][INFO] 2016-06-08 20:01:34,656: _ready: http://cmeintel-desktop:42422/
[rospy.registration][INFO] 2016-06-08 20:01:34,656: Registering with master node http://localhost:11311
[xmlrpc][INFO] 2016-06-08 20:01:34,656: xml rpc node: starting XML-RPC server
[rospy.init][INFO] 2016-06-08 20:01:34,657: ROS Slave URI: [http://cmeintel-desktop:42422/]
[rospy.init][INFO] 2016-06-08 20:01:34,657: registered with master
[rospy.rosout][INFO] 2016-06-08 20:01:34,657: initializing /rosout core topic
[rospy.rosout][INFO] 2016-06-08 20:01:34,660: connected to core topic /rosout
[rospy.simtime][INFO] 2016-06-08 20:01:34,662: initializing /clock core topic
[rospy.simtime][INFO] 2016-06-08 20:01:34,666: connected to core topic /clock
[rosout][INFO] 2016-06-08 20:01:34,671: Loading model xml from ros parameter
[rosout][INFO] 2016-06-08 20:01:34,683: Waiting for service /gazebo/spawn_urdf_model
[rospy.internal][INFO] 2016-06-08 20:01:34,930: topic[/rosout] adding connection to [/rosout], count 0
[rosout][INFO] 2016-06-08 20:01:37,395: Calling service /gazebo/spawn_urdf_model
[rospy.internal][INFO] 2016-06-08 20:01:38,386: topic[/clock] adding connection to [http://cmeintel-desktop:33488/], count 0
[rosout][INFO] 2016-06-08 20:01:41,353: Spawn status: SpawnModel: Successfully spawned model
[rospy.core][INFO] 2016-06-08 20:01:41,354: signal_shutdown [atexit]
[rospy.internal][INFO] 2016-06-08 20:01:41,356: topic[/rosout] removing connection to /rosout
[rospy.internal][INFO] 2016-06-08 20:01:41,356: topic[/clock] removing connection to http://cmeintel-desktop:33488/
[rospy.impl.masterslave][INFO] 2016-06-08 20:01:41,356: atexit
