[rospy.client][INFO] 2016-06-06 21:06:27,084: init_node, name[/arm_left/gazebo_services], pid[23046]
[xmlrpc][INFO] 2016-06-06 21:06:27,094: XML-RPC server binding to 0.0.0.0:0
[xmlrpc][INFO] 2016-06-06 21:06:27,095: Started XML-RPC server [http://cmeintel-desktop:37898/]
[rospy.init][INFO] 2016-06-06 21:06:27,095: ROS Slave URI: [http://cmeintel-desktop:37898/]
[rospy.impl.masterslave][INFO] 2016-06-06 21:06:27,095: _ready: http://cmeintel-desktop:37898/
[xmlrpc][INFO] 2016-06-06 21:06:27,095: xml rpc node: starting XML-RPC server
[rospy.registration][INFO] 2016-06-06 21:06:27,095: Registering with master node http://localhost:11311
[rospy.init][INFO] 2016-06-06 21:06:27,195: registered with master
[rospy.rosout][INFO] 2016-06-06 21:06:27,195: initializing /rosout core topic
[rospy.rosout][INFO] 2016-06-06 21:06:27,222: connected to core topic /rosout
[rospy.simtime][INFO] 2016-06-06 21:06:27,229: initializing /clock core topic
[rospy.simtime][INFO] 2016-06-06 21:06:27,253: connected to core topic /clock
[rosout][INFO] 2016-06-06 21:06:27,345: gazebo_services running
[rospy.internal][INFO] 2016-06-06 21:06:27,534: topic[/rosout] adding connection to [/rosout], count 0
[rospy.internal][INFO] 2016-06-06 21:06:28,534: topic[/clock] adding connection to [http://cmeintel-desktop:44895/], count 0
[rospy.core][INFO] 2016-06-06 22:40:29,274: signal_shutdown [signal-2]
[rospy.internal][INFO] 2016-06-06 22:40:29,278: topic[/rosout] removing connection to /rosout
[rospy.internal][INFO] 2016-06-06 22:40:29,278: topic[/clock] removing connection to http://cmeintel-desktop:44895/
[rospy.impl.masterslave][INFO] 2016-06-06 22:40:29,278: signal-2
[rospy.internal][ERROR] 2016-06-06 22:40:29,279: Traceback (most recent call last):
  File "/opt/ros/indigo/lib/python2.7/dist-packages/rospy/impl/tcpros_base.py", line 698, in receive_once
    self.stat_bytes += recv_buff(sock, b, p.buff_size)
  File "/opt/ros/indigo/lib/python2.7/dist-packages/rospy/impl/tcpros_base.py", line 103, in recv_buff
    d = sock.recv(buff_size)
error: [Errno 104] Connection reset by peer

[rospy.core][INFO] 2016-06-06 22:40:29,442: signal_shutdown [atexit]
