[rospy.client][INFO] 2016-06-06 21:06:27,128: init_node, name[/arm_right/gazebo_services], pid[23158]
[xmlrpc][INFO] 2016-06-06 21:06:27,130: XML-RPC server binding to 0.0.0.0:0
[rospy.init][INFO] 2016-06-06 21:06:27,130: ROS Slave URI: [http://cmeintel-desktop:43290/]
[xmlrpc][INFO] 2016-06-06 21:06:27,130: Started XML-RPC server [http://cmeintel-desktop:43290/]
[rospy.impl.masterslave][INFO] 2016-06-06 21:06:27,130: _ready: http://cmeintel-desktop:43290/
[xmlrpc][INFO] 2016-06-06 21:06:27,132: xml rpc node: starting XML-RPC server
[rospy.registration][INFO] 2016-06-06 21:06:27,133: Registering with master node http://localhost:11311
[rospy.init][INFO] 2016-06-06 21:06:27,230: registered with master
[rospy.rosout][INFO] 2016-06-06 21:06:27,230: initializing /rosout core topic
[rospy.rosout][INFO] 2016-06-06 21:06:27,240: connected to core topic /rosout
[rospy.simtime][INFO] 2016-06-06 21:06:27,254: initializing /clock core topic
[rospy.simtime][INFO] 2016-06-06 21:06:27,271: connected to core topic /clock
[rosout][INFO] 2016-06-06 21:06:27,374: gazebo_services running
[rospy.internal][INFO] 2016-06-06 21:06:27,535: topic[/rosout] adding connection to [/rosout], count 0
[rospy.internal][INFO] 2016-06-06 21:06:28,512: topic[/clock] adding connection to [http://cmeintel-desktop:44895/], count 0
[rospy.core][INFO] 2016-06-06 22:40:29,061: signal_shutdown [signal-2]
[rospy.internal][INFO] 2016-06-06 22:40:29,111: topic[/rosout] removing connection to /rosout
[rospy.internal][INFO] 2016-06-06 22:40:29,111: topic[/clock] removing connection to http://cmeintel-desktop:44895/
[rospy.impl.masterslave][INFO] 2016-06-06 22:40:29,111: signal-2
[rospy.core][INFO] 2016-06-06 22:40:29,676: signal_shutdown [atexit]
