[rospy.client][INFO] 2016-06-06 21:06:26,597: init_node, name[/base/gazebo_services], pid[22742]
[xmlrpc][INFO] 2016-06-06 21:06:26,598: XML-RPC server binding to 0.0.0.0:0
[rospy.init][INFO] 2016-06-06 21:06:26,598: ROS Slave URI: [http://cmeintel-desktop:46407/]
[xmlrpc][INFO] 2016-06-06 21:06:26,598: Started XML-RPC server [http://cmeintel-desktop:46407/]
[rospy.impl.masterslave][INFO] 2016-06-06 21:06:26,598: _ready: http://cmeintel-desktop:46407/
[xmlrpc][INFO] 2016-06-06 21:06:26,598: xml rpc node: starting XML-RPC server
[rospy.registration][INFO] 2016-06-06 21:06:26,599: Registering with master node http://localhost:11311
[rospy.init][INFO] 2016-06-06 21:06:26,698: registered with master
[rospy.rosout][INFO] 2016-06-06 21:06:26,698: initializing /rosout core topic
[rospy.rosout][INFO] 2016-06-06 21:06:26,715: connected to core topic /rosout
[rospy.simtime][INFO] 2016-06-06 21:06:26,724: initializing /clock core topic
[rospy.simtime][INFO] 2016-06-06 21:06:26,772: connected to core topic /clock
[rosout][INFO] 2016-06-06 21:06:26,821: gazebo_services running
[rospy.internal][INFO] 2016-06-06 21:06:26,887: topic[/rosout] adding connection to [/rosout], count 0
[rospy.internal][INFO] 2016-06-06 21:06:28,537: topic[/clock] adding connection to [http://cmeintel-desktop:44895/], count 0
[rospy.core][INFO] 2016-06-06 22:40:29,864: signal_shutdown [signal-2]
[rospy.internal][INFO] 2016-06-06 22:40:29,867: topic[/rosout] removing connection to /rosout
[rospy.internal][INFO] 2016-06-06 22:40:29,867: topic[/clock] removing connection to http://cmeintel-desktop:44895/
[rospy.impl.masterslave][INFO] 2016-06-06 22:40:29,867: signal-2
[rospy.core][INFO] 2016-06-06 22:40:30,001: signal_shutdown [atexit]
