[rospy.client][INFO] 2016-06-06 21:06:27,551: init_node, name[/dashboard_aggregator], pid[23460]
[xmlrpc][INFO] 2016-06-06 21:06:27,551: XML-RPC server binding to 0.0.0.0:0
[xmlrpc][INFO] 2016-06-06 21:06:27,551: Started XML-RPC server [http://cmeintel-desktop:34926/]
[rospy.impl.masterslave][INFO] 2016-06-06 21:06:27,551: _ready: http://cmeintel-desktop:34926/
[rospy.registration][INFO] 2016-06-06 21:06:27,552: Registering with master node http://localhost:11311
[xmlrpc][INFO] 2016-06-06 21:06:27,552: xml rpc node: starting XML-RPC server
[rospy.init][INFO] 2016-06-06 21:06:27,552: ROS Slave URI: [http://cmeintel-desktop:34926/]
[rospy.init][INFO] 2016-06-06 21:06:27,552: registered with master
[rospy.rosout][INFO] 2016-06-06 21:06:27,553: initializing /rosout core topic
[rospy.rosout][INFO] 2016-06-06 21:06:27,559: connected to core topic /rosout
[rospy.simtime][INFO] 2016-06-06 21:06:27,580: initializing /clock core topic
[rospy.simtime][INFO] 2016-06-06 21:06:27,594: connected to core topic /clock
[rospy.internal][INFO] 2016-06-06 21:06:27,842: topic[/rosout] adding connection to [/rosout], count 0
[rospy.internal][INFO] 2016-06-06 21:06:28,536: topic[/clock] adding connection to [http://cmeintel-desktop:44895/], count 0
[rospy.internal][INFO] 2016-06-06 21:06:29,799: topic[/diagnostics_toplevel_state] adding connection to [http://cmeintel-desktop:46682/], count 0
[rospy.internal][INFO] 2016-06-06 21:06:29,800: topic[/emergency_stop_state] adding connection to [http://cmeintel-desktop:37165/], count 0
[rospy.core][INFO] 2016-06-06 22:40:28,756: signal_shutdown [signal-2]
[rospy.internal][INFO] 2016-06-06 22:40:28,763: topic[/rosout] removing connection to /rosout
[rospy.internal][INFO] 2016-06-06 22:40:28,765: topic[/diagnostics_toplevel_state] removing connection to http://cmeintel-desktop:46682/
[rospy.internal][INFO] 2016-06-06 22:40:28,766: topic[/clock] removing connection to http://cmeintel-desktop:44895/
[rospy.internal][INFO] 2016-06-06 22:40:28,766: topic[/emergency_stop_state] removing connection to http://cmeintel-desktop:37165/
[rospy.impl.masterslave][INFO] 2016-06-06 22:40:28,766: signal-2
[rospy.core][INFO] 2016-06-06 22:40:28,882: signal_shutdown [atexit]
