[rospy.client][INFO] 2016-06-06 21:06:27,528: init_node, name[/gripper_right/gazebo_services], pid[23381]
[xmlrpc][INFO] 2016-06-06 21:06:27,528: XML-RPC server binding to 0.0.0.0:0
[xmlrpc][INFO] 2016-06-06 21:06:27,528: Started XML-RPC server [http://cmeintel-desktop:41265/]
[rospy.impl.masterslave][INFO] 2016-06-06 21:06:27,528: _ready: http://cmeintel-desktop:41265/
[rospy.registration][INFO] 2016-06-06 21:06:27,529: Registering with master node http://localhost:11311
[xmlrpc][INFO] 2016-06-06 21:06:27,529: xml rpc node: starting XML-RPC server
[rospy.init][INFO] 2016-06-06 21:06:27,530: ROS Slave URI: [http://cmeintel-desktop:41265/]
[rospy.init][INFO] 2016-06-06 21:06:27,530: registered with master
[rospy.rosout][INFO] 2016-06-06 21:06:27,530: initializing /rosout core topic
[rospy.rosout][INFO] 2016-06-06 21:06:27,544: connected to core topic /rosout
[rospy.simtime][INFO] 2016-06-06 21:06:27,548: initializing /clock core topic
[rospy.simtime][INFO] 2016-06-06 21:06:27,563: connected to core topic /clock
[rosout][INFO] 2016-06-06 21:06:27,617: gazebo_services running
[rospy.internal][INFO] 2016-06-06 21:06:27,842: topic[/rosout] adding connection to [/rosout], count 0
[rospy.internal][INFO] 2016-06-06 21:06:28,508: topic[/clock] adding connection to [http://cmeintel-desktop:44895/], count 0
[rospy.core][INFO] 2016-06-06 22:40:28,773: signal_shutdown [signal-2]
[rospy.internal][INFO] 2016-06-06 22:40:28,788: topic[/rosout] removing connection to /rosout
[rospy.internal][INFO] 2016-06-06 22:40:28,789: topic[/clock] removing connection to http://cmeintel-desktop:44895/
[rospy.impl.masterslave][INFO] 2016-06-06 22:40:28,789: signal-2
[rospy.internal][WARNING] 2016-06-06 22:40:28,800: Unknown error initiating TCP/IP socket to cmeintel-desktop:49961 (http://cmeintel-desktop:44895/): Traceback (most recent call last):
  File "/opt/ros/indigo/lib/python2.7/dist-packages/rospy/impl/tcpros_base.py", line 558, in connect
    self.local_endpoint = self.socket.getsockname()
AttributeError: 'NoneType' object has no attribute 'getsockname'

[rospy.core][INFO] 2016-06-06 22:40:28,922: signal_shutdown [atexit]
