[rospy.client][INFO] 2016-06-06 21:06:27,356: init_node, name[/gripper_left/gazebo_services], pid[23341]
[xmlrpc][INFO] 2016-06-06 21:06:27,357: XML-RPC server binding to 0.0.0.0:0
[xmlrpc][INFO] 2016-06-06 21:06:27,357: Started XML-RPC server [http://cmeintel-desktop:45305/]
[rospy.impl.masterslave][INFO] 2016-06-06 21:06:27,357: _ready: http://cmeintel-desktop:45305/
[rospy.registration][INFO] 2016-06-06 21:06:27,357: Registering with master node http://localhost:11311
[xmlrpc][INFO] 2016-06-06 21:06:27,358: xml rpc node: starting XML-RPC server
[rospy.init][INFO] 2016-06-06 21:06:27,358: ROS Slave URI: [http://cmeintel-desktop:45305/]
[rospy.init][INFO] 2016-06-06 21:06:27,358: registered with master
[rospy.rosout][INFO] 2016-06-06 21:06:27,358: initializing /rosout core topic
[rospy.rosout][INFO] 2016-06-06 21:06:27,372: connected to core topic /rosout
[rospy.simtime][INFO] 2016-06-06 21:06:27,380: initializing /clock core topic
[rospy.simtime][INFO] 2016-06-06 21:06:27,401: connected to core topic /clock
[rosout][INFO] 2016-06-06 21:06:27,651: gazebo_services running
[rospy.internal][INFO] 2016-06-06 21:06:27,737: topic[/rosout] adding connection to [/rosout], count 0
[rospy.internal][INFO] 2016-06-06 21:06:28,548: topic[/clock] adding connection to [http://cmeintel-desktop:44895/], count 0
[rospy.core][INFO] 2016-06-06 22:40:28,862: signal_shutdown [signal-2]
[rospy.internal][INFO] 2016-06-06 22:40:28,878: topic[/rosout] removing connection to /rosout
[rospy.internal][INFO] 2016-06-06 22:40:28,879: topic[/clock] removing connection to http://cmeintel-desktop:44895/
[rospy.impl.masterslave][INFO] 2016-06-06 22:40:28,879: signal-2
[rospy.core][INFO] 2016-06-06 22:40:28,994: signal_shutdown [atexit]
