[rospy.client][INFO] 2016-06-06 21:06:26,870: init_node, name[/relayboard_node], pid[22893]
[xmlrpc][INFO] 2016-06-06 21:06:26,870: XML-RPC server binding to 0.0.0.0:0
[rospy.init][INFO] 2016-06-06 21:06:26,870: ROS Slave URI: [http://cmeintel-desktop:37165/]
[xmlrpc][INFO] 2016-06-06 21:06:26,870: Started XML-RPC server [http://cmeintel-desktop:37165/]
[rospy.impl.masterslave][INFO] 2016-06-06 21:06:26,871: _ready: http://cmeintel-desktop:37165/
[xmlrpc][INFO] 2016-06-06 21:06:26,871: xml rpc node: starting XML-RPC server
[rospy.registration][INFO] 2016-06-06 21:06:26,879: Registering with master node http://localhost:11311
[rospy.init][INFO] 2016-06-06 21:06:26,971: registered with master
[rospy.rosout][INFO] 2016-06-06 21:06:26,971: initializing /rosout core topic
[rospy.rosout][INFO] 2016-06-06 21:06:26,992: connected to core topic /rosout
[rospy.simtime][INFO] 2016-06-06 21:06:26,999: initializing /clock core topic
[rospy.simtime][INFO] 2016-06-06 21:06:27,067: connected to core topic /clock
[rospy.internal][INFO] 2016-06-06 21:06:27,220: topic[/rosout] adding connection to [/rosout], count 0
[rospy.internal][INFO] 2016-06-06 21:06:28,509: topic[/clock] adding connection to [http://cmeintel-desktop:44895/], count 0
[rospy.internal][INFO] 2016-06-06 21:06:29,801: topic[/emergency_stop_state] adding connection to [/dashboard_aggregator], count 0
[rospy.core][INFO] 2016-06-06 22:40:29,563: signal_shutdown [signal-2]
[rospy.internal][INFO] 2016-06-06 22:40:29,567: topic[/emergency_stop_state] removing connection to /dashboard_aggregator
[rospy.internal][INFO] 2016-06-06 22:40:29,568: topic[/rosout] removing connection to /rosout
[rospy.internal][INFO] 2016-06-06 22:40:29,568: topic[/clock] removing connection to http://cmeintel-desktop:44895/
[rospy.impl.masterslave][INFO] 2016-06-06 22:40:29,568: signal-2
[rospy.core][INFO] 2016-06-06 22:40:29,685: signal_shutdown [atexit]
