[rospy.client][INFO] 2016-06-06 21:06:28,887: init_node, name[/script_server], pid[23477]
[xmlrpc][INFO] 2016-06-06 21:06:28,888: XML-RPC server binding to 0.0.0.0:0
[xmlrpc][INFO] 2016-06-06 21:06:28,888: Started XML-RPC server [http://cmeintel-desktop:45306/]
[rospy.impl.masterslave][INFO] 2016-06-06 21:06:28,888: _ready: http://cmeintel-desktop:45306/
[rospy.registration][INFO] 2016-06-06 21:06:28,889: Registering with master node http://localhost:11311
[xmlrpc][INFO] 2016-06-06 21:06:28,889: xml rpc node: starting XML-RPC server
[rospy.init][INFO] 2016-06-06 21:06:28,889: ROS Slave URI: [http://cmeintel-desktop:45306/]
[rospy.init][INFO] 2016-06-06 21:06:28,889: registered with master
[rospy.rosout][INFO] 2016-06-06 21:06:28,889: initializing /rosout core topic
[rospy.rosout][INFO] 2016-06-06 21:06:28,892: connected to core topic /rosout
[rospy.simtime][INFO] 2016-06-06 21:06:28,895: initializing /clock core topic
[rospy.simtime][INFO] 2016-06-06 21:06:28,900: connected to core topic /clock
[rospy.internal][INFO] 2016-06-06 21:06:28,905: topic[/clock] adding connection to [http://cmeintel-desktop:44895/], count 0
[rosout][INFO] 2016-06-06 21:06:28,930: script_server is running
[rospy.internal][INFO] 2016-06-06 21:06:29,125: topic[/rosout] adding connection to [/rosout], count 0
[rospy.core][INFO] 2016-06-06 22:40:28,754: signal_shutdown [signal-2]
[rospy.internal][INFO] 2016-06-06 22:40:28,780: topic[/rosout] removing connection to /rosout
[rospy.internal][INFO] 2016-06-06 22:40:28,780: topic[/clock] removing connection to http://cmeintel-desktop:44895/
[rospy.impl.masterslave][INFO] 2016-06-06 22:40:28,780: signal-2
[rospy.core][INFO] 2016-06-06 22:40:29,264: signal_shutdown [atexit]
