[rospy.client][INFO] 2016-06-06 21:06:26,732: init_node, name[/spawn_gazebo_model], pid[22703]
[xmlrpc][INFO] 2016-06-06 21:06:26,745: XML-RPC server binding to 0.0.0.0:0
[xmlrpc][INFO] 2016-06-06 21:06:26,745: Started XML-RPC server [http://cmeintel-desktop:40009/]
[rospy.init][INFO] 2016-06-06 21:06:26,745: ROS Slave URI: [http://cmeintel-desktop:40009/]
[rospy.impl.masterslave][INFO] 2016-06-06 21:06:26,745: _ready: http://cmeintel-desktop:40009/
[xmlrpc][INFO] 2016-06-06 21:06:26,745: xml rpc node: starting XML-RPC server
[rospy.registration][INFO] 2016-06-06 21:06:26,746: Registering with master node http://localhost:11311
[rospy.init][INFO] 2016-06-06 21:06:26,845: registered with master
[rospy.rosout][INFO] 2016-06-06 21:06:26,846: initializing /rosout core topic
[rospy.rosout][INFO] 2016-06-06 21:06:27,850: connected to core topic /rosout
[rospy.simtime][INFO] 2016-06-06 21:06:27,856: initializing /clock core topic
[rospy.simtime][INFO] 2016-06-06 21:06:27,870: connected to core topic /clock
[rosout][INFO] 2016-06-06 21:06:27,879: Loading model xml from ros parameter
[rosout][INFO] 2016-06-06 21:06:27,891: Waiting for service /gazebo/spawn_urdf_model
[rospy.internal][INFO] 2016-06-06 21:06:28,059: topic[/rosout] adding connection to [/rosout], count 0
[rosout][INFO] 2016-06-06 21:06:28,505: Calling service /gazebo/spawn_urdf_model
[rospy.internal][INFO] 2016-06-06 21:06:28,535: topic[/clock] adding connection to [http://cmeintel-desktop:44895/], count 0
[rosout][INFO] 2016-06-06 21:06:31,979: Spawn status: SpawnModel: Successfully spawned model
[rospy.core][INFO] 2016-06-06 21:06:31,979: signal_shutdown [atexit]
[rospy.internal][INFO] 2016-06-06 21:06:31,982: topic[/rosout] removing connection to /rosout
[rospy.internal][INFO] 2016-06-06 21:06:31,982: topic[/clock] removing connection to http://cmeintel-desktop:44895/
[rospy.impl.masterslave][INFO] 2016-06-06 21:06:31,982: atexit
