[rospy.client][INFO] 2016-06-06 21:06:26,402: init_node, name[/spawn_urdf_world], pid[22676]
[xmlrpc][INFO] 2016-06-06 21:06:26,403: XML-RPC server binding to 0.0.0.0:0
[xmlrpc][INFO] 2016-06-06 21:06:26,404: Started XML-RPC server [http://cmeintel-desktop:33933/]
[rospy.init][INFO] 2016-06-06 21:06:26,404: ROS Slave URI: [http://cmeintel-desktop:33933/]
[rospy.impl.masterslave][INFO] 2016-06-06 21:06:26,404: _ready: http://cmeintel-desktop:33933/
[xmlrpc][INFO] 2016-06-06 21:06:26,404: xml rpc node: starting XML-RPC server
[rospy.registration][INFO] 2016-06-06 21:06:26,406: Registering with master node http://localhost:11311
[rospy.init][INFO] 2016-06-06 21:06:26,504: registered with master
[rospy.rosout][INFO] 2016-06-06 21:06:26,504: initializing /rosout core topic
[rospy.rosout][INFO] 2016-06-06 21:06:26,519: connected to core topic /rosout
[rospy.simtime][INFO] 2016-06-06 21:06:26,548: initializing /clock core topic
[rospy.simtime][INFO] 2016-06-06 21:06:26,571: connected to core topic /clock
[rosout][INFO] 2016-06-06 21:06:26,625: Loading model xml from ros parameter
[rosout][INFO] 2016-06-06 21:06:26,648: Waiting for service /gazebo/spawn_urdf_model
[rospy.internal][INFO] 2016-06-06 21:06:26,676: topic[/rosout] adding connection to [/rosout], count 0
[rospy.internal][INFO] 2016-06-06 21:06:28,488: topic[/clock] adding connection to [http://cmeintel-desktop:44895/], count 0
[rosout][INFO] 2016-06-06 21:06:28,507: Calling service /gazebo/spawn_urdf_model
[rosout][INFO] 2016-06-06 21:06:38,071: Spawn status: SpawnModel: Successfully spawned model
[rospy.core][INFO] 2016-06-06 21:06:38,072: signal_shutdown [atexit]
[rospy.internal][INFO] 2016-06-06 21:06:38,074: topic[/rosout] removing connection to /rosout
[rospy.internal][INFO] 2016-06-06 21:06:38,074: topic[/clock] removing connection to http://cmeintel-desktop:44895/
[rospy.impl.masterslave][INFO] 2016-06-06 21:06:38,074: atexit
