[rospy.client][INFO] 2016-06-06 21:06:26,862: init_node, name[/torso/gazebo_services], pid[22913]
[xmlrpc][INFO] 2016-06-06 21:06:26,862: XML-RPC server binding to 0.0.0.0:0
[xmlrpc][INFO] 2016-06-06 21:06:26,863: Started XML-RPC server [http://cmeintel-desktop:34624/]
[rospy.impl.masterslave][INFO] 2016-06-06 21:06:26,863: _ready: http://cmeintel-desktop:34624/
[rospy.init][INFO] 2016-06-06 21:06:26,864: ROS Slave URI: [http://cmeintel-desktop:34624/]
[rospy.registration][INFO] 2016-06-06 21:06:26,864: Registering with master node http://localhost:11311
[xmlrpc][INFO] 2016-06-06 21:06:26,864: xml rpc node: starting XML-RPC server
[rospy.init][INFO] 2016-06-06 21:06:26,964: registered with master
[rospy.rosout][INFO] 2016-06-06 21:06:26,964: initializing /rosout core topic
[rospy.rosout][INFO] 2016-06-06 21:06:26,972: connected to core topic /rosout
[rospy.simtime][INFO] 2016-06-06 21:06:26,992: initializing /clock core topic
[rospy.simtime][INFO] 2016-06-06 21:06:27,028: connected to core topic /clock
[rosout][INFO] 2016-06-06 21:06:27,176: gazebo_services running
[rospy.internal][INFO] 2016-06-06 21:06:27,220: topic[/rosout] adding connection to [/rosout], count 0
[rospy.internal][INFO] 2016-06-06 21:06:28,501: topic[/clock] adding connection to [http://cmeintel-desktop:44895/], count 0
[rospy.core][INFO] 2016-06-06 22:40:29,561: signal_shutdown [signal-2]
[rospy.internal][INFO] 2016-06-06 22:40:29,565: topic[/rosout] removing connection to /rosout
[rospy.internal][INFO] 2016-06-06 22:40:29,565: topic[/clock] removing connection to http://cmeintel-desktop:44895/
[rospy.impl.masterslave][INFO] 2016-06-06 22:40:29,565: signal-2
[rospy.internal][ERROR] 2016-06-06 22:40:29,566: Traceback (most recent call last):
  File "/opt/ros/indigo/lib/python2.7/dist-packages/rospy/impl/tcpros_base.py", line 698, in receive_once
    self.stat_bytes += recv_buff(sock, b, p.buff_size)
  File "/opt/ros/indigo/lib/python2.7/dist-packages/rospy/impl/tcpros_base.py", line 103, in recv_buff
    d = sock.recv(buff_size)
error: [Errno 104] Connection reset by peer

[rospy.core][INFO] 2016-06-06 22:40:29,667: signal_shutdown [atexit]
