[rospy.client][INFO] 2016-06-06 21:06:26,534: init_node, name[/world_tf_publisher], pid[22685]
[xmlrpc][INFO] 2016-06-06 21:06:26,535: XML-RPC server binding to 0.0.0.0:0
[xmlrpc][INFO] 2016-06-06 21:06:26,535: Started XML-RPC server [http://cmeintel-desktop:41629/]
[rospy.impl.masterslave][INFO] 2016-06-06 21:06:26,535: _ready: http://cmeintel-desktop:41629/
[rospy.registration][INFO] 2016-06-06 21:06:26,536: Registering with master node http://localhost:11311
[xmlrpc][INFO] 2016-06-06 21:06:26,536: xml rpc node: starting XML-RPC server
[rospy.init][INFO] 2016-06-06 21:06:26,542: ROS Slave URI: [http://cmeintel-desktop:41629/]
[rospy.init][INFO] 2016-06-06 21:06:26,542: registered with master
[rospy.rosout][INFO] 2016-06-06 21:06:26,542: initializing /rosout core topic
[rospy.rosout][INFO] 2016-06-06 21:06:26,563: connected to core topic /rosout
[rospy.simtime][INFO] 2016-06-06 21:06:26,566: initializing /clock core topic
[rospy.simtime][INFO] 2016-06-06 21:06:26,601: connected to core topic /clock
[rospy.internal][INFO] 2016-06-06 21:06:26,784: topic[/rosout] adding connection to [/rosout], count 0
[rospy.internal][INFO] 2016-06-06 21:06:26,871: topic[/tf] adding connection to [/torso/interactive_target], count 0
[rospy.internal][INFO] 2016-06-06 21:06:26,877: topic[/tf] adding connection to [/torso/obstacle_distance], count 1
[rospy.internal][INFO] 2016-06-06 21:06:26,887: topic[/tf] adding connection to [/scan_unifier], count 2
[rospy.internal][INFO] 2016-06-06 21:06:27,093: topic[/tf] adding connection to [/arm_left/interactive_target], count 3
[rospy.internal][INFO] 2016-06-06 21:06:27,099: topic[/tf] adding connection to [/arm_left/obstacle_distance], count 4
[rospy.internal][INFO] 2016-06-06 21:06:27,423: topic[/tf] adding connection to [/arm_right/obstacle_distance], count 5
[rospy.internal][INFO] 2016-06-06 21:06:27,637: topic[/tf] adding connection to [/image_flip_torso_cam3d_right/image_flip_torso_cam3d_right], count 6
[rospy.internal][INFO] 2016-06-06 21:06:27,637: topic[/tf] adding connection to [/image_flip_torso_cam3d_left/image_flip_torso_cam3d_left], count 7
[rospy.internal][INFO] 2016-06-06 21:06:27,638: topic[/tf] adding connection to [/torso/twist_controller], count 8
[rospy.internal][INFO] 2016-06-06 21:06:27,759: topic[/tf] adding connection to [/torso/frame_tracker], count 9
[rospy.internal][INFO] 2016-06-06 21:06:27,989: topic[/tf] adding connection to [/arm_left/twist_controller], count 10
[rospy.internal][INFO] 2016-06-06 21:06:28,070: topic[/tf] adding connection to [/arm_right/twist_controller], count 11
[rospy.internal][INFO] 2016-06-06 21:06:28,109: topic[/tf] adding connection to [/arm_left/frame_tracker], count 12
[rospy.internal][INFO] 2016-06-06 21:06:28,265: topic[/tf] adding connection to [/arm_right/frame_tracker], count 13
[rospy.internal][INFO] 2016-06-06 21:06:28,351: topic[/tf] adding connection to [/arm_right/interactive_target], count 14
[rospy.internal][INFO] 2016-06-06 21:06:28,471: topic[/tf] adding connection to [/image_flip_sensorring_cam3d/image_flip_sensorring_cam3d], count 15
[rospy.internal][INFO] 2016-06-06 21:06:28,535: topic[/clock] adding connection to [http://cmeintel-desktop:44895/], count 0
[rospy.internal][INFO] 2016-06-06 22:40:29,755: topic[/tf] removing connection to /arm_left/interactive_target
[rospy.internal][INFO] 2016-06-06 22:40:29,756: topic[/tf] removing connection to /arm_right/obstacle_distance
[rospy.internal][INFO] 2016-06-06 22:40:29,756: topic[/tf] removing connection to /arm_left/obstacle_distance
[rospy.internal][INFO] 2016-06-06 22:40:29,756: topic[/tf] removing connection to /image_flip_torso_cam3d_right/image_flip_torso_cam3d_right
[rospy.internal][INFO] 2016-06-06 22:40:29,757: topic[/tf] removing connection to /image_flip_torso_cam3d_left/image_flip_torso_cam3d_left
[rospy.internal][INFO] 2016-06-06 22:40:29,757: topic[/tf] removing connection to /arm_left/twist_controller
[rospy.internal][INFO] 2016-06-06 22:40:29,757: topic[/tf] removing connection to /arm_right/twist_controller
[rospy.internal][INFO] 2016-06-06 22:40:29,757: topic[/tf] removing connection to /arm_right/frame_tracker
[rospy.internal][INFO] 2016-06-06 22:40:29,757: topic[/tf] removing connection to /arm_left/frame_tracker
[rospy.internal][INFO] 2016-06-06 22:40:29,757: topic[/tf] removing connection to /arm_right/interactive_target
[rospy.internal][INFO] 2016-06-06 22:40:29,757: topic[/tf] removing connection to /image_flip_sensorring_cam3d/image_flip_sensorring_cam3d
[rospy.core][INFO] 2016-06-06 22:40:29,966: signal_shutdown [signal-2]
[rospy.internal][INFO] 2016-06-06 22:40:29,968: topic[/rosout] removing connection to /rosout
[rospy.internal][INFO] 2016-06-06 22:40:29,974: topic[/tf] removing connection to /torso/interactive_target
[rospy.internal][INFO] 2016-06-06 22:40:29,974: topic[/tf] removing connection to /torso/obstacle_distance
[rospy.internal][INFO] 2016-06-06 22:40:29,975: topic[/tf] removing connection to /scan_unifier
[rospy.internal][INFO] 2016-06-06 22:40:29,975: topic[/tf] removing connection to /torso/twist_controller
[rospy.internal][INFO] 2016-06-06 22:40:29,975: topic[/tf] removing connection to /torso/frame_tracker
[rospy.internal][INFO] 2016-06-06 22:40:29,975: topic[/clock] removing connection to http://cmeintel-desktop:44895/
[rospy.topics][ERROR] 2016-06-06 22:40:29,976: Traceback (most recent call last):
  File "/opt/ros/indigo/lib/python2.7/dist-packages/rospy/topics.py", line 307, in close
    c.close()
  File "/opt/ros/indigo/lib/python2.7/dist-packages/rospy/impl/tcpros_base.py", line 807, in close
    self.socket.close()
AttributeError: 'NoneType' object has no attribute 'close'

[rospy.impl.masterslave][INFO] 2016-06-06 22:40:29,976: signal-2
[rospy.internal][WARNING] 2016-06-06 22:40:29,975: Unknown error initiating TCP/IP socket to cmeintel-desktop:49961 (http://cmeintel-desktop:44895/): Traceback (most recent call last):
  File "/opt/ros/indigo/lib/python2.7/dist-packages/rospy/impl/tcpros_base.py", line 557, in connect
    self.read_header()
  File "/opt/ros/indigo/lib/python2.7/dist-packages/rospy/impl/tcpros_base.py", line 619, in read_header
    self._validate_header(read_ros_handshake_header(sock, self.read_buff, self.protocol.buff_size))
AttributeError: 'NoneType' object has no attribute 'buff_size'

[rospy.core][INFO] 2016-06-06 22:40:30,108: signal_shutdown [atexit]
