[rospy.client][INFO] 2016-06-06 20:56:57,047: init_node, name[/arm_left/gazebo_services], pid[6179]
[xmlrpc][INFO] 2016-06-06 20:56:57,047: XML-RPC server binding to 0.0.0.0:0
[xmlrpc][INFO] 2016-06-06 20:56:57,048: Started XML-RPC server [http://cmeintel-desktop:46090/]
[rospy.impl.masterslave][INFO] 2016-06-06 20:56:57,048: _ready: http://cmeintel-desktop:46090/
[rospy.init][INFO] 2016-06-06 20:56:57,049: ROS Slave URI: [http://cmeintel-desktop:46090/]
[rospy.registration][INFO] 2016-06-06 20:56:57,049: Registering with master node http://localhost:11311
[xmlrpc][INFO] 2016-06-06 20:56:57,051: xml rpc node: starting XML-RPC server
[rospy.init][INFO] 2016-06-06 20:56:57,149: registered with master
[rospy.rosout][INFO] 2016-06-06 20:56:57,149: initializing /rosout core topic
[rospy.rosout][INFO] 2016-06-06 20:56:57,158: connected to core topic /rosout
[rospy.simtime][INFO] 2016-06-06 20:56:57,161: initializing /clock core topic
[rospy.simtime][INFO] 2016-06-06 20:56:57,171: connected to core topic /clock
[rosout][INFO] 2016-06-06 20:56:57,223: gazebo_services running
[rospy.internal][INFO] 2016-06-06 20:56:57,369: topic[/rosout] adding connection to [/rosout], count 0
[rospy.internal][INFO] 2016-06-06 20:56:59,437: topic[/clock] adding connection to [http://cmeintel-desktop:41055/], count 0
[rospy.core][INFO] 2016-06-06 21:01:06,227: signal_shutdown [signal-2]
[rospy.internal][INFO] 2016-06-06 21:01:06,241: topic[/rosout] removing connection to /rosout
[rospy.internal][INFO] 2016-06-06 21:01:06,241: topic[/clock] removing connection to http://cmeintel-desktop:41055/
[rospy.impl.masterslave][INFO] 2016-06-06 21:01:06,241: signal-2
[rospy.core][INFO] 2016-06-06 21:01:06,405: signal_shutdown [atexit]
