[rospy.client][INFO] 2016-06-06 20:56:57,317: init_node, name[/arm_right/gazebo_services], pid[6260]
[xmlrpc][INFO] 2016-06-06 20:56:57,317: XML-RPC server binding to 0.0.0.0:0
[rospy.init][INFO] 2016-06-06 20:56:57,317: ROS Slave URI: [http://cmeintel-desktop:46830/]
[xmlrpc][INFO] 2016-06-06 20:56:57,317: Started XML-RPC server [http://cmeintel-desktop:46830/]
[rospy.impl.masterslave][INFO] 2016-06-06 20:56:57,317: _ready: http://cmeintel-desktop:46830/
[rospy.registration][INFO] 2016-06-06 20:56:57,318: Registering with master node http://localhost:11311
[xmlrpc][INFO] 2016-06-06 20:56:57,319: xml rpc node: starting XML-RPC server
[rospy.init][INFO] 2016-06-06 20:56:57,417: registered with master
[rospy.rosout][INFO] 2016-06-06 20:56:57,418: initializing /rosout core topic
[rospy.rosout][INFO] 2016-06-06 20:56:57,423: connected to core topic /rosout
[rospy.simtime][INFO] 2016-06-06 20:56:57,427: initializing /clock core topic
[rospy.simtime][INFO] 2016-06-06 20:56:57,445: connected to core topic /clock
[rosout][INFO] 2016-06-06 20:56:57,488: gazebo_services running
[rospy.internal][INFO] 2016-06-06 20:56:57,691: topic[/rosout] adding connection to [/rosout], count 0
[rospy.internal][INFO] 2016-06-06 20:56:59,450: topic[/clock] adding connection to [http://cmeintel-desktop:41055/], count 0
[rospy.core][INFO] 2016-06-06 21:01:06,026: signal_shutdown [signal-2]
[rospy.internal][INFO] 2016-06-06 21:01:06,030: topic[/rosout] removing connection to /rosout
[rospy.internal][INFO] 2016-06-06 21:01:06,031: topic[/clock] removing connection to http://cmeintel-desktop:41055/
[rospy.impl.masterslave][INFO] 2016-06-06 21:01:06,031: signal-2
[rospy.core][INFO] 2016-06-06 21:01:06,132: signal_shutdown [atexit]
