[rospy.client][INFO] 2016-06-06 20:56:56,014: init_node, name[/base/gazebo_services], pid[5158]
[xmlrpc][INFO] 2016-06-06 20:56:56,014: XML-RPC server binding to 0.0.0.0:0
[rospy.init][INFO] 2016-06-06 20:56:56,014: ROS Slave URI: [http://cmeintel-desktop:34113/]
[xmlrpc][INFO] 2016-06-06 20:56:56,014: Started XML-RPC server [http://cmeintel-desktop:34113/]
[rospy.impl.masterslave][INFO] 2016-06-06 20:56:56,014: _ready: http://cmeintel-desktop:34113/
[xmlrpc][INFO] 2016-06-06 20:56:56,015: xml rpc node: starting XML-RPC server
[rospy.registration][INFO] 2016-06-06 20:56:56,015: Registering with master node http://localhost:11311
[rospy.init][INFO] 2016-06-06 20:56:56,115: registered with master
[rospy.rosout][INFO] 2016-06-06 20:56:56,115: initializing /rosout core topic
[rospy.rosout][INFO] 2016-06-06 20:56:56,116: connected to core topic /rosout
[rospy.simtime][INFO] 2016-06-06 20:56:56,118: initializing /clock core topic
[rospy.simtime][INFO] 2016-06-06 20:56:56,120: connected to core topic /clock
[rosout][INFO] 2016-06-06 20:56:56,129: gazebo_services running
[rospy.internal][INFO] 2016-06-06 20:56:56,315: topic[/rosout] adding connection to [/rosout], count 0
[rospy.internal][INFO] 2016-06-06 20:56:59,449: topic[/clock] adding connection to [http://cmeintel-desktop:41055/], count 0
[rospy.core][INFO] 2016-06-06 21:01:06,819: signal_shutdown [signal-2]
[rospy.internal][INFO] 2016-06-06 21:01:06,822: topic[/rosout] removing connection to /rosout
[rospy.internal][INFO] 2016-06-06 21:01:06,822: topic[/clock] removing connection to http://cmeintel-desktop:41055/
[rospy.impl.masterslave][INFO] 2016-06-06 21:01:06,822: signal-2
[rospy.core][INFO] 2016-06-06 21:01:06,931: signal_shutdown [atexit]
