[rospy.client][INFO] 2016-06-06 20:56:57,693: init_node, name[/dashboard_aggregator], pid[6649]
[xmlrpc][INFO] 2016-06-06 20:56:57,694: XML-RPC server binding to 0.0.0.0:0
[xmlrpc][INFO] 2016-06-06 20:56:57,694: Started XML-RPC server [http://cmeintel-desktop:42526/]
[rospy.init][INFO] 2016-06-06 20:56:57,694: ROS Slave URI: [http://cmeintel-desktop:42526/]
[rospy.impl.masterslave][INFO] 2016-06-06 20:56:57,694: _ready: http://cmeintel-desktop:42526/
[xmlrpc][INFO] 2016-06-06 20:56:57,695: xml rpc node: starting XML-RPC server
[rospy.registration][INFO] 2016-06-06 20:56:57,695: Registering with master node http://localhost:11311
[rospy.init][INFO] 2016-06-06 20:56:57,794: registered with master
[rospy.rosout][INFO] 2016-06-06 20:56:57,794: initializing /rosout core topic
[rospy.rosout][INFO] 2016-06-06 20:56:57,796: connected to core topic /rosout
[rospy.simtime][INFO] 2016-06-06 20:56:57,797: initializing /clock core topic
[rospy.simtime][INFO] 2016-06-06 20:56:57,798: connected to core topic /clock
[rospy.internal][INFO] 2016-06-06 20:56:58,172: topic[/rosout] adding connection to [/rosout], count 0
[rospy.internal][INFO] 2016-06-06 20:56:59,474: topic[/clock] adding connection to [http://cmeintel-desktop:41055/], count 0
[rospy.internal][INFO] 2016-06-06 20:57:01,443: topic[/diagnostics_toplevel_state] adding connection to [http://cmeintel-desktop:35066/], count 0
[rospy.internal][INFO] 2016-06-06 20:57:01,444: topic[/emergency_stop_state] adding connection to [http://cmeintel-desktop:33117/], count 0
[rospy.core][INFO] 2016-06-06 21:01:05,815: signal_shutdown [signal-2]
[rospy.internal][INFO] 2016-06-06 21:01:05,821: topic[/rosout] removing connection to /rosout
[rospy.internal][INFO] 2016-06-06 21:01:05,822: topic[/diagnostics_toplevel_state] removing connection to http://cmeintel-desktop:35066/
[rospy.internal][INFO] 2016-06-06 21:01:05,822: topic[/clock] removing connection to http://cmeintel-desktop:41055/
[rospy.internal][INFO] 2016-06-06 21:01:05,822: topic[/emergency_stop_state] removing connection to http://cmeintel-desktop:33117/
[rospy.impl.masterslave][INFO] 2016-06-06 21:01:05,822: signal-2
[rospy.internal][WARNING] 2016-06-06 21:01:05,823: Unknown error initiating TCP/IP socket to cmeintel-desktop:36352 (http://cmeintel-desktop:35066/): Traceback (most recent call last):
  File "/opt/ros/indigo/lib/python2.7/dist-packages/rospy/impl/tcpros_base.py", line 558, in connect
    self.local_endpoint = self.socket.getsockname()
AttributeError: 'NoneType' object has no attribute 'getsockname'

[rospy.core][INFO] 2016-06-06 21:01:05,988: signal_shutdown [atexit]
