[rospy.client][INFO] 2016-06-06 20:56:55,953: init_node, name[/elevator], pid[5149]
[xmlrpc][INFO] 2016-06-06 20:56:55,953: XML-RPC server binding to 0.0.0.0:0
[xmlrpc][INFO] 2016-06-06 20:56:55,953: Started XML-RPC server [http://cmeintel-desktop:37050/]
[rospy.impl.masterslave][INFO] 2016-06-06 20:56:55,953: _ready: http://cmeintel-desktop:37050/
[rospy.registration][INFO] 2016-06-06 20:56:55,954: Registering with master node http://localhost:11311
[xmlrpc][INFO] 2016-06-06 20:56:55,954: xml rpc node: starting XML-RPC server
[rospy.init][INFO] 2016-06-06 20:56:55,955: ROS Slave URI: [http://cmeintel-desktop:37050/]
[rospy.init][INFO] 2016-06-06 20:56:55,955: registered with master
[rospy.rosout][INFO] 2016-06-06 20:56:55,955: initializing /rosout core topic
[rospy.rosout][INFO] 2016-06-06 20:56:55,959: connected to core topic /rosout
[rospy.simtime][INFO] 2016-06-06 20:56:55,963: initializing /clock core topic
[rospy.simtime][INFO] 2016-06-06 20:56:55,973: connected to core topic /clock
[rospy.internal][INFO] 2016-06-06 20:56:56,212: topic[/rosout] adding connection to [/rosout], count 0
[rospy.internal][INFO] 2016-06-06 20:56:59,466: topic[/clock] adding connection to [http://cmeintel-desktop:41055/], count 0
[rospy.internal][INFO] 2016-06-06 20:57:00,167: topic[/elevator_button1_bumper] adding connection to [http://cmeintel-desktop:41055/], count 0
[rospy.core][INFO] 2016-06-06 21:01:06,840: signal_shutdown [signal-2]
[rospy.internal][INFO] 2016-06-06 21:01:06,842: topic[/rosout] removing connection to /rosout
[rospy.internal][INFO] 2016-06-06 21:01:06,842: topic[/clock] removing connection to http://cmeintel-desktop:41055/
[rospy.internal][INFO] 2016-06-06 21:01:06,842: topic[/elevator_button1_bumper] removing connection to http://cmeintel-desktop:41055/
[rospy.impl.masterslave][INFO] 2016-06-06 21:01:06,842: signal-2
[rospy.core][INFO] 2016-06-06 21:01:06,950: signal_shutdown [atexit]
