[rospy.client][INFO] 2016-06-06 20:56:57,423: init_node, name[/gripper_right/gazebo_services], pid[6458]
[xmlrpc][INFO] 2016-06-06 20:56:57,424: XML-RPC server binding to 0.0.0.0:0
[xmlrpc][INFO] 2016-06-06 20:56:57,424: Started XML-RPC server [http://cmeintel-desktop:35614/]
[rospy.impl.masterslave][INFO] 2016-06-06 20:56:57,424: _ready: http://cmeintel-desktop:35614/
[rospy.init][INFO] 2016-06-06 20:56:57,424: ROS Slave URI: [http://cmeintel-desktop:35614/]
[rospy.registration][INFO] 2016-06-06 20:56:57,426: Registering with master node http://localhost:11311
[xmlrpc][INFO] 2016-06-06 20:56:57,426: xml rpc node: starting XML-RPC server
[rospy.init][INFO] 2016-06-06 20:56:57,525: registered with master
[rospy.rosout][INFO] 2016-06-06 20:56:57,525: initializing /rosout core topic
[rospy.rosout][INFO] 2016-06-06 20:56:57,530: connected to core topic /rosout
[rospy.simtime][INFO] 2016-06-06 20:56:57,536: initializing /clock core topic
[rospy.simtime][INFO] 2016-06-06 20:56:57,543: connected to core topic /clock
[rosout][INFO] 2016-06-06 20:56:57,569: gazebo_services running
[rospy.internal][INFO] 2016-06-06 20:56:57,792: topic[/rosout] adding connection to [/rosout], count 0
[rospy.internal][INFO] 2016-06-06 20:56:59,466: topic[/clock] adding connection to [http://cmeintel-desktop:41055/], count 0
[rospy.core][INFO] 2016-06-06 21:01:05,830: signal_shutdown [signal-2]
[rospy.internal][INFO] 2016-06-06 21:01:05,836: topic[/rosout] removing connection to /rosout
[rospy.internal][INFO] 2016-06-06 21:01:05,836: topic[/clock] removing connection to http://cmeintel-desktop:41055/
[rospy.impl.masterslave][INFO] 2016-06-06 21:01:05,836: signal-2
[rospy.internal][ERROR] 2016-06-06 21:01:05,838: Traceback (most recent call last):
  File "/opt/ros/indigo/lib/python2.7/dist-packages/rospy/impl/tcpros_base.py", line 698, in receive_once
    self.stat_bytes += recv_buff(sock, b, p.buff_size)
  File "/opt/ros/indigo/lib/python2.7/dist-packages/rospy/impl/tcpros_base.py", line 103, in recv_buff
    d = sock.recv(buff_size)
error: [Errno 104] Connection reset by peer

[rospy.core][INFO] 2016-06-06 21:01:05,943: signal_shutdown [atexit]
