[rospy.client][INFO] 2016-06-06 20:56:56,149: init_node, name[/joint_state_publisher], pid[5157]
[xmlrpc][INFO] 2016-06-06 20:56:56,149: XML-RPC server binding to 0.0.0.0:0
[xmlrpc][INFO] 2016-06-06 20:56:56,150: Started XML-RPC server [http://cmeintel-desktop:36295/]
[rospy.init][INFO] 2016-06-06 20:56:56,150: ROS Slave URI: [http://cmeintel-desktop:36295/]
[rospy.impl.masterslave][INFO] 2016-06-06 20:56:56,150: _ready: http://cmeintel-desktop:36295/
[rospy.registration][INFO] 2016-06-06 20:56:56,151: Registering with master node http://localhost:11311
[xmlrpc][INFO] 2016-06-06 20:56:56,151: xml rpc node: starting XML-RPC server
[rospy.init][INFO] 2016-06-06 20:56:56,250: registered with master
[rospy.rosout][INFO] 2016-06-06 20:56:56,250: initializing /rosout core topic
[rospy.rosout][INFO] 2016-06-06 20:56:56,252: connected to core topic /rosout
[rospy.simtime][INFO] 2016-06-06 20:56:56,253: initializing /clock core topic
[rospy.simtime][INFO] 2016-06-06 20:56:56,255: connected to core topic /clock
[rospy.internal][INFO] 2016-06-06 20:56:56,417: topic[/rosout] adding connection to [/rosout], count 0
[rospy.internal][INFO] 2016-06-06 20:56:56,716: topic[/joint_states] adding connection to [/robot_state_publisher], count 0
[rospy.internal][INFO] 2016-06-06 20:56:59,445: topic[/clock] adding connection to [http://cmeintel-desktop:41055/], count 0
[rospy.internal][INFO] 2016-06-06 20:57:08,060: topic[/base/joint_states] adding connection to [http://cmeintel-desktop:41055/], count 0
[rospy.internal][INFO] 2016-06-06 20:57:08,224: topic[/torso/joint_states] adding connection to [http://cmeintel-desktop:41055/], count 0
[rospy.internal][INFO] 2016-06-06 20:57:08,588: topic[/sensorring/joint_states] adding connection to [http://cmeintel-desktop:41055/], count 0
[rospy.internal][INFO] 2016-06-06 20:57:08,802: topic[/arm_left/joint_states] adding connection to [http://cmeintel-desktop:41055/], count 0
[rospy.internal][INFO] 2016-06-06 20:57:08,833: topic[/arm_right/joint_states] adding connection to [http://cmeintel-desktop:41055/], count 0
[rospy.internal][INFO] 2016-06-06 20:57:09,198: topic[/gripper_right/joint_states] adding connection to [http://cmeintel-desktop:41055/], count 0
[rospy.internal][INFO] 2016-06-06 20:57:09,612: topic[/gripper_left/joint_states] adding connection to [http://cmeintel-desktop:41055/], count 0
[rospy.core][INFO] 2016-06-06 21:01:06,834: signal_shutdown [signal-2]
[rospy.internal][INFO] 2016-06-06 21:01:06,838: topic[/joint_states] removing connection to /robot_state_publisher
[rospy.internal][INFO] 2016-06-06 21:01:06,838: topic[/rosout] removing connection to /rosout
[rospy.internal][INFO] 2016-06-06 21:01:06,838: topic[/arm_right/joint_states] removing connection to http://cmeintel-desktop:41055/
[rospy.internal][INFO] 2016-06-06 21:01:06,838: topic[/torso/joint_states] removing connection to http://cmeintel-desktop:41055/
[rospy.internal][INFO] 2016-06-06 21:01:06,839: topic[/sensorring/joint_states] removing connection to http://cmeintel-desktop:41055/
[rospy.internal][INFO] 2016-06-06 21:01:06,839: topic[/clock] removing connection to http://cmeintel-desktop:41055/
[rospy.internal][INFO] 2016-06-06 21:01:06,839: topic[/base/joint_states] removing connection to http://cmeintel-desktop:41055/
[rospy.internal][INFO] 2016-06-06 21:01:06,839: topic[/gripper_left/joint_states] removing connection to http://cmeintel-desktop:41055/
[rospy.internal][INFO] 2016-06-06 21:01:06,839: topic[/arm_left/joint_states] removing connection to http://cmeintel-desktop:41055/
[rospy.internal][INFO] 2016-06-06 21:01:06,839: topic[/gripper_right/joint_states] removing connection to http://cmeintel-desktop:41055/
[rospy.impl.masterslave][INFO] 2016-06-06 21:01:06,839: signal-2
[rospy.internal][WARNING] 2016-06-06 21:01:06,840: Unknown error initiating TCP/IP socket to cmeintel-desktop:47256 (http://cmeintel-desktop:41055/): Traceback (most recent call last):
  File "/opt/ros/indigo/lib/python2.7/dist-packages/rospy/impl/tcpros_base.py", line 558, in connect
    self.local_endpoint = self.socket.getsockname()
AttributeError: 'NoneType' object has no attribute 'getsockname'

[rospy.core][INFO] 2016-06-06 21:01:07,330: signal_shutdown [atexit]
