[rospy.client][INFO] 2016-06-06 20:56:56,691: init_node, name[/relayboard_node], pid[5573]
[xmlrpc][INFO] 2016-06-06 20:56:56,692: XML-RPC server binding to 0.0.0.0:0
[xmlrpc][INFO] 2016-06-06 20:56:56,692: Started XML-RPC server [http://cmeintel-desktop:33117/]
[rospy.init][INFO] 2016-06-06 20:56:56,692: ROS Slave URI: [http://cmeintel-desktop:33117/]
[rospy.impl.masterslave][INFO] 2016-06-06 20:56:56,692: _ready: http://cmeintel-desktop:33117/
[rospy.registration][INFO] 2016-06-06 20:56:56,692: Registering with master node http://localhost:11311
[xmlrpc][INFO] 2016-06-06 20:56:56,693: xml rpc node: starting XML-RPC server
[rospy.init][INFO] 2016-06-06 20:56:56,792: registered with master
[rospy.rosout][INFO] 2016-06-06 20:56:56,792: initializing /rosout core topic
[rospy.rosout][INFO] 2016-06-06 20:56:56,794: connected to core topic /rosout
[rospy.simtime][INFO] 2016-06-06 20:56:56,795: initializing /clock core topic
[rospy.simtime][INFO] 2016-06-06 20:56:56,796: connected to core topic /clock
[rospy.internal][INFO] 2016-06-06 20:56:57,041: topic[/rosout] adding connection to [/rosout], count 0
[rospy.internal][INFO] 2016-06-06 20:56:59,471: topic[/clock] adding connection to [http://cmeintel-desktop:41055/], count 0
[rospy.internal][INFO] 2016-06-06 20:57:01,445: topic[/emergency_stop_state] adding connection to [/dashboard_aggregator], count 0
[rospy.core][INFO] 2016-06-06 21:01:06,528: signal_shutdown [signal-2]
[rospy.internal][INFO] 2016-06-06 21:01:06,537: topic[/emergency_stop_state] removing connection to /dashboard_aggregator
[rospy.internal][INFO] 2016-06-06 21:01:06,537: topic[/rosout] removing connection to /rosout
[rospy.internal][INFO] 2016-06-06 21:01:06,537: topic[/clock] removing connection to http://cmeintel-desktop:41055/
[rospy.impl.masterslave][INFO] 2016-06-06 21:01:06,538: signal-2
[rospy.internal][WARNING] 2016-06-06 21:01:06,542: Unknown error initiating TCP/IP socket to cmeintel-desktop:47256 (http://cmeintel-desktop:41055/): Traceback (most recent call last):
  File "/opt/ros/indigo/lib/python2.7/dist-packages/rospy/impl/tcpros_base.py", line 558, in connect
    self.local_endpoint = self.socket.getsockname()
AttributeError: 'NoneType' object has no attribute 'getsockname'

[rospy.core][INFO] 2016-06-06 21:01:06,641: signal_shutdown [atexit]
