[rospy.client][INFO] 2016-06-06 20:56:59,385: init_node, name[/script_server], pid[6959]
[xmlrpc][INFO] 2016-06-06 20:56:59,385: XML-RPC server binding to 0.0.0.0:0
[xmlrpc][INFO] 2016-06-06 20:56:59,386: Started XML-RPC server [http://cmeintel-desktop:42569/]
[rospy.init][INFO] 2016-06-06 20:56:59,386: ROS Slave URI: [http://cmeintel-desktop:42569/]
[rospy.impl.masterslave][INFO] 2016-06-06 20:56:59,386: _ready: http://cmeintel-desktop:42569/
[xmlrpc][INFO] 2016-06-06 20:56:59,386: xml rpc node: starting XML-RPC server
[rospy.registration][INFO] 2016-06-06 20:56:59,387: Registering with master node http://localhost:11311
[rospy.init][INFO] 2016-06-06 20:56:59,486: registered with master
[rospy.rosout][INFO] 2016-06-06 20:56:59,486: initializing /rosout core topic
[rospy.rosout][INFO] 2016-06-06 20:56:59,489: connected to core topic /rosout
[rospy.simtime][INFO] 2016-06-06 20:56:59,491: initializing /clock core topic
[rospy.simtime][INFO] 2016-06-06 20:56:59,497: connected to core topic /clock
[rospy.internal][INFO] 2016-06-06 20:56:59,501: topic[/clock] adding connection to [http://cmeintel-desktop:41055/], count 0
[rosout][INFO] 2016-06-06 20:56:59,526: script_server is running
[rospy.internal][INFO] 2016-06-06 20:56:59,757: topic[/rosout] adding connection to [/rosout], count 0
[rospy.core][INFO] 2016-06-06 21:01:05,814: signal_shutdown [signal-2]
[rospy.internal][INFO] 2016-06-06 21:01:05,825: topic[/rosout] removing connection to /rosout
[rospy.internal][INFO] 2016-06-06 21:01:05,826: topic[/clock] removing connection to http://cmeintel-desktop:41055/
[rospy.impl.masterslave][INFO] 2016-06-06 21:01:05,826: signal-2
[rospy.core][INFO] 2016-06-06 21:01:05,959: signal_shutdown [atexit]
