[rospy.client][INFO] 2016-06-06 20:56:56,985: init_node, name[/sensorring/gazebo_services], pid[6168]
[xmlrpc][INFO] 2016-06-06 20:56:56,985: XML-RPC server binding to 0.0.0.0:0
[rospy.init][INFO] 2016-06-06 20:56:56,986: ROS Slave URI: [http://cmeintel-desktop:43650/]
[xmlrpc][INFO] 2016-06-06 20:56:56,986: Started XML-RPC server [http://cmeintel-desktop:43650/]
[rospy.impl.masterslave][INFO] 2016-06-06 20:56:56,986: _ready: http://cmeintel-desktop:43650/
[xmlrpc][INFO] 2016-06-06 20:56:56,986: xml rpc node: starting XML-RPC server
[rospy.registration][INFO] 2016-06-06 20:56:56,986: Registering with master node http://localhost:11311
[rospy.init][INFO] 2016-06-06 20:56:57,088: registered with master
[rospy.rosout][INFO] 2016-06-06 20:56:57,089: initializing /rosout core topic
[rospy.rosout][INFO] 2016-06-06 20:56:57,096: connected to core topic /rosout
[rospy.simtime][INFO] 2016-06-06 20:56:57,103: initializing /clock core topic
[rospy.internal][INFO] 2016-06-06 20:56:57,368: topic[/rosout] adding connection to [/rosout], count 0
[rospy.simtime][INFO] 2016-06-06 20:56:58,115: connected to core topic /clock
[rosout][INFO] 2016-06-06 20:56:58,146: gazebo_services running
[rospy.internal][INFO] 2016-06-06 20:56:59,467: topic[/clock] adding connection to [http://cmeintel-desktop:41055/], count 0
[rospy.core][INFO] 2016-06-06 21:01:06,327: signal_shutdown [signal-2]
[rospy.internal][INFO] 2016-06-06 21:01:06,331: topic[/rosout] removing connection to /rosout
[rospy.internal][INFO] 2016-06-06 21:01:06,331: topic[/clock] removing connection to http://cmeintel-desktop:41055/
[rospy.impl.masterslave][INFO] 2016-06-06 21:01:06,331: signal-2
[rospy.core][INFO] 2016-06-06 21:01:06,447: signal_shutdown [atexit]
