[rospy.client][INFO] 2016-06-06 20:56:56,532: init_node, name[/torso/gazebo_services], pid[5675]
[xmlrpc][INFO] 2016-06-06 20:56:56,532: XML-RPC server binding to 0.0.0.0:0
[xmlrpc][INFO] 2016-06-06 20:56:56,533: Started XML-RPC server [http://cmeintel-desktop:33924/]
[rospy.init][INFO] 2016-06-06 20:56:56,533: ROS Slave URI: [http://cmeintel-desktop:33924/]
[rospy.impl.masterslave][INFO] 2016-06-06 20:56:56,533: _ready: http://cmeintel-desktop:33924/
[rospy.registration][INFO] 2016-06-06 20:56:56,533: Registering with master node http://localhost:11311
[xmlrpc][INFO] 2016-06-06 20:56:56,533: xml rpc node: starting XML-RPC server
[rospy.init][INFO] 2016-06-06 20:56:56,633: registered with master
[rospy.rosout][INFO] 2016-06-06 20:56:56,633: initializing /rosout core topic
[rospy.rosout][INFO] 2016-06-06 20:56:56,635: connected to core topic /rosout
[rospy.simtime][INFO] 2016-06-06 20:56:56,636: initializing /clock core topic
[rospy.simtime][INFO] 2016-06-06 20:56:56,639: connected to core topic /clock
[rosout][INFO] 2016-06-06 20:56:56,645: gazebo_services running
[rospy.internal][INFO] 2016-06-06 20:56:56,934: topic[/rosout] adding connection to [/rosout], count 0
[rospy.internal][INFO] 2016-06-06 20:56:59,467: topic[/clock] adding connection to [http://cmeintel-desktop:41055/], count 0
[rospy.core][INFO] 2016-06-06 21:01:06,528: signal_shutdown [signal-2]
[rospy.internal][INFO] 2016-06-06 21:01:06,535: topic[/rosout] removing connection to /rosout
[rospy.internal][INFO] 2016-06-06 21:01:06,535: topic[/clock] removing connection to http://cmeintel-desktop:41055/
[rospy.impl.masterslave][INFO] 2016-06-06 21:01:06,535: signal-2
[rospy.core][INFO] 2016-06-06 21:01:07,150: signal_shutdown [atexit]
