[rospy.client][INFO] 2016-06-06 20:56:55,942: init_node, name[/world_tf_publisher], pid[5147]
[xmlrpc][INFO] 2016-06-06 20:56:55,942: XML-RPC server binding to 0.0.0.0:0
[xmlrpc][INFO] 2016-06-06 20:56:55,942: Started XML-RPC server [http://cmeintel-desktop:35930/]
[rospy.impl.masterslave][INFO] 2016-06-06 20:56:55,943: _ready: http://cmeintel-desktop:35930/
[xmlrpc][INFO] 2016-06-06 20:56:55,943: xml rpc node: starting XML-RPC server
[rospy.registration][INFO] 2016-06-06 20:56:55,943: Registering with master node http://localhost:11311
[rospy.init][INFO] 2016-06-06 20:56:55,958: ROS Slave URI: [http://cmeintel-desktop:35930/]
[rospy.init][INFO] 2016-06-06 20:56:55,958: registered with master
[rospy.rosout][INFO] 2016-06-06 20:56:55,958: initializing /rosout core topic
[rospy.rosout][INFO] 2016-06-06 20:56:55,972: connected to core topic /rosout
[rospy.simtime][INFO] 2016-06-06 20:56:55,975: initializing /clock core topic
[rospy.simtime][INFO] 2016-06-06 20:56:55,979: connected to core topic /clock
[rospy.internal][INFO] 2016-06-06 20:56:56,213: topic[/rosout] adding connection to [/rosout], count 0
[rospy.internal][INFO] 2016-06-06 20:56:56,520: topic[/tf] adding connection to [/scan_unifier], count 0
[rospy.internal][INFO] 2016-06-06 20:56:56,822: topic[/tf] adding connection to [/torso/frame_tracker], count 1
[rospy.internal][INFO] 2016-06-06 20:56:56,931: topic[/tf] adding connection to [/torso/twist_controller], count 2
[rospy.internal][INFO] 2016-06-06 20:56:57,043: topic[/tf] adding connection to [/torso/interactive_target], count 3
[rospy.internal][INFO] 2016-06-06 20:56:57,144: topic[/tf] adding connection to [/arm_left/twist_controller], count 4
[rospy.internal][INFO] 2016-06-06 20:56:57,147: topic[/tf] adding connection to [/torso/obstacle_distance], count 5
[rospy.internal][INFO] 2016-06-06 20:56:57,168: topic[/tf] adding connection to [/arm_left/frame_tracker], count 6
[rospy.internal][INFO] 2016-06-06 20:56:57,254: topic[/tf] adding connection to [/arm_right/twist_controller], count 7
[rospy.internal][INFO] 2016-06-06 20:56:57,259: topic[/tf] adding connection to [/arm_right/frame_tracker], count 8
[rospy.internal][INFO] 2016-06-06 20:56:57,260: topic[/tf] adding connection to [/arm_left/obstacle_distance], count 9
[rospy.internal][INFO] 2016-06-06 20:56:57,357: topic[/tf] adding connection to [/arm_left/interactive_target], count 10
[rospy.internal][INFO] 2016-06-06 20:56:57,369: topic[/tf] adding connection to [/arm_right/obstacle_distance], count 11
[rospy.internal][INFO] 2016-06-06 20:56:58,197: topic[/tf] adding connection to [/arm_right/interactive_target], count 12
[rospy.internal][INFO] 2016-06-06 20:56:59,422: topic[/clock] adding connection to [http://cmeintel-desktop:41055/], count 0
[rospy.internal][INFO] 2016-06-06 21:01:06,626: topic[/tf] removing connection to /arm_right/obstacle_distance
[rospy.internal][INFO] 2016-06-06 21:01:06,627: topic[/tf] removing connection to /arm_right/interactive_target
[rospy.core][INFO] 2016-06-06 21:01:06,919: signal_shutdown [signal-2]
[rospy.internal][INFO] 2016-06-06 21:01:06,923: topic[/rosout] removing connection to /rosout
[rospy.internal][INFO] 2016-06-06 21:01:06,924: topic[/tf] removing connection to /scan_unifier
[rospy.internal][INFO] 2016-06-06 21:01:06,925: topic[/tf] removing connection to /torso/frame_tracker
[rospy.internal][INFO] 2016-06-06 21:01:06,925: topic[/tf] removing connection to /torso/twist_controller
[rospy.internal][INFO] 2016-06-06 21:01:06,925: topic[/tf] removing connection to /torso/interactive_target
[rospy.internal][INFO] 2016-06-06 21:01:06,925: topic[/tf] removing connection to /arm_left/twist_controller
[rospy.internal][INFO] 2016-06-06 21:01:06,925: topic[/tf] removing connection to /torso/obstacle_distance
[rospy.internal][INFO] 2016-06-06 21:01:06,925: topic[/tf] removing connection to /arm_left/frame_tracker
[rospy.internal][INFO] 2016-06-06 21:01:06,926: topic[/tf] removing connection to /arm_right/twist_controller
[rospy.internal][INFO] 2016-06-06 21:01:06,926: topic[/tf] removing connection to /arm_right/frame_tracker
[rospy.internal][INFO] 2016-06-06 21:01:06,926: topic[/tf] removing connection to /arm_left/obstacle_distance
[rospy.internal][INFO] 2016-06-06 21:01:06,926: topic[/tf] removing connection to /arm_left/interactive_target
[rospy.internal][INFO] 2016-06-06 21:01:06,926: topic[/clock] removing connection to http://cmeintel-desktop:41055/
[rospy.impl.masterslave][INFO] 2016-06-06 21:01:06,927: signal-2
[rospy.internal][WARNING] 2016-06-06 21:01:06,927: Unknown error initiating TCP/IP socket to cmeintel-desktop:47256 (http://cmeintel-desktop:41055/): Traceback (most recent call last):
  File "/opt/ros/indigo/lib/python2.7/dist-packages/rospy/impl/tcpros_base.py", line 558, in connect
    self.local_endpoint = self.socket.getsockname()
AttributeError: 'NoneType' object has no attribute 'getsockname'

[rospy.core][INFO] 2016-06-06 21:01:07,414: signal_shutdown [atexit]
