[rospy.client][INFO] 2016-06-09 14:06:51,584: init_node, name[/base/gazebo_services], pid[28859]
[xmlrpc][INFO] 2016-06-09 14:06:51,586: XML-RPC server binding to 0.0.0.0:0
[rospy.init][INFO] 2016-06-09 14:06:51,587: ROS Slave URI: [http://cmeintel-desktop:44296/]
[xmlrpc][INFO] 2016-06-09 14:06:51,586: Started XML-RPC server [http://cmeintel-desktop:44296/]
[rospy.impl.masterslave][INFO] 2016-06-09 14:06:51,587: _ready: http://cmeintel-desktop:44296/
[xmlrpc][INFO] 2016-06-09 14:06:51,590: xml rpc node: starting XML-RPC server
[rospy.registration][INFO] 2016-06-09 14:06:51,591: Registering with master node http://localhost:11311
[rospy.init][INFO] 2016-06-09 14:06:51,687: registered with master
[rospy.rosout][INFO] 2016-06-09 14:06:51,687: initializing /rosout core topic
[rospy.rosout][INFO] 2016-06-09 14:06:51,695: connected to core topic /rosout
[rospy.simtime][INFO] 2016-06-09 14:06:51,710: initializing /clock core topic
[rospy.simtime][INFO] 2016-06-09 14:06:51,738: connected to core topic /clock
[rospy.internal][INFO] 2016-06-09 14:06:51,922: topic[/rosout] adding connection to [/rosout], count 0
[rosout][INFO] 2016-06-09 14:06:52,826: gazebo_services running
[rospy.internal][INFO] 2016-06-09 14:06:53,434: topic[/clock] adding connection to [http://cmeintel-desktop:36601/], count 0
[rospy.core][INFO] 2016-06-09 15:04:31,696: signal_shutdown [signal-2]
[rospy.internal][INFO] 2016-06-09 15:04:31,722: topic[/rosout] removing connection to /rosout
[rospy.internal][INFO] 2016-06-09 15:04:31,722: topic[/clock] removing connection to http://cmeintel-desktop:36601/
[rospy.impl.masterslave][INFO] 2016-06-09 15:04:31,723: signal-2
[rospy.core][INFO] 2016-06-09 15:04:32,339: signal_shutdown [atexit]
