[rospy.client][INFO] 2016-06-09 14:06:54,070: init_node, name[/behavior], pid[29716]
[xmlrpc][INFO] 2016-06-09 14:06:54,070: XML-RPC server binding to 0.0.0.0:0
[xmlrpc][INFO] 2016-06-09 14:06:54,071: Started XML-RPC server [http://cmeintel-desktop:40775/]
[rospy.init][INFO] 2016-06-09 14:06:54,071: ROS Slave URI: [http://cmeintel-desktop:40775/]
[rospy.impl.masterslave][INFO] 2016-06-09 14:06:54,071: _ready: http://cmeintel-desktop:40775/
[xmlrpc][INFO] 2016-06-09 14:06:54,071: xml rpc node: starting XML-RPC server
[rospy.registration][INFO] 2016-06-09 14:06:54,071: Registering with master node http://localhost:11311
[rospy.init][INFO] 2016-06-09 14:06:54,171: registered with master
[rospy.rosout][INFO] 2016-06-09 14:06:54,171: initializing /rosout core topic
[rospy.rosout][INFO] 2016-06-09 14:06:54,195: connected to core topic /rosout
[rospy.simtime][INFO] 2016-06-09 14:06:54,203: initializing /clock core topic
[rospy.simtime][INFO] 2016-06-09 14:06:54,206: connected to core topic /clock
[rospy.internal][INFO] 2016-06-09 14:06:54,237: topic[/clock] adding connection to [http://cmeintel-desktop:36601/], count 0
[rospy.internal][INFO] 2016-06-09 14:06:54,417: topic[/rosout] adding connection to [/rosout], count 0
[rospy.core][INFO] 2016-06-09 15:04:30,681: signal_shutdown [signal-2]
[rospy.internal][INFO] 2016-06-09 15:04:30,714: topic[/rosout] removing connection to /rosout
[rospy.internal][INFO] 2016-06-09 15:04:30,714: topic[/clock] removing connection to http://cmeintel-desktop:36601/
[rospy.impl.masterslave][INFO] 2016-06-09 15:04:30,714: signal-2
[rospy.internal][WARNING] 2016-06-09 15:04:30,740: Unknown error initiating TCP/IP socket to cmeintel-desktop:51520 (http://cmeintel-desktop:36601/): Traceback (most recent call last):
  File "/opt/ros/indigo/lib/python2.7/dist-packages/rospy/impl/tcpros_base.py", line 558, in connect
    self.local_endpoint = self.socket.getsockname()
AttributeError: 'NoneType' object has no attribute 'getsockname'

[rospy.core][INFO] 2016-06-09 15:04:30,822: signal_shutdown [atexit]
