[rospy.client][INFO] 2016-06-09 14:06:52,947: init_node, name[/dashboard_aggregator], pid[29681]
[xmlrpc][INFO] 2016-06-09 14:06:52,947: XML-RPC server binding to 0.0.0.0:0
[xmlrpc][INFO] 2016-06-09 14:06:52,947: Started XML-RPC server [http://cmeintel-desktop:35879/]
[rospy.impl.masterslave][INFO] 2016-06-09 14:06:52,948: _ready: http://cmeintel-desktop:35879/
[rospy.init][INFO] 2016-06-09 14:06:52,948: ROS Slave URI: [http://cmeintel-desktop:35879/]
[rospy.registration][INFO] 2016-06-09 14:06:52,948: Registering with master node http://localhost:11311
[xmlrpc][INFO] 2016-06-09 14:06:52,949: xml rpc node: starting XML-RPC server
[rospy.init][INFO] 2016-06-09 14:06:53,048: registered with master
[rospy.rosout][INFO] 2016-06-09 14:06:53,048: initializing /rosout core topic
[rospy.rosout][INFO] 2016-06-09 14:06:53,054: connected to core topic /rosout
[rospy.simtime][INFO] 2016-06-09 14:06:53,057: initializing /clock core topic
[rospy.simtime][INFO] 2016-06-09 14:06:53,077: connected to core topic /clock
[rospy.internal][INFO] 2016-06-09 14:06:53,275: topic[/rosout] adding connection to [/rosout], count 0
[rospy.internal][INFO] 2016-06-09 14:06:53,432: topic[/clock] adding connection to [http://cmeintel-desktop:36601/], count 0
[rospy.internal][INFO] 2016-06-09 14:06:54,643: topic[/emergency_stop_state] adding connection to [http://cmeintel-desktop:40992/], count 0
[rospy.internal][INFO] 2016-06-09 14:06:55,959: topic[/diagnostics_toplevel_state] adding connection to [http://cmeintel-desktop:34578/], count 0
[rospy.core][INFO] 2016-06-09 15:04:30,680: signal_shutdown [signal-2]
[rospy.internal][INFO] 2016-06-09 15:04:30,709: topic[/rosout] removing connection to /rosout
[rospy.internal][INFO] 2016-06-09 15:04:30,709: topic[/diagnostics_toplevel_state] removing connection to http://cmeintel-desktop:34578/
[rospy.internal][INFO] 2016-06-09 15:04:30,710: topic[/clock] removing connection to http://cmeintel-desktop:36601/
[rospy.internal][INFO] 2016-06-09 15:04:30,710: topic[/emergency_stop_state] removing connection to http://cmeintel-desktop:40992/
[rospy.impl.masterslave][INFO] 2016-06-09 15:04:30,710: signal-2
[rospy.core][INFO] 2016-06-09 15:04:30,818: signal_shutdown [atexit]
