[rospy.client][INFO] 2016-06-09 14:06:51,428: init_node, name[/elevator], pid[28828]
[xmlrpc][INFO] 2016-06-09 14:06:51,428: XML-RPC server binding to 0.0.0.0:0
[xmlrpc][INFO] 2016-06-09 14:06:51,429: Started XML-RPC server [http://cmeintel-desktop:34027/]
[rospy.impl.masterslave][INFO] 2016-06-09 14:06:51,431: _ready: http://cmeintel-desktop:34027/
[rospy.init][INFO] 2016-06-09 14:06:51,431: ROS Slave URI: [http://cmeintel-desktop:34027/]
[rospy.registration][INFO] 2016-06-09 14:06:51,431: Registering with master node http://localhost:11311
[xmlrpc][INFO] 2016-06-09 14:06:51,432: xml rpc node: starting XML-RPC server
[rospy.init][INFO] 2016-06-09 14:06:51,531: registered with master
[rospy.rosout][INFO] 2016-06-09 14:06:51,531: initializing /rosout core topic
[rospy.rosout][INFO] 2016-06-09 14:06:51,560: connected to core topic /rosout
[rospy.simtime][INFO] 2016-06-09 14:06:51,584: initializing /clock core topic
[rospy.simtime][INFO] 2016-06-09 14:06:51,631: connected to core topic /clock
[rospy.internal][INFO] 2016-06-09 14:06:51,816: topic[/rosout] adding connection to [/rosout], count 0
[rospy.internal][INFO] 2016-06-09 14:06:53,433: topic[/clock] adding connection to [http://cmeintel-desktop:36601/], count 0
[rospy.internal][INFO] 2016-06-09 14:07:06,091: topic[/elevator_button1_bumper] adding connection to [http://cmeintel-desktop:36601/], count 0
[rospy.core][INFO] 2016-06-09 15:04:31,885: signal_shutdown [signal-2]
[rospy.internal][INFO] 2016-06-09 15:04:31,889: topic[/rosout] removing connection to /rosout
[rospy.internal][INFO] 2016-06-09 15:04:31,889: topic[/clock] removing connection to http://cmeintel-desktop:36601/
[rospy.internal][INFO] 2016-06-09 15:04:31,889: topic[/elevator_button1_bumper] removing connection to http://cmeintel-desktop:36601/
[rospy.impl.masterslave][INFO] 2016-06-09 15:04:31,889: signal-2
[rospy.core][INFO] 2016-06-09 15:04:32,053: signal_shutdown [atexit]
