[rospy.client][INFO] 2016-06-09 14:06:52,568: init_node, name[/gripper_left/gazebo_services], pid[29465]
[xmlrpc][INFO] 2016-06-09 14:06:52,568: XML-RPC server binding to 0.0.0.0:0
[rospy.init][INFO] 2016-06-09 14:06:52,573: ROS Slave URI: [http://cmeintel-desktop:37192/]
[xmlrpc][INFO] 2016-06-09 14:06:52,573: Started XML-RPC server [http://cmeintel-desktop:37192/]
[rospy.impl.masterslave][INFO] 2016-06-09 14:06:52,573: _ready: http://cmeintel-desktop:37192/
[xmlrpc][INFO] 2016-06-09 14:06:52,575: xml rpc node: starting XML-RPC server
[rospy.registration][INFO] 2016-06-09 14:06:52,575: Registering with master node http://localhost:11311
[rospy.init][INFO] 2016-06-09 14:06:52,674: registered with master
[rospy.rosout][INFO] 2016-06-09 14:06:52,674: initializing /rosout core topic
[rospy.rosout][INFO] 2016-06-09 14:06:52,681: connected to core topic /rosout
[rospy.simtime][INFO] 2016-06-09 14:06:52,685: initializing /clock core topic
[rospy.simtime][INFO] 2016-06-09 14:06:52,697: connected to core topic /clock
[rospy.internal][INFO] 2016-06-09 14:06:52,940: topic[/rosout] adding connection to [/rosout], count 0
[rosout][INFO] 2016-06-09 14:06:52,955: gazebo_services running
[rospy.internal][INFO] 2016-06-09 14:06:53,409: topic[/clock] adding connection to [http://cmeintel-desktop:36601/], count 0
[rospy.core][INFO] 2016-06-09 15:04:30,883: signal_shutdown [signal-2]
[rospy.internal][INFO] 2016-06-09 15:04:30,886: topic[/rosout] removing connection to /rosout
[rospy.internal][INFO] 2016-06-09 15:04:30,887: topic[/clock] removing connection to http://cmeintel-desktop:36601/
[rospy.impl.masterslave][INFO] 2016-06-09 15:04:30,887: signal-2
[rospy.core][INFO] 2016-06-09 15:04:31,021: signal_shutdown [atexit]
