[rospy.client][INFO] 2016-06-09 14:06:51,792: init_node, name[/joint_state_publisher], pid[28850]
[xmlrpc][INFO] 2016-06-09 14:06:51,792: XML-RPC server binding to 0.0.0.0:0
[xmlrpc][INFO] 2016-06-09 14:06:51,793: Started XML-RPC server [http://cmeintel-desktop:45574/]
[rospy.impl.masterslave][INFO] 2016-06-09 14:06:51,793: _ready: http://cmeintel-desktop:45574/
[rospy.init][INFO] 2016-06-09 14:06:51,793: ROS Slave URI: [http://cmeintel-desktop:45574/]
[rospy.registration][INFO] 2016-06-09 14:06:51,793: Registering with master node http://localhost:11311
[xmlrpc][INFO] 2016-06-09 14:06:51,793: xml rpc node: starting XML-RPC server
[rospy.init][INFO] 2016-06-09 14:06:51,896: registered with master
[rospy.rosout][INFO] 2016-06-09 14:06:51,896: initializing /rosout core topic
[rospy.rosout][INFO] 2016-06-09 14:06:51,930: connected to core topic /rosout
[rospy.simtime][INFO] 2016-06-09 14:06:51,937: initializing /clock core topic
[rospy.simtime][INFO] 2016-06-09 14:06:51,954: connected to core topic /clock
[rospy.internal][INFO] 2016-06-09 14:06:52,164: topic[/rosout] adding connection to [/rosout], count 0
[rospy.internal][INFO] 2016-06-09 14:06:53,393: topic[/clock] adding connection to [http://cmeintel-desktop:36601/], count 0
[rospy.internal][INFO] 2016-06-09 14:06:53,809: topic[/joint_states] adding connection to [/robot_state_publisher], count 0
[rospy.internal][INFO] 2016-06-09 14:07:04,072: topic[/base/joint_states] adding connection to [http://cmeintel-desktop:36601/], count 0
[rospy.internal][INFO] 2016-06-09 14:07:04,336: topic[/sensorring/joint_states] adding connection to [http://cmeintel-desktop:36601/], count 0
[rospy.internal][INFO] 2016-06-09 14:07:04,500: topic[/torso/joint_states] adding connection to [http://cmeintel-desktop:36601/], count 0
[rospy.internal][INFO] 2016-06-09 14:07:04,764: topic[/arm_right/joint_states] adding connection to [http://cmeintel-desktop:36601/], count 0
[rospy.internal][INFO] 2016-06-09 14:07:04,780: topic[/arm_left/joint_states] adding connection to [http://cmeintel-desktop:36601/], count 0
[rospy.internal][INFO] 2016-06-09 14:07:05,145: topic[/gripper_right/joint_states] adding connection to [http://cmeintel-desktop:36601/], count 0
[rospy.internal][INFO] 2016-06-09 14:07:06,759: topic[/gripper_left/joint_states] adding connection to [http://cmeintel-desktop:36601/], count 0
[rospy.core][INFO] 2016-06-09 15:04:31,704: signal_shutdown [signal-2]
[rospy.internal][INFO] 2016-06-09 15:04:31,725: topic[/joint_states] removing connection to /robot_state_publisher
[rospy.internal][INFO] 2016-06-09 15:04:31,725: topic[/rosout] removing connection to /rosout
[rospy.internal][INFO] 2016-06-09 15:04:31,725: topic[/arm_right/joint_states] removing connection to http://cmeintel-desktop:36601/
[rospy.internal][INFO] 2016-06-09 15:04:31,725: topic[/torso/joint_states] removing connection to http://cmeintel-desktop:36601/
[rospy.internal][INFO] 2016-06-09 15:04:31,726: topic[/sensorring/joint_states] removing connection to http://cmeintel-desktop:36601/
[rospy.internal][INFO] 2016-06-09 15:04:31,726: topic[/clock] removing connection to http://cmeintel-desktop:36601/
[rospy.internal][INFO] 2016-06-09 15:04:31,726: topic[/base/joint_states] removing connection to http://cmeintel-desktop:36601/
[rospy.internal][INFO] 2016-06-09 15:04:31,726: topic[/gripper_left/joint_states] removing connection to http://cmeintel-desktop:36601/
[rospy.internal][INFO] 2016-06-09 15:04:31,727: topic[/arm_left/joint_states] removing connection to http://cmeintel-desktop:36601/
[rospy.internal][INFO] 2016-06-09 15:04:31,727: topic[/gripper_right/joint_states] removing connection to http://cmeintel-desktop:36601/
[rospy.impl.masterslave][INFO] 2016-06-09 15:04:31,728: signal-2
[rospy.internal][WARNING] 2016-06-09 15:04:31,739: Unknown error initiating TCP/IP socket to cmeintel-desktop:51520 (http://cmeintel-desktop:36601/): Traceback (most recent call last):
  File "/opt/ros/indigo/lib/python2.7/dist-packages/rospy/impl/tcpros_base.py", line 558, in connect
    self.local_endpoint = self.socket.getsockname()
AttributeError: 'NoneType' object has no attribute 'getsockname'

[rospy.internal][WARNING] 2016-06-09 15:04:31,740: Unknown error initiating TCP/IP socket to cmeintel-desktop:51520 (http://cmeintel-desktop:36601/): Traceback (most recent call last):
  File "/opt/ros/indigo/lib/python2.7/dist-packages/rospy/impl/tcpros_base.py", line 558, in connect
    self.local_endpoint = self.socket.getsockname()
AttributeError: 'NoneType' object has no attribute 'getsockname'

[rospy.internal][WARNING] 2016-06-09 15:04:31,740: Unknown error initiating TCP/IP socket to cmeintel-desktop:51520 (http://cmeintel-desktop:36601/): Traceback (most recent call last):
  File "/opt/ros/indigo/lib/python2.7/dist-packages/rospy/impl/tcpros_base.py", line 558, in connect
    self.local_endpoint = self.socket.getsockname()
AttributeError: 'NoneType' object has no attribute 'getsockname'

[rospy.internal][WARNING] 2016-06-09 15:04:31,741: Unknown error initiating TCP/IP socket to cmeintel-desktop:51520 (http://cmeintel-desktop:36601/): Traceback (most recent call last):
  File "/opt/ros/indigo/lib/python2.7/dist-packages/rospy/impl/tcpros_base.py", line 558, in connect
    self.local_endpoint = self.socket.getsockname()
AttributeError: 'NoneType' object has no attribute 'getsockname'

[rospy.core][INFO] 2016-06-09 15:04:32,342: signal_shutdown [atexit]
