[rospy.client][INFO] 2016-06-09 14:06:51,848: init_node, name[/relayboard_node], pid[29022]
[xmlrpc][INFO] 2016-06-09 14:06:51,849: XML-RPC server binding to 0.0.0.0:0
[xmlrpc][INFO] 2016-06-09 14:06:51,849: Started XML-RPC server [http://cmeintel-desktop:40992/]
[rospy.impl.masterslave][INFO] 2016-06-09 14:06:51,849: _ready: http://cmeintel-desktop:40992/
[rospy.registration][INFO] 2016-06-09 14:06:51,849: Registering with master node http://localhost:11311
[xmlrpc][INFO] 2016-06-09 14:06:51,850: xml rpc node: starting XML-RPC server
[rospy.init][INFO] 2016-06-09 14:06:51,850: ROS Slave URI: [http://cmeintel-desktop:40992/]
[rospy.init][INFO] 2016-06-09 14:06:51,850: registered with master
[rospy.rosout][INFO] 2016-06-09 14:06:51,850: initializing /rosout core topic
[rospy.rosout][INFO] 2016-06-09 14:06:51,872: connected to core topic /rosout
[rospy.simtime][INFO] 2016-06-09 14:06:51,885: initializing /clock core topic
[rospy.simtime][INFO] 2016-06-09 14:06:51,933: connected to core topic /clock
[rospy.internal][INFO] 2016-06-09 14:06:52,136: topic[/rosout] adding connection to [/rosout], count 0
[rospy.internal][INFO] 2016-06-09 14:06:53,395: topic[/clock] adding connection to [http://cmeintel-desktop:36601/], count 0
[rospy.internal][INFO] 2016-06-09 14:06:54,644: topic[/emergency_stop_state] adding connection to [/dashboard_aggregator], count 0
[rospy.core][INFO] 2016-06-09 15:04:31,484: signal_shutdown [signal-2]
[rospy.internal][INFO] 2016-06-09 15:04:31,489: topic[/emergency_stop_state] removing connection to /dashboard_aggregator
[rospy.internal][INFO] 2016-06-09 15:04:31,490: topic[/rosout] removing connection to /rosout
[rospy.internal][INFO] 2016-06-09 15:04:31,490: topic[/clock] removing connection to http://cmeintel-desktop:36601/
[rospy.impl.masterslave][INFO] 2016-06-09 15:04:31,490: signal-2
[rospy.internal][WARNING] 2016-06-09 15:04:31,491: Unknown error initiating TCP/IP socket to cmeintel-desktop:51520 (http://cmeintel-desktop:36601/): Traceback (most recent call last):
  File "/opt/ros/indigo/lib/python2.7/dist-packages/rospy/impl/tcpros_base.py", line 558, in connect
    self.local_endpoint = self.socket.getsockname()
AttributeError: 'NoneType' object has no attribute 'getsockname'

[rospy.core][INFO] 2016-06-09 15:04:31,655: signal_shutdown [atexit]
