[roslaunch][INFO] 2016-06-09 14:08:53,249: Checking log directory for disk usage. This may take awhile.
Press Ctrl-C to interrupt
[roslaunch][INFO] 2016-06-09 14:08:53,254: Done checking log file disk usage. Usage is <1GB.
[roslaunch][INFO] 2016-06-09 14:08:53,255: roslaunch starting with args ['/opt/ros/indigo/bin/roslaunch', 'spawn-fac-boxes.launch']
[roslaunch][INFO] 2016-06-09 14:08:53,255: roslaunch env is {'ROBOT': 'cob4-2', 'LC_PAPER': 'de_DE.UTF-8', 'SHELL': '/bin/bash', 'XDG_DATA_DIRS': '/usr/share/ubuntu:/usr/share/gnome:/usr/local/share/:/usr/share/', 'MANDATORY_PATH': '/usr/share/gconf/ubuntu.mandatory.path', 'TERMINATOR_UUID': 'urn:uuid:56cf7773-ceaf-4f21-9a96-915485123e63', 'COMPIZ_CONFIG_PROFILE': 'ubuntu', 'JOB': 'dbus', 'TEXTDOMAIN': 'im-config', 'XMODIFIERS': '@im=ibus', 'SELINUX_INIT': 'YES', 'XDG_RUNTIME_DIR': '/run/user/1000', 'LC_ADDRESS': 'de_DE.UTF-8', 'PYTHONPATH': '/home/cme-intel/git/catkin_ws/devel/lib/python2.7/dist-packages:/opt/ros/indigo/lib/python2.7/dist-packages', 'COMPIZ_BIN_PATH': '/usr/bin/', 'ROS_ROOT': '/opt/ros/indigo/share/ros', 'XDG_SESSION_ID': 'c2', 'DBUS_SESSION_BUS_ADDRESS': 'unix:abstract=/tmp/dbus-jJs6cWqVHt', 'ORBIT_SOCKETDIR': '/tmp/orbit-cme-intel', 'DEFAULTS_PATH': '/usr/share/gconf/ubuntu.default.path', 'DESKTOP_SESSION': 'ubuntu', 'GTK_MODULES': 'overlay-scrollbar:unity-gtk-module', 'INSTANCE': '', 'LC_NAME': 'de_DE.UTF-8', 'XDG_MENU_PREFIX': 'gnome-', 'LS_COLORS': 'rs=0:di=01;34:ln=01;36:mh=00:pi=40;33:so=01;35:do=01;35:bd=40;33;01:cd=40;33;01:or=40;31;01:su=37;41:sg=30;43:ca=30;41:tw=30;42:ow=34;42:st=37;44:ex=01;32:*.tar=01;31:*.tgz=01;31:*.arj=01;31:*.taz=01;31:*.lzh=01;31:*.lzma=01;31:*.tlz=01;31:*.txz=01;31:*.zip=01;31:*.z=01;31:*.Z=01;31:*.dz=01;31:*.gz=01;31:*.lz=01;31:*.xz=01;31:*.bz2=01;31:*.bz=01;31:*.tbz=01;31:*.tbz2=01;31:*.tz=01;31:*.deb=01;31:*.rpm=01;31:*.jar=01;31:*.war=01;31:*.ear=01;31:*.sar=01;31:*.rar=01;31:*.ace=01;31:*.zoo=01;31:*.cpio=01;31:*.7z=01;31:*.rz=01;31:*.jpg=01;35:*.jpeg=01;35:*.gif=01;35:*.bmp=01;35:*.pbm=01;35:*.pgm=01;35:*.ppm=01;35:*.tga=01;35:*.xbm=01;35:*.xpm=01;35:*.tif=01;35:*.tiff=01;35:*.png=01;35:*.svg=01;35:*.svgz=01;35:*.mng=01;35:*.pcx=01;35:*.mov=01;35:*.mpg=01;35:*.mpeg=01;35:*.m2v=01;35:*.mkv=01;35:*.webm=01;35:*.ogm=01;35:*.mp4=01;35:*.m4v=01;35:*.mp4v=01;35:*.vob=01;35:*.qt=01;35:*.nuv=01;35:*.wmv=01;35:*.asf=01;35:*.rm=01;35:*.rmvb=01;35:*.flc=01;35:*.avi=01;35:*.fli=01;35:*.flv=01;35:*.gl=01;35:*.dl=01;35:*.xcf=01;35:*.xwd=01;35:*.yuv=01;35:*.cgm=01;35:*.emf=01;35:*.axv=01;35:*.anx=01;35:*.ogv=01;35:*.ogx=01;35:*.aac=00;36:*.au=00;36:*.flac=00;36:*.mid=00;36:*.midi=00;36:*.mka=00;36:*.mp3=00;36:*.mpc=00;36:*.ogg=00;36:*.ra=00;36:*.wav=00;36:*.axa=00;36:*.oga=00;36:*.spx=00;36:*.xspf=00;36:', 'LC_NUMERIC': 'C', 'GNOME_DESKTOP_SESSION_ID': 'this-is-deprecated', 'LESSOPEN': '| /usr/bin/lesspipe %s', 'CPATH': '/home/cme-intel/git/catkin_ws/devel/include:/opt/ros/indigo/include', 'USER': 'cme-intel', 'XDG_VTNR': '7', 'CMAKE_PREFIX_PATH': '/home/cme-intel/git/catkin_ws/devel:/opt/ros/indigo', 'XAUTHORITY': '/home/cme-intel/.Xauthority', 'LANGUAGE': 'en_US', 'SESSION_MANAGER': 'local/cmeintel-desktop:@/tmp/.ICE-unix/2116,unix/cmeintel-desktop:/tmp/.ICE-unix/2116', 'SHLVL': '1', 'QT_QPA_PLATFORMTHEME': 'appmenu-qt5', 'DISPLAY': ':0', 'CLUTTER_IM_MODULE': 'xim', 'WINDOWID': '58720260', 'GPG_AGENT_INFO': '/run/user/1000/keyring-Yrg7jo/gpg:0:1', 'GDMSESSION': 'ubuntu', 'PKG_CONFIG_PATH': '/home/cme-intel/git/catkin_ws/devel/lib/pkgconfig:/opt/ros/indigo/lib/x86_64-linux-gnu/pkgconfig:/opt/ros/indigo/lib/pkgconfig', 'ROS_PACKAGE_PATH': '/home/cme-intel/git/catkin_ws/src:/opt/ros/indigo/share:/opt/ros/indigo/stacks', '_': '/opt/ros/indigo/bin/roslaunch', 'GTK_IM_MODULE': 'ibus', 'XDG_CONFIG_DIRS': '/etc/xdg/xdg-ubuntu:/usr/share/upstart/xdg:/etc/xdg', 'ROBOT_ENV': 'ipa-apartment', 'ROS_MASTER_URI': 'http://localhost:11311', 'COLORTERM': 'gnome-terminal', 'LC_TIME': 'de_DE.UTF-8', 'XDG_GREETER_DATA_DIR': '/var/lib/lightdm-data/cme-intel', 'QT4_IM_MODULE': 'ibus', 'XDG_SEAT_PATH': '/org/freedesktop/DisplayManager/Seat0', 'HOME': '/home/cme-intel', 'LD_LIBRARY_PATH': '/home/cme-intel/git/catkin_ws/devel/lib:/opt/ros/indigo/lib/x86_64-linux-gnu:/opt/ros/indigo/lib', 'LANG': 'en_US.UTF-8', 'ROS_LOG_FILENAME': '/home/cme-intel/.ros/log/a25c6546-2e3a-11e6-8a9a-bc5ff47c434e/roslaunch-cmeintel-desktop-2839.log', 'LC_MONETARY': 'de_DE.UTF-8', 'SESSION': 'ubuntu', 'LC_IDENTIFICATION': 'de_DE.UTF-8', 'XDG_CURRENT_DESKTOP': 'Unity', 'LESSCLOSE': '/usr/bin/lesspipe %s %s', 'GNOME_KEYRING_PID': '1852', 'ROS_ETC_DIR': '/opt/ros/indigo/etc/ros', 'ROS_DISTRO': 'indigo', 'ROSLISP_PACKAGE_DIRECTORIES': '/home/cme-intel/git/catkin_ws/devel/share/common-lisp', 'QT_IM_MODULE': 'ibus', 'LOGNAME': 'cme-intel', 'XDG_SEAT': 'seat0', 'GNOME_KEYRING_CONTROL': '/run/user/1000/keyring-Yrg7jo', 'PATH': '/opt/ros/indigo/bin:/usr/local/sbin:/usr/local/bin:/usr/sbin:/usr/bin:/sbin:/bin:/usr/games:/usr/local/games', 'TERM': 'xterm', 'XDG_SESSION_PATH': '/org/freedesktop/DisplayManager/Session0', 'SESSIONTYPE': 'gnome-session', 'IM_CONFIG_PHASE': '1', 'GIO_LAUNCHED_DESKTOP_FILE_PID': '2809', 'GIO_LAUNCHED_DESKTOP_FILE': '/usr/share/applications/terminator.desktop', 'SSH_AUTH_SOCK': '/run/user/1000/keyring-Yrg7jo/ssh', 'TEXTDOMAINDIR': '/usr/share/locale/', 'UPSTART_SESSION': 'unix:abstract=/com/ubuntu/upstart-session/1000/1892', 'OLDPWD': '/home/cme-intel/git/catkin_ws/src/ipa_pars/ipa_pars_main', 'GDM_LANG': 'en_US', 'LC_TELEPHONE': 'de_DE.UTF-8', 'LC_MEASUREMENT': 'de_DE.UTF-8', 'PWD': '/home/cme-intel/git/catkin_ws/src/ipa_pars/ipa_pars_main/scripts'}
[roslaunch][INFO] 2016-06-09 14:08:53,255: starting in server mode
[roslaunch.parent][INFO] 2016-06-09 14:08:53,255: starting roslaunch parent run
[roslaunch][INFO] 2016-06-09 14:08:53,255: loading roscore config file /opt/ros/indigo/etc/ros/roscore.xml
[roslaunch][INFO] 2016-06-09 14:08:53,395: Added core node of type [rosout/rosout] in namespace [/]
[roslaunch.config][INFO] 2016-06-09 14:08:53,395: loading config file spawn-fac-boxes.launch
[roslaunch][INFO] 2016-06-09 14:08:53,474: Added node of type [gazebo_ros/spawn_model] in namespace [/]
[roslaunch][INFO] 2016-06-09 14:08:53,512: Added node of type [gazebo_ros/spawn_model] in namespace [/]
[roslaunch][INFO] 2016-06-09 14:08:53,512: ... selected machine [] for node of type [gazebo_ros/spawn_model]
[roslaunch][INFO] 2016-06-09 14:08:53,512: ... selected machine [] for node of type [gazebo_ros/spawn_model]
[roslaunch.pmon][INFO] 2016-06-09 14:08:53,513: start_process_monitor: creating ProcessMonitor
[roslaunch.pmon][INFO] 2016-06-09 14:08:53,513: created process monitor <ProcessMonitor(ProcessMonitor-1, initial daemon)>
[roslaunch.pmon][INFO] 2016-06-09 14:08:53,513: start_process_monitor: ProcessMonitor started
[roslaunch.parent][INFO] 2016-06-09 14:08:53,513: starting parent XML-RPC server
[roslaunch.server][INFO] 2016-06-09 14:08:53,513: starting roslaunch XML-RPC server
[roslaunch.server][INFO] 2016-06-09 14:08:53,513: waiting for roslaunch XML-RPC server to initialize
[xmlrpc][INFO] 2016-06-09 14:08:53,513: XML-RPC server binding to 0.0.0.0:0
[xmlrpc][INFO] 2016-06-09 14:08:53,513: Started XML-RPC server [http://cmeintel-desktop:46002/]
[xmlrpc][INFO] 2016-06-09 14:08:53,514: xml rpc node: starting XML-RPC server
[roslaunch][INFO] 2016-06-09 14:08:53,525: started roslaunch server http://cmeintel-desktop:46002/
[roslaunch.parent][INFO] 2016-06-09 14:08:53,525: ... parent XML-RPC server started
[roslaunch][INFO] 2016-06-09 14:08:53,525: master.is_running[http://localhost:11311]
[roslaunch][INFO] 2016-06-09 14:08:53,526: master.is_running[http://localhost:11311]
[roslaunch][INFO] 2016-06-09 14:08:53,530: ROS_MASTER_URI=http://localhost:11311
[roslaunch][INFO] 2016-06-09 14:08:53,534: setting /roslaunch/uris/host_cmeintel_desktop__46002' to http://cmeintel-desktop:46002/
[roslaunch][INFO] 2016-06-09 14:08:53,536: load_parameters starting ...
[roslaunch][INFO] 2016-06-09 14:08:53,540: ... load_parameters complete
[roslaunch][INFO] 2016-06-09 14:08:53,540: launch_nodes: launching local nodes ...
[roslaunch][INFO] 2016-06-09 14:08:53,541: ... preparing to launch node of type [gazebo_ros/spawn_model]
[roslaunch][INFO] 2016-06-09 14:08:53,541: create_node_process: package[gazebo_ros] type[spawn_model] machine[Machine(name[] env_loader[None] address[localhost] ssh_port[22] user[None] assignable[True] timeout[10.0])] master_uri[http://localhost:11311]
[roslaunch][INFO] 2016-06-09 14:08:53,541: process[spawn_the_box1-1]: env[{'ROBOT': 'cob4-2', 'LC_PAPER': 'de_DE.UTF-8', 'SHELL': '/bin/bash', 'XDG_DATA_DIRS': '/usr/share/ubuntu:/usr/share/gnome:/usr/local/share/:/usr/share/', 'MANDATORY_PATH': '/usr/share/gconf/ubuntu.mandatory.path', 'TERMINATOR_UUID': 'urn:uuid:56cf7773-ceaf-4f21-9a96-915485123e63', 'CLUTTER_IM_MODULE': 'xim', 'JOB': 'dbus', 'TEXTDOMAIN': 'im-config', 'XMODIFIERS': '@im=ibus', 'SELINUX_INIT': 'YES', 'XDG_RUNTIME_DIR': '/run/user/1000', 'LC_ADDRESS': 'de_DE.UTF-8', 'PYTHONPATH': '/home/cme-intel/git/catkin_ws/devel/lib/python2.7/dist-packages:/opt/ros/indigo/lib/python2.7/dist-packages', 'COMPIZ_BIN_PATH': '/usr/bin/', 'ROS_ROOT': '/opt/ros/indigo/share/ros', 'XDG_SESSION_ID': 'c2', 'DBUS_SESSION_BUS_ADDRESS': 'unix:abstract=/tmp/dbus-jJs6cWqVHt', 'ORBIT_SOCKETDIR': '/tmp/orbit-cme-intel', 'DEFAULTS_PATH': '/usr/share/gconf/ubuntu.default.path', 'DESKTOP_SESSION': 'ubuntu', 'GTK_MODULES': 'overlay-scrollbar:unity-gtk-module', 'INSTANCE': '', 'LC_NAME': 'de_DE.UTF-8', 'XDG_MENU_PREFIX': 'gnome-', 'LS_COLORS': 'rs=0:di=01;34:ln=01;36:mh=00:pi=40;33:so=01;35:do=01;35:bd=40;33;01:cd=40;33;01:or=40;31;01:su=37;41:sg=30;43:ca=30;41:tw=30;42:ow=34;42:st=37;44:ex=01;32:*.tar=01;31:*.tgz=01;31:*.arj=01;31:*.taz=01;31:*.lzh=01;31:*.lzma=01;31:*.tlz=01;31:*.txz=01;31:*.zip=01;31:*.z=01;31:*.Z=01;31:*.dz=01;31:*.gz=01;31:*.lz=01;31:*.xz=01;31:*.bz2=01;31:*.bz=01;31:*.tbz=01;31:*.tbz2=01;31:*.tz=01;31:*.deb=01;31:*.rpm=01;31:*.jar=01;31:*.war=01;31:*.ear=01;31:*.sar=01;31:*.rar=01;31:*.ace=01;31:*.zoo=01;31:*.cpio=01;31:*.7z=01;31:*.rz=01;31:*.jpg=01;35:*.jpeg=01;35:*.gif=01;35:*.bmp=01;35:*.pbm=01;35:*.pgm=01;35:*.ppm=01;35:*.tga=01;35:*.xbm=01;35:*.xpm=01;35:*.tif=01;35:*.tiff=01;35:*.png=01;35:*.svg=01;35:*.svgz=01;35:*.mng=01;35:*.pcx=01;35:*.mov=01;35:*.mpg=01;35:*.mpeg=01;35:*.m2v=01;35:*.mkv=01;35:*.webm=01;35:*.ogm=01;35:*.mp4=01;35:*.m4v=01;35:*.mp4v=01;35:*.vob=01;35:*.qt=01;35:*.nuv=01;35:*.wmv=01;35:*.asf=01;35:*.rm=01;35:*.rmvb=01;35:*.flc=01;35:*.avi=01;35:*.fli=01;35:*.flv=01;35:*.gl=01;35:*.dl=01;35:*.xcf=01;35:*.xwd=01;35:*.yuv=01;35:*.cgm=01;35:*.emf=01;35:*.axv=01;35:*.anx=01;35:*.ogv=01;35:*.ogx=01;35:*.aac=00;36:*.au=00;36:*.flac=00;36:*.mid=00;36:*.midi=00;36:*.mka=00;36:*.mp3=00;36:*.mpc=00;36:*.ogg=00;36:*.ra=00;36:*.wav=00;36:*.axa=00;36:*.oga=00;36:*.spx=00;36:*.xspf=00;36:', 'LC_NUMERIC': 'C', 'GNOME_DESKTOP_SESSION_ID': 'this-is-deprecated', 'LESSOPEN': '| /usr/bin/lesspipe %s', 'CPATH': '/home/cme-intel/git/catkin_ws/devel/include:/opt/ros/indigo/include', 'USER': 'cme-intel', 'XDG_VTNR': '7', 'CMAKE_PREFIX_PATH': '/home/cme-intel/git/catkin_ws/devel:/opt/ros/indigo', 'XAUTHORITY': '/home/cme-intel/.Xauthority', 'LANGUAGE': 'en_US', 'SESSION_MANAGER': 'local/cmeintel-desktop:@/tmp/.ICE-unix/2116,unix/cmeintel-desktop:/tmp/.ICE-unix/2116', 'LC_MEASUREMENT': 'de_DE.UTF-8', 'QT_QPA_PLATFORMTHEME': 'appmenu-qt5', 'ROS_LOG_FILENAME': '/home/cme-intel/.ros/log/a25c6546-2e3a-11e6-8a9a-bc5ff47c434e/roslaunch-cmeintel-desktop-2839.log', 'COMPIZ_CONFIG_PROFILE': 'ubuntu', 'WINDOWID': '58720260', 'GPG_AGENT_INFO': '/run/user/1000/keyring-Yrg7jo/gpg:0:1', 'GDMSESSION': 'ubuntu', 'XDG_SEAT_PATH': '/org/freedesktop/DisplayManager/Seat0', 'ROS_PACKAGE_PATH': '/home/cme-intel/git/catkin_ws/src:/opt/ros/indigo/share:/opt/ros/indigo/stacks', '_': '/opt/ros/indigo/bin/roslaunch', 'LC_IDENTIFICATION': 'de_DE.UTF-8', 'XDG_CONFIG_DIRS': '/etc/xdg/xdg-ubuntu:/usr/share/upstart/xdg:/etc/xdg', 'ROBOT_ENV': 'ipa-apartment', 'ROS_MASTER_URI': 'http://localhost:11311', 'COLORTERM': 'gnome-terminal', 'LC_TIME': 'de_DE.UTF-8', 'XDG_GREETER_DATA_DIR': '/var/lib/lightdm-data/cme-intel', 'QT4_IM_MODULE': 'ibus', 'PKG_CONFIG_PATH': '/home/cme-intel/git/catkin_ws/devel/lib/pkgconfig:/opt/ros/indigo/lib/x86_64-linux-gnu/pkgconfig:/opt/ros/indigo/lib/pkgconfig', 'LD_LIBRARY_PATH': '/home/cme-intel/git/catkin_ws/devel/lib:/opt/ros/indigo/lib/x86_64-linux-gnu:/opt/ros/indigo/lib', 'HOME': '/home/cme-intel', 'DISPLAY': ':0', 'LANG': 'en_US.UTF-8', 'LC_MONETARY': 'de_DE.UTF-8', 'SESSION': 'ubuntu', 'GTK_IM_MODULE': 'ibus', 'XDG_CURRENT_DESKTOP': 'Unity', 'LESSCLOSE': '/usr/bin/lesspipe %s %s', 'GNOME_KEYRING_PID': '1852', 'ROS_ETC_DIR': '/opt/ros/indigo/etc/ros', 'ROS_DISTRO': 'indigo', 'ROSLISP_PACKAGE_DIRECTORIES': '/home/cme-intel/git/catkin_ws/devel/share/common-lisp', 'QT_IM_MODULE': 'ibus', 'LOGNAME': 'cme-intel', 'XDG_SEAT': 'seat0', 'PATH': '/opt/ros/indigo/bin:/usr/local/sbin:/usr/local/bin:/usr/sbin:/usr/bin:/sbin:/bin:/usr/games:/usr/local/games', 'GNOME_KEYRING_CONTROL': '/run/user/1000/keyring-Yrg7jo', 'TERM': 'xterm', 'XDG_SESSION_PATH': '/org/freedesktop/DisplayManager/Session0', 'SESSIONTYPE': 'gnome-session', 'IM_CONFIG_PHASE': '1', 'GIO_LAUNCHED_DESKTOP_FILE_PID': '2809', 'GIO_LAUNCHED_DESKTOP_FILE': '/usr/share/applications/terminator.desktop', 'SSH_AUTH_SOCK': '/run/user/1000/keyring-Yrg7jo/ssh', 'TEXTDOMAINDIR': '/usr/share/locale/', 'UPSTART_SESSION': 'unix:abstract=/com/ubuntu/upstart-session/1000/1892', 'OLDPWD': '/home/cme-intel/git/catkin_ws/src/ipa_pars/ipa_pars_main', 'GDM_LANG': 'en_US', 'LC_TELEPHONE': 'de_DE.UTF-8', 'SHLVL': '1', 'PWD': '/home/cme-intel/git/catkin_ws/src/ipa_pars/ipa_pars_main/scripts'}]
[roslaunch][INFO] 2016-06-09 14:08:53,641: process[spawn_the_box1-1]: args[[u'/opt/ros/indigo/lib/gazebo_ros/spawn_model', '-file', '/home/cme-intel/git/catkin_ws/src/ipa_pars/ipa_pars_main/scripts/the-box-1.sdf', '-sdf', '-model', 'box1', u'__name:=spawn_the_box1']]
[roslaunch][INFO] 2016-06-09 14:08:53,642: ... created process [spawn_the_box1-1]
[roslaunch.pmon][INFO] 2016-06-09 14:08:53,642: ProcessMonitor.register[spawn_the_box1-1]
[roslaunch.pmon][INFO] 2016-06-09 14:08:53,642: ProcessMonitor.register[spawn_the_box1-1] complete
[roslaunch][INFO] 2016-06-09 14:08:53,642: ... registered process [spawn_the_box1-1]
[roslaunch][INFO] 2016-06-09 14:08:53,642: process[spawn_the_box1-1]: starting os process
[roslaunch][INFO] 2016-06-09 14:08:53,642: process[spawn_the_box1-1]: start w/ args [[u'/opt/ros/indigo/lib/gazebo_ros/spawn_model', '-file', '/home/cme-intel/git/catkin_ws/src/ipa_pars/ipa_pars_main/scripts/the-box-1.sdf', '-sdf', '-model', 'box1', u'__name:=spawn_the_box1', u'__log:=/home/cme-intel/.ros/log/a25c6546-2e3a-11e6-8a9a-bc5ff47c434e/spawn_the_box1-1.log']]
[roslaunch][INFO] 2016-06-09 14:08:53,642: process[spawn_the_box1-1]: cwd will be [/home/cme-intel/.ros]
[roslaunch][INFO] 2016-06-09 14:08:53,644: process[spawn_the_box1-1]: started with pid [2857]
[roslaunch][INFO] 2016-06-09 14:08:53,644: ... successfully launched [spawn_the_box1-1]
[roslaunch][INFO] 2016-06-09 14:08:53,645: ... preparing to launch node of type [gazebo_ros/spawn_model]
[roslaunch][INFO] 2016-06-09 14:08:53,645: create_node_process: package[gazebo_ros] type[spawn_model] machine[Machine(name[] env_loader[None] address[localhost] ssh_port[22] user[None] assignable[True] timeout[10.0])] master_uri[http://localhost:11311]
[roslaunch][INFO] 2016-06-09 14:08:53,645: process[spawn_the_box2-2]: env[{'ROBOT': 'cob4-2', 'LC_PAPER': 'de_DE.UTF-8', 'SHELL': '/bin/bash', 'XDG_DATA_DIRS': '/usr/share/ubuntu:/usr/share/gnome:/usr/local/share/:/usr/share/', 'MANDATORY_PATH': '/usr/share/gconf/ubuntu.mandatory.path', 'TERMINATOR_UUID': 'urn:uuid:56cf7773-ceaf-4f21-9a96-915485123e63', 'CLUTTER_IM_MODULE': 'xim', 'JOB': 'dbus', 'TEXTDOMAIN': 'im-config', 'XMODIFIERS': '@im=ibus', 'SELINUX_INIT': 'YES', 'XDG_RUNTIME_DIR': '/run/user/1000', 'LC_ADDRESS': 'de_DE.UTF-8', 'PYTHONPATH': '/home/cme-intel/git/catkin_ws/devel/lib/python2.7/dist-packages:/opt/ros/indigo/lib/python2.7/dist-packages', 'COMPIZ_BIN_PATH': '/usr/bin/', 'ROS_ROOT': '/opt/ros/indigo/share/ros', 'XDG_SESSION_ID': 'c2', 'DBUS_SESSION_BUS_ADDRESS': 'unix:abstract=/tmp/dbus-jJs6cWqVHt', 'ORBIT_SOCKETDIR': '/tmp/orbit-cme-intel', 'DEFAULTS_PATH': '/usr/share/gconf/ubuntu.default.path', 'DESKTOP_SESSION': 'ubuntu', 'GTK_MODULES': 'overlay-scrollbar:unity-gtk-module', 'INSTANCE': '', 'LC_NAME': 'de_DE.UTF-8', 'XDG_MENU_PREFIX': 'gnome-', 'LS_COLORS': 'rs=0:di=01;34:ln=01;36:mh=00:pi=40;33:so=01;35:do=01;35:bd=40;33;01:cd=40;33;01:or=40;31;01:su=37;41:sg=30;43:ca=30;41:tw=30;42:ow=34;42:st=37;44:ex=01;32:*.tar=01;31:*.tgz=01;31:*.arj=01;31:*.taz=01;31:*.lzh=01;31:*.lzma=01;31:*.tlz=01;31:*.txz=01;31:*.zip=01;31:*.z=01;31:*.Z=01;31:*.dz=01;31:*.gz=01;31:*.lz=01;31:*.xz=01;31:*.bz2=01;31:*.bz=01;31:*.tbz=01;31:*.tbz2=01;31:*.tz=01;31:*.deb=01;31:*.rpm=01;31:*.jar=01;31:*.war=01;31:*.ear=01;31:*.sar=01;31:*.rar=01;31:*.ace=01;31:*.zoo=01;31:*.cpio=01;31:*.7z=01;31:*.rz=01;31:*.jpg=01;35:*.jpeg=01;35:*.gif=01;35:*.bmp=01;35:*.pbm=01;35:*.pgm=01;35:*.ppm=01;35:*.tga=01;35:*.xbm=01;35:*.xpm=01;35:*.tif=01;35:*.tiff=01;35:*.png=01;35:*.svg=01;35:*.svgz=01;35:*.mng=01;35:*.pcx=01;35:*.mov=01;35:*.mpg=01;35:*.mpeg=01;35:*.m2v=01;35:*.mkv=01;35:*.webm=01;35:*.ogm=01;35:*.mp4=01;35:*.m4v=01;35:*.mp4v=01;35:*.vob=01;35:*.qt=01;35:*.nuv=01;35:*.wmv=01;35:*.asf=01;35:*.rm=01;35:*.rmvb=01;35:*.flc=01;35:*.avi=01;35:*.fli=01;35:*.flv=01;35:*.gl=01;35:*.dl=01;35:*.xcf=01;35:*.xwd=01;35:*.yuv=01;35:*.cgm=01;35:*.emf=01;35:*.axv=01;35:*.anx=01;35:*.ogv=01;35:*.ogx=01;35:*.aac=00;36:*.au=00;36:*.flac=00;36:*.mid=00;36:*.midi=00;36:*.mka=00;36:*.mp3=00;36:*.mpc=00;36:*.ogg=00;36:*.ra=00;36:*.wav=00;36:*.axa=00;36:*.oga=00;36:*.spx=00;36:*.xspf=00;36:', 'LC_NUMERIC': 'C', 'GNOME_DESKTOP_SESSION_ID': 'this-is-deprecated', 'LESSOPEN': '| /usr/bin/lesspipe %s', 'CPATH': '/home/cme-intel/git/catkin_ws/devel/include:/opt/ros/indigo/include', 'USER': 'cme-intel', 'XDG_VTNR': '7', 'CMAKE_PREFIX_PATH': '/home/cme-intel/git/catkin_ws/devel:/opt/ros/indigo', 'XAUTHORITY': '/home/cme-intel/.Xauthority', 'LANGUAGE': 'en_US', 'SESSION_MANAGER': 'local/cmeintel-desktop:@/tmp/.ICE-unix/2116,unix/cmeintel-desktop:/tmp/.ICE-unix/2116', 'LC_MEASUREMENT': 'de_DE.UTF-8', 'QT_QPA_PLATFORMTHEME': 'appmenu-qt5', 'ROS_LOG_FILENAME': '/home/cme-intel/.ros/log/a25c6546-2e3a-11e6-8a9a-bc5ff47c434e/roslaunch-cmeintel-desktop-2839.log', 'COMPIZ_CONFIG_PROFILE': 'ubuntu', 'WINDOWID': '58720260', 'GPG_AGENT_INFO': '/run/user/1000/keyring-Yrg7jo/gpg:0:1', 'GDMSESSION': 'ubuntu', 'XDG_SEAT_PATH': '/org/freedesktop/DisplayManager/Seat0', 'ROS_PACKAGE_PATH': '/home/cme-intel/git/catkin_ws/src:/opt/ros/indigo/share:/opt/ros/indigo/stacks', '_': '/opt/ros/indigo/bin/roslaunch', 'LC_IDENTIFICATION': 'de_DE.UTF-8', 'XDG_CONFIG_DIRS': '/etc/xdg/xdg-ubuntu:/usr/share/upstart/xdg:/etc/xdg', 'ROBOT_ENV': 'ipa-apartment', 'ROS_MASTER_URI': 'http://localhost:11311', 'COLORTERM': 'gnome-terminal', 'LC_TIME': 'de_DE.UTF-8', 'XDG_GREETER_DATA_DIR': '/var/lib/lightdm-data/cme-intel', 'QT4_IM_MODULE': 'ibus', 'PKG_CONFIG_PATH': '/home/cme-intel/git/catkin_ws/devel/lib/pkgconfig:/opt/ros/indigo/lib/x86_64-linux-gnu/pkgconfig:/opt/ros/indigo/lib/pkgconfig', 'LD_LIBRARY_PATH': '/home/cme-intel/git/catkin_ws/devel/lib:/opt/ros/indigo/lib/x86_64-linux-gnu:/opt/ros/indigo/lib', 'HOME': '/home/cme-intel', 'DISPLAY': ':0', 'LANG': 'en_US.UTF-8', 'LC_MONETARY': 'de_DE.UTF-8', 'SESSION': 'ubuntu', 'GTK_IM_MODULE': 'ibus', 'XDG_CURRENT_DESKTOP': 'Unity', 'LESSCLOSE': '/usr/bin/lesspipe %s %s', 'GNOME_KEYRING_PID': '1852', 'ROS_ETC_DIR': '/opt/ros/indigo/etc/ros', 'ROS_DISTRO': 'indigo', 'ROSLISP_PACKAGE_DIRECTORIES': '/home/cme-intel/git/catkin_ws/devel/share/common-lisp', 'QT_IM_MODULE': 'ibus', 'LOGNAME': 'cme-intel', 'XDG_SEAT': 'seat0', 'PATH': '/opt/ros/indigo/bin:/usr/local/sbin:/usr/local/bin:/usr/sbin:/usr/bin:/sbin:/bin:/usr/games:/usr/local/games', 'GNOME_KEYRING_CONTROL': '/run/user/1000/keyring-Yrg7jo', 'TERM': 'xterm', 'XDG_SESSION_PATH': '/org/freedesktop/DisplayManager/Session0', 'SESSIONTYPE': 'gnome-session', 'IM_CONFIG_PHASE': '1', 'GIO_LAUNCHED_DESKTOP_FILE_PID': '2809', 'GIO_LAUNCHED_DESKTOP_FILE': '/usr/share/applications/terminator.desktop', 'SSH_AUTH_SOCK': '/run/user/1000/keyring-Yrg7jo/ssh', 'TEXTDOMAINDIR': '/usr/share/locale/', 'UPSTART_SESSION': 'unix:abstract=/com/ubuntu/upstart-session/1000/1892', 'OLDPWD': '/home/cme-intel/git/catkin_ws/src/ipa_pars/ipa_pars_main', 'GDM_LANG': 'en_US', 'LC_TELEPHONE': 'de_DE.UTF-8', 'SHLVL': '1', 'PWD': '/home/cme-intel/git/catkin_ws/src/ipa_pars/ipa_pars_main/scripts'}]
[roslaunch][INFO] 2016-06-09 14:08:53,646: process[spawn_the_box2-2]: args[[u'/opt/ros/indigo/lib/gazebo_ros/spawn_model', '-file', '/home/cme-intel/git/catkin_ws/src/ipa_pars/ipa_pars_main/scripts/the-box-2.sdf', '-sdf', '-model', 'box2', u'__name:=spawn_the_box2']]
[roslaunch][INFO] 2016-06-09 14:08:53,646: ... created process [spawn_the_box2-2]
[roslaunch.pmon][INFO] 2016-06-09 14:08:53,646: ProcessMonitor.register[spawn_the_box2-2]
[roslaunch.pmon][INFO] 2016-06-09 14:08:53,646: ProcessMonitor.register[spawn_the_box2-2] complete
[roslaunch][INFO] 2016-06-09 14:08:53,646: ... registered process [spawn_the_box2-2]
[roslaunch][INFO] 2016-06-09 14:08:53,646: process[spawn_the_box2-2]: starting os process
[roslaunch][INFO] 2016-06-09 14:08:53,646: process[spawn_the_box2-2]: start w/ args [[u'/opt/ros/indigo/lib/gazebo_ros/spawn_model', '-file', '/home/cme-intel/git/catkin_ws/src/ipa_pars/ipa_pars_main/scripts/the-box-2.sdf', '-sdf', '-model', 'box2', u'__name:=spawn_the_box2', u'__log:=/home/cme-intel/.ros/log/a25c6546-2e3a-11e6-8a9a-bc5ff47c434e/spawn_the_box2-2.log']]
[roslaunch][INFO] 2016-06-09 14:08:53,646: process[spawn_the_box2-2]: cwd will be [/home/cme-intel/.ros]
[roslaunch][INFO] 2016-06-09 14:08:53,649: process[spawn_the_box2-2]: started with pid [2858]
[roslaunch][INFO] 2016-06-09 14:08:53,650: ... successfully launched [spawn_the_box2-2]
[roslaunch][INFO] 2016-06-09 14:08:53,650: ... launch_nodes complete
[roslaunch.pmon][INFO] 2016-06-09 14:08:53,650: registrations completed <ProcessMonitor(ProcessMonitor-1, started daemon 140529334236928)>
[roslaunch.parent][INFO] 2016-06-09 14:08:53,650: ... roslaunch parent running, waiting for process exit
[roslaunch][INFO] 2016-06-09 14:08:53,650: spin
[roslaunch][INFO] 2016-06-09 14:08:54,315: [spawn_the_box1-1] process has finished cleanly
log file: /home/cme-intel/.ros/log/a25c6546-2e3a-11e6-8a9a-bc5ff47c434e/spawn_the_box1-1*.log
[roslaunch.pmon][INFO] 2016-06-09 14:08:54,315: ProcessMonitor.unregister[spawn_the_box1-1] starting
[roslaunch.pmon][INFO] 2016-06-09 14:08:54,315: ProcessMonitor.unregister[spawn_the_box1-1] complete
[roslaunch][INFO] 2016-06-09 14:08:54,415: [spawn_the_box2-2] process has finished cleanly
log file: /home/cme-intel/.ros/log/a25c6546-2e3a-11e6-8a9a-bc5ff47c434e/spawn_the_box2-2*.log
[roslaunch.pmon][INFO] 2016-06-09 14:08:54,416: ProcessMonitor.unregister[spawn_the_box2-2] starting
[roslaunch.pmon][INFO] 2016-06-09 14:08:54,416: ProcessMonitor.unregister[spawn_the_box2-2] complete
[roslaunch][INFO] 2016-06-09 14:08:54,416: all processes on machine have died, roslaunch will exit
[roslaunch.pmon][INFO] 2016-06-09 14:08:54,516: ProcessMonitor._post_run <ProcessMonitor(ProcessMonitor-1, started daemon 140529334236928)>
[roslaunch.pmon][INFO] 2016-06-09 14:08:54,516: ProcessMonitor._post_run <ProcessMonitor(ProcessMonitor-1, started daemon 140529334236928)>: remaining procs are []
[roslaunch.pmon][INFO] 2016-06-09 14:08:54,518: ProcessMonitor exit: cleaning up data structures and signals
[roslaunch.pmon][INFO] 2016-06-09 14:08:54,518: ProcessMonitor exit: pmon has shutdown
[roslaunch][INFO] 2016-06-09 14:08:54,557: process monitor is done spinning, initiating full shutdown
[roslaunch][INFO] 2016-06-09 14:08:54,557: runner.stop()
[roslaunch][INFO] 2016-06-09 14:08:54,557: shutting down processing monitor...
[roslaunch][INFO] 2016-06-09 14:08:54,557: shutting down processing monitor <ProcessMonitor(ProcessMonitor-1, stopped daemon 140529334236928)>
[roslaunch.pmon][INFO] 2016-06-09 14:08:54,557: ProcessMonitor.shutdown <ProcessMonitor(ProcessMonitor-1, stopped daemon 140529334236928)>
[roslaunch][INFO] 2016-06-09 14:08:54,557: ... shutting down processing monitor complete
[roslaunch][INFO] 2016-06-09 14:08:54,557: done
[roslaunch.pmon][INFO] 2016-06-09 14:08:54,557: ProcessMonitor.shutdown <ProcessMonitor(ProcessMonitor-1, stopped daemon 140529334236928)>
[rospy.core][INFO] 2016-06-09 14:08:54,557: signal_shutdown [atexit]
