[rospy.client][INFO] 2016-06-09 14:06:54,193: init_node, name[/script_server], pid[29740]
[xmlrpc][INFO] 2016-06-09 14:06:54,193: XML-RPC server binding to 0.0.0.0:0
[xmlrpc][INFO] 2016-06-09 14:06:54,193: Started XML-RPC server [http://cmeintel-desktop:39395/]
[rospy.impl.masterslave][INFO] 2016-06-09 14:06:54,193: _ready: http://cmeintel-desktop:39395/
[rospy.init][INFO] 2016-06-09 14:06:54,193: ROS Slave URI: [http://cmeintel-desktop:39395/]
[xmlrpc][INFO] 2016-06-09 14:06:54,194: xml rpc node: starting XML-RPC server
[rospy.registration][INFO] 2016-06-09 14:06:54,194: Registering with master node http://localhost:11311
[rospy.init][INFO] 2016-06-09 14:06:54,294: registered with master
[rospy.rosout][INFO] 2016-06-09 14:06:54,294: initializing /rosout core topic
[rospy.rosout][INFO] 2016-06-09 14:06:54,299: connected to core topic /rosout
[rospy.simtime][INFO] 2016-06-09 14:06:54,302: initializing /clock core topic
[rospy.simtime][INFO] 2016-06-09 14:06:54,326: connected to core topic /clock
[rospy.internal][INFO] 2016-06-09 14:06:54,363: topic[/clock] adding connection to [http://cmeintel-desktop:36601/], count 0
[rosout][INFO] 2016-06-09 14:06:54,402: script_server is running
[rospy.internal][INFO] 2016-06-09 14:06:54,416: topic[/rosout] adding connection to [/rosout], count 0
[rospy.core][INFO] 2016-06-09 15:04:30,680: signal_shutdown [signal-2]
[rospy.internal][INFO] 2016-06-09 15:04:30,690: topic[/rosout] removing connection to /rosout
[rospy.internal][INFO] 2016-06-09 15:04:30,690: topic[/clock] removing connection to http://cmeintel-desktop:36601/
[rospy.impl.masterslave][INFO] 2016-06-09 15:04:30,690: signal-2
[rospy.internal][ERROR] 2016-06-09 15:04:30,691: Traceback (most recent call last):
  File "/opt/ros/indigo/lib/python2.7/dist-packages/rospy/impl/tcpros_base.py", line 698, in receive_once
    self.stat_bytes += recv_buff(sock, b, p.buff_size)
  File "/opt/ros/indigo/lib/python2.7/dist-packages/rospy/impl/tcpros_base.py", line 103, in recv_buff
    d = sock.recv(buff_size)
error: [Errno 104] Connection reset by peer

[rospy.core][INFO] 2016-06-09 15:04:31,182: signal_shutdown [atexit]
