[rospy.client][INFO] 2016-06-09 14:06:52,066: init_node, name[/sensorring/gazebo_services], pid[29153]
[xmlrpc][INFO] 2016-06-09 14:06:52,066: XML-RPC server binding to 0.0.0.0:0
[xmlrpc][INFO] 2016-06-09 14:06:52,066: Started XML-RPC server [http://cmeintel-desktop:46380/]
[rospy.impl.masterslave][INFO] 2016-06-09 14:06:52,066: _ready: http://cmeintel-desktop:46380/
[rospy.init][INFO] 2016-06-09 14:06:52,066: ROS Slave URI: [http://cmeintel-desktop:46380/]
[rospy.registration][INFO] 2016-06-09 14:06:52,067: Registering with master node http://localhost:11311
[xmlrpc][INFO] 2016-06-09 14:06:52,067: xml rpc node: starting XML-RPC server
[rospy.init][INFO] 2016-06-09 14:06:52,167: registered with master
[rospy.rosout][INFO] 2016-06-09 14:06:52,167: initializing /rosout core topic
[rospy.rosout][INFO] 2016-06-09 14:06:52,176: connected to core topic /rosout
[rospy.simtime][INFO] 2016-06-09 14:06:52,189: initializing /clock core topic
[rospy.simtime][INFO] 2016-06-09 14:06:52,218: connected to core topic /clock
[rospy.internal][INFO] 2016-06-09 14:06:52,481: topic[/rosout] adding connection to [/rosout], count 0
[rosout][INFO] 2016-06-09 14:06:53,269: gazebo_services running
[rospy.internal][INFO] 2016-06-09 14:06:53,409: topic[/clock] adding connection to [http://cmeintel-desktop:36601/], count 0
[rospy.core][INFO] 2016-06-09 15:04:31,184: signal_shutdown [signal-2]
[rospy.internal][INFO] 2016-06-09 15:04:31,202: topic[/rosout] removing connection to /rosout
[rospy.internal][INFO] 2016-06-09 15:04:31,202: topic[/clock] removing connection to http://cmeintel-desktop:36601/
[rospy.impl.masterslave][INFO] 2016-06-09 15:04:31,202: signal-2
[rospy.core][INFO] 2016-06-09 15:04:31,816: signal_shutdown [atexit]
