[rospy.client][INFO] 2016-06-09 14:30:37,291: init_node, name[/spawn_the_box3], pid[4411]
[xmlrpc][INFO] 2016-06-09 14:30:37,292: XML-RPC server binding to 0.0.0.0:0
[xmlrpc][INFO] 2016-06-09 14:30:37,292: Started XML-RPC server [http://cmeintel-desktop:37723/]
[rospy.impl.masterslave][INFO] 2016-06-09 14:30:37,292: _ready: http://cmeintel-desktop:37723/
[rospy.init][INFO] 2016-06-09 14:30:37,294: ROS Slave URI: [http://cmeintel-desktop:37723/]
[rospy.registration][INFO] 2016-06-09 14:30:37,294: Registering with master node http://localhost:11311
[xmlrpc][INFO] 2016-06-09 14:30:37,295: xml rpc node: starting XML-RPC server
[rospy.init][INFO] 2016-06-09 14:30:37,394: registered with master
[rospy.rosout][INFO] 2016-06-09 14:30:37,394: initializing /rosout core topic
[rospy.rosout][INFO] 2016-06-09 14:30:37,397: connected to core topic /rosout
[rospy.simtime][INFO] 2016-06-09 14:30:37,397: /use_sim_time is not set, will not subscribe to simulated time [/clock] topic
[rosout][INFO] 2016-06-09 14:30:37,400: Loading model xml from file
[rospy.core][INFO] 2016-06-09 14:30:37,400: signal_shutdown [atexit]
[rospy.impl.masterslave][INFO] 2016-06-09 14:30:37,402: atexit
[rospy.client][INFO] 2016-06-09 14:31:44,831: init_node, name[/spawn_the_box3], pid[4623]
[xmlrpc][INFO] 2016-06-09 14:31:44,831: XML-RPC server binding to 0.0.0.0:0
[xmlrpc][INFO] 2016-06-09 14:31:44,832: Started XML-RPC server [http://cmeintel-desktop:36938/]
[rospy.init][INFO] 2016-06-09 14:31:44,832: ROS Slave URI: [http://cmeintel-desktop:36938/]
[rospy.impl.masterslave][INFO] 2016-06-09 14:31:44,832: _ready: http://cmeintel-desktop:36938/
[rospy.registration][INFO] 2016-06-09 14:31:44,833: Registering with master node http://localhost:11311
[xmlrpc][INFO] 2016-06-09 14:31:44,834: xml rpc node: starting XML-RPC server
[rospy.init][INFO] 2016-06-09 14:31:44,932: registered with master
[rospy.rosout][INFO] 2016-06-09 14:31:44,932: initializing /rosout core topic
[rospy.rosout][INFO] 2016-06-09 14:31:44,935: connected to core topic /rosout
[rospy.simtime][INFO] 2016-06-09 14:31:44,936: /use_sim_time is not set, will not subscribe to simulated time [/clock] topic
[rosout][INFO] 2016-06-09 14:31:44,940: Loading model xml from file
[rosout][INFO] 2016-06-09 14:31:44,940: Waiting for service /gazebo/spawn_sdf_model
[rosout][INFO] 2016-06-09 14:31:44,941: Calling service /gazebo/spawn_sdf_model
[rospy.internal][INFO] 2016-06-09 14:31:45,331: topic[/rosout] adding connection to [/rosout], count 0
[rosout][INFO] 2016-06-09 14:31:45,393: Spawn status: SpawnModel: Successfully spawned model
[rospy.core][INFO] 2016-06-09 14:31:45,393: signal_shutdown [atexit]
[rospy.internal][INFO] 2016-06-09 14:31:45,396: topic[/rosout] removing connection to /rosout
[rospy.impl.masterslave][INFO] 2016-06-09 14:31:45,396: atexit
[rospy.client][INFO] 2016-06-09 14:35:04,597: init_node, name[/spawn_the_box3], pid[4843]
[xmlrpc][INFO] 2016-06-09 14:35:04,601: XML-RPC server binding to 0.0.0.0:0
[xmlrpc][INFO] 2016-06-09 14:35:04,601: Started XML-RPC server [http://cmeintel-desktop:42392/]
[rospy.init][INFO] 2016-06-09 14:35:04,601: ROS Slave URI: [http://cmeintel-desktop:42392/]
[rospy.impl.masterslave][INFO] 2016-06-09 14:35:04,601: _ready: http://cmeintel-desktop:42392/
[rospy.registration][INFO] 2016-06-09 14:35:04,602: Registering with master node http://localhost:11311
[xmlrpc][INFO] 2016-06-09 14:35:04,602: xml rpc node: starting XML-RPC server
[rospy.init][INFO] 2016-06-09 14:35:04,702: registered with master
[rospy.rosout][INFO] 2016-06-09 14:35:04,702: initializing /rosout core topic
[rospy.rosout][INFO] 2016-06-09 14:35:04,704: connected to core topic /rosout
[rospy.simtime][INFO] 2016-06-09 14:35:04,706: /use_sim_time is not set, will not subscribe to simulated time [/clock] topic
[rosout][INFO] 2016-06-09 14:35:04,708: Loading model xml from file
[rosout][INFO] 2016-06-09 14:35:04,708: Waiting for service /gazebo/spawn_sdf_model
[rosout][INFO] 2016-06-09 14:35:04,710: Calling service /gazebo/spawn_sdf_model
[rospy.internal][INFO] 2016-06-09 14:35:04,937: topic[/rosout] adding connection to [/rosout], count 0
[rosout][INFO] 2016-06-09 14:35:05,629: Spawn status: SpawnModel: Successfully spawned model
[rospy.core][INFO] 2016-06-09 14:35:05,629: signal_shutdown [atexit]
[rospy.internal][INFO] 2016-06-09 14:35:05,631: topic[/rosout] removing connection to /rosout
[rospy.impl.masterslave][INFO] 2016-06-09 14:35:05,631: atexit
[rospy.client][INFO] 2016-06-09 14:35:49,030: init_node, name[/spawn_the_box3], pid[5114]
[xmlrpc][INFO] 2016-06-09 14:35:49,030: XML-RPC server binding to 0.0.0.0:0
[xmlrpc][INFO] 2016-06-09 14:35:49,031: Started XML-RPC server [http://cmeintel-desktop:45915/]
[rospy.init][INFO] 2016-06-09 14:35:49,031: ROS Slave URI: [http://cmeintel-desktop:45915/]
[rospy.impl.masterslave][INFO] 2016-06-09 14:35:49,031: _ready: http://cmeintel-desktop:45915/
[rospy.registration][INFO] 2016-06-09 14:35:49,033: Registering with master node http://localhost:11311
[xmlrpc][INFO] 2016-06-09 14:35:49,033: xml rpc node: starting XML-RPC server
[rospy.init][INFO] 2016-06-09 14:35:49,132: registered with master
[rospy.rosout][INFO] 2016-06-09 14:35:49,132: initializing /rosout core topic
[rospy.rosout][INFO] 2016-06-09 14:35:49,135: connected to core topic /rosout
[rospy.simtime][INFO] 2016-06-09 14:35:49,136: /use_sim_time is not set, will not subscribe to simulated time [/clock] topic
[rosout][INFO] 2016-06-09 14:35:49,139: Loading model xml from file
[rosout][INFO] 2016-06-09 14:35:49,139: Waiting for service /gazebo/spawn_sdf_model
[rosout][INFO] 2016-06-09 14:35:49,144: Calling service /gazebo/spawn_sdf_model
[rospy.internal][INFO] 2016-06-09 14:35:49,434: topic[/rosout] adding connection to [/rosout], count 0
[rosout][INFO] 2016-06-09 14:35:49,964: Spawn status: SpawnModel: Successfully spawned model
[rospy.core][INFO] 2016-06-09 14:35:49,964: signal_shutdown [atexit]
[rospy.internal][INFO] 2016-06-09 14:35:49,968: topic[/rosout] removing connection to /rosout
[rospy.impl.masterslave][INFO] 2016-06-09 14:35:49,968: atexit
