[rospy.client][INFO] 2016-06-09 14:08:53,868: init_node, name[/spawn_the_box1], pid[2857]
[xmlrpc][INFO] 2016-06-09 14:08:53,868: XML-RPC server binding to 0.0.0.0:0
[xmlrpc][INFO] 2016-06-09 14:08:53,868: Started XML-RPC server [http://cmeintel-desktop:32915/]
[rospy.init][INFO] 2016-06-09 14:08:53,868: ROS Slave URI: [http://cmeintel-desktop:32915/]
[rospy.impl.masterslave][INFO] 2016-06-09 14:08:53,868: _ready: http://cmeintel-desktop:32915/
[rospy.registration][INFO] 2016-06-09 14:08:53,869: Registering with master node http://localhost:11311
[xmlrpc][INFO] 2016-06-09 14:08:53,869: xml rpc node: starting XML-RPC server
[rospy.init][INFO] 2016-06-09 14:08:53,969: registered with master
[rospy.rosout][INFO] 2016-06-09 14:08:53,969: initializing /rosout core topic
[rospy.rosout][INFO] 2016-06-09 14:08:53,972: connected to core topic /rosout
[rospy.simtime][INFO] 2016-06-09 14:08:53,975: /use_sim_time is not set, will not subscribe to simulated time [/clock] topic
[rosout][INFO] 2016-06-09 14:08:53,978: Loading model xml from file
[rosout][INFO] 2016-06-09 14:08:53,979: Waiting for service /gazebo/spawn_sdf_model
[rosout][INFO] 2016-06-09 14:08:53,980: Calling service /gazebo/spawn_sdf_model
[rosout][INFO] 2016-06-09 14:08:54,035: Spawn status: SpawnModel: Successfully spawned model
[rospy.core][INFO] 2016-06-09 14:08:54,091: signal_shutdown [atexit]
[rospy.impl.masterslave][INFO] 2016-06-09 14:08:54,092: atexit
[rospy.client][INFO] 2016-06-09 14:16:48,101: init_node, name[/spawn_the_box1], pid[3317]
[xmlrpc][INFO] 2016-06-09 14:16:48,102: XML-RPC server binding to 0.0.0.0:0
[xmlrpc][INFO] 2016-06-09 14:16:48,102: Started XML-RPC server [http://cmeintel-desktop:44739/]
[rospy.impl.masterslave][INFO] 2016-06-09 14:16:48,102: _ready: http://cmeintel-desktop:44739/
[rospy.init][INFO] 2016-06-09 14:16:48,102: ROS Slave URI: [http://cmeintel-desktop:44739/]
[xmlrpc][INFO] 2016-06-09 14:16:48,102: xml rpc node: starting XML-RPC server
[rospy.registration][INFO] 2016-06-09 14:16:48,103: Registering with master node http://localhost:11311
[rospy.init][INFO] 2016-06-09 14:16:48,202: registered with master
[rospy.rosout][INFO] 2016-06-09 14:16:48,202: initializing /rosout core topic
[rospy.rosout][INFO] 2016-06-09 14:16:48,205: connected to core topic /rosout
[rospy.simtime][INFO] 2016-06-09 14:16:48,207: /use_sim_time is not set, will not subscribe to simulated time [/clock] topic
[rosout][INFO] 2016-06-09 14:16:48,209: Loading model xml from file
[rosout][INFO] 2016-06-09 14:16:48,209: Waiting for service /gazebo/spawn_sdf_model
[rosout][INFO] 2016-06-09 14:16:48,213: Calling service /gazebo/spawn_sdf_model
[rosout][INFO] 2016-06-09 14:16:48,324: Spawn status: SpawnModel: Successfully spawned model
[rospy.core][INFO] 2016-06-09 14:16:48,339: signal_shutdown [atexit]
[rospy.impl.masterslave][INFO] 2016-06-09 14:16:48,344: atexit
[rospy.client][INFO] 2016-06-09 14:17:30,793: init_node, name[/spawn_the_box1], pid[3439]
[xmlrpc][INFO] 2016-06-09 14:17:30,794: XML-RPC server binding to 0.0.0.0:0
[xmlrpc][INFO] 2016-06-09 14:17:30,794: Started XML-RPC server [http://cmeintel-desktop:33743/]
[rospy.impl.masterslave][INFO] 2016-06-09 14:17:30,794: _ready: http://cmeintel-desktop:33743/
[rospy.registration][INFO] 2016-06-09 14:17:30,795: Registering with master node http://localhost:11311
[rospy.init][INFO] 2016-06-09 14:17:30,795: ROS Slave URI: [http://cmeintel-desktop:33743/]
[rospy.init][INFO] 2016-06-09 14:17:30,795: registered with master
[rospy.rosout][INFO] 2016-06-09 14:17:30,795: initializing /rosout core topic
[xmlrpc][INFO] 2016-06-09 14:17:30,795: xml rpc node: starting XML-RPC server
[rospy.rosout][INFO] 2016-06-09 14:17:30,797: connected to core topic /rosout
[rospy.simtime][INFO] 2016-06-09 14:17:30,800: /use_sim_time is not set, will not subscribe to simulated time [/clock] topic
[rosout][INFO] 2016-06-09 14:17:30,804: Loading model xml from file
[rosout][INFO] 2016-06-09 14:17:30,804: Waiting for service /gazebo/spawn_sdf_model
[rosout][INFO] 2016-06-09 14:17:30,807: Calling service /gazebo/spawn_sdf_model
[rospy.internal][INFO] 2016-06-09 14:17:31,011: topic[/rosout] adding connection to [/rosout], count 0
[rosout][INFO] 2016-06-09 14:17:31,014: Spawn status: SpawnModel: Successfully spawned model
[rospy.core][INFO] 2016-06-09 14:17:31,015: signal_shutdown [atexit]
[rospy.internal][INFO] 2016-06-09 14:17:31,017: topic[/rosout] removing connection to /rosout
[rospy.impl.masterslave][INFO] 2016-06-09 14:17:31,017: atexit
[rospy.client][INFO] 2016-06-09 14:17:57,239: init_node, name[/spawn_the_box1], pid[3556]
[xmlrpc][INFO] 2016-06-09 14:17:57,239: XML-RPC server binding to 0.0.0.0:0
[xmlrpc][INFO] 2016-06-09 14:17:57,239: Started XML-RPC server [http://cmeintel-desktop:37379/]
[rospy.init][INFO] 2016-06-09 14:17:57,239: ROS Slave URI: [http://cmeintel-desktop:37379/]
[rospy.impl.masterslave][INFO] 2016-06-09 14:17:57,240: _ready: http://cmeintel-desktop:37379/
[xmlrpc][INFO] 2016-06-09 14:17:57,240: xml rpc node: starting XML-RPC server
[rospy.registration][INFO] 2016-06-09 14:17:57,240: Registering with master node http://localhost:11311
[rospy.init][INFO] 2016-06-09 14:17:57,340: registered with master
[rospy.rosout][INFO] 2016-06-09 14:17:57,341: initializing /rosout core topic
[rospy.rosout][INFO] 2016-06-09 14:17:57,344: connected to core topic /rosout
[rospy.simtime][INFO] 2016-06-09 14:17:57,345: /use_sim_time is not set, will not subscribe to simulated time [/clock] topic
[rosout][INFO] 2016-06-09 14:17:57,347: Loading model xml from file
[rosout][INFO] 2016-06-09 14:17:57,347: Waiting for service /gazebo/spawn_sdf_model
[rosout][INFO] 2016-06-09 14:17:57,350: Calling service /gazebo/spawn_sdf_model
[rosout][INFO] 2016-06-09 14:17:57,369: Spawn status: SpawnModel: Successfully spawned model
[rospy.core][INFO] 2016-06-09 14:17:57,450: signal_shutdown [atexit]
[rospy.impl.masterslave][INFO] 2016-06-09 14:17:57,453: atexit
[rospy.client][INFO] 2016-06-09 14:18:40,136: init_node, name[/spawn_the_box1], pid[3627]
[xmlrpc][INFO] 2016-06-09 14:18:40,136: XML-RPC server binding to 0.0.0.0:0
[xmlrpc][INFO] 2016-06-09 14:18:40,136: Started XML-RPC server [http://cmeintel-desktop:35954/]
[rospy.init][INFO] 2016-06-09 14:18:40,136: ROS Slave URI: [http://cmeintel-desktop:35954/]
[rospy.impl.masterslave][INFO] 2016-06-09 14:18:40,137: _ready: http://cmeintel-desktop:35954/
[xmlrpc][INFO] 2016-06-09 14:18:40,137: xml rpc node: starting XML-RPC server
[rospy.registration][INFO] 2016-06-09 14:18:40,137: Registering with master node http://localhost:11311
[rospy.init][INFO] 2016-06-09 14:18:40,237: registered with master
[rospy.rosout][INFO] 2016-06-09 14:18:40,237: initializing /rosout core topic
[rospy.rosout][INFO] 2016-06-09 14:18:40,239: connected to core topic /rosout
[rospy.simtime][INFO] 2016-06-09 14:18:40,241: /use_sim_time is not set, will not subscribe to simulated time [/clock] topic
[rosout][INFO] 2016-06-09 14:18:40,245: Loading model xml from file
[rosout][INFO] 2016-06-09 14:18:40,245: Waiting for service /gazebo/spawn_sdf_model
[rosout][INFO] 2016-06-09 14:18:40,246: Calling service /gazebo/spawn_sdf_model
[rosout][INFO] 2016-06-09 14:18:40,252: Spawn status: SpawnModel: Failure - model already exists.
[rospy.core][INFO] 2016-06-09 14:18:40,252: signal_shutdown [atexit]
[rospy.impl.masterslave][INFO] 2016-06-09 14:18:40,254: atexit
[rospy.client][INFO] 2016-06-09 14:18:55,234: init_node, name[/spawn_the_box1], pid[3714]
[xmlrpc][INFO] 2016-06-09 14:18:55,235: XML-RPC server binding to 0.0.0.0:0
[xmlrpc][INFO] 2016-06-09 14:18:55,235: Started XML-RPC server [http://cmeintel-desktop:46137/]
[rospy.init][INFO] 2016-06-09 14:18:55,235: ROS Slave URI: [http://cmeintel-desktop:46137/]
[rospy.impl.masterslave][INFO] 2016-06-09 14:18:55,235: _ready: http://cmeintel-desktop:46137/
[rospy.registration][INFO] 2016-06-09 14:18:55,237: Registering with master node http://localhost:11311
[xmlrpc][INFO] 2016-06-09 14:18:55,237: xml rpc node: starting XML-RPC server
[rospy.init][INFO] 2016-06-09 14:18:55,335: registered with master
[rospy.rosout][INFO] 2016-06-09 14:18:55,335: initializing /rosout core topic
[rospy.rosout][INFO] 2016-06-09 14:18:55,337: connected to core topic /rosout
[rospy.simtime][INFO] 2016-06-09 14:18:55,338: /use_sim_time is not set, will not subscribe to simulated time [/clock] topic
[rosout][INFO] 2016-06-09 14:18:55,340: Loading model xml from file
[rosout][INFO] 2016-06-09 14:18:55,340: Waiting for service /gazebo/spawn_sdf_model
[rosout][INFO] 2016-06-09 14:18:55,341: Calling service /gazebo/spawn_sdf_model
[rospy.internal][INFO] 2016-06-09 14:18:55,550: topic[/rosout] adding connection to [/rosout], count 0
[rosout][INFO] 2016-06-09 14:18:55,559: Spawn status: SpawnModel: Successfully spawned model
[rospy.core][INFO] 2016-06-09 14:18:55,559: signal_shutdown [atexit]
[rospy.internal][INFO] 2016-06-09 14:18:55,561: topic[/rosout] removing connection to /rosout
[rospy.impl.masterslave][INFO] 2016-06-09 14:18:55,561: atexit
[rospy.client][INFO] 2016-06-09 14:21:26,822: init_node, name[/spawn_the_box1], pid[3865]
[xmlrpc][INFO] 2016-06-09 14:21:26,822: XML-RPC server binding to 0.0.0.0:0
[xmlrpc][INFO] 2016-06-09 14:21:26,822: Started XML-RPC server [http://cmeintel-desktop:39032/]
[rospy.init][INFO] 2016-06-09 14:21:26,822: ROS Slave URI: [http://cmeintel-desktop:39032/]
[rospy.impl.masterslave][INFO] 2016-06-09 14:21:26,822: _ready: http://cmeintel-desktop:39032/
[rospy.registration][INFO] 2016-06-09 14:21:26,824: Registering with master node http://localhost:11311
[xmlrpc][INFO] 2016-06-09 14:21:26,824: xml rpc node: starting XML-RPC server
[rospy.init][INFO] 2016-06-09 14:21:26,923: registered with master
[rospy.rosout][INFO] 2016-06-09 14:21:26,923: initializing /rosout core topic
[rospy.rosout][INFO] 2016-06-09 14:21:26,926: connected to core topic /rosout
[rospy.simtime][INFO] 2016-06-09 14:21:26,928: /use_sim_time is not set, will not subscribe to simulated time [/clock] topic
[rosout][INFO] 2016-06-09 14:21:26,933: Loading model xml from file
[rosout][INFO] 2016-06-09 14:21:26,933: Waiting for service /gazebo/spawn_sdf_model
[rosout][INFO] 2016-06-09 14:21:26,934: Calling service /gazebo/spawn_sdf_model
[rosout][INFO] 2016-06-09 14:21:26,942: Spawn status: SpawnModel: Failure - model already exists.
[rospy.core][INFO] 2016-06-09 14:21:26,942: signal_shutdown [atexit]
[rospy.impl.masterslave][INFO] 2016-06-09 14:21:26,945: atexit
[rospy.client][INFO] 2016-06-09 14:21:48,513: init_node, name[/spawn_the_box1], pid[3957]
[xmlrpc][INFO] 2016-06-09 14:21:48,514: XML-RPC server binding to 0.0.0.0:0
[xmlrpc][INFO] 2016-06-09 14:21:48,514: Started XML-RPC server [http://cmeintel-desktop:39528/]
[rospy.init][INFO] 2016-06-09 14:21:48,514: ROS Slave URI: [http://cmeintel-desktop:39528/]
[rospy.impl.masterslave][INFO] 2016-06-09 14:21:48,514: _ready: http://cmeintel-desktop:39528/
[rospy.registration][INFO] 2016-06-09 14:21:48,515: Registering with master node http://localhost:11311
[xmlrpc][INFO] 2016-06-09 14:21:48,515: xml rpc node: starting XML-RPC server
[rospy.init][INFO] 2016-06-09 14:21:48,614: registered with master
[rospy.rosout][INFO] 2016-06-09 14:21:48,615: initializing /rosout core topic
[rospy.rosout][INFO] 2016-06-09 14:21:48,623: connected to core topic /rosout
[rospy.simtime][INFO] 2016-06-09 14:21:48,624: /use_sim_time is not set, will not subscribe to simulated time [/clock] topic
[rosout][INFO] 2016-06-09 14:21:48,629: Loading model xml from file
[rosout][INFO] 2016-06-09 14:21:48,629: Waiting for service /gazebo/spawn_sdf_model
[rosout][INFO] 2016-06-09 14:21:48,631: Calling service /gazebo/spawn_sdf_model
[rospy.internal][INFO] 2016-06-09 14:21:48,919: topic[/rosout] adding connection to [/rosout], count 0
[rosout][INFO] 2016-06-09 14:21:48,992: Spawn status: SpawnModel: Successfully spawned model
[rospy.core][INFO] 2016-06-09 14:21:48,992: signal_shutdown [atexit]
[rospy.internal][INFO] 2016-06-09 14:21:48,994: topic[/rosout] removing connection to /rosout
[rospy.impl.masterslave][INFO] 2016-06-09 14:21:48,994: atexit
[rospy.client][INFO] 2016-06-09 14:24:00,271: init_node, name[/spawn_the_box1], pid[4058]
[xmlrpc][INFO] 2016-06-09 14:24:00,272: XML-RPC server binding to 0.0.0.0:0
[xmlrpc][INFO] 2016-06-09 14:24:00,272: Started XML-RPC server [http://cmeintel-desktop:43083/]
[rospy.init][INFO] 2016-06-09 14:24:00,272: ROS Slave URI: [http://cmeintel-desktop:43083/]
[rospy.impl.masterslave][INFO] 2016-06-09 14:24:00,272: _ready: http://cmeintel-desktop:43083/
[xmlrpc][INFO] 2016-06-09 14:24:00,272: xml rpc node: starting XML-RPC server
[rospy.registration][INFO] 2016-06-09 14:24:00,273: Registering with master node http://localhost:11311
[rospy.init][INFO] 2016-06-09 14:24:00,372: registered with master
[rospy.rosout][INFO] 2016-06-09 14:24:00,372: initializing /rosout core topic
[rospy.rosout][INFO] 2016-06-09 14:24:00,375: connected to core topic /rosout
[rospy.simtime][INFO] 2016-06-09 14:24:00,376: /use_sim_time is not set, will not subscribe to simulated time [/clock] topic
[rosout][INFO] 2016-06-09 14:24:00,378: Loading model xml from file
[rosout][INFO] 2016-06-09 14:24:00,378: Waiting for service /gazebo/spawn_sdf_model
[rosout][INFO] 2016-06-09 14:24:00,380: Calling service /gazebo/spawn_sdf_model
[rospy.internal][INFO] 2016-06-09 14:24:00,716: topic[/rosout] adding connection to [/rosout], count 0
[rosout][INFO] 2016-06-09 14:24:00,770: Spawn status: SpawnModel: Successfully spawned model
[rospy.core][INFO] 2016-06-09 14:24:00,770: signal_shutdown [atexit]
[rospy.internal][INFO] 2016-06-09 14:24:00,772: topic[/rosout] removing connection to /rosout
[rospy.impl.masterslave][INFO] 2016-06-09 14:24:00,773: atexit
[rospy.client][INFO] 2016-06-09 14:24:59,183: init_node, name[/spawn_the_box1], pid[4151]
[xmlrpc][INFO] 2016-06-09 14:24:59,183: XML-RPC server binding to 0.0.0.0:0
[xmlrpc][INFO] 2016-06-09 14:24:59,184: Started XML-RPC server [http://cmeintel-desktop:40529/]
[rospy.init][INFO] 2016-06-09 14:24:59,184: ROS Slave URI: [http://cmeintel-desktop:40529/]
[rospy.impl.masterslave][INFO] 2016-06-09 14:24:59,184: _ready: http://cmeintel-desktop:40529/
[rospy.registration][INFO] 2016-06-09 14:24:59,185: Registering with master node http://localhost:11311
[xmlrpc][INFO] 2016-06-09 14:24:59,185: xml rpc node: starting XML-RPC server
[rospy.init][INFO] 2016-06-09 14:24:59,285: registered with master
[rospy.rosout][INFO] 2016-06-09 14:24:59,285: initializing /rosout core topic
[rospy.rosout][INFO] 2016-06-09 14:24:59,287: connected to core topic /rosout
[rospy.simtime][INFO] 2016-06-09 14:24:59,288: /use_sim_time is not set, will not subscribe to simulated time [/clock] topic
[rosout][INFO] 2016-06-09 14:24:59,294: Loading model xml from file
[rosout][INFO] 2016-06-09 14:24:59,294: Waiting for service /gazebo/spawn_sdf_model
[rosout][INFO] 2016-06-09 14:24:59,296: Calling service /gazebo/spawn_sdf_model
[rosout][INFO] 2016-06-09 14:24:59,346: Spawn status: SpawnModel: Successfully spawned model
[rospy.core][INFO] 2016-06-09 14:24:59,414: signal_shutdown [atexit]
[rospy.impl.masterslave][INFO] 2016-06-09 14:24:59,416: atexit
[rospy.client][INFO] 2016-06-09 14:30:37,280: init_node, name[/spawn_the_box1], pid[4409]
[xmlrpc][INFO] 2016-06-09 14:30:37,280: XML-RPC server binding to 0.0.0.0:0
[xmlrpc][INFO] 2016-06-09 14:30:37,280: Started XML-RPC server [http://cmeintel-desktop:44651/]
[rospy.init][INFO] 2016-06-09 14:30:37,280: ROS Slave URI: [http://cmeintel-desktop:44651/]
[rospy.impl.masterslave][INFO] 2016-06-09 14:30:37,280: _ready: http://cmeintel-desktop:44651/
[rospy.registration][INFO] 2016-06-09 14:30:37,281: Registering with master node http://localhost:11311
[xmlrpc][INFO] 2016-06-09 14:30:37,281: xml rpc node: starting XML-RPC server
[rospy.init][INFO] 2016-06-09 14:30:37,380: registered with master
[rospy.rosout][INFO] 2016-06-09 14:30:37,381: initializing /rosout core topic
[rospy.rosout][INFO] 2016-06-09 14:30:37,383: connected to core topic /rosout
[rospy.simtime][INFO] 2016-06-09 14:30:37,384: /use_sim_time is not set, will not subscribe to simulated time [/clock] topic
[rosout][INFO] 2016-06-09 14:30:37,386: Loading model xml from file
[rosout][INFO] 2016-06-09 14:30:37,386: Waiting for service /gazebo/spawn_sdf_model
[rosout][INFO] 2016-06-09 14:30:37,388: Calling service /gazebo/spawn_sdf_model
[rospy.internal][INFO] 2016-06-09 14:30:37,701: topic[/rosout] adding connection to [/rosout], count 0
[rosout][INFO] 2016-06-09 14:30:37,721: Spawn status: SpawnModel: Successfully spawned model
[rospy.core][INFO] 2016-06-09 14:30:37,721: signal_shutdown [atexit]
[rospy.internal][INFO] 2016-06-09 14:30:37,724: topic[/rosout] removing connection to /rosout
[rospy.impl.masterslave][INFO] 2016-06-09 14:30:37,724: atexit
[rospy.client][INFO] 2016-06-09 14:31:44,885: init_node, name[/spawn_the_box1], pid[4621]
[xmlrpc][INFO] 2016-06-09 14:31:44,885: XML-RPC server binding to 0.0.0.0:0
[xmlrpc][INFO] 2016-06-09 14:31:44,886: Started XML-RPC server [http://cmeintel-desktop:35711/]
[rospy.init][INFO] 2016-06-09 14:31:44,886: ROS Slave URI: [http://cmeintel-desktop:35711/]
[rospy.impl.masterslave][INFO] 2016-06-09 14:31:44,886: _ready: http://cmeintel-desktop:35711/
[rospy.registration][INFO] 2016-06-09 14:31:44,886: Registering with master node http://localhost:11311
[xmlrpc][INFO] 2016-06-09 14:31:44,887: xml rpc node: starting XML-RPC server
[rospy.init][INFO] 2016-06-09 14:31:44,986: registered with master
[rospy.rosout][INFO] 2016-06-09 14:31:44,986: initializing /rosout core topic
[rospy.rosout][INFO] 2016-06-09 14:31:44,988: connected to core topic /rosout
[rospy.simtime][INFO] 2016-06-09 14:31:44,990: /use_sim_time is not set, will not subscribe to simulated time [/clock] topic
[rosout][INFO] 2016-06-09 14:31:44,992: Loading model xml from file
[rosout][INFO] 2016-06-09 14:31:44,993: Waiting for service /gazebo/spawn_sdf_model
[rosout][INFO] 2016-06-09 14:31:44,994: Calling service /gazebo/spawn_sdf_model
[rospy.internal][INFO] 2016-06-09 14:31:45,331: topic[/rosout] adding connection to [/rosout], count 0
[rosout][INFO] 2016-06-09 14:31:45,601: Spawn status: SpawnModel: Successfully spawned model
[rospy.core][INFO] 2016-06-09 14:31:45,602: signal_shutdown [atexit]
[rospy.internal][INFO] 2016-06-09 14:31:45,604: topic[/rosout] removing connection to /rosout
[rospy.impl.masterslave][INFO] 2016-06-09 14:31:45,605: atexit
[rospy.client][INFO] 2016-06-09 14:35:04,587: init_node, name[/spawn_the_box1], pid[4841]
[xmlrpc][INFO] 2016-06-09 14:35:04,587: XML-RPC server binding to 0.0.0.0:0
[xmlrpc][INFO] 2016-06-09 14:35:04,588: Started XML-RPC server [http://cmeintel-desktop:43156/]
[rospy.impl.masterslave][INFO] 2016-06-09 14:35:04,588: _ready: http://cmeintel-desktop:43156/
[rospy.init][INFO] 2016-06-09 14:35:04,588: ROS Slave URI: [http://cmeintel-desktop:43156/]
[rospy.registration][INFO] 2016-06-09 14:35:04,592: Registering with master node http://localhost:11311
[xmlrpc][INFO] 2016-06-09 14:35:04,593: xml rpc node: starting XML-RPC server
[rospy.init][INFO] 2016-06-09 14:35:04,689: registered with master
[rospy.rosout][INFO] 2016-06-09 14:35:04,689: initializing /rosout core topic
[rospy.rosout][INFO] 2016-06-09 14:35:04,691: connected to core topic /rosout
[rospy.simtime][INFO] 2016-06-09 14:35:04,692: /use_sim_time is not set, will not subscribe to simulated time [/clock] topic
[rosout][INFO] 2016-06-09 14:35:04,695: Loading model xml from file
[rosout][INFO] 2016-06-09 14:35:04,696: Waiting for service /gazebo/spawn_sdf_model
[rosout][INFO] 2016-06-09 14:35:04,697: Calling service /gazebo/spawn_sdf_model
[rospy.internal][INFO] 2016-06-09 14:35:04,936: topic[/rosout] adding connection to [/rosout], count 0
[rosout][INFO] 2016-06-09 14:35:05,422: Spawn status: SpawnModel: Successfully spawned model
[rospy.core][INFO] 2016-06-09 14:35:05,422: signal_shutdown [atexit]
[rospy.internal][INFO] 2016-06-09 14:35:05,424: topic[/rosout] removing connection to /rosout
[rospy.impl.masterslave][INFO] 2016-06-09 14:35:05,425: atexit
[rospy.client][INFO] 2016-06-09 14:35:48,900: init_node, name[/spawn_the_box1], pid[5112]
[xmlrpc][INFO] 2016-06-09 14:35:48,902: XML-RPC server binding to 0.0.0.0:0
[xmlrpc][INFO] 2016-06-09 14:35:48,902: Started XML-RPC server [http://cmeintel-desktop:37205/]
[rospy.impl.masterslave][INFO] 2016-06-09 14:35:48,902: _ready: http://cmeintel-desktop:37205/
[rospy.init][INFO] 2016-06-09 14:35:48,902: ROS Slave URI: [http://cmeintel-desktop:37205/]
[rospy.registration][INFO] 2016-06-09 14:35:48,903: Registering with master node http://localhost:11311
[xmlrpc][INFO] 2016-06-09 14:35:48,903: xml rpc node: starting XML-RPC server
[rospy.init][INFO] 2016-06-09 14:35:49,003: registered with master
[rospy.rosout][INFO] 2016-06-09 14:35:49,003: initializing /rosout core topic
[rospy.rosout][INFO] 2016-06-09 14:35:49,004: connected to core topic /rosout
[rospy.simtime][INFO] 2016-06-09 14:35:49,007: /use_sim_time is not set, will not subscribe to simulated time [/clock] topic
[rosout][INFO] 2016-06-09 14:35:49,011: Loading model xml from file
[rosout][INFO] 2016-06-09 14:35:49,011: Waiting for service /gazebo/spawn_sdf_model
[rosout][INFO] 2016-06-09 14:35:49,012: Calling service /gazebo/spawn_sdf_model
[rospy.internal][INFO] 2016-06-09 14:35:49,130: topic[/rosout] adding connection to [/rosout], count 0
[rosout][INFO] 2016-06-09 14:35:49,329: Spawn status: SpawnModel: Successfully spawned model
[rospy.core][INFO] 2016-06-09 14:35:49,329: signal_shutdown [atexit]
[rospy.internal][INFO] 2016-06-09 14:35:49,331: topic[/rosout] removing connection to /rosout
[rospy.impl.masterslave][INFO] 2016-06-09 14:35:49,331: atexit
