[rospy.client][INFO] 2016-06-09 14:06:52,091: init_node, name[/torso/gazebo_services], pid[29028]
[xmlrpc][INFO] 2016-06-09 14:06:52,092: XML-RPC server binding to 0.0.0.0:0
[xmlrpc][INFO] 2016-06-09 14:06:52,092: Started XML-RPC server [http://cmeintel-desktop:40048/]
[rospy.impl.masterslave][INFO] 2016-06-09 14:06:52,092: _ready: http://cmeintel-desktop:40048/
[rospy.registration][INFO] 2016-06-09 14:06:52,093: Registering with master node http://localhost:11311
[xmlrpc][INFO] 2016-06-09 14:06:52,093: xml rpc node: starting XML-RPC server
[rospy.init][INFO] 2016-06-09 14:06:52,094: ROS Slave URI: [http://cmeintel-desktop:40048/]
[rospy.init][INFO] 2016-06-09 14:06:52,094: registered with master
[rospy.rosout][INFO] 2016-06-09 14:06:52,094: initializing /rosout core topic
[rospy.rosout][INFO] 2016-06-09 14:06:52,105: connected to core topic /rosout
[rospy.simtime][INFO] 2016-06-09 14:06:52,116: initializing /clock core topic
[rospy.simtime][INFO] 2016-06-09 14:06:52,145: connected to core topic /clock
[rospy.internal][INFO] 2016-06-09 14:06:52,359: topic[/rosout] adding connection to [/rosout], count 0
[rospy.internal][INFO] 2016-06-09 14:06:53,433: topic[/clock] adding connection to [http://cmeintel-desktop:36601/], count 0
[rosout][INFO] 2016-06-09 14:06:54,378: gazebo_services running
[rospy.core][INFO] 2016-06-09 15:04:31,383: signal_shutdown [signal-2]
[rospy.internal][INFO] 2016-06-09 15:04:31,386: topic[/rosout] removing connection to /rosout
[rospy.internal][INFO] 2016-06-09 15:04:31,386: topic[/clock] removing connection to http://cmeintel-desktop:36601/
[rospy.impl.masterslave][INFO] 2016-06-09 15:04:31,387: signal-2
[rospy.core][INFO] 2016-06-09 15:04:31,495: signal_shutdown [atexit]
