[rospy.client][INFO] 2016-06-08 20:17:01,928: init_node, name[/arm_left/gazebo_services], pid[11034]
[xmlrpc][INFO] 2016-06-08 20:17:01,928: XML-RPC server binding to 0.0.0.0:0
[xmlrpc][INFO] 2016-06-08 20:17:01,928: Started XML-RPC server [http://cmeintel-desktop:35109/]
[rospy.impl.masterslave][INFO] 2016-06-08 20:17:01,928: _ready: http://cmeintel-desktop:35109/
[rospy.registration][INFO] 2016-06-08 20:17:01,929: Registering with master node http://localhost:11311
[xmlrpc][INFO] 2016-06-08 20:17:01,929: xml rpc node: starting XML-RPC server
[rospy.init][INFO] 2016-06-08 20:17:01,933: ROS Slave URI: [http://cmeintel-desktop:35109/]
[rospy.init][INFO] 2016-06-08 20:17:01,933: registered with master
[rospy.rosout][INFO] 2016-06-08 20:17:01,933: initializing /rosout core topic
[rospy.rosout][INFO] 2016-06-08 20:17:01,951: connected to core topic /rosout
[rospy.simtime][INFO] 2016-06-08 20:17:01,994: initializing /clock core topic
[rospy.simtime][INFO] 2016-06-08 20:17:02,018: connected to core topic /clock
[rospy.internal][INFO] 2016-06-08 20:17:02,284: topic[/rosout] adding connection to [/rosout], count 0
[rosout][INFO] 2016-06-08 20:17:03,054: gazebo_services running
[rospy.internal][INFO] 2016-06-08 20:17:04,622: topic[/clock] adding connection to [http://cmeintel-desktop:43625/], count 0
[rospy.core][INFO] 2016-06-08 20:17:33,057: signal_shutdown [signal-2]
[rospy.internal][INFO] 2016-06-08 20:17:33,062: topic[/rosout] removing connection to /rosout
[rospy.internal][INFO] 2016-06-08 20:17:33,062: topic[/clock] removing connection to http://cmeintel-desktop:43625/
[rospy.impl.masterslave][INFO] 2016-06-08 20:17:33,062: signal-2
[rospy.core][INFO] 2016-06-08 20:17:33,178: signal_shutdown [atexit]
