[rospy.client][INFO] 2016-06-08 20:17:02,611: init_node, name[/dashboard_aggregator], pid[11443]
[xmlrpc][INFO] 2016-06-08 20:17:02,614: XML-RPC server binding to 0.0.0.0:0
[xmlrpc][INFO] 2016-06-08 20:17:02,614: Started XML-RPC server [http://cmeintel-desktop:38539/]
[rospy.impl.masterslave][INFO] 2016-06-08 20:17:02,614: _ready: http://cmeintel-desktop:38539/
[rospy.registration][INFO] 2016-06-08 20:17:02,614: Registering with master node http://localhost:11311
[xmlrpc][INFO] 2016-06-08 20:17:02,615: xml rpc node: starting XML-RPC server
[rospy.init][INFO] 2016-06-08 20:17:02,621: ROS Slave URI: [http://cmeintel-desktop:38539/]
[rospy.init][INFO] 2016-06-08 20:17:02,622: registered with master
[rospy.rosout][INFO] 2016-06-08 20:17:02,622: initializing /rosout core topic
[rospy.rosout][INFO] 2016-06-08 20:17:02,824: connected to core topic /rosout
[rospy.simtime][INFO] 2016-06-08 20:17:02,837: initializing /clock core topic
[rospy.simtime][INFO] 2016-06-08 20:17:02,849: connected to core topic /clock
[rospy.internal][INFO] 2016-06-08 20:17:03,091: topic[/rosout] adding connection to [/rosout], count 0
[rospy.internal][INFO] 2016-06-08 20:17:04,644: topic[/clock] adding connection to [http://cmeintel-desktop:43625/], count 0
[rospy.internal][INFO] 2016-06-08 20:17:05,708: topic[/diagnostics_toplevel_state] adding connection to [http://cmeintel-desktop:35801/], count 0
[rospy.internal][INFO] 2016-06-08 20:17:05,708: topic[/emergency_stop_state] adding connection to [http://cmeintel-desktop:33382/], count 0
[rospy.core][INFO] 2016-06-08 20:17:32,451: signal_shutdown [signal-2]
[rospy.internal][INFO] 2016-06-08 20:17:32,462: topic[/rosout] removing connection to /rosout
[rospy.internal][INFO] 2016-06-08 20:17:32,462: topic[/diagnostics_toplevel_state] removing connection to http://cmeintel-desktop:35801/
[rospy.internal][INFO] 2016-06-08 20:17:32,463: topic[/clock] removing connection to http://cmeintel-desktop:43625/
[rospy.internal][INFO] 2016-06-08 20:17:32,463: topic[/emergency_stop_state] removing connection to http://cmeintel-desktop:33382/
[rospy.impl.masterslave][INFO] 2016-06-08 20:17:32,463: signal-2
[rospy.internal][WARNING] 2016-06-08 20:17:32,555: Unknown error initiating TCP/IP socket to cmeintel-desktop:33117 (http://cmeintel-desktop:35801/): Traceback (most recent call last):
  File "/opt/ros/indigo/lib/python2.7/dist-packages/rospy/impl/tcpros_base.py", line 557, in connect
    self.read_header()
  File "/opt/ros/indigo/lib/python2.7/dist-packages/rospy/impl/tcpros_base.py", line 619, in read_header
    self._validate_header(read_ros_handshake_header(sock, self.read_buff, self.protocol.buff_size))
  File "/opt/ros/indigo/lib/python2.7/dist-packages/rosgraph/network.py", line 365, in read_ros_handshake_header
    raise ROSHandshakeException("connection from sender terminated before handshake header received. %s bytes were received. Please check sender for additional details."%b.tell())
ROSHandshakeException: connection from sender terminated before handshake header received. 0 bytes were received. Please check sender for additional details.

[rospy.core][INFO] 2016-06-08 20:17:32,661: signal_shutdown [atexit]
