[rospy.client][INFO] 2016-06-08 20:17:02,334: init_node, name[/gripper_right/gazebo_services], pid[11300]
[xmlrpc][INFO] 2016-06-08 20:17:02,334: XML-RPC server binding to 0.0.0.0:0
[xmlrpc][INFO] 2016-06-08 20:17:02,334: Started XML-RPC server [http://cmeintel-desktop:34464/]
[rospy.init][INFO] 2016-06-08 20:17:02,334: ROS Slave URI: [http://cmeintel-desktop:34464/]
[rospy.impl.masterslave][INFO] 2016-06-08 20:17:02,335: _ready: http://cmeintel-desktop:34464/
[xmlrpc][INFO] 2016-06-08 20:17:02,335: xml rpc node: starting XML-RPC server
[rospy.registration][INFO] 2016-06-08 20:17:02,338: Registering with master node http://localhost:11311
[rospy.init][INFO] 2016-06-08 20:17:02,435: registered with master
[rospy.rosout][INFO] 2016-06-08 20:17:02,435: initializing /rosout core topic
[rospy.rosout][INFO] 2016-06-08 20:17:02,441: connected to core topic /rosout
[rospy.simtime][INFO] 2016-06-08 20:17:02,470: initializing /clock core topic
[rospy.simtime][INFO] 2016-06-08 20:17:02,486: connected to core topic /clock
[rosout][INFO] 2016-06-08 20:17:02,549: gazebo_services running
[rospy.internal][INFO] 2016-06-08 20:17:02,673: topic[/rosout] adding connection to [/rosout], count 0
[rospy.internal][INFO] 2016-06-08 20:17:04,818: topic[/clock] adding connection to [http://cmeintel-desktop:43625/], count 0
[rospy.core][INFO] 2016-06-08 20:17:32,454: signal_shutdown [signal-2]
[rospy.internal][INFO] 2016-06-08 20:17:32,460: topic[/rosout] removing connection to /rosout
[rospy.internal][INFO] 2016-06-08 20:17:32,460: topic[/clock] removing connection to http://cmeintel-desktop:43625/
[rospy.impl.masterslave][INFO] 2016-06-08 20:17:32,460: signal-2
[rospy.core][INFO] 2016-06-08 20:17:32,592: signal_shutdown [atexit]
