[rospy.client][INFO] 2016-06-08 20:17:02,354: init_node, name[/gripper_left/gazebo_services], pid[11263]
[xmlrpc][INFO] 2016-06-08 20:17:02,356: XML-RPC server binding to 0.0.0.0:0
[xmlrpc][INFO] 2016-06-08 20:17:02,356: Started XML-RPC server [http://cmeintel-desktop:42427/]
[rospy.impl.masterslave][INFO] 2016-06-08 20:17:02,356: _ready: http://cmeintel-desktop:42427/
[rospy.init][INFO] 2016-06-08 20:17:02,358: ROS Slave URI: [http://cmeintel-desktop:42427/]
[rospy.registration][INFO] 2016-06-08 20:17:02,361: Registering with master node http://localhost:11311
[xmlrpc][INFO] 2016-06-08 20:17:02,361: xml rpc node: starting XML-RPC server
[rospy.init][INFO] 2016-06-08 20:17:02,458: registered with master
[rospy.rosout][INFO] 2016-06-08 20:17:02,458: initializing /rosout core topic
[rospy.rosout][INFO] 2016-06-08 20:17:02,476: connected to core topic /rosout
[rospy.simtime][INFO] 2016-06-08 20:17:02,485: initializing /clock core topic
[rospy.simtime][INFO] 2016-06-08 20:17:02,502: connected to core topic /clock
[rosout][INFO] 2016-06-08 20:17:02,564: gazebo_services running
[rospy.internal][INFO] 2016-06-08 20:17:02,776: topic[/rosout] adding connection to [/rosout], count 0
[rospy.internal][INFO] 2016-06-08 20:17:04,642: topic[/clock] adding connection to [http://cmeintel-desktop:43625/], count 0
[rospy.core][INFO] 2016-06-08 20:17:32,656: signal_shutdown [signal-2]
[rospy.internal][INFO] 2016-06-08 20:17:32,661: topic[/rosout] removing connection to /rosout
[rospy.internal][INFO] 2016-06-08 20:17:32,665: topic[/clock] removing connection to http://cmeintel-desktop:43625/
[rospy.impl.masterslave][INFO] 2016-06-08 20:17:32,665: signal-2
[rospy.core][INFO] 2016-06-08 20:17:33,282: signal_shutdown [atexit]
