[rospy.client][INFO] 2016-06-08 20:17:01,702: init_node, name[/relayboard_node], pid[10887]
[xmlrpc][INFO] 2016-06-08 20:17:01,702: XML-RPC server binding to 0.0.0.0:0
[xmlrpc][INFO] 2016-06-08 20:17:01,703: Started XML-RPC server [http://cmeintel-desktop:33382/]
[rospy.impl.masterslave][INFO] 2016-06-08 20:17:01,703: _ready: http://cmeintel-desktop:33382/
[rospy.registration][INFO] 2016-06-08 20:17:01,703: Registering with master node http://localhost:11311
[xmlrpc][INFO] 2016-06-08 20:17:01,703: xml rpc node: starting XML-RPC server
[rospy.init][INFO] 2016-06-08 20:17:01,704: ROS Slave URI: [http://cmeintel-desktop:33382/]
[rospy.init][INFO] 2016-06-08 20:17:01,705: registered with master
[rospy.rosout][INFO] 2016-06-08 20:17:01,705: initializing /rosout core topic
[rospy.rosout][INFO] 2016-06-08 20:17:01,735: connected to core topic /rosout
[rospy.simtime][INFO] 2016-06-08 20:17:01,739: initializing /clock core topic
[rospy.simtime][INFO] 2016-06-08 20:17:01,803: connected to core topic /clock
[rospy.internal][INFO] 2016-06-08 20:17:01,978: topic[/rosout] adding connection to [/rosout], count 0
[rospy.internal][INFO] 2016-06-08 20:17:04,585: topic[/clock] adding connection to [http://cmeintel-desktop:43625/], count 0
[rospy.internal][INFO] 2016-06-08 20:17:05,709: topic[/emergency_stop_state] adding connection to [/dashboard_aggregator], count 0
[rospy.core][INFO] 2016-06-08 20:17:33,264: signal_shutdown [signal-2]
[rospy.internal][INFO] 2016-06-08 20:17:33,268: topic[/emergency_stop_state] removing connection to /dashboard_aggregator
[rospy.internal][INFO] 2016-06-08 20:17:33,268: topic[/rosout] removing connection to /rosout
[rospy.internal][WARNING] 2016-06-08 20:17:33,269: Unknown error initiating TCP/IP socket to cmeintel-desktop:49230 (http://cmeintel-desktop:43625/): Traceback (most recent call last):
  File "/opt/ros/indigo/lib/python2.7/dist-packages/rospy/impl/tcpros_base.py", line 558, in connect
    self.local_endpoint = self.socket.getsockname()
AttributeError: 'NoneType' object has no attribute 'getsockname'

[rospy.internal][INFO] 2016-06-08 20:17:33,268: topic[/clock] removing connection to http://cmeintel-desktop:43625/
[rospy.impl.masterslave][INFO] 2016-06-08 20:17:33,269: signal-2
[rospy.core][INFO] 2016-06-08 20:17:33,662: signal_shutdown [atexit]
