[rospy.client][INFO] 2016-06-08 20:17:03,791: init_node, name[/script_server], pid[11480]
[xmlrpc][INFO] 2016-06-08 20:17:03,791: XML-RPC server binding to 0.0.0.0:0
[xmlrpc][INFO] 2016-06-08 20:17:03,792: Started XML-RPC server [http://cmeintel-desktop:38015/]
[rospy.init][INFO] 2016-06-08 20:17:03,792: ROS Slave URI: [http://cmeintel-desktop:38015/]
[rospy.impl.masterslave][INFO] 2016-06-08 20:17:03,792: _ready: http://cmeintel-desktop:38015/
[rospy.registration][INFO] 2016-06-08 20:17:03,794: Registering with master node http://localhost:11311
[xmlrpc][INFO] 2016-06-08 20:17:03,794: xml rpc node: starting XML-RPC server
[rospy.init][INFO] 2016-06-08 20:17:03,892: registered with master
[rospy.rosout][INFO] 2016-06-08 20:17:03,892: initializing /rosout core topic
[rospy.rosout][INFO] 2016-06-08 20:17:03,894: connected to core topic /rosout
[rospy.simtime][INFO] 2016-06-08 20:17:03,894: initializing /clock core topic
[rospy.simtime][INFO] 2016-06-08 20:17:03,896: connected to core topic /clock
[rosout][INFO] 2016-06-08 20:17:03,906: script_server is running
[rospy.internal][INFO] 2016-06-08 20:17:04,143: topic[/rosout] adding connection to [/rosout], count 0
[rospy.internal][INFO] 2016-06-08 20:17:05,618: topic[/clock] adding connection to [http://cmeintel-desktop:43625/], count 0
[rospy.core][INFO] 2016-06-08 20:17:32,449: signal_shutdown [signal-2]
[rospy.internal][INFO] 2016-06-08 20:17:32,453: topic[/rosout] removing connection to /rosout
[rospy.internal][INFO] 2016-06-08 20:17:32,453: topic[/clock] removing connection to http://cmeintel-desktop:43625/
[rospy.topics][ERROR] 2016-06-08 20:17:32,453: Traceback (most recent call last):
  File "/opt/ros/indigo/lib/python2.7/dist-packages/rospy/topics.py", line 307, in close
    c.close()
  File "/opt/ros/indigo/lib/python2.7/dist-packages/rospy/impl/tcpros_base.py", line 807, in close
    self.socket.close()
AttributeError: 'NoneType' object has no attribute 'close'

[rospy.impl.masterslave][INFO] 2016-06-08 20:17:32,454: signal-2
[rospy.internal][WARNING] 2016-06-08 20:17:32,454: Unknown error initiating TCP/IP socket to cmeintel-desktop:49230 (http://cmeintel-desktop:43625/): Traceback (most recent call last):
  File "/opt/ros/indigo/lib/python2.7/dist-packages/rospy/impl/tcpros_base.py", line 557, in connect
    self.read_header()
  File "/opt/ros/indigo/lib/python2.7/dist-packages/rospy/impl/tcpros_base.py", line 619, in read_header
    self._validate_header(read_ros_handshake_header(sock, self.read_buff, self.protocol.buff_size))
AttributeError: 'NoneType' object has no attribute 'buff_size'

[rospy.core][INFO] 2016-06-08 20:17:32,662: signal_shutdown [atexit]
