[rospy.client][INFO] 2016-06-08 20:17:01,894: init_node, name[/spawn_gazebo_model], pid[10727]
[xmlrpc][INFO] 2016-06-08 20:17:01,898: XML-RPC server binding to 0.0.0.0:0
[xmlrpc][INFO] 2016-06-08 20:17:01,899: Started XML-RPC server [http://cmeintel-desktop:45165/]
[rospy.impl.masterslave][INFO] 2016-06-08 20:17:01,899: _ready: http://cmeintel-desktop:45165/
[rospy.init][INFO] 2016-06-08 20:17:01,899: ROS Slave URI: [http://cmeintel-desktop:45165/]
[rospy.registration][INFO] 2016-06-08 20:17:01,900: Registering with master node http://localhost:11311
[xmlrpc][INFO] 2016-06-08 20:17:01,900: xml rpc node: starting XML-RPC server
[rospy.init][INFO] 2016-06-08 20:17:02,000: registered with master
[rospy.rosout][INFO] 2016-06-08 20:17:02,000: initializing /rosout core topic
[rospy.rosout][INFO] 2016-06-08 20:17:02,016: connected to core topic /rosout
[rospy.simtime][INFO] 2016-06-08 20:17:02,022: initializing /clock core topic
[rospy.simtime][INFO] 2016-06-08 20:17:02,078: connected to core topic /clock
[rosout][INFO] 2016-06-08 20:17:02,101: Loading model xml from ros parameter
[rosout][INFO] 2016-06-08 20:17:02,144: Waiting for service /gazebo/spawn_urdf_model
[rospy.internal][INFO] 2016-06-08 20:17:02,285: topic[/rosout] adding connection to [/rosout], count 0
[rospy.internal][INFO] 2016-06-08 20:17:04,587: topic[/clock] adding connection to [http://cmeintel-desktop:43625/], count 0
[rosout][INFO] 2016-06-08 20:17:04,599: Calling service /gazebo/spawn_urdf_model
[rosout][INFO] 2016-06-08 20:17:07,425: Spawn status: SpawnModel: Successfully spawned model
[rospy.core][INFO] 2016-06-08 20:17:07,425: signal_shutdown [atexit]
[rospy.internal][INFO] 2016-06-08 20:17:07,427: topic[/rosout] removing connection to /rosout
[rospy.internal][INFO] 2016-06-08 20:17:07,427: topic[/clock] removing connection to http://cmeintel-desktop:43625/
[rospy.impl.masterslave][INFO] 2016-06-08 20:17:07,427: atexit
