[rospy.client][INFO] 2016-06-09 15:23:26,072: init_node, name[/arm_left/gazebo_services], pid[6912]
[xmlrpc][INFO] 2016-06-09 15:23:26,072: XML-RPC server binding to 0.0.0.0:0
[rospy.init][INFO] 2016-06-09 15:23:26,073: ROS Slave URI: [http://cmeintel-desktop:46199/]
[xmlrpc][INFO] 2016-06-09 15:23:26,073: Started XML-RPC server [http://cmeintel-desktop:46199/]
[rospy.impl.masterslave][INFO] 2016-06-09 15:23:26,073: _ready: http://cmeintel-desktop:46199/
[xmlrpc][INFO] 2016-06-09 15:23:26,093: xml rpc node: starting XML-RPC server
[rospy.registration][INFO] 2016-06-09 15:23:26,093: Registering with master node http://localhost:11311
[rospy.init][INFO] 2016-06-09 15:23:26,173: registered with master
[rospy.rosout][INFO] 2016-06-09 15:23:26,173: initializing /rosout core topic
[rospy.rosout][INFO] 2016-06-09 15:23:26,189: connected to core topic /rosout
[rospy.simtime][INFO] 2016-06-09 15:23:26,192: initializing /clock core topic
[rospy.simtime][INFO] 2016-06-09 15:23:26,208: connected to core topic /clock
[rosout][INFO] 2016-06-09 15:23:26,276: gazebo_services running
[rospy.internal][INFO] 2016-06-09 15:23:26,449: topic[/rosout] adding connection to [/rosout], count 0
[rospy.internal][INFO] 2016-06-09 15:23:28,713: topic[/clock] adding connection to [http://cmeintel-desktop:42300/], count 0
[rospy.core][INFO] 2016-06-09 15:29:38,458: signal_shutdown [signal-2]
[rospy.internal][INFO] 2016-06-09 15:29:38,462: topic[/rosout] removing connection to /rosout
[rospy.internal][INFO] 2016-06-09 15:29:38,462: topic[/clock] removing connection to http://cmeintel-desktop:42300/
[rospy.impl.masterslave][INFO] 2016-06-09 15:29:38,462: signal-2
[rospy.core][INFO] 2016-06-09 15:29:38,566: signal_shutdown [atexit]
