[rospy.client][INFO] 2016-06-09 15:23:26,267: init_node, name[/arm_right/gazebo_services], pid[7028]
[xmlrpc][INFO] 2016-06-09 15:23:26,268: XML-RPC server binding to 0.0.0.0:0
[xmlrpc][INFO] 2016-06-09 15:23:26,268: Started XML-RPC server [http://cmeintel-desktop:43540/]
[rospy.impl.masterslave][INFO] 2016-06-09 15:23:26,268: _ready: http://cmeintel-desktop:43540/
[rospy.registration][INFO] 2016-06-09 15:23:26,269: Registering with master node http://localhost:11311
[xmlrpc][INFO] 2016-06-09 15:23:26,269: xml rpc node: starting XML-RPC server
[rospy.init][INFO] 2016-06-09 15:23:26,270: ROS Slave URI: [http://cmeintel-desktop:43540/]
[rospy.init][INFO] 2016-06-09 15:23:26,270: registered with master
[rospy.rosout][INFO] 2016-06-09 15:23:26,270: initializing /rosout core topic
[rospy.rosout][INFO] 2016-06-09 15:23:26,289: connected to core topic /rosout
[rospy.simtime][INFO] 2016-06-09 15:23:26,296: initializing /clock core topic
[rospy.simtime][INFO] 2016-06-09 15:23:26,307: connected to core topic /clock
[rosout][INFO] 2016-06-09 15:23:26,377: gazebo_services running
[rospy.internal][INFO] 2016-06-09 15:23:26,449: topic[/rosout] adding connection to [/rosout], count 0
[rospy.internal][INFO] 2016-06-09 15:23:27,724: topic[/clock] adding connection to [http://cmeintel-desktop:42300/], count 0
[rospy.core][INFO] 2016-06-09 15:29:38,249: signal_shutdown [signal-2]
[rospy.internal][INFO] 2016-06-09 15:29:38,260: topic[/rosout] removing connection to /rosout
[rospy.internal][INFO] 2016-06-09 15:29:38,261: topic[/clock] removing connection to http://cmeintel-desktop:42300/
[rospy.impl.masterslave][INFO] 2016-06-09 15:29:38,261: signal-2
[rospy.core][INFO] 2016-06-09 15:29:38,392: signal_shutdown [atexit]
