[rospy.client][INFO] 2016-06-09 15:23:25,542: init_node, name[/base/gazebo_services], pid[6623]
[xmlrpc][INFO] 2016-06-09 15:23:25,545: XML-RPC server binding to 0.0.0.0:0
[xmlrpc][INFO] 2016-06-09 15:23:25,545: Started XML-RPC server [http://cmeintel-desktop:39403/]
[rospy.impl.masterslave][INFO] 2016-06-09 15:23:25,547: _ready: http://cmeintel-desktop:39403/
[rospy.init][INFO] 2016-06-09 15:23:25,547: ROS Slave URI: [http://cmeintel-desktop:39403/]
[rospy.registration][INFO] 2016-06-09 15:23:25,549: Registering with master node http://localhost:11311
[xmlrpc][INFO] 2016-06-09 15:23:25,549: xml rpc node: starting XML-RPC server
[rospy.init][INFO] 2016-06-09 15:23:25,647: registered with master
[rospy.rosout][INFO] 2016-06-09 15:23:25,647: initializing /rosout core topic
[rospy.rosout][INFO] 2016-06-09 15:23:25,674: connected to core topic /rosout
[rospy.simtime][INFO] 2016-06-09 15:23:25,679: initializing /clock core topic
[rospy.simtime][INFO] 2016-06-09 15:23:25,742: connected to core topic /clock
[rosout][INFO] 2016-06-09 15:23:25,830: gazebo_services running
[rospy.internal][INFO] 2016-06-09 15:23:25,931: topic[/rosout] adding connection to [/rosout], count 0
[rospy.internal][INFO] 2016-06-09 15:23:27,682: topic[/clock] adding connection to [http://cmeintel-desktop:42300/], count 0
[rospy.core][INFO] 2016-06-09 15:29:39,048: signal_shutdown [signal-2]
[rospy.internal][INFO] 2016-06-09 15:29:39,051: topic[/rosout] removing connection to /rosout
[rospy.internal][INFO] 2016-06-09 15:29:39,051: topic[/clock] removing connection to http://cmeintel-desktop:42300/
[rospy.impl.masterslave][INFO] 2016-06-09 15:29:39,051: signal-2
[rospy.core][INFO] 2016-06-09 15:29:39,183: signal_shutdown [atexit]
