[rospy.client][INFO] 2016-06-09 15:23:27,918: init_node, name[/behavior], pid[7362]
[xmlrpc][INFO] 2016-06-09 15:23:27,918: XML-RPC server binding to 0.0.0.0:0
[xmlrpc][INFO] 2016-06-09 15:23:27,918: Started XML-RPC server [http://cmeintel-desktop:42434/]
[rospy.impl.masterslave][INFO] 2016-06-09 15:23:27,918: _ready: http://cmeintel-desktop:42434/
[rospy.init][INFO] 2016-06-09 15:23:27,918: ROS Slave URI: [http://cmeintel-desktop:42434/]
[rospy.registration][INFO] 2016-06-09 15:23:27,919: Registering with master node http://localhost:11311
[xmlrpc][INFO] 2016-06-09 15:23:27,919: xml rpc node: starting XML-RPC server
[rospy.init][INFO] 2016-06-09 15:23:28,019: registered with master
[rospy.rosout][INFO] 2016-06-09 15:23:28,019: initializing /rosout core topic
[rospy.rosout][INFO] 2016-06-09 15:23:28,021: connected to core topic /rosout
[rospy.simtime][INFO] 2016-06-09 15:23:28,021: initializing /clock core topic
[rospy.simtime][INFO] 2016-06-09 15:23:28,023: connected to core topic /clock
[rospy.internal][INFO] 2016-06-09 15:23:28,036: topic[/clock] adding connection to [http://cmeintel-desktop:42300/], count 0
[rospy.internal][INFO] 2016-06-09 15:23:28,315: topic[/rosout] adding connection to [/rosout], count 0
[rospy.core][INFO] 2016-06-09 15:29:37,942: signal_shutdown [signal-2]
[rospy.internal][INFO] 2016-06-09 15:29:37,954: topic[/rosout] removing connection to /rosout
[rospy.internal][INFO] 2016-06-09 15:29:37,954: topic[/clock] removing connection to http://cmeintel-desktop:42300/
[rospy.impl.masterslave][INFO] 2016-06-09 15:29:37,954: signal-2
[rospy.internal][WARNING] 2016-06-09 15:29:38,019: Unknown error initiating TCP/IP socket to cmeintel-desktop:38695 (http://cmeintel-desktop:42300/): Traceback (most recent call last):
  File "/opt/ros/indigo/lib/python2.7/dist-packages/rospy/impl/tcpros_base.py", line 558, in connect
    self.local_endpoint = self.socket.getsockname()
AttributeError: 'NoneType' object has no attribute 'getsockname'

[rospy.core][INFO] 2016-06-09 15:29:38,076: signal_shutdown [atexit]
