[rospy.client][INFO] 2016-06-09 15:23:26,604: init_node, name[/dashboard_aggregator], pid[7322]
[xmlrpc][INFO] 2016-06-09 15:23:26,604: XML-RPC server binding to 0.0.0.0:0
[rospy.init][INFO] 2016-06-09 15:23:26,604: ROS Slave URI: [http://cmeintel-desktop:36697/]
[xmlrpc][INFO] 2016-06-09 15:23:26,604: Started XML-RPC server [http://cmeintel-desktop:36697/]
[rospy.impl.masterslave][INFO] 2016-06-09 15:23:26,605: _ready: http://cmeintel-desktop:36697/
[xmlrpc][INFO] 2016-06-09 15:23:26,605: xml rpc node: starting XML-RPC server
[rospy.registration][INFO] 2016-06-09 15:23:26,607: Registering with master node http://localhost:11311
[rospy.init][INFO] 2016-06-09 15:23:26,705: registered with master
[rospy.rosout][INFO] 2016-06-09 15:23:26,705: initializing /rosout core topic
[rospy.rosout][INFO] 2016-06-09 15:23:26,710: connected to core topic /rosout
[rospy.simtime][INFO] 2016-06-09 15:23:26,716: initializing /clock core topic
[rospy.simtime][INFO] 2016-06-09 15:23:26,721: connected to core topic /clock
[rospy.internal][INFO] 2016-06-09 15:23:26,931: topic[/rosout] adding connection to [/rosout], count 0
[rospy.internal][INFO] 2016-06-09 15:23:28,720: topic[/clock] adding connection to [http://cmeintel-desktop:42300/], count 0
[rospy.internal][INFO] 2016-06-09 15:23:30,488: topic[/diagnostics_toplevel_state] adding connection to [http://cmeintel-desktop:45430/], count 0
[rospy.internal][INFO] 2016-06-09 15:23:30,490: topic[/emergency_stop_state] adding connection to [http://cmeintel-desktop:44319/], count 0
[rospy.core][INFO] 2016-06-09 15:29:37,948: signal_shutdown [signal-2]
[rospy.internal][INFO] 2016-06-09 15:29:37,956: topic[/rosout] removing connection to /rosout
[rospy.internal][INFO] 2016-06-09 15:29:37,956: topic[/diagnostics_toplevel_state] removing connection to http://cmeintel-desktop:45430/
[rospy.internal][INFO] 2016-06-09 15:29:37,956: topic[/clock] removing connection to http://cmeintel-desktop:42300/
[rospy.internal][INFO] 2016-06-09 15:29:37,956: topic[/emergency_stop_state] removing connection to http://cmeintel-desktop:44319/
[rospy.impl.masterslave][INFO] 2016-06-09 15:29:37,956: signal-2
[rospy.core][INFO] 2016-06-09 15:29:38,073: signal_shutdown [atexit]
