[rospy.client][INFO] 2016-06-09 15:23:26,456: init_node, name[/gripper_right/gazebo_services], pid[7214]
[xmlrpc][INFO] 2016-06-09 15:23:26,457: XML-RPC server binding to 0.0.0.0:0
[xmlrpc][INFO] 2016-06-09 15:23:26,457: Started XML-RPC server [http://cmeintel-desktop:34208/]
[rospy.impl.masterslave][INFO] 2016-06-09 15:23:26,457: _ready: http://cmeintel-desktop:34208/
[rospy.registration][INFO] 2016-06-09 15:23:26,457: Registering with master node http://localhost:11311
[xmlrpc][INFO] 2016-06-09 15:23:26,458: xml rpc node: starting XML-RPC server
[rospy.init][INFO] 2016-06-09 15:23:26,458: ROS Slave URI: [http://cmeintel-desktop:34208/]
[rospy.init][INFO] 2016-06-09 15:23:26,458: registered with master
[rospy.rosout][INFO] 2016-06-09 15:23:26,458: initializing /rosout core topic
[rospy.rosout][INFO] 2016-06-09 15:23:26,470: connected to core topic /rosout
[rospy.simtime][INFO] 2016-06-09 15:23:26,481: initializing /clock core topic
[rospy.simtime][INFO] 2016-06-09 15:23:26,489: connected to core topic /clock
[rosout][INFO] 2016-06-09 15:23:26,543: gazebo_services running
[rospy.internal][INFO] 2016-06-09 15:23:26,700: topic[/rosout] adding connection to [/rosout], count 0
[rospy.internal][INFO] 2016-06-09 15:23:27,908: topic[/clock] adding connection to [http://cmeintel-desktop:42300/], count 0
[rospy.core][INFO] 2016-06-09 15:29:37,956: signal_shutdown [signal-2]
[rospy.internal][INFO] 2016-06-09 15:29:37,960: topic[/rosout] removing connection to /rosout
[rospy.internal][INFO] 2016-06-09 15:29:37,960: topic[/clock] removing connection to http://cmeintel-desktop:42300/
[rospy.impl.masterslave][INFO] 2016-06-09 15:29:37,960: signal-2
[rospy.internal][WARNING] 2016-06-09 15:29:37,960: Unknown error initiating TCP/IP socket to cmeintel-desktop:38695 (http://cmeintel-desktop:42300/): Traceback (most recent call last):
  File "/opt/ros/indigo/lib/python2.7/dist-packages/rospy/impl/tcpros_base.py", line 558, in connect
    self.local_endpoint = self.socket.getsockname()
AttributeError: 'NoneType' object has no attribute 'getsockname'

[rospy.core][INFO] 2016-06-09 15:29:38,081: signal_shutdown [atexit]
