[rospy.client][INFO] 2016-06-09 15:23:26,573: init_node, name[/gripper_left/gazebo_services], pid[7189]
[xmlrpc][INFO] 2016-06-09 15:23:26,574: XML-RPC server binding to 0.0.0.0:0
[xmlrpc][INFO] 2016-06-09 15:23:26,574: Started XML-RPC server [http://cmeintel-desktop:36637/]
[rospy.impl.masterslave][INFO] 2016-06-09 15:23:26,574: _ready: http://cmeintel-desktop:36637/
[rospy.registration][INFO] 2016-06-09 15:23:26,575: Registering with master node http://localhost:11311
[xmlrpc][INFO] 2016-06-09 15:23:26,575: xml rpc node: starting XML-RPC server
[rospy.init][INFO] 2016-06-09 15:23:26,576: ROS Slave URI: [http://cmeintel-desktop:36637/]
[rospy.init][INFO] 2016-06-09 15:23:26,576: registered with master
[rospy.rosout][INFO] 2016-06-09 15:23:26,576: initializing /rosout core topic
[rospy.rosout][INFO] 2016-06-09 15:23:26,599: connected to core topic /rosout
[rospy.simtime][INFO] 2016-06-09 15:23:26,602: initializing /clock core topic
[rospy.simtime][INFO] 2016-06-09 15:23:26,611: connected to core topic /clock
[rosout][INFO] 2016-06-09 15:23:26,662: gazebo_services running
[rospy.internal][INFO] 2016-06-09 15:23:26,931: topic[/rosout] adding connection to [/rosout], count 0
[rospy.internal][INFO] 2016-06-09 15:23:27,904: topic[/clock] adding connection to [http://cmeintel-desktop:42300/], count 0
[rospy.core][INFO] 2016-06-09 15:29:38,048: signal_shutdown [signal-2]
[rospy.internal][INFO] 2016-06-09 15:29:38,052: topic[/rosout] removing connection to /rosout
[rospy.internal][INFO] 2016-06-09 15:29:38,053: topic[/clock] removing connection to http://cmeintel-desktop:42300/
[rospy.impl.masterslave][INFO] 2016-06-09 15:29:38,053: signal-2
[rospy.internal][WARNING] 2016-06-09 15:29:38,055: Unknown error initiating TCP/IP socket to cmeintel-desktop:38695 (http://cmeintel-desktop:42300/): Traceback (most recent call last):
  File "/opt/ros/indigo/lib/python2.7/dist-packages/rospy/impl/tcpros_base.py", line 558, in connect
    self.local_endpoint = self.socket.getsockname()
AttributeError: 'NoneType' object has no attribute 'getsockname'

[rospy.core][INFO] 2016-06-09 15:29:38,217: signal_shutdown [atexit]
