[rospy.client][INFO] 2016-06-09 15:23:25,803: init_node, name[/relayboard_node], pid[6756]
[xmlrpc][INFO] 2016-06-09 15:23:25,804: XML-RPC server binding to 0.0.0.0:0
[xmlrpc][INFO] 2016-06-09 15:23:25,804: Started XML-RPC server [http://cmeintel-desktop:44319/]
[rospy.impl.masterslave][INFO] 2016-06-09 15:23:25,804: _ready: http://cmeintel-desktop:44319/
[rospy.init][INFO] 2016-06-09 15:23:25,804: ROS Slave URI: [http://cmeintel-desktop:44319/]
[rospy.registration][INFO] 2016-06-09 15:23:25,806: Registering with master node http://localhost:11311
[xmlrpc][INFO] 2016-06-09 15:23:25,806: xml rpc node: starting XML-RPC server
[rospy.init][INFO] 2016-06-09 15:23:25,905: registered with master
[rospy.rosout][INFO] 2016-06-09 15:23:25,905: initializing /rosout core topic
[rospy.rosout][INFO] 2016-06-09 15:23:25,925: connected to core topic /rosout
[rospy.simtime][INFO] 2016-06-09 15:23:25,953: initializing /clock core topic
[rospy.simtime][INFO] 2016-06-09 15:23:25,982: connected to core topic /clock
[rospy.internal][INFO] 2016-06-09 15:23:26,146: topic[/rosout] adding connection to [/rosout], count 0
[rospy.internal][INFO] 2016-06-09 15:23:27,689: topic[/clock] adding connection to [http://cmeintel-desktop:42300/], count 0
[rospy.internal][INFO] 2016-06-09 15:23:30,491: topic[/emergency_stop_state] adding connection to [/dashboard_aggregator], count 0
[rospy.core][INFO] 2016-06-09 15:29:38,687: signal_shutdown [signal-2]
[rospy.internal][INFO] 2016-06-09 15:29:38,691: topic[/emergency_stop_state] removing connection to /dashboard_aggregator
[rospy.internal][INFO] 2016-06-09 15:29:38,691: topic[/rosout] removing connection to /rosout
[rospy.internal][INFO] 2016-06-09 15:29:38,691: topic[/clock] removing connection to http://cmeintel-desktop:42300/
[rospy.impl.masterslave][INFO] 2016-06-09 15:29:38,691: signal-2
[rospy.core][INFO] 2016-06-09 15:29:39,175: signal_shutdown [atexit]
