[rospy.client][INFO] 2016-06-09 15:23:27,751: init_node, name[/script_server], pid[7384]
[xmlrpc][INFO] 2016-06-09 15:23:27,751: XML-RPC server binding to 0.0.0.0:0
[xmlrpc][INFO] 2016-06-09 15:23:27,752: Started XML-RPC server [http://cmeintel-desktop:40666/]
[rospy.init][INFO] 2016-06-09 15:23:27,752: ROS Slave URI: [http://cmeintel-desktop:40666/]
[rospy.impl.masterslave][INFO] 2016-06-09 15:23:27,752: _ready: http://cmeintel-desktop:40666/
[xmlrpc][INFO] 2016-06-09 15:23:27,752: xml rpc node: starting XML-RPC server
[rospy.registration][INFO] 2016-06-09 15:23:27,753: Registering with master node http://localhost:11311
[rospy.init][INFO] 2016-06-09 15:23:27,852: registered with master
[rospy.rosout][INFO] 2016-06-09 15:23:27,852: initializing /rosout core topic
[rospy.rosout][INFO] 2016-06-09 15:23:27,857: connected to core topic /rosout
[rospy.simtime][INFO] 2016-06-09 15:23:27,860: initializing /clock core topic
[rospy.simtime][INFO] 2016-06-09 15:23:27,880: connected to core topic /clock
[rospy.internal][INFO] 2016-06-09 15:23:27,918: topic[/clock] adding connection to [http://cmeintel-desktop:42300/], count 0
[rospy.internal][INFO] 2016-06-09 15:23:28,106: topic[/rosout] adding connection to [/rosout], count 0
[rosout][INFO] 2016-06-09 15:23:28,938: script_server is running
[rospy.core][INFO] 2016-06-09 15:29:37,942: signal_shutdown [signal-2]
[rospy.internal][INFO] 2016-06-09 15:29:37,946: topic[/rosout] removing connection to /rosout
[rospy.internal][INFO] 2016-06-09 15:29:37,946: topic[/clock] removing connection to http://cmeintel-desktop:42300/
[rospy.impl.masterslave][INFO] 2016-06-09 15:29:37,947: signal-2
[rospy.core][INFO] 2016-06-09 15:29:38,447: signal_shutdown [atexit]
