[rospy.client][INFO] 2016-06-09 15:23:26,025: init_node, name[/spawn_gazebo_model], pid[6599]
[xmlrpc][INFO] 2016-06-09 15:23:26,029: XML-RPC server binding to 0.0.0.0:0
[xmlrpc][INFO] 2016-06-09 15:23:26,029: Started XML-RPC server [http://cmeintel-desktop:32823/]
[rospy.impl.masterslave][INFO] 2016-06-09 15:23:26,029: _ready: http://cmeintel-desktop:32823/
[rospy.init][INFO] 2016-06-09 15:23:26,030: ROS Slave URI: [http://cmeintel-desktop:32823/]
[xmlrpc][INFO] 2016-06-09 15:23:26,031: xml rpc node: starting XML-RPC server
[rospy.registration][INFO] 2016-06-09 15:23:26,030: Registering with master node http://localhost:11311
[rospy.init][INFO] 2016-06-09 15:23:26,131: registered with master
[rospy.rosout][INFO] 2016-06-09 15:23:26,131: initializing /rosout core topic
[rospy.rosout][INFO] 2016-06-09 15:23:27,133: connected to core topic /rosout
[rospy.simtime][INFO] 2016-06-09 15:23:27,135: initializing /clock core topic
[rospy.simtime][INFO] 2016-06-09 15:23:27,137: connected to core topic /clock
[rosout][INFO] 2016-06-09 15:23:27,139: Loading model xml from ros parameter
[rosout][INFO] 2016-06-09 15:23:27,148: Waiting for service /gazebo/spawn_urdf_model
[rospy.internal][INFO] 2016-06-09 15:23:27,390: topic[/rosout] adding connection to [/rosout], count 0
[rosout][INFO] 2016-06-09 15:23:27,767: Calling service /gazebo/spawn_urdf_model
[rospy.internal][INFO] 2016-06-09 15:23:28,715: topic[/clock] adding connection to [http://cmeintel-desktop:42300/], count 0
[rosout][INFO] 2016-06-09 15:23:32,927: Spawn status: SpawnModel: Successfully spawned model
[rospy.core][INFO] 2016-06-09 15:23:32,927: signal_shutdown [atexit]
[rospy.internal][INFO] 2016-06-09 15:23:32,929: topic[/rosout] removing connection to /rosout
[rospy.internal][INFO] 2016-06-09 15:23:32,932: topic[/clock] removing connection to http://cmeintel-desktop:42300/
[rospy.impl.masterslave][INFO] 2016-06-09 15:23:32,932: atexit
