[rospy.client][INFO] 2016-06-09 15:23:53,175: init_node, name[/spawn_the_box3], pid[12479]
[xmlrpc][INFO] 2016-06-09 15:23:53,176: XML-RPC server binding to 0.0.0.0:0
[rospy.init][INFO] 2016-06-09 15:23:53,176: ROS Slave URI: [http://cmeintel-desktop:33526/]
[xmlrpc][INFO] 2016-06-09 15:23:53,176: Started XML-RPC server [http://cmeintel-desktop:33526/]
[rospy.impl.masterslave][INFO] 2016-06-09 15:23:53,176: _ready: http://cmeintel-desktop:33526/
[xmlrpc][INFO] 2016-06-09 15:23:53,176: xml rpc node: starting XML-RPC server
[rospy.registration][INFO] 2016-06-09 15:23:53,177: Registering with master node http://localhost:11311
[rospy.init][INFO] 2016-06-09 15:23:53,276: registered with master
[rospy.rosout][INFO] 2016-06-09 15:23:53,276: initializing /rosout core topic
[rospy.rosout][INFO] 2016-06-09 15:23:53,278: connected to core topic /rosout
[rospy.simtime][INFO] 2016-06-09 15:23:53,279: /use_sim_time is not set, will not subscribe to simulated time [/clock] topic
[rosout][INFO] 2016-06-09 15:23:53,282: Loading model xml from file
[rosout][INFO] 2016-06-09 15:23:53,283: Waiting for service /gazebo/spawn_sdf_model
[rosout][INFO] 2016-06-09 15:23:53,284: Calling service /gazebo/spawn_sdf_model
[rospy.internal][INFO] 2016-06-09 15:23:53,391: topic[/rosout] adding connection to [/rosout], count 0
[rosout][INFO] 2016-06-09 15:23:53,641: Spawn status: SpawnModel: Successfully spawned model
[rospy.core][INFO] 2016-06-09 15:23:53,642: signal_shutdown [atexit]
[rospy.internal][INFO] 2016-06-09 15:23:53,646: topic[/rosout] removing connection to /rosout
[rospy.impl.masterslave][INFO] 2016-06-09 15:23:53,646: atexit
[rospy.client][INFO] 2016-06-09 15:25:02,882: init_node, name[/spawn_the_box3], pid[12789]
[xmlrpc][INFO] 2016-06-09 15:25:02,885: XML-RPC server binding to 0.0.0.0:0
[rospy.init][INFO] 2016-06-09 15:25:02,886: ROS Slave URI: [http://cmeintel-desktop:39907/]
[xmlrpc][INFO] 2016-06-09 15:25:02,886: Started XML-RPC server [http://cmeintel-desktop:39907/]
[rospy.impl.masterslave][INFO] 2016-06-09 15:25:02,886: _ready: http://cmeintel-desktop:39907/
[rospy.registration][INFO] 2016-06-09 15:25:02,887: Registering with master node http://localhost:11311
[xmlrpc][INFO] 2016-06-09 15:25:02,888: xml rpc node: starting XML-RPC server
[rospy.init][INFO] 2016-06-09 15:25:02,986: registered with master
[rospy.rosout][INFO] 2016-06-09 15:25:02,986: initializing /rosout core topic
[rospy.rosout][INFO] 2016-06-09 15:25:02,988: connected to core topic /rosout
[rospy.simtime][INFO] 2016-06-09 15:25:02,989: /use_sim_time is not set, will not subscribe to simulated time [/clock] topic
[rosout][INFO] 2016-06-09 15:25:02,991: Loading model xml from file
[rosout][INFO] 2016-06-09 15:25:02,991: Waiting for service /gazebo/spawn_sdf_model
[rosout][INFO] 2016-06-09 15:25:02,992: Calling service /gazebo/spawn_sdf_model
[rospy.internal][INFO] 2016-06-09 15:25:03,259: topic[/rosout] adding connection to [/rosout], count 0
[rosout][INFO] 2016-06-09 15:25:03,364: Spawn status: SpawnModel: Successfully spawned model
[rospy.core][INFO] 2016-06-09 15:25:03,364: signal_shutdown [atexit]
[rospy.internal][INFO] 2016-06-09 15:25:03,366: topic[/rosout] removing connection to /rosout
[rospy.impl.masterslave][INFO] 2016-06-09 15:25:03,367: atexit
