[rospy.client][INFO] 2016-06-09 15:23:53,129: init_node, name[/spawn_the_box2], pid[12478]
[xmlrpc][INFO] 2016-06-09 15:23:53,130: XML-RPC server binding to 0.0.0.0:0
[xmlrpc][INFO] 2016-06-09 15:23:53,130: Started XML-RPC server [http://cmeintel-desktop:40174/]
[rospy.impl.masterslave][INFO] 2016-06-09 15:23:53,130: _ready: http://cmeintel-desktop:40174/
[rospy.registration][INFO] 2016-06-09 15:23:53,131: Registering with master node http://localhost:11311
[rospy.init][INFO] 2016-06-09 15:23:53,131: ROS Slave URI: [http://cmeintel-desktop:40174/]
[rospy.init][INFO] 2016-06-09 15:23:53,131: registered with master
[rospy.rosout][INFO] 2016-06-09 15:23:53,131: initializing /rosout core topic
[xmlrpc][INFO] 2016-06-09 15:23:53,134: xml rpc node: starting XML-RPC server
[rospy.rosout][INFO] 2016-06-09 15:23:53,135: connected to core topic /rosout
[rospy.simtime][INFO] 2016-06-09 15:23:53,136: /use_sim_time is not set, will not subscribe to simulated time [/clock] topic
[rosout][INFO] 2016-06-09 15:23:53,143: Loading model xml from file
[rosout][INFO] 2016-06-09 15:23:53,144: Waiting for service /gazebo/spawn_sdf_model
[rosout][INFO] 2016-06-09 15:23:53,148: Calling service /gazebo/spawn_sdf_model
[rosout][INFO] 2016-06-09 15:23:53,218: Spawn status: SpawnModel: Successfully spawned model
[rospy.core][INFO] 2016-06-09 15:23:53,289: signal_shutdown [atexit]
[rospy.impl.masterslave][INFO] 2016-06-09 15:23:53,295: atexit
[rospy.client][INFO] 2016-06-09 15:25:02,931: init_node, name[/spawn_the_box2], pid[12788]
[xmlrpc][INFO] 2016-06-09 15:25:02,931: XML-RPC server binding to 0.0.0.0:0
[xmlrpc][INFO] 2016-06-09 15:25:02,932: Started XML-RPC server [http://cmeintel-desktop:40189/]
[rospy.init][INFO] 2016-06-09 15:25:02,932: ROS Slave URI: [http://cmeintel-desktop:40189/]
[rospy.impl.masterslave][INFO] 2016-06-09 15:25:02,932: _ready: http://cmeintel-desktop:40189/
[xmlrpc][INFO] 2016-06-09 15:25:02,932: xml rpc node: starting XML-RPC server
[rospy.registration][INFO] 2016-06-09 15:25:02,933: Registering with master node http://localhost:11311
[rospy.init][INFO] 2016-06-09 15:25:03,032: registered with master
[rospy.rosout][INFO] 2016-06-09 15:25:03,032: initializing /rosout core topic
[rospy.rosout][INFO] 2016-06-09 15:25:03,036: connected to core topic /rosout
[rospy.simtime][INFO] 2016-06-09 15:25:03,037: /use_sim_time is not set, will not subscribe to simulated time [/clock] topic
[rosout][INFO] 2016-06-09 15:25:03,046: Loading model xml from file
[rosout][INFO] 2016-06-09 15:25:03,046: Waiting for service /gazebo/spawn_sdf_model
[rosout][INFO] 2016-06-09 15:25:03,048: Calling service /gazebo/spawn_sdf_model
[rospy.internal][INFO] 2016-06-09 15:25:03,262: topic[/rosout] adding connection to [/rosout], count 0
[rosout][INFO] 2016-06-09 15:25:03,575: Spawn status: SpawnModel: Successfully spawned model
[rospy.core][INFO] 2016-06-09 15:25:03,576: signal_shutdown [atexit]
[rospy.internal][INFO] 2016-06-09 15:25:03,578: topic[/rosout] removing connection to /rosout
[rospy.impl.masterslave][INFO] 2016-06-09 15:25:03,578: atexit
