[rospy.client][INFO] 2016-06-09 15:23:53,180: init_node, name[/spawn_the_box4], pid[12480]
[xmlrpc][INFO] 2016-06-09 15:23:53,180: XML-RPC server binding to 0.0.0.0:0
[xmlrpc][INFO] 2016-06-09 15:23:53,180: Started XML-RPC server [http://cmeintel-desktop:46163/]
[rospy.impl.masterslave][INFO] 2016-06-09 15:23:53,180: _ready: http://cmeintel-desktop:46163/
[rospy.init][INFO] 2016-06-09 15:23:53,180: ROS Slave URI: [http://cmeintel-desktop:46163/]
[xmlrpc][INFO] 2016-06-09 15:23:53,181: xml rpc node: starting XML-RPC server
[rospy.registration][INFO] 2016-06-09 15:23:53,181: Registering with master node http://localhost:11311
[rospy.init][INFO] 2016-06-09 15:23:53,281: registered with master
[rospy.rosout][INFO] 2016-06-09 15:23:53,281: initializing /rosout core topic
[rospy.rosout][INFO] 2016-06-09 15:23:53,283: connected to core topic /rosout
[rospy.simtime][INFO] 2016-06-09 15:23:53,284: /use_sim_time is not set, will not subscribe to simulated time [/clock] topic
[rosout][INFO] 2016-06-09 15:23:53,288: Loading model xml from file
[rosout][INFO] 2016-06-09 15:23:53,288: Waiting for service /gazebo/spawn_sdf_model
[rosout][INFO] 2016-06-09 15:23:53,292: Calling service /gazebo/spawn_sdf_model
[rospy.internal][INFO] 2016-06-09 15:23:53,594: topic[/rosout] adding connection to [/rosout], count 0
[rosout][INFO] 2016-06-09 15:23:53,850: Spawn status: SpawnModel: Successfully spawned model
[rospy.core][INFO] 2016-06-09 15:23:53,850: signal_shutdown [atexit]
[rospy.internal][INFO] 2016-06-09 15:23:53,853: topic[/rosout] removing connection to /rosout
[rospy.impl.masterslave][INFO] 2016-06-09 15:23:53,853: atexit
[rospy.client][INFO] 2016-06-09 15:25:02,745: init_node, name[/spawn_the_box4], pid[12790]
[xmlrpc][INFO] 2016-06-09 15:25:02,745: XML-RPC server binding to 0.0.0.0:0
[rospy.init][INFO] 2016-06-09 15:25:02,746: ROS Slave URI: [http://cmeintel-desktop:42789/]
[xmlrpc][INFO] 2016-06-09 15:25:02,746: Started XML-RPC server [http://cmeintel-desktop:42789/]
[rospy.impl.masterslave][INFO] 2016-06-09 15:25:02,746: _ready: http://cmeintel-desktop:42789/
[xmlrpc][INFO] 2016-06-09 15:25:02,746: xml rpc node: starting XML-RPC server
[rospy.registration][INFO] 2016-06-09 15:25:02,746: Registering with master node http://localhost:11311
[rospy.init][INFO] 2016-06-09 15:25:02,846: registered with master
[rospy.rosout][INFO] 2016-06-09 15:25:02,846: initializing /rosout core topic
[rospy.rosout][INFO] 2016-06-09 15:25:02,848: connected to core topic /rosout
[rospy.simtime][INFO] 2016-06-09 15:25:02,849: /use_sim_time is not set, will not subscribe to simulated time [/clock] topic
[rosout][INFO] 2016-06-09 15:25:02,853: Loading model xml from file
[rosout][INFO] 2016-06-09 15:25:02,853: Waiting for service /gazebo/spawn_sdf_model
[rosout][INFO] 2016-06-09 15:25:02,855: Calling service /gazebo/spawn_sdf_model
[rosout][INFO] 2016-06-09 15:25:03,150: Spawn status: SpawnModel: Successfully spawned model
[rospy.core][INFO] 2016-06-09 15:25:03,151: signal_shutdown [atexit]
[rospy.impl.masterslave][INFO] 2016-06-09 15:25:03,153: atexit
