[rospy.client][INFO] 2016-06-09 15:23:53,196: init_node, name[/spawn_the_box5], pid[12481]
[xmlrpc][INFO] 2016-06-09 15:23:53,196: XML-RPC server binding to 0.0.0.0:0
[xmlrpc][INFO] 2016-06-09 15:23:53,197: Started XML-RPC server [http://cmeintel-desktop:45459/]
[rospy.init][INFO] 2016-06-09 15:23:53,197: ROS Slave URI: [http://cmeintel-desktop:45459/]
[rospy.impl.masterslave][INFO] 2016-06-09 15:23:53,197: _ready: http://cmeintel-desktop:45459/
[xmlrpc][INFO] 2016-06-09 15:23:53,197: xml rpc node: starting XML-RPC server
[rospy.registration][INFO] 2016-06-09 15:23:53,197: Registering with master node http://localhost:11311
[rospy.init][INFO] 2016-06-09 15:23:53,297: registered with master
[rospy.rosout][INFO] 2016-06-09 15:23:53,297: initializing /rosout core topic
[rospy.rosout][INFO] 2016-06-09 15:23:53,301: connected to core topic /rosout
[rospy.simtime][INFO] 2016-06-09 15:23:53,302: /use_sim_time is not set, will not subscribe to simulated time [/clock] topic
[rosout][INFO] 2016-06-09 15:23:53,306: Loading model xml from file
[rosout][INFO] 2016-06-09 15:23:53,306: Waiting for service /gazebo/spawn_sdf_model
[rosout][INFO] 2016-06-09 15:23:53,309: Calling service /gazebo/spawn_sdf_model
[rospy.internal][INFO] 2016-06-09 15:23:53,694: topic[/rosout] adding connection to [/rosout], count 0
[rosout][INFO] 2016-06-09 15:23:54,064: Spawn status: SpawnModel: Successfully spawned model
[rospy.core][INFO] 2016-06-09 15:23:54,064: signal_shutdown [atexit]
[rospy.internal][INFO] 2016-06-09 15:23:54,066: topic[/rosout] removing connection to /rosout
[rospy.impl.masterslave][INFO] 2016-06-09 15:23:54,066: atexit
[rospy.client][INFO] 2016-06-09 15:25:02,823: init_node, name[/spawn_the_box5], pid[12791]
[xmlrpc][INFO] 2016-06-09 15:25:02,824: XML-RPC server binding to 0.0.0.0:0
[xmlrpc][INFO] 2016-06-09 15:25:02,824: Started XML-RPC server [http://cmeintel-desktop:42573/]
[rospy.impl.masterslave][INFO] 2016-06-09 15:25:02,824: _ready: http://cmeintel-desktop:42573/
[rospy.registration][INFO] 2016-06-09 15:25:02,824: Registering with master node http://localhost:11311
[xmlrpc][INFO] 2016-06-09 15:25:02,825: xml rpc node: starting XML-RPC server
[rospy.init][INFO] 2016-06-09 15:25:02,825: ROS Slave URI: [http://cmeintel-desktop:42573/]
[rospy.init][INFO] 2016-06-09 15:25:02,825: registered with master
[rospy.rosout][INFO] 2016-06-09 15:25:02,825: initializing /rosout core topic
[rospy.rosout][INFO] 2016-06-09 15:25:02,827: connected to core topic /rosout
[rospy.simtime][INFO] 2016-06-09 15:25:02,829: /use_sim_time is not set, will not subscribe to simulated time [/clock] topic
[rosout][INFO] 2016-06-09 15:25:02,833: Loading model xml from file
[rosout][INFO] 2016-06-09 15:25:02,833: Waiting for service /gazebo/spawn_sdf_model
[rosout][INFO] 2016-06-09 15:25:02,834: Calling service /gazebo/spawn_sdf_model
[rosout][INFO] 2016-06-09 15:25:02,936: Spawn status: SpawnModel: Successfully spawned model
[rospy.core][INFO] 2016-06-09 15:25:02,937: signal_shutdown [atexit]
[rospy.impl.masterslave][INFO] 2016-06-09 15:25:02,938: atexit
