[rospy.client][INFO] 2016-06-09 15:23:25,888: init_node, name[/torso/gazebo_services], pid[6778]
[xmlrpc][INFO] 2016-06-09 15:23:25,889: XML-RPC server binding to 0.0.0.0:0
[xmlrpc][INFO] 2016-06-09 15:23:25,889: Started XML-RPC server [http://cmeintel-desktop:43246/]
[rospy.impl.masterslave][INFO] 2016-06-09 15:23:25,889: _ready: http://cmeintel-desktop:43246/
[rospy.init][INFO] 2016-06-09 15:23:25,892: ROS Slave URI: [http://cmeintel-desktop:43246/]
[rospy.registration][INFO] 2016-06-09 15:23:25,893: Registering with master node http://localhost:11311
[xmlrpc][INFO] 2016-06-09 15:23:25,893: xml rpc node: starting XML-RPC server
[rospy.init][INFO] 2016-06-09 15:23:25,992: registered with master
[rospy.rosout][INFO] 2016-06-09 15:23:25,993: initializing /rosout core topic
[rospy.rosout][INFO] 2016-06-09 15:23:26,011: connected to core topic /rosout
[rospy.simtime][INFO] 2016-06-09 15:23:26,018: initializing /clock core topic
[rospy.simtime][INFO] 2016-06-09 15:23:26,044: connected to core topic /clock
[rospy.internal][INFO] 2016-06-09 15:23:26,145: topic[/rosout] adding connection to [/rosout], count 0
[rosout][INFO] 2016-06-09 15:23:26,187: gazebo_services running
[rospy.internal][INFO] 2016-06-09 15:23:28,725: topic[/clock] adding connection to [http://cmeintel-desktop:42300/], count 0
[rospy.core][INFO] 2016-06-09 15:29:38,664: signal_shutdown [signal-2]
[rospy.internal][INFO] 2016-06-09 15:29:38,667: topic[/rosout] removing connection to /rosout
[rospy.internal][INFO] 2016-06-09 15:29:38,668: topic[/clock] removing connection to http://cmeintel-desktop:42300/
[rospy.impl.masterslave][INFO] 2016-06-09 15:29:38,668: signal-2
[rospy.core][INFO] 2016-06-09 15:29:38,801: signal_shutdown [atexit]
