[rospy.client][INFO] 2016-06-09 15:29:58,021: init_node, name[/elevator], pid[14013]
[xmlrpc][INFO] 2016-06-09 15:29:58,022: XML-RPC server binding to 0.0.0.0:0
[rospy.init][INFO] 2016-06-09 15:29:58,022: ROS Slave URI: [http://cmeintel-desktop:41374/]
[xmlrpc][INFO] 2016-06-09 15:29:58,022: Started XML-RPC server [http://cmeintel-desktop:41374/]
[rospy.impl.masterslave][INFO] 2016-06-09 15:29:58,022: _ready: http://cmeintel-desktop:41374/
[xmlrpc][INFO] 2016-06-09 15:29:58,022: xml rpc node: starting XML-RPC server
[rospy.registration][INFO] 2016-06-09 15:29:58,023: Registering with master node http://localhost:11311
[rospy.init][INFO] 2016-06-09 15:29:58,122: registered with master
[rospy.rosout][INFO] 2016-06-09 15:29:58,123: initializing /rosout core topic
[rospy.rosout][INFO] 2016-06-09 15:29:58,124: connected to core topic /rosout
[rospy.simtime][INFO] 2016-06-09 15:29:58,125: initializing /clock core topic
[rospy.simtime][INFO] 2016-06-09 15:29:58,127: connected to core topic /clock
[rospy.internal][INFO] 2016-06-09 15:29:58,343: topic[/rosout] adding connection to [/rosout], count 0
[rospy.internal][INFO] 2016-06-09 15:29:58,859: topic[/clock] adding connection to [http://cmeintel-desktop:35777/], count 0
[rospy.internal][INFO] 2016-06-09 15:29:59,673: topic[/elevator_button1_bumper] adding connection to [http://cmeintel-desktop:35777/], count 0
[rospy.core][INFO] 2016-06-09 15:31:16,703: signal_shutdown [signal-2]
[rospy.internal][INFO] 2016-06-09 15:31:16,707: topic[/rosout] removing connection to /rosout
[rospy.internal][INFO] 2016-06-09 15:31:16,707: topic[/clock] removing connection to http://cmeintel-desktop:35777/
[rospy.internal][INFO] 2016-06-09 15:31:16,707: topic[/elevator_button1_bumper] removing connection to http://cmeintel-desktop:35777/
[rospy.impl.masterslave][INFO] 2016-06-09 15:31:16,707: signal-2
[rospy.core][INFO] 2016-06-09 15:31:16,824: signal_shutdown [atexit]
