[rospy.client][INFO] 2016-06-09 15:29:58,053: init_node, name[/spawn_urdf_world], pid[13975]
[xmlrpc][INFO] 2016-06-09 15:29:58,054: XML-RPC server binding to 0.0.0.0:0
[xmlrpc][INFO] 2016-06-09 15:29:58,054: Started XML-RPC server [http://cmeintel-desktop:39126/]
[rospy.init][INFO] 2016-06-09 15:29:58,054: ROS Slave URI: [http://cmeintel-desktop:39126/]
[rospy.impl.masterslave][INFO] 2016-06-09 15:29:58,054: _ready: http://cmeintel-desktop:39126/
[xmlrpc][INFO] 2016-06-09 15:29:58,054: xml rpc node: starting XML-RPC server
[rospy.registration][INFO] 2016-06-09 15:29:58,055: Registering with master node http://localhost:11311
[rospy.init][INFO] 2016-06-09 15:29:58,154: registered with master
[rospy.rosout][INFO] 2016-06-09 15:29:58,154: initializing /rosout core topic
[rospy.rosout][INFO] 2016-06-09 15:29:58,156: connected to core topic /rosout
[rospy.simtime][INFO] 2016-06-09 15:29:58,157: initializing /clock core topic
[rospy.simtime][INFO] 2016-06-09 15:29:58,159: connected to core topic /clock
[rosout][INFO] 2016-06-09 15:29:58,161: Loading model xml from ros parameter
[rosout][INFO] 2016-06-09 15:29:58,167: Waiting for service /gazebo/spawn_urdf_model
[rospy.internal][INFO] 2016-06-09 15:29:58,445: topic[/rosout] adding connection to [/rosout], count 0
[rospy.internal][INFO] 2016-06-09 15:29:58,886: topic[/clock] adding connection to [http://cmeintel-desktop:35777/], count 0
[rosout][INFO] 2016-06-09 15:29:59,079: Calling service /gazebo/spawn_urdf_model
[rosout][INFO] 2016-06-09 15:29:59,620: Spawn status: SpawnModel: Successfully spawned model
[rospy.core][INFO] 2016-06-09 15:29:59,620: signal_shutdown [atexit]
[rospy.internal][INFO] 2016-06-09 15:29:59,622: topic[/rosout] removing connection to /rosout
[rospy.internal][INFO] 2016-06-09 15:29:59,622: topic[/clock] removing connection to http://cmeintel-desktop:35777/
[rospy.impl.masterslave][INFO] 2016-06-09 15:29:59,623: atexit
