[rospy.client][INFO] 2016-06-08 20:48:30,464: init_node, name[/arm_left/gazebo_services], pid[28586]
[xmlrpc][INFO] 2016-06-08 20:48:30,465: XML-RPC server binding to 0.0.0.0:0
[xmlrpc][INFO] 2016-06-08 20:48:30,465: Started XML-RPC server [http://cmeintel-desktop:41169/]
[rospy.impl.masterslave][INFO] 2016-06-08 20:48:30,465: _ready: http://cmeintel-desktop:41169/
[rospy.init][INFO] 2016-06-08 20:48:30,466: ROS Slave URI: [http://cmeintel-desktop:41169/]
[rospy.registration][INFO] 2016-06-08 20:48:30,466: Registering with master node http://localhost:11311
[xmlrpc][INFO] 2016-06-08 20:48:30,467: xml rpc node: starting XML-RPC server
[rospy.init][INFO] 2016-06-08 20:48:30,566: registered with master
[rospy.rosout][INFO] 2016-06-08 20:48:30,566: initializing /rosout core topic
[rospy.rosout][INFO] 2016-06-08 20:48:30,580: connected to core topic /rosout
[rospy.simtime][INFO] 2016-06-08 20:48:30,589: initializing /clock core topic
[rospy.simtime][INFO] 2016-06-08 20:48:30,596: connected to core topic /clock
[rosout][INFO] 2016-06-08 20:48:30,690: gazebo_services running
[rospy.internal][INFO] 2016-06-08 20:48:30,814: topic[/rosout] adding connection to [/rosout], count 0
[rospy.internal][INFO] 2016-06-08 20:48:31,550: topic[/clock] adding connection to [http://cmeintel-desktop:36211/], count 0
[rospy.core][INFO] 2016-06-08 21:28:35,912: signal_shutdown [signal-2]
[rospy.internal][INFO] 2016-06-08 21:28:35,916: topic[/rosout] removing connection to /rosout
[rospy.internal][INFO] 2016-06-08 21:28:35,916: topic[/clock] removing connection to http://cmeintel-desktop:36211/
[rospy.impl.masterslave][INFO] 2016-06-08 21:28:35,916: signal-2
[rospy.core][INFO] 2016-06-08 21:28:36,032: signal_shutdown [atexit]
