[rospy.client][INFO] 2016-06-08 20:48:30,578: init_node, name[/arm_right/gazebo_services], pid[28683]
[xmlrpc][INFO] 2016-06-08 20:48:30,578: XML-RPC server binding to 0.0.0.0:0
[rospy.init][INFO] 2016-06-08 20:48:30,579: ROS Slave URI: [http://cmeintel-desktop:38490/]
[xmlrpc][INFO] 2016-06-08 20:48:30,579: Started XML-RPC server [http://cmeintel-desktop:38490/]
[rospy.impl.masterslave][INFO] 2016-06-08 20:48:30,579: _ready: http://cmeintel-desktop:38490/
[xmlrpc][INFO] 2016-06-08 20:48:30,581: xml rpc node: starting XML-RPC server
[rospy.registration][INFO] 2016-06-08 20:48:30,581: Registering with master node http://localhost:11311
[rospy.init][INFO] 2016-06-08 20:48:30,679: registered with master
[rospy.rosout][INFO] 2016-06-08 20:48:30,679: initializing /rosout core topic
[rospy.rosout][INFO] 2016-06-08 20:48:30,697: connected to core topic /rosout
[rospy.simtime][INFO] 2016-06-08 20:48:30,707: initializing /clock core topic
[rospy.internal][INFO] 2016-06-08 20:48:30,814: topic[/rosout] adding connection to [/rosout], count 0
[rospy.simtime][INFO] 2016-06-08 20:48:30,930: connected to core topic /clock
[rosout][INFO] 2016-06-08 20:48:30,969: gazebo_services running
[rospy.internal][INFO] 2016-06-08 20:48:31,582: topic[/clock] adding connection to [http://cmeintel-desktop:36211/], count 0
[rospy.core][INFO] 2016-06-08 21:28:35,620: signal_shutdown [signal-2]
[rospy.internal][INFO] 2016-06-08 21:28:35,623: topic[/rosout] removing connection to /rosout
[rospy.internal][INFO] 2016-06-08 21:28:35,623: topic[/clock] removing connection to http://cmeintel-desktop:36211/
[rospy.impl.masterslave][INFO] 2016-06-08 21:28:35,624: signal-2
[rospy.core][INFO] 2016-06-08 21:28:36,241: signal_shutdown [atexit]
