[rospy.client][INFO] 2016-06-08 20:48:29,668: init_node, name[/base/gazebo_services], pid[28286]
[xmlrpc][INFO] 2016-06-08 20:48:29,671: XML-RPC server binding to 0.0.0.0:0
[rospy.init][INFO] 2016-06-08 20:48:29,671: ROS Slave URI: [http://cmeintel-desktop:41832/]
[xmlrpc][INFO] 2016-06-08 20:48:29,671: Started XML-RPC server [http://cmeintel-desktop:41832/]
[rospy.impl.masterslave][INFO] 2016-06-08 20:48:29,671: _ready: http://cmeintel-desktop:41832/
[xmlrpc][INFO] 2016-06-08 20:48:29,671: xml rpc node: starting XML-RPC server
[rospy.registration][INFO] 2016-06-08 20:48:29,671: Registering with master node http://localhost:11311
[rospy.init][INFO] 2016-06-08 20:48:29,771: registered with master
[rospy.rosout][INFO] 2016-06-08 20:48:29,771: initializing /rosout core topic
[rospy.rosout][INFO] 2016-06-08 20:48:29,782: connected to core topic /rosout
[rospy.simtime][INFO] 2016-06-08 20:48:29,795: initializing /clock core topic
[rospy.simtime][INFO] 2016-06-08 20:48:29,827: connected to core topic /clock
[rosout][INFO] 2016-06-08 20:48:29,912: gazebo_services running
[rospy.internal][INFO] 2016-06-08 20:48:30,045: topic[/rosout] adding connection to [/rosout], count 0
[rospy.internal][INFO] 2016-06-08 20:48:31,524: topic[/clock] adding connection to [http://cmeintel-desktop:36211/], count 0
[rospy.core][INFO] 2016-06-08 21:28:36,429: signal_shutdown [signal-2]
[rospy.internal][INFO] 2016-06-08 21:28:36,434: topic[/rosout] removing connection to /rosout
[rospy.internal][INFO] 2016-06-08 21:28:36,435: topic[/clock] removing connection to http://cmeintel-desktop:36211/
[rospy.impl.masterslave][INFO] 2016-06-08 21:28:36,435: signal-2
[rospy.core][INFO] 2016-06-08 21:28:36,598: signal_shutdown [atexit]
