[rospy.client][INFO] 2016-06-08 20:48:30,752: init_node, name[/gripper_left/gazebo_services], pid[28819]
[xmlrpc][INFO] 2016-06-08 20:48:30,752: XML-RPC server binding to 0.0.0.0:0
[xmlrpc][INFO] 2016-06-08 20:48:30,753: Started XML-RPC server [http://cmeintel-desktop:32957/]
[rospy.impl.masterslave][INFO] 2016-06-08 20:48:30,753: _ready: http://cmeintel-desktop:32957/
[rospy.init][INFO] 2016-06-08 20:48:30,753: ROS Slave URI: [http://cmeintel-desktop:32957/]
[rospy.registration][INFO] 2016-06-08 20:48:30,753: Registering with master node http://localhost:11311
[xmlrpc][INFO] 2016-06-08 20:48:30,754: xml rpc node: starting XML-RPC server
[rospy.init][INFO] 2016-06-08 20:48:30,853: registered with master
[rospy.rosout][INFO] 2016-06-08 20:48:30,853: initializing /rosout core topic
[rospy.rosout][INFO] 2016-06-08 20:48:30,859: connected to core topic /rosout
[rospy.simtime][INFO] 2016-06-08 20:48:30,866: initializing /clock core topic
[rospy.simtime][INFO] 2016-06-08 20:48:30,881: connected to core topic /clock
[rosout][INFO] 2016-06-08 20:48:30,934: gazebo_services running
[rospy.internal][INFO] 2016-06-08 20:48:31,188: topic[/rosout] adding connection to [/rosout], count 0
[rospy.internal][INFO] 2016-06-08 20:48:31,588: topic[/clock] adding connection to [http://cmeintel-desktop:36211/], count 0
[rospy.core][INFO] 2016-06-08 21:28:35,512: signal_shutdown [signal-2]
[rospy.internal][INFO] 2016-06-08 21:28:35,517: topic[/rosout] removing connection to /rosout
[rospy.internal][INFO] 2016-06-08 21:28:35,517: topic[/clock] removing connection to http://cmeintel-desktop:36211/
[rospy.impl.masterslave][INFO] 2016-06-08 21:28:35,518: signal-2
[rospy.core][INFO] 2016-06-08 21:28:35,650: signal_shutdown [atexit]
