[rospy.client][INFO] 2016-06-08 20:48:30,687: init_node, name[/gripper_right/gazebo_services], pid[28871]
[xmlrpc][INFO] 2016-06-08 20:48:30,687: XML-RPC server binding to 0.0.0.0:0
[xmlrpc][INFO] 2016-06-08 20:48:30,687: Started XML-RPC server [http://cmeintel-desktop:46205/]
[rospy.impl.masterslave][INFO] 2016-06-08 20:48:30,687: _ready: http://cmeintel-desktop:46205/
[rospy.init][INFO] 2016-06-08 20:48:30,688: ROS Slave URI: [http://cmeintel-desktop:46205/]
[rospy.registration][INFO] 2016-06-08 20:48:30,688: Registering with master node http://localhost:11311
[xmlrpc][INFO] 2016-06-08 20:48:30,688: xml rpc node: starting XML-RPC server
[rospy.init][INFO] 2016-06-08 20:48:30,788: registered with master
[rospy.rosout][INFO] 2016-06-08 20:48:30,788: initializing /rosout core topic
[rospy.rosout][INFO] 2016-06-08 20:48:30,802: connected to core topic /rosout
[rospy.simtime][INFO] 2016-06-08 20:48:30,815: initializing /clock core topic
[rospy.simtime][INFO] 2016-06-08 20:48:30,848: connected to core topic /clock
[rosout][INFO] 2016-06-08 20:48:30,885: gazebo_services running
[rospy.internal][INFO] 2016-06-08 20:48:30,916: topic[/rosout] adding connection to [/rosout], count 0
[rospy.internal][INFO] 2016-06-08 20:48:31,583: topic[/clock] adding connection to [http://cmeintel-desktop:36211/], count 0
[rospy.core][INFO] 2016-06-08 21:28:35,321: signal_shutdown [signal-2]
[rospy.internal][INFO] 2016-06-08 21:28:35,330: topic[/rosout] removing connection to /rosout
[rospy.internal][INFO] 2016-06-08 21:28:35,330: topic[/clock] removing connection to http://cmeintel-desktop:36211/
[rospy.impl.masterslave][INFO] 2016-06-08 21:28:35,330: signal-2
[rospy.core][INFO] 2016-06-08 21:28:35,449: signal_shutdown [atexit]
