[rospy.client][INFO] 2016-06-08 20:48:30,023: init_node, name[/joint_state_publisher], pid[28274]
[xmlrpc][INFO] 2016-06-08 20:48:30,023: XML-RPC server binding to 0.0.0.0:0
[xmlrpc][INFO] 2016-06-08 20:48:30,023: Started XML-RPC server [http://cmeintel-desktop:35290/]
[rospy.impl.masterslave][INFO] 2016-06-08 20:48:30,023: _ready: http://cmeintel-desktop:35290/
[rospy.init][INFO] 2016-06-08 20:48:30,026: ROS Slave URI: [http://cmeintel-desktop:35290/]
[rospy.registration][INFO] 2016-06-08 20:48:30,032: Registering with master node http://localhost:11311
[xmlrpc][INFO] 2016-06-08 20:48:30,032: xml rpc node: starting XML-RPC server
[rospy.init][INFO] 2016-06-08 20:48:30,127: registered with master
[rospy.rosout][INFO] 2016-06-08 20:48:30,127: initializing /rosout core topic
[rospy.rosout][INFO] 2016-06-08 20:48:30,136: connected to core topic /rosout
[rospy.simtime][INFO] 2016-06-08 20:48:30,154: initializing /clock core topic
[rospy.simtime][INFO] 2016-06-08 20:48:30,195: connected to core topic /clock
[rospy.internal][INFO] 2016-06-08 20:48:30,489: topic[/rosout] adding connection to [/rosout], count 0
[rospy.internal][INFO] 2016-06-08 20:48:31,582: topic[/clock] adding connection to [http://cmeintel-desktop:36211/], count 0
[rospy.internal][INFO] 2016-06-08 20:48:32,019: topic[/joint_states] adding connection to [/robot_state_publisher], count 0
[rospy.internal][INFO] 2016-06-08 20:48:40,657: topic[/base/joint_states] adding connection to [http://cmeintel-desktop:36211/], count 0
[rospy.internal][INFO] 2016-06-08 20:48:40,871: topic[/torso/joint_states] adding connection to [http://cmeintel-desktop:36211/], count 0
[rospy.internal][INFO] 2016-06-08 20:48:40,871: topic[/sensorring/joint_states] adding connection to [http://cmeintel-desktop:36211/], count 0
[rospy.internal][INFO] 2016-06-08 20:48:41,135: topic[/arm_right/joint_states] adding connection to [http://cmeintel-desktop:36211/], count 0
[rospy.internal][INFO] 2016-06-08 20:48:41,701: topic[/arm_left/joint_states] adding connection to [http://cmeintel-desktop:36211/], count 0
[rospy.internal][INFO] 2016-06-08 20:48:41,764: topic[/gripper_right/joint_states] adding connection to [http://cmeintel-desktop:36211/], count 0
[rospy.internal][INFO] 2016-06-08 20:48:42,230: topic[/gripper_left/joint_states] adding connection to [http://cmeintel-desktop:36211/], count 0
[rospy.core][INFO] 2016-06-08 21:28:36,521: signal_shutdown [signal-2]
[rospy.internal][INFO] 2016-06-08 21:28:36,528: topic[/joint_states] removing connection to /robot_state_publisher
[rospy.internal][INFO] 2016-06-08 21:28:36,529: topic[/rosout] removing connection to /rosout
[rospy.internal][INFO] 2016-06-08 21:28:36,529: topic[/arm_right/joint_states] removing connection to http://cmeintel-desktop:36211/
[rospy.internal][INFO] 2016-06-08 21:28:36,529: topic[/torso/joint_states] removing connection to http://cmeintel-desktop:36211/
[rospy.internal][INFO] 2016-06-08 21:28:36,529: topic[/sensorring/joint_states] removing connection to http://cmeintel-desktop:36211/
[rospy.internal][INFO] 2016-06-08 21:28:36,530: topic[/clock] removing connection to http://cmeintel-desktop:36211/
[rospy.internal][INFO] 2016-06-08 21:28:36,530: topic[/base/joint_states] removing connection to http://cmeintel-desktop:36211/
[rospy.internal][INFO] 2016-06-08 21:28:36,530: topic[/gripper_left/joint_states] removing connection to http://cmeintel-desktop:36211/
[rospy.internal][INFO] 2016-06-08 21:28:36,530: topic[/arm_left/joint_states] removing connection to http://cmeintel-desktop:36211/
[rospy.internal][INFO] 2016-06-08 21:28:36,530: topic[/gripper_right/joint_states] removing connection to http://cmeintel-desktop:36211/
[rospy.internal][WARNING] 2016-06-08 21:28:36,531: Unknown error initiating TCP/IP socket to cmeintel-desktop:53539 (http://cmeintel-desktop:36211/): Traceback (most recent call last):
  File "/opt/ros/indigo/lib/python2.7/dist-packages/rospy/impl/tcpros_base.py", line 558, in connect
    self.local_endpoint = self.socket.getsockname()
AttributeError: 'NoneType' object has no attribute 'getsockname'

[rospy.impl.masterslave][INFO] 2016-06-08 21:28:36,533: signal-2
[rospy.internal][WARNING] 2016-06-08 21:28:36,533: Unknown error initiating TCP/IP socket to cmeintel-desktop:53539 (http://cmeintel-desktop:36211/): Traceback (most recent call last):
  File "/opt/ros/indigo/lib/python2.7/dist-packages/rospy/impl/tcpros_base.py", line 558, in connect
    self.local_endpoint = self.socket.getsockname()
AttributeError: 'NoneType' object has no attribute 'getsockname'

[rospy.internal][WARNING] 2016-06-08 21:28:36,534: Unknown error initiating TCP/IP socket to cmeintel-desktop:53539 (http://cmeintel-desktop:36211/): Traceback (most recent call last):
  File "/opt/ros/indigo/lib/python2.7/dist-packages/rospy/impl/tcpros_base.py", line 558, in connect
    self.local_endpoint = self.socket.getsockname()
AttributeError: 'NoneType' object has no attribute 'getsockname'

[rospy.internal][WARNING] 2016-06-08 21:28:36,535: Unknown error initiating TCP/IP socket to cmeintel-desktop:53539 (http://cmeintel-desktop:36211/): Traceback (most recent call last):
  File "/opt/ros/indigo/lib/python2.7/dist-packages/rospy/impl/tcpros_base.py", line 558, in connect
    self.local_endpoint = self.socket.getsockname()
AttributeError: 'NoneType' object has no attribute 'getsockname'

[rospy.core][INFO] 2016-06-08 21:28:36,635: signal_shutdown [atexit]
