[rospy.client][INFO] 2016-06-08 20:48:29,961: init_node, name[/relayboard_node], pid[28453]
[xmlrpc][INFO] 2016-06-08 20:48:29,976: XML-RPC server binding to 0.0.0.0:0
[xmlrpc][INFO] 2016-06-08 20:48:29,976: Started XML-RPC server [http://cmeintel-desktop:35986/]
[rospy.impl.masterslave][INFO] 2016-06-08 20:48:29,976: _ready: http://cmeintel-desktop:35986/
[rospy.registration][INFO] 2016-06-08 20:48:29,977: Registering with master node http://localhost:11311
[xmlrpc][INFO] 2016-06-08 20:48:29,977: xml rpc node: starting XML-RPC server
[rospy.init][INFO] 2016-06-08 20:48:29,977: ROS Slave URI: [http://cmeintel-desktop:35986/]
[rospy.init][INFO] 2016-06-08 20:48:29,977: registered with master
[rospy.rosout][INFO] 2016-06-08 20:48:29,977: initializing /rosout core topic
[rospy.rosout][INFO] 2016-06-08 20:48:29,989: connected to core topic /rosout
[rospy.simtime][INFO] 2016-06-08 20:48:30,030: initializing /clock core topic
[rospy.internal][INFO] 2016-06-08 20:48:30,355: topic[/rosout] adding connection to [/rosout], count 0
[rospy.simtime][INFO] 2016-06-08 20:48:31,036: connected to core topic /clock
[rospy.internal][INFO] 2016-06-08 20:48:31,549: topic[/clock] adding connection to [http://cmeintel-desktop:36211/], count 0
[rospy.internal][INFO] 2016-06-08 20:48:33,943: topic[/emergency_stop_state] adding connection to [/dashboard_aggregator], count 0
[rospy.core][INFO] 2016-06-08 21:28:36,228: signal_shutdown [signal-2]
[rospy.internal][INFO] 2016-06-08 21:28:36,232: topic[/emergency_stop_state] removing connection to /dashboard_aggregator
[rospy.internal][INFO] 2016-06-08 21:28:36,232: topic[/rosout] removing connection to /rosout
[rospy.internal][INFO] 2016-06-08 21:28:36,232: topic[/clock] removing connection to http://cmeintel-desktop:36211/
[rospy.impl.masterslave][INFO] 2016-06-08 21:28:36,232: signal-2
[rospy.core][INFO] 2016-06-08 21:28:36,364: signal_shutdown [atexit]
