[rospy.client][INFO] 2016-06-04 16:00:04,450: init_node, name[/elevator], pid[1307]
[xmlrpc][INFO] 2016-06-04 16:00:04,451: XML-RPC server binding to 0.0.0.0:0
[xmlrpc][INFO] 2016-06-04 16:00:04,451: Started XML-RPC server [http://cmeintel-desktop:40294/]
[rospy.init][INFO] 2016-06-04 16:00:04,451: ROS Slave URI: [http://cmeintel-desktop:40294/]
[rospy.impl.masterslave][INFO] 2016-06-04 16:00:04,451: _ready: http://cmeintel-desktop:40294/
[xmlrpc][INFO] 2016-06-04 16:00:04,451: xml rpc node: starting XML-RPC server
[rospy.registration][INFO] 2016-06-04 16:00:04,452: Registering with master node http://localhost:11311
[rospy.init][INFO] 2016-06-04 16:00:04,551: registered with master
[rospy.rosout][INFO] 2016-06-04 16:00:04,552: initializing /rosout core topic
[rospy.rosout][INFO] 2016-06-04 16:00:04,553: connected to core topic /rosout
[rospy.simtime][INFO] 2016-06-04 16:00:04,554: initializing /clock core topic
[rospy.simtime][INFO] 2016-06-04 16:00:04,558: connected to core topic /clock
[rospy.internal][INFO] 2016-06-04 16:00:04,781: topic[/rosout] adding connection to [/rosout], count 0
[rospy.internal][INFO] 2016-06-04 16:00:05,189: topic[/clock] adding connection to [http://cmeintel-desktop:35471/], count 0
[rospy.internal][INFO] 2016-06-04 16:00:05,604: topic[/elevator_button1_bumper] adding connection to [http://cmeintel-desktop:35471/], count 0
[rospy.core][INFO] 2016-06-04 16:00:44,900: signal_shutdown [signal-2]
[rospy.internal][INFO] 2016-06-04 16:00:44,920: topic[/rosout] removing connection to /rosout
[rospy.internal][INFO] 2016-06-04 16:00:44,920: topic[/clock] removing connection to http://cmeintel-desktop:35471/
[rospy.internal][INFO] 2016-06-04 16:00:44,920: topic[/elevator_button1_bumper] removing connection to http://cmeintel-desktop:35471/
[rospy.impl.masterslave][INFO] 2016-06-04 16:00:44,921: signal-2
[rospy.core][INFO] 2016-06-04 16:00:45,028: signal_shutdown [atexit]
