[rospy.client][INFO] 2016-06-04 16:00:04,453: init_node, name[/spawn_urdf_world], pid[1273]
[xmlrpc][INFO] 2016-06-04 16:00:04,453: XML-RPC server binding to 0.0.0.0:0
[rospy.init][INFO] 2016-06-04 16:00:04,453: ROS Slave URI: [http://cmeintel-desktop:37545/]
[xmlrpc][INFO] 2016-06-04 16:00:04,453: Started XML-RPC server [http://cmeintel-desktop:37545/]
[rospy.impl.masterslave][INFO] 2016-06-04 16:00:04,453: _ready: http://cmeintel-desktop:37545/
[xmlrpc][INFO] 2016-06-04 16:00:04,454: xml rpc node: starting XML-RPC server
[rospy.registration][INFO] 2016-06-04 16:00:04,454: Registering with master node http://localhost:11311
[rospy.init][INFO] 2016-06-04 16:00:04,554: registered with master
[rospy.rosout][INFO] 2016-06-04 16:00:04,554: initializing /rosout core topic
[rospy.rosout][INFO] 2016-06-04 16:00:04,555: connected to core topic /rosout
[rospy.simtime][INFO] 2016-06-04 16:00:04,557: initializing /clock core topic
[rospy.simtime][INFO] 2016-06-04 16:00:04,560: connected to core topic /clock
[rosout][INFO] 2016-06-04 16:00:04,564: Loading model xml from ros parameter
[rosout][INFO] 2016-06-04 16:00:04,572: Waiting for service /gazebo/spawn_urdf_model
[rospy.internal][INFO] 2016-06-04 16:00:04,781: topic[/rosout] adding connection to [/rosout], count 0
[rosout][INFO] 2016-06-04 16:00:05,181: Calling service /gazebo/spawn_urdf_model
[rospy.internal][INFO] 2016-06-04 16:00:05,187: topic[/clock] adding connection to [http://cmeintel-desktop:35471/], count 0
[rosout][INFO] 2016-06-04 16:00:05,583: Spawn status: SpawnModel: Successfully spawned model
[rospy.core][INFO] 2016-06-04 16:00:05,584: signal_shutdown [atexit]
[rospy.internal][INFO] 2016-06-04 16:00:05,586: topic[/rosout] removing connection to /rosout
[rospy.internal][INFO] 2016-06-04 16:00:05,586: topic[/clock] removing connection to http://cmeintel-desktop:35471/
[rospy.impl.masterslave][INFO] 2016-06-04 16:00:05,586: atexit
