[rospy.client][INFO] 2016-06-23 15:28:08,290: init_node, name[/ipa_pars/knowledge_parser_client_spawner], pid[13930]
[xmlrpc][INFO] 2016-06-23 15:28:08,290: XML-RPC server binding to 0.0.0.0:0
[xmlrpc][INFO] 2016-06-23 15:28:08,291: Started XML-RPC server [http://cmeintel-desktop:44759/]
[rospy.init][INFO] 2016-06-23 15:28:08,291: ROS Slave URI: [http://cmeintel-desktop:44759/]
[rospy.impl.masterslave][INFO] 2016-06-23 15:28:08,291: _ready: http://cmeintel-desktop:44759/
[xmlrpc][INFO] 2016-06-23 15:28:08,291: xml rpc node: starting XML-RPC server
[rospy.registration][INFO] 2016-06-23 15:28:08,292: Registering with master node http://localhost:11311
[rospy.init][INFO] 2016-06-23 15:28:08,391: registered with master
[rospy.rosout][INFO] 2016-06-23 15:28:08,391: initializing /rosout core topic
[rospy.rosout][INFO] 2016-06-23 15:28:08,394: connected to core topic /rosout
[rospy.simtime][INFO] 2016-06-23 15:28:08,395: /use_sim_time is not set, will not subscribe to simulated time [/clock] topic
[rosout][INFO] 2016-06-23 15:28:08,397: Initialize KnowledgeParserClient ...
[rosout][INFO] 2016-06-23 15:28:08,398: ... starting knowledge_parser_server
[rosout][WARNING] 2016-06-23 15:28:08,405: Waiting for KnowledgeParserServer to come available ...
[rospy.internal][INFO] 2016-06-23 15:28:08,407: topic[/ipa_pars/knowledge_parser_server/feedback] adding connection to [http://cmeintel-desktop:37499/], count 0
[rospy.internal][INFO] 2016-06-23 15:28:08,409: topic[/ipa_pars/knowledge_parser_server/result] adding connection to [http://cmeintel-desktop:37499/], count 0
[rospy.internal][INFO] 2016-06-23 15:28:08,410: topic[/ipa_pars/knowledge_parser_server/status] adding connection to [http://cmeintel-desktop:37499/], count 0
[rospy.internal][INFO] 2016-06-23 15:28:08,411: topic[/ipa_pars/knowledge_parser_server/cancel] adding connection to [/ipa_pars/knowledge_parser_server_spawner], count 0
[rospy.internal][INFO] 2016-06-23 15:28:08,411: topic[/ipa_pars/knowledge_parser_server/goal] adding connection to [/ipa_pars/knowledge_parser_server_spawner], count 0
[rosout][WARNING] 2016-06-23 15:28:08,415: Server is online!
[rosout][INFO] 2016-06-23 15:28:08,415: KnowledgeParserClient initialize finished
[rospy.internal][INFO] 2016-06-23 15:28:08,691: topic[/rosout] adding connection to [/rosout], count 0
[rosout][INFO] 2016-06-23 15:28:08,943: Sending goal to KnowledgeParserServer ...
[rosout][INFO] 2016-06-23 15:28:08,943: Waiting for result ...
[rosout][INFO] 2016-06-23 15:28:09,709: Received the result from KnowledgeParserServer!
[rosout][INFO] 2016-06-23 15:28:09,709: problem_pddl: []
domain_pddl: []
[rospy.core][INFO] 2016-06-23 15:28:09,710: signal_shutdown [atexit]
[rospy.internal][INFO] 2016-06-23 15:28:09,716: topic[/rosout] removing connection to /rosout
[rospy.internal][INFO] 2016-06-23 15:28:09,717: topic[/ipa_pars/knowledge_parser_server/cancel] removing connection to /ipa_pars/knowledge_parser_server_spawner
[rospy.internal][INFO] 2016-06-23 15:28:09,717: topic[/ipa_pars/knowledge_parser_server/goal] removing connection to /ipa_pars/knowledge_parser_server_spawner
[rospy.internal][INFO] 2016-06-23 15:28:09,718: topic[/ipa_pars/knowledge_parser_server/result] removing connection to http://cmeintel-desktop:37499/
[rospy.internal][INFO] 2016-06-23 15:28:09,718: topic[/ipa_pars/knowledge_parser_server/status] removing connection to http://cmeintel-desktop:37499/
[rospy.internal][INFO] 2016-06-23 15:28:09,719: topic[/ipa_pars/knowledge_parser_server/feedback] removing connection to http://cmeintel-desktop:37499/
[rospy.internal][WARNING] 2016-06-23 15:28:09,720: Unknown error initiating TCP/IP socket to cmeintel-desktop:37772 (http://cmeintel-desktop:37499/): Traceback (most recent call last):
  File "/opt/ros/indigo/lib/python2.7/dist-packages/rospy/impl/tcpros_base.py", line 557, in connect
    self.read_header()
  File "/opt/ros/indigo/lib/python2.7/dist-packages/rospy/impl/tcpros_base.py", line 619, in read_header
    self._validate_header(read_ros_handshake_header(sock, self.read_buff, self.protocol.buff_size))
AttributeError: 'NoneType' object has no attribute 'buff_size'

[rospy.internal][WARNING] 2016-06-23 15:28:09,720: Unknown error initiating TCP/IP socket to cmeintel-desktop:37772 (http://cmeintel-desktop:37499/): Traceback (most recent call last):
  File "/opt/ros/indigo/lib/python2.7/dist-packages/rospy/impl/tcpros_base.py", line 557, in connect
    self.read_header()
  File "/opt/ros/indigo/lib/python2.7/dist-packages/rospy/impl/tcpros_base.py", line 619, in read_header
    self._validate_header(read_ros_handshake_header(sock, self.read_buff, self.protocol.buff_size))
AttributeError: 'NoneType' object has no attribute 'buff_size'

[rospy.topics][ERROR] 2016-06-23 15:28:09,720: Traceback (most recent call last):
  File "/opt/ros/indigo/lib/python2.7/dist-packages/rospy/topics.py", line 307, in close
    c.close()
  File "/opt/ros/indigo/lib/python2.7/dist-packages/rospy/impl/tcpros_base.py", line 807, in close
    self.socket.close()
AttributeError: 'NoneType' object has no attribute 'close'

[rospy.impl.masterslave][INFO] 2016-06-23 15:28:09,720: atexit
